/home/yij/miniconda3/envs/DeMo/lib/python3.8/site-packages/timm/models/helpers.py:7: FutureWarning: Importing from timm.models.helpers is deprecated, please import via timm.models
  warnings.warn(f"Importing from {__name__} is deprecated, please import via timm.models", FutureWarning)
/home/yij/miniconda3/envs/DeMo/lib/python3.8/site-packages/timm/models/registry.py:4: FutureWarning: Importing from timm.models.registry is deprecated, please import via timm.models
  warnings.warn(f"Importing from {__name__} is deprecated, please import via timm.models", FutureWarning)
/home/yij/miniconda3/envs/DeMo/lib/python3.8/site-packages/timm/models/layers/__init__.py:48: FutureWarning: Importing from timm.models.layers is deprecated, please import via timm.layers
  warnings.warn(f"Importing from {__name__} is deprecated, please import via timm.layers", FutureWarning)
/raid/yij/icme/demo2new/DeMo2/modeling/clip/clip.py:23: UserWarning: PyTorch version 1.7.1 or higher is recommended
  warnings.warn("PyTorch version 1.7.1 or higher is recommended")
Traceback (most recent call last):
  File "train_net.py", line 47, in <module>
    cfg.merge_from_file(args.config_file)
  File "/home/yij/miniconda3/envs/DeMo/lib/python3.8/site-packages/yacs/config.py", line 213, in merge_from_file
    self.merge_from_other_cfg(cfg)
  File "/home/yij/miniconda3/envs/DeMo/lib/python3.8/site-packages/yacs/config.py", line 217, in merge_from_other_cfg
    _merge_a_into_b(cfg_other, self, self, [])
  File "/home/yij/miniconda3/envs/DeMo/lib/python3.8/site-packages/yacs/config.py", line 478, in _merge_a_into_b
    _merge_a_into_b(v, b[k], root, key_list + [k])
  File "/home/yij/miniconda3/envs/DeMo/lib/python3.8/site-packages/yacs/config.py", line 491, in _merge_a_into_b
    raise KeyError("Non-existent config key: {}".format(full_key))
KeyError: 'Non-existent config key: MODEL.ARCH'
