2025-12-07 11:50:43,634 DeMo INFO: Saving model in the path :..
2025-12-07 11:50:43,634 DeMo INFO: Namespace(config_file='configs/RGBNT201/DeMo_MultiModalSACR_SDTPS_DGAF.yml', exp_name='ablation_baseline', fea_cft=0, local_rank=0, opts=['MODEL.USE_MULTIMODAL_SACR', 'False', 'MODEL.USE_SDTPS', 'False', 'MODEL.USE_DGAF', 'False'])
2025-12-07 11:50:43,634 DeMo INFO: Loaded configuration file configs/RGBNT201/DeMo_MultiModalSACR_SDTPS_DGAF.yml
2025-12-07 11:50:43,634 DeMo INFO: 
MODEL:
  TRANSFORMER_TYPE: 'ViT-B-16'
  STRIDE_SIZE: [ 16, 16 ]
  SIE_CAMERA: True
  DIRECT: 1
  SIE_COE: 1.0
  ID_LOSS_WEIGHT: 0.25
  TRIPLET_LOSS_WEIGHT: 1.0
  GLOBAL_LOCAL: True
  # Disable HDM and ATM
  HDM: False
  ATM: False
  # MultiModal-SACR: Multi-modal SACR with cross-modal interaction
  # Flow: MultiModalSACR (concat->SACR->split) -> SDTPS -> DGAF
  USE_SACR: False                    # Disable single-modal SACR
  USE_MULTIMODAL_SACR: True          # Enable MultiModal-SACR (cross-modal interaction)
  MULTIMODAL_SACR_VERSION: 'v1'      # v1 or v2 (v2 has cross-modal attention)
  SACR_DILATION_RATES: [2, 3, 4]     # Atrous convolution dilation rates
  # SDTPS configuration
  USE_SDTPS: True                    # Enable SDTPS (Token selection)
  SDTPS_SPARSE_RATIO: 0.7            # Selection ratio
  SDTPS_AGGR_RATIO: 0.5              # Aggregation ratio
  SDTPS_BETA: 0.25                   # Score combination weight
  SDTPS_USE_GUMBEL: False            # Disable Gumbel (numerical instability)
  SDTPS_GUMBEL_TAU: 5.0              # Gumbel temperature
  SDTPS_LOSS_WEIGHT: 2.0             # SDTPS branch loss weight
  # LIF disabled (per researcher suggestion)
  USE_LIF: False
  # DGAF: Dual-Gated Adaptive Fusion
  USE_DGAF: True                     # Enable DGAF for adaptive fusion
  DGAF_TAU: 1.0                      # Temperature for entropy gate
  DGAF_INIT_ALPHA: 0.5               # Initial alpha (balance IEG and MIG)
  HEAD: 4

INPUT:
  SIZE_TRAIN: [ 256, 128 ]
  SIZE_TEST: [ 256, 128 ]
  PROB: 0.5 # random horizontal flip
  RE_PROB: 0.5 # random erasing
  PADDING: 10

DATALOADER:
  SAMPLER: 'softmax_triplet'
  NUM_INSTANCE: 8
  NUM_WORKERS: 14

DATASETS:
  NAMES: ('RGBNT201')
  ROOT_DIR: '..'

SOLVER:
  # Researcher suggested hyperparameters
  BASE_LR: 5e-6                      # Very small learning rate
  MAX_EPOCHS: 40                     # Training epochs
  STEPS: [20, 30]                    # Learning rate decay milestones
  GAMMA: 0.1                         # Learning rate decay factor
  WARMUP_ITERS: 0                    # No warmup (start from full LR)
  WARMUP_FACTOR: 0.01
  WARMUP_METHOD: 'linear'
  OPTIMIZER_NAME: 'Adam'
  IMS_PER_BATCH: 64
  EVAL_PERIOD: 1
  CHECKPOINT_PERIOD: 10

TEST:
  IMS_PER_BATCH: 128
  RE_RANKING: 'no'
  WEIGHT: ''
  NECK_FEAT: 'before'
  FEAT_NORM: 'yes'
  MISS: "nothing"

OUTPUT_DIR: '..'

# ============================================================================
# Architecture Summary
# ============================================================================
# Pipeline: Backbone -> MultiModalSACR -> SDTPS -> DGAF
#
# 1. Backbone (ViT-B-16):
#    - Input: (B, 3, 256, 128) RGB/NIR/TIR images
#    - Output: patch features (B, 128, 512), global features (B, 512)
#
# 2. MultiModal-SACR (Cross-modal interaction):
#    - Concatenate 3 modalities: 3x(B, 128, 512) -> (B, 384, 512)
#    - Reshape to 2D: (B, 512, 48, 8) - 3 modalities stacked vertically
#    - Apply multi-scale dilated convs + channel attention
#    - Split back to 3 modalities: (B, 384, 512) -> 3x(B, 128, 512)
#    - Cross-modal information exchange through dilated convolutions
#
# 3. SDTPS (Token Selection):
#    - Input: patch features (B, 128, 512) + global features (B, 512)
#    - Select important tokens using sparse_ratio=0.7
#    - Output: selected tokens (B, K+1, 512) per modality
#
# 4. DGAF (Dual-Gated Adaptive Fusion):
#    - Input: 3 modality features (B, 512) each
#    - Entropy gate (IEG): information-aware weighting
#    - Modality importance gate (MIG): inter-modal weighting
#    - Output: fused feature (B, 3*512)
#
# Key differences from previous configs:
# - Removed LIF (quality-aware fusion)
# - Replaced single-modal SACR with MultiModal-SACR
# - Uses researcher suggested hyperparameters:
#   - Very small LR (5e-6) with MultiStepLR scheduler
#   - No warmup (WARMUP_ITERS: 0)
#   - 40 epochs with decay at [20, 30]
# ============================================================================

2025-12-07 11:50:43,635 DeMo INFO: Running with config:
DATALOADER:
  NUM_INSTANCE: 8
  NUM_WORKERS: 14
  SAMPLER: softmax_triplet
DATASETS:
  NAMES: RGBNT201
  ROOT_DIR: ..
INPUT:
  PADDING: 10
  PIXEL_MEAN: [0.5, 0.5, 0.5]
  PIXEL_STD: [0.5, 0.5, 0.5]
  PROB: 0.5
  RE_PROB: 0.5
  SIZE_TEST: [256, 128]
  SIZE_TRAIN: [256, 128]
MODEL:
  ADAPTER: False
  ATM: False
  ATT_DROP_RATE: 0.0
  DEVICE: cuda
  DEVICE_ID: 0
  DGAF_INIT_ALPHA: 0.5
  DGAF_NUM_HEADS: 8
  DGAF_TAU: 1.0
  DGAF_VERSION: v3
  DIRECT: 1
  DIST_TRAIN: False
  DROP_OUT: 0.0
  DROP_PATH: 0.1
  FROZEN: False
  GLOBAL_LOCAL: True
  HDM: False
  HEAD: 4
  ID_LOSS_TYPE: softmax
  ID_LOSS_WEIGHT: 0.25
  IF_LABELSMOOTH: on
  IF_WITH_CENTER: no
  LIF_BETA: 0.4
  LIF_LAYER: 3
  LIF_LOSS_WEIGHT: 0.1
  METRIC_LOSS_TYPE: triplet
  MULTIMODAL_SACR_VERSION: v1
  NAME: DeMo
  NECK: bnneck
  NO_MARGIN: True
  PRETRAIN_PATH_T: /path/to/your/vitb_16_224_21k.pth
  PROMPT: False
  SACR_DILATION_RATES: [2, 3, 4]
  SDTPS_AGGR_RATIO: 0.5
  SDTPS_BETA: 0.25
  SDTPS_GUMBEL_TAU: 5.0
  SDTPS_LOSS_WEIGHT: 2.0
  SDTPS_SPARSE_RATIO: 0.7
  SDTPS_USE_GUMBEL: False
  SIE_CAMERA: True
  SIE_COE: 1.0
  SIE_VIEW: False
  STRIDE_SIZE: [16, 16]
  TRANSFORMER_TYPE: ViT-B-16
  TRIPLET_LOSS_WEIGHT: 1.0
  USE_DGAF: False
  USE_LIF: False
  USE_MULTIMODAL_SACR: False
  USE_SACR: False
  USE_SDTPS: False
OUTPUT_DIR: ..
SOLVER:
  BASE_LR: 5e-06
  BIAS_LR_FACTOR: 2
  CENTER_LOSS_WEIGHT: 0.0005
  CENTER_LR: 0.5
  CHECKPOINT_PERIOD: 10
  CLUSTER_MARGIN: 0.3
  COSINE_MARGIN: 0.5
  COSINE_SCALE: 30
  EVAL_PERIOD: 1
  GAMMA: 0.1
  IMS_PER_BATCH: 64
  LARGE_FC_LR: False
  LOG_PERIOD: 10
  MARGIN: 0.3
  MAX_EPOCHS: 40
  MOMENTUM: 0.9
  OPTIMIZER_NAME: Adam
  RANGE_ALPHA: 0
  RANGE_BETA: 1
  RANGE_K: 2
  RANGE_LOSS_WEIGHT: 1
  RANGE_MARGIN: 0.3
  SEED: 1111
  STEPS: (20, 30)
  WARMUP_FACTOR: 0.01
  WARMUP_ITERS: 0
  WARMUP_METHOD: linear
  WEIGHT_DECAY: 0.0001
  WEIGHT_DECAY_BIAS: 0.0001
TEST:
  FEAT: 0
  FEAT_NORM: yes
  IMS_PER_BATCH: 128
  MISS: nothing
  NECK_FEAT: before
  RE_RANKING: no
  WEIGHT: 
=> RGBNT201 loaded
Dataset statistics:
  ----------------------------------------
  subset   | # ids | # images | # cameras
  ----------------------------------------
  train    |   171 |     3951 |         4
  query    |    30 |      836 |         2
  gallery  |    30 |      836 |         2
  ----------------------------------------
data is ready
using Transformer_type: ViT-B-16 as a backbone
Resized position embedding: %s to %s torch.Size([197, 768]) torch.Size([129, 768])
Position embedding resize to height:16 width: 8
Successfully load ckpt!
<All keys matched successfully>
Loading pretrained model from CLIP
camera number is : 4
===========Building DeMo===========
2025-12-07 11:51:00,136 DeMo INFO: DeMo(
  (BACKBONE): build_transformer(
    (base): VisionTransformer(
      (conv1): Conv2d(3, 768, kernel_size=(16, 16), stride=(16, 16), bias=False)
      (ln_pre): LayerNorm((768,), eps=1e-05, elementwise_affine=True)
      (transformer): Transformer(
        (resblocks): Sequential(
          (0): ResidualAttentionBlock(
            (attn): MultiheadAttention(
              (out_proj): NonDynamicallyQuantizableLinear(in_features=768, out_features=768, bias=True)
            )
            (ln_1): LayerNorm((768,), eps=1e-05, elementwise_affine=True)
            (mlp): Sequential(
              (c_fc): Linear(in_features=768, out_features=3072, bias=True)
              (gelu): QuickGELU()
              (c_proj): Linear(in_features=3072, out_features=768, bias=True)
            )
            (ln_2): LayerNorm((768,), eps=1e-05, elementwise_affine=True)
          )
          (1): ResidualAttentionBlock(
            (attn): MultiheadAttention(
              (out_proj): NonDynamicallyQuantizableLinear(in_features=768, out_features=768, bias=True)
            )
            (ln_1): LayerNorm((768,), eps=1e-05, elementwise_affine=True)
            (mlp): Sequential(
              (c_fc): Linear(in_features=768, out_features=3072, bias=True)
              (gelu): QuickGELU()
              (c_proj): Linear(in_features=3072, out_features=768, bias=True)
            )
            (ln_2): LayerNorm((768,), eps=1e-05, elementwise_affine=True)
          )
          (2): ResidualAttentionBlock(
            (attn): MultiheadAttention(
              (out_proj): NonDynamicallyQuantizableLinear(in_features=768, out_features=768, bias=True)
            )
            (ln_1): LayerNorm((768,), eps=1e-05, elementwise_affine=True)
            (mlp): Sequential(
              (c_fc): Linear(in_features=768, out_features=3072, bias=True)
              (gelu): QuickGELU()
              (c_proj): Linear(in_features=3072, out_features=768, bias=True)
            )
            (ln_2): LayerNorm((768,), eps=1e-05, elementwise_affine=True)
          )
          (3): ResidualAttentionBlock(
            (attn): MultiheadAttention(
              (out_proj): NonDynamicallyQuantizableLinear(in_features=768, out_features=768, bias=True)
            )
            (ln_1): LayerNorm((768,), eps=1e-05, elementwise_affine=True)
            (mlp): Sequential(
              (c_fc): Linear(in_features=768, out_features=3072, bias=True)
              (gelu): QuickGELU()
              (c_proj): Linear(in_features=3072, out_features=768, bias=True)
            )
            (ln_2): LayerNorm((768,), eps=1e-05, elementwise_affine=True)
          )
          (4): ResidualAttentionBlock(
            (attn): MultiheadAttention(
              (out_proj): NonDynamicallyQuantizableLinear(in_features=768, out_features=768, bias=True)
            )
            (ln_1): LayerNorm((768,), eps=1e-05, elementwise_affine=True)
            (mlp): Sequential(
              (c_fc): Linear(in_features=768, out_features=3072, bias=True)
              (gelu): QuickGELU()
              (c_proj): Linear(in_features=3072, out_features=768, bias=True)
            )
            (ln_2): LayerNorm((768,), eps=1e-05, elementwise_affine=True)
          )
          (5): ResidualAttentionBlock(
            (attn): MultiheadAttention(
              (out_proj): NonDynamicallyQuantizableLinear(in_features=768, out_features=768, bias=True)
            )
            (ln_1): LayerNorm((768,), eps=1e-05, elementwise_affine=True)
            (mlp): Sequential(
              (c_fc): Linear(in_features=768, out_features=3072, bias=True)
              (gelu): QuickGELU()
              (c_proj): Linear(in_features=3072, out_features=768, bias=True)
            )
            (ln_2): LayerNorm((768,), eps=1e-05, elementwise_affine=True)
          )
          (6): ResidualAttentionBlock(
            (attn): MultiheadAttention(
              (out_proj): NonDynamicallyQuantizableLinear(in_features=768, out_features=768, bias=True)
            )
            (ln_1): LayerNorm((768,), eps=1e-05, elementwise_affine=True)
            (mlp): Sequential(
              (c_fc): Linear(in_features=768, out_features=3072, bias=True)
              (gelu): QuickGELU()
              (c_proj): Linear(in_features=3072, out_features=768, bias=True)
            )
            (ln_2): LayerNorm((768,), eps=1e-05, elementwise_affine=True)
          )
          (7): ResidualAttentionBlock(
            (attn): MultiheadAttention(
              (out_proj): NonDynamicallyQuantizableLinear(in_features=768, out_features=768, bias=True)
            )
            (ln_1): LayerNorm((768,), eps=1e-05, elementwise_affine=True)
            (mlp): Sequential(
              (c_fc): Linear(in_features=768, out_features=3072, bias=True)
              (gelu): QuickGELU()
              (c_proj): Linear(in_features=3072, out_features=768, bias=True)
            )
            (ln_2): LayerNorm((768,), eps=1e-05, elementwise_affine=True)
          )
          (8): ResidualAttentionBlock(
            (attn): MultiheadAttention(
              (out_proj): NonDynamicallyQuantizableLinear(in_features=768, out_features=768, bias=True)
            )
            (ln_1): LayerNorm((768,), eps=1e-05, elementwise_affine=True)
            (mlp): Sequential(
              (c_fc): Linear(in_features=768, out_features=3072, bias=True)
              (gelu): QuickGELU()
              (c_proj): Linear(in_features=3072, out_features=768, bias=True)
            )
            (ln_2): LayerNorm((768,), eps=1e-05, elementwise_affine=True)
          )
          (9): ResidualAttentionBlock(
            (attn): MultiheadAttention(
              (out_proj): NonDynamicallyQuantizableLinear(in_features=768, out_features=768, bias=True)
            )
            (ln_1): LayerNorm((768,), eps=1e-05, elementwise_affine=True)
            (mlp): Sequential(
              (c_fc): Linear(in_features=768, out_features=3072, bias=True)
              (gelu): QuickGELU()
              (c_proj): Linear(in_features=3072, out_features=768, bias=True)
            )
            (ln_2): LayerNorm((768,), eps=1e-05, elementwise_affine=True)
          )
          (10): ResidualAttentionBlock(
            (attn): MultiheadAttention(
              (out_proj): NonDynamicallyQuantizableLinear(in_features=768, out_features=768, bias=True)
            )
            (ln_1): LayerNorm((768,), eps=1e-05, elementwise_affine=True)
            (mlp): Sequential(
              (c_fc): Linear(in_features=768, out_features=3072, bias=True)
              (gelu): QuickGELU()
              (c_proj): Linear(in_features=3072, out_features=768, bias=True)
            )
            (ln_2): LayerNorm((768,), eps=1e-05, elementwise_affine=True)
          )
          (11): ResidualAttentionBlock(
            (attn): MultiheadAttention(
              (out_proj): NonDynamicallyQuantizableLinear(in_features=768, out_features=768, bias=True)
            )
            (ln_1): LayerNorm((768,), eps=1e-05, elementwise_affine=True)
            (mlp): Sequential(
              (c_fc): Linear(in_features=768, out_features=3072, bias=True)
              (gelu): QuickGELU()
              (c_proj): Linear(in_features=3072, out_features=768, bias=True)
            )
            (ln_2): LayerNorm((768,), eps=1e-05, elementwise_affine=True)
          )
        )
      )
      (ln_post): LayerNorm((768,), eps=1e-05, elementwise_affine=True)
    )
  )
  (pool): AdaptiveAvgPool1d(output_size=1)
  (rgb_reduce): Sequential(
    (0): LayerNorm((1024,), eps=1e-05, elementwise_affine=True)
    (1): Linear(in_features=1024, out_features=512, bias=True)
    (2): QuickGELU()
  )
  (nir_reduce): Sequential(
    (0): LayerNorm((1024,), eps=1e-05, elementwise_affine=True)
    (1): Linear(in_features=1024, out_features=512, bias=True)
    (2): QuickGELU()
  )
  (tir_reduce): Sequential(
    (0): LayerNorm((1024,), eps=1e-05, elementwise_affine=True)
    (1): Linear(in_features=1024, out_features=512, bias=True)
    (2): QuickGELU()
  )
  (classifier): Linear(in_features=1536, out_features=171, bias=False)
  (bottleneck): BatchNorm1d(1536, eps=1e-05, momentum=0.1, affine=True, track_running_stats=True)
)
2025-12-07 11:51:00,138 DeMo INFO: number of parameters:87.988224
/home/yij/miniconda3/envs/DeMo/lib/python3.8/site-packages/timm/models/helpers.py:7: FutureWarning: Importing from timm.models.helpers is deprecated, please import via timm.models
  warnings.warn(f"Importing from {__name__} is deprecated, please import via timm.models", FutureWarning)
/home/yij/miniconda3/envs/DeMo/lib/python3.8/site-packages/timm/models/registry.py:4: FutureWarning: Importing from timm.models.registry is deprecated, please import via timm.models
  warnings.warn(f"Importing from {__name__} is deprecated, please import via timm.models", FutureWarning)
/home/yij/miniconda3/envs/DeMo/lib/python3.8/site-packages/timm/models/layers/__init__.py:48: FutureWarning: Importing from timm.models.layers is deprecated, please import via timm.layers
  warnings.warn(f"Importing from {__name__} is deprecated, please import via timm.layers", FutureWarning)
/raid/yij/icme/demo2new/DeMo2/modeling/clip/clip.py:23: UserWarning: PyTorch version 1.7.1 or higher is recommended
  warnings.warn("PyTorch version 1.7.1 or higher is recommended")
/home/yij/miniconda3/envs/DeMo/lib/python3.8/site-packages/torchvision/transforms/transforms.py:329: UserWarning: Argument 'interpolation' of type int is deprecated since 0.13 and will be removed in 0.15. Please use InterpolationMode enum.
  warnings.warn(
The following submodules of the model were never called during the trace of the graph. They may be unused, or they were accessed by direct calls to .forward() or via other python methods. In the latter case they will have zeros for statistics, though their statistics will still contribute to their parent calling module.
BACKBONE.base.transformer.resblocks.0.attn.out_proj, BACKBONE.base.transformer.resblocks.1.attn.out_proj, BACKBONE.base.transformer.resblocks.10.attn.out_proj, BACKBONE.base.transformer.resblocks.11.attn.out_proj, BACKBONE.base.transformer.resblocks.2.attn.out_proj, BACKBONE.base.transformer.resblocks.3.attn.out_proj, BACKBONE.base.transformer.resblocks.4.attn.out_proj, BACKBONE.base.transformer.resblocks.5.attn.out_proj, BACKBONE.base.transformer.resblocks.6.attn.out_proj, BACKBONE.base.transformer.resblocks.7.attn.out_proj, BACKBONE.base.transformer.resblocks.8.attn.out_proj, BACKBONE.base.transformer.resblocks.9.attn.out_proj, bottleneck, classifier
~~~~~~~~~~~~~~~~~~~~~~~~~~~~~~~~~~~~~~~~~~~~~~~~~~~~~~~~~~~~~~~~~~~~~~~~~~~~~~~~~~~~~~~~~~~~~~~~
The out_proj here is called by the nn.MultiheadAttention, which has been calculated in th .forward(), so just ignore it.
~~~~~~~~~~~~~~~~~~~~~~~~~~~~~~~~~~~~~~~~~~~~~~~~~~~~~~~~~~~~~~~~~~~~~~~~~~~~~~~~~~~~~~~~~~~~~~~~
For the bottleneck or classifier, it is not calculated during inference, so just ignore it.
~~~~~~~~~~~~~~~~~~~~~~~~~~~~~~~~~~~~~~~~~~~~~~~~~~~~~~~~~~~~~~~~~~~~~~~~~~~~~~~~~~~~~~~~~~~~~~~~
2025-12-07 11:51:06,411 DeMo INFO: number of GFLOPs: 34.277168148
using soft triplet loss for training
label smooth on, numclasses: 171
2025-12-07 11:51:06,421 DeMo.train INFO: start training
/home/yij/miniconda3/envs/DeMo/lib/python3.8/site-packages/torch/optim/lr_scheduler.py:138: UserWarning: Detected call of `lr_scheduler.step()` before `optimizer.step()`. In PyTorch 1.1.0 and later, you should call them in the opposite order: `optimizer.step()` before `lr_scheduler.step()`.  Failure to do this will result in PyTorch skipping the first value of the learning rate schedule. See more details at https://pytorch.org/docs/stable/optim.html#how-to-adjust-learning-rate
  warnings.warn("Detected call of `lr_scheduler.step()` before `optimizer.step()`. "
/home/yij/miniconda3/envs/DeMo/lib/python3.8/site-packages/torch/optim/lr_scheduler.py:163: UserWarning: The epoch parameter in `scheduler.step()` was not necessary and is being deprecated where possible. Please use `scheduler.step()` to step the scheduler. During the deprecation, if epoch is different from None, the closed form is used instead of the new chainable form, where available. Please open an issue if you are unable to replicate your use case: https://github.com/pytorch/pytorch/issues/new/choose.
  warnings.warn(EPOCH_DEPRECATION_WARNING, UserWarning)
2025-12-07 11:51:14,105 DeMo.train INFO: Epoch[1] Iteration[10/54] Loss: 2.740, Acc: 0.003, Base Lr: 5.00e-06
2025-12-07 11:51:16,536 DeMo.train INFO: Epoch[1] Iteration[20/54] Loss: 2.467, Acc: 0.004, Base Lr: 5.00e-06
2025-12-07 11:51:18,959 DeMo.train INFO: Epoch[1] Iteration[30/54] Loss: 2.322, Acc: 0.005, Base Lr: 5.00e-06
2025-12-07 11:51:21,377 DeMo.train INFO: Epoch[1] Iteration[40/54] Loss: 2.240, Acc: 0.009, Base Lr: 5.00e-06
2025-12-07 11:51:23,787 DeMo.train INFO: Epoch[1] Iteration[50/54] Loss: 2.185, Acc: 0.012, Base Lr: 5.00e-06
2025-12-07 11:51:24,636 DeMo.train INFO: Epoch 1 done. Time per batch: 0.344[s] Speed: 186.2[samples/s]
2025-12-07 11:51:24,637 DeMo.train INFO: ~~~~~~~~~~~~~~~~~~~~~~~~~~~~~~~~~~~~~~~~~~~~~~~~~~
2025-12-07 11:51:24,637 DeMo.train INFO: Current is the [moe,ori] feature testing!
2025-12-07 11:51:24,637 DeMo.train INFO: ~~~~~~~~~~~~~~~~~~~~~~~~~~~~~~~~~~~~~~~~~~~~~~~~~~
The test feature is normalized
=> Computing DistMat with euclidean_distance
2025-12-07 11:51:37,368 DeMo.train INFO: Validation Results - Epoch: 1
2025-12-07 11:51:37,368 DeMo.train INFO: mAP: 17.4%
2025-12-07 11:51:37,368 DeMo.train INFO: CMC curve, Rank-1  :16.3%
2025-12-07 11:51:37,368 DeMo.train INFO: CMC curve, Rank-5  :30.9%
2025-12-07 11:51:37,368 DeMo.train INFO: CMC curve, Rank-10 :39.0%
2025-12-07 11:51:37,369 DeMo.train INFO: ~~~~~~~~~~~~~~~~~~~~~~~~~~~~~~~~~~~~~~~~~~~~~~~~~~
2025-12-07 11:52:08,428 DeMo.train INFO: ~~~~~~~~~~~~~~~~~~~~~~~~~~~~~~~~~~~~~~~~~~~~~~~~~~
2025-12-07 11:52:08,429 DeMo.train INFO: Best mAP: 17.4%
2025-12-07 11:52:08,431 DeMo.train INFO: Best Rank-1: 16.3%
2025-12-07 11:52:08,431 DeMo.train INFO: Best Rank-5: 30.9%
2025-12-07 11:52:08,431 DeMo.train INFO: Best Rank-10: 39.0%
2025-12-07 11:52:08,432 DeMo.train INFO: ~~~~~~~~~~~~~~~~~~~~~~~~~~~~~~~~~~~~~~~~~~~~~~~~~~
2025-12-07 11:52:17,641 DeMo.train INFO: Epoch[2] Iteration[10/54] Loss: 1.884, Acc: 0.048, Base Lr: 5.00e-06
2025-12-07 11:52:20,087 DeMo.train INFO: Epoch[2] Iteration[20/54] Loss: 1.850, Acc: 0.066, Base Lr: 5.00e-06
2025-12-07 11:52:22,482 DeMo.train INFO: Epoch[2] Iteration[30/54] Loss: 1.836, Acc: 0.072, Base Lr: 5.00e-06
2025-12-07 11:52:24,912 DeMo.train INFO: Epoch[2] Iteration[40/54] Loss: 1.811, Acc: 0.079, Base Lr: 5.00e-06
2025-12-07 11:52:27,351 DeMo.train INFO: Epoch[2] Iteration[50/54] Loss: 1.794, Acc: 0.077, Base Lr: 5.00e-06
2025-12-07 11:52:28,204 DeMo.train INFO: Epoch 2 done. Time per batch: 0.373[s] Speed: 171.6[samples/s]
2025-12-07 11:52:28,206 DeMo.train INFO: ~~~~~~~~~~~~~~~~~~~~~~~~~~~~~~~~~~~~~~~~~~~~~~~~~~
2025-12-07 11:52:28,207 DeMo.train INFO: Current is the [moe,ori] feature testing!
2025-12-07 11:52:28,209 DeMo.train INFO: ~~~~~~~~~~~~~~~~~~~~~~~~~~~~~~~~~~~~~~~~~~~~~~~~~~
The test feature is normalized
=> Computing DistMat with euclidean_distance
2025-12-07 11:52:52,541 DeMo.train INFO: Validation Results - Epoch: 2
2025-12-07 11:52:52,542 DeMo.train INFO: mAP: 43.5%
2025-12-07 11:52:52,545 DeMo.train INFO: CMC curve, Rank-1  :43.2%
2025-12-07 11:52:52,546 DeMo.train INFO: CMC curve, Rank-5  :57.4%
2025-12-07 11:52:52,548 DeMo.train INFO: CMC curve, Rank-10 :65.8%
2025-12-07 11:52:52,549 DeMo.train INFO: ~~~~~~~~~~~~~~~~~~~~~~~~~~~~~~~~~~~~~~~~~~~~~~~~~~
2025-12-07 11:53:27,105 DeMo.train INFO: ~~~~~~~~~~~~~~~~~~~~~~~~~~~~~~~~~~~~~~~~~~~~~~~~~~
2025-12-07 11:53:27,106 DeMo.train INFO: Best mAP: 43.5%
2025-12-07 11:53:27,107 DeMo.train INFO: Best Rank-1: 43.2%
2025-12-07 11:53:27,108 DeMo.train INFO: Best Rank-5: 57.4%
2025-12-07 11:53:27,108 DeMo.train INFO: Best Rank-10: 65.8%
2025-12-07 11:53:27,110 DeMo.train INFO: ~~~~~~~~~~~~~~~~~~~~~~~~~~~~~~~~~~~~~~~~~~~~~~~~~~
2025-12-07 11:53:32,302 DeMo.train INFO: Epoch[3] Iteration[10/54] Loss: 1.508, Acc: 0.172, Base Lr: 5.00e-06
2025-12-07 11:53:34,720 DeMo.train INFO: Epoch[3] Iteration[20/54] Loss: 1.525, Acc: 0.184, Base Lr: 5.00e-06
2025-12-07 11:53:37,119 DeMo.train INFO: Epoch[3] Iteration[30/54] Loss: 1.543, Acc: 0.183, Base Lr: 5.00e-06
2025-12-07 11:53:39,554 DeMo.train INFO: Epoch[3] Iteration[40/54] Loss: 1.523, Acc: 0.191, Base Lr: 5.00e-06
2025-12-07 11:53:41,981 DeMo.train INFO: Epoch[3] Iteration[50/54] Loss: 1.541, Acc: 0.191, Base Lr: 5.00e-06
2025-12-07 11:53:42,949 DeMo.train INFO: Epoch 3 done. Time per batch: 0.299[s] Speed: 214.2[samples/s]
2025-12-07 11:53:42,951 DeMo.train INFO: ~~~~~~~~~~~~~~~~~~~~~~~~~~~~~~~~~~~~~~~~~~~~~~~~~~
2025-12-07 11:53:42,951 DeMo.train INFO: Current is the [moe,ori] feature testing!
2025-12-07 11:53:42,951 DeMo.train INFO: ~~~~~~~~~~~~~~~~~~~~~~~~~~~~~~~~~~~~~~~~~~~~~~~~~~
The test feature is normalized
=> Computing DistMat with euclidean_distance
2025-12-07 11:53:54,097 DeMo.train INFO: Validation Results - Epoch: 3
2025-12-07 11:53:54,098 DeMo.train INFO: mAP: 45.5%
2025-12-07 11:53:54,098 DeMo.train INFO: CMC curve, Rank-1  :44.9%
2025-12-07 11:53:54,098 DeMo.train INFO: CMC curve, Rank-5  :58.4%
2025-12-07 11:53:54,098 DeMo.train INFO: CMC curve, Rank-10 :69.4%
2025-12-07 11:53:54,098 DeMo.train INFO: ~~~~~~~~~~~~~~~~~~~~~~~~~~~~~~~~~~~~~~~~~~~~~~~~~~
2025-12-07 11:54:47,422 DeMo.train INFO: ~~~~~~~~~~~~~~~~~~~~~~~~~~~~~~~~~~~~~~~~~~~~~~~~~~
2025-12-07 11:54:47,425 DeMo.train INFO: Best mAP: 45.5%
2025-12-07 11:54:47,430 DeMo.train INFO: Best Rank-1: 44.9%
2025-12-07 11:54:47,433 DeMo.train INFO: Best Rank-5: 58.4%
2025-12-07 11:54:47,436 DeMo.train INFO: Best Rank-10: 69.4%
2025-12-07 11:54:47,439 DeMo.train INFO: ~~~~~~~~~~~~~~~~~~~~~~~~~~~~~~~~~~~~~~~~~~~~~~~~~~
2025-12-07 11:54:59,127 DeMo.train INFO: Epoch[4] Iteration[10/54] Loss: 1.409, Acc: 0.353, Base Lr: 5.00e-06
2025-12-07 11:55:03,659 DeMo.train INFO: Epoch[4] Iteration[20/54] Loss: 1.395, Acc: 0.364, Base Lr: 5.00e-06
2025-12-07 11:55:06,129 DeMo.train INFO: Epoch[4] Iteration[30/54] Loss: 1.404, Acc: 0.384, Base Lr: 5.00e-06
2025-12-07 11:55:08,526 DeMo.train INFO: Epoch[4] Iteration[40/54] Loss: 1.405, Acc: 0.405, Base Lr: 5.00e-06
2025-12-07 11:55:10,947 DeMo.train INFO: Epoch[4] Iteration[50/54] Loss: 1.408, Acc: 0.396, Base Lr: 5.00e-06
2025-12-07 11:55:11,801 DeMo.train INFO: Epoch 4 done. Time per batch: 0.460[s] Speed: 139.2[samples/s]
2025-12-07 11:55:11,802 DeMo.train INFO: ~~~~~~~~~~~~~~~~~~~~~~~~~~~~~~~~~~~~~~~~~~~~~~~~~~
2025-12-07 11:55:11,803 DeMo.train INFO: Current is the [moe,ori] feature testing!
2025-12-07 11:55:11,803 DeMo.train INFO: ~~~~~~~~~~~~~~~~~~~~~~~~~~~~~~~~~~~~~~~~~~~~~~~~~~
The test feature is normalized
=> Computing DistMat with euclidean_distance
2025-12-07 11:55:22,590 DeMo.train INFO: Validation Results - Epoch: 4
2025-12-07 11:55:22,590 DeMo.train INFO: mAP: 60.1%
2025-12-07 11:55:22,590 DeMo.train INFO: CMC curve, Rank-1  :60.3%
2025-12-07 11:55:22,590 DeMo.train INFO: CMC curve, Rank-5  :72.6%
2025-12-07 11:55:22,590 DeMo.train INFO: CMC curve, Rank-10 :80.0%
2025-12-07 11:55:22,590 DeMo.train INFO: ~~~~~~~~~~~~~~~~~~~~~~~~~~~~~~~~~~~~~~~~~~~~~~~~~~
2025-12-07 11:55:53,908 DeMo.train INFO: ~~~~~~~~~~~~~~~~~~~~~~~~~~~~~~~~~~~~~~~~~~~~~~~~~~
2025-12-07 11:55:53,909 DeMo.train INFO: Best mAP: 60.1%
2025-12-07 11:55:53,910 DeMo.train INFO: Best Rank-1: 60.3%
2025-12-07 11:55:53,911 DeMo.train INFO: Best Rank-5: 72.6%
2025-12-07 11:55:53,912 DeMo.train INFO: Best Rank-10: 80.0%
2025-12-07 11:55:53,912 DeMo.train INFO: ~~~~~~~~~~~~~~~~~~~~~~~~~~~~~~~~~~~~~~~~~~~~~~~~~~
2025-12-07 11:56:02,111 DeMo.train INFO: Epoch[5] Iteration[10/54] Loss: 1.347, Acc: 0.528, Base Lr: 5.00e-06
2025-12-07 11:56:04,510 DeMo.train INFO: Epoch[5] Iteration[20/54] Loss: 1.350, Acc: 0.567, Base Lr: 5.00e-06
2025-12-07 11:56:06,924 DeMo.train INFO: Epoch[5] Iteration[30/54] Loss: 1.354, Acc: 0.575, Base Lr: 5.00e-06
2025-12-07 11:56:09,330 DeMo.train INFO: Epoch[5] Iteration[40/54] Loss: 1.358, Acc: 0.578, Base Lr: 5.00e-06
2025-12-07 11:56:11,718 DeMo.train INFO: Epoch[5] Iteration[50/54] Loss: 1.358, Acc: 0.582, Base Lr: 5.00e-06
2025-12-07 11:56:12,552 DeMo.train INFO: Epoch 5 done. Time per batch: 0.352[s] Speed: 182.0[samples/s]
2025-12-07 11:56:12,555 DeMo.train INFO: ~~~~~~~~~~~~~~~~~~~~~~~~~~~~~~~~~~~~~~~~~~~~~~~~~~
2025-12-07 11:56:12,556 DeMo.train INFO: Current is the [moe,ori] feature testing!
2025-12-07 11:56:12,558 DeMo.train INFO: ~~~~~~~~~~~~~~~~~~~~~~~~~~~~~~~~~~~~~~~~~~~~~~~~~~
The test feature is normalized
=> Computing DistMat with euclidean_distance
2025-12-07 11:56:27,580 DeMo.train INFO: Validation Results - Epoch: 5
2025-12-07 11:56:27,581 DeMo.train INFO: mAP: 62.6%
2025-12-07 11:56:27,583 DeMo.train INFO: CMC curve, Rank-1  :63.5%
2025-12-07 11:56:27,584 DeMo.train INFO: CMC curve, Rank-5  :78.0%
2025-12-07 11:56:27,585 DeMo.train INFO: CMC curve, Rank-10 :82.2%
2025-12-07 11:56:27,587 DeMo.train INFO: ~~~~~~~~~~~~~~~~~~~~~~~~~~~~~~~~~~~~~~~~~~~~~~~~~~
2025-12-07 11:57:14,834 DeMo.train INFO: ~~~~~~~~~~~~~~~~~~~~~~~~~~~~~~~~~~~~~~~~~~~~~~~~~~
2025-12-07 11:57:14,835 DeMo.train INFO: Best mAP: 62.6%
2025-12-07 11:57:14,837 DeMo.train INFO: Best Rank-1: 63.5%
2025-12-07 11:57:14,838 DeMo.train INFO: Best Rank-5: 78.0%
2025-12-07 11:57:14,840 DeMo.train INFO: Best Rank-10: 82.2%
2025-12-07 11:57:14,841 DeMo.train INFO: ~~~~~~~~~~~~~~~~~~~~~~~~~~~~~~~~~~~~~~~~~~~~~~~~~~
2025-12-07 11:57:22,864 DeMo.train INFO: Epoch[6] Iteration[10/54] Loss: 1.299, Acc: 0.589, Base Lr: 5.00e-06
2025-12-07 11:57:25,273 DeMo.train INFO: Epoch[6] Iteration[20/54] Loss: 1.302, Acc: 0.651, Base Lr: 5.00e-06
2025-12-07 11:57:27,675 DeMo.train INFO: Epoch[6] Iteration[30/54] Loss: 1.296, Acc: 0.677, Base Lr: 5.00e-06
2025-12-07 11:57:30,064 DeMo.train INFO: Epoch[6] Iteration[40/54] Loss: 1.299, Acc: 0.683, Base Lr: 5.00e-06
2025-12-07 11:57:32,450 DeMo.train INFO: Epoch[6] Iteration[50/54] Loss: 1.296, Acc: 0.695, Base Lr: 5.00e-06
2025-12-07 11:57:33,300 DeMo.train INFO: Epoch 6 done. Time per batch: 0.348[s] Speed: 183.8[samples/s]
2025-12-07 11:57:33,301 DeMo.train INFO: ~~~~~~~~~~~~~~~~~~~~~~~~~~~~~~~~~~~~~~~~~~~~~~~~~~
2025-12-07 11:57:33,302 DeMo.train INFO: Current is the [moe,ori] feature testing!
2025-12-07 11:57:33,302 DeMo.train INFO: ~~~~~~~~~~~~~~~~~~~~~~~~~~~~~~~~~~~~~~~~~~~~~~~~~~
The test feature is normalized
=> Computing DistMat with euclidean_distance
2025-12-07 11:57:44,671 DeMo.train INFO: Validation Results - Epoch: 6
2025-12-07 11:57:44,672 DeMo.train INFO: mAP: 63.1%
2025-12-07 11:57:44,672 DeMo.train INFO: CMC curve, Rank-1  :65.6%
2025-12-07 11:57:44,672 DeMo.train INFO: CMC curve, Rank-5  :77.4%
2025-12-07 11:57:44,672 DeMo.train INFO: CMC curve, Rank-10 :82.3%
2025-12-07 11:57:44,672 DeMo.train INFO: ~~~~~~~~~~~~~~~~~~~~~~~~~~~~~~~~~~~~~~~~~~~~~~~~~~
2025-12-07 11:58:30,563 DeMo.train INFO: ~~~~~~~~~~~~~~~~~~~~~~~~~~~~~~~~~~~~~~~~~~~~~~~~~~
2025-12-07 11:58:30,565 DeMo.train INFO: Best mAP: 63.1%
2025-12-07 11:58:30,568 DeMo.train INFO: Best Rank-1: 65.6%
2025-12-07 11:58:30,570 DeMo.train INFO: Best Rank-5: 77.4%
2025-12-07 11:58:30,574 DeMo.train INFO: Best Rank-10: 82.3%
2025-12-07 11:58:30,576 DeMo.train INFO: ~~~~~~~~~~~~~~~~~~~~~~~~~~~~~~~~~~~~~~~~~~~~~~~~~~
2025-12-07 11:58:42,017 DeMo.train INFO: Epoch[7] Iteration[10/54] Loss: 1.278, Acc: 0.747, Base Lr: 5.00e-06
2025-12-07 11:58:46,916 DeMo.train INFO: Epoch[7] Iteration[20/54] Loss: 1.266, Acc: 0.770, Base Lr: 5.00e-06
2025-12-07 11:58:52,869 DeMo.train INFO: Epoch[7] Iteration[30/54] Loss: 1.263, Acc: 0.761, Base Lr: 5.00e-06
2025-12-07 11:58:55,313 DeMo.train INFO: Epoch[7] Iteration[40/54] Loss: 1.274, Acc: 0.788, Base Lr: 5.00e-06
2025-12-07 11:58:57,703 DeMo.train INFO: Epoch[7] Iteration[50/54] Loss: 1.277, Acc: 0.797, Base Lr: 5.00e-06
2025-12-07 11:58:58,563 DeMo.train INFO: Epoch 7 done. Time per batch: 0.528[s] Speed: 121.2[samples/s]
2025-12-07 11:58:58,564 DeMo.train INFO: ~~~~~~~~~~~~~~~~~~~~~~~~~~~~~~~~~~~~~~~~~~~~~~~~~~
2025-12-07 11:58:58,565 DeMo.train INFO: Current is the [moe,ori] feature testing!
2025-12-07 11:58:58,565 DeMo.train INFO: ~~~~~~~~~~~~~~~~~~~~~~~~~~~~~~~~~~~~~~~~~~~~~~~~~~
The test feature is normalized
=> Computing DistMat with euclidean_distance
2025-12-07 11:59:10,514 DeMo.train INFO: Validation Results - Epoch: 7
2025-12-07 11:59:10,514 DeMo.train INFO: mAP: 65.0%
2025-12-07 11:59:10,514 DeMo.train INFO: CMC curve, Rank-1  :67.1%
2025-12-07 11:59:10,515 DeMo.train INFO: CMC curve, Rank-5  :78.2%
2025-12-07 11:59:10,515 DeMo.train INFO: CMC curve, Rank-10 :84.4%
2025-12-07 11:59:10,515 DeMo.train INFO: ~~~~~~~~~~~~~~~~~~~~~~~~~~~~~~~~~~~~~~~~~~~~~~~~~~
2025-12-07 11:59:28,587 DeMo.train INFO: ~~~~~~~~~~~~~~~~~~~~~~~~~~~~~~~~~~~~~~~~~~~~~~~~~~
2025-12-07 11:59:28,590 DeMo.train INFO: Best mAP: 65.0%
2025-12-07 11:59:28,590 DeMo.train INFO: Best Rank-1: 67.1%
2025-12-07 11:59:28,590 DeMo.train INFO: Best Rank-5: 78.2%
2025-12-07 11:59:28,591 DeMo.train INFO: Best Rank-10: 84.4%
2025-12-07 11:59:28,591 DeMo.train INFO: ~~~~~~~~~~~~~~~~~~~~~~~~~~~~~~~~~~~~~~~~~~~~~~~~~~
2025-12-07 11:59:35,482 DeMo.train INFO: Epoch[8] Iteration[10/54] Loss: 1.279, Acc: 0.762, Base Lr: 5.00e-06
2025-12-07 11:59:38,249 DeMo.train INFO: Epoch[8] Iteration[20/54] Loss: 1.320, Acc: 0.782, Base Lr: 5.00e-06
2025-12-07 11:59:40,674 DeMo.train INFO: Epoch[8] Iteration[30/54] Loss: 1.296, Acc: 0.778, Base Lr: 5.00e-06
2025-12-07 11:59:43,273 DeMo.train INFO: Epoch[8] Iteration[40/54] Loss: 1.286, Acc: 0.793, Base Lr: 5.00e-06
2025-12-07 11:59:45,705 DeMo.train INFO: Epoch[8] Iteration[50/54] Loss: 1.277, Acc: 0.807, Base Lr: 5.00e-06
2025-12-07 11:59:46,558 DeMo.train INFO: Epoch 8 done. Time per batch: 0.339[s] Speed: 188.8[samples/s]
2025-12-07 11:59:46,560 DeMo.train INFO: ~~~~~~~~~~~~~~~~~~~~~~~~~~~~~~~~~~~~~~~~~~~~~~~~~~
2025-12-07 11:59:46,560 DeMo.train INFO: Current is the [moe,ori] feature testing!
2025-12-07 11:59:46,560 DeMo.train INFO: ~~~~~~~~~~~~~~~~~~~~~~~~~~~~~~~~~~~~~~~~~~~~~~~~~~
The test feature is normalized
=> Computing DistMat with euclidean_distance
2025-12-07 11:59:57,637 DeMo.train INFO: Validation Results - Epoch: 8
2025-12-07 11:59:57,640 DeMo.train INFO: mAP: 66.3%
2025-12-07 11:59:57,641 DeMo.train INFO: CMC curve, Rank-1  :69.3%
2025-12-07 11:59:57,641 DeMo.train INFO: CMC curve, Rank-5  :78.7%
2025-12-07 11:59:57,642 DeMo.train INFO: CMC curve, Rank-10 :83.6%
2025-12-07 11:59:57,642 DeMo.train INFO: ~~~~~~~~~~~~~~~~~~~~~~~~~~~~~~~~~~~~~~~~~~~~~~~~~~
2025-12-07 12:00:24,117 DeMo.train INFO: ~~~~~~~~~~~~~~~~~~~~~~~~~~~~~~~~~~~~~~~~~~~~~~~~~~
2025-12-07 12:00:24,120 DeMo.train INFO: Best mAP: 66.3%
2025-12-07 12:00:24,120 DeMo.train INFO: Best Rank-1: 69.3%
2025-12-07 12:00:24,121 DeMo.train INFO: Best Rank-5: 78.7%
2025-12-07 12:00:24,121 DeMo.train INFO: Best Rank-10: 83.6%
2025-12-07 12:00:24,121 DeMo.train INFO: ~~~~~~~~~~~~~~~~~~~~~~~~~~~~~~~~~~~~~~~~~~~~~~~~~~
2025-12-07 12:00:31,209 DeMo.train INFO: Epoch[9] Iteration[10/54] Loss: 1.224, Acc: 0.831, Base Lr: 5.00e-06
2025-12-07 12:00:33,628 DeMo.train INFO: Epoch[9] Iteration[20/54] Loss: 1.230, Acc: 0.834, Base Lr: 5.00e-06
2025-12-07 12:00:36,831 DeMo.train INFO: Epoch[9] Iteration[30/54] Loss: 1.231, Acc: 0.853, Base Lr: 5.00e-06
2025-12-07 12:00:39,259 DeMo.train INFO: Epoch[9] Iteration[40/54] Loss: 1.228, Acc: 0.851, Base Lr: 5.00e-06
2025-12-07 12:00:41,693 DeMo.train INFO: Epoch[9] Iteration[50/54] Loss: 1.226, Acc: 0.852, Base Lr: 5.00e-06
2025-12-07 12:00:42,544 DeMo.train INFO: Epoch 9 done. Time per batch: 0.348[s] Speed: 184.1[samples/s]
2025-12-07 12:00:42,545 DeMo.train INFO: ~~~~~~~~~~~~~~~~~~~~~~~~~~~~~~~~~~~~~~~~~~~~~~~~~~
2025-12-07 12:00:42,545 DeMo.train INFO: Current is the [moe,ori] feature testing!
2025-12-07 12:00:42,545 DeMo.train INFO: ~~~~~~~~~~~~~~~~~~~~~~~~~~~~~~~~~~~~~~~~~~~~~~~~~~
The test feature is normalized
=> Computing DistMat with euclidean_distance
2025-12-07 12:00:53,316 DeMo.train INFO: Validation Results - Epoch: 9
2025-12-07 12:00:53,317 DeMo.train INFO: mAP: 69.6%
2025-12-07 12:00:53,317 DeMo.train INFO: CMC curve, Rank-1  :73.3%
2025-12-07 12:00:53,317 DeMo.train INFO: CMC curve, Rank-5  :80.9%
2025-12-07 12:00:53,317 DeMo.train INFO: CMC curve, Rank-10 :85.8%
2025-12-07 12:00:53,317 DeMo.train INFO: ~~~~~~~~~~~~~~~~~~~~~~~~~~~~~~~~~~~~~~~~~~~~~~~~~~
2025-12-07 12:01:24,970 DeMo.train INFO: ~~~~~~~~~~~~~~~~~~~~~~~~~~~~~~~~~~~~~~~~~~~~~~~~~~
2025-12-07 12:01:24,971 DeMo.train INFO: Best mAP: 69.6%
2025-12-07 12:01:24,973 DeMo.train INFO: Best Rank-1: 73.3%
2025-12-07 12:01:24,974 DeMo.train INFO: Best Rank-5: 80.9%
2025-12-07 12:01:24,975 DeMo.train INFO: Best Rank-10: 85.8%
2025-12-07 12:01:24,976 DeMo.train INFO: ~~~~~~~~~~~~~~~~~~~~~~~~~~~~~~~~~~~~~~~~~~~~~~~~~~
2025-12-07 12:01:36,428 DeMo.train INFO: Epoch[10] Iteration[10/54] Loss: 1.200, Acc: 0.873, Base Lr: 5.00e-06
2025-12-07 12:01:40,832 DeMo.train INFO: Epoch[10] Iteration[20/54] Loss: 1.202, Acc: 0.881, Base Lr: 5.00e-06
2025-12-07 12:01:46,489 DeMo.train INFO: Epoch[10] Iteration[30/54] Loss: 1.208, Acc: 0.879, Base Lr: 5.00e-06
2025-12-07 12:01:48,952 DeMo.train INFO: Epoch[10] Iteration[40/54] Loss: 1.219, Acc: 0.874, Base Lr: 5.00e-06
2025-12-07 12:01:51,341 DeMo.train INFO: Epoch[10] Iteration[50/54] Loss: 1.221, Acc: 0.878, Base Lr: 5.00e-06
2025-12-07 12:01:52,190 DeMo.train INFO: Epoch 10 done. Time per batch: 0.513[s] Speed: 124.6[samples/s]
2025-12-07 12:01:52,191 DeMo.train INFO: ~~~~~~~~~~~~~~~~~~~~~~~~~~~~~~~~~~~~~~~~~~~~~~~~~~
2025-12-07 12:01:52,191 DeMo.train INFO: Current is the [moe,ori] feature testing!
2025-12-07 12:01:52,191 DeMo.train INFO: ~~~~~~~~~~~~~~~~~~~~~~~~~~~~~~~~~~~~~~~~~~~~~~~~~~
The test feature is normalized
=> Computing DistMat with euclidean_distance
2025-12-07 12:02:03,407 DeMo.train INFO: Validation Results - Epoch: 10
2025-12-07 12:02:03,409 DeMo.train INFO: mAP: 64.6%
2025-12-07 12:02:03,410 DeMo.train INFO: CMC curve, Rank-1  :66.4%
2025-12-07 12:02:03,411 DeMo.train INFO: CMC curve, Rank-5  :78.5%
2025-12-07 12:02:03,411 DeMo.train INFO: CMC curve, Rank-10 :84.7%
2025-12-07 12:02:03,412 DeMo.train INFO: ~~~~~~~~~~~~~~~~~~~~~~~~~~~~~~~~~~~~~~~~~~~~~~~~~~
2025-12-07 12:02:05,067 DeMo.train INFO: ~~~~~~~~~~~~~~~~~~~~~~~~~~~~~~~~~~~~~~~~~~~~~~~~~~
2025-12-07 12:02:05,069 DeMo.train INFO: Best mAP: 69.6%
2025-12-07 12:02:05,069 DeMo.train INFO: Best Rank-1: 73.3%
2025-12-07 12:02:05,070 DeMo.train INFO: Best Rank-5: 80.9%
2025-12-07 12:02:05,071 DeMo.train INFO: Best Rank-10: 85.8%
2025-12-07 12:02:05,072 DeMo.train INFO: ~~~~~~~~~~~~~~~~~~~~~~~~~~~~~~~~~~~~~~~~~~~~~~~~~~
2025-12-07 12:02:15,112 DeMo.train INFO: Epoch[11] Iteration[10/54] Loss: 1.200, Acc: 0.833, Base Lr: 5.00e-06
2025-12-07 12:02:17,552 DeMo.train INFO: Epoch[11] Iteration[20/54] Loss: 1.197, Acc: 0.855, Base Lr: 5.00e-06
2025-12-07 12:02:19,976 DeMo.train INFO: Epoch[11] Iteration[30/54] Loss: 1.196, Acc: 0.868, Base Lr: 5.00e-06
2025-12-07 12:02:22,358 DeMo.train INFO: Epoch[11] Iteration[40/54] Loss: 1.196, Acc: 0.882, Base Lr: 5.00e-06
2025-12-07 12:02:24,741 DeMo.train INFO: Epoch[11] Iteration[50/54] Loss: 1.196, Acc: 0.889, Base Lr: 5.00e-06
2025-12-07 12:02:25,593 DeMo.train INFO: Epoch 11 done. Time per batch: 0.387[s] Speed: 165.3[samples/s]
2025-12-07 12:02:25,594 DeMo.train INFO: ~~~~~~~~~~~~~~~~~~~~~~~~~~~~~~~~~~~~~~~~~~~~~~~~~~
2025-12-07 12:02:25,594 DeMo.train INFO: Current is the [moe,ori] feature testing!
2025-12-07 12:02:25,594 DeMo.train INFO: ~~~~~~~~~~~~~~~~~~~~~~~~~~~~~~~~~~~~~~~~~~~~~~~~~~
The test feature is normalized
=> Computing DistMat with euclidean_distance
2025-12-07 12:02:36,944 DeMo.train INFO: Validation Results - Epoch: 11
2025-12-07 12:02:36,945 DeMo.train INFO: mAP: 66.8%
2025-12-07 12:02:36,945 DeMo.train INFO: CMC curve, Rank-1  :68.8%
2025-12-07 12:02:36,945 DeMo.train INFO: CMC curve, Rank-5  :79.3%
2025-12-07 12:02:36,945 DeMo.train INFO: CMC curve, Rank-10 :85.5%
2025-12-07 12:02:36,945 DeMo.train INFO: ~~~~~~~~~~~~~~~~~~~~~~~~~~~~~~~~~~~~~~~~~~~~~~~~~~
2025-12-07 12:02:38,570 DeMo.train INFO: ~~~~~~~~~~~~~~~~~~~~~~~~~~~~~~~~~~~~~~~~~~~~~~~~~~
2025-12-07 12:02:38,571 DeMo.train INFO: Best mAP: 69.6%
2025-12-07 12:02:38,571 DeMo.train INFO: Best Rank-1: 73.3%
2025-12-07 12:02:38,571 DeMo.train INFO: Best Rank-5: 80.9%
2025-12-07 12:02:38,571 DeMo.train INFO: Best Rank-10: 85.8%
2025-12-07 12:02:38,571 DeMo.train INFO: ~~~~~~~~~~~~~~~~~~~~~~~~~~~~~~~~~~~~~~~~~~~~~~~~~~
2025-12-07 12:02:44,851 DeMo.train INFO: Epoch[12] Iteration[10/54] Loss: 1.189, Acc: 0.873, Base Lr: 5.00e-06
2025-12-07 12:02:47,288 DeMo.train INFO: Epoch[12] Iteration[20/54] Loss: 1.187, Acc: 0.872, Base Lr: 5.00e-06
2025-12-07 12:02:49,702 DeMo.train INFO: Epoch[12] Iteration[30/54] Loss: 1.182, Acc: 0.896, Base Lr: 5.00e-06
2025-12-07 12:02:52,122 DeMo.train INFO: Epoch[12] Iteration[40/54] Loss: 1.183, Acc: 0.895, Base Lr: 5.00e-06
2025-12-07 12:02:57,393 DeMo.train INFO: Epoch[12] Iteration[50/54] Loss: 1.182, Acc: 0.909, Base Lr: 5.00e-06
2025-12-07 12:02:58,248 DeMo.train INFO: Epoch 12 done. Time per batch: 0.371[s] Speed: 172.4[samples/s]
2025-12-07 12:02:58,250 DeMo.train INFO: ~~~~~~~~~~~~~~~~~~~~~~~~~~~~~~~~~~~~~~~~~~~~~~~~~~
2025-12-07 12:02:58,250 DeMo.train INFO: Current is the [moe,ori] feature testing!
2025-12-07 12:02:58,251 DeMo.train INFO: ~~~~~~~~~~~~~~~~~~~~~~~~~~~~~~~~~~~~~~~~~~~~~~~~~~
The test feature is normalized
=> Computing DistMat with euclidean_distance
2025-12-07 12:03:09,685 DeMo.train INFO: Validation Results - Epoch: 12
2025-12-07 12:03:09,686 DeMo.train INFO: mAP: 67.5%
2025-12-07 12:03:09,686 DeMo.train INFO: CMC curve, Rank-1  :68.8%
2025-12-07 12:03:09,686 DeMo.train INFO: CMC curve, Rank-5  :82.2%
2025-12-07 12:03:09,686 DeMo.train INFO: CMC curve, Rank-10 :88.0%
2025-12-07 12:03:09,686 DeMo.train INFO: ~~~~~~~~~~~~~~~~~~~~~~~~~~~~~~~~~~~~~~~~~~~~~~~~~~
2025-12-07 12:03:10,569 DeMo.train INFO: ~~~~~~~~~~~~~~~~~~~~~~~~~~~~~~~~~~~~~~~~~~~~~~~~~~
2025-12-07 12:03:10,570 DeMo.train INFO: Best mAP: 69.6%
2025-12-07 12:03:10,570 DeMo.train INFO: Best Rank-1: 73.3%
2025-12-07 12:03:10,570 DeMo.train INFO: Best Rank-5: 80.9%
2025-12-07 12:03:10,570 DeMo.train INFO: Best Rank-10: 85.8%
2025-12-07 12:03:10,570 DeMo.train INFO: ~~~~~~~~~~~~~~~~~~~~~~~~~~~~~~~~~~~~~~~~~~~~~~~~~~
2025-12-07 12:03:15,302 DeMo.train INFO: Epoch[13] Iteration[10/54] Loss: 1.171, Acc: 0.903, Base Lr: 5.00e-06
2025-12-07 12:03:17,743 DeMo.train INFO: Epoch[13] Iteration[20/54] Loss: 1.170, Acc: 0.909, Base Lr: 5.00e-06
2025-12-07 12:03:20,181 DeMo.train INFO: Epoch[13] Iteration[30/54] Loss: 1.169, Acc: 0.910, Base Lr: 5.00e-06
2025-12-07 12:03:22,610 DeMo.train INFO: Epoch[13] Iteration[40/54] Loss: 1.168, Acc: 0.916, Base Lr: 5.00e-06
2025-12-07 12:03:25,016 DeMo.train INFO: Epoch[13] Iteration[50/54] Loss: 1.166, Acc: 0.920, Base Lr: 5.00e-06
2025-12-07 12:03:25,865 DeMo.train INFO: Epoch 13 done. Time per batch: 0.289[s] Speed: 221.8[samples/s]
2025-12-07 12:03:25,867 DeMo.train INFO: ~~~~~~~~~~~~~~~~~~~~~~~~~~~~~~~~~~~~~~~~~~~~~~~~~~
2025-12-07 12:03:25,867 DeMo.train INFO: Current is the [moe,ori] feature testing!
2025-12-07 12:03:25,868 DeMo.train INFO: ~~~~~~~~~~~~~~~~~~~~~~~~~~~~~~~~~~~~~~~~~~~~~~~~~~
The test feature is normalized
=> Computing DistMat with euclidean_distance
2025-12-07 12:03:43,221 DeMo.train INFO: Validation Results - Epoch: 13
2025-12-07 12:03:43,221 DeMo.train INFO: mAP: 71.9%
2025-12-07 12:03:43,221 DeMo.train INFO: CMC curve, Rank-1  :74.8%
2025-12-07 12:03:43,221 DeMo.train INFO: CMC curve, Rank-5  :84.2%
2025-12-07 12:03:43,221 DeMo.train INFO: CMC curve, Rank-10 :89.5%
2025-12-07 12:03:43,222 DeMo.train INFO: ~~~~~~~~~~~~~~~~~~~~~~~~~~~~~~~~~~~~~~~~~~~~~~~~~~
2025-12-07 12:04:24,283 DeMo.train INFO: ~~~~~~~~~~~~~~~~~~~~~~~~~~~~~~~~~~~~~~~~~~~~~~~~~~
2025-12-07 12:04:24,284 DeMo.train INFO: Best mAP: 71.9%
2025-12-07 12:04:24,285 DeMo.train INFO: Best Rank-1: 74.8%
2025-12-07 12:04:24,286 DeMo.train INFO: Best Rank-5: 84.2%
2025-12-07 12:04:24,287 DeMo.train INFO: Best Rank-10: 89.5%
2025-12-07 12:04:24,288 DeMo.train INFO: ~~~~~~~~~~~~~~~~~~~~~~~~~~~~~~~~~~~~~~~~~~~~~~~~~~
2025-12-07 12:04:35,547 DeMo.train INFO: Epoch[14] Iteration[10/54] Loss: 1.167, Acc: 0.859, Base Lr: 5.00e-06
2025-12-07 12:04:38,009 DeMo.train INFO: Epoch[14] Iteration[20/54] Loss: 1.157, Acc: 0.895, Base Lr: 5.00e-06
2025-12-07 12:04:40,402 DeMo.train INFO: Epoch[14] Iteration[30/54] Loss: 1.156, Acc: 0.916, Base Lr: 5.00e-06
2025-12-07 12:04:42,792 DeMo.train INFO: Epoch[14] Iteration[40/54] Loss: 1.152, Acc: 0.920, Base Lr: 5.00e-06
2025-12-07 12:04:45,182 DeMo.train INFO: Epoch[14] Iteration[50/54] Loss: 1.150, Acc: 0.924, Base Lr: 5.00e-06
2025-12-07 12:04:46,040 DeMo.train INFO: Epoch 14 done. Time per batch: 0.410[s] Speed: 156.0[samples/s]
2025-12-07 12:04:46,041 DeMo.train INFO: ~~~~~~~~~~~~~~~~~~~~~~~~~~~~~~~~~~~~~~~~~~~~~~~~~~
2025-12-07 12:04:46,041 DeMo.train INFO: Current is the [moe,ori] feature testing!
2025-12-07 12:04:46,041 DeMo.train INFO: ~~~~~~~~~~~~~~~~~~~~~~~~~~~~~~~~~~~~~~~~~~~~~~~~~~
The test feature is normalized
=> Computing DistMat with euclidean_distance
2025-12-07 12:04:56,993 DeMo.train INFO: Validation Results - Epoch: 14
2025-12-07 12:04:56,994 DeMo.train INFO: mAP: 70.6%
2025-12-07 12:04:56,994 DeMo.train INFO: CMC curve, Rank-1  :73.4%
2025-12-07 12:04:56,994 DeMo.train INFO: CMC curve, Rank-5  :83.4%
2025-12-07 12:04:56,994 DeMo.train INFO: CMC curve, Rank-10 :88.6%
2025-12-07 12:04:56,994 DeMo.train INFO: ~~~~~~~~~~~~~~~~~~~~~~~~~~~~~~~~~~~~~~~~~~~~~~~~~~
2025-12-07 12:04:57,781 DeMo.train INFO: ~~~~~~~~~~~~~~~~~~~~~~~~~~~~~~~~~~~~~~~~~~~~~~~~~~
2025-12-07 12:04:57,782 DeMo.train INFO: Best mAP: 71.9%
2025-12-07 12:04:57,782 DeMo.train INFO: Best Rank-1: 74.8%
2025-12-07 12:04:57,782 DeMo.train INFO: Best Rank-5: 84.2%
2025-12-07 12:04:57,782 DeMo.train INFO: Best Rank-10: 89.5%
2025-12-07 12:04:57,782 DeMo.train INFO: ~~~~~~~~~~~~~~~~~~~~~~~~~~~~~~~~~~~~~~~~~~~~~~~~~~
2025-12-07 12:05:02,337 DeMo.train INFO: Epoch[15] Iteration[10/54] Loss: 1.160, Acc: 0.867, Base Lr: 5.00e-06
2025-12-07 12:05:04,760 DeMo.train INFO: Epoch[15] Iteration[20/54] Loss: 1.148, Acc: 0.909, Base Lr: 5.00e-06
2025-12-07 12:05:07,143 DeMo.train INFO: Epoch[15] Iteration[30/54] Loss: 1.144, Acc: 0.920, Base Lr: 5.00e-06
2025-12-07 12:05:09,691 DeMo.train INFO: Epoch[15] Iteration[40/54] Loss: 1.139, Acc: 0.932, Base Lr: 5.00e-06
2025-12-07 12:05:12,081 DeMo.train INFO: Epoch[15] Iteration[50/54] Loss: 1.137, Acc: 0.936, Base Lr: 5.00e-06
2025-12-07 12:05:12,927 DeMo.train INFO: Epoch 15 done. Time per batch: 0.286[s] Speed: 224.0[samples/s]
2025-12-07 12:05:12,930 DeMo.train INFO: ~~~~~~~~~~~~~~~~~~~~~~~~~~~~~~~~~~~~~~~~~~~~~~~~~~
2025-12-07 12:05:12,931 DeMo.train INFO: Current is the [moe,ori] feature testing!
2025-12-07 12:05:12,931 DeMo.train INFO: ~~~~~~~~~~~~~~~~~~~~~~~~~~~~~~~~~~~~~~~~~~~~~~~~~~
The test feature is normalized
=> Computing DistMat with euclidean_distance
2025-12-07 12:05:28,573 DeMo.train INFO: Validation Results - Epoch: 15
2025-12-07 12:05:28,575 DeMo.train INFO: mAP: 71.3%
2025-12-07 12:05:28,575 DeMo.train INFO: CMC curve, Rank-1  :74.3%
2025-12-07 12:05:28,577 DeMo.train INFO: CMC curve, Rank-5  :83.6%
2025-12-07 12:05:28,578 DeMo.train INFO: CMC curve, Rank-10 :89.4%
2025-12-07 12:05:28,578 DeMo.train INFO: ~~~~~~~~~~~~~~~~~~~~~~~~~~~~~~~~~~~~~~~~~~~~~~~~~~
2025-12-07 12:05:28,953 DeMo.train INFO: ~~~~~~~~~~~~~~~~~~~~~~~~~~~~~~~~~~~~~~~~~~~~~~~~~~
2025-12-07 12:05:28,954 DeMo.train INFO: Best mAP: 71.9%
2025-12-07 12:05:28,955 DeMo.train INFO: Best Rank-1: 74.8%
2025-12-07 12:05:28,955 DeMo.train INFO: Best Rank-5: 84.2%
2025-12-07 12:05:28,956 DeMo.train INFO: Best Rank-10: 89.5%
2025-12-07 12:05:28,958 DeMo.train INFO: ~~~~~~~~~~~~~~~~~~~~~~~~~~~~~~~~~~~~~~~~~~~~~~~~~~
2025-12-07 12:05:38,729 DeMo.train INFO: Epoch[16] Iteration[10/54] Loss: 1.132, Acc: 0.914, Base Lr: 5.00e-06
2025-12-07 12:05:44,372 DeMo.train INFO: Epoch[16] Iteration[20/54] Loss: 1.132, Acc: 0.914, Base Lr: 5.00e-06
2025-12-07 12:05:46,856 DeMo.train INFO: Epoch[16] Iteration[30/54] Loss: 1.127, Acc: 0.928, Base Lr: 5.00e-06
2025-12-07 12:05:49,252 DeMo.train INFO: Epoch[16] Iteration[40/54] Loss: 1.126, Acc: 0.929, Base Lr: 5.00e-06
2025-12-07 12:05:51,637 DeMo.train INFO: Epoch[16] Iteration[50/54] Loss: 1.127, Acc: 0.938, Base Lr: 5.00e-06
2025-12-07 12:05:52,479 DeMo.train INFO: Epoch 16 done. Time per batch: 0.444[s] Speed: 144.2[samples/s]
2025-12-07 12:05:52,480 DeMo.train INFO: ~~~~~~~~~~~~~~~~~~~~~~~~~~~~~~~~~~~~~~~~~~~~~~~~~~
2025-12-07 12:05:52,480 DeMo.train INFO: Current is the [moe,ori] feature testing!
2025-12-07 12:05:52,481 DeMo.train INFO: ~~~~~~~~~~~~~~~~~~~~~~~~~~~~~~~~~~~~~~~~~~~~~~~~~~
The test feature is normalized
=> Computing DistMat with euclidean_distance
2025-12-07 12:06:03,262 DeMo.train INFO: Validation Results - Epoch: 16
2025-12-07 12:06:03,263 DeMo.train INFO: mAP: 72.0%
2025-12-07 12:06:03,263 DeMo.train INFO: CMC curve, Rank-1  :75.2%
2025-12-07 12:06:03,263 DeMo.train INFO: CMC curve, Rank-5  :83.0%
2025-12-07 12:06:03,263 DeMo.train INFO: CMC curve, Rank-10 :88.4%
2025-12-07 12:06:03,263 DeMo.train INFO: ~~~~~~~~~~~~~~~~~~~~~~~~~~~~~~~~~~~~~~~~~~~~~~~~~~
2025-12-07 12:06:20,191 DeMo.train INFO: ~~~~~~~~~~~~~~~~~~~~~~~~~~~~~~~~~~~~~~~~~~~~~~~~~~
2025-12-07 12:06:20,194 DeMo.train INFO: Best mAP: 72.0%
2025-12-07 12:06:20,194 DeMo.train INFO: Best Rank-1: 75.2%
2025-12-07 12:06:20,194 DeMo.train INFO: Best Rank-5: 83.0%
2025-12-07 12:06:20,194 DeMo.train INFO: Best Rank-10: 88.4%
2025-12-07 12:06:20,194 DeMo.train INFO: ~~~~~~~~~~~~~~~~~~~~~~~~~~~~~~~~~~~~~~~~~~~~~~~~~~
2025-12-07 12:06:24,751 DeMo.train INFO: Epoch[17] Iteration[10/54] Loss: 1.136, Acc: 0.878, Base Lr: 5.00e-06
2025-12-07 12:06:27,159 DeMo.train INFO: Epoch[17] Iteration[20/54] Loss: 1.130, Acc: 0.909, Base Lr: 5.00e-06
2025-12-07 12:06:29,574 DeMo.train INFO: Epoch[17] Iteration[30/54] Loss: 1.128, Acc: 0.903, Base Lr: 5.00e-06
2025-12-07 12:06:31,962 DeMo.train INFO: Epoch[17] Iteration[40/54] Loss: 1.121, Acc: 0.920, Base Lr: 5.00e-06
2025-12-07 12:06:34,412 DeMo.train INFO: Epoch[17] Iteration[50/54] Loss: 1.118, Acc: 0.932, Base Lr: 5.00e-06
2025-12-07 12:06:35,260 DeMo.train INFO: Epoch 17 done. Time per batch: 0.284[s] Speed: 225.1[samples/s]
2025-12-07 12:06:35,262 DeMo.train INFO: ~~~~~~~~~~~~~~~~~~~~~~~~~~~~~~~~~~~~~~~~~~~~~~~~~~
2025-12-07 12:06:35,262 DeMo.train INFO: Current is the [moe,ori] feature testing!
2025-12-07 12:06:35,262 DeMo.train INFO: ~~~~~~~~~~~~~~~~~~~~~~~~~~~~~~~~~~~~~~~~~~~~~~~~~~
The test feature is normalized
=> Computing DistMat with euclidean_distance
2025-12-07 12:06:46,819 DeMo.train INFO: Validation Results - Epoch: 17
2025-12-07 12:06:46,820 DeMo.train INFO: mAP: 70.7%
2025-12-07 12:06:46,821 DeMo.train INFO: CMC curve, Rank-1  :70.9%
2025-12-07 12:06:46,822 DeMo.train INFO: CMC curve, Rank-5  :85.2%
2025-12-07 12:06:46,822 DeMo.train INFO: CMC curve, Rank-10 :89.5%
2025-12-07 12:06:46,823 DeMo.train INFO: ~~~~~~~~~~~~~~~~~~~~~~~~~~~~~~~~~~~~~~~~~~~~~~~~~~
2025-12-07 12:06:46,874 DeMo.train INFO: ~~~~~~~~~~~~~~~~~~~~~~~~~~~~~~~~~~~~~~~~~~~~~~~~~~
2025-12-07 12:06:46,875 DeMo.train INFO: Best mAP: 72.0%
2025-12-07 12:06:46,875 DeMo.train INFO: Best Rank-1: 75.2%
2025-12-07 12:06:46,876 DeMo.train INFO: Best Rank-5: 83.0%
2025-12-07 12:06:46,877 DeMo.train INFO: Best Rank-10: 88.4%
2025-12-07 12:06:46,878 DeMo.train INFO: ~~~~~~~~~~~~~~~~~~~~~~~~~~~~~~~~~~~~~~~~~~~~~~~~~~
2025-12-07 12:06:53,871 DeMo.train INFO: Epoch[18] Iteration[10/54] Loss: 1.115, Acc: 0.909, Base Lr: 5.00e-06
2025-12-07 12:06:56,569 DeMo.train INFO: Epoch[18] Iteration[20/54] Loss: 1.107, Acc: 0.928, Base Lr: 5.00e-06
2025-12-07 12:06:59,011 DeMo.train INFO: Epoch[18] Iteration[30/54] Loss: 1.105, Acc: 0.926, Base Lr: 5.00e-06
2025-12-07 12:07:01,389 DeMo.train INFO: Epoch[18] Iteration[40/54] Loss: 1.101, Acc: 0.933, Base Lr: 5.00e-06
2025-12-07 12:07:03,778 DeMo.train INFO: Epoch[18] Iteration[50/54] Loss: 1.096, Acc: 0.942, Base Lr: 5.00e-06
2025-12-07 12:07:04,682 DeMo.train INFO: Epoch 18 done. Time per batch: 0.336[s] Speed: 190.5[samples/s]
2025-12-07 12:07:04,683 DeMo.train INFO: ~~~~~~~~~~~~~~~~~~~~~~~~~~~~~~~~~~~~~~~~~~~~~~~~~~
2025-12-07 12:07:04,683 DeMo.train INFO: Current is the [moe,ori] feature testing!
2025-12-07 12:07:04,683 DeMo.train INFO: ~~~~~~~~~~~~~~~~~~~~~~~~~~~~~~~~~~~~~~~~~~~~~~~~~~
The test feature is normalized
=> Computing DistMat with euclidean_distance
2025-12-07 12:07:15,316 DeMo.train INFO: Validation Results - Epoch: 18
2025-12-07 12:07:15,316 DeMo.train INFO: mAP: 71.3%
2025-12-07 12:07:15,317 DeMo.train INFO: CMC curve, Rank-1  :74.3%
2025-12-07 12:07:15,317 DeMo.train INFO: CMC curve, Rank-5  :84.4%
2025-12-07 12:07:15,317 DeMo.train INFO: CMC curve, Rank-10 :90.4%
2025-12-07 12:07:15,317 DeMo.train INFO: ~~~~~~~~~~~~~~~~~~~~~~~~~~~~~~~~~~~~~~~~~~~~~~~~~~
2025-12-07 12:07:15,894 DeMo.train INFO: ~~~~~~~~~~~~~~~~~~~~~~~~~~~~~~~~~~~~~~~~~~~~~~~~~~
2025-12-07 12:07:15,895 DeMo.train INFO: Best mAP: 72.0%
2025-12-07 12:07:15,895 DeMo.train INFO: Best Rank-1: 75.2%
2025-12-07 12:07:15,895 DeMo.train INFO: Best Rank-5: 83.0%
2025-12-07 12:07:15,895 DeMo.train INFO: Best Rank-10: 88.4%
2025-12-07 12:07:15,895 DeMo.train INFO: ~~~~~~~~~~~~~~~~~~~~~~~~~~~~~~~~~~~~~~~~~~~~~~~~~~
2025-12-07 12:07:20,381 DeMo.train INFO: Epoch[19] Iteration[10/54] Loss: 1.090, Acc: 0.872, Base Lr: 5.00e-06
2025-12-07 12:07:22,793 DeMo.train INFO: Epoch[19] Iteration[20/54] Loss: 1.081, Acc: 0.908, Base Lr: 5.00e-06
2025-12-07 12:07:25,186 DeMo.train INFO: Epoch[19] Iteration[30/54] Loss: 1.081, Acc: 0.915, Base Lr: 5.00e-06
2025-12-07 12:07:27,612 DeMo.train INFO: Epoch[19] Iteration[40/54] Loss: 1.078, Acc: 0.923, Base Lr: 5.00e-06
2025-12-07 12:07:30,025 DeMo.train INFO: Epoch[19] Iteration[50/54] Loss: 1.075, Acc: 0.931, Base Lr: 5.00e-06
2025-12-07 12:07:30,880 DeMo.train INFO: Epoch 19 done. Time per batch: 0.283[s] Speed: 226.4[samples/s]
2025-12-07 12:07:30,881 DeMo.train INFO: ~~~~~~~~~~~~~~~~~~~~~~~~~~~~~~~~~~~~~~~~~~~~~~~~~~
2025-12-07 12:07:30,881 DeMo.train INFO: Current is the [moe,ori] feature testing!
2025-12-07 12:07:30,881 DeMo.train INFO: ~~~~~~~~~~~~~~~~~~~~~~~~~~~~~~~~~~~~~~~~~~~~~~~~~~
The test feature is normalized
=> Computing DistMat with euclidean_distance
2025-12-07 12:07:41,765 DeMo.train INFO: Validation Results - Epoch: 19
2025-12-07 12:07:41,765 DeMo.train INFO: mAP: 72.3%
2025-12-07 12:07:41,765 DeMo.train INFO: CMC curve, Rank-1  :73.8%
2025-12-07 12:07:41,765 DeMo.train INFO: CMC curve, Rank-5  :85.2%
2025-12-07 12:07:41,765 DeMo.train INFO: CMC curve, Rank-10 :90.3%
2025-12-07 12:07:41,766 DeMo.train INFO: ~~~~~~~~~~~~~~~~~~~~~~~~~~~~~~~~~~~~~~~~~~~~~~~~~~
2025-12-07 12:07:59,466 DeMo.train INFO: ~~~~~~~~~~~~~~~~~~~~~~~~~~~~~~~~~~~~~~~~~~~~~~~~~~
2025-12-07 12:07:59,469 DeMo.train INFO: Best mAP: 72.3%
2025-12-07 12:07:59,469 DeMo.train INFO: Best Rank-1: 73.8%
2025-12-07 12:07:59,469 DeMo.train INFO: Best Rank-5: 85.2%
2025-12-07 12:07:59,470 DeMo.train INFO: Best Rank-10: 90.3%
2025-12-07 12:07:59,470 DeMo.train INFO: ~~~~~~~~~~~~~~~~~~~~~~~~~~~~~~~~~~~~~~~~~~~~~~~~~~
2025-12-07 12:08:03,804 DeMo.train INFO: Epoch[20] Iteration[10/54] Loss: 1.071, Acc: 0.917, Base Lr: 5.00e-07
2025-12-07 12:08:06,212 DeMo.train INFO: Epoch[20] Iteration[20/54] Loss: 1.069, Acc: 0.932, Base Lr: 5.00e-07
2025-12-07 12:08:08,627 DeMo.train INFO: Epoch[20] Iteration[30/54] Loss: 1.067, Acc: 0.933, Base Lr: 5.00e-07
2025-12-07 12:08:11,025 DeMo.train INFO: Epoch[20] Iteration[40/54] Loss: 1.066, Acc: 0.938, Base Lr: 5.00e-07
2025-12-07 12:08:13,463 DeMo.train INFO: Epoch[20] Iteration[50/54] Loss: 1.064, Acc: 0.949, Base Lr: 5.00e-07
2025-12-07 12:08:14,315 DeMo.train INFO: Epoch 20 done. Time per batch: 0.280[s] Speed: 228.5[samples/s]
2025-12-07 12:08:14,316 DeMo.train INFO: ~~~~~~~~~~~~~~~~~~~~~~~~~~~~~~~~~~~~~~~~~~~~~~~~~~
2025-12-07 12:08:14,316 DeMo.train INFO: Current is the [moe,ori] feature testing!
2025-12-07 12:08:14,316 DeMo.train INFO: ~~~~~~~~~~~~~~~~~~~~~~~~~~~~~~~~~~~~~~~~~~~~~~~~~~
The test feature is normalized
=> Computing DistMat with euclidean_distance
2025-12-07 12:08:25,361 DeMo.train INFO: Validation Results - Epoch: 20
2025-12-07 12:08:25,362 DeMo.train INFO: mAP: 72.2%
2025-12-07 12:08:25,362 DeMo.train INFO: CMC curve, Rank-1  :73.6%
2025-12-07 12:08:25,362 DeMo.train INFO: CMC curve, Rank-5  :84.9%
2025-12-07 12:08:25,362 DeMo.train INFO: CMC curve, Rank-10 :90.1%
2025-12-07 12:08:25,362 DeMo.train INFO: ~~~~~~~~~~~~~~~~~~~~~~~~~~~~~~~~~~~~~~~~~~~~~~~~~~
2025-12-07 12:08:25,905 DeMo.train INFO: ~~~~~~~~~~~~~~~~~~~~~~~~~~~~~~~~~~~~~~~~~~~~~~~~~~
2025-12-07 12:08:25,905 DeMo.train INFO: Best mAP: 72.3%
2025-12-07 12:08:25,905 DeMo.train INFO: Best Rank-1: 73.8%
2025-12-07 12:08:25,905 DeMo.train INFO: Best Rank-5: 85.2%
2025-12-07 12:08:25,905 DeMo.train INFO: Best Rank-10: 90.3%
2025-12-07 12:08:25,906 DeMo.train INFO: ~~~~~~~~~~~~~~~~~~~~~~~~~~~~~~~~~~~~~~~~~~~~~~~~~~
2025-12-07 12:08:30,709 DeMo.train INFO: Epoch[21] Iteration[10/54] Loss: 1.084, Acc: 0.884, Base Lr: 5.00e-07
2025-12-07 12:08:33,134 DeMo.train INFO: Epoch[21] Iteration[20/54] Loss: 1.077, Acc: 0.923, Base Lr: 5.00e-07
2025-12-07 12:08:35,557 DeMo.train INFO: Epoch[21] Iteration[30/54] Loss: 1.071, Acc: 0.934, Base Lr: 5.00e-07
2025-12-07 12:08:37,965 DeMo.train INFO: Epoch[21] Iteration[40/54] Loss: 1.071, Acc: 0.942, Base Lr: 5.00e-07
2025-12-07 12:08:40,362 DeMo.train INFO: Epoch[21] Iteration[50/54] Loss: 1.066, Acc: 0.952, Base Lr: 5.00e-07
2025-12-07 12:08:41,235 DeMo.train INFO: Epoch 21 done. Time per batch: 0.289[s] Speed: 221.3[samples/s]
2025-12-07 12:08:41,237 DeMo.train INFO: ~~~~~~~~~~~~~~~~~~~~~~~~~~~~~~~~~~~~~~~~~~~~~~~~~~
2025-12-07 12:08:41,237 DeMo.train INFO: Current is the [moe,ori] feature testing!
2025-12-07 12:08:41,237 DeMo.train INFO: ~~~~~~~~~~~~~~~~~~~~~~~~~~~~~~~~~~~~~~~~~~~~~~~~~~
The test feature is normalized
=> Computing DistMat with euclidean_distance
2025-12-07 12:08:52,005 DeMo.train INFO: Validation Results - Epoch: 21
2025-12-07 12:08:52,005 DeMo.train INFO: mAP: 72.2%
2025-12-07 12:08:52,005 DeMo.train INFO: CMC curve, Rank-1  :74.0%
2025-12-07 12:08:52,005 DeMo.train INFO: CMC curve, Rank-5  :85.5%
2025-12-07 12:08:52,005 DeMo.train INFO: CMC curve, Rank-10 :90.0%
2025-12-07 12:08:52,006 DeMo.train INFO: ~~~~~~~~~~~~~~~~~~~~~~~~~~~~~~~~~~~~~~~~~~~~~~~~~~
2025-12-07 12:08:52,889 DeMo.train INFO: ~~~~~~~~~~~~~~~~~~~~~~~~~~~~~~~~~~~~~~~~~~~~~~~~~~
2025-12-07 12:08:52,890 DeMo.train INFO: Best mAP: 72.3%
2025-12-07 12:08:52,890 DeMo.train INFO: Best Rank-1: 73.8%
2025-12-07 12:08:52,890 DeMo.train INFO: Best Rank-5: 85.2%
2025-12-07 12:08:52,890 DeMo.train INFO: Best Rank-10: 90.3%
2025-12-07 12:08:52,890 DeMo.train INFO: ~~~~~~~~~~~~~~~~~~~~~~~~~~~~~~~~~~~~~~~~~~~~~~~~~~
2025-12-07 12:08:57,472 DeMo.train INFO: Epoch[22] Iteration[10/54] Loss: 1.073, Acc: 0.917, Base Lr: 5.00e-07
2025-12-07 12:08:59,878 DeMo.train INFO: Epoch[22] Iteration[20/54] Loss: 1.070, Acc: 0.927, Base Lr: 5.00e-07
2025-12-07 12:09:02,293 DeMo.train INFO: Epoch[22] Iteration[30/54] Loss: 1.067, Acc: 0.934, Base Lr: 5.00e-07
2025-12-07 12:09:04,697 DeMo.train INFO: Epoch[22] Iteration[40/54] Loss: 1.062, Acc: 0.946, Base Lr: 5.00e-07
2025-12-07 12:09:07,136 DeMo.train INFO: Epoch[22] Iteration[50/54] Loss: 1.060, Acc: 0.956, Base Lr: 5.00e-07
2025-12-07 12:09:07,981 DeMo.train INFO: Epoch 22 done. Time per batch: 0.285[s] Speed: 224.8[samples/s]
2025-12-07 12:09:07,982 DeMo.train INFO: ~~~~~~~~~~~~~~~~~~~~~~~~~~~~~~~~~~~~~~~~~~~~~~~~~~
2025-12-07 12:09:07,982 DeMo.train INFO: Current is the [moe,ori] feature testing!
2025-12-07 12:09:07,982 DeMo.train INFO: ~~~~~~~~~~~~~~~~~~~~~~~~~~~~~~~~~~~~~~~~~~~~~~~~~~
The test feature is normalized
=> Computing DistMat with euclidean_distance
2025-12-07 12:09:18,866 DeMo.train INFO: Validation Results - Epoch: 22
2025-12-07 12:09:18,867 DeMo.train INFO: mAP: 72.6%
2025-12-07 12:09:18,868 DeMo.train INFO: CMC curve, Rank-1  :74.6%
2025-12-07 12:09:18,869 DeMo.train INFO: CMC curve, Rank-5  :85.9%
2025-12-07 12:09:18,869 DeMo.train INFO: CMC curve, Rank-10 :90.2%
2025-12-07 12:09:18,870 DeMo.train INFO: ~~~~~~~~~~~~~~~~~~~~~~~~~~~~~~~~~~~~~~~~~~~~~~~~~~
2025-12-07 12:09:50,280 DeMo.train INFO: ~~~~~~~~~~~~~~~~~~~~~~~~~~~~~~~~~~~~~~~~~~~~~~~~~~
2025-12-07 12:09:50,284 DeMo.train INFO: Best mAP: 72.6%
2025-12-07 12:09:50,284 DeMo.train INFO: Best Rank-1: 74.6%
2025-12-07 12:09:50,284 DeMo.train INFO: Best Rank-5: 85.9%
2025-12-07 12:09:50,284 DeMo.train INFO: Best Rank-10: 90.2%
2025-12-07 12:09:50,284 DeMo.train INFO: ~~~~~~~~~~~~~~~~~~~~~~~~~~~~~~~~~~~~~~~~~~~~~~~~~~
2025-12-07 12:09:55,173 DeMo.train INFO: Epoch[23] Iteration[10/54] Loss: 1.068, Acc: 0.900, Base Lr: 5.00e-07
2025-12-07 12:09:57,575 DeMo.train INFO: Epoch[23] Iteration[20/54] Loss: 1.072, Acc: 0.892, Base Lr: 5.00e-07
2025-12-07 12:09:59,983 DeMo.train INFO: Epoch[23] Iteration[30/54] Loss: 1.067, Acc: 0.915, Base Lr: 5.00e-07
2025-12-07 12:10:02,384 DeMo.train INFO: Epoch[23] Iteration[40/54] Loss: 1.062, Acc: 0.934, Base Lr: 5.00e-07
2025-12-07 12:10:04,792 DeMo.train INFO: Epoch[23] Iteration[50/54] Loss: 1.061, Acc: 0.942, Base Lr: 5.00e-07
2025-12-07 12:10:05,677 DeMo.train INFO: Epoch 23 done. Time per batch: 0.290[s] Speed: 220.4[samples/s]
2025-12-07 12:10:05,680 DeMo.train INFO: ~~~~~~~~~~~~~~~~~~~~~~~~~~~~~~~~~~~~~~~~~~~~~~~~~~
2025-12-07 12:10:05,681 DeMo.train INFO: Current is the [moe,ori] feature testing!
2025-12-07 12:10:05,682 DeMo.train INFO: ~~~~~~~~~~~~~~~~~~~~~~~~~~~~~~~~~~~~~~~~~~~~~~~~~~
The test feature is normalized
=> Computing DistMat with euclidean_distance
2025-12-07 12:10:24,593 DeMo.train INFO: Validation Results - Epoch: 23
2025-12-07 12:10:24,593 DeMo.train INFO: mAP: 72.3%
2025-12-07 12:10:24,593 DeMo.train INFO: CMC curve, Rank-1  :73.8%
2025-12-07 12:10:24,593 DeMo.train INFO: CMC curve, Rank-5  :85.8%
2025-12-07 12:10:24,593 DeMo.train INFO: CMC curve, Rank-10 :89.8%
2025-12-07 12:10:24,593 DeMo.train INFO: ~~~~~~~~~~~~~~~~~~~~~~~~~~~~~~~~~~~~~~~~~~~~~~~~~~
2025-12-07 12:10:24,644 DeMo.train INFO: ~~~~~~~~~~~~~~~~~~~~~~~~~~~~~~~~~~~~~~~~~~~~~~~~~~
2025-12-07 12:10:24,645 DeMo.train INFO: Best mAP: 72.6%
2025-12-07 12:10:24,645 DeMo.train INFO: Best Rank-1: 74.6%
2025-12-07 12:10:24,645 DeMo.train INFO: Best Rank-5: 85.9%
2025-12-07 12:10:24,645 DeMo.train INFO: Best Rank-10: 90.2%
2025-12-07 12:10:24,645 DeMo.train INFO: ~~~~~~~~~~~~~~~~~~~~~~~~~~~~~~~~~~~~~~~~~~~~~~~~~~
2025-12-07 12:10:29,200 DeMo.train INFO: Epoch[24] Iteration[10/54] Loss: 1.072, Acc: 0.922, Base Lr: 5.00e-07
2025-12-07 12:10:31,621 DeMo.train INFO: Epoch[24] Iteration[20/54] Loss: 1.072, Acc: 0.920, Base Lr: 5.00e-07
2025-12-07 12:10:34,023 DeMo.train INFO: Epoch[24] Iteration[30/54] Loss: 1.068, Acc: 0.931, Base Lr: 5.00e-07
2025-12-07 12:10:36,436 DeMo.train INFO: Epoch[24] Iteration[40/54] Loss: 1.064, Acc: 0.937, Base Lr: 5.00e-07
2025-12-07 12:10:38,839 DeMo.train INFO: Epoch[24] Iteration[50/54] Loss: 1.066, Acc: 0.944, Base Lr: 5.00e-07
2025-12-07 12:10:39,691 DeMo.train INFO: Epoch 24 done. Time per batch: 0.284[s] Speed: 225.4[samples/s]
2025-12-07 12:10:39,693 DeMo.train INFO: ~~~~~~~~~~~~~~~~~~~~~~~~~~~~~~~~~~~~~~~~~~~~~~~~~~
2025-12-07 12:10:39,693 DeMo.train INFO: Current is the [moe,ori] feature testing!
2025-12-07 12:10:39,693 DeMo.train INFO: ~~~~~~~~~~~~~~~~~~~~~~~~~~~~~~~~~~~~~~~~~~~~~~~~~~
The test feature is normalized
=> Computing DistMat with euclidean_distance
2025-12-07 12:10:50,630 DeMo.train INFO: Validation Results - Epoch: 24
2025-12-07 12:10:50,630 DeMo.train INFO: mAP: 72.1%
2025-12-07 12:10:50,630 DeMo.train INFO: CMC curve, Rank-1  :73.1%
2025-12-07 12:10:50,630 DeMo.train INFO: CMC curve, Rank-5  :86.0%
2025-12-07 12:10:50,630 DeMo.train INFO: CMC curve, Rank-10 :89.6%
2025-12-07 12:10:50,630 DeMo.train INFO: ~~~~~~~~~~~~~~~~~~~~~~~~~~~~~~~~~~~~~~~~~~~~~~~~~~
2025-12-07 12:10:51,248 DeMo.train INFO: ~~~~~~~~~~~~~~~~~~~~~~~~~~~~~~~~~~~~~~~~~~~~~~~~~~
2025-12-07 12:10:51,248 DeMo.train INFO: Best mAP: 72.6%
2025-12-07 12:10:51,248 DeMo.train INFO: Best Rank-1: 74.6%
2025-12-07 12:10:51,249 DeMo.train INFO: Best Rank-5: 85.9%
2025-12-07 12:10:51,249 DeMo.train INFO: Best Rank-10: 90.2%
2025-12-07 12:10:51,249 DeMo.train INFO: ~~~~~~~~~~~~~~~~~~~~~~~~~~~~~~~~~~~~~~~~~~~~~~~~~~
2025-12-07 12:10:55,899 DeMo.train INFO: Epoch[25] Iteration[10/54] Loss: 1.074, Acc: 0.934, Base Lr: 5.00e-07
2025-12-07 12:10:58,335 DeMo.train INFO: Epoch[25] Iteration[20/54] Loss: 1.068, Acc: 0.944, Base Lr: 5.00e-07
2025-12-07 12:11:00,731 DeMo.train INFO: Epoch[25] Iteration[30/54] Loss: 1.067, Acc: 0.934, Base Lr: 5.00e-07
2025-12-07 12:11:03,131 DeMo.train INFO: Epoch[25] Iteration[40/54] Loss: 1.064, Acc: 0.944, Base Lr: 5.00e-07
2025-12-07 12:11:05,530 DeMo.train INFO: Epoch[25] Iteration[50/54] Loss: 1.060, Acc: 0.948, Base Lr: 5.00e-07
2025-12-07 12:11:06,373 DeMo.train INFO: Epoch 25 done. Time per batch: 0.285[s] Speed: 224.3[samples/s]
2025-12-07 12:11:06,374 DeMo.train INFO: ~~~~~~~~~~~~~~~~~~~~~~~~~~~~~~~~~~~~~~~~~~~~~~~~~~
2025-12-07 12:11:06,374 DeMo.train INFO: Current is the [moe,ori] feature testing!
2025-12-07 12:11:06,374 DeMo.train INFO: ~~~~~~~~~~~~~~~~~~~~~~~~~~~~~~~~~~~~~~~~~~~~~~~~~~
The test feature is normalized
=> Computing DistMat with euclidean_distance
2025-12-07 12:11:17,479 DeMo.train INFO: Validation Results - Epoch: 25
2025-12-07 12:11:17,480 DeMo.train INFO: mAP: 71.9%
2025-12-07 12:11:17,482 DeMo.train INFO: CMC curve, Rank-1  :73.9%
2025-12-07 12:11:17,482 DeMo.train INFO: CMC curve, Rank-5  :85.2%
2025-12-07 12:11:17,483 DeMo.train INFO: CMC curve, Rank-10 :89.8%
2025-12-07 12:11:17,484 DeMo.train INFO: ~~~~~~~~~~~~~~~~~~~~~~~~~~~~~~~~~~~~~~~~~~~~~~~~~~
2025-12-07 12:11:17,932 DeMo.train INFO: ~~~~~~~~~~~~~~~~~~~~~~~~~~~~~~~~~~~~~~~~~~~~~~~~~~
2025-12-07 12:11:17,933 DeMo.train INFO: Best mAP: 72.6%
2025-12-07 12:11:17,934 DeMo.train INFO: Best Rank-1: 74.6%
2025-12-07 12:11:17,934 DeMo.train INFO: Best Rank-5: 85.9%
2025-12-07 12:11:17,935 DeMo.train INFO: Best Rank-10: 90.2%
2025-12-07 12:11:17,937 DeMo.train INFO: ~~~~~~~~~~~~~~~~~~~~~~~~~~~~~~~~~~~~~~~~~~~~~~~~~~
2025-12-07 12:11:27,440 DeMo.train INFO: Epoch[26] Iteration[10/54] Loss: 1.059, Acc: 0.945, Base Lr: 5.00e-07
2025-12-07 12:11:29,860 DeMo.train INFO: Epoch[26] Iteration[20/54] Loss: 1.061, Acc: 0.934, Base Lr: 5.00e-07
2025-12-07 12:11:32,254 DeMo.train INFO: Epoch[26] Iteration[30/54] Loss: 1.063, Acc: 0.933, Base Lr: 5.00e-07
2025-12-07 12:11:34,659 DeMo.train INFO: Epoch[26] Iteration[40/54] Loss: 1.059, Acc: 0.941, Base Lr: 5.00e-07
2025-12-07 12:11:37,052 DeMo.train INFO: Epoch[26] Iteration[50/54] Loss: 1.057, Acc: 0.949, Base Lr: 5.00e-07
2025-12-07 12:11:37,908 DeMo.train INFO: Epoch 26 done. Time per batch: 0.377[s] Speed: 169.9[samples/s]
2025-12-07 12:11:37,909 DeMo.train INFO: ~~~~~~~~~~~~~~~~~~~~~~~~~~~~~~~~~~~~~~~~~~~~~~~~~~
2025-12-07 12:11:37,909 DeMo.train INFO: Current is the [moe,ori] feature testing!
2025-12-07 12:11:37,909 DeMo.train INFO: ~~~~~~~~~~~~~~~~~~~~~~~~~~~~~~~~~~~~~~~~~~~~~~~~~~
The test feature is normalized
=> Computing DistMat with euclidean_distance
2025-12-07 12:11:49,494 DeMo.train INFO: Validation Results - Epoch: 26
2025-12-07 12:11:49,494 DeMo.train INFO: mAP: 72.2%
2025-12-07 12:11:49,494 DeMo.train INFO: CMC curve, Rank-1  :74.4%
2025-12-07 12:11:49,494 DeMo.train INFO: CMC curve, Rank-5  :85.5%
2025-12-07 12:11:49,494 DeMo.train INFO: CMC curve, Rank-10 :89.6%
2025-12-07 12:11:49,495 DeMo.train INFO: ~~~~~~~~~~~~~~~~~~~~~~~~~~~~~~~~~~~~~~~~~~~~~~~~~~
2025-12-07 12:11:49,545 DeMo.train INFO: ~~~~~~~~~~~~~~~~~~~~~~~~~~~~~~~~~~~~~~~~~~~~~~~~~~
2025-12-07 12:11:49,546 DeMo.train INFO: Best mAP: 72.6%
2025-12-07 12:11:49,546 DeMo.train INFO: Best Rank-1: 74.6%
2025-12-07 12:11:49,546 DeMo.train INFO: Best Rank-5: 85.9%
2025-12-07 12:11:49,546 DeMo.train INFO: Best Rank-10: 90.2%
2025-12-07 12:11:49,546 DeMo.train INFO: ~~~~~~~~~~~~~~~~~~~~~~~~~~~~~~~~~~~~~~~~~~~~~~~~~~
2025-12-07 12:11:54,173 DeMo.train INFO: Epoch[27] Iteration[10/54] Loss: 1.079, Acc: 0.898, Base Lr: 5.00e-07
2025-12-07 12:11:56,649 DeMo.train INFO: Epoch[27] Iteration[20/54] Loss: 1.074, Acc: 0.923, Base Lr: 5.00e-07
2025-12-07 12:11:59,044 DeMo.train INFO: Epoch[27] Iteration[30/54] Loss: 1.071, Acc: 0.938, Base Lr: 5.00e-07
2025-12-07 12:12:01,455 DeMo.train INFO: Epoch[27] Iteration[40/54] Loss: 1.067, Acc: 0.946, Base Lr: 5.00e-07
2025-12-07 12:12:03,846 DeMo.train INFO: Epoch[27] Iteration[50/54] Loss: 1.065, Acc: 0.953, Base Lr: 5.00e-07
2025-12-07 12:12:04,694 DeMo.train INFO: Epoch 27 done. Time per batch: 0.286[s] Speed: 223.9[samples/s]
2025-12-07 12:12:04,695 DeMo.train INFO: ~~~~~~~~~~~~~~~~~~~~~~~~~~~~~~~~~~~~~~~~~~~~~~~~~~
2025-12-07 12:12:04,695 DeMo.train INFO: Current is the [moe,ori] feature testing!
2025-12-07 12:12:04,696 DeMo.train INFO: ~~~~~~~~~~~~~~~~~~~~~~~~~~~~~~~~~~~~~~~~~~~~~~~~~~
The test feature is normalized
=> Computing DistMat with euclidean_distance
2025-12-07 12:12:15,821 DeMo.train INFO: Validation Results - Epoch: 27
2025-12-07 12:12:15,822 DeMo.train INFO: mAP: 70.3%
2025-12-07 12:12:15,822 DeMo.train INFO: CMC curve, Rank-1  :72.5%
2025-12-07 12:12:15,822 DeMo.train INFO: CMC curve, Rank-5  :83.0%
2025-12-07 12:12:15,822 DeMo.train INFO: CMC curve, Rank-10 :88.6%
2025-12-07 12:12:15,822 DeMo.train INFO: ~~~~~~~~~~~~~~~~~~~~~~~~~~~~~~~~~~~~~~~~~~~~~~~~~~
2025-12-07 12:12:16,374 DeMo.train INFO: ~~~~~~~~~~~~~~~~~~~~~~~~~~~~~~~~~~~~~~~~~~~~~~~~~~
2025-12-07 12:12:16,375 DeMo.train INFO: Best mAP: 72.6%
2025-12-07 12:12:16,375 DeMo.train INFO: Best Rank-1: 74.6%
2025-12-07 12:12:16,375 DeMo.train INFO: Best Rank-5: 85.9%
2025-12-07 12:12:16,376 DeMo.train INFO: Best Rank-10: 90.2%
2025-12-07 12:12:16,376 DeMo.train INFO: ~~~~~~~~~~~~~~~~~~~~~~~~~~~~~~~~~~~~~~~~~~~~~~~~~~
2025-12-07 12:12:20,897 DeMo.train INFO: Epoch[28] Iteration[10/54] Loss: 1.055, Acc: 0.936, Base Lr: 5.00e-07
2025-12-07 12:12:23,332 DeMo.train INFO: Epoch[28] Iteration[20/54] Loss: 1.061, Acc: 0.934, Base Lr: 5.00e-07
2025-12-07 12:12:25,770 DeMo.train INFO: Epoch[28] Iteration[30/54] Loss: 1.059, Acc: 0.932, Base Lr: 5.00e-07
2025-12-07 12:12:28,189 DeMo.train INFO: Epoch[28] Iteration[40/54] Loss: 1.056, Acc: 0.944, Base Lr: 5.00e-07
2025-12-07 12:12:32,768 DeMo.train INFO: Epoch[28] Iteration[50/54] Loss: 1.053, Acc: 0.949, Base Lr: 5.00e-07
2025-12-07 12:12:33,786 DeMo.train INFO: Epoch 28 done. Time per batch: 0.328[s] Speed: 194.8[samples/s]
2025-12-07 12:12:33,788 DeMo.train INFO: ~~~~~~~~~~~~~~~~~~~~~~~~~~~~~~~~~~~~~~~~~~~~~~~~~~
2025-12-07 12:12:33,788 DeMo.train INFO: Current is the [moe,ori] feature testing!
2025-12-07 12:12:33,789 DeMo.train INFO: ~~~~~~~~~~~~~~~~~~~~~~~~~~~~~~~~~~~~~~~~~~~~~~~~~~
The test feature is normalized
=> Computing DistMat with euclidean_distance
2025-12-07 12:12:46,571 DeMo.train INFO: Validation Results - Epoch: 28
2025-12-07 12:12:46,571 DeMo.train INFO: mAP: 70.9%
2025-12-07 12:12:46,571 DeMo.train INFO: CMC curve, Rank-1  :72.4%
2025-12-07 12:12:46,572 DeMo.train INFO: CMC curve, Rank-5  :83.6%
2025-12-07 12:12:46,572 DeMo.train INFO: CMC curve, Rank-10 :88.9%
2025-12-07 12:12:46,572 DeMo.train INFO: ~~~~~~~~~~~~~~~~~~~~~~~~~~~~~~~~~~~~~~~~~~~~~~~~~~
2025-12-07 12:12:47,498 DeMo.train INFO: ~~~~~~~~~~~~~~~~~~~~~~~~~~~~~~~~~~~~~~~~~~~~~~~~~~
2025-12-07 12:12:47,498 DeMo.train INFO: Best mAP: 72.6%
2025-12-07 12:12:47,498 DeMo.train INFO: Best Rank-1: 74.6%
2025-12-07 12:12:47,498 DeMo.train INFO: Best Rank-5: 85.9%
2025-12-07 12:12:47,498 DeMo.train INFO: Best Rank-10: 90.2%
2025-12-07 12:12:47,498 DeMo.train INFO: ~~~~~~~~~~~~~~~~~~~~~~~~~~~~~~~~~~~~~~~~~~~~~~~~~~
2025-12-07 12:12:52,143 DeMo.train INFO: Epoch[29] Iteration[10/54] Loss: 1.061, Acc: 0.936, Base Lr: 5.00e-07
2025-12-07 12:12:54,613 DeMo.train INFO: Epoch[29] Iteration[20/54] Loss: 1.059, Acc: 0.940, Base Lr: 5.00e-07
2025-12-07 12:12:57,028 DeMo.train INFO: Epoch[29] Iteration[30/54] Loss: 1.060, Acc: 0.940, Base Lr: 5.00e-07
2025-12-07 12:12:59,423 DeMo.train INFO: Epoch[29] Iteration[40/54] Loss: 1.057, Acc: 0.948, Base Lr: 5.00e-07
2025-12-07 12:13:01,820 DeMo.train INFO: Epoch[29] Iteration[50/54] Loss: 1.055, Acc: 0.951, Base Lr: 5.00e-07
2025-12-07 12:13:02,665 DeMo.train INFO: Epoch 29 done. Time per batch: 0.286[s] Speed: 223.7[samples/s]
2025-12-07 12:13:02,666 DeMo.train INFO: ~~~~~~~~~~~~~~~~~~~~~~~~~~~~~~~~~~~~~~~~~~~~~~~~~~
2025-12-07 12:13:02,666 DeMo.train INFO: Current is the [moe,ori] feature testing!
2025-12-07 12:13:02,666 DeMo.train INFO: ~~~~~~~~~~~~~~~~~~~~~~~~~~~~~~~~~~~~~~~~~~~~~~~~~~
The test feature is normalized
=> Computing DistMat with euclidean_distance
2025-12-07 12:13:13,623 DeMo.train INFO: Validation Results - Epoch: 29
2025-12-07 12:13:13,623 DeMo.train INFO: mAP: 72.1%
2025-12-07 12:13:13,623 DeMo.train INFO: CMC curve, Rank-1  :73.6%
2025-12-07 12:13:13,624 DeMo.train INFO: CMC curve, Rank-5  :84.8%
2025-12-07 12:13:13,624 DeMo.train INFO: CMC curve, Rank-10 :89.8%
2025-12-07 12:13:13,624 DeMo.train INFO: ~~~~~~~~~~~~~~~~~~~~~~~~~~~~~~~~~~~~~~~~~~~~~~~~~~
2025-12-07 12:13:14,396 DeMo.train INFO: ~~~~~~~~~~~~~~~~~~~~~~~~~~~~~~~~~~~~~~~~~~~~~~~~~~
2025-12-07 12:13:14,397 DeMo.train INFO: Best mAP: 72.6%
2025-12-07 12:13:14,397 DeMo.train INFO: Best Rank-1: 74.6%
2025-12-07 12:13:14,397 DeMo.train INFO: Best Rank-5: 85.9%
2025-12-07 12:13:14,397 DeMo.train INFO: Best Rank-10: 90.2%
2025-12-07 12:13:14,397 DeMo.train INFO: ~~~~~~~~~~~~~~~~~~~~~~~~~~~~~~~~~~~~~~~~~~~~~~~~~~
2025-12-07 12:13:18,885 DeMo.train INFO: Epoch[30] Iteration[10/54] Loss: 1.057, Acc: 0.906, Base Lr: 5.00e-08
2025-12-07 12:13:21,318 DeMo.train INFO: Epoch[30] Iteration[20/54] Loss: 1.049, Acc: 0.936, Base Lr: 5.00e-08
2025-12-07 12:13:23,711 DeMo.train INFO: Epoch[30] Iteration[30/54] Loss: 1.049, Acc: 0.950, Base Lr: 5.00e-08
2025-12-07 12:13:26,109 DeMo.train INFO: Epoch[30] Iteration[40/54] Loss: 1.048, Acc: 0.955, Base Lr: 5.00e-08
2025-12-07 12:13:28,530 DeMo.train INFO: Epoch[30] Iteration[50/54] Loss: 1.049, Acc: 0.953, Base Lr: 5.00e-08
2025-12-07 12:13:29,379 DeMo.train INFO: Epoch 30 done. Time per batch: 0.283[s] Speed: 226.4[samples/s]
2025-12-07 12:13:29,380 DeMo.train INFO: ~~~~~~~~~~~~~~~~~~~~~~~~~~~~~~~~~~~~~~~~~~~~~~~~~~
2025-12-07 12:13:29,381 DeMo.train INFO: Current is the [moe,ori] feature testing!
2025-12-07 12:13:29,381 DeMo.train INFO: ~~~~~~~~~~~~~~~~~~~~~~~~~~~~~~~~~~~~~~~~~~~~~~~~~~
The test feature is normalized
=> Computing DistMat with euclidean_distance
2025-12-07 12:13:40,404 DeMo.train INFO: Validation Results - Epoch: 30
2025-12-07 12:13:40,405 DeMo.train INFO: mAP: 72.2%
2025-12-07 12:13:40,405 DeMo.train INFO: CMC curve, Rank-1  :73.7%
2025-12-07 12:13:40,405 DeMo.train INFO: CMC curve, Rank-5  :84.8%
2025-12-07 12:13:40,405 DeMo.train INFO: CMC curve, Rank-10 :89.8%
2025-12-07 12:13:40,405 DeMo.train INFO: ~~~~~~~~~~~~~~~~~~~~~~~~~~~~~~~~~~~~~~~~~~~~~~~~~~
2025-12-07 12:13:41,168 DeMo.train INFO: ~~~~~~~~~~~~~~~~~~~~~~~~~~~~~~~~~~~~~~~~~~~~~~~~~~
2025-12-07 12:13:41,168 DeMo.train INFO: Best mAP: 72.6%
2025-12-07 12:13:41,168 DeMo.train INFO: Best Rank-1: 74.6%
2025-12-07 12:13:41,168 DeMo.train INFO: Best Rank-5: 85.9%
2025-12-07 12:13:41,168 DeMo.train INFO: Best Rank-10: 90.2%
2025-12-07 12:13:41,168 DeMo.train INFO: ~~~~~~~~~~~~~~~~~~~~~~~~~~~~~~~~~~~~~~~~~~~~~~~~~~
2025-12-07 12:13:45,954 DeMo.train INFO: Epoch[31] Iteration[10/54] Loss: 1.076, Acc: 0.922, Base Lr: 5.00e-08
2025-12-07 12:13:48,391 DeMo.train INFO: Epoch[31] Iteration[20/54] Loss: 1.066, Acc: 0.942, Base Lr: 5.00e-08
2025-12-07 12:13:50,793 DeMo.train INFO: Epoch[31] Iteration[30/54] Loss: 1.062, Acc: 0.943, Base Lr: 5.00e-08
2025-12-07 12:13:53,202 DeMo.train INFO: Epoch[31] Iteration[40/54] Loss: 1.056, Acc: 0.944, Base Lr: 5.00e-08
2025-12-07 12:13:55,599 DeMo.train INFO: Epoch[31] Iteration[50/54] Loss: 1.052, Acc: 0.952, Base Lr: 5.00e-08
2025-12-07 12:13:56,469 DeMo.train INFO: Epoch 31 done. Time per batch: 0.289[s] Speed: 221.7[samples/s]
2025-12-07 12:13:56,470 DeMo.train INFO: ~~~~~~~~~~~~~~~~~~~~~~~~~~~~~~~~~~~~~~~~~~~~~~~~~~
2025-12-07 12:13:56,470 DeMo.train INFO: Current is the [moe,ori] feature testing!
2025-12-07 12:13:56,470 DeMo.train INFO: ~~~~~~~~~~~~~~~~~~~~~~~~~~~~~~~~~~~~~~~~~~~~~~~~~~
The test feature is normalized
=> Computing DistMat with euclidean_distance
2025-12-07 12:14:07,538 DeMo.train INFO: Validation Results - Epoch: 31
2025-12-07 12:14:07,538 DeMo.train INFO: mAP: 72.2%
2025-12-07 12:14:07,538 DeMo.train INFO: CMC curve, Rank-1  :73.6%
2025-12-07 12:14:07,538 DeMo.train INFO: CMC curve, Rank-5  :84.7%
2025-12-07 12:14:07,539 DeMo.train INFO: CMC curve, Rank-10 :89.8%
2025-12-07 12:14:07,539 DeMo.train INFO: ~~~~~~~~~~~~~~~~~~~~~~~~~~~~~~~~~~~~~~~~~~~~~~~~~~
2025-12-07 12:14:08,188 DeMo.train INFO: ~~~~~~~~~~~~~~~~~~~~~~~~~~~~~~~~~~~~~~~~~~~~~~~~~~
2025-12-07 12:14:08,188 DeMo.train INFO: Best mAP: 72.6%
2025-12-07 12:14:08,189 DeMo.train INFO: Best Rank-1: 74.6%
2025-12-07 12:14:08,189 DeMo.train INFO: Best Rank-5: 85.9%
2025-12-07 12:14:08,189 DeMo.train INFO: Best Rank-10: 90.2%
2025-12-07 12:14:08,189 DeMo.train INFO: ~~~~~~~~~~~~~~~~~~~~~~~~~~~~~~~~~~~~~~~~~~~~~~~~~~
2025-12-07 12:14:12,869 DeMo.train INFO: Epoch[32] Iteration[10/54] Loss: 1.053, Acc: 0.883, Base Lr: 5.00e-08
2025-12-07 12:14:15,303 DeMo.train INFO: Epoch[32] Iteration[20/54] Loss: 1.050, Acc: 0.930, Base Lr: 5.00e-08
2025-12-07 12:14:17,701 DeMo.train INFO: Epoch[32] Iteration[30/54] Loss: 1.053, Acc: 0.934, Base Lr: 5.00e-08
2025-12-07 12:14:20,146 DeMo.train INFO: Epoch[32] Iteration[40/54] Loss: 1.053, Acc: 0.938, Base Lr: 5.00e-08
2025-12-07 12:14:22,555 DeMo.train INFO: Epoch[32] Iteration[50/54] Loss: 1.053, Acc: 0.948, Base Lr: 5.00e-08
2025-12-07 12:14:23,416 DeMo.train INFO: Epoch 32 done. Time per batch: 0.287[s] Speed: 222.8[samples/s]
2025-12-07 12:14:23,417 DeMo.train INFO: ~~~~~~~~~~~~~~~~~~~~~~~~~~~~~~~~~~~~~~~~~~~~~~~~~~
2025-12-07 12:14:23,417 DeMo.train INFO: Current is the [moe,ori] feature testing!
2025-12-07 12:14:23,417 DeMo.train INFO: ~~~~~~~~~~~~~~~~~~~~~~~~~~~~~~~~~~~~~~~~~~~~~~~~~~
The test feature is normalized
=> Computing DistMat with euclidean_distance
2025-12-07 12:14:34,337 DeMo.train INFO: Validation Results - Epoch: 32
2025-12-07 12:14:34,337 DeMo.train INFO: mAP: 72.3%
2025-12-07 12:14:34,337 DeMo.train INFO: CMC curve, Rank-1  :73.8%
2025-12-07 12:14:34,337 DeMo.train INFO: CMC curve, Rank-5  :84.9%
2025-12-07 12:14:34,337 DeMo.train INFO: CMC curve, Rank-10 :90.1%
2025-12-07 12:14:34,337 DeMo.train INFO: ~~~~~~~~~~~~~~~~~~~~~~~~~~~~~~~~~~~~~~~~~~~~~~~~~~
2025-12-07 12:14:35,250 DeMo.train INFO: ~~~~~~~~~~~~~~~~~~~~~~~~~~~~~~~~~~~~~~~~~~~~~~~~~~
2025-12-07 12:14:35,250 DeMo.train INFO: Best mAP: 72.6%
2025-12-07 12:14:35,251 DeMo.train INFO: Best Rank-1: 74.6%
2025-12-07 12:14:35,251 DeMo.train INFO: Best Rank-5: 85.9%
2025-12-07 12:14:35,251 DeMo.train INFO: Best Rank-10: 90.2%
2025-12-07 12:14:35,251 DeMo.train INFO: ~~~~~~~~~~~~~~~~~~~~~~~~~~~~~~~~~~~~~~~~~~~~~~~~~~
2025-12-07 12:14:39,911 DeMo.train INFO: Epoch[33] Iteration[10/54] Loss: 1.056, Acc: 0.939, Base Lr: 5.00e-08
2025-12-07 12:14:42,417 DeMo.train INFO: Epoch[33] Iteration[20/54] Loss: 1.052, Acc: 0.938, Base Lr: 5.00e-08
2025-12-07 12:14:44,816 DeMo.train INFO: Epoch[33] Iteration[30/54] Loss: 1.050, Acc: 0.936, Base Lr: 5.00e-08
2025-12-07 12:14:47,225 DeMo.train INFO: Epoch[33] Iteration[40/54] Loss: 1.049, Acc: 0.946, Base Lr: 5.00e-08
2025-12-07 12:14:49,643 DeMo.train INFO: Epoch[33] Iteration[50/54] Loss: 1.048, Acc: 0.953, Base Lr: 5.00e-08
2025-12-07 12:14:50,485 DeMo.train INFO: Epoch 33 done. Time per batch: 0.287[s] Speed: 222.7[samples/s]
2025-12-07 12:14:50,486 DeMo.train INFO: ~~~~~~~~~~~~~~~~~~~~~~~~~~~~~~~~~~~~~~~~~~~~~~~~~~
2025-12-07 12:14:50,487 DeMo.train INFO: Current is the [moe,ori] feature testing!
2025-12-07 12:14:50,487 DeMo.train INFO: ~~~~~~~~~~~~~~~~~~~~~~~~~~~~~~~~~~~~~~~~~~~~~~~~~~
The test feature is normalized
=> Computing DistMat with euclidean_distance
2025-12-07 12:15:02,262 DeMo.train INFO: Validation Results - Epoch: 33
2025-12-07 12:15:02,262 DeMo.train INFO: mAP: 72.4%
2025-12-07 12:15:02,262 DeMo.train INFO: CMC curve, Rank-1  :73.9%
2025-12-07 12:15:02,262 DeMo.train INFO: CMC curve, Rank-5  :84.9%
2025-12-07 12:15:02,262 DeMo.train INFO: CMC curve, Rank-10 :90.2%
2025-12-07 12:15:02,263 DeMo.train INFO: ~~~~~~~~~~~~~~~~~~~~~~~~~~~~~~~~~~~~~~~~~~~~~~~~~~
2025-12-07 12:15:02,314 DeMo.train INFO: ~~~~~~~~~~~~~~~~~~~~~~~~~~~~~~~~~~~~~~~~~~~~~~~~~~
2025-12-07 12:15:02,314 DeMo.train INFO: Best mAP: 72.6%
2025-12-07 12:15:02,314 DeMo.train INFO: Best Rank-1: 74.6%
2025-12-07 12:15:02,314 DeMo.train INFO: Best Rank-5: 85.9%
2025-12-07 12:15:02,314 DeMo.train INFO: Best Rank-10: 90.2%
2025-12-07 12:15:02,314 DeMo.train INFO: ~~~~~~~~~~~~~~~~~~~~~~~~~~~~~~~~~~~~~~~~~~~~~~~~~~
2025-12-07 12:15:06,852 DeMo.train INFO: Epoch[34] Iteration[10/54] Loss: 1.063, Acc: 0.891, Base Lr: 5.00e-08
2025-12-07 12:15:09,418 DeMo.train INFO: Epoch[34] Iteration[20/54] Loss: 1.060, Acc: 0.920, Base Lr: 5.00e-08
2025-12-07 12:15:11,840 DeMo.train INFO: Epoch[34] Iteration[30/54] Loss: 1.054, Acc: 0.936, Base Lr: 5.00e-08
2025-12-07 12:15:14,266 DeMo.train INFO: Epoch[34] Iteration[40/54] Loss: 1.051, Acc: 0.946, Base Lr: 5.00e-08
2025-12-07 12:15:16,685 DeMo.train INFO: Epoch[34] Iteration[50/54] Loss: 1.048, Acc: 0.952, Base Lr: 5.00e-08
2025-12-07 12:15:17,550 DeMo.train INFO: Epoch 34 done. Time per batch: 0.287[s] Speed: 222.6[samples/s]
2025-12-07 12:15:17,551 DeMo.train INFO: ~~~~~~~~~~~~~~~~~~~~~~~~~~~~~~~~~~~~~~~~~~~~~~~~~~
2025-12-07 12:15:17,551 DeMo.train INFO: Current is the [moe,ori] feature testing!
2025-12-07 12:15:17,551 DeMo.train INFO: ~~~~~~~~~~~~~~~~~~~~~~~~~~~~~~~~~~~~~~~~~~~~~~~~~~
The test feature is normalized
=> Computing DistMat with euclidean_distance
2025-12-07 12:15:29,230 DeMo.train INFO: Validation Results - Epoch: 34
2025-12-07 12:15:29,230 DeMo.train INFO: mAP: 72.4%
2025-12-07 12:15:29,230 DeMo.train INFO: CMC curve, Rank-1  :74.0%
2025-12-07 12:15:29,230 DeMo.train INFO: CMC curve, Rank-5  :85.0%
2025-12-07 12:15:29,230 DeMo.train INFO: CMC curve, Rank-10 :90.3%
2025-12-07 12:15:29,230 DeMo.train INFO: ~~~~~~~~~~~~~~~~~~~~~~~~~~~~~~~~~~~~~~~~~~~~~~~~~~
2025-12-07 12:15:29,281 DeMo.train INFO: ~~~~~~~~~~~~~~~~~~~~~~~~~~~~~~~~~~~~~~~~~~~~~~~~~~
2025-12-07 12:15:29,281 DeMo.train INFO: Best mAP: 72.6%
2025-12-07 12:15:29,281 DeMo.train INFO: Best Rank-1: 74.6%
2025-12-07 12:15:29,281 DeMo.train INFO: Best Rank-5: 85.9%
2025-12-07 12:15:29,281 DeMo.train INFO: Best Rank-10: 90.2%
2025-12-07 12:15:29,281 DeMo.train INFO: ~~~~~~~~~~~~~~~~~~~~~~~~~~~~~~~~~~~~~~~~~~~~~~~~~~
2025-12-07 12:15:34,065 DeMo.train INFO: Epoch[35] Iteration[10/54] Loss: 1.055, Acc: 0.934, Base Lr: 5.00e-08
2025-12-07 12:15:36,557 DeMo.train INFO: Epoch[35] Iteration[20/54] Loss: 1.052, Acc: 0.939, Base Lr: 5.00e-08
2025-12-07 12:15:38,987 DeMo.train INFO: Epoch[35] Iteration[30/54] Loss: 1.052, Acc: 0.950, Base Lr: 5.00e-08
2025-12-07 12:15:41,442 DeMo.train INFO: Epoch[35] Iteration[40/54] Loss: 1.052, Acc: 0.948, Base Lr: 5.00e-08
2025-12-07 12:15:43,849 DeMo.train INFO: Epoch[35] Iteration[50/54] Loss: 1.049, Acc: 0.950, Base Lr: 5.00e-08
2025-12-07 12:15:44,704 DeMo.train INFO: Epoch 35 done. Time per batch: 0.291[s] Speed: 219.9[samples/s]
2025-12-07 12:15:44,705 DeMo.train INFO: ~~~~~~~~~~~~~~~~~~~~~~~~~~~~~~~~~~~~~~~~~~~~~~~~~~
2025-12-07 12:15:44,705 DeMo.train INFO: Current is the [moe,ori] feature testing!
2025-12-07 12:15:44,706 DeMo.train INFO: ~~~~~~~~~~~~~~~~~~~~~~~~~~~~~~~~~~~~~~~~~~~~~~~~~~
The test feature is normalized
=> Computing DistMat with euclidean_distance
2025-12-07 12:15:55,752 DeMo.train INFO: Validation Results - Epoch: 35
2025-12-07 12:15:55,753 DeMo.train INFO: mAP: 72.5%
2025-12-07 12:15:55,753 DeMo.train INFO: CMC curve, Rank-1  :74.0%
2025-12-07 12:15:55,753 DeMo.train INFO: CMC curve, Rank-5  :85.0%
2025-12-07 12:15:55,753 DeMo.train INFO: CMC curve, Rank-10 :90.4%
2025-12-07 12:15:55,753 DeMo.train INFO: ~~~~~~~~~~~~~~~~~~~~~~~~~~~~~~~~~~~~~~~~~~~~~~~~~~
2025-12-07 12:15:56,086 DeMo.train INFO: ~~~~~~~~~~~~~~~~~~~~~~~~~~~~~~~~~~~~~~~~~~~~~~~~~~
2025-12-07 12:15:56,086 DeMo.train INFO: Best mAP: 72.6%
2025-12-07 12:15:56,086 DeMo.train INFO: Best Rank-1: 74.6%
2025-12-07 12:15:56,086 DeMo.train INFO: Best Rank-5: 85.9%
2025-12-07 12:15:56,087 DeMo.train INFO: Best Rank-10: 90.2%
2025-12-07 12:15:56,087 DeMo.train INFO: ~~~~~~~~~~~~~~~~~~~~~~~~~~~~~~~~~~~~~~~~~~~~~~~~~~
2025-12-07 12:16:00,743 DeMo.train INFO: Epoch[36] Iteration[10/54] Loss: 1.069, Acc: 0.928, Base Lr: 5.00e-08
2025-12-07 12:16:03,222 DeMo.train INFO: Epoch[36] Iteration[20/54] Loss: 1.058, Acc: 0.945, Base Lr: 5.00e-08
2025-12-07 12:16:05,640 DeMo.train INFO: Epoch[36] Iteration[30/54] Loss: 1.062, Acc: 0.941, Base Lr: 5.00e-08
2025-12-07 12:16:08,055 DeMo.train INFO: Epoch[36] Iteration[40/54] Loss: 1.059, Acc: 0.946, Base Lr: 5.00e-08
2025-12-07 12:16:10,462 DeMo.train INFO: Epoch[36] Iteration[50/54] Loss: 1.057, Acc: 0.952, Base Lr: 5.00e-08
2025-12-07 12:16:11,319 DeMo.train INFO: Epoch 36 done. Time per batch: 0.287[s] Speed: 222.7[samples/s]
2025-12-07 12:16:11,320 DeMo.train INFO: ~~~~~~~~~~~~~~~~~~~~~~~~~~~~~~~~~~~~~~~~~~~~~~~~~~
2025-12-07 12:16:11,320 DeMo.train INFO: Current is the [moe,ori] feature testing!
2025-12-07 12:16:11,320 DeMo.train INFO: ~~~~~~~~~~~~~~~~~~~~~~~~~~~~~~~~~~~~~~~~~~~~~~~~~~
The test feature is normalized
=> Computing DistMat with euclidean_distance
2025-12-07 12:16:22,719 DeMo.train INFO: Validation Results - Epoch: 36
2025-12-07 12:16:22,719 DeMo.train INFO: mAP: 72.5%
2025-12-07 12:16:22,719 DeMo.train INFO: CMC curve, Rank-1  :73.9%
2025-12-07 12:16:22,719 DeMo.train INFO: CMC curve, Rank-5  :85.0%
2025-12-07 12:16:22,719 DeMo.train INFO: CMC curve, Rank-10 :90.2%
2025-12-07 12:16:22,719 DeMo.train INFO: ~~~~~~~~~~~~~~~~~~~~~~~~~~~~~~~~~~~~~~~~~~~~~~~~~~
2025-12-07 12:16:23,320 DeMo.train INFO: ~~~~~~~~~~~~~~~~~~~~~~~~~~~~~~~~~~~~~~~~~~~~~~~~~~
2025-12-07 12:16:23,321 DeMo.train INFO: Best mAP: 72.6%
2025-12-07 12:16:23,321 DeMo.train INFO: Best Rank-1: 74.6%
2025-12-07 12:16:23,321 DeMo.train INFO: Best Rank-5: 85.9%
2025-12-07 12:16:23,321 DeMo.train INFO: Best Rank-10: 90.2%
2025-12-07 12:16:23,321 DeMo.train INFO: ~~~~~~~~~~~~~~~~~~~~~~~~~~~~~~~~~~~~~~~~~~~~~~~~~~
2025-12-07 12:16:28,184 DeMo.train INFO: Epoch[37] Iteration[10/54] Loss: 1.058, Acc: 0.913, Base Lr: 5.00e-08
2025-12-07 12:16:30,671 DeMo.train INFO: Epoch[37] Iteration[20/54] Loss: 1.057, Acc: 0.924, Base Lr: 5.00e-08
2025-12-07 12:16:33,102 DeMo.train INFO: Epoch[37] Iteration[30/54] Loss: 1.053, Acc: 0.934, Base Lr: 5.00e-08
2025-12-07 12:16:35,619 DeMo.train INFO: Epoch[37] Iteration[40/54] Loss: 1.050, Acc: 0.946, Base Lr: 5.00e-08
2025-12-07 12:16:38,016 DeMo.train INFO: Epoch[37] Iteration[50/54] Loss: 1.047, Acc: 0.955, Base Lr: 5.00e-08
2025-12-07 12:16:38,863 DeMo.train INFO: Epoch 37 done. Time per batch: 0.293[s] Speed: 218.2[samples/s]
2025-12-07 12:16:38,865 DeMo.train INFO: ~~~~~~~~~~~~~~~~~~~~~~~~~~~~~~~~~~~~~~~~~~~~~~~~~~
2025-12-07 12:16:38,865 DeMo.train INFO: Current is the [moe,ori] feature testing!
2025-12-07 12:16:38,865 DeMo.train INFO: ~~~~~~~~~~~~~~~~~~~~~~~~~~~~~~~~~~~~~~~~~~~~~~~~~~
The test feature is normalized
=> Computing DistMat with euclidean_distance
2025-12-07 12:16:49,755 DeMo.train INFO: Validation Results - Epoch: 37
2025-12-07 12:16:49,755 DeMo.train INFO: mAP: 72.5%
2025-12-07 12:16:49,756 DeMo.train INFO: CMC curve, Rank-1  :73.9%
2025-12-07 12:16:49,756 DeMo.train INFO: CMC curve, Rank-5  :85.0%
2025-12-07 12:16:49,756 DeMo.train INFO: CMC curve, Rank-10 :90.3%
2025-12-07 12:16:49,756 DeMo.train INFO: ~~~~~~~~~~~~~~~~~~~~~~~~~~~~~~~~~~~~~~~~~~~~~~~~~~
2025-12-07 12:16:50,308 DeMo.train INFO: ~~~~~~~~~~~~~~~~~~~~~~~~~~~~~~~~~~~~~~~~~~~~~~~~~~
2025-12-07 12:16:50,308 DeMo.train INFO: Best mAP: 72.6%
2025-12-07 12:16:50,308 DeMo.train INFO: Best Rank-1: 74.6%
2025-12-07 12:16:50,308 DeMo.train INFO: Best Rank-5: 85.9%
2025-12-07 12:16:50,308 DeMo.train INFO: Best Rank-10: 90.2%
2025-12-07 12:16:50,308 DeMo.train INFO: ~~~~~~~~~~~~~~~~~~~~~~~~~~~~~~~~~~~~~~~~~~~~~~~~~~
2025-12-07 12:16:54,976 DeMo.train INFO: Epoch[38] Iteration[10/54] Loss: 1.064, Acc: 0.934, Base Lr: 5.00e-08
2025-12-07 12:16:57,624 DeMo.train INFO: Epoch[38] Iteration[20/54] Loss: 1.057, Acc: 0.959, Base Lr: 5.00e-08
2025-12-07 12:17:00,030 DeMo.train INFO: Epoch[38] Iteration[30/54] Loss: 1.052, Acc: 0.954, Base Lr: 5.00e-08
2025-12-07 12:17:02,439 DeMo.train INFO: Epoch[38] Iteration[40/54] Loss: 1.052, Acc: 0.956, Base Lr: 5.00e-08
2025-12-07 12:17:04,843 DeMo.train INFO: Epoch[38] Iteration[50/54] Loss: 1.053, Acc: 0.953, Base Lr: 5.00e-08
2025-12-07 12:17:05,733 DeMo.train INFO: Epoch 38 done. Time per batch: 0.291[s] Speed: 219.9[samples/s]
2025-12-07 12:17:05,735 DeMo.train INFO: ~~~~~~~~~~~~~~~~~~~~~~~~~~~~~~~~~~~~~~~~~~~~~~~~~~
2025-12-07 12:17:05,735 DeMo.train INFO: Current is the [moe,ori] feature testing!
2025-12-07 12:17:05,735 DeMo.train INFO: ~~~~~~~~~~~~~~~~~~~~~~~~~~~~~~~~~~~~~~~~~~~~~~~~~~
The test feature is normalized
=> Computing DistMat with euclidean_distance
2025-12-07 12:17:16,592 DeMo.train INFO: Validation Results - Epoch: 38
2025-12-07 12:17:16,592 DeMo.train INFO: mAP: 72.7%
2025-12-07 12:17:16,592 DeMo.train INFO: CMC curve, Rank-1  :74.3%
2025-12-07 12:17:16,592 DeMo.train INFO: CMC curve, Rank-5  :85.2%
2025-12-07 12:17:16,592 DeMo.train INFO: CMC curve, Rank-10 :90.3%
2025-12-07 12:17:16,593 DeMo.train INFO: ~~~~~~~~~~~~~~~~~~~~~~~~~~~~~~~~~~~~~~~~~~~~~~~~~~
2025-12-07 12:17:33,566 DeMo.train INFO: ~~~~~~~~~~~~~~~~~~~~~~~~~~~~~~~~~~~~~~~~~~~~~~~~~~
2025-12-07 12:17:33,566 DeMo.train INFO: Best mAP: 72.7%
2025-12-07 12:17:33,566 DeMo.train INFO: Best Rank-1: 74.3%
2025-12-07 12:17:33,566 DeMo.train INFO: Best Rank-5: 85.2%
2025-12-07 12:17:33,566 DeMo.train INFO: Best Rank-10: 90.3%
2025-12-07 12:17:33,566 DeMo.train INFO: ~~~~~~~~~~~~~~~~~~~~~~~~~~~~~~~~~~~~~~~~~~~~~~~~~~
2025-12-07 12:17:38,789 DeMo.train INFO: Epoch[39] Iteration[10/54] Loss: 1.057, Acc: 0.911, Base Lr: 5.00e-08
2025-12-07 12:17:41,215 DeMo.train INFO: Epoch[39] Iteration[20/54] Loss: 1.053, Acc: 0.936, Base Lr: 5.00e-08
2025-12-07 12:17:43,608 DeMo.train INFO: Epoch[39] Iteration[30/54] Loss: 1.053, Acc: 0.943, Base Lr: 5.00e-08
2025-12-07 12:17:46,000 DeMo.train INFO: Epoch[39] Iteration[40/54] Loss: 1.051, Acc: 0.955, Base Lr: 5.00e-08
2025-12-07 12:17:48,384 DeMo.train INFO: Epoch[39] Iteration[50/54] Loss: 1.048, Acc: 0.954, Base Lr: 5.00e-08
2025-12-07 12:17:49,246 DeMo.train INFO: Epoch 39 done. Time per batch: 0.296[s] Speed: 216.3[samples/s]
2025-12-07 12:17:49,248 DeMo.train INFO: ~~~~~~~~~~~~~~~~~~~~~~~~~~~~~~~~~~~~~~~~~~~~~~~~~~
2025-12-07 12:17:49,248 DeMo.train INFO: Current is the [moe,ori] feature testing!
2025-12-07 12:17:49,248 DeMo.train INFO: ~~~~~~~~~~~~~~~~~~~~~~~~~~~~~~~~~~~~~~~~~~~~~~~~~~
The test feature is normalized
=> Computing DistMat with euclidean_distance
2025-12-07 12:18:00,019 DeMo.train INFO: Validation Results - Epoch: 39
2025-12-07 12:18:00,020 DeMo.train INFO: mAP: 72.6%
2025-12-07 12:18:00,020 DeMo.train INFO: CMC curve, Rank-1  :74.5%
2025-12-07 12:18:00,020 DeMo.train INFO: CMC curve, Rank-5  :85.3%
2025-12-07 12:18:00,020 DeMo.train INFO: CMC curve, Rank-10 :90.2%
2025-12-07 12:18:00,020 DeMo.train INFO: ~~~~~~~~~~~~~~~~~~~~~~~~~~~~~~~~~~~~~~~~~~~~~~~~~~
2025-12-07 12:18:00,815 DeMo.train INFO: ~~~~~~~~~~~~~~~~~~~~~~~~~~~~~~~~~~~~~~~~~~~~~~~~~~
2025-12-07 12:18:00,815 DeMo.train INFO: Best mAP: 72.7%
2025-12-07 12:18:00,816 DeMo.train INFO: Best Rank-1: 74.3%
2025-12-07 12:18:00,816 DeMo.train INFO: Best Rank-5: 85.2%
2025-12-07 12:18:00,816 DeMo.train INFO: Best Rank-10: 90.3%
2025-12-07 12:18:00,816 DeMo.train INFO: ~~~~~~~~~~~~~~~~~~~~~~~~~~~~~~~~~~~~~~~~~~~~~~~~~~
2025-12-07 12:18:05,568 DeMo.train INFO: Epoch[40] Iteration[10/54] Loss: 1.062, Acc: 0.913, Base Lr: 5.00e-08
2025-12-07 12:18:08,006 DeMo.train INFO: Epoch[40] Iteration[20/54] Loss: 1.060, Acc: 0.930, Base Lr: 5.00e-08
2025-12-07 12:18:10,431 DeMo.train INFO: Epoch[40] Iteration[30/54] Loss: 1.057, Acc: 0.942, Base Lr: 5.00e-08
2025-12-07 12:18:12,837 DeMo.train INFO: Epoch[40] Iteration[40/54] Loss: 1.058, Acc: 0.950, Base Lr: 5.00e-08
2025-12-07 12:18:15,236 DeMo.train INFO: Epoch[40] Iteration[50/54] Loss: 1.056, Acc: 0.953, Base Lr: 5.00e-08
2025-12-07 12:18:16,091 DeMo.train INFO: Epoch 40 done. Time per batch: 0.288[s] Speed: 222.1[samples/s]
2025-12-07 12:18:16,092 DeMo.train INFO: ~~~~~~~~~~~~~~~~~~~~~~~~~~~~~~~~~~~~~~~~~~~~~~~~~~
2025-12-07 12:18:16,092 DeMo.train INFO: Current is the [moe,ori] feature testing!
2025-12-07 12:18:16,092 DeMo.train INFO: ~~~~~~~~~~~~~~~~~~~~~~~~~~~~~~~~~~~~~~~~~~~~~~~~~~
The test feature is normalized
=> Computing DistMat with euclidean_distance
2025-12-07 12:18:27,718 DeMo.train INFO: Validation Results - Epoch: 40
2025-12-07 12:18:27,719 DeMo.train INFO: mAP: 72.8%
2025-12-07 12:18:27,719 DeMo.train INFO: CMC curve, Rank-1  :74.6%
2025-12-07 12:18:27,719 DeMo.train INFO: CMC curve, Rank-5  :85.8%
2025-12-07 12:18:27,719 DeMo.train INFO: CMC curve, Rank-10 :90.3%
2025-12-07 12:18:27,719 DeMo.train INFO: ~~~~~~~~~~~~~~~~~~~~~~~~~~~~~~~~~~~~~~~~~~~~~~~~~~
2025-12-07 12:18:44,998 DeMo.train INFO: ~~~~~~~~~~~~~~~~~~~~~~~~~~~~~~~~~~~~~~~~~~~~~~~~~~
2025-12-07 12:18:44,998 DeMo.train INFO: Best mAP: 72.8%
2025-12-07 12:18:44,998 DeMo.train INFO: Best Rank-1: 74.6%
2025-12-07 12:18:44,998 DeMo.train INFO: Best Rank-5: 85.8%
2025-12-07 12:18:44,998 DeMo.train INFO: Best Rank-10: 90.3%
2025-12-07 12:18:44,998 DeMo.train INFO: ~~~~~~~~~~~~~~~~~~~~~~~~~~~~~~~~~~~~~~~~~~~~~~~~~~
