2025-12-10 04:39:48,012 DeMo INFO: Saving model in the path :..
2025-12-10 04:39:48,012 DeMo INFO: Namespace(config_file='configs/RGBNT201/DeMo_SDTPS_DGAF_ablation.yml', exp_name=None, fea_cft=0, local_rank=0, opts=['MODEL.USE_SDTPS', 'True', 'MODEL.USE_DGAF', 'False', 'MODEL.GLOBAL_LOCAL', 'False', 'MODEL.SDTPS_CROSS_ATTN_TYPE', 'attention', 'MODEL.SDTPS_CROSS_ATTN_HEADS', '4'])
2025-12-10 04:39:48,012 DeMo INFO: Loaded configuration file configs/RGBNT201/DeMo_SDTPS_DGAF_ablation.yml
2025-12-10 04:39:48,013 DeMo INFO: 
MODEL:
  TRANSFORMER_TYPE: 'ViT-B-16'
  STRIDE_SIZE: [ 16, 16 ]
  SIE_CAMERA: True
  DIRECT: 1
  SIE_COE: 1.0
  ID_LOSS_WEIGHT: 0.25
  TRIPLET_LOSS_WEIGHT: 1.0
  GLOBAL_LOCAL: False  # DGAF V3 直接用 tokens，不需要 GLOBAL_LOCAL
  # Disable HDM and ATM
  HDM: False
  ATM: False
  # SACR disabled for ablation
  USE_SACR: False
  USE_MULTIMODAL_SACR: False
  # LIF disabled
  USE_LIF: False
  # SDTPS configuration
  USE_SDTPS: True
  SDTPS_SPARSE_RATIO: 0.7  # token 保留比例（70%）
  SDTPS_USE_GUMBEL: False  # 禁用 Gumbel（训练稳定性）
  SDTPS_GUMBEL_TAU: 5.0
  SDTPS_CROSS_ATTN_TYPE: 'attention'  # 使用 Cross-Attention（推荐）
  SDTPS_CROSS_ATTN_HEADS: 4  # Cross-Attention 头数
  # 已废弃参数（保留兼容性）
  SDTPS_BETA: 0.25         # 已不使用（原 MLP predictor 权重）
  SDTPS_AGGR_RATIO: 0.5    # 已不使用（原 TokenAggregation）
  SDTPS_LOSS_WEIGHT: 2.0   # SDTPS 分支的损失权重
  # DGAF: Dual-Gated Adaptive Fusion
  USE_DGAF: True
  DGAF_VERSION: 'v3'  # V3 接受 (B,N,C) tokens
  DGAF_TAU: 1.0
  DGAF_INIT_ALPHA: 0.5
  DGAF_NUM_HEADS: 8
  HEAD: 4

INPUT:
  SIZE_TRAIN: [ 256, 128 ]
  SIZE_TEST: [ 256, 128 ]
  PROB: 0.5
  RE_PROB: 0.5
  PADDING: 10

DATALOADER:
  SAMPLER: 'softmax_triplet'
  NUM_INSTANCE: 8
  NUM_WORKERS: 14

DATASETS:
  NAMES: ('RGBNT201')
  ROOT_DIR: '..'

SOLVER:
  BASE_LR: 0.000005
  LR_SCHEDULER: 'linear'
  MAX_EPOCHS: 50
  STEPS: [30, 40]
  GAMMA: 0.1
  WARMUP_ITERS: 0
  WARMUP_FACTOR: 0.01
  WARMUP_METHOD: 'linear'
  OPTIMIZER_NAME: 'Adam'
  IMS_PER_BATCH: 64
  EVAL_PERIOD: 1
  CHECKPOINT_PERIOD: 10

TEST:
  IMS_PER_BATCH: 128
  RE_RANKING: 'no'
  WEIGHT: ''
  NECK_FEAT: 'before'
  FEAT_NORM: 'yes'
  MISS: "nothing"

OUTPUT_DIR: '..'

# ============================================================================
# SDTPS + DGAF Ablation Config
# ============================================================================
# - SACR: disabled
# - SDTPS: configurable via command line
# - DGAF V3: configurable via command line
# - Training: lr=0.00035, epochs=50, warmup=10
# - TF32: enabled in train_net.py
# ============================================================================

2025-12-10 04:39:48,013 DeMo INFO: Running with config:
DATALOADER:
  NUM_INSTANCE: 8
  NUM_WORKERS: 14
  SAMPLER: softmax_triplet
DATASETS:
  NAMES: RGBNT201
  ROOT_DIR: ..
INPUT:
  PADDING: 10
  PIXEL_MEAN: [0.5, 0.5, 0.5]
  PIXEL_STD: [0.5, 0.5, 0.5]
  PROB: 0.5
  RE_PROB: 0.5
  SIZE_TEST: [256, 128]
  SIZE_TRAIN: [256, 128]
MODEL:
  ADAPTER: False
  ATM: False
  ATT_DROP_RATE: 0.0
  DEVICE: cuda
  DEVICE_ID: 0
  DGAF_INIT_ALPHA: 0.5
  DGAF_NUM_HEADS: 8
  DGAF_TAU: 1.0
  DGAF_VERSION: v3
  DIRECT: 1
  DIST_TRAIN: False
  DROP_OUT: 0.0
  DROP_PATH: 0.1
  FROZEN: False
  GLOBAL_LOCAL: False
  HDM: False
  HEAD: 4
  ID_LOSS_TYPE: softmax
  ID_LOSS_WEIGHT: 0.25
  IF_LABELSMOOTH: on
  IF_WITH_CENTER: no
  LIF_BETA: 0.4
  LIF_LAYER: 3
  LIF_LOSS_WEIGHT: 0.1
  METRIC_LOSS_TYPE: triplet
  MULTIMODAL_SACR_VERSION: v1
  NAME: DeMo
  NECK: bnneck
  NO_MARGIN: True
  PRETRAIN_PATH_T: /path/to/your/vitb_16_224_21k.pth
  PROMPT: False
  SACR_DILATION_RATES: [2, 3, 4]
  SDTPS_AGGR_RATIO: 0.5
  SDTPS_BETA: 0.25
  SDTPS_CROSS_ATTN_HEADS: 4
  SDTPS_CROSS_ATTN_TYPE: attention
  SDTPS_GUMBEL_TAU: 5.0
  SDTPS_LOSS_WEIGHT: 2.0
  SDTPS_SPARSE_RATIO: 0.7
  SDTPS_USE_GUMBEL: False
  SIE_CAMERA: True
  SIE_COE: 1.0
  SIE_VIEW: False
  STRIDE_SIZE: [16, 16]
  TRANSFORMER_TYPE: ViT-B-16
  TRIPLET_LOSS_WEIGHT: 1.0
  USE_DGAF: False
  USE_LIF: False
  USE_MULTIMODAL_SACR: False
  USE_SACR: False
  USE_SDTPS: True
OUTPUT_DIR: ..
SOLVER:
  BASE_LR: 5e-06
  CENTER_LOSS_WEIGHT: 0.0005
  CENTER_LR: 0.5
  CHECKPOINT_PERIOD: 10
  CLUSTER_MARGIN: 0.3
  COSINE_MARGIN: 0.5
  COSINE_SCALE: 30
  EVAL_PERIOD: 1
  GAMMA: 0.1
  IMS_PER_BATCH: 64
  LARGE_FC_LR: False
  LOG_PERIOD: 10
  LR_SCHEDULER: linear
  MARGIN: 0.3
  MAX_EPOCHS: 50
  MOMENTUM: 0.9
  OPTIMIZER_NAME: Adam
  RANGE_ALPHA: 0
  RANGE_BETA: 1
  RANGE_K: 2
  RANGE_LOSS_WEIGHT: 1
  RANGE_MARGIN: 0.3
  SEED: 1234
  STEPS: (30, 40)
  WARMUP_FACTOR: 0.01
  WARMUP_ITERS: 0
  WARMUP_METHOD: linear
  WEIGHT_DECAY: 0.0001
  WEIGHT_DECAY_BIAS: 0.0001
TEST:
  FEAT: 0
  FEAT_NORM: yes
  IMS_PER_BATCH: 128
  MISS: nothing
  NECK_FEAT: before
  RE_RANKING: no
  WEIGHT: 
=> RGBNT201 loaded
Dataset statistics:
  ----------------------------------------
  subset   | # ids | # images | # cameras
  ----------------------------------------
  train    |   171 |     3951 |         4
  query    |    30 |      836 |         2
  gallery  |    30 |      836 |         2
  ----------------------------------------
data is ready
using Transformer_type: ViT-B-16 as a backbone
Resized position embedding: %s to %s torch.Size([197, 768]) torch.Size([129, 768])
Position embedding resize to height:16 width: 8
Successfully load ckpt!
<All keys matched successfully>
Loading pretrained model from CLIP
camera number is : 4
===========Building DeMo===========
2025-12-10 04:39:59,659 DeMo INFO: DeMo(
  (BACKBONE): build_transformer(
    (base): VisionTransformer(
      (conv1): Conv2d(3, 768, kernel_size=(16, 16), stride=(16, 16), bias=False)
      (ln_pre): LayerNorm((768,), eps=1e-05, elementwise_affine=True)
      (transformer): Transformer(
        (resblocks): Sequential(
          (0): ResidualAttentionBlock(
            (attn): MultiheadAttention(
              (out_proj): NonDynamicallyQuantizableLinear(in_features=768, out_features=768, bias=True)
            )
            (ln_1): LayerNorm((768,), eps=1e-05, elementwise_affine=True)
            (mlp): Sequential(
              (c_fc): Linear(in_features=768, out_features=3072, bias=True)
              (gelu): QuickGELU()
              (c_proj): Linear(in_features=3072, out_features=768, bias=True)
            )
            (ln_2): LayerNorm((768,), eps=1e-05, elementwise_affine=True)
          )
          (1): ResidualAttentionBlock(
            (attn): MultiheadAttention(
              (out_proj): NonDynamicallyQuantizableLinear(in_features=768, out_features=768, bias=True)
            )
            (ln_1): LayerNorm((768,), eps=1e-05, elementwise_affine=True)
            (mlp): Sequential(
              (c_fc): Linear(in_features=768, out_features=3072, bias=True)
              (gelu): QuickGELU()
              (c_proj): Linear(in_features=3072, out_features=768, bias=True)
            )
            (ln_2): LayerNorm((768,), eps=1e-05, elementwise_affine=True)
          )
          (2): ResidualAttentionBlock(
            (attn): MultiheadAttention(
              (out_proj): NonDynamicallyQuantizableLinear(in_features=768, out_features=768, bias=True)
            )
            (ln_1): LayerNorm((768,), eps=1e-05, elementwise_affine=True)
            (mlp): Sequential(
              (c_fc): Linear(in_features=768, out_features=3072, bias=True)
              (gelu): QuickGELU()
              (c_proj): Linear(in_features=3072, out_features=768, bias=True)
            )
            (ln_2): LayerNorm((768,), eps=1e-05, elementwise_affine=True)
          )
          (3): ResidualAttentionBlock(
            (attn): MultiheadAttention(
              (out_proj): NonDynamicallyQuantizableLinear(in_features=768, out_features=768, bias=True)
            )
            (ln_1): LayerNorm((768,), eps=1e-05, elementwise_affine=True)
            (mlp): Sequential(
              (c_fc): Linear(in_features=768, out_features=3072, bias=True)
              (gelu): QuickGELU()
              (c_proj): Linear(in_features=3072, out_features=768, bias=True)
            )
            (ln_2): LayerNorm((768,), eps=1e-05, elementwise_affine=True)
          )
          (4): ResidualAttentionBlock(
            (attn): MultiheadAttention(
              (out_proj): NonDynamicallyQuantizableLinear(in_features=768, out_features=768, bias=True)
            )
            (ln_1): LayerNorm((768,), eps=1e-05, elementwise_affine=True)
            (mlp): Sequential(
              (c_fc): Linear(in_features=768, out_features=3072, bias=True)
              (gelu): QuickGELU()
              (c_proj): Linear(in_features=3072, out_features=768, bias=True)
            )
            (ln_2): LayerNorm((768,), eps=1e-05, elementwise_affine=True)
          )
          (5): ResidualAttentionBlock(
            (attn): MultiheadAttention(
              (out_proj): NonDynamicallyQuantizableLinear(in_features=768, out_features=768, bias=True)
            )
            (ln_1): LayerNorm((768,), eps=1e-05, elementwise_affine=True)
            (mlp): Sequential(
              (c_fc): Linear(in_features=768, out_features=3072, bias=True)
              (gelu): QuickGELU()
              (c_proj): Linear(in_features=3072, out_features=768, bias=True)
            )
            (ln_2): LayerNorm((768,), eps=1e-05, elementwise_affine=True)
          )
          (6): ResidualAttentionBlock(
            (attn): MultiheadAttention(
              (out_proj): NonDynamicallyQuantizableLinear(in_features=768, out_features=768, bias=True)
            )
            (ln_1): LayerNorm((768,), eps=1e-05, elementwise_affine=True)
            (mlp): Sequential(
              (c_fc): Linear(in_features=768, out_features=3072, bias=True)
              (gelu): QuickGELU()
              (c_proj): Linear(in_features=3072, out_features=768, bias=True)
            )
            (ln_2): LayerNorm((768,), eps=1e-05, elementwise_affine=True)
          )
          (7): ResidualAttentionBlock(
            (attn): MultiheadAttention(
              (out_proj): NonDynamicallyQuantizableLinear(in_features=768, out_features=768, bias=True)
            )
            (ln_1): LayerNorm((768,), eps=1e-05, elementwise_affine=True)
            (mlp): Sequential(
              (c_fc): Linear(in_features=768, out_features=3072, bias=True)
              (gelu): QuickGELU()
              (c_proj): Linear(in_features=3072, out_features=768, bias=True)
            )
            (ln_2): LayerNorm((768,), eps=1e-05, elementwise_affine=True)
          )
          (8): ResidualAttentionBlock(
            (attn): MultiheadAttention(
              (out_proj): NonDynamicallyQuantizableLinear(in_features=768, out_features=768, bias=True)
            )
            (ln_1): LayerNorm((768,), eps=1e-05, elementwise_affine=True)
            (mlp): Sequential(
              (c_fc): Linear(in_features=768, out_features=3072, bias=True)
              (gelu): QuickGELU()
              (c_proj): Linear(in_features=3072, out_features=768, bias=True)
            )
            (ln_2): LayerNorm((768,), eps=1e-05, elementwise_affine=True)
          )
          (9): ResidualAttentionBlock(
            (attn): MultiheadAttention(
              (out_proj): NonDynamicallyQuantizableLinear(in_features=768, out_features=768, bias=True)
            )
            (ln_1): LayerNorm((768,), eps=1e-05, elementwise_affine=True)
            (mlp): Sequential(
              (c_fc): Linear(in_features=768, out_features=3072, bias=True)
              (gelu): QuickGELU()
              (c_proj): Linear(in_features=3072, out_features=768, bias=True)
            )
            (ln_2): LayerNorm((768,), eps=1e-05, elementwise_affine=True)
          )
          (10): ResidualAttentionBlock(
            (attn): MultiheadAttention(
              (out_proj): NonDynamicallyQuantizableLinear(in_features=768, out_features=768, bias=True)
            )
            (ln_1): LayerNorm((768,), eps=1e-05, elementwise_affine=True)
            (mlp): Sequential(
              (c_fc): Linear(in_features=768, out_features=3072, bias=True)
              (gelu): QuickGELU()
              (c_proj): Linear(in_features=3072, out_features=768, bias=True)
            )
            (ln_2): LayerNorm((768,), eps=1e-05, elementwise_affine=True)
          )
          (11): ResidualAttentionBlock(
            (attn): MultiheadAttention(
              (out_proj): NonDynamicallyQuantizableLinear(in_features=768, out_features=768, bias=True)
            )
            (ln_1): LayerNorm((768,), eps=1e-05, elementwise_affine=True)
            (mlp): Sequential(
              (c_fc): Linear(in_features=768, out_features=3072, bias=True)
              (gelu): QuickGELU()
              (c_proj): Linear(in_features=3072, out_features=768, bias=True)
            )
            (ln_2): LayerNorm((768,), eps=1e-05, elementwise_affine=True)
          )
        )
      )
      (ln_post): LayerNorm((768,), eps=1e-05, elementwise_affine=True)
    )
  )
  (pool): AdaptiveAvgPool1d(output_size=1)
  (rgb_reduce): Sequential(
    (0): LayerNorm((1024,), eps=1e-05, elementwise_affine=True)
    (1): Linear(in_features=1024, out_features=512, bias=True)
    (2): QuickGELU()
  )
  (nir_reduce): Sequential(
    (0): LayerNorm((1024,), eps=1e-05, elementwise_affine=True)
    (1): Linear(in_features=1024, out_features=512, bias=True)
    (2): QuickGELU()
  )
  (tir_reduce): Sequential(
    (0): LayerNorm((1024,), eps=1e-05, elementwise_affine=True)
    (1): Linear(in_features=1024, out_features=512, bias=True)
    (2): QuickGELU()
  )
  (sdtps): MultiModalSDTPS(
    (rgb_sparse): TokenSparse(
      (modal_weight_mlp): Sequential(
        (0): Linear(in_features=1536, out_features=64, bias=True)
        (1): ReLU()
        (2): Linear(in_features=64, out_features=3, bias=True)
      )
    )
    (nir_sparse): TokenSparse(
      (modal_weight_mlp): Sequential(
        (0): Linear(in_features=1536, out_features=64, bias=True)
        (1): ReLU()
        (2): Linear(in_features=64, out_features=3, bias=True)
      )
    )
    (tir_sparse): TokenSparse(
      (modal_weight_mlp): Sequential(
        (0): Linear(in_features=1536, out_features=64, bias=True)
        (1): ReLU()
        (2): Linear(in_features=64, out_features=3, bias=True)
      )
    )
    (rgb_self_attn): CrossModalAttention(
      (q_proj): Linear(in_features=512, out_features=512, bias=True)
      (k_proj): Linear(in_features=512, out_features=512, bias=True)
      (attn_drop): Dropout(p=0.0, inplace=False)
    )
    (rgb_cross_nir): CrossModalAttention(
      (q_proj): Linear(in_features=512, out_features=512, bias=True)
      (k_proj): Linear(in_features=512, out_features=512, bias=True)
      (attn_drop): Dropout(p=0.0, inplace=False)
    )
    (rgb_cross_tir): CrossModalAttention(
      (q_proj): Linear(in_features=512, out_features=512, bias=True)
      (k_proj): Linear(in_features=512, out_features=512, bias=True)
      (attn_drop): Dropout(p=0.0, inplace=False)
    )
    (nir_self_attn): CrossModalAttention(
      (q_proj): Linear(in_features=512, out_features=512, bias=True)
      (k_proj): Linear(in_features=512, out_features=512, bias=True)
      (attn_drop): Dropout(p=0.0, inplace=False)
    )
    (nir_cross_rgb): CrossModalAttention(
      (q_proj): Linear(in_features=512, out_features=512, bias=True)
      (k_proj): Linear(in_features=512, out_features=512, bias=True)
      (attn_drop): Dropout(p=0.0, inplace=False)
    )
    (nir_cross_tir): CrossModalAttention(
      (q_proj): Linear(in_features=512, out_features=512, bias=True)
      (k_proj): Linear(in_features=512, out_features=512, bias=True)
      (attn_drop): Dropout(p=0.0, inplace=False)
    )
    (tir_self_attn): CrossModalAttention(
      (q_proj): Linear(in_features=512, out_features=512, bias=True)
      (k_proj): Linear(in_features=512, out_features=512, bias=True)
      (attn_drop): Dropout(p=0.0, inplace=False)
    )
    (tir_cross_rgb): CrossModalAttention(
      (q_proj): Linear(in_features=512, out_features=512, bias=True)
      (k_proj): Linear(in_features=512, out_features=512, bias=True)
      (attn_drop): Dropout(p=0.0, inplace=False)
    )
    (tir_cross_nir): CrossModalAttention(
      (q_proj): Linear(in_features=512, out_features=512, bias=True)
      (k_proj): Linear(in_features=512, out_features=512, bias=True)
      (attn_drop): Dropout(p=0.0, inplace=False)
    )
  )
  (classifier_sdtps): Linear(in_features=1536, out_features=171, bias=False)
  (bottleneck_sdtps): BatchNorm1d(1536, eps=1e-05, momentum=0.1, affine=True, track_running_stats=True)
  (classifier): Linear(in_features=1536, out_features=171, bias=False)
  (bottleneck): BatchNorm1d(1536, eps=1e-05, momentum=0.1, affine=True, track_running_stats=True)
)
2025-12-10 04:39:59,661 DeMo INFO: number of parameters:93.275913
/home/yij/miniconda3/envs/DeMo/lib/python3.8/site-packages/timm/models/helpers.py:7: FutureWarning: Importing from timm.models.helpers is deprecated, please import via timm.models
  warnings.warn(f"Importing from {__name__} is deprecated, please import via timm.models", FutureWarning)
/home/yij/miniconda3/envs/DeMo/lib/python3.8/site-packages/timm/models/registry.py:4: FutureWarning: Importing from timm.models.registry is deprecated, please import via timm.models
  warnings.warn(f"Importing from {__name__} is deprecated, please import via timm.models", FutureWarning)
/home/yij/miniconda3/envs/DeMo/lib/python3.8/site-packages/timm/models/layers/__init__.py:48: FutureWarning: Importing from timm.models.layers is deprecated, please import via timm.layers
  warnings.warn(f"Importing from {__name__} is deprecated, please import via timm.layers", FutureWarning)
/raid/yij/icme/demo2new/DeMo2/modeling/clip/clip.py:23: UserWarning: PyTorch version 1.7.1 or higher is recommended
  warnings.warn("PyTorch version 1.7.1 or higher is recommended")
/home/yij/miniconda3/envs/DeMo/lib/python3.8/site-packages/torchvision/transforms/transforms.py:329: UserWarning: Argument 'interpolation' of type int is deprecated since 0.13 and will be removed in 0.15. Please use InterpolationMode enum.
  warnings.warn(
The following submodules of the model were never called during the trace of the graph. They may be unused, or they were accessed by direct calls to .forward() or via other python methods. In the latter case they will have zeros for statistics, though their statistics will still contribute to their parent calling module.
BACKBONE.base.transformer.resblocks.0.attn.out_proj, BACKBONE.base.transformer.resblocks.1.attn.out_proj, BACKBONE.base.transformer.resblocks.10.attn.out_proj, BACKBONE.base.transformer.resblocks.11.attn.out_proj, BACKBONE.base.transformer.resblocks.2.attn.out_proj, BACKBONE.base.transformer.resblocks.3.attn.out_proj, BACKBONE.base.transformer.resblocks.4.attn.out_proj, BACKBONE.base.transformer.resblocks.5.attn.out_proj, BACKBONE.base.transformer.resblocks.6.attn.out_proj, BACKBONE.base.transformer.resblocks.7.attn.out_proj, BACKBONE.base.transformer.resblocks.8.attn.out_proj, BACKBONE.base.transformer.resblocks.9.attn.out_proj, bottleneck, bottleneck_sdtps, classifier, classifier_sdtps
~~~~~~~~~~~~~~~~~~~~~~~~~~~~~~~~~~~~~~~~~~~~~~~~~~~~~~~~~~~~~~~~~~~~~~~~~~~~~~~~~~~~~~~~~~~~~~~~
The out_proj here is called by the nn.MultiheadAttention, which has been calculated in th .forward(), so just ignore it.
~~~~~~~~~~~~~~~~~~~~~~~~~~~~~~~~~~~~~~~~~~~~~~~~~~~~~~~~~~~~~~~~~~~~~~~~~~~~~~~~~~~~~~~~~~~~~~~~
For the bottleneck or classifier, it is not calculated during inference, so just ignore it.
~~~~~~~~~~~~~~~~~~~~~~~~~~~~~~~~~~~~~~~~~~~~~~~~~~~~~~~~~~~~~~~~~~~~~~~~~~~~~~~~~~~~~~~~~~~~~~~~
2025-12-10 04:40:02,720 DeMo INFO: number of GFLOPs: 34.58441172
using soft triplet loss for training
label smooth on, numclasses: 171
2025-12-10 04:40:02,734 DeMo.train INFO: start training
/home/yij/miniconda3/envs/DeMo/lib/python3.8/site-packages/torch/optim/lr_scheduler.py:138: UserWarning: Detected call of `lr_scheduler.step()` before `optimizer.step()`. In PyTorch 1.1.0 and later, you should call them in the opposite order: `optimizer.step()` before `lr_scheduler.step()`.  Failure to do this will result in PyTorch skipping the first value of the learning rate schedule. See more details at https://pytorch.org/docs/stable/optim.html#how-to-adjust-learning-rate
  warnings.warn("Detected call of `lr_scheduler.step()` before `optimizer.step()`. "
/home/yij/miniconda3/envs/DeMo/lib/python3.8/site-packages/torch/optim/lr_scheduler.py:163: UserWarning: The epoch parameter in `scheduler.step()` was not necessary and is being deprecated where possible. Please use `scheduler.step()` to step the scheduler. During the deprecation, if epoch is different from None, the closed form is used instead of the new chainable form, where available. Please open an issue if you are unable to replicate your use case: https://github.com/pytorch/pytorch/issues/new/choose.
  warnings.warn(EPOCH_DEPRECATION_WARNING, UserWarning)
2025-12-10 04:40:07,983 DeMo.train INFO: Epoch[1] Iteration[10/54] Loss: 5.601, Acc: 0.005, Base Lr: 5.00e-06
2025-12-10 04:40:10,455 DeMo.train INFO: Epoch[1] Iteration[20/54] Loss: 4.956, Acc: 0.005, Base Lr: 5.00e-06
2025-12-10 04:40:12,897 DeMo.train INFO: Epoch[1] Iteration[30/54] Loss: 4.686, Acc: 0.007, Base Lr: 5.00e-06
2025-12-10 04:40:15,358 DeMo.train INFO: Epoch[1] Iteration[40/54] Loss: 4.511, Acc: 0.007, Base Lr: 5.00e-06
2025-12-10 04:40:17,819 DeMo.train INFO: Epoch[1] Iteration[50/54] Loss: 4.404, Acc: 0.007, Base Lr: 5.00e-06
2025-12-10 04:40:18,688 DeMo.train INFO: Epoch 1 done. Time per batch: 0.301[s] Speed: 212.9[samples/s]
2025-12-10 04:40:18,689 DeMo.train INFO: ~~~~~~~~~~~~~~~~~~~~~~~~~~~~~~~~~~~~~~~~~~~~~~~~~~
2025-12-10 04:40:18,689 DeMo.train INFO: Current is the ori feature testing!
2025-12-10 04:40:18,689 DeMo.train INFO: ~~~~~~~~~~~~~~~~~~~~~~~~~~~~~~~~~~~~~~~~~~~~~~~~~~
The test feature is normalized
=> Computing DistMat with euclidean_distance
2025-12-10 04:40:25,100 DeMo.train INFO: Validation Results - Epoch: 1
2025-12-10 04:40:25,101 DeMo.train INFO: mAP: 15.5%
2025-12-10 04:40:25,101 DeMo.train INFO: CMC curve, Rank-1  :12.2%
2025-12-10 04:40:25,101 DeMo.train INFO: CMC curve, Rank-5  :23.8%
2025-12-10 04:40:25,101 DeMo.train INFO: CMC curve, Rank-10 :33.3%
2025-12-10 04:40:25,101 DeMo.train INFO: ~~~~~~~~~~~~~~~~~~~~~~~~~~~~~~~~~~~~~~~~~~~~~~~~~~
2025-12-10 04:40:25,102 DeMo.train INFO: ~~~~~~~~~~~~~~~~~~~~~~~~~~~~~~~~~~~~~~~~~~~~~~~~~~
2025-12-10 04:40:25,102 DeMo.train INFO: Current is the moe feature testing!
2025-12-10 04:40:25,102 DeMo.train INFO: ~~~~~~~~~~~~~~~~~~~~~~~~~~~~~~~~~~~~~~~~~~~~~~~~~~
The test feature is normalized
=> Computing DistMat with euclidean_distance
2025-12-10 04:40:29,940 DeMo.train INFO: Validation Results - Epoch: 1
2025-12-10 04:40:29,940 DeMo.train INFO: mAP: 15.5%
2025-12-10 04:40:29,940 DeMo.train INFO: CMC curve, Rank-1  :12.2%
2025-12-10 04:40:29,940 DeMo.train INFO: CMC curve, Rank-5  :23.8%
2025-12-10 04:40:29,940 DeMo.train INFO: CMC curve, Rank-10 :33.3%
2025-12-10 04:40:29,940 DeMo.train INFO: ~~~~~~~~~~~~~~~~~~~~~~~~~~~~~~~~~~~~~~~~~~~~~~~~~~
2025-12-10 04:40:31,091 DeMo.train INFO: ~~~~~~~~~~~~~~~~~~~~~~~~~~~~~~~~~~~~~~~~~~~~~~~~~~
2025-12-10 04:40:31,091 DeMo.train INFO: Current is the [moe,ori] feature testing!
2025-12-10 04:40:31,092 DeMo.train INFO: ~~~~~~~~~~~~~~~~~~~~~~~~~~~~~~~~~~~~~~~~~~~~~~~~~~
The test feature is normalized
=> Computing DistMat with euclidean_distance
2025-12-10 04:40:37,089 DeMo.train INFO: Validation Results - Epoch: 1
2025-12-10 04:40:37,089 DeMo.train INFO: mAP: 15.5%
2025-12-10 04:40:37,089 DeMo.train INFO: CMC curve, Rank-1  :12.2%
2025-12-10 04:40:37,089 DeMo.train INFO: CMC curve, Rank-5  :23.8%
2025-12-10 04:40:37,089 DeMo.train INFO: CMC curve, Rank-10 :33.3%
2025-12-10 04:40:37,089 DeMo.train INFO: ~~~~~~~~~~~~~~~~~~~~~~~~~~~~~~~~~~~~~~~~~~~~~~~~~~
2025-12-10 04:40:37,572 DeMo.train INFO: ~~~~~~~~~~~~~~~~~~~~~~~~~~~~~~~~~~~~~~~~~~~~~~~~~~
2025-12-10 04:40:37,573 DeMo.train INFO: Best mAP: 15.5%
2025-12-10 04:40:37,573 DeMo.train INFO: Best Rank-1: 12.2%
2025-12-10 04:40:37,573 DeMo.train INFO: Best Rank-5: 23.8%
2025-12-10 04:40:37,573 DeMo.train INFO: Best Rank-10: 33.3%
2025-12-10 04:40:37,573 DeMo.train INFO: ~~~~~~~~~~~~~~~~~~~~~~~~~~~~~~~~~~~~~~~~~~~~~~~~~~
2025-12-10 04:40:41,394 DeMo.train INFO: Epoch[2] Iteration[10/54] Loss: 3.831, Acc: 0.025, Base Lr: 5.00e-06
2025-12-10 04:40:43,880 DeMo.train INFO: Epoch[2] Iteration[20/54] Loss: 3.785, Acc: 0.035, Base Lr: 5.00e-06
2025-12-10 04:40:46,352 DeMo.train INFO: Epoch[2] Iteration[30/54] Loss: 3.743, Acc: 0.045, Base Lr: 5.00e-06
2025-12-10 04:40:48,855 DeMo.train INFO: Epoch[2] Iteration[40/54] Loss: 3.702, Acc: 0.048, Base Lr: 5.00e-06
2025-12-10 04:40:51,319 DeMo.train INFO: Epoch[2] Iteration[50/54] Loss: 3.652, Acc: 0.049, Base Lr: 5.00e-06
2025-12-10 04:40:52,189 DeMo.train INFO: Epoch 2 done. Time per batch: 0.276[s] Speed: 232.1[samples/s]
2025-12-10 04:40:52,190 DeMo.train INFO: ~~~~~~~~~~~~~~~~~~~~~~~~~~~~~~~~~~~~~~~~~~~~~~~~~~
2025-12-10 04:40:52,190 DeMo.train INFO: Current is the ori feature testing!
2025-12-10 04:40:52,191 DeMo.train INFO: ~~~~~~~~~~~~~~~~~~~~~~~~~~~~~~~~~~~~~~~~~~~~~~~~~~
The test feature is normalized
=> Computing DistMat with euclidean_distance
2025-12-10 04:40:57,091 DeMo.train INFO: Validation Results - Epoch: 2
2025-12-10 04:40:57,092 DeMo.train INFO: mAP: 37.4%
2025-12-10 04:40:57,092 DeMo.train INFO: CMC curve, Rank-1  :35.8%
2025-12-10 04:40:57,092 DeMo.train INFO: CMC curve, Rank-5  :51.7%
2025-12-10 04:40:57,092 DeMo.train INFO: CMC curve, Rank-10 :61.1%
2025-12-10 04:40:57,092 DeMo.train INFO: ~~~~~~~~~~~~~~~~~~~~~~~~~~~~~~~~~~~~~~~~~~~~~~~~~~
2025-12-10 04:40:57,153 DeMo.train INFO: ~~~~~~~~~~~~~~~~~~~~~~~~~~~~~~~~~~~~~~~~~~~~~~~~~~
2025-12-10 04:40:57,154 DeMo.train INFO: Current is the moe feature testing!
2025-12-10 04:40:57,154 DeMo.train INFO: ~~~~~~~~~~~~~~~~~~~~~~~~~~~~~~~~~~~~~~~~~~~~~~~~~~
The test feature is normalized
=> Computing DistMat with euclidean_distance
2025-12-10 04:41:02,110 DeMo.train INFO: Validation Results - Epoch: 2
2025-12-10 04:41:02,110 DeMo.train INFO: mAP: 37.4%
2025-12-10 04:41:02,111 DeMo.train INFO: CMC curve, Rank-1  :35.8%
2025-12-10 04:41:02,111 DeMo.train INFO: CMC curve, Rank-5  :51.7%
2025-12-10 04:41:02,111 DeMo.train INFO: CMC curve, Rank-10 :61.1%
2025-12-10 04:41:02,111 DeMo.train INFO: ~~~~~~~~~~~~~~~~~~~~~~~~~~~~~~~~~~~~~~~~~~~~~~~~~~
2025-12-10 04:41:03,136 DeMo.train INFO: ~~~~~~~~~~~~~~~~~~~~~~~~~~~~~~~~~~~~~~~~~~~~~~~~~~
2025-12-10 04:41:03,137 DeMo.train INFO: Current is the [moe,ori] feature testing!
2025-12-10 04:41:03,137 DeMo.train INFO: ~~~~~~~~~~~~~~~~~~~~~~~~~~~~~~~~~~~~~~~~~~~~~~~~~~
The test feature is normalized
=> Computing DistMat with euclidean_distance
2025-12-10 04:41:09,544 DeMo.train INFO: Validation Results - Epoch: 2
2025-12-10 04:41:09,545 DeMo.train INFO: mAP: 37.4%
2025-12-10 04:41:09,545 DeMo.train INFO: CMC curve, Rank-1  :35.8%
2025-12-10 04:41:09,545 DeMo.train INFO: CMC curve, Rank-5  :51.7%
2025-12-10 04:41:09,545 DeMo.train INFO: CMC curve, Rank-10 :61.1%
2025-12-10 04:41:09,545 DeMo.train INFO: ~~~~~~~~~~~~~~~~~~~~~~~~~~~~~~~~~~~~~~~~~~~~~~~~~~
2025-12-10 04:41:10,484 DeMo.train INFO: ~~~~~~~~~~~~~~~~~~~~~~~~~~~~~~~~~~~~~~~~~~~~~~~~~~
2025-12-10 04:41:10,485 DeMo.train INFO: Best mAP: 37.4%
2025-12-10 04:41:10,485 DeMo.train INFO: Best Rank-1: 35.8%
2025-12-10 04:41:10,485 DeMo.train INFO: Best Rank-5: 51.7%
2025-12-10 04:41:10,485 DeMo.train INFO: Best Rank-10: 61.1%
2025-12-10 04:41:10,485 DeMo.train INFO: ~~~~~~~~~~~~~~~~~~~~~~~~~~~~~~~~~~~~~~~~~~~~~~~~~~
2025-12-10 04:41:15,073 DeMo.train INFO: Epoch[3] Iteration[10/54] Loss: 3.244, Acc: 0.123, Base Lr: 5.00e-06
2025-12-10 04:41:17,547 DeMo.train INFO: Epoch[3] Iteration[20/54] Loss: 3.265, Acc: 0.107, Base Lr: 5.00e-06
2025-12-10 04:41:19,996 DeMo.train INFO: Epoch[3] Iteration[30/54] Loss: 3.234, Acc: 0.128, Base Lr: 5.00e-06
2025-12-10 04:41:22,477 DeMo.train INFO: Epoch[3] Iteration[40/54] Loss: 3.177, Acc: 0.143, Base Lr: 5.00e-06
2025-12-10 04:41:24,943 DeMo.train INFO: Epoch[3] Iteration[50/54] Loss: 3.180, Acc: 0.157, Base Lr: 5.00e-06
2025-12-10 04:41:25,809 DeMo.train INFO: Epoch 3 done. Time per batch: 0.289[s] Speed: 221.3[samples/s]
2025-12-10 04:41:25,811 DeMo.train INFO: ~~~~~~~~~~~~~~~~~~~~~~~~~~~~~~~~~~~~~~~~~~~~~~~~~~
2025-12-10 04:41:25,811 DeMo.train INFO: Current is the ori feature testing!
2025-12-10 04:41:25,811 DeMo.train INFO: ~~~~~~~~~~~~~~~~~~~~~~~~~~~~~~~~~~~~~~~~~~~~~~~~~~
The test feature is normalized
=> Computing DistMat with euclidean_distance
2025-12-10 04:41:31,132 DeMo.train INFO: Validation Results - Epoch: 3
2025-12-10 04:41:31,132 DeMo.train INFO: mAP: 50.6%
2025-12-10 04:41:31,132 DeMo.train INFO: CMC curve, Rank-1  :48.8%
2025-12-10 04:41:31,132 DeMo.train INFO: CMC curve, Rank-5  :63.5%
2025-12-10 04:41:31,132 DeMo.train INFO: CMC curve, Rank-10 :71.5%
2025-12-10 04:41:31,132 DeMo.train INFO: ~~~~~~~~~~~~~~~~~~~~~~~~~~~~~~~~~~~~~~~~~~~~~~~~~~
2025-12-10 04:41:32,228 DeMo.train INFO: ~~~~~~~~~~~~~~~~~~~~~~~~~~~~~~~~~~~~~~~~~~~~~~~~~~
2025-12-10 04:41:32,228 DeMo.train INFO: Current is the moe feature testing!
2025-12-10 04:41:32,228 DeMo.train INFO: ~~~~~~~~~~~~~~~~~~~~~~~~~~~~~~~~~~~~~~~~~~~~~~~~~~
The test feature is normalized
=> Computing DistMat with euclidean_distance
2025-12-10 04:41:38,107 DeMo.train INFO: Validation Results - Epoch: 3
2025-12-10 04:41:38,107 DeMo.train INFO: mAP: 50.6%
2025-12-10 04:41:38,107 DeMo.train INFO: CMC curve, Rank-1  :48.8%
2025-12-10 04:41:38,107 DeMo.train INFO: CMC curve, Rank-5  :63.5%
2025-12-10 04:41:38,107 DeMo.train INFO: CMC curve, Rank-10 :71.5%
2025-12-10 04:41:38,107 DeMo.train INFO: ~~~~~~~~~~~~~~~~~~~~~~~~~~~~~~~~~~~~~~~~~~~~~~~~~~
2025-12-10 04:41:38,111 DeMo.train INFO: ~~~~~~~~~~~~~~~~~~~~~~~~~~~~~~~~~~~~~~~~~~~~~~~~~~
2025-12-10 04:41:38,111 DeMo.train INFO: Current is the [moe,ori] feature testing!
2025-12-10 04:41:38,111 DeMo.train INFO: ~~~~~~~~~~~~~~~~~~~~~~~~~~~~~~~~~~~~~~~~~~~~~~~~~~
The test feature is normalized
=> Computing DistMat with euclidean_distance
2025-12-10 04:41:43,124 DeMo.train INFO: Validation Results - Epoch: 3
2025-12-10 04:41:43,125 DeMo.train INFO: mAP: 50.6%
2025-12-10 04:41:43,125 DeMo.train INFO: CMC curve, Rank-1  :48.8%
2025-12-10 04:41:43,125 DeMo.train INFO: CMC curve, Rank-5  :63.5%
2025-12-10 04:41:43,125 DeMo.train INFO: CMC curve, Rank-10 :71.5%
2025-12-10 04:41:43,125 DeMo.train INFO: ~~~~~~~~~~~~~~~~~~~~~~~~~~~~~~~~~~~~~~~~~~~~~~~~~~
2025-12-10 04:41:43,617 DeMo.train INFO: ~~~~~~~~~~~~~~~~~~~~~~~~~~~~~~~~~~~~~~~~~~~~~~~~~~
2025-12-10 04:41:43,617 DeMo.train INFO: Best mAP: 50.6%
2025-12-10 04:41:43,617 DeMo.train INFO: Best Rank-1: 48.8%
2025-12-10 04:41:43,617 DeMo.train INFO: Best Rank-5: 63.5%
2025-12-10 04:41:43,618 DeMo.train INFO: Best Rank-10: 71.5%
2025-12-10 04:41:43,618 DeMo.train INFO: ~~~~~~~~~~~~~~~~~~~~~~~~~~~~~~~~~~~~~~~~~~~~~~~~~~
2025-12-10 04:41:47,296 DeMo.train INFO: Epoch[4] Iteration[10/54] Loss: 2.916, Acc: 0.277, Base Lr: 5.00e-06
2025-12-10 04:41:50,409 DeMo.train INFO: Epoch[4] Iteration[20/54] Loss: 2.868, Acc: 0.295, Base Lr: 5.00e-06
2025-12-10 04:41:52,869 DeMo.train INFO: Epoch[4] Iteration[30/54] Loss: 2.868, Acc: 0.299, Base Lr: 5.00e-06
2025-12-10 04:41:55,358 DeMo.train INFO: Epoch[4] Iteration[40/54] Loss: 2.847, Acc: 0.318, Base Lr: 5.00e-06
2025-12-10 04:41:57,828 DeMo.train INFO: Epoch[4] Iteration[50/54] Loss: 2.839, Acc: 0.330, Base Lr: 5.00e-06
2025-12-10 04:41:58,695 DeMo.train INFO: Epoch 4 done. Time per batch: 0.284[s] Speed: 225.0[samples/s]
2025-12-10 04:41:58,697 DeMo.train INFO: ~~~~~~~~~~~~~~~~~~~~~~~~~~~~~~~~~~~~~~~~~~~~~~~~~~
2025-12-10 04:41:58,697 DeMo.train INFO: Current is the ori feature testing!
2025-12-10 04:41:58,697 DeMo.train INFO: ~~~~~~~~~~~~~~~~~~~~~~~~~~~~~~~~~~~~~~~~~~~~~~~~~~
The test feature is normalized
=> Computing DistMat with euclidean_distance
2025-12-10 04:42:03,507 DeMo.train INFO: Validation Results - Epoch: 4
2025-12-10 04:42:03,507 DeMo.train INFO: mAP: 56.9%
2025-12-10 04:42:03,507 DeMo.train INFO: CMC curve, Rank-1  :56.3%
2025-12-10 04:42:03,507 DeMo.train INFO: CMC curve, Rank-5  :72.1%
2025-12-10 04:42:03,507 DeMo.train INFO: CMC curve, Rank-10 :78.8%
2025-12-10 04:42:03,507 DeMo.train INFO: ~~~~~~~~~~~~~~~~~~~~~~~~~~~~~~~~~~~~~~~~~~~~~~~~~~
2025-12-10 04:42:04,410 DeMo.train INFO: ~~~~~~~~~~~~~~~~~~~~~~~~~~~~~~~~~~~~~~~~~~~~~~~~~~
2025-12-10 04:42:04,410 DeMo.train INFO: Current is the moe feature testing!
2025-12-10 04:42:04,411 DeMo.train INFO: ~~~~~~~~~~~~~~~~~~~~~~~~~~~~~~~~~~~~~~~~~~~~~~~~~~
The test feature is normalized
=> Computing DistMat with euclidean_distance
2025-12-10 04:42:09,990 DeMo.train INFO: Validation Results - Epoch: 4
2025-12-10 04:42:09,990 DeMo.train INFO: mAP: 56.9%
2025-12-10 04:42:09,990 DeMo.train INFO: CMC curve, Rank-1  :56.3%
2025-12-10 04:42:09,990 DeMo.train INFO: CMC curve, Rank-5  :72.1%
2025-12-10 04:42:09,990 DeMo.train INFO: CMC curve, Rank-10 :78.8%
2025-12-10 04:42:09,990 DeMo.train INFO: ~~~~~~~~~~~~~~~~~~~~~~~~~~~~~~~~~~~~~~~~~~~~~~~~~~
2025-12-10 04:42:10,002 DeMo.train INFO: ~~~~~~~~~~~~~~~~~~~~~~~~~~~~~~~~~~~~~~~~~~~~~~~~~~
2025-12-10 04:42:10,002 DeMo.train INFO: Current is the [moe,ori] feature testing!
2025-12-10 04:42:10,002 DeMo.train INFO: ~~~~~~~~~~~~~~~~~~~~~~~~~~~~~~~~~~~~~~~~~~~~~~~~~~
The test feature is normalized
=> Computing DistMat with euclidean_distance
2025-12-10 04:42:14,893 DeMo.train INFO: Validation Results - Epoch: 4
2025-12-10 04:42:14,893 DeMo.train INFO: mAP: 56.9%
2025-12-10 04:42:14,893 DeMo.train INFO: CMC curve, Rank-1  :56.3%
2025-12-10 04:42:14,893 DeMo.train INFO: CMC curve, Rank-5  :72.1%
2025-12-10 04:42:14,893 DeMo.train INFO: CMC curve, Rank-10 :78.8%
2025-12-10 04:42:14,893 DeMo.train INFO: ~~~~~~~~~~~~~~~~~~~~~~~~~~~~~~~~~~~~~~~~~~~~~~~~~~
2025-12-10 04:42:15,425 DeMo.train INFO: ~~~~~~~~~~~~~~~~~~~~~~~~~~~~~~~~~~~~~~~~~~~~~~~~~~
2025-12-10 04:42:15,425 DeMo.train INFO: Best mAP: 56.9%
2025-12-10 04:42:15,425 DeMo.train INFO: Best Rank-1: 56.3%
2025-12-10 04:42:15,425 DeMo.train INFO: Best Rank-5: 72.1%
2025-12-10 04:42:15,425 DeMo.train INFO: Best Rank-10: 78.8%
2025-12-10 04:42:15,425 DeMo.train INFO: ~~~~~~~~~~~~~~~~~~~~~~~~~~~~~~~~~~~~~~~~~~~~~~~~~~
2025-12-10 04:42:19,024 DeMo.train INFO: Epoch[5] Iteration[10/54] Loss: 2.670, Acc: 0.530, Base Lr: 5.00e-06
2025-12-10 04:42:21,524 DeMo.train INFO: Epoch[5] Iteration[20/54] Loss: 2.709, Acc: 0.523, Base Lr: 5.00e-06
2025-12-10 04:42:23,973 DeMo.train INFO: Epoch[5] Iteration[30/54] Loss: 2.696, Acc: 0.520, Base Lr: 5.00e-06
2025-12-10 04:42:26,456 DeMo.train INFO: Epoch[5] Iteration[40/54] Loss: 2.699, Acc: 0.529, Base Lr: 5.00e-06
2025-12-10 04:42:28,925 DeMo.train INFO: Epoch[5] Iteration[50/54] Loss: 2.708, Acc: 0.541, Base Lr: 5.00e-06
2025-12-10 04:42:29,790 DeMo.train INFO: Epoch 5 done. Time per batch: 0.271[s] Speed: 236.1[samples/s]
2025-12-10 04:42:29,791 DeMo.train INFO: ~~~~~~~~~~~~~~~~~~~~~~~~~~~~~~~~~~~~~~~~~~~~~~~~~~
2025-12-10 04:42:29,791 DeMo.train INFO: Current is the ori feature testing!
2025-12-10 04:42:29,791 DeMo.train INFO: ~~~~~~~~~~~~~~~~~~~~~~~~~~~~~~~~~~~~~~~~~~~~~~~~~~
The test feature is normalized
=> Computing DistMat with euclidean_distance
2025-12-10 04:42:34,675 DeMo.train INFO: Validation Results - Epoch: 5
2025-12-10 04:42:34,675 DeMo.train INFO: mAP: 62.8%
2025-12-10 04:42:34,675 DeMo.train INFO: CMC curve, Rank-1  :62.7%
2025-12-10 04:42:34,675 DeMo.train INFO: CMC curve, Rank-5  :78.3%
2025-12-10 04:42:34,675 DeMo.train INFO: CMC curve, Rank-10 :85.3%
2025-12-10 04:42:34,675 DeMo.train INFO: ~~~~~~~~~~~~~~~~~~~~~~~~~~~~~~~~~~~~~~~~~~~~~~~~~~
2025-12-10 04:42:34,741 DeMo.train INFO: ~~~~~~~~~~~~~~~~~~~~~~~~~~~~~~~~~~~~~~~~~~~~~~~~~~
2025-12-10 04:42:34,741 DeMo.train INFO: Current is the moe feature testing!
2025-12-10 04:42:34,741 DeMo.train INFO: ~~~~~~~~~~~~~~~~~~~~~~~~~~~~~~~~~~~~~~~~~~~~~~~~~~
The test feature is normalized
=> Computing DistMat with euclidean_distance
2025-12-10 04:42:39,707 DeMo.train INFO: Validation Results - Epoch: 5
2025-12-10 04:42:39,707 DeMo.train INFO: mAP: 62.8%
2025-12-10 04:42:39,708 DeMo.train INFO: CMC curve, Rank-1  :62.7%
2025-12-10 04:42:39,708 DeMo.train INFO: CMC curve, Rank-5  :78.3%
2025-12-10 04:42:39,708 DeMo.train INFO: CMC curve, Rank-10 :85.3%
2025-12-10 04:42:39,708 DeMo.train INFO: ~~~~~~~~~~~~~~~~~~~~~~~~~~~~~~~~~~~~~~~~~~~~~~~~~~
2025-12-10 04:42:39,711 DeMo.train INFO: ~~~~~~~~~~~~~~~~~~~~~~~~~~~~~~~~~~~~~~~~~~~~~~~~~~
2025-12-10 04:42:39,711 DeMo.train INFO: Current is the [moe,ori] feature testing!
2025-12-10 04:42:39,711 DeMo.train INFO: ~~~~~~~~~~~~~~~~~~~~~~~~~~~~~~~~~~~~~~~~~~~~~~~~~~
The test feature is normalized
=> Computing DistMat with euclidean_distance
2025-12-10 04:42:44,621 DeMo.train INFO: Validation Results - Epoch: 5
2025-12-10 04:42:44,621 DeMo.train INFO: mAP: 62.8%
2025-12-10 04:42:44,621 DeMo.train INFO: CMC curve, Rank-1  :62.7%
2025-12-10 04:42:44,621 DeMo.train INFO: CMC curve, Rank-5  :78.3%
2025-12-10 04:42:44,621 DeMo.train INFO: CMC curve, Rank-10 :85.3%
2025-12-10 04:42:44,621 DeMo.train INFO: ~~~~~~~~~~~~~~~~~~~~~~~~~~~~~~~~~~~~~~~~~~~~~~~~~~
2025-12-10 04:42:45,037 DeMo.train INFO: ~~~~~~~~~~~~~~~~~~~~~~~~~~~~~~~~~~~~~~~~~~~~~~~~~~
2025-12-10 04:42:45,037 DeMo.train INFO: Best mAP: 62.8%
2025-12-10 04:42:45,037 DeMo.train INFO: Best Rank-1: 62.7%
2025-12-10 04:42:45,037 DeMo.train INFO: Best Rank-5: 78.3%
2025-12-10 04:42:45,037 DeMo.train INFO: Best Rank-10: 85.3%
2025-12-10 04:42:45,037 DeMo.train INFO: ~~~~~~~~~~~~~~~~~~~~~~~~~~~~~~~~~~~~~~~~~~~~~~~~~~
2025-12-10 04:42:48,842 DeMo.train INFO: Epoch[6] Iteration[10/54] Loss: 2.627, Acc: 0.630, Base Lr: 5.00e-06
2025-12-10 04:42:51,785 DeMo.train INFO: Epoch[6] Iteration[20/54] Loss: 2.636, Acc: 0.630, Base Lr: 5.00e-06
2025-12-10 04:42:54,246 DeMo.train INFO: Epoch[6] Iteration[30/54] Loss: 2.631, Acc: 0.667, Base Lr: 5.00e-06
2025-12-10 04:42:56,742 DeMo.train INFO: Epoch[6] Iteration[40/54] Loss: 2.640, Acc: 0.669, Base Lr: 5.00e-06
2025-12-10 04:42:59,212 DeMo.train INFO: Epoch[6] Iteration[50/54] Loss: 2.643, Acc: 0.688, Base Lr: 5.00e-06
2025-12-10 04:43:00,085 DeMo.train INFO: Epoch 6 done. Time per batch: 0.284[s] Speed: 225.4[samples/s]
2025-12-10 04:43:00,086 DeMo.train INFO: ~~~~~~~~~~~~~~~~~~~~~~~~~~~~~~~~~~~~~~~~~~~~~~~~~~
2025-12-10 04:43:00,086 DeMo.train INFO: Current is the ori feature testing!
2025-12-10 04:43:00,086 DeMo.train INFO: ~~~~~~~~~~~~~~~~~~~~~~~~~~~~~~~~~~~~~~~~~~~~~~~~~~
The test feature is normalized
=> Computing DistMat with euclidean_distance
2025-12-10 04:43:05,057 DeMo.train INFO: Validation Results - Epoch: 6
2025-12-10 04:43:05,058 DeMo.train INFO: mAP: 66.1%
2025-12-10 04:43:05,058 DeMo.train INFO: CMC curve, Rank-1  :66.5%
2025-12-10 04:43:05,058 DeMo.train INFO: CMC curve, Rank-5  :77.4%
2025-12-10 04:43:05,058 DeMo.train INFO: CMC curve, Rank-10 :83.7%
2025-12-10 04:43:05,058 DeMo.train INFO: ~~~~~~~~~~~~~~~~~~~~~~~~~~~~~~~~~~~~~~~~~~~~~~~~~~
2025-12-10 04:43:05,784 DeMo.train INFO: ~~~~~~~~~~~~~~~~~~~~~~~~~~~~~~~~~~~~~~~~~~~~~~~~~~
2025-12-10 04:43:05,784 DeMo.train INFO: Current is the moe feature testing!
2025-12-10 04:43:05,784 DeMo.train INFO: ~~~~~~~~~~~~~~~~~~~~~~~~~~~~~~~~~~~~~~~~~~~~~~~~~~
The test feature is normalized
=> Computing DistMat with euclidean_distance
2025-12-10 04:43:11,633 DeMo.train INFO: Validation Results - Epoch: 6
2025-12-10 04:43:11,634 DeMo.train INFO: mAP: 66.1%
2025-12-10 04:43:11,634 DeMo.train INFO: CMC curve, Rank-1  :66.5%
2025-12-10 04:43:11,634 DeMo.train INFO: CMC curve, Rank-5  :77.4%
2025-12-10 04:43:11,634 DeMo.train INFO: CMC curve, Rank-10 :83.7%
2025-12-10 04:43:11,634 DeMo.train INFO: ~~~~~~~~~~~~~~~~~~~~~~~~~~~~~~~~~~~~~~~~~~~~~~~~~~
2025-12-10 04:43:11,637 DeMo.train INFO: ~~~~~~~~~~~~~~~~~~~~~~~~~~~~~~~~~~~~~~~~~~~~~~~~~~
2025-12-10 04:43:11,638 DeMo.train INFO: Current is the [moe,ori] feature testing!
2025-12-10 04:43:11,638 DeMo.train INFO: ~~~~~~~~~~~~~~~~~~~~~~~~~~~~~~~~~~~~~~~~~~~~~~~~~~
The test feature is normalized
=> Computing DistMat with euclidean_distance
2025-12-10 04:43:16,717 DeMo.train INFO: Validation Results - Epoch: 6
2025-12-10 04:43:16,717 DeMo.train INFO: mAP: 66.1%
2025-12-10 04:43:16,717 DeMo.train INFO: CMC curve, Rank-1  :66.5%
2025-12-10 04:43:16,717 DeMo.train INFO: CMC curve, Rank-5  :77.4%
2025-12-10 04:43:16,717 DeMo.train INFO: CMC curve, Rank-10 :83.7%
2025-12-10 04:43:16,718 DeMo.train INFO: ~~~~~~~~~~~~~~~~~~~~~~~~~~~~~~~~~~~~~~~~~~~~~~~~~~
2025-12-10 04:43:17,221 DeMo.train INFO: ~~~~~~~~~~~~~~~~~~~~~~~~~~~~~~~~~~~~~~~~~~~~~~~~~~
2025-12-10 04:43:17,221 DeMo.train INFO: Best mAP: 66.1%
2025-12-10 04:43:17,221 DeMo.train INFO: Best Rank-1: 66.5%
2025-12-10 04:43:17,221 DeMo.train INFO: Best Rank-5: 77.4%
2025-12-10 04:43:17,221 DeMo.train INFO: Best Rank-10: 83.7%
2025-12-10 04:43:17,222 DeMo.train INFO: ~~~~~~~~~~~~~~~~~~~~~~~~~~~~~~~~~~~~~~~~~~~~~~~~~~
2025-12-10 04:43:21,738 DeMo.train INFO: Epoch[7] Iteration[10/54] Loss: 2.555, Acc: 0.797, Base Lr: 5.00e-06
2025-12-10 04:43:24,227 DeMo.train INFO: Epoch[7] Iteration[20/54] Loss: 2.546, Acc: 0.790, Base Lr: 5.00e-06
2025-12-10 04:43:26,701 DeMo.train INFO: Epoch[7] Iteration[30/54] Loss: 2.557, Acc: 0.772, Base Lr: 5.00e-06
2025-12-10 04:43:29,179 DeMo.train INFO: Epoch[7] Iteration[40/54] Loss: 2.552, Acc: 0.775, Base Lr: 5.00e-06
2025-12-10 04:43:31,654 DeMo.train INFO: Epoch[7] Iteration[50/54] Loss: 2.562, Acc: 0.777, Base Lr: 5.00e-06
2025-12-10 04:43:32,515 DeMo.train INFO: Epoch 7 done. Time per batch: 0.289[s] Speed: 221.8[samples/s]
2025-12-10 04:43:32,517 DeMo.train INFO: ~~~~~~~~~~~~~~~~~~~~~~~~~~~~~~~~~~~~~~~~~~~~~~~~~~
2025-12-10 04:43:32,517 DeMo.train INFO: Current is the ori feature testing!
2025-12-10 04:43:32,517 DeMo.train INFO: ~~~~~~~~~~~~~~~~~~~~~~~~~~~~~~~~~~~~~~~~~~~~~~~~~~
The test feature is normalized
=> Computing DistMat with euclidean_distance
2025-12-10 04:43:37,339 DeMo.train INFO: Validation Results - Epoch: 7
2025-12-10 04:43:37,339 DeMo.train INFO: mAP: 68.0%
2025-12-10 04:43:37,339 DeMo.train INFO: CMC curve, Rank-1  :68.4%
2025-12-10 04:43:37,339 DeMo.train INFO: CMC curve, Rank-5  :79.1%
2025-12-10 04:43:37,339 DeMo.train INFO: CMC curve, Rank-10 :84.8%
2025-12-10 04:43:37,340 DeMo.train INFO: ~~~~~~~~~~~~~~~~~~~~~~~~~~~~~~~~~~~~~~~~~~~~~~~~~~
2025-12-10 04:43:38,170 DeMo.train INFO: ~~~~~~~~~~~~~~~~~~~~~~~~~~~~~~~~~~~~~~~~~~~~~~~~~~
2025-12-10 04:43:38,170 DeMo.train INFO: Current is the moe feature testing!
2025-12-10 04:43:38,171 DeMo.train INFO: ~~~~~~~~~~~~~~~~~~~~~~~~~~~~~~~~~~~~~~~~~~~~~~~~~~
The test feature is normalized
=> Computing DistMat with euclidean_distance
2025-12-10 04:43:43,945 DeMo.train INFO: Validation Results - Epoch: 7
2025-12-10 04:43:43,945 DeMo.train INFO: mAP: 68.0%
2025-12-10 04:43:43,945 DeMo.train INFO: CMC curve, Rank-1  :68.4%
2025-12-10 04:43:43,945 DeMo.train INFO: CMC curve, Rank-5  :79.1%
2025-12-10 04:43:43,945 DeMo.train INFO: CMC curve, Rank-10 :84.8%
2025-12-10 04:43:43,945 DeMo.train INFO: ~~~~~~~~~~~~~~~~~~~~~~~~~~~~~~~~~~~~~~~~~~~~~~~~~~
2025-12-10 04:43:43,949 DeMo.train INFO: ~~~~~~~~~~~~~~~~~~~~~~~~~~~~~~~~~~~~~~~~~~~~~~~~~~
2025-12-10 04:43:43,949 DeMo.train INFO: Current is the [moe,ori] feature testing!
2025-12-10 04:43:43,949 DeMo.train INFO: ~~~~~~~~~~~~~~~~~~~~~~~~~~~~~~~~~~~~~~~~~~~~~~~~~~
The test feature is normalized
=> Computing DistMat with euclidean_distance
2025-12-10 04:43:48,910 DeMo.train INFO: Validation Results - Epoch: 7
2025-12-10 04:43:48,910 DeMo.train INFO: mAP: 68.0%
2025-12-10 04:43:48,910 DeMo.train INFO: CMC curve, Rank-1  :68.4%
2025-12-10 04:43:48,910 DeMo.train INFO: CMC curve, Rank-5  :79.1%
2025-12-10 04:43:48,910 DeMo.train INFO: CMC curve, Rank-10 :84.8%
2025-12-10 04:43:48,910 DeMo.train INFO: ~~~~~~~~~~~~~~~~~~~~~~~~~~~~~~~~~~~~~~~~~~~~~~~~~~
2025-12-10 04:43:49,400 DeMo.train INFO: ~~~~~~~~~~~~~~~~~~~~~~~~~~~~~~~~~~~~~~~~~~~~~~~~~~
2025-12-10 04:43:49,400 DeMo.train INFO: Best mAP: 68.0%
2025-12-10 04:43:49,400 DeMo.train INFO: Best Rank-1: 68.4%
2025-12-10 04:43:49,400 DeMo.train INFO: Best Rank-5: 79.1%
2025-12-10 04:43:49,400 DeMo.train INFO: Best Rank-10: 84.8%
2025-12-10 04:43:49,400 DeMo.train INFO: ~~~~~~~~~~~~~~~~~~~~~~~~~~~~~~~~~~~~~~~~~~~~~~~~~~
2025-12-10 04:43:54,041 DeMo.train INFO: Epoch[8] Iteration[10/54] Loss: 2.491, Acc: 0.853, Base Lr: 5.00e-06
2025-12-10 04:43:56,864 DeMo.train INFO: Epoch[8] Iteration[20/54] Loss: 2.503, Acc: 0.824, Base Lr: 5.00e-06
2025-12-10 04:43:59,354 DeMo.train INFO: Epoch[8] Iteration[30/54] Loss: 2.507, Acc: 0.833, Base Lr: 5.00e-06
2025-12-10 04:44:01,850 DeMo.train INFO: Epoch[8] Iteration[40/54] Loss: 2.507, Acc: 0.838, Base Lr: 5.00e-06
2025-12-10 04:44:04,387 DeMo.train INFO: Epoch[8] Iteration[50/54] Loss: 2.506, Acc: 0.838, Base Lr: 5.00e-06
2025-12-10 04:44:05,269 DeMo.train INFO: Epoch 8 done. Time per batch: 0.299[s] Speed: 213.8[samples/s]
2025-12-10 04:44:05,270 DeMo.train INFO: ~~~~~~~~~~~~~~~~~~~~~~~~~~~~~~~~~~~~~~~~~~~~~~~~~~
2025-12-10 04:44:05,270 DeMo.train INFO: Current is the ori feature testing!
2025-12-10 04:44:05,270 DeMo.train INFO: ~~~~~~~~~~~~~~~~~~~~~~~~~~~~~~~~~~~~~~~~~~~~~~~~~~
The test feature is normalized
=> Computing DistMat with euclidean_distance
2025-12-10 04:44:10,824 DeMo.train INFO: Validation Results - Epoch: 8
2025-12-10 04:44:10,824 DeMo.train INFO: mAP: 63.1%
2025-12-10 04:44:10,824 DeMo.train INFO: CMC curve, Rank-1  :63.5%
2025-12-10 04:44:10,824 DeMo.train INFO: CMC curve, Rank-5  :74.4%
2025-12-10 04:44:10,824 DeMo.train INFO: CMC curve, Rank-10 :80.3%
2025-12-10 04:44:10,824 DeMo.train INFO: ~~~~~~~~~~~~~~~~~~~~~~~~~~~~~~~~~~~~~~~~~~~~~~~~~~
2025-12-10 04:44:10,888 DeMo.train INFO: ~~~~~~~~~~~~~~~~~~~~~~~~~~~~~~~~~~~~~~~~~~~~~~~~~~
2025-12-10 04:44:10,888 DeMo.train INFO: Current is the moe feature testing!
2025-12-10 04:44:10,888 DeMo.train INFO: ~~~~~~~~~~~~~~~~~~~~~~~~~~~~~~~~~~~~~~~~~~~~~~~~~~
The test feature is normalized
=> Computing DistMat with euclidean_distance
2025-12-10 04:44:15,996 DeMo.train INFO: Validation Results - Epoch: 8
2025-12-10 04:44:15,996 DeMo.train INFO: mAP: 63.1%
2025-12-10 04:44:15,996 DeMo.train INFO: CMC curve, Rank-1  :63.5%
2025-12-10 04:44:15,996 DeMo.train INFO: CMC curve, Rank-5  :74.4%
2025-12-10 04:44:15,996 DeMo.train INFO: CMC curve, Rank-10 :80.3%
2025-12-10 04:44:15,996 DeMo.train INFO: ~~~~~~~~~~~~~~~~~~~~~~~~~~~~~~~~~~~~~~~~~~~~~~~~~~
2025-12-10 04:44:15,999 DeMo.train INFO: ~~~~~~~~~~~~~~~~~~~~~~~~~~~~~~~~~~~~~~~~~~~~~~~~~~
2025-12-10 04:44:16,000 DeMo.train INFO: Current is the [moe,ori] feature testing!
2025-12-10 04:44:16,000 DeMo.train INFO: ~~~~~~~~~~~~~~~~~~~~~~~~~~~~~~~~~~~~~~~~~~~~~~~~~~
The test feature is normalized
=> Computing DistMat with euclidean_distance
2025-12-10 04:44:21,055 DeMo.train INFO: Validation Results - Epoch: 8
2025-12-10 04:44:21,055 DeMo.train INFO: mAP: 63.1%
2025-12-10 04:44:21,056 DeMo.train INFO: CMC curve, Rank-1  :63.5%
2025-12-10 04:44:21,056 DeMo.train INFO: CMC curve, Rank-5  :74.4%
2025-12-10 04:44:21,056 DeMo.train INFO: CMC curve, Rank-10 :80.3%
2025-12-10 04:44:21,056 DeMo.train INFO: ~~~~~~~~~~~~~~~~~~~~~~~~~~~~~~~~~~~~~~~~~~~~~~~~~~
2025-12-10 04:44:21,059 DeMo.train INFO: ~~~~~~~~~~~~~~~~~~~~~~~~~~~~~~~~~~~~~~~~~~~~~~~~~~
2025-12-10 04:44:21,060 DeMo.train INFO: Best mAP: 68.0%
2025-12-10 04:44:21,060 DeMo.train INFO: Best Rank-1: 68.4%
2025-12-10 04:44:21,060 DeMo.train INFO: Best Rank-5: 79.1%
2025-12-10 04:44:21,060 DeMo.train INFO: Best Rank-10: 84.8%
2025-12-10 04:44:21,060 DeMo.train INFO: ~~~~~~~~~~~~~~~~~~~~~~~~~~~~~~~~~~~~~~~~~~~~~~~~~~
2025-12-10 04:44:24,996 DeMo.train INFO: Epoch[9] Iteration[10/54] Loss: 2.518, Acc: 0.844, Base Lr: 5.00e-06
2025-12-10 04:44:27,492 DeMo.train INFO: Epoch[9] Iteration[20/54] Loss: 2.509, Acc: 0.845, Base Lr: 5.00e-06
2025-12-10 04:44:29,972 DeMo.train INFO: Epoch[9] Iteration[30/54] Loss: 2.491, Acc: 0.856, Base Lr: 5.00e-06
2025-12-10 04:44:32,451 DeMo.train INFO: Epoch[9] Iteration[40/54] Loss: 2.479, Acc: 0.876, Base Lr: 5.00e-06
2025-12-10 04:44:34,924 DeMo.train INFO: Epoch[9] Iteration[50/54] Loss: 2.486, Acc: 0.879, Base Lr: 5.00e-06
2025-12-10 04:44:35,793 DeMo.train INFO: Epoch 9 done. Time per batch: 0.278[s] Speed: 230.2[samples/s]
2025-12-10 04:44:35,794 DeMo.train INFO: ~~~~~~~~~~~~~~~~~~~~~~~~~~~~~~~~~~~~~~~~~~~~~~~~~~
2025-12-10 04:44:35,794 DeMo.train INFO: Current is the ori feature testing!
2025-12-10 04:44:35,794 DeMo.train INFO: ~~~~~~~~~~~~~~~~~~~~~~~~~~~~~~~~~~~~~~~~~~~~~~~~~~
The test feature is normalized
=> Computing DistMat with euclidean_distance
2025-12-10 04:44:40,744 DeMo.train INFO: Validation Results - Epoch: 9
2025-12-10 04:44:40,744 DeMo.train INFO: mAP: 65.4%
2025-12-10 04:44:40,744 DeMo.train INFO: CMC curve, Rank-1  :64.8%
2025-12-10 04:44:40,744 DeMo.train INFO: CMC curve, Rank-5  :76.3%
2025-12-10 04:44:40,744 DeMo.train INFO: CMC curve, Rank-10 :81.5%
2025-12-10 04:44:40,745 DeMo.train INFO: ~~~~~~~~~~~~~~~~~~~~~~~~~~~~~~~~~~~~~~~~~~~~~~~~~~
2025-12-10 04:44:40,798 DeMo.train INFO: ~~~~~~~~~~~~~~~~~~~~~~~~~~~~~~~~~~~~~~~~~~~~~~~~~~
2025-12-10 04:44:40,799 DeMo.train INFO: Current is the moe feature testing!
2025-12-10 04:44:40,799 DeMo.train INFO: ~~~~~~~~~~~~~~~~~~~~~~~~~~~~~~~~~~~~~~~~~~~~~~~~~~
The test feature is normalized
=> Computing DistMat with euclidean_distance
2025-12-10 04:44:45,752 DeMo.train INFO: Validation Results - Epoch: 9
2025-12-10 04:44:45,753 DeMo.train INFO: mAP: 65.4%
2025-12-10 04:44:45,753 DeMo.train INFO: CMC curve, Rank-1  :64.8%
2025-12-10 04:44:45,753 DeMo.train INFO: CMC curve, Rank-5  :76.3%
2025-12-10 04:44:45,753 DeMo.train INFO: CMC curve, Rank-10 :81.5%
2025-12-10 04:44:45,753 DeMo.train INFO: ~~~~~~~~~~~~~~~~~~~~~~~~~~~~~~~~~~~~~~~~~~~~~~~~~~
2025-12-10 04:44:45,757 DeMo.train INFO: ~~~~~~~~~~~~~~~~~~~~~~~~~~~~~~~~~~~~~~~~~~~~~~~~~~
2025-12-10 04:44:45,757 DeMo.train INFO: Current is the [moe,ori] feature testing!
2025-12-10 04:44:45,757 DeMo.train INFO: ~~~~~~~~~~~~~~~~~~~~~~~~~~~~~~~~~~~~~~~~~~~~~~~~~~
The test feature is normalized
=> Computing DistMat with euclidean_distance
2025-12-10 04:44:50,579 DeMo.train INFO: Validation Results - Epoch: 9
2025-12-10 04:44:50,579 DeMo.train INFO: mAP: 65.4%
2025-12-10 04:44:50,579 DeMo.train INFO: CMC curve, Rank-1  :64.8%
2025-12-10 04:44:50,580 DeMo.train INFO: CMC curve, Rank-5  :76.3%
2025-12-10 04:44:50,580 DeMo.train INFO: CMC curve, Rank-10 :81.5%
2025-12-10 04:44:50,580 DeMo.train INFO: ~~~~~~~~~~~~~~~~~~~~~~~~~~~~~~~~~~~~~~~~~~~~~~~~~~
2025-12-10 04:44:50,593 DeMo.train INFO: ~~~~~~~~~~~~~~~~~~~~~~~~~~~~~~~~~~~~~~~~~~~~~~~~~~
2025-12-10 04:44:50,594 DeMo.train INFO: Best mAP: 68.0%
2025-12-10 04:44:50,594 DeMo.train INFO: Best Rank-1: 68.4%
2025-12-10 04:44:50,594 DeMo.train INFO: Best Rank-5: 79.1%
2025-12-10 04:44:50,594 DeMo.train INFO: Best Rank-10: 84.8%
2025-12-10 04:44:50,594 DeMo.train INFO: ~~~~~~~~~~~~~~~~~~~~~~~~~~~~~~~~~~~~~~~~~~~~~~~~~~
2025-12-10 04:44:54,429 DeMo.train INFO: Epoch[10] Iteration[10/54] Loss: 2.434, Acc: 0.873, Base Lr: 5.00e-06
2025-12-10 04:44:57,065 DeMo.train INFO: Epoch[10] Iteration[20/54] Loss: 2.432, Acc: 0.848, Base Lr: 5.00e-06
2025-12-10 04:44:59,527 DeMo.train INFO: Epoch[10] Iteration[30/54] Loss: 2.433, Acc: 0.874, Base Lr: 5.00e-06
2025-12-10 04:45:02,022 DeMo.train INFO: Epoch[10] Iteration[40/54] Loss: 2.424, Acc: 0.889, Base Lr: 5.00e-06
2025-12-10 04:45:04,505 DeMo.train INFO: Epoch[10] Iteration[50/54] Loss: 2.423, Acc: 0.894, Base Lr: 5.00e-06
2025-12-10 04:45:05,363 DeMo.train INFO: Epoch 10 done. Time per batch: 0.279[s] Speed: 229.7[samples/s]
2025-12-10 04:45:05,365 DeMo.train INFO: ~~~~~~~~~~~~~~~~~~~~~~~~~~~~~~~~~~~~~~~~~~~~~~~~~~
2025-12-10 04:45:05,365 DeMo.train INFO: Current is the ori feature testing!
2025-12-10 04:45:05,365 DeMo.train INFO: ~~~~~~~~~~~~~~~~~~~~~~~~~~~~~~~~~~~~~~~~~~~~~~~~~~
The test feature is normalized
=> Computing DistMat with euclidean_distance
2025-12-10 04:45:10,279 DeMo.train INFO: Validation Results - Epoch: 10
2025-12-10 04:45:10,280 DeMo.train INFO: mAP: 68.6%
2025-12-10 04:45:10,280 DeMo.train INFO: CMC curve, Rank-1  :68.8%
2025-12-10 04:45:10,280 DeMo.train INFO: CMC curve, Rank-5  :80.7%
2025-12-10 04:45:10,280 DeMo.train INFO: CMC curve, Rank-10 :86.1%
2025-12-10 04:45:10,280 DeMo.train INFO: ~~~~~~~~~~~~~~~~~~~~~~~~~~~~~~~~~~~~~~~~~~~~~~~~~~
2025-12-10 04:45:10,340 DeMo.train INFO: ~~~~~~~~~~~~~~~~~~~~~~~~~~~~~~~~~~~~~~~~~~~~~~~~~~
2025-12-10 04:45:10,340 DeMo.train INFO: Current is the moe feature testing!
2025-12-10 04:45:10,340 DeMo.train INFO: ~~~~~~~~~~~~~~~~~~~~~~~~~~~~~~~~~~~~~~~~~~~~~~~~~~
The test feature is normalized
=> Computing DistMat with euclidean_distance
2025-12-10 04:45:15,104 DeMo.train INFO: Validation Results - Epoch: 10
2025-12-10 04:45:15,104 DeMo.train INFO: mAP: 68.6%
2025-12-10 04:45:15,104 DeMo.train INFO: CMC curve, Rank-1  :68.8%
2025-12-10 04:45:15,104 DeMo.train INFO: CMC curve, Rank-5  :80.7%
2025-12-10 04:45:15,104 DeMo.train INFO: CMC curve, Rank-10 :86.1%
2025-12-10 04:45:15,104 DeMo.train INFO: ~~~~~~~~~~~~~~~~~~~~~~~~~~~~~~~~~~~~~~~~~~~~~~~~~~
2025-12-10 04:45:15,113 DeMo.train INFO: ~~~~~~~~~~~~~~~~~~~~~~~~~~~~~~~~~~~~~~~~~~~~~~~~~~
2025-12-10 04:45:15,113 DeMo.train INFO: Current is the [moe,ori] feature testing!
2025-12-10 04:45:15,113 DeMo.train INFO: ~~~~~~~~~~~~~~~~~~~~~~~~~~~~~~~~~~~~~~~~~~~~~~~~~~
The test feature is normalized
=> Computing DistMat with euclidean_distance
2025-12-10 04:45:20,234 DeMo.train INFO: Validation Results - Epoch: 10
2025-12-10 04:45:20,234 DeMo.train INFO: mAP: 68.6%
2025-12-10 04:45:20,234 DeMo.train INFO: CMC curve, Rank-1  :68.8%
2025-12-10 04:45:20,234 DeMo.train INFO: CMC curve, Rank-5  :80.7%
2025-12-10 04:45:20,234 DeMo.train INFO: CMC curve, Rank-10 :86.1%
2025-12-10 04:45:20,234 DeMo.train INFO: ~~~~~~~~~~~~~~~~~~~~~~~~~~~~~~~~~~~~~~~~~~~~~~~~~~
2025-12-10 04:45:20,720 DeMo.train INFO: ~~~~~~~~~~~~~~~~~~~~~~~~~~~~~~~~~~~~~~~~~~~~~~~~~~
2025-12-10 04:45:20,720 DeMo.train INFO: Best mAP: 68.6%
2025-12-10 04:45:20,720 DeMo.train INFO: Best Rank-1: 68.8%
2025-12-10 04:45:20,720 DeMo.train INFO: Best Rank-5: 80.7%
2025-12-10 04:45:20,720 DeMo.train INFO: Best Rank-10: 86.1%
2025-12-10 04:45:20,721 DeMo.train INFO: ~~~~~~~~~~~~~~~~~~~~~~~~~~~~~~~~~~~~~~~~~~~~~~~~~~
2025-12-10 04:45:24,392 DeMo.train INFO: Epoch[11] Iteration[10/54] Loss: 2.402, Acc: 0.852, Base Lr: 5.00e-06
2025-12-10 04:45:26,910 DeMo.train INFO: Epoch[11] Iteration[20/54] Loss: 2.409, Acc: 0.881, Base Lr: 5.00e-06
2025-12-10 04:45:29,373 DeMo.train INFO: Epoch[11] Iteration[30/54] Loss: 2.403, Acc: 0.892, Base Lr: 5.00e-06
2025-12-10 04:45:31,861 DeMo.train INFO: Epoch[11] Iteration[40/54] Loss: 2.408, Acc: 0.897, Base Lr: 5.00e-06
2025-12-10 04:45:34,335 DeMo.train INFO: Epoch[11] Iteration[50/54] Loss: 2.405, Acc: 0.913, Base Lr: 5.00e-06
2025-12-10 04:45:35,216 DeMo.train INFO: Epoch 11 done. Time per batch: 0.274[s] Speed: 234.0[samples/s]
2025-12-10 04:45:35,218 DeMo.train INFO: ~~~~~~~~~~~~~~~~~~~~~~~~~~~~~~~~~~~~~~~~~~~~~~~~~~
2025-12-10 04:45:35,218 DeMo.train INFO: Current is the ori feature testing!
2025-12-10 04:45:35,218 DeMo.train INFO: ~~~~~~~~~~~~~~~~~~~~~~~~~~~~~~~~~~~~~~~~~~~~~~~~~~
The test feature is normalized
=> Computing DistMat with euclidean_distance
2025-12-10 04:45:40,146 DeMo.train INFO: Validation Results - Epoch: 11
2025-12-10 04:45:40,146 DeMo.train INFO: mAP: 66.7%
2025-12-10 04:45:40,146 DeMo.train INFO: CMC curve, Rank-1  :66.0%
2025-12-10 04:45:40,146 DeMo.train INFO: CMC curve, Rank-5  :78.3%
2025-12-10 04:45:40,146 DeMo.train INFO: CMC curve, Rank-10 :83.5%
2025-12-10 04:45:40,146 DeMo.train INFO: ~~~~~~~~~~~~~~~~~~~~~~~~~~~~~~~~~~~~~~~~~~~~~~~~~~
2025-12-10 04:45:40,198 DeMo.train INFO: ~~~~~~~~~~~~~~~~~~~~~~~~~~~~~~~~~~~~~~~~~~~~~~~~~~
2025-12-10 04:45:40,198 DeMo.train INFO: Current is the moe feature testing!
2025-12-10 04:45:40,198 DeMo.train INFO: ~~~~~~~~~~~~~~~~~~~~~~~~~~~~~~~~~~~~~~~~~~~~~~~~~~
The test feature is normalized
=> Computing DistMat with euclidean_distance
2025-12-10 04:45:45,130 DeMo.train INFO: Validation Results - Epoch: 11
2025-12-10 04:45:45,130 DeMo.train INFO: mAP: 66.7%
2025-12-10 04:45:45,130 DeMo.train INFO: CMC curve, Rank-1  :66.0%
2025-12-10 04:45:45,130 DeMo.train INFO: CMC curve, Rank-5  :78.3%
2025-12-10 04:45:45,130 DeMo.train INFO: CMC curve, Rank-10 :83.5%
2025-12-10 04:45:45,130 DeMo.train INFO: ~~~~~~~~~~~~~~~~~~~~~~~~~~~~~~~~~~~~~~~~~~~~~~~~~~
2025-12-10 04:45:45,133 DeMo.train INFO: ~~~~~~~~~~~~~~~~~~~~~~~~~~~~~~~~~~~~~~~~~~~~~~~~~~
2025-12-10 04:45:45,133 DeMo.train INFO: Current is the [moe,ori] feature testing!
2025-12-10 04:45:45,134 DeMo.train INFO: ~~~~~~~~~~~~~~~~~~~~~~~~~~~~~~~~~~~~~~~~~~~~~~~~~~
The test feature is normalized
=> Computing DistMat with euclidean_distance
2025-12-10 04:45:50,071 DeMo.train INFO: Validation Results - Epoch: 11
2025-12-10 04:45:50,071 DeMo.train INFO: mAP: 66.7%
2025-12-10 04:45:50,071 DeMo.train INFO: CMC curve, Rank-1  :66.0%
2025-12-10 04:45:50,071 DeMo.train INFO: CMC curve, Rank-5  :78.3%
2025-12-10 04:45:50,071 DeMo.train INFO: CMC curve, Rank-10 :83.5%
2025-12-10 04:45:50,072 DeMo.train INFO: ~~~~~~~~~~~~~~~~~~~~~~~~~~~~~~~~~~~~~~~~~~~~~~~~~~
2025-12-10 04:45:50,074 DeMo.train INFO: ~~~~~~~~~~~~~~~~~~~~~~~~~~~~~~~~~~~~~~~~~~~~~~~~~~
2025-12-10 04:45:50,074 DeMo.train INFO: Best mAP: 68.6%
2025-12-10 04:45:50,074 DeMo.train INFO: Best Rank-1: 68.8%
2025-12-10 04:45:50,074 DeMo.train INFO: Best Rank-5: 80.7%
2025-12-10 04:45:50,074 DeMo.train INFO: Best Rank-10: 86.1%
2025-12-10 04:45:50,074 DeMo.train INFO: ~~~~~~~~~~~~~~~~~~~~~~~~~~~~~~~~~~~~~~~~~~~~~~~~~~
2025-12-10 04:45:54,095 DeMo.train INFO: Epoch[12] Iteration[10/54] Loss: 2.369, Acc: 0.875, Base Lr: 5.00e-06
2025-12-10 04:45:56,580 DeMo.train INFO: Epoch[12] Iteration[20/54] Loss: 2.374, Acc: 0.892, Base Lr: 5.00e-06
2025-12-10 04:45:59,050 DeMo.train INFO: Epoch[12] Iteration[30/54] Loss: 2.383, Acc: 0.913, Base Lr: 5.00e-06
2025-12-10 04:46:01,530 DeMo.train INFO: Epoch[12] Iteration[40/54] Loss: 2.386, Acc: 0.917, Base Lr: 5.00e-06
2025-12-10 04:46:04,029 DeMo.train INFO: Epoch[12] Iteration[50/54] Loss: 2.383, Acc: 0.917, Base Lr: 5.00e-06
2025-12-10 04:46:04,936 DeMo.train INFO: Epoch 12 done. Time per batch: 0.280[s] Speed: 228.2[samples/s]
2025-12-10 04:46:04,937 DeMo.train INFO: ~~~~~~~~~~~~~~~~~~~~~~~~~~~~~~~~~~~~~~~~~~~~~~~~~~
2025-12-10 04:46:04,938 DeMo.train INFO: Current is the ori feature testing!
2025-12-10 04:46:04,938 DeMo.train INFO: ~~~~~~~~~~~~~~~~~~~~~~~~~~~~~~~~~~~~~~~~~~~~~~~~~~
The test feature is normalized
=> Computing DistMat with euclidean_distance
2025-12-10 04:46:09,833 DeMo.train INFO: Validation Results - Epoch: 12
2025-12-10 04:46:09,833 DeMo.train INFO: mAP: 73.1%
2025-12-10 04:46:09,833 DeMo.train INFO: CMC curve, Rank-1  :74.9%
2025-12-10 04:46:09,833 DeMo.train INFO: CMC curve, Rank-5  :84.8%
2025-12-10 04:46:09,833 DeMo.train INFO: CMC curve, Rank-10 :89.7%
2025-12-10 04:46:09,833 DeMo.train INFO: ~~~~~~~~~~~~~~~~~~~~~~~~~~~~~~~~~~~~~~~~~~~~~~~~~~
2025-12-10 04:46:11,316 DeMo.train INFO: ~~~~~~~~~~~~~~~~~~~~~~~~~~~~~~~~~~~~~~~~~~~~~~~~~~
2025-12-10 04:46:11,317 DeMo.train INFO: Current is the moe feature testing!
2025-12-10 04:46:11,317 DeMo.train INFO: ~~~~~~~~~~~~~~~~~~~~~~~~~~~~~~~~~~~~~~~~~~~~~~~~~~
The test feature is normalized
=> Computing DistMat with euclidean_distance
2025-12-10 04:46:16,873 DeMo.train INFO: Validation Results - Epoch: 12
2025-12-10 04:46:16,873 DeMo.train INFO: mAP: 73.1%
2025-12-10 04:46:16,873 DeMo.train INFO: CMC curve, Rank-1  :74.9%
2025-12-10 04:46:16,873 DeMo.train INFO: CMC curve, Rank-5  :84.8%
2025-12-10 04:46:16,873 DeMo.train INFO: CMC curve, Rank-10 :89.7%
2025-12-10 04:46:16,873 DeMo.train INFO: ~~~~~~~~~~~~~~~~~~~~~~~~~~~~~~~~~~~~~~~~~~~~~~~~~~
2025-12-10 04:46:16,877 DeMo.train INFO: ~~~~~~~~~~~~~~~~~~~~~~~~~~~~~~~~~~~~~~~~~~~~~~~~~~
2025-12-10 04:46:16,877 DeMo.train INFO: Current is the [moe,ori] feature testing!
2025-12-10 04:46:16,877 DeMo.train INFO: ~~~~~~~~~~~~~~~~~~~~~~~~~~~~~~~~~~~~~~~~~~~~~~~~~~
The test feature is normalized
=> Computing DistMat with euclidean_distance
2025-12-10 04:46:21,752 DeMo.train INFO: Validation Results - Epoch: 12
2025-12-10 04:46:21,753 DeMo.train INFO: mAP: 73.1%
2025-12-10 04:46:21,753 DeMo.train INFO: CMC curve, Rank-1  :74.9%
2025-12-10 04:46:21,753 DeMo.train INFO: CMC curve, Rank-5  :84.8%
2025-12-10 04:46:21,753 DeMo.train INFO: CMC curve, Rank-10 :89.7%
2025-12-10 04:46:21,753 DeMo.train INFO: ~~~~~~~~~~~~~~~~~~~~~~~~~~~~~~~~~~~~~~~~~~~~~~~~~~
2025-12-10 04:46:22,230 DeMo.train INFO: ~~~~~~~~~~~~~~~~~~~~~~~~~~~~~~~~~~~~~~~~~~~~~~~~~~
2025-12-10 04:46:22,230 DeMo.train INFO: Best mAP: 73.1%
2025-12-10 04:46:22,230 DeMo.train INFO: Best Rank-1: 74.9%
2025-12-10 04:46:22,230 DeMo.train INFO: Best Rank-5: 84.8%
2025-12-10 04:46:22,230 DeMo.train INFO: Best Rank-10: 89.7%
2025-12-10 04:46:22,230 DeMo.train INFO: ~~~~~~~~~~~~~~~~~~~~~~~~~~~~~~~~~~~~~~~~~~~~~~~~~~
2025-12-10 04:46:26,027 DeMo.train INFO: Epoch[13] Iteration[10/54] Loss: 2.362, Acc: 0.858, Base Lr: 5.00e-06
2025-12-10 04:46:29,090 DeMo.train INFO: Epoch[13] Iteration[20/54] Loss: 2.365, Acc: 0.884, Base Lr: 5.00e-06
2025-12-10 04:46:31,597 DeMo.train INFO: Epoch[13] Iteration[30/54] Loss: 2.349, Acc: 0.907, Base Lr: 5.00e-06
2025-12-10 04:46:34,096 DeMo.train INFO: Epoch[13] Iteration[40/54] Loss: 2.346, Acc: 0.910, Base Lr: 5.00e-06
2025-12-10 04:46:36,574 DeMo.train INFO: Epoch[13] Iteration[50/54] Loss: 2.342, Acc: 0.922, Base Lr: 5.00e-06
2025-12-10 04:46:37,468 DeMo.train INFO: Epoch 13 done. Time per batch: 0.288[s] Speed: 222.6[samples/s]
2025-12-10 04:46:37,470 DeMo.train INFO: ~~~~~~~~~~~~~~~~~~~~~~~~~~~~~~~~~~~~~~~~~~~~~~~~~~
2025-12-10 04:46:37,470 DeMo.train INFO: Current is the ori feature testing!
2025-12-10 04:46:37,470 DeMo.train INFO: ~~~~~~~~~~~~~~~~~~~~~~~~~~~~~~~~~~~~~~~~~~~~~~~~~~
The test feature is normalized
=> Computing DistMat with euclidean_distance
2025-12-10 04:46:42,195 DeMo.train INFO: Validation Results - Epoch: 13
2025-12-10 04:46:42,196 DeMo.train INFO: mAP: 69.9%
2025-12-10 04:46:42,196 DeMo.train INFO: CMC curve, Rank-1  :70.6%
2025-12-10 04:46:42,196 DeMo.train INFO: CMC curve, Rank-5  :80.9%
2025-12-10 04:46:42,196 DeMo.train INFO: CMC curve, Rank-10 :86.1%
2025-12-10 04:46:42,196 DeMo.train INFO: ~~~~~~~~~~~~~~~~~~~~~~~~~~~~~~~~~~~~~~~~~~~~~~~~~~
2025-12-10 04:46:43,106 DeMo.train INFO: ~~~~~~~~~~~~~~~~~~~~~~~~~~~~~~~~~~~~~~~~~~~~~~~~~~
2025-12-10 04:46:43,107 DeMo.train INFO: Current is the moe feature testing!
2025-12-10 04:46:43,107 DeMo.train INFO: ~~~~~~~~~~~~~~~~~~~~~~~~~~~~~~~~~~~~~~~~~~~~~~~~~~
The test feature is normalized
=> Computing DistMat with euclidean_distance
2025-12-10 04:46:48,856 DeMo.train INFO: Validation Results - Epoch: 13
2025-12-10 04:46:48,856 DeMo.train INFO: mAP: 69.9%
2025-12-10 04:46:48,856 DeMo.train INFO: CMC curve, Rank-1  :70.6%
2025-12-10 04:46:48,856 DeMo.train INFO: CMC curve, Rank-5  :80.9%
2025-12-10 04:46:48,856 DeMo.train INFO: CMC curve, Rank-10 :86.1%
2025-12-10 04:46:48,856 DeMo.train INFO: ~~~~~~~~~~~~~~~~~~~~~~~~~~~~~~~~~~~~~~~~~~~~~~~~~~
2025-12-10 04:46:48,860 DeMo.train INFO: ~~~~~~~~~~~~~~~~~~~~~~~~~~~~~~~~~~~~~~~~~~~~~~~~~~
2025-12-10 04:46:48,860 DeMo.train INFO: Current is the [moe,ori] feature testing!
2025-12-10 04:46:48,860 DeMo.train INFO: ~~~~~~~~~~~~~~~~~~~~~~~~~~~~~~~~~~~~~~~~~~~~~~~~~~
The test feature is normalized
=> Computing DistMat with euclidean_distance
2025-12-10 04:46:53,826 DeMo.train INFO: Validation Results - Epoch: 13
2025-12-10 04:46:53,826 DeMo.train INFO: mAP: 69.9%
2025-12-10 04:46:53,827 DeMo.train INFO: CMC curve, Rank-1  :70.6%
2025-12-10 04:46:53,827 DeMo.train INFO: CMC curve, Rank-5  :80.9%
2025-12-10 04:46:53,827 DeMo.train INFO: CMC curve, Rank-10 :86.1%
2025-12-10 04:46:53,827 DeMo.train INFO: ~~~~~~~~~~~~~~~~~~~~~~~~~~~~~~~~~~~~~~~~~~~~~~~~~~
2025-12-10 04:46:53,829 DeMo.train INFO: ~~~~~~~~~~~~~~~~~~~~~~~~~~~~~~~~~~~~~~~~~~~~~~~~~~
2025-12-10 04:46:53,829 DeMo.train INFO: Best mAP: 73.1%
2025-12-10 04:46:53,829 DeMo.train INFO: Best Rank-1: 74.9%
2025-12-10 04:46:53,830 DeMo.train INFO: Best Rank-5: 84.8%
2025-12-10 04:46:53,830 DeMo.train INFO: Best Rank-10: 89.7%
2025-12-10 04:46:53,830 DeMo.train INFO: ~~~~~~~~~~~~~~~~~~~~~~~~~~~~~~~~~~~~~~~~~~~~~~~~~~
2025-12-10 04:46:57,797 DeMo.train INFO: Epoch[14] Iteration[10/54] Loss: 2.298, Acc: 0.911, Base Lr: 5.00e-06
2025-12-10 04:47:00,287 DeMo.train INFO: Epoch[14] Iteration[20/54] Loss: 2.302, Acc: 0.941, Base Lr: 5.00e-06
2025-12-10 04:47:02,745 DeMo.train INFO: Epoch[14] Iteration[30/54] Loss: 2.308, Acc: 0.937, Base Lr: 5.00e-06
2025-12-10 04:47:05,215 DeMo.train INFO: Epoch[14] Iteration[40/54] Loss: 2.311, Acc: 0.929, Base Lr: 5.00e-06
2025-12-10 04:47:07,680 DeMo.train INFO: Epoch[14] Iteration[50/54] Loss: 2.303, Acc: 0.935, Base Lr: 5.00e-06
2025-12-10 04:47:08,540 DeMo.train INFO: Epoch 14 done. Time per batch: 0.278[s] Speed: 230.6[samples/s]
2025-12-10 04:47:08,541 DeMo.train INFO: ~~~~~~~~~~~~~~~~~~~~~~~~~~~~~~~~~~~~~~~~~~~~~~~~~~
2025-12-10 04:47:08,541 DeMo.train INFO: Current is the ori feature testing!
2025-12-10 04:47:08,541 DeMo.train INFO: ~~~~~~~~~~~~~~~~~~~~~~~~~~~~~~~~~~~~~~~~~~~~~~~~~~
The test feature is normalized
=> Computing DistMat with euclidean_distance
2025-12-10 04:47:13,605 DeMo.train INFO: Validation Results - Epoch: 14
2025-12-10 04:47:13,606 DeMo.train INFO: mAP: 72.8%
2025-12-10 04:47:13,606 DeMo.train INFO: CMC curve, Rank-1  :73.1%
2025-12-10 04:47:13,606 DeMo.train INFO: CMC curve, Rank-5  :84.8%
2025-12-10 04:47:13,606 DeMo.train INFO: CMC curve, Rank-10 :89.5%
2025-12-10 04:47:13,606 DeMo.train INFO: ~~~~~~~~~~~~~~~~~~~~~~~~~~~~~~~~~~~~~~~~~~~~~~~~~~
2025-12-10 04:47:15,117 DeMo.train INFO: ~~~~~~~~~~~~~~~~~~~~~~~~~~~~~~~~~~~~~~~~~~~~~~~~~~
2025-12-10 04:47:15,118 DeMo.train INFO: Current is the moe feature testing!
2025-12-10 04:47:15,118 DeMo.train INFO: ~~~~~~~~~~~~~~~~~~~~~~~~~~~~~~~~~~~~~~~~~~~~~~~~~~
The test feature is normalized
=> Computing DistMat with euclidean_distance
2025-12-10 04:47:20,702 DeMo.train INFO: Validation Results - Epoch: 14
2025-12-10 04:47:20,702 DeMo.train INFO: mAP: 72.8%
2025-12-10 04:47:20,702 DeMo.train INFO: CMC curve, Rank-1  :73.1%
2025-12-10 04:47:20,702 DeMo.train INFO: CMC curve, Rank-5  :84.8%
2025-12-10 04:47:20,702 DeMo.train INFO: CMC curve, Rank-10 :89.5%
2025-12-10 04:47:20,702 DeMo.train INFO: ~~~~~~~~~~~~~~~~~~~~~~~~~~~~~~~~~~~~~~~~~~~~~~~~~~
2025-12-10 04:47:22,015 DeMo.train INFO: ~~~~~~~~~~~~~~~~~~~~~~~~~~~~~~~~~~~~~~~~~~~~~~~~~~
2025-12-10 04:47:22,015 DeMo.train INFO: Current is the [moe,ori] feature testing!
2025-12-10 04:47:22,015 DeMo.train INFO: ~~~~~~~~~~~~~~~~~~~~~~~~~~~~~~~~~~~~~~~~~~~~~~~~~~
The test feature is normalized
=> Computing DistMat with euclidean_distance
2025-12-10 04:47:27,705 DeMo.train INFO: Validation Results - Epoch: 14
2025-12-10 04:47:27,706 DeMo.train INFO: mAP: 72.8%
2025-12-10 04:47:27,706 DeMo.train INFO: CMC curve, Rank-1  :73.1%
2025-12-10 04:47:27,706 DeMo.train INFO: CMC curve, Rank-5  :84.8%
2025-12-10 04:47:27,706 DeMo.train INFO: CMC curve, Rank-10 :89.5%
2025-12-10 04:47:27,706 DeMo.train INFO: ~~~~~~~~~~~~~~~~~~~~~~~~~~~~~~~~~~~~~~~~~~~~~~~~~~
2025-12-10 04:47:27,709 DeMo.train INFO: ~~~~~~~~~~~~~~~~~~~~~~~~~~~~~~~~~~~~~~~~~~~~~~~~~~
2025-12-10 04:47:27,709 DeMo.train INFO: Best mAP: 73.1%
2025-12-10 04:47:27,709 DeMo.train INFO: Best Rank-1: 74.9%
2025-12-10 04:47:27,709 DeMo.train INFO: Best Rank-5: 84.8%
2025-12-10 04:47:27,709 DeMo.train INFO: Best Rank-10: 89.7%
2025-12-10 04:47:27,709 DeMo.train INFO: ~~~~~~~~~~~~~~~~~~~~~~~~~~~~~~~~~~~~~~~~~~~~~~~~~~
2025-12-10 04:47:32,249 DeMo.train INFO: Epoch[15] Iteration[10/54] Loss: 2.296, Acc: 0.920, Base Lr: 5.00e-06
