2025-12-10 04:11:35,054 DeMo INFO: Saving model in the path :..
2025-12-10 04:11:35,055 DeMo INFO: Namespace(config_file='configs/RGBNT201/DeMo_SDTPS_DGAF_ablation.yml', exp_name=None, fea_cft=0, local_rank=0, opts=['MODEL.USE_SDTPS', 'False', 'MODEL.USE_DGAF', 'False', 'MODEL.GLOBAL_LOCAL', 'False'])
2025-12-10 04:11:35,055 DeMo INFO: Loaded configuration file configs/RGBNT201/DeMo_SDTPS_DGAF_ablation.yml
2025-12-10 04:11:35,056 DeMo INFO: 
MODEL:
  TRANSFORMER_TYPE: 'ViT-B-16'
  STRIDE_SIZE: [ 16, 16 ]
  SIE_CAMERA: True
  DIRECT: 1
  SIE_COE: 1.0
  ID_LOSS_WEIGHT: 0.25
  TRIPLET_LOSS_WEIGHT: 1.0
  GLOBAL_LOCAL: False  # DGAF V3 直接用 tokens，不需要 GLOBAL_LOCAL
  # Disable HDM and ATM
  HDM: False
  ATM: False
  # SACR disabled for ablation
  USE_SACR: False
  USE_MULTIMODAL_SACR: False
  # LIF disabled
  USE_LIF: False
  # SDTPS configuration
  USE_SDTPS: True
  SDTPS_SPARSE_RATIO: 0.7  # token 保留比例（70%）
  SDTPS_USE_GUMBEL: False  # 禁用 Gumbel（训练稳定性）
  SDTPS_GUMBEL_TAU: 5.0
  SDTPS_CROSS_ATTN_TYPE: 'attention'  # 使用 Cross-Attention（推荐）
  SDTPS_CROSS_ATTN_HEADS: 4  # Cross-Attention 头数
  # 已废弃参数（保留兼容性）
  SDTPS_BETA: 0.25         # 已不使用（原 MLP predictor 权重）
  SDTPS_AGGR_RATIO: 0.5    # 已不使用（原 TokenAggregation）
  SDTPS_LOSS_WEIGHT: 2.0   # SDTPS 分支的损失权重
  # DGAF: Dual-Gated Adaptive Fusion
  USE_DGAF: True
  DGAF_VERSION: 'v3'  # V3 接受 (B,N,C) tokens
  DGAF_TAU: 1.0
  DGAF_INIT_ALPHA: 0.5
  DGAF_NUM_HEADS: 8
  HEAD: 4

INPUT:
  SIZE_TRAIN: [ 256, 128 ]
  SIZE_TEST: [ 256, 128 ]
  PROB: 0.5
  RE_PROB: 0.5
  PADDING: 10

DATALOADER:
  SAMPLER: 'softmax_triplet'
  NUM_INSTANCE: 8
  NUM_WORKERS: 14

DATASETS:
  NAMES: ('RGBNT201')
  ROOT_DIR: '..'

SOLVER:
  BASE_LR: 0.000005
  LR_SCHEDULER: 'linear'
  MAX_EPOCHS: 50
  STEPS: [30, 40]
  GAMMA: 0.1
  WARMUP_ITERS: 0
  WARMUP_FACTOR: 0.01
  WARMUP_METHOD: 'linear'
  OPTIMIZER_NAME: 'Adam'
  IMS_PER_BATCH: 64
  EVAL_PERIOD: 1
  CHECKPOINT_PERIOD: 10

TEST:
  IMS_PER_BATCH: 128
  RE_RANKING: 'no'
  WEIGHT: ''
  NECK_FEAT: 'before'
  FEAT_NORM: 'yes'
  MISS: "nothing"

OUTPUT_DIR: '..'

# ============================================================================
# SDTPS + DGAF Ablation Config
# ============================================================================
# - SACR: disabled
# - SDTPS: configurable via command line
# - DGAF V3: configurable via command line
# - Training: lr=0.00035, epochs=50, warmup=10
# - TF32: enabled in train_net.py
# ============================================================================

2025-12-10 04:11:35,056 DeMo INFO: Running with config:
DATALOADER:
  NUM_INSTANCE: 8
  NUM_WORKERS: 14
  SAMPLER: softmax_triplet
DATASETS:
  NAMES: RGBNT201
  ROOT_DIR: ..
INPUT:
  PADDING: 10
  PIXEL_MEAN: [0.5, 0.5, 0.5]
  PIXEL_STD: [0.5, 0.5, 0.5]
  PROB: 0.5
  RE_PROB: 0.5
  SIZE_TEST: [256, 128]
  SIZE_TRAIN: [256, 128]
MODEL:
  ADAPTER: False
  ATM: False
  ATT_DROP_RATE: 0.0
  DEVICE: cuda
  DEVICE_ID: 0
  DGAF_INIT_ALPHA: 0.5
  DGAF_NUM_HEADS: 8
  DGAF_TAU: 1.0
  DGAF_VERSION: v3
  DIRECT: 1
  DIST_TRAIN: False
  DROP_OUT: 0.0
  DROP_PATH: 0.1
  FROZEN: False
  GLOBAL_LOCAL: False
  HDM: False
  HEAD: 4
  ID_LOSS_TYPE: softmax
  ID_LOSS_WEIGHT: 0.25
  IF_LABELSMOOTH: on
  IF_WITH_CENTER: no
  LIF_BETA: 0.4
  LIF_LAYER: 3
  LIF_LOSS_WEIGHT: 0.1
  METRIC_LOSS_TYPE: triplet
  MULTIMODAL_SACR_VERSION: v1
  NAME: DeMo
  NECK: bnneck
  NO_MARGIN: True
  PRETRAIN_PATH_T: /path/to/your/vitb_16_224_21k.pth
  PROMPT: False
  SACR_DILATION_RATES: [2, 3, 4]
  SDTPS_AGGR_RATIO: 0.5
  SDTPS_BETA: 0.25
  SDTPS_CROSS_ATTN_HEADS: 4
  SDTPS_CROSS_ATTN_TYPE: attention
  SDTPS_GUMBEL_TAU: 5.0
  SDTPS_LOSS_WEIGHT: 2.0
  SDTPS_SPARSE_RATIO: 0.7
  SDTPS_USE_GUMBEL: False
  SIE_CAMERA: True
  SIE_COE: 1.0
  SIE_VIEW: False
  STRIDE_SIZE: [16, 16]
  TRANSFORMER_TYPE: ViT-B-16
  TRIPLET_LOSS_WEIGHT: 1.0
  USE_DGAF: False
  USE_LIF: False
  USE_MULTIMODAL_SACR: False
  USE_SACR: False
  USE_SDTPS: False
OUTPUT_DIR: ..
SOLVER:
  BASE_LR: 5e-06
  CENTER_LOSS_WEIGHT: 0.0005
  CENTER_LR: 0.5
  CHECKPOINT_PERIOD: 10
  CLUSTER_MARGIN: 0.3
  COSINE_MARGIN: 0.5
  COSINE_SCALE: 30
  EVAL_PERIOD: 1
  GAMMA: 0.1
  IMS_PER_BATCH: 64
  LARGE_FC_LR: False
  LOG_PERIOD: 10
  LR_SCHEDULER: linear
  MARGIN: 0.3
  MAX_EPOCHS: 50
  MOMENTUM: 0.9
  OPTIMIZER_NAME: Adam
  RANGE_ALPHA: 0
  RANGE_BETA: 1
  RANGE_K: 2
  RANGE_LOSS_WEIGHT: 1
  RANGE_MARGIN: 0.3
  SEED: 1234
  STEPS: (30, 40)
  WARMUP_FACTOR: 0.01
  WARMUP_ITERS: 0
  WARMUP_METHOD: linear
  WEIGHT_DECAY: 0.0001
  WEIGHT_DECAY_BIAS: 0.0001
TEST:
  FEAT: 0
  FEAT_NORM: yes
  IMS_PER_BATCH: 128
  MISS: nothing
  NECK_FEAT: before
  RE_RANKING: no
  WEIGHT: 
=> RGBNT201 loaded
Dataset statistics:
  ----------------------------------------
  subset   | # ids | # images | # cameras
  ----------------------------------------
  train    |   171 |     3951 |         4
  query    |    30 |      836 |         2
  gallery  |    30 |      836 |         2
  ----------------------------------------
data is ready
using Transformer_type: ViT-B-16 as a backbone
Resized position embedding: %s to %s torch.Size([197, 768]) torch.Size([129, 768])
Position embedding resize to height:16 width: 8
Successfully load ckpt!
<All keys matched successfully>
Loading pretrained model from CLIP
camera number is : 4
===========Building DeMo===========
2025-12-10 04:11:45,915 DeMo INFO: DeMo(
  (BACKBONE): build_transformer(
    (base): VisionTransformer(
      (conv1): Conv2d(3, 768, kernel_size=(16, 16), stride=(16, 16), bias=False)
      (ln_pre): LayerNorm((768,), eps=1e-05, elementwise_affine=True)
      (transformer): Transformer(
        (resblocks): Sequential(
          (0): ResidualAttentionBlock(
            (attn): MultiheadAttention(
              (out_proj): NonDynamicallyQuantizableLinear(in_features=768, out_features=768, bias=True)
            )
            (ln_1): LayerNorm((768,), eps=1e-05, elementwise_affine=True)
            (mlp): Sequential(
              (c_fc): Linear(in_features=768, out_features=3072, bias=True)
              (gelu): QuickGELU()
              (c_proj): Linear(in_features=3072, out_features=768, bias=True)
            )
            (ln_2): LayerNorm((768,), eps=1e-05, elementwise_affine=True)
          )
          (1): ResidualAttentionBlock(
            (attn): MultiheadAttention(
              (out_proj): NonDynamicallyQuantizableLinear(in_features=768, out_features=768, bias=True)
            )
            (ln_1): LayerNorm((768,), eps=1e-05, elementwise_affine=True)
            (mlp): Sequential(
              (c_fc): Linear(in_features=768, out_features=3072, bias=True)
              (gelu): QuickGELU()
              (c_proj): Linear(in_features=3072, out_features=768, bias=True)
            )
            (ln_2): LayerNorm((768,), eps=1e-05, elementwise_affine=True)
          )
          (2): ResidualAttentionBlock(
            (attn): MultiheadAttention(
              (out_proj): NonDynamicallyQuantizableLinear(in_features=768, out_features=768, bias=True)
            )
            (ln_1): LayerNorm((768,), eps=1e-05, elementwise_affine=True)
            (mlp): Sequential(
              (c_fc): Linear(in_features=768, out_features=3072, bias=True)
              (gelu): QuickGELU()
              (c_proj): Linear(in_features=3072, out_features=768, bias=True)
            )
            (ln_2): LayerNorm((768,), eps=1e-05, elementwise_affine=True)
          )
          (3): ResidualAttentionBlock(
            (attn): MultiheadAttention(
              (out_proj): NonDynamicallyQuantizableLinear(in_features=768, out_features=768, bias=True)
            )
            (ln_1): LayerNorm((768,), eps=1e-05, elementwise_affine=True)
            (mlp): Sequential(
              (c_fc): Linear(in_features=768, out_features=3072, bias=True)
              (gelu): QuickGELU()
              (c_proj): Linear(in_features=3072, out_features=768, bias=True)
            )
            (ln_2): LayerNorm((768,), eps=1e-05, elementwise_affine=True)
          )
          (4): ResidualAttentionBlock(
            (attn): MultiheadAttention(
              (out_proj): NonDynamicallyQuantizableLinear(in_features=768, out_features=768, bias=True)
            )
            (ln_1): LayerNorm((768,), eps=1e-05, elementwise_affine=True)
            (mlp): Sequential(
              (c_fc): Linear(in_features=768, out_features=3072, bias=True)
              (gelu): QuickGELU()
              (c_proj): Linear(in_features=3072, out_features=768, bias=True)
            )
            (ln_2): LayerNorm((768,), eps=1e-05, elementwise_affine=True)
          )
          (5): ResidualAttentionBlock(
            (attn): MultiheadAttention(
              (out_proj): NonDynamicallyQuantizableLinear(in_features=768, out_features=768, bias=True)
            )
            (ln_1): LayerNorm((768,), eps=1e-05, elementwise_affine=True)
            (mlp): Sequential(
              (c_fc): Linear(in_features=768, out_features=3072, bias=True)
              (gelu): QuickGELU()
              (c_proj): Linear(in_features=3072, out_features=768, bias=True)
            )
            (ln_2): LayerNorm((768,), eps=1e-05, elementwise_affine=True)
          )
          (6): ResidualAttentionBlock(
            (attn): MultiheadAttention(
              (out_proj): NonDynamicallyQuantizableLinear(in_features=768, out_features=768, bias=True)
            )
            (ln_1): LayerNorm((768,), eps=1e-05, elementwise_affine=True)
            (mlp): Sequential(
              (c_fc): Linear(in_features=768, out_features=3072, bias=True)
              (gelu): QuickGELU()
              (c_proj): Linear(in_features=3072, out_features=768, bias=True)
            )
            (ln_2): LayerNorm((768,), eps=1e-05, elementwise_affine=True)
          )
          (7): ResidualAttentionBlock(
            (attn): MultiheadAttention(
              (out_proj): NonDynamicallyQuantizableLinear(in_features=768, out_features=768, bias=True)
            )
            (ln_1): LayerNorm((768,), eps=1e-05, elementwise_affine=True)
            (mlp): Sequential(
              (c_fc): Linear(in_features=768, out_features=3072, bias=True)
              (gelu): QuickGELU()
              (c_proj): Linear(in_features=3072, out_features=768, bias=True)
            )
            (ln_2): LayerNorm((768,), eps=1e-05, elementwise_affine=True)
          )
          (8): ResidualAttentionBlock(
            (attn): MultiheadAttention(
              (out_proj): NonDynamicallyQuantizableLinear(in_features=768, out_features=768, bias=True)
            )
            (ln_1): LayerNorm((768,), eps=1e-05, elementwise_affine=True)
            (mlp): Sequential(
              (c_fc): Linear(in_features=768, out_features=3072, bias=True)
              (gelu): QuickGELU()
              (c_proj): Linear(in_features=3072, out_features=768, bias=True)
            )
            (ln_2): LayerNorm((768,), eps=1e-05, elementwise_affine=True)
          )
          (9): ResidualAttentionBlock(
            (attn): MultiheadAttention(
              (out_proj): NonDynamicallyQuantizableLinear(in_features=768, out_features=768, bias=True)
            )
            (ln_1): LayerNorm((768,), eps=1e-05, elementwise_affine=True)
            (mlp): Sequential(
              (c_fc): Linear(in_features=768, out_features=3072, bias=True)
              (gelu): QuickGELU()
              (c_proj): Linear(in_features=3072, out_features=768, bias=True)
            )
            (ln_2): LayerNorm((768,), eps=1e-05, elementwise_affine=True)
          )
          (10): ResidualAttentionBlock(
            (attn): MultiheadAttention(
              (out_proj): NonDynamicallyQuantizableLinear(in_features=768, out_features=768, bias=True)
            )
            (ln_1): LayerNorm((768,), eps=1e-05, elementwise_affine=True)
            (mlp): Sequential(
              (c_fc): Linear(in_features=768, out_features=3072, bias=True)
              (gelu): QuickGELU()
              (c_proj): Linear(in_features=3072, out_features=768, bias=True)
            )
            (ln_2): LayerNorm((768,), eps=1e-05, elementwise_affine=True)
          )
          (11): ResidualAttentionBlock(
            (attn): MultiheadAttention(
              (out_proj): NonDynamicallyQuantizableLinear(in_features=768, out_features=768, bias=True)
            )
            (ln_1): LayerNorm((768,), eps=1e-05, elementwise_affine=True)
            (mlp): Sequential(
              (c_fc): Linear(in_features=768, out_features=3072, bias=True)
              (gelu): QuickGELU()
              (c_proj): Linear(in_features=3072, out_features=768, bias=True)
            )
            (ln_2): LayerNorm((768,), eps=1e-05, elementwise_affine=True)
          )
        )
      )
      (ln_post): LayerNorm((768,), eps=1e-05, elementwise_affine=True)
    )
  )
  (pool): AdaptiveAvgPool1d(output_size=1)
  (rgb_reduce): Sequential(
    (0): LayerNorm((1024,), eps=1e-05, elementwise_affine=True)
    (1): Linear(in_features=1024, out_features=512, bias=True)
    (2): QuickGELU()
  )
  (nir_reduce): Sequential(
    (0): LayerNorm((1024,), eps=1e-05, elementwise_affine=True)
    (1): Linear(in_features=1024, out_features=512, bias=True)
    (2): QuickGELU()
  )
  (tir_reduce): Sequential(
    (0): LayerNorm((1024,), eps=1e-05, elementwise_affine=True)
    (1): Linear(in_features=1024, out_features=512, bias=True)
    (2): QuickGELU()
  )
  (classifier): Linear(in_features=1536, out_features=171, bias=False)
  (bottleneck): BatchNorm1d(1536, eps=1e-05, momentum=0.1, affine=True, track_running_stats=True)
)
2025-12-10 04:11:45,916 DeMo INFO: number of parameters:87.988224
/home/yij/miniconda3/envs/DeMo/lib/python3.8/site-packages/timm/models/helpers.py:7: FutureWarning: Importing from timm.models.helpers is deprecated, please import via timm.models
  warnings.warn(f"Importing from {__name__} is deprecated, please import via timm.models", FutureWarning)
/home/yij/miniconda3/envs/DeMo/lib/python3.8/site-packages/timm/models/registry.py:4: FutureWarning: Importing from timm.models.registry is deprecated, please import via timm.models
  warnings.warn(f"Importing from {__name__} is deprecated, please import via timm.models", FutureWarning)
/home/yij/miniconda3/envs/DeMo/lib/python3.8/site-packages/timm/models/layers/__init__.py:48: FutureWarning: Importing from timm.models.layers is deprecated, please import via timm.layers
  warnings.warn(f"Importing from {__name__} is deprecated, please import via timm.layers", FutureWarning)
/raid/yij/icme/demo2new/DeMo2/modeling/clip/clip.py:23: UserWarning: PyTorch version 1.7.1 or higher is recommended
  warnings.warn("PyTorch version 1.7.1 or higher is recommended")
/home/yij/miniconda3/envs/DeMo/lib/python3.8/site-packages/torchvision/transforms/transforms.py:329: UserWarning: Argument 'interpolation' of type int is deprecated since 0.13 and will be removed in 0.15. Please use InterpolationMode enum.
  warnings.warn(
The following submodules of the model were never called during the trace of the graph. They may be unused, or they were accessed by direct calls to .forward() or via other python methods. In the latter case they will have zeros for statistics, though their statistics will still contribute to their parent calling module.
BACKBONE.base.transformer.resblocks.0.attn.out_proj, BACKBONE.base.transformer.resblocks.1.attn.out_proj, BACKBONE.base.transformer.resblocks.10.attn.out_proj, BACKBONE.base.transformer.resblocks.11.attn.out_proj, BACKBONE.base.transformer.resblocks.2.attn.out_proj, BACKBONE.base.transformer.resblocks.3.attn.out_proj, BACKBONE.base.transformer.resblocks.4.attn.out_proj, BACKBONE.base.transformer.resblocks.5.attn.out_proj, BACKBONE.base.transformer.resblocks.6.attn.out_proj, BACKBONE.base.transformer.resblocks.7.attn.out_proj, BACKBONE.base.transformer.resblocks.8.attn.out_proj, BACKBONE.base.transformer.resblocks.9.attn.out_proj, bottleneck, classifier, nir_reduce, nir_reduce.0, nir_reduce.1, nir_reduce.2, pool, rgb_reduce, rgb_reduce.0, rgb_reduce.1, rgb_reduce.2, tir_reduce, tir_reduce.0, tir_reduce.1, tir_reduce.2
~~~~~~~~~~~~~~~~~~~~~~~~~~~~~~~~~~~~~~~~~~~~~~~~~~~~~~~~~~~~~~~~~~~~~~~~~~~~~~~~~~~~~~~~~~~~~~~~
The out_proj here is called by the nn.MultiheadAttention, which has been calculated in th .forward(), so just ignore it.
~~~~~~~~~~~~~~~~~~~~~~~~~~~~~~~~~~~~~~~~~~~~~~~~~~~~~~~~~~~~~~~~~~~~~~~~~~~~~~~~~~~~~~~~~~~~~~~~
For the bottleneck or classifier, it is not calculated during inference, so just ignore it.
~~~~~~~~~~~~~~~~~~~~~~~~~~~~~~~~~~~~~~~~~~~~~~~~~~~~~~~~~~~~~~~~~~~~~~~~~~~~~~~~~~~~~~~~~~~~~~~~
2025-12-10 04:11:48,555 DeMo INFO: number of GFLOPs: 34.275378708000005
using soft triplet loss for training
label smooth on, numclasses: 171
2025-12-10 04:11:48,564 DeMo.train INFO: start training
/home/yij/miniconda3/envs/DeMo/lib/python3.8/site-packages/torch/optim/lr_scheduler.py:138: UserWarning: Detected call of `lr_scheduler.step()` before `optimizer.step()`. In PyTorch 1.1.0 and later, you should call them in the opposite order: `optimizer.step()` before `lr_scheduler.step()`.  Failure to do this will result in PyTorch skipping the first value of the learning rate schedule. See more details at https://pytorch.org/docs/stable/optim.html#how-to-adjust-learning-rate
  warnings.warn("Detected call of `lr_scheduler.step()` before `optimizer.step()`. "
/home/yij/miniconda3/envs/DeMo/lib/python3.8/site-packages/torch/optim/lr_scheduler.py:163: UserWarning: The epoch parameter in `scheduler.step()` was not necessary and is being deprecated where possible. Please use `scheduler.step()` to step the scheduler. During the deprecation, if epoch is different from None, the closed form is used instead of the new chainable form, where available. Please open an issue if you are unable to replicate your use case: https://github.com/pytorch/pytorch/issues/new/choose.
  warnings.warn(EPOCH_DEPRECATION_WARNING, UserWarning)
2025-12-10 04:11:54,028 DeMo.train INFO: Epoch[1] Iteration[10/54] Loss: 3.452, Acc: 0.005, Base Lr: 5.00e-06
2025-12-10 04:11:56,358 DeMo.train INFO: Epoch[1] Iteration[20/54] Loss: 2.859, Acc: 0.005, Base Lr: 5.00e-06
2025-12-10 04:11:58,694 DeMo.train INFO: Epoch[1] Iteration[30/54] Loss: 2.616, Acc: 0.008, Base Lr: 5.00e-06
2025-12-10 04:12:01,040 DeMo.train INFO: Epoch[1] Iteration[40/54] Loss: 2.465, Acc: 0.010, Base Lr: 5.00e-06
2025-12-10 04:12:03,386 DeMo.train INFO: Epoch[1] Iteration[50/54] Loss: 2.371, Acc: 0.009, Base Lr: 5.00e-06
2025-12-10 04:12:04,214 DeMo.train INFO: Epoch 1 done. Time per batch: 0.295[s] Speed: 216.8[samples/s]
2025-12-10 04:12:04,214 DeMo.train INFO: ~~~~~~~~~~~~~~~~~~~~~~~~~~~~~~~~~~~~~~~~~~~~~~~~~~
2025-12-10 04:12:04,215 DeMo.train INFO: Current is the [moe,ori] feature testing!
2025-12-10 04:12:04,215 DeMo.train INFO: ~~~~~~~~~~~~~~~~~~~~~~~~~~~~~~~~~~~~~~~~~~~~~~~~~~
The test feature is normalized
=> Computing DistMat with euclidean_distance
2025-12-10 04:12:10,443 DeMo.train INFO: Validation Results - Epoch: 1
2025-12-10 04:12:10,443 DeMo.train INFO: mAP: 12.5%
2025-12-10 04:12:10,443 DeMo.train INFO: CMC curve, Rank-1  :10.2%
2025-12-10 04:12:10,443 DeMo.train INFO: CMC curve, Rank-5  :19.9%
2025-12-10 04:12:10,443 DeMo.train INFO: CMC curve, Rank-10 :27.4%
2025-12-10 04:12:10,443 DeMo.train INFO: ~~~~~~~~~~~~~~~~~~~~~~~~~~~~~~~~~~~~~~~~~~~~~~~~~~
2025-12-10 04:12:10,955 DeMo.train INFO: ~~~~~~~~~~~~~~~~~~~~~~~~~~~~~~~~~~~~~~~~~~~~~~~~~~
2025-12-10 04:12:10,956 DeMo.train INFO: Best mAP: 12.5%
2025-12-10 04:12:10,956 DeMo.train INFO: Best Rank-1: 10.2%
2025-12-10 04:12:10,956 DeMo.train INFO: Best Rank-5: 19.9%
2025-12-10 04:12:10,956 DeMo.train INFO: Best Rank-10: 27.4%
2025-12-10 04:12:10,956 DeMo.train INFO: ~~~~~~~~~~~~~~~~~~~~~~~~~~~~~~~~~~~~~~~~~~~~~~~~~~
2025-12-10 04:12:14,954 DeMo.train INFO: Epoch[2] Iteration[10/54] Loss: 1.904, Acc: 0.066, Base Lr: 5.00e-06
2025-12-10 04:12:17,319 DeMo.train INFO: Epoch[2] Iteration[20/54] Loss: 1.877, Acc: 0.066, Base Lr: 5.00e-06
2025-12-10 04:12:19,673 DeMo.train INFO: Epoch[2] Iteration[30/54] Loss: 1.868, Acc: 0.062, Base Lr: 5.00e-06
2025-12-10 04:12:22,022 DeMo.train INFO: Epoch[2] Iteration[40/54] Loss: 1.851, Acc: 0.070, Base Lr: 5.00e-06
2025-12-10 04:12:24,427 DeMo.train INFO: Epoch[2] Iteration[50/54] Loss: 1.827, Acc: 0.073, Base Lr: 5.00e-06
2025-12-10 04:12:25,837 DeMo.train INFO: Epoch 2 done. Time per batch: 0.281[s] Speed: 228.0[samples/s]
2025-12-10 04:12:25,839 DeMo.train INFO: ~~~~~~~~~~~~~~~~~~~~~~~~~~~~~~~~~~~~~~~~~~~~~~~~~~
2025-12-10 04:12:25,839 DeMo.train INFO: Current is the [moe,ori] feature testing!
2025-12-10 04:12:25,839 DeMo.train INFO: ~~~~~~~~~~~~~~~~~~~~~~~~~~~~~~~~~~~~~~~~~~~~~~~~~~
The test feature is normalized
=> Computing DistMat with euclidean_distance
2025-12-10 04:12:30,641 DeMo.train INFO: Validation Results - Epoch: 2
2025-12-10 04:12:30,641 DeMo.train INFO: mAP: 40.2%
2025-12-10 04:12:30,641 DeMo.train INFO: CMC curve, Rank-1  :40.0%
2025-12-10 04:12:30,641 DeMo.train INFO: CMC curve, Rank-5  :56.9%
2025-12-10 04:12:30,641 DeMo.train INFO: CMC curve, Rank-10 :63.9%
2025-12-10 04:12:30,641 DeMo.train INFO: ~~~~~~~~~~~~~~~~~~~~~~~~~~~~~~~~~~~~~~~~~~~~~~~~~~
2025-12-10 04:12:31,084 DeMo.train INFO: ~~~~~~~~~~~~~~~~~~~~~~~~~~~~~~~~~~~~~~~~~~~~~~~~~~
2025-12-10 04:12:31,084 DeMo.train INFO: Best mAP: 40.2%
2025-12-10 04:12:31,085 DeMo.train INFO: Best Rank-1: 40.0%
2025-12-10 04:12:31,085 DeMo.train INFO: Best Rank-5: 56.9%
2025-12-10 04:12:31,085 DeMo.train INFO: Best Rank-10: 63.9%
2025-12-10 04:12:31,085 DeMo.train INFO: ~~~~~~~~~~~~~~~~~~~~~~~~~~~~~~~~~~~~~~~~~~~~~~~~~~
2025-12-10 04:12:34,739 DeMo.train INFO: Epoch[3] Iteration[10/54] Loss: 1.646, Acc: 0.213, Base Lr: 5.00e-06
2025-12-10 04:12:37,567 DeMo.train INFO: Epoch[3] Iteration[20/54] Loss: 1.660, Acc: 0.232, Base Lr: 5.00e-06
2025-12-10 04:12:39,918 DeMo.train INFO: Epoch[3] Iteration[30/54] Loss: 1.634, Acc: 0.223, Base Lr: 5.00e-06
2025-12-10 04:12:42,343 DeMo.train INFO: Epoch[3] Iteration[40/54] Loss: 1.622, Acc: 0.213, Base Lr: 5.00e-06
2025-12-10 04:12:44,723 DeMo.train INFO: Epoch[3] Iteration[50/54] Loss: 1.634, Acc: 0.210, Base Lr: 5.00e-06
2025-12-10 04:12:45,609 DeMo.train INFO: Epoch 3 done. Time per batch: 0.274[s] Speed: 233.5[samples/s]
2025-12-10 04:12:45,610 DeMo.train INFO: ~~~~~~~~~~~~~~~~~~~~~~~~~~~~~~~~~~~~~~~~~~~~~~~~~~
2025-12-10 04:12:45,610 DeMo.train INFO: Current is the [moe,ori] feature testing!
2025-12-10 04:12:45,610 DeMo.train INFO: ~~~~~~~~~~~~~~~~~~~~~~~~~~~~~~~~~~~~~~~~~~~~~~~~~~
The test feature is normalized
=> Computing DistMat with euclidean_distance
2025-12-10 04:12:51,205 DeMo.train INFO: Validation Results - Epoch: 3
2025-12-10 04:12:51,205 DeMo.train INFO: mAP: 48.7%
2025-12-10 04:12:51,205 DeMo.train INFO: CMC curve, Rank-1  :48.2%
2025-12-10 04:12:51,205 DeMo.train INFO: CMC curve, Rank-5  :63.5%
2025-12-10 04:12:51,205 DeMo.train INFO: CMC curve, Rank-10 :71.7%
2025-12-10 04:12:51,205 DeMo.train INFO: ~~~~~~~~~~~~~~~~~~~~~~~~~~~~~~~~~~~~~~~~~~~~~~~~~~
2025-12-10 04:12:52,331 DeMo.train INFO: ~~~~~~~~~~~~~~~~~~~~~~~~~~~~~~~~~~~~~~~~~~~~~~~~~~
2025-12-10 04:12:52,331 DeMo.train INFO: Best mAP: 48.7%
2025-12-10 04:12:52,331 DeMo.train INFO: Best Rank-1: 48.2%
2025-12-10 04:12:52,331 DeMo.train INFO: Best Rank-5: 63.5%
2025-12-10 04:12:52,331 DeMo.train INFO: Best Rank-10: 71.7%
2025-12-10 04:12:52,331 DeMo.train INFO: ~~~~~~~~~~~~~~~~~~~~~~~~~~~~~~~~~~~~~~~~~~~~~~~~~~
2025-12-10 04:12:56,328 DeMo.train INFO: Epoch[4] Iteration[10/54] Loss: 1.520, Acc: 0.347, Base Lr: 5.00e-06
2025-12-10 04:12:58,779 DeMo.train INFO: Epoch[4] Iteration[20/54] Loss: 1.486, Acc: 0.391, Base Lr: 5.00e-06
2025-12-10 04:13:01,234 DeMo.train INFO: Epoch[4] Iteration[30/54] Loss: 1.495, Acc: 0.385, Base Lr: 5.00e-06
2025-12-10 04:13:03,635 DeMo.train INFO: Epoch[4] Iteration[40/54] Loss: 1.485, Acc: 0.388, Base Lr: 5.00e-06
2025-12-10 04:13:06,028 DeMo.train INFO: Epoch[4] Iteration[50/54] Loss: 1.477, Acc: 0.419, Base Lr: 5.00e-06
2025-12-10 04:13:06,862 DeMo.train INFO: Epoch 4 done. Time per batch: 0.274[s] Speed: 233.4[samples/s]
2025-12-10 04:13:06,863 DeMo.train INFO: ~~~~~~~~~~~~~~~~~~~~~~~~~~~~~~~~~~~~~~~~~~~~~~~~~~
2025-12-10 04:13:06,863 DeMo.train INFO: Current is the [moe,ori] feature testing!
2025-12-10 04:13:06,863 DeMo.train INFO: ~~~~~~~~~~~~~~~~~~~~~~~~~~~~~~~~~~~~~~~~~~~~~~~~~~
The test feature is normalized
=> Computing DistMat with euclidean_distance
2025-12-10 04:13:12,102 DeMo.train INFO: Validation Results - Epoch: 4
2025-12-10 04:13:12,102 DeMo.train INFO: mAP: 57.7%
2025-12-10 04:13:12,102 DeMo.train INFO: CMC curve, Rank-1  :58.0%
2025-12-10 04:13:12,102 DeMo.train INFO: CMC curve, Rank-5  :72.6%
2025-12-10 04:13:12,102 DeMo.train INFO: CMC curve, Rank-10 :79.7%
2025-12-10 04:13:12,102 DeMo.train INFO: ~~~~~~~~~~~~~~~~~~~~~~~~~~~~~~~~~~~~~~~~~~~~~~~~~~
2025-12-10 04:13:12,745 DeMo.train INFO: ~~~~~~~~~~~~~~~~~~~~~~~~~~~~~~~~~~~~~~~~~~~~~~~~~~
2025-12-10 04:13:12,745 DeMo.train INFO: Best mAP: 57.7%
2025-12-10 04:13:12,745 DeMo.train INFO: Best Rank-1: 58.0%
2025-12-10 04:13:12,745 DeMo.train INFO: Best Rank-5: 72.6%
2025-12-10 04:13:12,745 DeMo.train INFO: Best Rank-10: 79.7%
2025-12-10 04:13:12,746 DeMo.train INFO: ~~~~~~~~~~~~~~~~~~~~~~~~~~~~~~~~~~~~~~~~~~~~~~~~~~
2025-12-10 04:13:16,489 DeMo.train INFO: Epoch[5] Iteration[10/54] Loss: 1.362, Acc: 0.633, Base Lr: 5.00e-06
2025-12-10 04:13:18,867 DeMo.train INFO: Epoch[5] Iteration[20/54] Loss: 1.379, Acc: 0.615, Base Lr: 5.00e-06
2025-12-10 04:13:21,293 DeMo.train INFO: Epoch[5] Iteration[30/54] Loss: 1.362, Acc: 0.608, Base Lr: 5.00e-06
2025-12-10 04:13:23,670 DeMo.train INFO: Epoch[5] Iteration[40/54] Loss: 1.353, Acc: 0.620, Base Lr: 5.00e-06
2025-12-10 04:13:26,108 DeMo.train INFO: Epoch[5] Iteration[50/54] Loss: 1.362, Acc: 0.605, Base Lr: 5.00e-06
2025-12-10 04:13:26,956 DeMo.train INFO: Epoch 5 done. Time per batch: 0.268[s] Speed: 238.7[samples/s]
2025-12-10 04:13:26,957 DeMo.train INFO: ~~~~~~~~~~~~~~~~~~~~~~~~~~~~~~~~~~~~~~~~~~~~~~~~~~
2025-12-10 04:13:26,957 DeMo.train INFO: Current is the [moe,ori] feature testing!
2025-12-10 04:13:26,957 DeMo.train INFO: ~~~~~~~~~~~~~~~~~~~~~~~~~~~~~~~~~~~~~~~~~~~~~~~~~~
The test feature is normalized
=> Computing DistMat with euclidean_distance
2025-12-10 04:13:32,215 DeMo.train INFO: Validation Results - Epoch: 5
2025-12-10 04:13:32,215 DeMo.train INFO: mAP: 62.0%
2025-12-10 04:13:32,215 DeMo.train INFO: CMC curve, Rank-1  :63.3%
2025-12-10 04:13:32,215 DeMo.train INFO: CMC curve, Rank-5  :76.2%
2025-12-10 04:13:32,215 DeMo.train INFO: CMC curve, Rank-10 :84.2%
2025-12-10 04:13:32,215 DeMo.train INFO: ~~~~~~~~~~~~~~~~~~~~~~~~~~~~~~~~~~~~~~~~~~~~~~~~~~
2025-12-10 04:13:32,923 DeMo.train INFO: ~~~~~~~~~~~~~~~~~~~~~~~~~~~~~~~~~~~~~~~~~~~~~~~~~~
2025-12-10 04:13:32,923 DeMo.train INFO: Best mAP: 62.0%
2025-12-10 04:13:32,923 DeMo.train INFO: Best Rank-1: 63.3%
2025-12-10 04:13:32,923 DeMo.train INFO: Best Rank-5: 76.2%
2025-12-10 04:13:32,924 DeMo.train INFO: Best Rank-10: 84.2%
2025-12-10 04:13:32,924 DeMo.train INFO: ~~~~~~~~~~~~~~~~~~~~~~~~~~~~~~~~~~~~~~~~~~~~~~~~~~
2025-12-10 04:13:38,244 DeMo.train INFO: Epoch[6] Iteration[10/54] Loss: 1.340, Acc: 0.705, Base Lr: 5.00e-06
2025-12-10 04:13:40,637 DeMo.train INFO: Epoch[6] Iteration[20/54] Loss: 1.359, Acc: 0.696, Base Lr: 5.00e-06
2025-12-10 04:13:42,986 DeMo.train INFO: Epoch[6] Iteration[30/54] Loss: 1.354, Acc: 0.717, Base Lr: 5.00e-06
2025-12-10 04:13:45,352 DeMo.train INFO: Epoch[6] Iteration[40/54] Loss: 1.348, Acc: 0.712, Base Lr: 5.00e-06
2025-12-10 04:13:47,708 DeMo.train INFO: Epoch[6] Iteration[50/54] Loss: 1.346, Acc: 0.727, Base Lr: 5.00e-06
2025-12-10 04:13:48,605 DeMo.train INFO: Epoch 6 done. Time per batch: 0.296[s] Speed: 216.3[samples/s]
2025-12-10 04:13:48,606 DeMo.train INFO: ~~~~~~~~~~~~~~~~~~~~~~~~~~~~~~~~~~~~~~~~~~~~~~~~~~
2025-12-10 04:13:48,606 DeMo.train INFO: Current is the [moe,ori] feature testing!
2025-12-10 04:13:48,606 DeMo.train INFO: ~~~~~~~~~~~~~~~~~~~~~~~~~~~~~~~~~~~~~~~~~~~~~~~~~~
The test feature is normalized
=> Computing DistMat with euclidean_distance
2025-12-10 04:13:54,604 DeMo.train INFO: Validation Results - Epoch: 6
2025-12-10 04:13:54,604 DeMo.train INFO: mAP: 59.6%
2025-12-10 04:13:54,604 DeMo.train INFO: CMC curve, Rank-1  :62.3%
2025-12-10 04:13:54,604 DeMo.train INFO: CMC curve, Rank-5  :72.7%
2025-12-10 04:13:54,604 DeMo.train INFO: CMC curve, Rank-10 :78.2%
2025-12-10 04:13:54,604 DeMo.train INFO: ~~~~~~~~~~~~~~~~~~~~~~~~~~~~~~~~~~~~~~~~~~~~~~~~~~
2025-12-10 04:13:55,734 DeMo.train INFO: ~~~~~~~~~~~~~~~~~~~~~~~~~~~~~~~~~~~~~~~~~~~~~~~~~~
2025-12-10 04:13:55,735 DeMo.train INFO: Best mAP: 62.0%
2025-12-10 04:13:55,735 DeMo.train INFO: Best Rank-1: 63.3%
2025-12-10 04:13:55,735 DeMo.train INFO: Best Rank-5: 76.2%
2025-12-10 04:13:55,735 DeMo.train INFO: Best Rank-10: 84.2%
2025-12-10 04:13:55,735 DeMo.train INFO: ~~~~~~~~~~~~~~~~~~~~~~~~~~~~~~~~~~~~~~~~~~~~~~~~~~
2025-12-10 04:14:00,613 DeMo.train INFO: Epoch[7] Iteration[10/54] Loss: 1.303, Acc: 0.831, Base Lr: 5.00e-06
2025-12-10 04:14:03,055 DeMo.train INFO: Epoch[7] Iteration[20/54] Loss: 1.291, Acc: 0.810, Base Lr: 5.00e-06
2025-12-10 04:14:05,450 DeMo.train INFO: Epoch[7] Iteration[30/54] Loss: 1.292, Acc: 0.801, Base Lr: 5.00e-06
2025-12-10 04:14:07,880 DeMo.train INFO: Epoch[7] Iteration[40/54] Loss: 1.285, Acc: 0.808, Base Lr: 5.00e-06
2025-12-10 04:14:10,274 DeMo.train INFO: Epoch[7] Iteration[50/54] Loss: 1.290, Acc: 0.802, Base Lr: 5.00e-06
2025-12-10 04:14:11,112 DeMo.train INFO: Epoch 7 done. Time per batch: 0.290[s] Speed: 220.6[samples/s]
2025-12-10 04:14:11,113 DeMo.train INFO: ~~~~~~~~~~~~~~~~~~~~~~~~~~~~~~~~~~~~~~~~~~~~~~~~~~
2025-12-10 04:14:11,113 DeMo.train INFO: Current is the [moe,ori] feature testing!
2025-12-10 04:14:11,113 DeMo.train INFO: ~~~~~~~~~~~~~~~~~~~~~~~~~~~~~~~~~~~~~~~~~~~~~~~~~~
The test feature is normalized
=> Computing DistMat with euclidean_distance
2025-12-10 04:14:16,175 DeMo.train INFO: Validation Results - Epoch: 7
2025-12-10 04:14:16,175 DeMo.train INFO: mAP: 62.8%
2025-12-10 04:14:16,175 DeMo.train INFO: CMC curve, Rank-1  :64.7%
2025-12-10 04:14:16,175 DeMo.train INFO: CMC curve, Rank-5  :74.6%
2025-12-10 04:14:16,176 DeMo.train INFO: CMC curve, Rank-10 :79.8%
2025-12-10 04:14:16,176 DeMo.train INFO: ~~~~~~~~~~~~~~~~~~~~~~~~~~~~~~~~~~~~~~~~~~~~~~~~~~
2025-12-10 04:14:16,703 DeMo.train INFO: ~~~~~~~~~~~~~~~~~~~~~~~~~~~~~~~~~~~~~~~~~~~~~~~~~~
2025-12-10 04:14:16,703 DeMo.train INFO: Best mAP: 62.8%
2025-12-10 04:14:16,703 DeMo.train INFO: Best Rank-1: 64.7%
2025-12-10 04:14:16,704 DeMo.train INFO: Best Rank-5: 74.6%
2025-12-10 04:14:16,704 DeMo.train INFO: Best Rank-10: 79.8%
2025-12-10 04:14:16,704 DeMo.train INFO: ~~~~~~~~~~~~~~~~~~~~~~~~~~~~~~~~~~~~~~~~~~~~~~~~~~
2025-12-10 04:14:20,243 DeMo.train INFO: Epoch[8] Iteration[10/54] Loss: 1.277, Acc: 0.781, Base Lr: 5.00e-06
2025-12-10 04:14:22,681 DeMo.train INFO: Epoch[8] Iteration[20/54] Loss: 1.267, Acc: 0.793, Base Lr: 5.00e-06
2025-12-10 04:14:25,019 DeMo.train INFO: Epoch[8] Iteration[30/54] Loss: 1.268, Acc: 0.811, Base Lr: 5.00e-06
2025-12-10 04:14:27,434 DeMo.train INFO: Epoch[8] Iteration[40/54] Loss: 1.267, Acc: 0.825, Base Lr: 5.00e-06
2025-12-10 04:14:29,880 DeMo.train INFO: Epoch[8] Iteration[50/54] Loss: 1.266, Acc: 0.835, Base Lr: 5.00e-06
2025-12-10 04:14:30,718 DeMo.train INFO: Epoch 8 done. Time per batch: 0.264[s] Speed: 242.0[samples/s]
2025-12-10 04:14:30,719 DeMo.train INFO: ~~~~~~~~~~~~~~~~~~~~~~~~~~~~~~~~~~~~~~~~~~~~~~~~~~
2025-12-10 04:14:30,719 DeMo.train INFO: Current is the [moe,ori] feature testing!
2025-12-10 04:14:30,719 DeMo.train INFO: ~~~~~~~~~~~~~~~~~~~~~~~~~~~~~~~~~~~~~~~~~~~~~~~~~~
The test feature is normalized
=> Computing DistMat with euclidean_distance
2025-12-10 04:14:36,074 DeMo.train INFO: Validation Results - Epoch: 8
2025-12-10 04:14:36,074 DeMo.train INFO: mAP: 69.1%
2025-12-10 04:14:36,074 DeMo.train INFO: CMC curve, Rank-1  :70.3%
2025-12-10 04:14:36,075 DeMo.train INFO: CMC curve, Rank-5  :80.9%
2025-12-10 04:14:36,075 DeMo.train INFO: CMC curve, Rank-10 :86.1%
2025-12-10 04:14:36,075 DeMo.train INFO: ~~~~~~~~~~~~~~~~~~~~~~~~~~~~~~~~~~~~~~~~~~~~~~~~~~
2025-12-10 04:14:37,848 DeMo.train INFO: ~~~~~~~~~~~~~~~~~~~~~~~~~~~~~~~~~~~~~~~~~~~~~~~~~~
2025-12-10 04:14:37,849 DeMo.train INFO: Best mAP: 69.1%
2025-12-10 04:14:37,849 DeMo.train INFO: Best Rank-1: 70.3%
2025-12-10 04:14:37,849 DeMo.train INFO: Best Rank-5: 80.9%
2025-12-10 04:14:37,849 DeMo.train INFO: Best Rank-10: 86.1%
2025-12-10 04:14:37,849 DeMo.train INFO: ~~~~~~~~~~~~~~~~~~~~~~~~~~~~~~~~~~~~~~~~~~~~~~~~~~
2025-12-10 04:14:42,118 DeMo.train INFO: Epoch[9] Iteration[10/54] Loss: 1.307, Acc: 0.836, Base Lr: 5.00e-06
2025-12-10 04:14:44,516 DeMo.train INFO: Epoch[9] Iteration[20/54] Loss: 1.307, Acc: 0.837, Base Lr: 5.00e-06
2025-12-10 04:14:46,885 DeMo.train INFO: Epoch[9] Iteration[30/54] Loss: 1.288, Acc: 0.854, Base Lr: 5.00e-06
2025-12-10 04:14:49,288 DeMo.train INFO: Epoch[9] Iteration[40/54] Loss: 1.278, Acc: 0.872, Base Lr: 5.00e-06
2025-12-10 04:14:51,709 DeMo.train INFO: Epoch[9] Iteration[50/54] Loss: 1.277, Acc: 0.873, Base Lr: 5.00e-06
2025-12-10 04:14:52,546 DeMo.train INFO: Epoch 9 done. Time per batch: 0.277[s] Speed: 230.8[samples/s]
2025-12-10 04:14:52,547 DeMo.train INFO: ~~~~~~~~~~~~~~~~~~~~~~~~~~~~~~~~~~~~~~~~~~~~~~~~~~
2025-12-10 04:14:52,547 DeMo.train INFO: Current is the [moe,ori] feature testing!
2025-12-10 04:14:52,547 DeMo.train INFO: ~~~~~~~~~~~~~~~~~~~~~~~~~~~~~~~~~~~~~~~~~~~~~~~~~~
The test feature is normalized
=> Computing DistMat with euclidean_distance
2025-12-10 04:14:58,028 DeMo.train INFO: Validation Results - Epoch: 9
2025-12-10 04:14:58,029 DeMo.train INFO: mAP: 67.7%
2025-12-10 04:14:58,029 DeMo.train INFO: CMC curve, Rank-1  :69.3%
2025-12-10 04:14:58,029 DeMo.train INFO: CMC curve, Rank-5  :80.6%
2025-12-10 04:14:58,029 DeMo.train INFO: CMC curve, Rank-10 :85.2%
2025-12-10 04:14:58,029 DeMo.train INFO: ~~~~~~~~~~~~~~~~~~~~~~~~~~~~~~~~~~~~~~~~~~~~~~~~~~
2025-12-10 04:14:59,359 DeMo.train INFO: ~~~~~~~~~~~~~~~~~~~~~~~~~~~~~~~~~~~~~~~~~~~~~~~~~~
2025-12-10 04:14:59,359 DeMo.train INFO: Best mAP: 69.1%
2025-12-10 04:14:59,359 DeMo.train INFO: Best Rank-1: 70.3%
2025-12-10 04:14:59,359 DeMo.train INFO: Best Rank-5: 80.9%
2025-12-10 04:14:59,359 DeMo.train INFO: Best Rank-10: 86.1%
2025-12-10 04:14:59,360 DeMo.train INFO: ~~~~~~~~~~~~~~~~~~~~~~~~~~~~~~~~~~~~~~~~~~~~~~~~~~
2025-12-10 04:15:04,034 DeMo.train INFO: Epoch[10] Iteration[10/54] Loss: 1.223, Acc: 0.864, Base Lr: 5.00e-06
2025-12-10 04:15:06,616 DeMo.train INFO: Epoch[10] Iteration[20/54] Loss: 1.229, Acc: 0.846, Base Lr: 5.00e-06
2025-12-10 04:15:09,026 DeMo.train INFO: Epoch[10] Iteration[30/54] Loss: 1.235, Acc: 0.860, Base Lr: 5.00e-06
2025-12-10 04:15:11,459 DeMo.train INFO: Epoch[10] Iteration[40/54] Loss: 1.232, Acc: 0.882, Base Lr: 5.00e-06
2025-12-10 04:15:13,968 DeMo.train INFO: Epoch[10] Iteration[50/54] Loss: 1.231, Acc: 0.893, Base Lr: 5.00e-06
2025-12-10 04:15:14,801 DeMo.train INFO: Epoch 10 done. Time per batch: 0.291[s] Speed: 219.7[samples/s]
2025-12-10 04:15:14,803 DeMo.train INFO: ~~~~~~~~~~~~~~~~~~~~~~~~~~~~~~~~~~~~~~~~~~~~~~~~~~
2025-12-10 04:15:14,803 DeMo.train INFO: Current is the [moe,ori] feature testing!
2025-12-10 04:15:14,803 DeMo.train INFO: ~~~~~~~~~~~~~~~~~~~~~~~~~~~~~~~~~~~~~~~~~~~~~~~~~~
The test feature is normalized
=> Computing DistMat with euclidean_distance
2025-12-10 04:15:19,731 DeMo.train INFO: Validation Results - Epoch: 10
2025-12-10 04:15:19,731 DeMo.train INFO: mAP: 68.5%
2025-12-10 04:15:19,732 DeMo.train INFO: CMC curve, Rank-1  :67.6%
2025-12-10 04:15:19,732 DeMo.train INFO: CMC curve, Rank-5  :79.3%
2025-12-10 04:15:19,732 DeMo.train INFO: CMC curve, Rank-10 :86.2%
2025-12-10 04:15:19,732 DeMo.train INFO: ~~~~~~~~~~~~~~~~~~~~~~~~~~~~~~~~~~~~~~~~~~~~~~~~~~
2025-12-10 04:15:19,780 DeMo.train INFO: ~~~~~~~~~~~~~~~~~~~~~~~~~~~~~~~~~~~~~~~~~~~~~~~~~~
2025-12-10 04:15:19,780 DeMo.train INFO: Best mAP: 69.1%
2025-12-10 04:15:19,780 DeMo.train INFO: Best Rank-1: 70.3%
2025-12-10 04:15:19,780 DeMo.train INFO: Best Rank-5: 80.9%
2025-12-10 04:15:19,780 DeMo.train INFO: Best Rank-10: 86.1%
2025-12-10 04:15:19,780 DeMo.train INFO: ~~~~~~~~~~~~~~~~~~~~~~~~~~~~~~~~~~~~~~~~~~~~~~~~~~
2025-12-10 04:15:23,680 DeMo.train INFO: Epoch[11] Iteration[10/54] Loss: 1.227, Acc: 0.850, Base Lr: 5.00e-06
2025-12-10 04:15:26,083 DeMo.train INFO: Epoch[11] Iteration[20/54] Loss: 1.230, Acc: 0.885, Base Lr: 5.00e-06
2025-12-10 04:15:28,472 DeMo.train INFO: Epoch[11] Iteration[30/54] Loss: 1.227, Acc: 0.894, Base Lr: 5.00e-06
2025-12-10 04:15:30,844 DeMo.train INFO: Epoch[11] Iteration[40/54] Loss: 1.229, Acc: 0.891, Base Lr: 5.00e-06
2025-12-10 04:15:33,225 DeMo.train INFO: Epoch[11] Iteration[50/54] Loss: 1.230, Acc: 0.905, Base Lr: 5.00e-06
2025-12-10 04:15:34,116 DeMo.train INFO: Epoch 11 done. Time per batch: 0.270[s] Speed: 236.6[samples/s]
2025-12-10 04:15:34,117 DeMo.train INFO: ~~~~~~~~~~~~~~~~~~~~~~~~~~~~~~~~~~~~~~~~~~~~~~~~~~
2025-12-10 04:15:34,117 DeMo.train INFO: Current is the [moe,ori] feature testing!
2025-12-10 04:15:34,117 DeMo.train INFO: ~~~~~~~~~~~~~~~~~~~~~~~~~~~~~~~~~~~~~~~~~~~~~~~~~~
The test feature is normalized
=> Computing DistMat with euclidean_distance
2025-12-10 04:15:40,010 DeMo.train INFO: Validation Results - Epoch: 11
2025-12-10 04:15:40,011 DeMo.train INFO: mAP: 68.2%
2025-12-10 04:15:40,011 DeMo.train INFO: CMC curve, Rank-1  :70.7%
2025-12-10 04:15:40,011 DeMo.train INFO: CMC curve, Rank-5  :81.0%
2025-12-10 04:15:40,011 DeMo.train INFO: CMC curve, Rank-10 :85.4%
2025-12-10 04:15:40,011 DeMo.train INFO: ~~~~~~~~~~~~~~~~~~~~~~~~~~~~~~~~~~~~~~~~~~~~~~~~~~
2025-12-10 04:15:41,298 DeMo.train INFO: ~~~~~~~~~~~~~~~~~~~~~~~~~~~~~~~~~~~~~~~~~~~~~~~~~~
2025-12-10 04:15:41,298 DeMo.train INFO: Best mAP: 69.1%
2025-12-10 04:15:41,298 DeMo.train INFO: Best Rank-1: 70.3%
2025-12-10 04:15:41,298 DeMo.train INFO: Best Rank-5: 80.9%
2025-12-10 04:15:41,298 DeMo.train INFO: Best Rank-10: 86.1%
2025-12-10 04:15:41,298 DeMo.train INFO: ~~~~~~~~~~~~~~~~~~~~~~~~~~~~~~~~~~~~~~~~~~~~~~~~~~
2025-12-10 04:15:46,057 DeMo.train INFO: Epoch[12] Iteration[10/54] Loss: 1.194, Acc: 0.867, Base Lr: 5.00e-06
2025-12-10 04:15:48,459 DeMo.train INFO: Epoch[12] Iteration[20/54] Loss: 1.189, Acc: 0.873, Base Lr: 5.00e-06
2025-12-10 04:15:50,859 DeMo.train INFO: Epoch[12] Iteration[30/54] Loss: 1.195, Acc: 0.893, Base Lr: 5.00e-06
2025-12-10 04:15:53,292 DeMo.train INFO: Epoch[12] Iteration[40/54] Loss: 1.198, Acc: 0.892, Base Lr: 5.00e-06
2025-12-10 04:15:55,691 DeMo.train INFO: Epoch[12] Iteration[50/54] Loss: 1.195, Acc: 0.893, Base Lr: 5.00e-06
2025-12-10 04:15:56,523 DeMo.train INFO: Epoch 12 done. Time per batch: 0.287[s] Speed: 222.8[samples/s]
2025-12-10 04:15:56,524 DeMo.train INFO: ~~~~~~~~~~~~~~~~~~~~~~~~~~~~~~~~~~~~~~~~~~~~~~~~~~
2025-12-10 04:15:56,524 DeMo.train INFO: Current is the [moe,ori] feature testing!
2025-12-10 04:15:56,524 DeMo.train INFO: ~~~~~~~~~~~~~~~~~~~~~~~~~~~~~~~~~~~~~~~~~~~~~~~~~~
The test feature is normalized
=> Computing DistMat with euclidean_distance
2025-12-10 04:16:01,785 DeMo.train INFO: Validation Results - Epoch: 12
2025-12-10 04:16:01,785 DeMo.train INFO: mAP: 70.0%
2025-12-10 04:16:01,785 DeMo.train INFO: CMC curve, Rank-1  :71.3%
2025-12-10 04:16:01,786 DeMo.train INFO: CMC curve, Rank-5  :82.5%
2025-12-10 04:16:01,786 DeMo.train INFO: CMC curve, Rank-10 :88.5%
2025-12-10 04:16:01,786 DeMo.train INFO: ~~~~~~~~~~~~~~~~~~~~~~~~~~~~~~~~~~~~~~~~~~~~~~~~~~
2025-12-10 04:16:02,318 DeMo.train INFO: ~~~~~~~~~~~~~~~~~~~~~~~~~~~~~~~~~~~~~~~~~~~~~~~~~~
2025-12-10 04:16:02,318 DeMo.train INFO: Best mAP: 70.0%
2025-12-10 04:16:02,319 DeMo.train INFO: Best Rank-1: 71.3%
2025-12-10 04:16:02,319 DeMo.train INFO: Best Rank-5: 82.5%
2025-12-10 04:16:02,319 DeMo.train INFO: Best Rank-10: 88.5%
2025-12-10 04:16:02,319 DeMo.train INFO: ~~~~~~~~~~~~~~~~~~~~~~~~~~~~~~~~~~~~~~~~~~~~~~~~~~
2025-12-10 04:16:06,046 DeMo.train INFO: Epoch[13] Iteration[10/54] Loss: 1.175, Acc: 0.838, Base Lr: 5.00e-06
2025-12-10 04:16:08,436 DeMo.train INFO: Epoch[13] Iteration[20/54] Loss: 1.184, Acc: 0.876, Base Lr: 5.00e-06
2025-12-10 04:16:10,787 DeMo.train INFO: Epoch[13] Iteration[30/54] Loss: 1.173, Acc: 0.900, Base Lr: 5.00e-06
2025-12-10 04:16:13,167 DeMo.train INFO: Epoch[13] Iteration[40/54] Loss: 1.170, Acc: 0.909, Base Lr: 5.00e-06
2025-12-10 04:16:15,592 DeMo.train INFO: Epoch[13] Iteration[50/54] Loss: 1.171, Acc: 0.924, Base Lr: 5.00e-06
2025-12-10 04:16:16,443 DeMo.train INFO: Epoch 13 done. Time per batch: 0.266[s] Speed: 240.2[samples/s]
2025-12-10 04:16:16,444 DeMo.train INFO: ~~~~~~~~~~~~~~~~~~~~~~~~~~~~~~~~~~~~~~~~~~~~~~~~~~
2025-12-10 04:16:16,444 DeMo.train INFO: Current is the [moe,ori] feature testing!
2025-12-10 04:16:16,445 DeMo.train INFO: ~~~~~~~~~~~~~~~~~~~~~~~~~~~~~~~~~~~~~~~~~~~~~~~~~~
The test feature is normalized
=> Computing DistMat with euclidean_distance
2025-12-10 04:16:21,623 DeMo.train INFO: Validation Results - Epoch: 13
2025-12-10 04:16:21,623 DeMo.train INFO: mAP: 68.5%
2025-12-10 04:16:21,624 DeMo.train INFO: CMC curve, Rank-1  :70.0%
2025-12-10 04:16:21,624 DeMo.train INFO: CMC curve, Rank-5  :78.8%
2025-12-10 04:16:21,624 DeMo.train INFO: CMC curve, Rank-10 :84.0%
2025-12-10 04:16:21,624 DeMo.train INFO: ~~~~~~~~~~~~~~~~~~~~~~~~~~~~~~~~~~~~~~~~~~~~~~~~~~
2025-12-10 04:16:22,875 DeMo.train INFO: ~~~~~~~~~~~~~~~~~~~~~~~~~~~~~~~~~~~~~~~~~~~~~~~~~~
2025-12-10 04:16:22,876 DeMo.train INFO: Best mAP: 70.0%
2025-12-10 04:16:22,876 DeMo.train INFO: Best Rank-1: 71.3%
2025-12-10 04:16:22,876 DeMo.train INFO: Best Rank-5: 82.5%
2025-12-10 04:16:22,876 DeMo.train INFO: Best Rank-10: 88.5%
2025-12-10 04:16:22,876 DeMo.train INFO: ~~~~~~~~~~~~~~~~~~~~~~~~~~~~~~~~~~~~~~~~~~~~~~~~~~
2025-12-10 04:16:27,860 DeMo.train INFO: Epoch[14] Iteration[10/54] Loss: 1.148, Acc: 0.903, Base Lr: 5.00e-06
2025-12-10 04:16:30,242 DeMo.train INFO: Epoch[14] Iteration[20/54] Loss: 1.150, Acc: 0.928, Base Lr: 5.00e-06
2025-12-10 04:16:32,608 DeMo.train INFO: Epoch[14] Iteration[30/54] Loss: 1.153, Acc: 0.930, Base Lr: 5.00e-06
2025-12-10 04:16:35,137 DeMo.train INFO: Epoch[14] Iteration[40/54] Loss: 1.153, Acc: 0.924, Base Lr: 5.00e-06
2025-12-10 04:16:37,554 DeMo.train INFO: Epoch[14] Iteration[50/54] Loss: 1.148, Acc: 0.929, Base Lr: 5.00e-06
2025-12-10 04:16:38,385 DeMo.train INFO: Epoch 14 done. Time per batch: 0.293[s] Speed: 218.7[samples/s]
2025-12-10 04:16:38,386 DeMo.train INFO: ~~~~~~~~~~~~~~~~~~~~~~~~~~~~~~~~~~~~~~~~~~~~~~~~~~
2025-12-10 04:16:38,386 DeMo.train INFO: Current is the [moe,ori] feature testing!
2025-12-10 04:16:38,386 DeMo.train INFO: ~~~~~~~~~~~~~~~~~~~~~~~~~~~~~~~~~~~~~~~~~~~~~~~~~~
The test feature is normalized
=> Computing DistMat with euclidean_distance
2025-12-10 04:16:43,578 DeMo.train INFO: Validation Results - Epoch: 14
2025-12-10 04:16:43,578 DeMo.train INFO: mAP: 65.9%
2025-12-10 04:16:43,578 DeMo.train INFO: CMC curve, Rank-1  :68.3%
2025-12-10 04:16:43,578 DeMo.train INFO: CMC curve, Rank-5  :76.8%
2025-12-10 04:16:43,578 DeMo.train INFO: CMC curve, Rank-10 :82.7%
2025-12-10 04:16:43,578 DeMo.train INFO: ~~~~~~~~~~~~~~~~~~~~~~~~~~~~~~~~~~~~~~~~~~~~~~~~~~
2025-12-10 04:16:43,628 DeMo.train INFO: ~~~~~~~~~~~~~~~~~~~~~~~~~~~~~~~~~~~~~~~~~~~~~~~~~~
2025-12-10 04:16:43,628 DeMo.train INFO: Best mAP: 70.0%
2025-12-10 04:16:43,628 DeMo.train INFO: Best Rank-1: 71.3%
2025-12-10 04:16:43,628 DeMo.train INFO: Best Rank-5: 82.5%
2025-12-10 04:16:43,628 DeMo.train INFO: Best Rank-10: 88.5%
2025-12-10 04:16:43,628 DeMo.train INFO: ~~~~~~~~~~~~~~~~~~~~~~~~~~~~~~~~~~~~~~~~~~~~~~~~~~
2025-12-10 04:16:47,660 DeMo.train INFO: Epoch[15] Iteration[10/54] Loss: 1.161, Acc: 0.887, Base Lr: 5.00e-06
2025-12-10 04:16:50,117 DeMo.train INFO: Epoch[15] Iteration[20/54] Loss: 1.150, Acc: 0.903, Base Lr: 5.00e-06
2025-12-10 04:16:52,499 DeMo.train INFO: Epoch[15] Iteration[30/54] Loss: 1.152, Acc: 0.927, Base Lr: 5.00e-06
2025-12-10 04:16:54,937 DeMo.train INFO: Epoch[15] Iteration[40/54] Loss: 1.158, Acc: 0.930, Base Lr: 5.00e-06
2025-12-10 04:16:57,346 DeMo.train INFO: Epoch[15] Iteration[50/54] Loss: 1.151, Acc: 0.932, Base Lr: 5.00e-06
2025-12-10 04:16:58,173 DeMo.train INFO: Epoch 15 done. Time per batch: 0.274[s] Speed: 233.2[samples/s]
2025-12-10 04:16:58,174 DeMo.train INFO: ~~~~~~~~~~~~~~~~~~~~~~~~~~~~~~~~~~~~~~~~~~~~~~~~~~
2025-12-10 04:16:58,174 DeMo.train INFO: Current is the [moe,ori] feature testing!
2025-12-10 04:16:58,174 DeMo.train INFO: ~~~~~~~~~~~~~~~~~~~~~~~~~~~~~~~~~~~~~~~~~~~~~~~~~~
The test feature is normalized
=> Computing DistMat with euclidean_distance
2025-12-10 04:17:03,572 DeMo.train INFO: Validation Results - Epoch: 15
2025-12-10 04:17:03,572 DeMo.train INFO: mAP: 67.8%
2025-12-10 04:17:03,572 DeMo.train INFO: CMC curve, Rank-1  :69.0%
2025-12-10 04:17:03,572 DeMo.train INFO: CMC curve, Rank-5  :78.1%
2025-12-10 04:17:03,572 DeMo.train INFO: CMC curve, Rank-10 :83.4%
2025-12-10 04:17:03,572 DeMo.train INFO: ~~~~~~~~~~~~~~~~~~~~~~~~~~~~~~~~~~~~~~~~~~~~~~~~~~
2025-12-10 04:17:03,622 DeMo.train INFO: ~~~~~~~~~~~~~~~~~~~~~~~~~~~~~~~~~~~~~~~~~~~~~~~~~~
2025-12-10 04:17:03,622 DeMo.train INFO: Best mAP: 70.0%
2025-12-10 04:17:03,622 DeMo.train INFO: Best Rank-1: 71.3%
2025-12-10 04:17:03,622 DeMo.train INFO: Best Rank-5: 82.5%
2025-12-10 04:17:03,622 DeMo.train INFO: Best Rank-10: 88.5%
2025-12-10 04:17:03,622 DeMo.train INFO: ~~~~~~~~~~~~~~~~~~~~~~~~~~~~~~~~~~~~~~~~~~~~~~~~~~
2025-12-10 04:17:07,673 DeMo.train INFO: Epoch[16] Iteration[10/54] Loss: 1.138, Acc: 0.925, Base Lr: 5.00e-06
2025-12-10 04:17:10,088 DeMo.train INFO: Epoch[16] Iteration[20/54] Loss: 1.152, Acc: 0.923, Base Lr: 5.00e-06
2025-12-10 04:17:12,509 DeMo.train INFO: Epoch[16] Iteration[30/54] Loss: 1.148, Acc: 0.912, Base Lr: 5.00e-06
2025-12-10 04:17:14,891 DeMo.train INFO: Epoch[16] Iteration[40/54] Loss: 1.142, Acc: 0.914, Base Lr: 5.00e-06
2025-12-10 04:17:17,270 DeMo.train INFO: Epoch[16] Iteration[50/54] Loss: 1.134, Acc: 0.927, Base Lr: 5.00e-06
2025-12-10 04:17:18,117 DeMo.train INFO: Epoch 16 done. Time per batch: 0.273[s] Speed: 234.0[samples/s]
2025-12-10 04:17:18,119 DeMo.train INFO: ~~~~~~~~~~~~~~~~~~~~~~~~~~~~~~~~~~~~~~~~~~~~~~~~~~
2025-12-10 04:17:18,119 DeMo.train INFO: Current is the [moe,ori] feature testing!
2025-12-10 04:17:18,119 DeMo.train INFO: ~~~~~~~~~~~~~~~~~~~~~~~~~~~~~~~~~~~~~~~~~~~~~~~~~~
The test feature is normalized
=> Computing DistMat with euclidean_distance
2025-12-10 04:17:23,886 DeMo.train INFO: Validation Results - Epoch: 16
2025-12-10 04:17:23,887 DeMo.train INFO: mAP: 68.5%
2025-12-10 04:17:23,887 DeMo.train INFO: CMC curve, Rank-1  :67.7%
2025-12-10 04:17:23,887 DeMo.train INFO: CMC curve, Rank-5  :79.8%
2025-12-10 04:17:23,887 DeMo.train INFO: CMC curve, Rank-10 :85.6%
2025-12-10 04:17:23,887 DeMo.train INFO: ~~~~~~~~~~~~~~~~~~~~~~~~~~~~~~~~~~~~~~~~~~~~~~~~~~
2025-12-10 04:17:24,951 DeMo.train INFO: ~~~~~~~~~~~~~~~~~~~~~~~~~~~~~~~~~~~~~~~~~~~~~~~~~~
2025-12-10 04:17:24,951 DeMo.train INFO: Best mAP: 70.0%
2025-12-10 04:17:24,951 DeMo.train INFO: Best Rank-1: 71.3%
2025-12-10 04:17:24,951 DeMo.train INFO: Best Rank-5: 82.5%
2025-12-10 04:17:24,951 DeMo.train INFO: Best Rank-10: 88.5%
2025-12-10 04:17:24,951 DeMo.train INFO: ~~~~~~~~~~~~~~~~~~~~~~~~~~~~~~~~~~~~~~~~~~~~~~~~~~
2025-12-10 04:17:29,638 DeMo.train INFO: Epoch[17] Iteration[10/54] Loss: 1.142, Acc: 0.884, Base Lr: 5.00e-06
2025-12-10 04:17:32,026 DeMo.train INFO: Epoch[17] Iteration[20/54] Loss: 1.135, Acc: 0.884, Base Lr: 5.00e-06
2025-12-10 04:17:34,434 DeMo.train INFO: Epoch[17] Iteration[30/54] Loss: 1.130, Acc: 0.911, Base Lr: 5.00e-06
2025-12-10 04:17:36,840 DeMo.train INFO: Epoch[17] Iteration[40/54] Loss: 1.122, Acc: 0.923, Base Lr: 5.00e-06
2025-12-10 04:17:39,257 DeMo.train INFO: Epoch[17] Iteration[50/54] Loss: 1.117, Acc: 0.935, Base Lr: 5.00e-06
2025-12-10 04:17:40,164 DeMo.train INFO: Epoch 17 done. Time per batch: 0.287[s] Speed: 223.0[samples/s]
2025-12-10 04:17:40,165 DeMo.train INFO: ~~~~~~~~~~~~~~~~~~~~~~~~~~~~~~~~~~~~~~~~~~~~~~~~~~
2025-12-10 04:17:40,165 DeMo.train INFO: Current is the [moe,ori] feature testing!
2025-12-10 04:17:40,165 DeMo.train INFO: ~~~~~~~~~~~~~~~~~~~~~~~~~~~~~~~~~~~~~~~~~~~~~~~~~~
The test feature is normalized
=> Computing DistMat with euclidean_distance
2025-12-10 04:17:45,148 DeMo.train INFO: Validation Results - Epoch: 17
2025-12-10 04:17:45,148 DeMo.train INFO: mAP: 70.7%
2025-12-10 04:17:45,148 DeMo.train INFO: CMC curve, Rank-1  :72.2%
2025-12-10 04:17:45,149 DeMo.train INFO: CMC curve, Rank-5  :82.7%
2025-12-10 04:17:45,149 DeMo.train INFO: CMC curve, Rank-10 :87.0%
2025-12-10 04:17:45,149 DeMo.train INFO: ~~~~~~~~~~~~~~~~~~~~~~~~~~~~~~~~~~~~~~~~~~~~~~~~~~
2025-12-10 04:17:45,666 DeMo.train INFO: ~~~~~~~~~~~~~~~~~~~~~~~~~~~~~~~~~~~~~~~~~~~~~~~~~~
2025-12-10 04:17:45,666 DeMo.train INFO: Best mAP: 70.7%
2025-12-10 04:17:45,666 DeMo.train INFO: Best Rank-1: 72.2%
2025-12-10 04:17:45,666 DeMo.train INFO: Best Rank-5: 82.7%
2025-12-10 04:17:45,666 DeMo.train INFO: Best Rank-10: 87.0%
2025-12-10 04:17:45,666 DeMo.train INFO: ~~~~~~~~~~~~~~~~~~~~~~~~~~~~~~~~~~~~~~~~~~~~~~~~~~
2025-12-10 04:17:49,411 DeMo.train INFO: Epoch[18] Iteration[10/54] Loss: 1.091, Acc: 0.923, Base Lr: 5.00e-06
2025-12-10 04:17:51,818 DeMo.train INFO: Epoch[18] Iteration[20/54] Loss: 1.103, Acc: 0.916, Base Lr: 5.00e-06
2025-12-10 04:17:54,172 DeMo.train INFO: Epoch[18] Iteration[30/54] Loss: 1.101, Acc: 0.923, Base Lr: 5.00e-06
2025-12-10 04:17:56,635 DeMo.train INFO: Epoch[18] Iteration[40/54] Loss: 1.099, Acc: 0.932, Base Lr: 5.00e-06
2025-12-10 04:17:59,042 DeMo.train INFO: Epoch[18] Iteration[50/54] Loss: 1.098, Acc: 0.930, Base Lr: 5.00e-06
2025-12-10 04:17:59,882 DeMo.train INFO: Epoch 18 done. Time per batch: 0.268[s] Speed: 238.6[samples/s]
2025-12-10 04:17:59,883 DeMo.train INFO: ~~~~~~~~~~~~~~~~~~~~~~~~~~~~~~~~~~~~~~~~~~~~~~~~~~
2025-12-10 04:17:59,883 DeMo.train INFO: Current is the [moe,ori] feature testing!
2025-12-10 04:17:59,883 DeMo.train INFO: ~~~~~~~~~~~~~~~~~~~~~~~~~~~~~~~~~~~~~~~~~~~~~~~~~~
The test feature is normalized
=> Computing DistMat with euclidean_distance
2025-12-10 04:18:05,273 DeMo.train INFO: Validation Results - Epoch: 18
2025-12-10 04:18:05,274 DeMo.train INFO: mAP: 66.9%
2025-12-10 04:18:05,274 DeMo.train INFO: CMC curve, Rank-1  :67.5%
2025-12-10 04:18:05,274 DeMo.train INFO: CMC curve, Rank-5  :78.1%
2025-12-10 04:18:05,274 DeMo.train INFO: CMC curve, Rank-10 :83.7%
2025-12-10 04:18:05,274 DeMo.train INFO: ~~~~~~~~~~~~~~~~~~~~~~~~~~~~~~~~~~~~~~~~~~~~~~~~~~
2025-12-10 04:18:05,332 DeMo.train INFO: ~~~~~~~~~~~~~~~~~~~~~~~~~~~~~~~~~~~~~~~~~~~~~~~~~~
2025-12-10 04:18:05,333 DeMo.train INFO: Best mAP: 70.7%
2025-12-10 04:18:05,333 DeMo.train INFO: Best Rank-1: 72.2%
2025-12-10 04:18:05,333 DeMo.train INFO: Best Rank-5: 82.7%
2025-12-10 04:18:05,333 DeMo.train INFO: Best Rank-10: 87.0%
2025-12-10 04:18:05,333 DeMo.train INFO: ~~~~~~~~~~~~~~~~~~~~~~~~~~~~~~~~~~~~~~~~~~~~~~~~~~
2025-12-10 04:18:09,195 DeMo.train INFO: Epoch[19] Iteration[10/54] Loss: 1.093, Acc: 0.891, Base Lr: 5.00e-06
2025-12-10 04:18:11,613 DeMo.train INFO: Epoch[19] Iteration[20/54] Loss: 1.095, Acc: 0.907, Base Lr: 5.00e-06
2025-12-10 04:18:14,057 DeMo.train INFO: Epoch[19] Iteration[30/54] Loss: 1.089, Acc: 0.917, Base Lr: 5.00e-06
2025-12-10 04:18:16,426 DeMo.train INFO: Epoch[19] Iteration[40/54] Loss: 1.087, Acc: 0.923, Base Lr: 5.00e-06
2025-12-10 04:18:18,855 DeMo.train INFO: Epoch[19] Iteration[50/54] Loss: 1.085, Acc: 0.928, Base Lr: 5.00e-06
2025-12-10 04:18:19,693 DeMo.train INFO: Epoch 19 done. Time per batch: 0.271[s] Speed: 236.2[samples/s]
2025-12-10 04:18:19,694 DeMo.train INFO: ~~~~~~~~~~~~~~~~~~~~~~~~~~~~~~~~~~~~~~~~~~~~~~~~~~
2025-12-10 04:18:19,695 DeMo.train INFO: Current is the [moe,ori] feature testing!
2025-12-10 04:18:19,695 DeMo.train INFO: ~~~~~~~~~~~~~~~~~~~~~~~~~~~~~~~~~~~~~~~~~~~~~~~~~~
The test feature is normalized
=> Computing DistMat with euclidean_distance
2025-12-10 04:18:25,479 DeMo.train INFO: Validation Results - Epoch: 19
2025-12-10 04:18:25,479 DeMo.train INFO: mAP: 71.0%
2025-12-10 04:18:25,479 DeMo.train INFO: CMC curve, Rank-1  :73.1%
2025-12-10 04:18:25,479 DeMo.train INFO: CMC curve, Rank-5  :82.8%
2025-12-10 04:18:25,480 DeMo.train INFO: CMC curve, Rank-10 :88.5%
2025-12-10 04:18:25,480 DeMo.train INFO: ~~~~~~~~~~~~~~~~~~~~~~~~~~~~~~~~~~~~~~~~~~~~~~~~~~
2025-12-10 04:18:27,394 DeMo.train INFO: ~~~~~~~~~~~~~~~~~~~~~~~~~~~~~~~~~~~~~~~~~~~~~~~~~~
2025-12-10 04:18:27,394 DeMo.train INFO: Best mAP: 71.0%
2025-12-10 04:18:27,394 DeMo.train INFO: Best Rank-1: 73.1%
2025-12-10 04:18:27,394 DeMo.train INFO: Best Rank-5: 82.8%
2025-12-10 04:18:27,394 DeMo.train INFO: Best Rank-10: 88.5%
2025-12-10 04:18:27,394 DeMo.train INFO: ~~~~~~~~~~~~~~~~~~~~~~~~~~~~~~~~~~~~~~~~~~~~~~~~~~
2025-12-10 04:18:31,530 DeMo.train INFO: Epoch[20] Iteration[10/54] Loss: 1.084, Acc: 0.905, Base Lr: 5.00e-06
2025-12-10 04:18:33,933 DeMo.train INFO: Epoch[20] Iteration[20/54] Loss: 1.082, Acc: 0.918, Base Lr: 5.00e-06
2025-12-10 04:18:36,302 DeMo.train INFO: Epoch[20] Iteration[30/54] Loss: 1.079, Acc: 0.928, Base Lr: 5.00e-06
2025-12-10 04:18:38,749 DeMo.train INFO: Epoch[20] Iteration[40/54] Loss: 1.075, Acc: 0.930, Base Lr: 5.00e-06
2025-12-10 04:18:41,162 DeMo.train INFO: Epoch[20] Iteration[50/54] Loss: 1.077, Acc: 0.934, Base Lr: 5.00e-06
2025-12-10 04:18:41,996 DeMo.train INFO: Epoch 20 done. Time per batch: 0.276[s] Speed: 232.3[samples/s]
2025-12-10 04:18:41,997 DeMo.train INFO: ~~~~~~~~~~~~~~~~~~~~~~~~~~~~~~~~~~~~~~~~~~~~~~~~~~
2025-12-10 04:18:41,998 DeMo.train INFO: Current is the [moe,ori] feature testing!
2025-12-10 04:18:41,998 DeMo.train INFO: ~~~~~~~~~~~~~~~~~~~~~~~~~~~~~~~~~~~~~~~~~~~~~~~~~~
The test feature is normalized
=> Computing DistMat with euclidean_distance
2025-12-10 04:18:47,466 DeMo.train INFO: Validation Results - Epoch: 20
2025-12-10 04:18:47,466 DeMo.train INFO: mAP: 71.7%
2025-12-10 04:18:47,466 DeMo.train INFO: CMC curve, Rank-1  :74.4%
2025-12-10 04:18:47,466 DeMo.train INFO: CMC curve, Rank-5  :83.4%
2025-12-10 04:18:47,466 DeMo.train INFO: CMC curve, Rank-10 :89.4%
2025-12-10 04:18:47,467 DeMo.train INFO: ~~~~~~~~~~~~~~~~~~~~~~~~~~~~~~~~~~~~~~~~~~~~~~~~~~
2025-12-10 04:18:48,005 DeMo.train INFO: ~~~~~~~~~~~~~~~~~~~~~~~~~~~~~~~~~~~~~~~~~~~~~~~~~~
2025-12-10 04:18:48,005 DeMo.train INFO: Best mAP: 71.7%
2025-12-10 04:18:48,005 DeMo.train INFO: Best Rank-1: 74.4%
2025-12-10 04:18:48,006 DeMo.train INFO: Best Rank-5: 83.4%
2025-12-10 04:18:48,006 DeMo.train INFO: Best Rank-10: 89.4%
2025-12-10 04:18:48,006 DeMo.train INFO: ~~~~~~~~~~~~~~~~~~~~~~~~~~~~~~~~~~~~~~~~~~~~~~~~~~
2025-12-10 04:18:51,740 DeMo.train INFO: Epoch[21] Iteration[10/54] Loss: 1.071, Acc: 0.930, Base Lr: 5.00e-06
2025-12-10 04:18:54,128 DeMo.train INFO: Epoch[21] Iteration[20/54] Loss: 1.067, Acc: 0.924, Base Lr: 5.00e-06
2025-12-10 04:18:56,493 DeMo.train INFO: Epoch[21] Iteration[30/54] Loss: 1.062, Acc: 0.935, Base Lr: 5.00e-06
2025-12-10 04:18:58,889 DeMo.train INFO: Epoch[21] Iteration[40/54] Loss: 1.061, Acc: 0.938, Base Lr: 5.00e-06
2025-12-10 04:19:01,307 DeMo.train INFO: Epoch[21] Iteration[50/54] Loss: 1.059, Acc: 0.935, Base Lr: 5.00e-06
2025-12-10 04:19:02,146 DeMo.train INFO: Epoch 21 done. Time per batch: 0.267[s] Speed: 239.9[samples/s]
2025-12-10 04:19:02,147 DeMo.train INFO: ~~~~~~~~~~~~~~~~~~~~~~~~~~~~~~~~~~~~~~~~~~~~~~~~~~
2025-12-10 04:19:02,147 DeMo.train INFO: Current is the [moe,ori] feature testing!
2025-12-10 04:19:02,147 DeMo.train INFO: ~~~~~~~~~~~~~~~~~~~~~~~~~~~~~~~~~~~~~~~~~~~~~~~~~~
The test feature is normalized
=> Computing DistMat with euclidean_distance
2025-12-10 04:19:07,548 DeMo.train INFO: Validation Results - Epoch: 21
2025-12-10 04:19:07,548 DeMo.train INFO: mAP: 70.0%
2025-12-10 04:19:07,549 DeMo.train INFO: CMC curve, Rank-1  :71.9%
2025-12-10 04:19:07,549 DeMo.train INFO: CMC curve, Rank-5  :81.6%
2025-12-10 04:19:07,549 DeMo.train INFO: CMC curve, Rank-10 :86.4%
2025-12-10 04:19:07,549 DeMo.train INFO: ~~~~~~~~~~~~~~~~~~~~~~~~~~~~~~~~~~~~~~~~~~~~~~~~~~
2025-12-10 04:19:07,602 DeMo.train INFO: ~~~~~~~~~~~~~~~~~~~~~~~~~~~~~~~~~~~~~~~~~~~~~~~~~~
2025-12-10 04:19:07,603 DeMo.train INFO: Best mAP: 71.7%
2025-12-10 04:19:07,603 DeMo.train INFO: Best Rank-1: 74.4%
2025-12-10 04:19:07,603 DeMo.train INFO: Best Rank-5: 83.4%
2025-12-10 04:19:07,603 DeMo.train INFO: Best Rank-10: 89.4%
2025-12-10 04:19:07,603 DeMo.train INFO: ~~~~~~~~~~~~~~~~~~~~~~~~~~~~~~~~~~~~~~~~~~~~~~~~~~
2025-12-10 04:19:11,483 DeMo.train INFO: Epoch[22] Iteration[10/54] Loss: 1.054, Acc: 0.889, Base Lr: 5.00e-06
2025-12-10 04:19:13,913 DeMo.train INFO: Epoch[22] Iteration[20/54] Loss: 1.048, Acc: 0.926, Base Lr: 5.00e-06
2025-12-10 04:19:16,265 DeMo.train INFO: Epoch[22] Iteration[30/54] Loss: 1.046, Acc: 0.929, Base Lr: 5.00e-06
2025-12-10 04:19:18,689 DeMo.train INFO: Epoch[22] Iteration[40/54] Loss: 1.043, Acc: 0.935, Base Lr: 5.00e-06
2025-12-10 04:19:21,160 DeMo.train INFO: Epoch[22] Iteration[50/54] Loss: 1.041, Acc: 0.946, Base Lr: 5.00e-06
2025-12-10 04:19:22,004 DeMo.train INFO: Epoch 22 done. Time per batch: 0.272[s] Speed: 235.5[samples/s]
2025-12-10 04:19:22,005 DeMo.train INFO: ~~~~~~~~~~~~~~~~~~~~~~~~~~~~~~~~~~~~~~~~~~~~~~~~~~
2025-12-10 04:19:22,006 DeMo.train INFO: Current is the [moe,ori] feature testing!
2025-12-10 04:19:22,006 DeMo.train INFO: ~~~~~~~~~~~~~~~~~~~~~~~~~~~~~~~~~~~~~~~~~~~~~~~~~~
The test feature is normalized
=> Computing DistMat with euclidean_distance
2025-12-10 04:19:27,349 DeMo.train INFO: Validation Results - Epoch: 22
2025-12-10 04:19:27,349 DeMo.train INFO: mAP: 70.8%
2025-12-10 04:19:27,349 DeMo.train INFO: CMC curve, Rank-1  :70.2%
2025-12-10 04:19:27,349 DeMo.train INFO: CMC curve, Rank-5  :81.7%
2025-12-10 04:19:27,350 DeMo.train INFO: CMC curve, Rank-10 :86.0%
2025-12-10 04:19:27,350 DeMo.train INFO: ~~~~~~~~~~~~~~~~~~~~~~~~~~~~~~~~~~~~~~~~~~~~~~~~~~
2025-12-10 04:19:27,398 DeMo.train INFO: ~~~~~~~~~~~~~~~~~~~~~~~~~~~~~~~~~~~~~~~~~~~~~~~~~~
2025-12-10 04:19:27,399 DeMo.train INFO: Best mAP: 71.7%
2025-12-10 04:19:27,399 DeMo.train INFO: Best Rank-1: 74.4%
2025-12-10 04:19:27,399 DeMo.train INFO: Best Rank-5: 83.4%
2025-12-10 04:19:27,399 DeMo.train INFO: Best Rank-10: 89.4%
2025-12-10 04:19:27,399 DeMo.train INFO: ~~~~~~~~~~~~~~~~~~~~~~~~~~~~~~~~~~~~~~~~~~~~~~~~~~
2025-12-10 04:19:31,410 DeMo.train INFO: Epoch[23] Iteration[10/54] Loss: 1.050, Acc: 0.880, Base Lr: 5.00e-06
2025-12-10 04:19:33,781 DeMo.train INFO: Epoch[23] Iteration[20/54] Loss: 1.042, Acc: 0.902, Base Lr: 5.00e-06
2025-12-10 04:19:36,197 DeMo.train INFO: Epoch[23] Iteration[30/54] Loss: 1.039, Acc: 0.916, Base Lr: 5.00e-06
2025-12-10 04:19:38,583 DeMo.train INFO: Epoch[23] Iteration[40/54] Loss: 1.034, Acc: 0.927, Base Lr: 5.00e-06
2025-12-10 04:19:40,985 DeMo.train INFO: Epoch[23] Iteration[50/54] Loss: 1.030, Acc: 0.937, Base Lr: 5.00e-06
2025-12-10 04:19:41,879 DeMo.train INFO: Epoch 23 done. Time per batch: 0.273[s] Speed: 234.3[samples/s]
2025-12-10 04:19:41,880 DeMo.train INFO: ~~~~~~~~~~~~~~~~~~~~~~~~~~~~~~~~~~~~~~~~~~~~~~~~~~
2025-12-10 04:19:41,880 DeMo.train INFO: Current is the [moe,ori] feature testing!
2025-12-10 04:19:41,880 DeMo.train INFO: ~~~~~~~~~~~~~~~~~~~~~~~~~~~~~~~~~~~~~~~~~~~~~~~~~~
The test feature is normalized
=> Computing DistMat with euclidean_distance
2025-12-10 04:19:47,319 DeMo.train INFO: Validation Results - Epoch: 23
2025-12-10 04:19:47,320 DeMo.train INFO: mAP: 71.3%
2025-12-10 04:19:47,320 DeMo.train INFO: CMC curve, Rank-1  :72.6%
2025-12-10 04:19:47,320 DeMo.train INFO: CMC curve, Rank-5  :81.8%
2025-12-10 04:19:47,320 DeMo.train INFO: CMC curve, Rank-10 :85.8%
2025-12-10 04:19:47,320 DeMo.train INFO: ~~~~~~~~~~~~~~~~~~~~~~~~~~~~~~~~~~~~~~~~~~~~~~~~~~
2025-12-10 04:19:47,383 DeMo.train INFO: ~~~~~~~~~~~~~~~~~~~~~~~~~~~~~~~~~~~~~~~~~~~~~~~~~~
2025-12-10 04:19:47,384 DeMo.train INFO: Best mAP: 71.7%
2025-12-10 04:19:47,384 DeMo.train INFO: Best Rank-1: 74.4%
2025-12-10 04:19:47,384 DeMo.train INFO: Best Rank-5: 83.4%
2025-12-10 04:19:47,384 DeMo.train INFO: Best Rank-10: 89.4%
2025-12-10 04:19:47,384 DeMo.train INFO: ~~~~~~~~~~~~~~~~~~~~~~~~~~~~~~~~~~~~~~~~~~~~~~~~~~
2025-12-10 04:19:51,239 DeMo.train INFO: Epoch[24] Iteration[10/54] Loss: 1.035, Acc: 0.950, Base Lr: 5.00e-06
2025-12-10 04:19:53,639 DeMo.train INFO: Epoch[24] Iteration[20/54] Loss: 1.032, Acc: 0.927, Base Lr: 5.00e-06
2025-12-10 04:19:56,040 DeMo.train INFO: Epoch[24] Iteration[30/54] Loss: 1.025, Acc: 0.939, Base Lr: 5.00e-06
2025-12-10 04:19:58,450 DeMo.train INFO: Epoch[24] Iteration[40/54] Loss: 1.021, Acc: 0.942, Base Lr: 5.00e-06
2025-12-10 04:20:00,845 DeMo.train INFO: Epoch[24] Iteration[50/54] Loss: 1.017, Acc: 0.941, Base Lr: 5.00e-06
2025-12-10 04:20:01,674 DeMo.train INFO: Epoch 24 done. Time per batch: 0.270[s] Speed: 237.4[samples/s]
2025-12-10 04:20:01,675 DeMo.train INFO: ~~~~~~~~~~~~~~~~~~~~~~~~~~~~~~~~~~~~~~~~~~~~~~~~~~
2025-12-10 04:20:01,675 DeMo.train INFO: Current is the [moe,ori] feature testing!
2025-12-10 04:20:01,675 DeMo.train INFO: ~~~~~~~~~~~~~~~~~~~~~~~~~~~~~~~~~~~~~~~~~~~~~~~~~~
The test feature is normalized
=> Computing DistMat with euclidean_distance
2025-12-10 04:20:07,011 DeMo.train INFO: Validation Results - Epoch: 24
2025-12-10 04:20:07,011 DeMo.train INFO: mAP: 69.3%
2025-12-10 04:20:07,012 DeMo.train INFO: CMC curve, Rank-1  :70.1%
2025-12-10 04:20:07,012 DeMo.train INFO: CMC curve, Rank-5  :81.2%
2025-12-10 04:20:07,012 DeMo.train INFO: CMC curve, Rank-10 :86.6%
2025-12-10 04:20:07,012 DeMo.train INFO: ~~~~~~~~~~~~~~~~~~~~~~~~~~~~~~~~~~~~~~~~~~~~~~~~~~
2025-12-10 04:20:07,060 DeMo.train INFO: ~~~~~~~~~~~~~~~~~~~~~~~~~~~~~~~~~~~~~~~~~~~~~~~~~~
2025-12-10 04:20:07,060 DeMo.train INFO: Best mAP: 71.7%
2025-12-10 04:20:07,060 DeMo.train INFO: Best Rank-1: 74.4%
2025-12-10 04:20:07,060 DeMo.train INFO: Best Rank-5: 83.4%
2025-12-10 04:20:07,060 DeMo.train INFO: Best Rank-10: 89.4%
2025-12-10 04:20:07,060 DeMo.train INFO: ~~~~~~~~~~~~~~~~~~~~~~~~~~~~~~~~~~~~~~~~~~~~~~~~~~
2025-12-10 04:20:11,170 DeMo.train INFO: Epoch[25] Iteration[10/54] Loss: 1.013, Acc: 0.938, Base Lr: 5.00e-06
2025-12-10 04:20:13,533 DeMo.train INFO: Epoch[25] Iteration[20/54] Loss: 1.005, Acc: 0.946, Base Lr: 5.00e-06
2025-12-10 04:20:15,936 DeMo.train INFO: Epoch[25] Iteration[30/54] Loss: 1.006, Acc: 0.930, Base Lr: 5.00e-06
2025-12-10 04:20:18,356 DeMo.train INFO: Epoch[25] Iteration[40/54] Loss: 1.005, Acc: 0.929, Base Lr: 5.00e-06
2025-12-10 04:20:20,759 DeMo.train INFO: Epoch[25] Iteration[50/54] Loss: 1.005, Acc: 0.938, Base Lr: 5.00e-06
2025-12-10 04:20:21,626 DeMo.train INFO: Epoch 25 done. Time per batch: 0.275[s] Speed: 232.9[samples/s]
2025-12-10 04:20:21,627 DeMo.train INFO: ~~~~~~~~~~~~~~~~~~~~~~~~~~~~~~~~~~~~~~~~~~~~~~~~~~
2025-12-10 04:20:21,627 DeMo.train INFO: Current is the [moe,ori] feature testing!
2025-12-10 04:20:21,627 DeMo.train INFO: ~~~~~~~~~~~~~~~~~~~~~~~~~~~~~~~~~~~~~~~~~~~~~~~~~~
The test feature is normalized
=> Computing DistMat with euclidean_distance
2025-12-10 04:20:26,753 DeMo.train INFO: Validation Results - Epoch: 25
2025-12-10 04:20:26,753 DeMo.train INFO: mAP: 62.8%
2025-12-10 04:20:26,753 DeMo.train INFO: CMC curve, Rank-1  :64.6%
2025-12-10 04:20:26,753 DeMo.train INFO: CMC curve, Rank-5  :74.0%
2025-12-10 04:20:26,753 DeMo.train INFO: CMC curve, Rank-10 :80.7%
2025-12-10 04:20:26,753 DeMo.train INFO: ~~~~~~~~~~~~~~~~~~~~~~~~~~~~~~~~~~~~~~~~~~~~~~~~~~
2025-12-10 04:20:26,819 DeMo.train INFO: ~~~~~~~~~~~~~~~~~~~~~~~~~~~~~~~~~~~~~~~~~~~~~~~~~~
2025-12-10 04:20:26,819 DeMo.train INFO: Best mAP: 71.7%
2025-12-10 04:20:26,819 DeMo.train INFO: Best Rank-1: 74.4%
2025-12-10 04:20:26,819 DeMo.train INFO: Best Rank-5: 83.4%
2025-12-10 04:20:26,819 DeMo.train INFO: Best Rank-10: 89.4%
2025-12-10 04:20:26,819 DeMo.train INFO: ~~~~~~~~~~~~~~~~~~~~~~~~~~~~~~~~~~~~~~~~~~~~~~~~~~
2025-12-10 04:20:31,013 DeMo.train INFO: Epoch[26] Iteration[10/54] Loss: 1.018, Acc: 0.923, Base Lr: 5.00e-06
2025-12-10 04:20:33,419 DeMo.train INFO: Epoch[26] Iteration[20/54] Loss: 1.008, Acc: 0.930, Base Lr: 5.00e-06
2025-12-10 04:20:35,798 DeMo.train INFO: Epoch[26] Iteration[30/54] Loss: 1.008, Acc: 0.932, Base Lr: 5.00e-06
2025-12-10 04:20:38,198 DeMo.train INFO: Epoch[26] Iteration[40/54] Loss: 1.001, Acc: 0.932, Base Lr: 5.00e-06
2025-12-10 04:20:40,605 DeMo.train INFO: Epoch[26] Iteration[50/54] Loss: 0.998, Acc: 0.939, Base Lr: 5.00e-06
2025-12-10 04:20:41,461 DeMo.train INFO: Epoch 26 done. Time per batch: 0.276[s] Speed: 231.7[samples/s]
2025-12-10 04:20:41,462 DeMo.train INFO: ~~~~~~~~~~~~~~~~~~~~~~~~~~~~~~~~~~~~~~~~~~~~~~~~~~
2025-12-10 04:20:41,462 DeMo.train INFO: Current is the [moe,ori] feature testing!
2025-12-10 04:20:41,462 DeMo.train INFO: ~~~~~~~~~~~~~~~~~~~~~~~~~~~~~~~~~~~~~~~~~~~~~~~~~~
The test feature is normalized
=> Computing DistMat with euclidean_distance
2025-12-10 04:20:46,826 DeMo.train INFO: Validation Results - Epoch: 26
2025-12-10 04:20:46,826 DeMo.train INFO: mAP: 70.4%
2025-12-10 04:20:46,826 DeMo.train INFO: CMC curve, Rank-1  :69.4%
2025-12-10 04:20:46,826 DeMo.train INFO: CMC curve, Rank-5  :81.7%
2025-12-10 04:20:46,826 DeMo.train INFO: CMC curve, Rank-10 :87.8%
2025-12-10 04:20:46,826 DeMo.train INFO: ~~~~~~~~~~~~~~~~~~~~~~~~~~~~~~~~~~~~~~~~~~~~~~~~~~
2025-12-10 04:20:46,878 DeMo.train INFO: ~~~~~~~~~~~~~~~~~~~~~~~~~~~~~~~~~~~~~~~~~~~~~~~~~~
2025-12-10 04:20:46,878 DeMo.train INFO: Best mAP: 71.7%
2025-12-10 04:20:46,878 DeMo.train INFO: Best Rank-1: 74.4%
2025-12-10 04:20:46,879 DeMo.train INFO: Best Rank-5: 83.4%
2025-12-10 04:20:46,879 DeMo.train INFO: Best Rank-10: 89.4%
2025-12-10 04:20:46,879 DeMo.train INFO: ~~~~~~~~~~~~~~~~~~~~~~~~~~~~~~~~~~~~~~~~~~~~~~~~~~
2025-12-10 04:20:50,712 DeMo.train INFO: Epoch[27] Iteration[10/54] Loss: 0.981, Acc: 0.931, Base Lr: 5.00e-06
2025-12-10 04:20:53,119 DeMo.train INFO: Epoch[27] Iteration[20/54] Loss: 0.989, Acc: 0.923, Base Lr: 5.00e-06
2025-12-10 04:20:55,482 DeMo.train INFO: Epoch[27] Iteration[30/54] Loss: 0.985, Acc: 0.943, Base Lr: 5.00e-06
2025-12-10 04:20:57,927 DeMo.train INFO: Epoch[27] Iteration[40/54] Loss: 0.983, Acc: 0.938, Base Lr: 5.00e-06
2025-12-10 04:21:00,354 DeMo.train INFO: Epoch[27] Iteration[50/54] Loss: 0.978, Acc: 0.945, Base Lr: 5.00e-06
2025-12-10 04:21:01,207 DeMo.train INFO: Epoch 27 done. Time per batch: 0.270[s] Speed: 236.7[samples/s]
2025-12-10 04:21:01,208 DeMo.train INFO: ~~~~~~~~~~~~~~~~~~~~~~~~~~~~~~~~~~~~~~~~~~~~~~~~~~
2025-12-10 04:21:01,208 DeMo.train INFO: Current is the [moe,ori] feature testing!
2025-12-10 04:21:01,209 DeMo.train INFO: ~~~~~~~~~~~~~~~~~~~~~~~~~~~~~~~~~~~~~~~~~~~~~~~~~~
The test feature is normalized
=> Computing DistMat with euclidean_distance
2025-12-10 04:21:06,538 DeMo.train INFO: Validation Results - Epoch: 27
2025-12-10 04:21:06,539 DeMo.train INFO: mAP: 70.3%
2025-12-10 04:21:06,539 DeMo.train INFO: CMC curve, Rank-1  :69.7%
2025-12-10 04:21:06,539 DeMo.train INFO: CMC curve, Rank-5  :81.6%
2025-12-10 04:21:06,539 DeMo.train INFO: CMC curve, Rank-10 :87.7%
2025-12-10 04:21:06,539 DeMo.train INFO: ~~~~~~~~~~~~~~~~~~~~~~~~~~~~~~~~~~~~~~~~~~~~~~~~~~
2025-12-10 04:21:07,907 DeMo.train INFO: ~~~~~~~~~~~~~~~~~~~~~~~~~~~~~~~~~~~~~~~~~~~~~~~~~~
2025-12-10 04:21:07,908 DeMo.train INFO: Best mAP: 71.7%
2025-12-10 04:21:07,908 DeMo.train INFO: Best Rank-1: 74.4%
2025-12-10 04:21:07,908 DeMo.train INFO: Best Rank-5: 83.4%
2025-12-10 04:21:07,908 DeMo.train INFO: Best Rank-10: 89.4%
2025-12-10 04:21:07,908 DeMo.train INFO: ~~~~~~~~~~~~~~~~~~~~~~~~~~~~~~~~~~~~~~~~~~~~~~~~~~
2025-12-10 04:21:12,771 DeMo.train INFO: Epoch[28] Iteration[10/54] Loss: 0.987, Acc: 0.909, Base Lr: 5.00e-06
2025-12-10 04:21:15,190 DeMo.train INFO: Epoch[28] Iteration[20/54] Loss: 0.988, Acc: 0.905, Base Lr: 5.00e-06
2025-12-10 04:21:17,557 DeMo.train INFO: Epoch[28] Iteration[30/54] Loss: 0.982, Acc: 0.927, Base Lr: 5.00e-06
2025-12-10 04:21:19,934 DeMo.train INFO: Epoch[28] Iteration[40/54] Loss: 0.978, Acc: 0.936, Base Lr: 5.00e-06
2025-12-10 04:21:22,353 DeMo.train INFO: Epoch[28] Iteration[50/54] Loss: 0.974, Acc: 0.944, Base Lr: 5.00e-06
2025-12-10 04:21:23,188 DeMo.train INFO: Epoch 28 done. Time per batch: 0.288[s] Speed: 222.0[samples/s]
2025-12-10 04:21:23,189 DeMo.train INFO: ~~~~~~~~~~~~~~~~~~~~~~~~~~~~~~~~~~~~~~~~~~~~~~~~~~
2025-12-10 04:21:23,189 DeMo.train INFO: Current is the [moe,ori] feature testing!
2025-12-10 04:21:23,189 DeMo.train INFO: ~~~~~~~~~~~~~~~~~~~~~~~~~~~~~~~~~~~~~~~~~~~~~~~~~~
The test feature is normalized
=> Computing DistMat with euclidean_distance
2025-12-10 04:21:28,703 DeMo.train INFO: Validation Results - Epoch: 28
2025-12-10 04:21:28,703 DeMo.train INFO: mAP: 73.0%
2025-12-10 04:21:28,703 DeMo.train INFO: CMC curve, Rank-1  :75.1%
2025-12-10 04:21:28,703 DeMo.train INFO: CMC curve, Rank-5  :82.9%
2025-12-10 04:21:28,703 DeMo.train INFO: CMC curve, Rank-10 :87.3%
2025-12-10 04:21:28,703 DeMo.train INFO: ~~~~~~~~~~~~~~~~~~~~~~~~~~~~~~~~~~~~~~~~~~~~~~~~~~
2025-12-10 04:21:29,247 DeMo.train INFO: ~~~~~~~~~~~~~~~~~~~~~~~~~~~~~~~~~~~~~~~~~~~~~~~~~~
2025-12-10 04:21:29,247 DeMo.train INFO: Best mAP: 73.0%
2025-12-10 04:21:29,247 DeMo.train INFO: Best Rank-1: 75.1%
2025-12-10 04:21:29,247 DeMo.train INFO: Best Rank-5: 82.9%
2025-12-10 04:21:29,247 DeMo.train INFO: Best Rank-10: 87.3%
2025-12-10 04:21:29,248 DeMo.train INFO: ~~~~~~~~~~~~~~~~~~~~~~~~~~~~~~~~~~~~~~~~~~~~~~~~~~
2025-12-10 04:21:33,008 DeMo.train INFO: Epoch[29] Iteration[10/54] Loss: 0.970, Acc: 0.931, Base Lr: 5.00e-06
2025-12-10 04:21:36,125 DeMo.train INFO: Epoch[29] Iteration[20/54] Loss: 0.969, Acc: 0.927, Base Lr: 5.00e-06
2025-12-10 04:21:38,494 DeMo.train INFO: Epoch[29] Iteration[30/54] Loss: 0.965, Acc: 0.942, Base Lr: 5.00e-06
2025-12-10 04:21:40,998 DeMo.train INFO: Epoch[29] Iteration[40/54] Loss: 0.961, Acc: 0.945, Base Lr: 5.00e-06
2025-12-10 04:21:43,369 DeMo.train INFO: Epoch[29] Iteration[50/54] Loss: 0.960, Acc: 0.949, Base Lr: 5.00e-06
2025-12-10 04:21:44,253 DeMo.train INFO: Epoch 29 done. Time per batch: 0.283[s] Speed: 226.1[samples/s]
2025-12-10 04:21:44,254 DeMo.train INFO: ~~~~~~~~~~~~~~~~~~~~~~~~~~~~~~~~~~~~~~~~~~~~~~~~~~
2025-12-10 04:21:44,254 DeMo.train INFO: Current is the [moe,ori] feature testing!
2025-12-10 04:21:44,254 DeMo.train INFO: ~~~~~~~~~~~~~~~~~~~~~~~~~~~~~~~~~~~~~~~~~~~~~~~~~~
The test feature is normalized
=> Computing DistMat with euclidean_distance
2025-12-10 04:21:49,178 DeMo.train INFO: Validation Results - Epoch: 29
2025-12-10 04:21:49,179 DeMo.train INFO: mAP: 70.4%
2025-12-10 04:21:49,179 DeMo.train INFO: CMC curve, Rank-1  :72.4%
2025-12-10 04:21:49,179 DeMo.train INFO: CMC curve, Rank-5  :81.7%
2025-12-10 04:21:49,179 DeMo.train INFO: CMC curve, Rank-10 :88.4%
2025-12-10 04:21:49,179 DeMo.train INFO: ~~~~~~~~~~~~~~~~~~~~~~~~~~~~~~~~~~~~~~~~~~~~~~~~~~
2025-12-10 04:21:50,217 DeMo.train INFO: ~~~~~~~~~~~~~~~~~~~~~~~~~~~~~~~~~~~~~~~~~~~~~~~~~~
2025-12-10 04:21:50,217 DeMo.train INFO: Best mAP: 73.0%
2025-12-10 04:21:50,218 DeMo.train INFO: Best Rank-1: 75.1%
2025-12-10 04:21:50,218 DeMo.train INFO: Best Rank-5: 82.9%
2025-12-10 04:21:50,218 DeMo.train INFO: Best Rank-10: 87.3%
2025-12-10 04:21:50,218 DeMo.train INFO: ~~~~~~~~~~~~~~~~~~~~~~~~~~~~~~~~~~~~~~~~~~~~~~~~~~
2025-12-10 04:21:55,026 DeMo.train INFO: Epoch[30] Iteration[10/54] Loss: 0.953, Acc: 0.914, Base Lr: 5.00e-07
2025-12-10 04:21:57,444 DeMo.train INFO: Epoch[30] Iteration[20/54] Loss: 0.960, Acc: 0.914, Base Lr: 5.00e-07
2025-12-10 04:21:59,807 DeMo.train INFO: Epoch[30] Iteration[30/54] Loss: 0.954, Acc: 0.935, Base Lr: 5.00e-07
2025-12-10 04:22:02,210 DeMo.train INFO: Epoch[30] Iteration[40/54] Loss: 0.950, Acc: 0.945, Base Lr: 5.00e-07
2025-12-10 04:22:04,659 DeMo.train INFO: Epoch[30] Iteration[50/54] Loss: 0.947, Acc: 0.948, Base Lr: 5.00e-07
2025-12-10 04:22:05,513 DeMo.train INFO: Epoch 30 done. Time per batch: 0.289[s] Speed: 221.8[samples/s]
2025-12-10 04:22:05,514 DeMo.train INFO: ~~~~~~~~~~~~~~~~~~~~~~~~~~~~~~~~~~~~~~~~~~~~~~~~~~
2025-12-10 04:22:05,514 DeMo.train INFO: Current is the [moe,ori] feature testing!
2025-12-10 04:22:05,514 DeMo.train INFO: ~~~~~~~~~~~~~~~~~~~~~~~~~~~~~~~~~~~~~~~~~~~~~~~~~~
The test feature is normalized
=> Computing DistMat with euclidean_distance
2025-12-10 04:22:10,718 DeMo.train INFO: Validation Results - Epoch: 30
2025-12-10 04:22:10,718 DeMo.train INFO: mAP: 70.8%
2025-12-10 04:22:10,718 DeMo.train INFO: CMC curve, Rank-1  :72.1%
2025-12-10 04:22:10,718 DeMo.train INFO: CMC curve, Rank-5  :82.3%
2025-12-10 04:22:10,719 DeMo.train INFO: CMC curve, Rank-10 :87.9%
2025-12-10 04:22:10,719 DeMo.train INFO: ~~~~~~~~~~~~~~~~~~~~~~~~~~~~~~~~~~~~~~~~~~~~~~~~~~
2025-12-10 04:22:10,768 DeMo.train INFO: ~~~~~~~~~~~~~~~~~~~~~~~~~~~~~~~~~~~~~~~~~~~~~~~~~~
2025-12-10 04:22:10,768 DeMo.train INFO: Best mAP: 73.0%
2025-12-10 04:22:10,768 DeMo.train INFO: Best Rank-1: 75.1%
2025-12-10 04:22:10,768 DeMo.train INFO: Best Rank-5: 82.9%
2025-12-10 04:22:10,768 DeMo.train INFO: Best Rank-10: 87.3%
2025-12-10 04:22:10,768 DeMo.train INFO: ~~~~~~~~~~~~~~~~~~~~~~~~~~~~~~~~~~~~~~~~~~~~~~~~~~
2025-12-10 04:22:14,467 DeMo.train INFO: Epoch[31] Iteration[10/54] Loss: 0.976, Acc: 0.852, Base Lr: 5.00e-07
2025-12-10 04:22:16,942 DeMo.train INFO: Epoch[31] Iteration[20/54] Loss: 0.958, Acc: 0.911, Base Lr: 5.00e-07
2025-12-10 04:22:19,334 DeMo.train INFO: Epoch[31] Iteration[30/54] Loss: 0.953, Acc: 0.924, Base Lr: 5.00e-07
2025-12-10 04:22:21,708 DeMo.train INFO: Epoch[31] Iteration[40/54] Loss: 0.948, Acc: 0.934, Base Lr: 5.00e-07
2025-12-10 04:22:24,093 DeMo.train INFO: Epoch[31] Iteration[50/54] Loss: 0.943, Acc: 0.946, Base Lr: 5.00e-07
2025-12-10 04:22:24,935 DeMo.train INFO: Epoch 31 done. Time per batch: 0.267[s] Speed: 239.4[samples/s]
2025-12-10 04:22:24,936 DeMo.train INFO: ~~~~~~~~~~~~~~~~~~~~~~~~~~~~~~~~~~~~~~~~~~~~~~~~~~
2025-12-10 04:22:24,936 DeMo.train INFO: Current is the [moe,ori] feature testing!
2025-12-10 04:22:24,936 DeMo.train INFO: ~~~~~~~~~~~~~~~~~~~~~~~~~~~~~~~~~~~~~~~~~~~~~~~~~~
The test feature is normalized
=> Computing DistMat with euclidean_distance
2025-12-10 04:22:30,538 DeMo.train INFO: Validation Results - Epoch: 31
2025-12-10 04:22:30,538 DeMo.train INFO: mAP: 71.9%
2025-12-10 04:22:30,539 DeMo.train INFO: CMC curve, Rank-1  :73.2%
2025-12-10 04:22:30,539 DeMo.train INFO: CMC curve, Rank-5  :83.7%
2025-12-10 04:22:30,539 DeMo.train INFO: CMC curve, Rank-10 :88.2%
2025-12-10 04:22:30,539 DeMo.train INFO: ~~~~~~~~~~~~~~~~~~~~~~~~~~~~~~~~~~~~~~~~~~~~~~~~~~
2025-12-10 04:22:30,589 DeMo.train INFO: ~~~~~~~~~~~~~~~~~~~~~~~~~~~~~~~~~~~~~~~~~~~~~~~~~~
2025-12-10 04:22:30,590 DeMo.train INFO: Best mAP: 73.0%
2025-12-10 04:22:30,590 DeMo.train INFO: Best Rank-1: 75.1%
2025-12-10 04:22:30,590 DeMo.train INFO: Best Rank-5: 82.9%
2025-12-10 04:22:30,590 DeMo.train INFO: Best Rank-10: 87.3%
2025-12-10 04:22:30,590 DeMo.train INFO: ~~~~~~~~~~~~~~~~~~~~~~~~~~~~~~~~~~~~~~~~~~~~~~~~~~
2025-12-10 04:22:34,828 DeMo.train INFO: Epoch[32] Iteration[10/54] Loss: 0.950, Acc: 0.903, Base Lr: 5.00e-07
2025-12-10 04:22:37,217 DeMo.train INFO: Epoch[32] Iteration[20/54] Loss: 0.951, Acc: 0.926, Base Lr: 5.00e-07
2025-12-10 04:22:39,620 DeMo.train INFO: Epoch[32] Iteration[30/54] Loss: 0.944, Acc: 0.939, Base Lr: 5.00e-07
2025-12-10 04:22:42,048 DeMo.train INFO: Epoch[32] Iteration[40/54] Loss: 0.943, Acc: 0.945, Base Lr: 5.00e-07
2025-12-10 04:22:44,468 DeMo.train INFO: Epoch[32] Iteration[50/54] Loss: 0.940, Acc: 0.952, Base Lr: 5.00e-07
2025-12-10 04:22:45,367 DeMo.train INFO: Epoch 32 done. Time per batch: 0.279[s] Speed: 229.5[samples/s]
2025-12-10 04:22:45,368 DeMo.train INFO: ~~~~~~~~~~~~~~~~~~~~~~~~~~~~~~~~~~~~~~~~~~~~~~~~~~
2025-12-10 04:22:45,368 DeMo.train INFO: Current is the [moe,ori] feature testing!
2025-12-10 04:22:45,369 DeMo.train INFO: ~~~~~~~~~~~~~~~~~~~~~~~~~~~~~~~~~~~~~~~~~~~~~~~~~~
The test feature is normalized
=> Computing DistMat with euclidean_distance
2025-12-10 04:22:50,728 DeMo.train INFO: Validation Results - Epoch: 32
2025-12-10 04:22:50,728 DeMo.train INFO: mAP: 72.2%
2025-12-10 04:22:50,728 DeMo.train INFO: CMC curve, Rank-1  :73.1%
2025-12-10 04:22:50,728 DeMo.train INFO: CMC curve, Rank-5  :84.1%
2025-12-10 04:22:50,729 DeMo.train INFO: CMC curve, Rank-10 :88.2%
2025-12-10 04:22:50,729 DeMo.train INFO: ~~~~~~~~~~~~~~~~~~~~~~~~~~~~~~~~~~~~~~~~~~~~~~~~~~
2025-12-10 04:22:51,747 DeMo.train INFO: ~~~~~~~~~~~~~~~~~~~~~~~~~~~~~~~~~~~~~~~~~~~~~~~~~~
2025-12-10 04:22:51,747 DeMo.train INFO: Best mAP: 73.0%
2025-12-10 04:22:51,747 DeMo.train INFO: Best Rank-1: 75.1%
2025-12-10 04:22:51,747 DeMo.train INFO: Best Rank-5: 82.9%
2025-12-10 04:22:51,747 DeMo.train INFO: Best Rank-10: 87.3%
2025-12-10 04:22:51,748 DeMo.train INFO: ~~~~~~~~~~~~~~~~~~~~~~~~~~~~~~~~~~~~~~~~~~~~~~~~~~
2025-12-10 04:22:56,524 DeMo.train INFO: Epoch[33] Iteration[10/54] Loss: 0.981, Acc: 0.913, Base Lr: 5.00e-07
2025-12-10 04:22:58,908 DeMo.train INFO: Epoch[33] Iteration[20/54] Loss: 0.961, Acc: 0.905, Base Lr: 5.00e-07
2025-12-10 04:23:01,369 DeMo.train INFO: Epoch[33] Iteration[30/54] Loss: 0.957, Acc: 0.926, Base Lr: 5.00e-07
2025-12-10 04:23:03,766 DeMo.train INFO: Epoch[33] Iteration[40/54] Loss: 0.953, Acc: 0.935, Base Lr: 5.00e-07
2025-12-10 04:23:06,143 DeMo.train INFO: Epoch[33] Iteration[50/54] Loss: 0.951, Acc: 0.945, Base Lr: 5.00e-07
2025-12-10 04:23:06,990 DeMo.train INFO: Epoch 33 done. Time per batch: 0.288[s] Speed: 222.5[samples/s]
2025-12-10 04:23:06,991 DeMo.train INFO: ~~~~~~~~~~~~~~~~~~~~~~~~~~~~~~~~~~~~~~~~~~~~~~~~~~
2025-12-10 04:23:06,991 DeMo.train INFO: Current is the [moe,ori] feature testing!
2025-12-10 04:23:06,991 DeMo.train INFO: ~~~~~~~~~~~~~~~~~~~~~~~~~~~~~~~~~~~~~~~~~~~~~~~~~~
The test feature is normalized
=> Computing DistMat with euclidean_distance
2025-12-10 04:23:12,478 DeMo.train INFO: Validation Results - Epoch: 33
2025-12-10 04:23:12,478 DeMo.train INFO: mAP: 70.7%
2025-12-10 04:23:12,478 DeMo.train INFO: CMC curve, Rank-1  :72.0%
2025-12-10 04:23:12,478 DeMo.train INFO: CMC curve, Rank-5  :82.7%
2025-12-10 04:23:12,478 DeMo.train INFO: CMC curve, Rank-10 :87.0%
2025-12-10 04:23:12,478 DeMo.train INFO: ~~~~~~~~~~~~~~~~~~~~~~~~~~~~~~~~~~~~~~~~~~~~~~~~~~
2025-12-10 04:23:12,527 DeMo.train INFO: ~~~~~~~~~~~~~~~~~~~~~~~~~~~~~~~~~~~~~~~~~~~~~~~~~~
2025-12-10 04:23:12,528 DeMo.train INFO: Best mAP: 73.0%
2025-12-10 04:23:12,528 DeMo.train INFO: Best Rank-1: 75.1%
2025-12-10 04:23:12,528 DeMo.train INFO: Best Rank-5: 82.9%
2025-12-10 04:23:12,528 DeMo.train INFO: Best Rank-10: 87.3%
2025-12-10 04:23:12,528 DeMo.train INFO: ~~~~~~~~~~~~~~~~~~~~~~~~~~~~~~~~~~~~~~~~~~~~~~~~~~
2025-12-10 04:23:16,638 DeMo.train INFO: Epoch[34] Iteration[10/54] Loss: 0.963, Acc: 0.905, Base Lr: 5.00e-07
2025-12-10 04:23:19,051 DeMo.train INFO: Epoch[34] Iteration[20/54] Loss: 0.952, Acc: 0.938, Base Lr: 5.00e-07
2025-12-10 04:23:21,503 DeMo.train INFO: Epoch[34] Iteration[30/54] Loss: 0.946, Acc: 0.942, Base Lr: 5.00e-07
2025-12-10 04:23:23,886 DeMo.train INFO: Epoch[34] Iteration[40/54] Loss: 0.942, Acc: 0.947, Base Lr: 5.00e-07
2025-12-10 04:23:26,333 DeMo.train INFO: Epoch[34] Iteration[50/54] Loss: 0.942, Acc: 0.952, Base Lr: 5.00e-07
2025-12-10 04:23:27,403 DeMo.train INFO: Epoch 34 done. Time per batch: 0.281[s] Speed: 228.0[samples/s]
2025-12-10 04:23:27,404 DeMo.train INFO: ~~~~~~~~~~~~~~~~~~~~~~~~~~~~~~~~~~~~~~~~~~~~~~~~~~
2025-12-10 04:23:27,405 DeMo.train INFO: Current is the [moe,ori] feature testing!
2025-12-10 04:23:27,405 DeMo.train INFO: ~~~~~~~~~~~~~~~~~~~~~~~~~~~~~~~~~~~~~~~~~~~~~~~~~~
The test feature is normalized
=> Computing DistMat with euclidean_distance
2025-12-10 04:23:32,440 DeMo.train INFO: Validation Results - Epoch: 34
2025-12-10 04:23:32,440 DeMo.train INFO: mAP: 71.6%
2025-12-10 04:23:32,440 DeMo.train INFO: CMC curve, Rank-1  :72.8%
2025-12-10 04:23:32,440 DeMo.train INFO: CMC curve, Rank-5  :83.4%
2025-12-10 04:23:32,440 DeMo.train INFO: CMC curve, Rank-10 :87.2%
2025-12-10 04:23:32,440 DeMo.train INFO: ~~~~~~~~~~~~~~~~~~~~~~~~~~~~~~~~~~~~~~~~~~~~~~~~~~
2025-12-10 04:23:33,884 DeMo.train INFO: ~~~~~~~~~~~~~~~~~~~~~~~~~~~~~~~~~~~~~~~~~~~~~~~~~~
2025-12-10 04:23:33,884 DeMo.train INFO: Best mAP: 73.0%
2025-12-10 04:23:33,884 DeMo.train INFO: Best Rank-1: 75.1%
2025-12-10 04:23:33,884 DeMo.train INFO: Best Rank-5: 82.9%
2025-12-10 04:23:33,884 DeMo.train INFO: Best Rank-10: 87.3%
2025-12-10 04:23:33,884 DeMo.train INFO: ~~~~~~~~~~~~~~~~~~~~~~~~~~~~~~~~~~~~~~~~~~~~~~~~~~
2025-12-10 04:23:38,755 DeMo.train INFO: Epoch[35] Iteration[10/54] Loss: 0.946, Acc: 0.909, Base Lr: 5.00e-07
2025-12-10 04:23:41,148 DeMo.train INFO: Epoch[35] Iteration[20/54] Loss: 0.945, Acc: 0.933, Base Lr: 5.00e-07
2025-12-10 04:23:43,528 DeMo.train INFO: Epoch[35] Iteration[30/54] Loss: 0.945, Acc: 0.943, Base Lr: 5.00e-07
2025-12-10 04:23:45,945 DeMo.train INFO: Epoch[35] Iteration[40/54] Loss: 0.943, Acc: 0.943, Base Lr: 5.00e-07
2025-12-10 04:23:48,336 DeMo.train INFO: Epoch[35] Iteration[50/54] Loss: 0.940, Acc: 0.948, Base Lr: 5.00e-07
2025-12-10 04:23:49,199 DeMo.train INFO: Epoch 35 done. Time per batch: 0.289[s] Speed: 221.5[samples/s]
2025-12-10 04:23:49,200 DeMo.train INFO: ~~~~~~~~~~~~~~~~~~~~~~~~~~~~~~~~~~~~~~~~~~~~~~~~~~
2025-12-10 04:23:49,200 DeMo.train INFO: Current is the [moe,ori] feature testing!
2025-12-10 04:23:49,200 DeMo.train INFO: ~~~~~~~~~~~~~~~~~~~~~~~~~~~~~~~~~~~~~~~~~~~~~~~~~~
The test feature is normalized
=> Computing DistMat with euclidean_distance
2025-12-10 04:23:54,527 DeMo.train INFO: Validation Results - Epoch: 35
2025-12-10 04:23:54,527 DeMo.train INFO: mAP: 71.4%
2025-12-10 04:23:54,527 DeMo.train INFO: CMC curve, Rank-1  :71.9%
2025-12-10 04:23:54,527 DeMo.train INFO: CMC curve, Rank-5  :82.9%
2025-12-10 04:23:54,527 DeMo.train INFO: CMC curve, Rank-10 :87.1%
2025-12-10 04:23:54,528 DeMo.train INFO: ~~~~~~~~~~~~~~~~~~~~~~~~~~~~~~~~~~~~~~~~~~~~~~~~~~
2025-12-10 04:23:54,589 DeMo.train INFO: ~~~~~~~~~~~~~~~~~~~~~~~~~~~~~~~~~~~~~~~~~~~~~~~~~~
2025-12-10 04:23:54,589 DeMo.train INFO: Best mAP: 73.0%
2025-12-10 04:23:54,590 DeMo.train INFO: Best Rank-1: 75.1%
2025-12-10 04:23:54,590 DeMo.train INFO: Best Rank-5: 82.9%
2025-12-10 04:23:54,590 DeMo.train INFO: Best Rank-10: 87.3%
2025-12-10 04:23:54,590 DeMo.train INFO: ~~~~~~~~~~~~~~~~~~~~~~~~~~~~~~~~~~~~~~~~~~~~~~~~~~
2025-12-10 04:23:58,709 DeMo.train INFO: Epoch[36] Iteration[10/54] Loss: 0.959, Acc: 0.911, Base Lr: 5.00e-07
2025-12-10 04:24:01,094 DeMo.train INFO: Epoch[36] Iteration[20/54] Loss: 0.956, Acc: 0.921, Base Lr: 5.00e-07
2025-12-10 04:24:03,559 DeMo.train INFO: Epoch[36] Iteration[30/54] Loss: 0.950, Acc: 0.938, Base Lr: 5.00e-07
2025-12-10 04:24:05,948 DeMo.train INFO: Epoch[36] Iteration[40/54] Loss: 0.945, Acc: 0.952, Base Lr: 5.00e-07
2025-12-10 04:24:08,355 DeMo.train INFO: Epoch[36] Iteration[50/54] Loss: 0.938, Acc: 0.956, Base Lr: 5.00e-07
2025-12-10 04:24:09,197 DeMo.train INFO: Epoch 36 done. Time per batch: 0.276[s] Speed: 232.2[samples/s]
2025-12-10 04:24:09,199 DeMo.train INFO: ~~~~~~~~~~~~~~~~~~~~~~~~~~~~~~~~~~~~~~~~~~~~~~~~~~
2025-12-10 04:24:09,199 DeMo.train INFO: Current is the [moe,ori] feature testing!
2025-12-10 04:24:09,199 DeMo.train INFO: ~~~~~~~~~~~~~~~~~~~~~~~~~~~~~~~~~~~~~~~~~~~~~~~~~~
The test feature is normalized
=> Computing DistMat with euclidean_distance
2025-12-10 04:24:14,533 DeMo.train INFO: Validation Results - Epoch: 36
2025-12-10 04:24:14,533 DeMo.train INFO: mAP: 71.2%
2025-12-10 04:24:14,533 DeMo.train INFO: CMC curve, Rank-1  :71.7%
2025-12-10 04:24:14,534 DeMo.train INFO: CMC curve, Rank-5  :82.2%
2025-12-10 04:24:14,534 DeMo.train INFO: CMC curve, Rank-10 :87.2%
2025-12-10 04:24:14,534 DeMo.train INFO: ~~~~~~~~~~~~~~~~~~~~~~~~~~~~~~~~~~~~~~~~~~~~~~~~~~
2025-12-10 04:24:14,614 DeMo.train INFO: ~~~~~~~~~~~~~~~~~~~~~~~~~~~~~~~~~~~~~~~~~~~~~~~~~~
2025-12-10 04:24:14,615 DeMo.train INFO: Best mAP: 73.0%
2025-12-10 04:24:14,615 DeMo.train INFO: Best Rank-1: 75.1%
2025-12-10 04:24:14,615 DeMo.train INFO: Best Rank-5: 82.9%
2025-12-10 04:24:14,615 DeMo.train INFO: Best Rank-10: 87.3%
2025-12-10 04:24:14,615 DeMo.train INFO: ~~~~~~~~~~~~~~~~~~~~~~~~~~~~~~~~~~~~~~~~~~~~~~~~~~
2025-12-10 04:24:18,449 DeMo.train INFO: Epoch[37] Iteration[10/54] Loss: 0.960, Acc: 0.880, Base Lr: 5.00e-07
2025-12-10 04:24:20,855 DeMo.train INFO: Epoch[37] Iteration[20/54] Loss: 0.950, Acc: 0.920, Base Lr: 5.00e-07
2025-12-10 04:24:23,214 DeMo.train INFO: Epoch[37] Iteration[30/54] Loss: 0.946, Acc: 0.933, Base Lr: 5.00e-07
2025-12-10 04:24:25,631 DeMo.train INFO: Epoch[37] Iteration[40/54] Loss: 0.941, Acc: 0.947, Base Lr: 5.00e-07
2025-12-10 04:24:28,028 DeMo.train INFO: Epoch[37] Iteration[50/54] Loss: 0.938, Acc: 0.954, Base Lr: 5.00e-07
2025-12-10 04:24:28,890 DeMo.train INFO: Epoch 37 done. Time per batch: 0.269[s] Speed: 237.6[samples/s]
2025-12-10 04:24:28,891 DeMo.train INFO: ~~~~~~~~~~~~~~~~~~~~~~~~~~~~~~~~~~~~~~~~~~~~~~~~~~
2025-12-10 04:24:28,891 DeMo.train INFO: Current is the [moe,ori] feature testing!
2025-12-10 04:24:28,892 DeMo.train INFO: ~~~~~~~~~~~~~~~~~~~~~~~~~~~~~~~~~~~~~~~~~~~~~~~~~~
The test feature is normalized
=> Computing DistMat with euclidean_distance
2025-12-10 04:24:34,106 DeMo.train INFO: Validation Results - Epoch: 37
2025-12-10 04:24:34,106 DeMo.train INFO: mAP: 71.7%
2025-12-10 04:24:34,106 DeMo.train INFO: CMC curve, Rank-1  :72.1%
2025-12-10 04:24:34,106 DeMo.train INFO: CMC curve, Rank-5  :82.8%
2025-12-10 04:24:34,106 DeMo.train INFO: CMC curve, Rank-10 :87.3%
2025-12-10 04:24:34,106 DeMo.train INFO: ~~~~~~~~~~~~~~~~~~~~~~~~~~~~~~~~~~~~~~~~~~~~~~~~~~
2025-12-10 04:24:34,158 DeMo.train INFO: ~~~~~~~~~~~~~~~~~~~~~~~~~~~~~~~~~~~~~~~~~~~~~~~~~~
2025-12-10 04:24:34,158 DeMo.train INFO: Best mAP: 73.0%
2025-12-10 04:24:34,158 DeMo.train INFO: Best Rank-1: 75.1%
2025-12-10 04:24:34,158 DeMo.train INFO: Best Rank-5: 82.9%
2025-12-10 04:24:34,158 DeMo.train INFO: Best Rank-10: 87.3%
2025-12-10 04:24:34,158 DeMo.train INFO: ~~~~~~~~~~~~~~~~~~~~~~~~~~~~~~~~~~~~~~~~~~~~~~~~~~
2025-12-10 04:24:38,029 DeMo.train INFO: Epoch[38] Iteration[10/54] Loss: 0.949, Acc: 0.920, Base Lr: 5.00e-07
2025-12-10 04:24:40,431 DeMo.train INFO: Epoch[38] Iteration[20/54] Loss: 0.941, Acc: 0.922, Base Lr: 5.00e-07
2025-12-10 04:24:42,783 DeMo.train INFO: Epoch[38] Iteration[30/54] Loss: 0.940, Acc: 0.940, Base Lr: 5.00e-07
2025-12-10 04:24:45,164 DeMo.train INFO: Epoch[38] Iteration[40/54] Loss: 0.936, Acc: 0.946, Base Lr: 5.00e-07
2025-12-10 04:24:47,545 DeMo.train INFO: Epoch[38] Iteration[50/54] Loss: 0.933, Acc: 0.950, Base Lr: 5.00e-07
2025-12-10 04:24:48,383 DeMo.train INFO: Epoch 38 done. Time per batch: 0.268[s] Speed: 238.5[samples/s]
2025-12-10 04:24:48,384 DeMo.train INFO: ~~~~~~~~~~~~~~~~~~~~~~~~~~~~~~~~~~~~~~~~~~~~~~~~~~
2025-12-10 04:24:48,384 DeMo.train INFO: Current is the [moe,ori] feature testing!
2025-12-10 04:24:48,384 DeMo.train INFO: ~~~~~~~~~~~~~~~~~~~~~~~~~~~~~~~~~~~~~~~~~~~~~~~~~~
The test feature is normalized
=> Computing DistMat with euclidean_distance
2025-12-10 04:24:54,024 DeMo.train INFO: Validation Results - Epoch: 38
2025-12-10 04:24:54,025 DeMo.train INFO: mAP: 71.8%
2025-12-10 04:24:54,025 DeMo.train INFO: CMC curve, Rank-1  :72.2%
2025-12-10 04:24:54,025 DeMo.train INFO: CMC curve, Rank-5  :82.5%
2025-12-10 04:24:54,025 DeMo.train INFO: CMC curve, Rank-10 :87.7%
2025-12-10 04:24:54,025 DeMo.train INFO: ~~~~~~~~~~~~~~~~~~~~~~~~~~~~~~~~~~~~~~~~~~~~~~~~~~
2025-12-10 04:24:54,074 DeMo.train INFO: ~~~~~~~~~~~~~~~~~~~~~~~~~~~~~~~~~~~~~~~~~~~~~~~~~~
2025-12-10 04:24:54,074 DeMo.train INFO: Best mAP: 73.0%
2025-12-10 04:24:54,074 DeMo.train INFO: Best Rank-1: 75.1%
2025-12-10 04:24:54,074 DeMo.train INFO: Best Rank-5: 82.9%
2025-12-10 04:24:54,074 DeMo.train INFO: Best Rank-10: 87.3%
2025-12-10 04:24:54,074 DeMo.train INFO: ~~~~~~~~~~~~~~~~~~~~~~~~~~~~~~~~~~~~~~~~~~~~~~~~~~
2025-12-10 04:24:58,069 DeMo.train INFO: Epoch[39] Iteration[10/54] Loss: 0.939, Acc: 0.933, Base Lr: 5.00e-07
2025-12-10 04:25:00,455 DeMo.train INFO: Epoch[39] Iteration[20/54] Loss: 0.943, Acc: 0.926, Base Lr: 5.00e-07
2025-12-10 04:25:02,837 DeMo.train INFO: Epoch[39] Iteration[30/54] Loss: 0.940, Acc: 0.931, Base Lr: 5.00e-07
2025-12-10 04:25:05,229 DeMo.train INFO: Epoch[39] Iteration[40/54] Loss: 0.935, Acc: 0.945, Base Lr: 5.00e-07
2025-12-10 04:25:07,603 DeMo.train INFO: Epoch[39] Iteration[50/54] Loss: 0.931, Acc: 0.955, Base Lr: 5.00e-07
2025-12-10 04:25:08,453 DeMo.train INFO: Epoch 39 done. Time per batch: 0.271[s] Speed: 235.9[samples/s]
2025-12-10 04:25:08,454 DeMo.train INFO: ~~~~~~~~~~~~~~~~~~~~~~~~~~~~~~~~~~~~~~~~~~~~~~~~~~
2025-12-10 04:25:08,454 DeMo.train INFO: Current is the [moe,ori] feature testing!
2025-12-10 04:25:08,454 DeMo.train INFO: ~~~~~~~~~~~~~~~~~~~~~~~~~~~~~~~~~~~~~~~~~~~~~~~~~~
The test feature is normalized
=> Computing DistMat with euclidean_distance
2025-12-10 04:25:13,576 DeMo.train INFO: Validation Results - Epoch: 39
2025-12-10 04:25:13,577 DeMo.train INFO: mAP: 72.1%
2025-12-10 04:25:13,577 DeMo.train INFO: CMC curve, Rank-1  :73.0%
2025-12-10 04:25:13,577 DeMo.train INFO: CMC curve, Rank-5  :83.1%
2025-12-10 04:25:13,577 DeMo.train INFO: CMC curve, Rank-10 :87.7%
2025-12-10 04:25:13,577 DeMo.train INFO: ~~~~~~~~~~~~~~~~~~~~~~~~~~~~~~~~~~~~~~~~~~~~~~~~~~
2025-12-10 04:25:13,626 DeMo.train INFO: ~~~~~~~~~~~~~~~~~~~~~~~~~~~~~~~~~~~~~~~~~~~~~~~~~~
2025-12-10 04:25:13,626 DeMo.train INFO: Best mAP: 73.0%
2025-12-10 04:25:13,626 DeMo.train INFO: Best Rank-1: 75.1%
2025-12-10 04:25:13,626 DeMo.train INFO: Best Rank-5: 82.9%
2025-12-10 04:25:13,626 DeMo.train INFO: Best Rank-10: 87.3%
2025-12-10 04:25:13,627 DeMo.train INFO: ~~~~~~~~~~~~~~~~~~~~~~~~~~~~~~~~~~~~~~~~~~~~~~~~~~
2025-12-10 04:25:17,700 DeMo.train INFO: Epoch[40] Iteration[10/54] Loss: 0.938, Acc: 0.930, Base Lr: 5.00e-08
2025-12-10 04:25:20,105 DeMo.train INFO: Epoch[40] Iteration[20/54] Loss: 0.938, Acc: 0.936, Base Lr: 5.00e-08
2025-12-10 04:25:22,477 DeMo.train INFO: Epoch[40] Iteration[30/54] Loss: 0.937, Acc: 0.935, Base Lr: 5.00e-08
2025-12-10 04:25:24,893 DeMo.train INFO: Epoch[40] Iteration[40/54] Loss: 0.937, Acc: 0.938, Base Lr: 5.00e-08
2025-12-10 04:25:27,285 DeMo.train INFO: Epoch[40] Iteration[50/54] Loss: 0.932, Acc: 0.949, Base Lr: 5.00e-08
2025-12-10 04:25:28,122 DeMo.train INFO: Epoch 40 done. Time per batch: 0.274[s] Speed: 234.0[samples/s]
2025-12-10 04:25:28,123 DeMo.train INFO: ~~~~~~~~~~~~~~~~~~~~~~~~~~~~~~~~~~~~~~~~~~~~~~~~~~
2025-12-10 04:25:28,124 DeMo.train INFO: Current is the [moe,ori] feature testing!
2025-12-10 04:25:28,124 DeMo.train INFO: ~~~~~~~~~~~~~~~~~~~~~~~~~~~~~~~~~~~~~~~~~~~~~~~~~~
The test feature is normalized
=> Computing DistMat with euclidean_distance
2025-12-10 04:25:33,618 DeMo.train INFO: Validation Results - Epoch: 40
2025-12-10 04:25:33,618 DeMo.train INFO: mAP: 72.1%
2025-12-10 04:25:33,618 DeMo.train INFO: CMC curve, Rank-1  :72.8%
2025-12-10 04:25:33,618 DeMo.train INFO: CMC curve, Rank-5  :83.0%
2025-12-10 04:25:33,618 DeMo.train INFO: CMC curve, Rank-10 :87.6%
2025-12-10 04:25:33,618 DeMo.train INFO: ~~~~~~~~~~~~~~~~~~~~~~~~~~~~~~~~~~~~~~~~~~~~~~~~~~
2025-12-10 04:25:33,676 DeMo.train INFO: ~~~~~~~~~~~~~~~~~~~~~~~~~~~~~~~~~~~~~~~~~~~~~~~~~~
2025-12-10 04:25:33,676 DeMo.train INFO: Best mAP: 73.0%
2025-12-10 04:25:33,676 DeMo.train INFO: Best Rank-1: 75.1%
2025-12-10 04:25:33,676 DeMo.train INFO: Best Rank-5: 82.9%
2025-12-10 04:25:33,676 DeMo.train INFO: Best Rank-10: 87.3%
2025-12-10 04:25:33,677 DeMo.train INFO: ~~~~~~~~~~~~~~~~~~~~~~~~~~~~~~~~~~~~~~~~~~~~~~~~~~
2025-12-10 04:25:37,486 DeMo.train INFO: Epoch[41] Iteration[10/54] Loss: 0.952, Acc: 0.931, Base Lr: 5.00e-08
2025-12-10 04:25:39,904 DeMo.train INFO: Epoch[41] Iteration[20/54] Loss: 0.940, Acc: 0.945, Base Lr: 5.00e-08
2025-12-10 04:25:42,263 DeMo.train INFO: Epoch[41] Iteration[30/54] Loss: 0.934, Acc: 0.944, Base Lr: 5.00e-08
2025-12-10 04:25:44,657 DeMo.train INFO: Epoch[41] Iteration[40/54] Loss: 0.933, Acc: 0.945, Base Lr: 5.00e-08
2025-12-10 04:25:47,028 DeMo.train INFO: Epoch[41] Iteration[50/54] Loss: 0.929, Acc: 0.955, Base Lr: 5.00e-08
