2025-12-10 04:11:34,876 DeMo INFO: Saving model in the path :..
2025-12-10 04:11:34,876 DeMo INFO: Namespace(config_file='configs/RGBNT201/DeMo_SDTPS_DGAF_ablation.yml', exp_name=None, fea_cft=0, local_rank=0, opts=['MODEL.USE_SDTPS', 'False', 'MODEL.USE_DGAF', 'True', 'MODEL.DGAF_VERSION', 'v3', 'MODEL.GLOBAL_LOCAL', 'False'])
2025-12-10 04:11:34,877 DeMo INFO: Loaded configuration file configs/RGBNT201/DeMo_SDTPS_DGAF_ablation.yml
2025-12-10 04:11:34,877 DeMo INFO: 
MODEL:
  TRANSFORMER_TYPE: 'ViT-B-16'
  STRIDE_SIZE: [ 16, 16 ]
  SIE_CAMERA: True
  DIRECT: 1
  SIE_COE: 1.0
  ID_LOSS_WEIGHT: 0.25
  TRIPLET_LOSS_WEIGHT: 1.0
  GLOBAL_LOCAL: False  # DGAF V3 直接用 tokens，不需要 GLOBAL_LOCAL
  # Disable HDM and ATM
  HDM: False
  ATM: False
  # SACR disabled for ablation
  USE_SACR: False
  USE_MULTIMODAL_SACR: False
  # LIF disabled
  USE_LIF: False
  # SDTPS configuration
  USE_SDTPS: True
  SDTPS_SPARSE_RATIO: 0.7  # token 保留比例（70%）
  SDTPS_USE_GUMBEL: False  # 禁用 Gumbel（训练稳定性）
  SDTPS_GUMBEL_TAU: 5.0
  SDTPS_CROSS_ATTN_TYPE: 'attention'  # 使用 Cross-Attention（推荐）
  SDTPS_CROSS_ATTN_HEADS: 4  # Cross-Attention 头数
  # 已废弃参数（保留兼容性）
  SDTPS_BETA: 0.25         # 已不使用（原 MLP predictor 权重）
  SDTPS_AGGR_RATIO: 0.5    # 已不使用（原 TokenAggregation）
  SDTPS_LOSS_WEIGHT: 2.0   # SDTPS 分支的损失权重
  # DGAF: Dual-Gated Adaptive Fusion
  USE_DGAF: True
  DGAF_VERSION: 'v3'  # V3 接受 (B,N,C) tokens
  DGAF_TAU: 1.0
  DGAF_INIT_ALPHA: 0.5
  DGAF_NUM_HEADS: 8
  HEAD: 4

INPUT:
  SIZE_TRAIN: [ 256, 128 ]
  SIZE_TEST: [ 256, 128 ]
  PROB: 0.5
  RE_PROB: 0.5
  PADDING: 10

DATALOADER:
  SAMPLER: 'softmax_triplet'
  NUM_INSTANCE: 8
  NUM_WORKERS: 14

DATASETS:
  NAMES: ('RGBNT201')
  ROOT_DIR: '..'

SOLVER:
  BASE_LR: 0.000005
  LR_SCHEDULER: 'linear'
  MAX_EPOCHS: 50
  STEPS: [30, 40]
  GAMMA: 0.1
  WARMUP_ITERS: 0
  WARMUP_FACTOR: 0.01
  WARMUP_METHOD: 'linear'
  OPTIMIZER_NAME: 'Adam'
  IMS_PER_BATCH: 64
  EVAL_PERIOD: 1
  CHECKPOINT_PERIOD: 10

TEST:
  IMS_PER_BATCH: 128
  RE_RANKING: 'no'
  WEIGHT: ''
  NECK_FEAT: 'before'
  FEAT_NORM: 'yes'
  MISS: "nothing"

OUTPUT_DIR: '..'

# ============================================================================
# SDTPS + DGAF Ablation Config
# ============================================================================
# - SACR: disabled
# - SDTPS: configurable via command line
# - DGAF V3: configurable via command line
# - Training: lr=0.00035, epochs=50, warmup=10
# - TF32: enabled in train_net.py
# ============================================================================

2025-12-10 04:11:34,878 DeMo INFO: Running with config:
DATALOADER:
  NUM_INSTANCE: 8
  NUM_WORKERS: 14
  SAMPLER: softmax_triplet
DATASETS:
  NAMES: RGBNT201
  ROOT_DIR: ..
INPUT:
  PADDING: 10
  PIXEL_MEAN: [0.5, 0.5, 0.5]
  PIXEL_STD: [0.5, 0.5, 0.5]
  PROB: 0.5
  RE_PROB: 0.5
  SIZE_TEST: [256, 128]
  SIZE_TRAIN: [256, 128]
MODEL:
  ADAPTER: False
  ATM: False
  ATT_DROP_RATE: 0.0
  DEVICE: cuda
  DEVICE_ID: 0
  DGAF_INIT_ALPHA: 0.5
  DGAF_NUM_HEADS: 8
  DGAF_TAU: 1.0
  DGAF_VERSION: v3
  DIRECT: 1
  DIST_TRAIN: False
  DROP_OUT: 0.0
  DROP_PATH: 0.1
  FROZEN: False
  GLOBAL_LOCAL: False
  HDM: False
  HEAD: 4
  ID_LOSS_TYPE: softmax
  ID_LOSS_WEIGHT: 0.25
  IF_LABELSMOOTH: on
  IF_WITH_CENTER: no
  LIF_BETA: 0.4
  LIF_LAYER: 3
  LIF_LOSS_WEIGHT: 0.1
  METRIC_LOSS_TYPE: triplet
  MULTIMODAL_SACR_VERSION: v1
  NAME: DeMo
  NECK: bnneck
  NO_MARGIN: True
  PRETRAIN_PATH_T: /path/to/your/vitb_16_224_21k.pth
  PROMPT: False
  SACR_DILATION_RATES: [2, 3, 4]
  SDTPS_AGGR_RATIO: 0.5
  SDTPS_BETA: 0.25
  SDTPS_CROSS_ATTN_HEADS: 4
  SDTPS_CROSS_ATTN_TYPE: attention
  SDTPS_GUMBEL_TAU: 5.0
  SDTPS_LOSS_WEIGHT: 2.0
  SDTPS_SPARSE_RATIO: 0.7
  SDTPS_USE_GUMBEL: False
  SIE_CAMERA: True
  SIE_COE: 1.0
  SIE_VIEW: False
  STRIDE_SIZE: [16, 16]
  TRANSFORMER_TYPE: ViT-B-16
  TRIPLET_LOSS_WEIGHT: 1.0
  USE_DGAF: True
  USE_LIF: False
  USE_MULTIMODAL_SACR: False
  USE_SACR: False
  USE_SDTPS: False
OUTPUT_DIR: ..
SOLVER:
  BASE_LR: 5e-06
  CENTER_LOSS_WEIGHT: 0.0005
  CENTER_LR: 0.5
  CHECKPOINT_PERIOD: 10
  CLUSTER_MARGIN: 0.3
  COSINE_MARGIN: 0.5
  COSINE_SCALE: 30
  EVAL_PERIOD: 1
  GAMMA: 0.1
  IMS_PER_BATCH: 64
  LARGE_FC_LR: False
  LOG_PERIOD: 10
  LR_SCHEDULER: linear
  MARGIN: 0.3
  MAX_EPOCHS: 50
  MOMENTUM: 0.9
  OPTIMIZER_NAME: Adam
  RANGE_ALPHA: 0
  RANGE_BETA: 1
  RANGE_K: 2
  RANGE_LOSS_WEIGHT: 1
  RANGE_MARGIN: 0.3
  SEED: 1234
  STEPS: (30, 40)
  WARMUP_FACTOR: 0.01
  WARMUP_ITERS: 0
  WARMUP_METHOD: linear
  WEIGHT_DECAY: 0.0001
  WEIGHT_DECAY_BIAS: 0.0001
TEST:
  FEAT: 0
  FEAT_NORM: yes
  IMS_PER_BATCH: 128
  MISS: nothing
  NECK_FEAT: before
  RE_RANKING: no
  WEIGHT: 
=> RGBNT201 loaded
Dataset statistics:
  ----------------------------------------
  subset   | # ids | # images | # cameras
  ----------------------------------------
  train    |   171 |     3951 |         4
  query    |    30 |      836 |         2
  gallery  |    30 |      836 |         2
  ----------------------------------------
data is ready
using Transformer_type: ViT-B-16 as a backbone
Resized position embedding: %s to %s torch.Size([197, 768]) torch.Size([129, 768])
Position embedding resize to height:16 width: 8
Successfully load ckpt!
<All keys matched successfully>
Loading pretrained model from CLIP
camera number is : 4
===========Building DeMo===========
2025-12-10 04:11:46,037 DeMo INFO: DeMo(
  (BACKBONE): build_transformer(
    (base): VisionTransformer(
      (conv1): Conv2d(3, 768, kernel_size=(16, 16), stride=(16, 16), bias=False)
      (ln_pre): LayerNorm((768,), eps=1e-05, elementwise_affine=True)
      (transformer): Transformer(
        (resblocks): Sequential(
          (0): ResidualAttentionBlock(
            (attn): MultiheadAttention(
              (out_proj): NonDynamicallyQuantizableLinear(in_features=768, out_features=768, bias=True)
            )
            (ln_1): LayerNorm((768,), eps=1e-05, elementwise_affine=True)
            (mlp): Sequential(
              (c_fc): Linear(in_features=768, out_features=3072, bias=True)
              (gelu): QuickGELU()
              (c_proj): Linear(in_features=3072, out_features=768, bias=True)
            )
            (ln_2): LayerNorm((768,), eps=1e-05, elementwise_affine=True)
          )
          (1): ResidualAttentionBlock(
            (attn): MultiheadAttention(
              (out_proj): NonDynamicallyQuantizableLinear(in_features=768, out_features=768, bias=True)
            )
            (ln_1): LayerNorm((768,), eps=1e-05, elementwise_affine=True)
            (mlp): Sequential(
              (c_fc): Linear(in_features=768, out_features=3072, bias=True)
              (gelu): QuickGELU()
              (c_proj): Linear(in_features=3072, out_features=768, bias=True)
            )
            (ln_2): LayerNorm((768,), eps=1e-05, elementwise_affine=True)
          )
          (2): ResidualAttentionBlock(
            (attn): MultiheadAttention(
              (out_proj): NonDynamicallyQuantizableLinear(in_features=768, out_features=768, bias=True)
            )
            (ln_1): LayerNorm((768,), eps=1e-05, elementwise_affine=True)
            (mlp): Sequential(
              (c_fc): Linear(in_features=768, out_features=3072, bias=True)
              (gelu): QuickGELU()
              (c_proj): Linear(in_features=3072, out_features=768, bias=True)
            )
            (ln_2): LayerNorm((768,), eps=1e-05, elementwise_affine=True)
          )
          (3): ResidualAttentionBlock(
            (attn): MultiheadAttention(
              (out_proj): NonDynamicallyQuantizableLinear(in_features=768, out_features=768, bias=True)
            )
            (ln_1): LayerNorm((768,), eps=1e-05, elementwise_affine=True)
            (mlp): Sequential(
              (c_fc): Linear(in_features=768, out_features=3072, bias=True)
              (gelu): QuickGELU()
              (c_proj): Linear(in_features=3072, out_features=768, bias=True)
            )
            (ln_2): LayerNorm((768,), eps=1e-05, elementwise_affine=True)
          )
          (4): ResidualAttentionBlock(
            (attn): MultiheadAttention(
              (out_proj): NonDynamicallyQuantizableLinear(in_features=768, out_features=768, bias=True)
            )
            (ln_1): LayerNorm((768,), eps=1e-05, elementwise_affine=True)
            (mlp): Sequential(
              (c_fc): Linear(in_features=768, out_features=3072, bias=True)
              (gelu): QuickGELU()
              (c_proj): Linear(in_features=3072, out_features=768, bias=True)
            )
            (ln_2): LayerNorm((768,), eps=1e-05, elementwise_affine=True)
          )
          (5): ResidualAttentionBlock(
            (attn): MultiheadAttention(
              (out_proj): NonDynamicallyQuantizableLinear(in_features=768, out_features=768, bias=True)
            )
            (ln_1): LayerNorm((768,), eps=1e-05, elementwise_affine=True)
            (mlp): Sequential(
              (c_fc): Linear(in_features=768, out_features=3072, bias=True)
              (gelu): QuickGELU()
              (c_proj): Linear(in_features=3072, out_features=768, bias=True)
            )
            (ln_2): LayerNorm((768,), eps=1e-05, elementwise_affine=True)
          )
          (6): ResidualAttentionBlock(
            (attn): MultiheadAttention(
              (out_proj): NonDynamicallyQuantizableLinear(in_features=768, out_features=768, bias=True)
            )
            (ln_1): LayerNorm((768,), eps=1e-05, elementwise_affine=True)
            (mlp): Sequential(
              (c_fc): Linear(in_features=768, out_features=3072, bias=True)
              (gelu): QuickGELU()
              (c_proj): Linear(in_features=3072, out_features=768, bias=True)
            )
            (ln_2): LayerNorm((768,), eps=1e-05, elementwise_affine=True)
          )
          (7): ResidualAttentionBlock(
            (attn): MultiheadAttention(
              (out_proj): NonDynamicallyQuantizableLinear(in_features=768, out_features=768, bias=True)
            )
            (ln_1): LayerNorm((768,), eps=1e-05, elementwise_affine=True)
            (mlp): Sequential(
              (c_fc): Linear(in_features=768, out_features=3072, bias=True)
              (gelu): QuickGELU()
              (c_proj): Linear(in_features=3072, out_features=768, bias=True)
            )
            (ln_2): LayerNorm((768,), eps=1e-05, elementwise_affine=True)
          )
          (8): ResidualAttentionBlock(
            (attn): MultiheadAttention(
              (out_proj): NonDynamicallyQuantizableLinear(in_features=768, out_features=768, bias=True)
            )
            (ln_1): LayerNorm((768,), eps=1e-05, elementwise_affine=True)
            (mlp): Sequential(
              (c_fc): Linear(in_features=768, out_features=3072, bias=True)
              (gelu): QuickGELU()
              (c_proj): Linear(in_features=3072, out_features=768, bias=True)
            )
            (ln_2): LayerNorm((768,), eps=1e-05, elementwise_affine=True)
          )
          (9): ResidualAttentionBlock(
            (attn): MultiheadAttention(
              (out_proj): NonDynamicallyQuantizableLinear(in_features=768, out_features=768, bias=True)
            )
            (ln_1): LayerNorm((768,), eps=1e-05, elementwise_affine=True)
            (mlp): Sequential(
              (c_fc): Linear(in_features=768, out_features=3072, bias=True)
              (gelu): QuickGELU()
              (c_proj): Linear(in_features=3072, out_features=768, bias=True)
            )
            (ln_2): LayerNorm((768,), eps=1e-05, elementwise_affine=True)
          )
          (10): ResidualAttentionBlock(
            (attn): MultiheadAttention(
              (out_proj): NonDynamicallyQuantizableLinear(in_features=768, out_features=768, bias=True)
            )
            (ln_1): LayerNorm((768,), eps=1e-05, elementwise_affine=True)
            (mlp): Sequential(
              (c_fc): Linear(in_features=768, out_features=3072, bias=True)
              (gelu): QuickGELU()
              (c_proj): Linear(in_features=3072, out_features=768, bias=True)
            )
            (ln_2): LayerNorm((768,), eps=1e-05, elementwise_affine=True)
          )
          (11): ResidualAttentionBlock(
            (attn): MultiheadAttention(
              (out_proj): NonDynamicallyQuantizableLinear(in_features=768, out_features=768, bias=True)
            )
            (ln_1): LayerNorm((768,), eps=1e-05, elementwise_affine=True)
            (mlp): Sequential(
              (c_fc): Linear(in_features=768, out_features=3072, bias=True)
              (gelu): QuickGELU()
              (c_proj): Linear(in_features=3072, out_features=768, bias=True)
            )
            (ln_2): LayerNorm((768,), eps=1e-05, elementwise_affine=True)
          )
        )
      )
      (ln_post): LayerNorm((768,), eps=1e-05, elementwise_affine=True)
    )
  )
  (pool): AdaptiveAvgPool1d(output_size=1)
  (rgb_reduce): Sequential(
    (0): LayerNorm((1024,), eps=1e-05, elementwise_affine=True)
    (1): Linear(in_features=1024, out_features=512, bias=True)
    (2): QuickGELU()
  )
  (nir_reduce): Sequential(
    (0): LayerNorm((1024,), eps=1e-05, elementwise_affine=True)
    (1): Linear(in_features=1024, out_features=512, bias=True)
    (2): QuickGELU()
  )
  (tir_reduce): Sequential(
    (0): LayerNorm((1024,), eps=1e-05, elementwise_affine=True)
    (1): Linear(in_features=1024, out_features=512, bias=True)
    (2): QuickGELU()
  )
  (dgaf): DualGatedAdaptiveFusionV3(
    (attn_pool): MultiheadAttention(
      (out_proj): NonDynamicallyQuantizableLinear(in_features=512, out_features=512, bias=True)
    )
    (attn_norm): LayerNorm((512,), eps=1e-05, elementwise_affine=True)
    (entropy_proj): Linear(in_features=512, out_features=512, bias=True)
    (gate_net): Sequential(
      (0): Linear(in_features=1536, out_features=512, bias=True)
      (1): LayerNorm((512,), eps=1e-05, elementwise_affine=True)
      (2): ReLU(inplace=True)
      (3): Linear(in_features=512, out_features=3, bias=True)
      (4): Sigmoid()
    )
    (modal_enhance): Sequential(
      (0): Linear(in_features=512, out_features=512, bias=True)
      (1): LayerNorm((512,), eps=1e-05, elementwise_affine=True)
    )
  )
  (classifier_dgaf): Linear(in_features=1536, out_features=171, bias=False)
  (bottleneck_dgaf): BatchNorm1d(1536, eps=1e-05, momentum=0.1, affine=True, track_running_stats=True)
  (classifier): Linear(in_features=1536, out_features=171, bias=False)
  (bottleneck): BatchNorm1d(1536, eps=1e-05, momentum=0.1, affine=True, track_running_stats=True)
)
2025-12-10 04:11:46,038 DeMo INFO: number of parameters:90.621444
/home/yij/miniconda3/envs/DeMo/lib/python3.8/site-packages/timm/models/helpers.py:7: FutureWarning: Importing from timm.models.helpers is deprecated, please import via timm.models
  warnings.warn(f"Importing from {__name__} is deprecated, please import via timm.models", FutureWarning)
/home/yij/miniconda3/envs/DeMo/lib/python3.8/site-packages/timm/models/registry.py:4: FutureWarning: Importing from timm.models.registry is deprecated, please import via timm.models
  warnings.warn(f"Importing from {__name__} is deprecated, please import via timm.models", FutureWarning)
/home/yij/miniconda3/envs/DeMo/lib/python3.8/site-packages/timm/models/layers/__init__.py:48: FutureWarning: Importing from timm.models.layers is deprecated, please import via timm.layers
  warnings.warn(f"Importing from {__name__} is deprecated, please import via timm.layers", FutureWarning)
/raid/yij/icme/demo2new/DeMo2/modeling/clip/clip.py:23: UserWarning: PyTorch version 1.7.1 or higher is recommended
  warnings.warn("PyTorch version 1.7.1 or higher is recommended")
/home/yij/miniconda3/envs/DeMo/lib/python3.8/site-packages/torchvision/transforms/transforms.py:329: UserWarning: Argument 'interpolation' of type int is deprecated since 0.13 and will be removed in 0.15. Please use InterpolationMode enum.
  warnings.warn(
Unsupported operator aten::log encountered 3 time(s)
The following submodules of the model were never called during the trace of the graph. They may be unused, or they were accessed by direct calls to .forward() or via other python methods. In the latter case they will have zeros for statistics, though their statistics will still contribute to their parent calling module.
BACKBONE.base.transformer.resblocks.0.attn.out_proj, BACKBONE.base.transformer.resblocks.1.attn.out_proj, BACKBONE.base.transformer.resblocks.10.attn.out_proj, BACKBONE.base.transformer.resblocks.11.attn.out_proj, BACKBONE.base.transformer.resblocks.2.attn.out_proj, BACKBONE.base.transformer.resblocks.3.attn.out_proj, BACKBONE.base.transformer.resblocks.4.attn.out_proj, BACKBONE.base.transformer.resblocks.5.attn.out_proj, BACKBONE.base.transformer.resblocks.6.attn.out_proj, BACKBONE.base.transformer.resblocks.7.attn.out_proj, BACKBONE.base.transformer.resblocks.8.attn.out_proj, BACKBONE.base.transformer.resblocks.9.attn.out_proj, bottleneck, bottleneck_dgaf, classifier, classifier_dgaf, dgaf.attn_pool.out_proj, nir_reduce, nir_reduce.0, nir_reduce.1, nir_reduce.2, pool, rgb_reduce, rgb_reduce.0, rgb_reduce.1, rgb_reduce.2, tir_reduce, tir_reduce.0, tir_reduce.1, tir_reduce.2
~~~~~~~~~~~~~~~~~~~~~~~~~~~~~~~~~~~~~~~~~~~~~~~~~~~~~~~~~~~~~~~~~~~~~~~~~~~~~~~~~~~~~~~~~~~~~~~~
The out_proj here is called by the nn.MultiheadAttention, which has been calculated in th .forward(), so just ignore it.
~~~~~~~~~~~~~~~~~~~~~~~~~~~~~~~~~~~~~~~~~~~~~~~~~~~~~~~~~~~~~~~~~~~~~~~~~~~~~~~~~~~~~~~~~~~~~~~~
For the bottleneck or classifier, it is not calculated during inference, so just ignore it.
~~~~~~~~~~~~~~~~~~~~~~~~~~~~~~~~~~~~~~~~~~~~~~~~~~~~~~~~~~~~~~~~~~~~~~~~~~~~~~~~~~~~~~~~~~~~~~~~
2025-12-10 04:11:48,856 DeMo INFO: number of GFLOPs: 34.48054893099999
using soft triplet loss for training
label smooth on, numclasses: 171
2025-12-10 04:11:48,868 DeMo.train INFO: start training
/home/yij/miniconda3/envs/DeMo/lib/python3.8/site-packages/torch/optim/lr_scheduler.py:138: UserWarning: Detected call of `lr_scheduler.step()` before `optimizer.step()`. In PyTorch 1.1.0 and later, you should call them in the opposite order: `optimizer.step()` before `lr_scheduler.step()`.  Failure to do this will result in PyTorch skipping the first value of the learning rate schedule. See more details at https://pytorch.org/docs/stable/optim.html#how-to-adjust-learning-rate
  warnings.warn("Detected call of `lr_scheduler.step()` before `optimizer.step()`. "
/home/yij/miniconda3/envs/DeMo/lib/python3.8/site-packages/torch/optim/lr_scheduler.py:163: UserWarning: The epoch parameter in `scheduler.step()` was not necessary and is being deprecated where possible. Please use `scheduler.step()` to step the scheduler. During the deprecation, if epoch is different from None, the closed form is used instead of the new chainable form, where available. Please open an issue if you are unable to replicate your use case: https://github.com/pytorch/pytorch/issues/new/choose.
  warnings.warn(EPOCH_DEPRECATION_WARNING, UserWarning)
2025-12-10 04:11:53,610 DeMo.train INFO: Epoch[1] Iteration[10/54] Loss: 8.999, Acc: 0.005, Base Lr: 5.00e-06
2025-12-10 04:11:56,062 DeMo.train INFO: Epoch[1] Iteration[20/54] Loss: 6.908, Acc: 0.003, Base Lr: 5.00e-06
2025-12-10 04:11:58,519 DeMo.train INFO: Epoch[1] Iteration[30/54] Loss: 6.089, Acc: 0.003, Base Lr: 5.00e-06
2025-12-10 04:12:00,968 DeMo.train INFO: Epoch[1] Iteration[40/54] Loss: 5.545, Acc: 0.004, Base Lr: 5.00e-06
2025-12-10 04:12:03,421 DeMo.train INFO: Epoch[1] Iteration[50/54] Loss: 5.231, Acc: 0.005, Base Lr: 5.00e-06
2025-12-10 04:12:04,234 DeMo.train INFO: Epoch 1 done. Time per batch: 0.290[s] Speed: 220.9[samples/s]
2025-12-10 04:12:04,235 DeMo.train INFO: ~~~~~~~~~~~~~~~~~~~~~~~~~~~~~~~~~~~~~~~~~~~~~~~~~~
2025-12-10 04:12:04,236 DeMo.train INFO: Current is the [moe,ori] feature testing!
2025-12-10 04:12:04,236 DeMo.train INFO: ~~~~~~~~~~~~~~~~~~~~~~~~~~~~~~~~~~~~~~~~~~~~~~~~~~
The test feature is normalized
=> Computing DistMat with euclidean_distance
2025-12-10 04:12:09,081 DeMo.train INFO: Validation Results - Epoch: 1
2025-12-10 04:12:09,081 DeMo.train INFO: mAP: 29.1%
2025-12-10 04:12:09,081 DeMo.train INFO: CMC curve, Rank-1  :29.2%
2025-12-10 04:12:09,081 DeMo.train INFO: CMC curve, Rank-5  :45.7%
2025-12-10 04:12:09,081 DeMo.train INFO: CMC curve, Rank-10 :53.9%
2025-12-10 04:12:09,081 DeMo.train INFO: ~~~~~~~~~~~~~~~~~~~~~~~~~~~~~~~~~~~~~~~~~~~~~~~~~~
2025-12-10 04:12:09,540 DeMo.train INFO: ~~~~~~~~~~~~~~~~~~~~~~~~~~~~~~~~~~~~~~~~~~~~~~~~~~
2025-12-10 04:12:09,540 DeMo.train INFO: Best mAP: 29.1%
2025-12-10 04:12:09,541 DeMo.train INFO: Best Rank-1: 29.2%
2025-12-10 04:12:09,541 DeMo.train INFO: Best Rank-5: 45.7%
2025-12-10 04:12:09,541 DeMo.train INFO: Best Rank-10: 53.9%
2025-12-10 04:12:09,541 DeMo.train INFO: ~~~~~~~~~~~~~~~~~~~~~~~~~~~~~~~~~~~~~~~~~~~~~~~~~~
2025-12-10 04:12:13,234 DeMo.train INFO: Epoch[2] Iteration[10/54] Loss: 3.676, Acc: 0.031, Base Lr: 5.00e-06
2025-12-10 04:12:15,725 DeMo.train INFO: Epoch[2] Iteration[20/54] Loss: 3.607, Acc: 0.039, Base Lr: 5.00e-06
2025-12-10 04:12:18,206 DeMo.train INFO: Epoch[2] Iteration[30/54] Loss: 3.549, Acc: 0.046, Base Lr: 5.00e-06
2025-12-10 04:12:20,678 DeMo.train INFO: Epoch[2] Iteration[40/54] Loss: 3.495, Acc: 0.059, Base Lr: 5.00e-06
2025-12-10 04:12:23,154 DeMo.train INFO: Epoch[2] Iteration[50/54] Loss: 3.452, Acc: 0.067, Base Lr: 5.00e-06
2025-12-10 04:12:24,001 DeMo.train INFO: Epoch 2 done. Time per batch: 0.273[s] Speed: 234.6[samples/s]
2025-12-10 04:12:24,002 DeMo.train INFO: ~~~~~~~~~~~~~~~~~~~~~~~~~~~~~~~~~~~~~~~~~~~~~~~~~~
2025-12-10 04:12:24,002 DeMo.train INFO: Current is the [moe,ori] feature testing!
2025-12-10 04:12:24,002 DeMo.train INFO: ~~~~~~~~~~~~~~~~~~~~~~~~~~~~~~~~~~~~~~~~~~~~~~~~~~
The test feature is normalized
=> Computing DistMat with euclidean_distance
2025-12-10 04:12:30,339 DeMo.train INFO: Validation Results - Epoch: 2
2025-12-10 04:12:30,339 DeMo.train INFO: mAP: 53.7%
2025-12-10 04:12:30,339 DeMo.train INFO: CMC curve, Rank-1  :54.5%
2025-12-10 04:12:30,339 DeMo.train INFO: CMC curve, Rank-5  :65.8%
2025-12-10 04:12:30,339 DeMo.train INFO: CMC curve, Rank-10 :72.7%
2025-12-10 04:12:30,339 DeMo.train INFO: ~~~~~~~~~~~~~~~~~~~~~~~~~~~~~~~~~~~~~~~~~~~~~~~~~~
2025-12-10 04:12:30,887 DeMo.train INFO: ~~~~~~~~~~~~~~~~~~~~~~~~~~~~~~~~~~~~~~~~~~~~~~~~~~
2025-12-10 04:12:30,887 DeMo.train INFO: Best mAP: 53.7%
2025-12-10 04:12:30,887 DeMo.train INFO: Best Rank-1: 54.5%
2025-12-10 04:12:30,887 DeMo.train INFO: Best Rank-5: 65.8%
2025-12-10 04:12:30,888 DeMo.train INFO: Best Rank-10: 72.7%
2025-12-10 04:12:30,888 DeMo.train INFO: ~~~~~~~~~~~~~~~~~~~~~~~~~~~~~~~~~~~~~~~~~~~~~~~~~~
2025-12-10 04:12:34,795 DeMo.train INFO: Epoch[3] Iteration[10/54] Loss: 3.158, Acc: 0.156, Base Lr: 5.00e-06
2025-12-10 04:12:37,264 DeMo.train INFO: Epoch[3] Iteration[20/54] Loss: 3.162, Acc: 0.188, Base Lr: 5.00e-06
2025-12-10 04:12:39,728 DeMo.train INFO: Epoch[3] Iteration[30/54] Loss: 3.128, Acc: 0.209, Base Lr: 5.00e-06
2025-12-10 04:12:42,241 DeMo.train INFO: Epoch[3] Iteration[40/54] Loss: 3.117, Acc: 0.207, Base Lr: 5.00e-06
2025-12-10 04:12:44,710 DeMo.train INFO: Epoch[3] Iteration[50/54] Loss: 3.132, Acc: 0.219, Base Lr: 5.00e-06
2025-12-10 04:12:45,599 DeMo.train INFO: Epoch 3 done. Time per batch: 0.278[s] Speed: 230.6[samples/s]
2025-12-10 04:12:45,600 DeMo.train INFO: ~~~~~~~~~~~~~~~~~~~~~~~~~~~~~~~~~~~~~~~~~~~~~~~~~~
2025-12-10 04:12:45,600 DeMo.train INFO: Current is the [moe,ori] feature testing!
2025-12-10 04:12:45,600 DeMo.train INFO: ~~~~~~~~~~~~~~~~~~~~~~~~~~~~~~~~~~~~~~~~~~~~~~~~~~
The test feature is normalized
=> Computing DistMat with euclidean_distance
2025-12-10 04:12:50,787 DeMo.train INFO: Validation Results - Epoch: 3
2025-12-10 04:12:50,787 DeMo.train INFO: mAP: 62.6%
2025-12-10 04:12:50,787 DeMo.train INFO: CMC curve, Rank-1  :62.9%
2025-12-10 04:12:50,788 DeMo.train INFO: CMC curve, Rank-5  :74.9%
2025-12-10 04:12:50,788 DeMo.train INFO: CMC curve, Rank-10 :81.5%
2025-12-10 04:12:50,788 DeMo.train INFO: ~~~~~~~~~~~~~~~~~~~~~~~~~~~~~~~~~~~~~~~~~~~~~~~~~~
2025-12-10 04:12:52,331 DeMo.train INFO: ~~~~~~~~~~~~~~~~~~~~~~~~~~~~~~~~~~~~~~~~~~~~~~~~~~
2025-12-10 04:12:52,331 DeMo.train INFO: Best mAP: 62.6%
2025-12-10 04:12:52,331 DeMo.train INFO: Best Rank-1: 62.9%
2025-12-10 04:12:52,331 DeMo.train INFO: Best Rank-5: 74.9%
2025-12-10 04:12:52,332 DeMo.train INFO: Best Rank-10: 81.5%
2025-12-10 04:12:52,332 DeMo.train INFO: ~~~~~~~~~~~~~~~~~~~~~~~~~~~~~~~~~~~~~~~~~~~~~~~~~~
2025-12-10 04:12:56,454 DeMo.train INFO: Epoch[4] Iteration[10/54] Loss: 2.917, Acc: 0.383, Base Lr: 5.00e-06
2025-12-10 04:12:58,964 DeMo.train INFO: Epoch[4] Iteration[20/54] Loss: 2.864, Acc: 0.377, Base Lr: 5.00e-06
2025-12-10 04:13:01,443 DeMo.train INFO: Epoch[4] Iteration[30/54] Loss: 2.877, Acc: 0.404, Base Lr: 5.00e-06
2025-12-10 04:13:03,927 DeMo.train INFO: Epoch[4] Iteration[40/54] Loss: 2.855, Acc: 0.430, Base Lr: 5.00e-06
2025-12-10 04:13:06,408 DeMo.train INFO: Epoch[4] Iteration[50/54] Loss: 2.855, Acc: 0.456, Base Lr: 5.00e-06
2025-12-10 04:13:07,259 DeMo.train INFO: Epoch 4 done. Time per batch: 0.282[s] Speed: 227.2[samples/s]
2025-12-10 04:13:07,260 DeMo.train INFO: ~~~~~~~~~~~~~~~~~~~~~~~~~~~~~~~~~~~~~~~~~~~~~~~~~~
2025-12-10 04:13:07,260 DeMo.train INFO: Current is the [moe,ori] feature testing!
2025-12-10 04:13:07,260 DeMo.train INFO: ~~~~~~~~~~~~~~~~~~~~~~~~~~~~~~~~~~~~~~~~~~~~~~~~~~
The test feature is normalized
=> Computing DistMat with euclidean_distance
2025-12-10 04:13:12,141 DeMo.train INFO: Validation Results - Epoch: 4
2025-12-10 04:13:12,141 DeMo.train INFO: mAP: 63.7%
2025-12-10 04:13:12,141 DeMo.train INFO: CMC curve, Rank-1  :65.6%
2025-12-10 04:13:12,141 DeMo.train INFO: CMC curve, Rank-5  :75.2%
2025-12-10 04:13:12,141 DeMo.train INFO: CMC curve, Rank-10 :80.3%
2025-12-10 04:13:12,141 DeMo.train INFO: ~~~~~~~~~~~~~~~~~~~~~~~~~~~~~~~~~~~~~~~~~~~~~~~~~~
2025-12-10 04:13:12,744 DeMo.train INFO: ~~~~~~~~~~~~~~~~~~~~~~~~~~~~~~~~~~~~~~~~~~~~~~~~~~
2025-12-10 04:13:12,745 DeMo.train INFO: Best mAP: 63.7%
2025-12-10 04:13:12,745 DeMo.train INFO: Best Rank-1: 65.6%
2025-12-10 04:13:12,745 DeMo.train INFO: Best Rank-5: 75.2%
2025-12-10 04:13:12,745 DeMo.train INFO: Best Rank-10: 80.3%
2025-12-10 04:13:12,745 DeMo.train INFO: ~~~~~~~~~~~~~~~~~~~~~~~~~~~~~~~~~~~~~~~~~~~~~~~~~~
2025-12-10 04:13:16,526 DeMo.train INFO: Epoch[5] Iteration[10/54] Loss: 2.716, Acc: 0.611, Base Lr: 5.00e-06
2025-12-10 04:13:19,013 DeMo.train INFO: Epoch[5] Iteration[20/54] Loss: 2.725, Acc: 0.595, Base Lr: 5.00e-06
2025-12-10 04:13:21,577 DeMo.train INFO: Epoch[5] Iteration[30/54] Loss: 2.707, Acc: 0.590, Base Lr: 5.00e-06
2025-12-10 04:13:24,039 DeMo.train INFO: Epoch[5] Iteration[40/54] Loss: 2.689, Acc: 0.598, Base Lr: 5.00e-06
2025-12-10 04:13:26,523 DeMo.train INFO: Epoch[5] Iteration[50/54] Loss: 2.699, Acc: 0.602, Base Lr: 5.00e-06
2025-12-10 04:13:27,358 DeMo.train INFO: Epoch 5 done. Time per batch: 0.276[s] Speed: 232.1[samples/s]
2025-12-10 04:13:27,359 DeMo.train INFO: ~~~~~~~~~~~~~~~~~~~~~~~~~~~~~~~~~~~~~~~~~~~~~~~~~~
2025-12-10 04:13:27,360 DeMo.train INFO: Current is the [moe,ori] feature testing!
2025-12-10 04:13:27,360 DeMo.train INFO: ~~~~~~~~~~~~~~~~~~~~~~~~~~~~~~~~~~~~~~~~~~~~~~~~~~
The test feature is normalized
=> Computing DistMat with euclidean_distance
2025-12-10 04:13:32,233 DeMo.train INFO: Validation Results - Epoch: 5
2025-12-10 04:13:32,233 DeMo.train INFO: mAP: 65.6%
2025-12-10 04:13:32,233 DeMo.train INFO: CMC curve, Rank-1  :67.5%
2025-12-10 04:13:32,235 DeMo.train INFO: CMC curve, Rank-5  :77.6%
2025-12-10 04:13:32,235 DeMo.train INFO: CMC curve, Rank-10 :83.0%
2025-12-10 04:13:32,242 DeMo.train INFO: ~~~~~~~~~~~~~~~~~~~~~~~~~~~~~~~~~~~~~~~~~~~~~~~~~~
2025-12-10 04:13:32,923 DeMo.train INFO: ~~~~~~~~~~~~~~~~~~~~~~~~~~~~~~~~~~~~~~~~~~~~~~~~~~
2025-12-10 04:13:32,923 DeMo.train INFO: Best mAP: 65.6%
2025-12-10 04:13:32,923 DeMo.train INFO: Best Rank-1: 67.5%
2025-12-10 04:13:32,923 DeMo.train INFO: Best Rank-5: 77.6%
2025-12-10 04:13:32,923 DeMo.train INFO: Best Rank-10: 83.0%
2025-12-10 04:13:32,924 DeMo.train INFO: ~~~~~~~~~~~~~~~~~~~~~~~~~~~~~~~~~~~~~~~~~~~~~~~~~~
2025-12-10 04:13:36,531 DeMo.train INFO: Epoch[6] Iteration[10/54] Loss: 2.628, Acc: 0.713, Base Lr: 5.00e-06
2025-12-10 04:13:39,028 DeMo.train INFO: Epoch[6] Iteration[20/54] Loss: 2.657, Acc: 0.670, Base Lr: 5.00e-06
2025-12-10 04:13:41,510 DeMo.train INFO: Epoch[6] Iteration[30/54] Loss: 2.649, Acc: 0.700, Base Lr: 5.00e-06
2025-12-10 04:13:43,997 DeMo.train INFO: Epoch[6] Iteration[40/54] Loss: 2.658, Acc: 0.693, Base Lr: 5.00e-06
2025-12-10 04:13:46,473 DeMo.train INFO: Epoch[6] Iteration[50/54] Loss: 2.659, Acc: 0.692, Base Lr: 5.00e-06
2025-12-10 04:13:47,319 DeMo.train INFO: Epoch 6 done. Time per batch: 0.272[s] Speed: 235.6[samples/s]
2025-12-10 04:13:47,320 DeMo.train INFO: ~~~~~~~~~~~~~~~~~~~~~~~~~~~~~~~~~~~~~~~~~~~~~~~~~~
2025-12-10 04:13:47,321 DeMo.train INFO: Current is the [moe,ori] feature testing!
2025-12-10 04:13:47,321 DeMo.train INFO: ~~~~~~~~~~~~~~~~~~~~~~~~~~~~~~~~~~~~~~~~~~~~~~~~~~
The test feature is normalized
=> Computing DistMat with euclidean_distance
2025-12-10 04:13:52,002 DeMo.train INFO: Validation Results - Epoch: 6
2025-12-10 04:13:52,003 DeMo.train INFO: mAP: 64.9%
2025-12-10 04:13:52,003 DeMo.train INFO: CMC curve, Rank-1  :66.9%
2025-12-10 04:13:52,003 DeMo.train INFO: CMC curve, Rank-5  :75.0%
2025-12-10 04:13:52,003 DeMo.train INFO: CMC curve, Rank-10 :79.3%
2025-12-10 04:13:52,003 DeMo.train INFO: ~~~~~~~~~~~~~~~~~~~~~~~~~~~~~~~~~~~~~~~~~~~~~~~~~~
2025-12-10 04:13:52,056 DeMo.train INFO: ~~~~~~~~~~~~~~~~~~~~~~~~~~~~~~~~~~~~~~~~~~~~~~~~~~
2025-12-10 04:13:52,056 DeMo.train INFO: Best mAP: 65.6%
2025-12-10 04:13:52,056 DeMo.train INFO: Best Rank-1: 67.5%
2025-12-10 04:13:52,056 DeMo.train INFO: Best Rank-5: 77.6%
2025-12-10 04:13:52,056 DeMo.train INFO: Best Rank-10: 83.0%
2025-12-10 04:13:52,056 DeMo.train INFO: ~~~~~~~~~~~~~~~~~~~~~~~~~~~~~~~~~~~~~~~~~~~~~~~~~~
2025-12-10 04:13:56,072 DeMo.train INFO: Epoch[7] Iteration[10/54] Loss: 2.556, Acc: 0.805, Base Lr: 5.00e-06
2025-12-10 04:13:58,577 DeMo.train INFO: Epoch[7] Iteration[20/54] Loss: 2.557, Acc: 0.790, Base Lr: 5.00e-06
2025-12-10 04:14:01,087 DeMo.train INFO: Epoch[7] Iteration[30/54] Loss: 2.556, Acc: 0.776, Base Lr: 5.00e-06
2025-12-10 04:14:03,564 DeMo.train INFO: Epoch[7] Iteration[40/54] Loss: 2.557, Acc: 0.768, Base Lr: 5.00e-06
2025-12-10 04:14:06,058 DeMo.train INFO: Epoch[7] Iteration[50/54] Loss: 2.568, Acc: 0.764, Base Lr: 5.00e-06
2025-12-10 04:14:06,905 DeMo.train INFO: Epoch 7 done. Time per batch: 0.280[s] Speed: 228.4[samples/s]
2025-12-10 04:14:06,906 DeMo.train INFO: ~~~~~~~~~~~~~~~~~~~~~~~~~~~~~~~~~~~~~~~~~~~~~~~~~~
2025-12-10 04:14:06,906 DeMo.train INFO: Current is the [moe,ori] feature testing!
2025-12-10 04:14:06,907 DeMo.train INFO: ~~~~~~~~~~~~~~~~~~~~~~~~~~~~~~~~~~~~~~~~~~~~~~~~~~
The test feature is normalized
=> Computing DistMat with euclidean_distance
2025-12-10 04:14:11,580 DeMo.train INFO: Validation Results - Epoch: 7
2025-12-10 04:14:11,581 DeMo.train INFO: mAP: 67.0%
2025-12-10 04:14:11,581 DeMo.train INFO: CMC curve, Rank-1  :67.7%
2025-12-10 04:14:11,581 DeMo.train INFO: CMC curve, Rank-5  :78.3%
2025-12-10 04:14:11,581 DeMo.train INFO: CMC curve, Rank-10 :83.0%
2025-12-10 04:14:11,581 DeMo.train INFO: ~~~~~~~~~~~~~~~~~~~~~~~~~~~~~~~~~~~~~~~~~~~~~~~~~~
2025-12-10 04:14:12,221 DeMo.train INFO: ~~~~~~~~~~~~~~~~~~~~~~~~~~~~~~~~~~~~~~~~~~~~~~~~~~
2025-12-10 04:14:12,222 DeMo.train INFO: Best mAP: 67.0%
2025-12-10 04:14:12,222 DeMo.train INFO: Best Rank-1: 67.7%
2025-12-10 04:14:12,222 DeMo.train INFO: Best Rank-5: 78.3%
2025-12-10 04:14:12,222 DeMo.train INFO: Best Rank-10: 83.0%
2025-12-10 04:14:12,222 DeMo.train INFO: ~~~~~~~~~~~~~~~~~~~~~~~~~~~~~~~~~~~~~~~~~~~~~~~~~~
2025-12-10 04:14:15,866 DeMo.train INFO: Epoch[8] Iteration[10/54] Loss: 2.518, Acc: 0.777, Base Lr: 5.00e-06
2025-12-10 04:14:19,261 DeMo.train INFO: Epoch[8] Iteration[20/54] Loss: 2.524, Acc: 0.788, Base Lr: 5.00e-06
2025-12-10 04:14:21,764 DeMo.train INFO: Epoch[8] Iteration[30/54] Loss: 2.515, Acc: 0.799, Base Lr: 5.00e-06
2025-12-10 04:14:24,266 DeMo.train INFO: Epoch[8] Iteration[40/54] Loss: 2.527, Acc: 0.802, Base Lr: 5.00e-06
2025-12-10 04:14:26,770 DeMo.train INFO: Epoch[8] Iteration[50/54] Loss: 2.523, Acc: 0.809, Base Lr: 5.00e-06
2025-12-10 04:14:27,679 DeMo.train INFO: Epoch 8 done. Time per batch: 0.292[s] Speed: 219.4[samples/s]
2025-12-10 04:14:27,683 DeMo.train INFO: ~~~~~~~~~~~~~~~~~~~~~~~~~~~~~~~~~~~~~~~~~~~~~~~~~~
2025-12-10 04:14:27,683 DeMo.train INFO: Current is the [moe,ori] feature testing!
2025-12-10 04:14:27,683 DeMo.train INFO: ~~~~~~~~~~~~~~~~~~~~~~~~~~~~~~~~~~~~~~~~~~~~~~~~~~
The test feature is normalized
=> Computing DistMat with euclidean_distance
2025-12-10 04:14:32,168 DeMo.train INFO: Validation Results - Epoch: 8
2025-12-10 04:14:32,169 DeMo.train INFO: mAP: 66.0%
2025-12-10 04:14:32,169 DeMo.train INFO: CMC curve, Rank-1  :68.3%
2025-12-10 04:14:32,169 DeMo.train INFO: CMC curve, Rank-5  :76.9%
2025-12-10 04:14:32,169 DeMo.train INFO: CMC curve, Rank-10 :81.7%
2025-12-10 04:14:32,169 DeMo.train INFO: ~~~~~~~~~~~~~~~~~~~~~~~~~~~~~~~~~~~~~~~~~~~~~~~~~~
2025-12-10 04:14:32,714 DeMo.train INFO: ~~~~~~~~~~~~~~~~~~~~~~~~~~~~~~~~~~~~~~~~~~~~~~~~~~
2025-12-10 04:14:32,714 DeMo.train INFO: Best mAP: 67.0%
2025-12-10 04:14:32,714 DeMo.train INFO: Best Rank-1: 67.7%
2025-12-10 04:14:32,714 DeMo.train INFO: Best Rank-5: 78.3%
2025-12-10 04:14:32,714 DeMo.train INFO: Best Rank-10: 83.0%
2025-12-10 04:14:32,715 DeMo.train INFO: ~~~~~~~~~~~~~~~~~~~~~~~~~~~~~~~~~~~~~~~~~~~~~~~~~~
2025-12-10 04:14:37,565 DeMo.train INFO: Epoch[9] Iteration[10/54] Loss: 2.519, Acc: 0.805, Base Lr: 5.00e-06
2025-12-10 04:14:40,134 DeMo.train INFO: Epoch[9] Iteration[20/54] Loss: 2.532, Acc: 0.810, Base Lr: 5.00e-06
2025-12-10 04:14:42,647 DeMo.train INFO: Epoch[9] Iteration[30/54] Loss: 2.518, Acc: 0.828, Base Lr: 5.00e-06
2025-12-10 04:14:45,141 DeMo.train INFO: Epoch[9] Iteration[40/54] Loss: 2.505, Acc: 0.838, Base Lr: 5.00e-06
2025-12-10 04:14:47,616 DeMo.train INFO: Epoch[9] Iteration[50/54] Loss: 2.508, Acc: 0.843, Base Lr: 5.00e-06
2025-12-10 04:14:48,457 DeMo.train INFO: Epoch 9 done. Time per batch: 0.297[s] Speed: 215.5[samples/s]
2025-12-10 04:14:48,458 DeMo.train INFO: ~~~~~~~~~~~~~~~~~~~~~~~~~~~~~~~~~~~~~~~~~~~~~~~~~~
2025-12-10 04:14:48,458 DeMo.train INFO: Current is the [moe,ori] feature testing!
2025-12-10 04:14:48,458 DeMo.train INFO: ~~~~~~~~~~~~~~~~~~~~~~~~~~~~~~~~~~~~~~~~~~~~~~~~~~
The test feature is normalized
=> Computing DistMat with euclidean_distance
2025-12-10 04:14:53,326 DeMo.train INFO: Validation Results - Epoch: 9
2025-12-10 04:14:53,326 DeMo.train INFO: mAP: 64.4%
2025-12-10 04:14:53,326 DeMo.train INFO: CMC curve, Rank-1  :65.2%
2025-12-10 04:14:53,326 DeMo.train INFO: CMC curve, Rank-5  :76.8%
2025-12-10 04:14:53,326 DeMo.train INFO: CMC curve, Rank-10 :83.5%
2025-12-10 04:14:53,326 DeMo.train INFO: ~~~~~~~~~~~~~~~~~~~~~~~~~~~~~~~~~~~~~~~~~~~~~~~~~~
2025-12-10 04:14:54,541 DeMo.train INFO: ~~~~~~~~~~~~~~~~~~~~~~~~~~~~~~~~~~~~~~~~~~~~~~~~~~
2025-12-10 04:14:54,542 DeMo.train INFO: Best mAP: 67.0%
2025-12-10 04:14:54,542 DeMo.train INFO: Best Rank-1: 67.7%
2025-12-10 04:14:54,542 DeMo.train INFO: Best Rank-5: 78.3%
2025-12-10 04:14:54,542 DeMo.train INFO: Best Rank-10: 83.0%
2025-12-10 04:14:54,542 DeMo.train INFO: ~~~~~~~~~~~~~~~~~~~~~~~~~~~~~~~~~~~~~~~~~~~~~~~~~~
2025-12-10 04:14:59,357 DeMo.train INFO: Epoch[10] Iteration[10/54] Loss: 2.478, Acc: 0.839, Base Lr: 5.00e-06
2025-12-10 04:15:01,909 DeMo.train INFO: Epoch[10] Iteration[20/54] Loss: 2.464, Acc: 0.834, Base Lr: 5.00e-06
2025-12-10 04:15:04,384 DeMo.train INFO: Epoch[10] Iteration[30/54] Loss: 2.458, Acc: 0.841, Base Lr: 5.00e-06
2025-12-10 04:15:06,945 DeMo.train INFO: Epoch[10] Iteration[40/54] Loss: 2.445, Acc: 0.860, Base Lr: 5.00e-06
2025-12-10 04:15:09,435 DeMo.train INFO: Epoch[10] Iteration[50/54] Loss: 2.448, Acc: 0.876, Base Lr: 5.00e-06
2025-12-10 04:15:10,291 DeMo.train INFO: Epoch 10 done. Time per batch: 0.297[s] Speed: 215.4[samples/s]
2025-12-10 04:15:10,292 DeMo.train INFO: ~~~~~~~~~~~~~~~~~~~~~~~~~~~~~~~~~~~~~~~~~~~~~~~~~~
2025-12-10 04:15:10,292 DeMo.train INFO: Current is the [moe,ori] feature testing!
2025-12-10 04:15:10,292 DeMo.train INFO: ~~~~~~~~~~~~~~~~~~~~~~~~~~~~~~~~~~~~~~~~~~~~~~~~~~
The test feature is normalized
=> Computing DistMat with euclidean_distance
2025-12-10 04:15:15,348 DeMo.train INFO: Validation Results - Epoch: 10
2025-12-10 04:15:15,348 DeMo.train INFO: mAP: 65.7%
2025-12-10 04:15:15,348 DeMo.train INFO: CMC curve, Rank-1  :66.5%
2025-12-10 04:15:15,349 DeMo.train INFO: CMC curve, Rank-5  :76.8%
2025-12-10 04:15:15,349 DeMo.train INFO: CMC curve, Rank-10 :82.4%
2025-12-10 04:15:15,349 DeMo.train INFO: ~~~~~~~~~~~~~~~~~~~~~~~~~~~~~~~~~~~~~~~~~~~~~~~~~~
2025-12-10 04:15:16,394 DeMo.train INFO: ~~~~~~~~~~~~~~~~~~~~~~~~~~~~~~~~~~~~~~~~~~~~~~~~~~
2025-12-10 04:15:16,394 DeMo.train INFO: Best mAP: 67.0%
2025-12-10 04:15:16,394 DeMo.train INFO: Best Rank-1: 67.7%
2025-12-10 04:15:16,394 DeMo.train INFO: Best Rank-5: 78.3%
2025-12-10 04:15:16,395 DeMo.train INFO: Best Rank-10: 83.0%
2025-12-10 04:15:16,395 DeMo.train INFO: ~~~~~~~~~~~~~~~~~~~~~~~~~~~~~~~~~~~~~~~~~~~~~~~~~~
2025-12-10 04:15:21,244 DeMo.train INFO: Epoch[11] Iteration[10/54] Loss: 2.428, Acc: 0.833, Base Lr: 5.00e-06
2025-12-10 04:15:23,747 DeMo.train INFO: Epoch[11] Iteration[20/54] Loss: 2.441, Acc: 0.863, Base Lr: 5.00e-06
2025-12-10 04:15:26,242 DeMo.train INFO: Epoch[11] Iteration[30/54] Loss: 2.433, Acc: 0.867, Base Lr: 5.00e-06
2025-12-10 04:15:28,748 DeMo.train INFO: Epoch[11] Iteration[40/54] Loss: 2.457, Acc: 0.866, Base Lr: 5.00e-06
2025-12-10 04:15:31,227 DeMo.train INFO: Epoch[11] Iteration[50/54] Loss: 2.456, Acc: 0.879, Base Lr: 5.00e-06
2025-12-10 04:15:32,064 DeMo.train INFO: Epoch 11 done. Time per batch: 0.296[s] Speed: 216.5[samples/s]
2025-12-10 04:15:32,066 DeMo.train INFO: ~~~~~~~~~~~~~~~~~~~~~~~~~~~~~~~~~~~~~~~~~~~~~~~~~~
2025-12-10 04:15:32,066 DeMo.train INFO: Current is the [moe,ori] feature testing!
2025-12-10 04:15:32,066 DeMo.train INFO: ~~~~~~~~~~~~~~~~~~~~~~~~~~~~~~~~~~~~~~~~~~~~~~~~~~
The test feature is normalized
=> Computing DistMat with euclidean_distance
2025-12-10 04:15:37,252 DeMo.train INFO: Validation Results - Epoch: 11
2025-12-10 04:15:37,252 DeMo.train INFO: mAP: 65.5%
2025-12-10 04:15:37,252 DeMo.train INFO: CMC curve, Rank-1  :67.6%
2025-12-10 04:15:37,253 DeMo.train INFO: CMC curve, Rank-5  :78.5%
2025-12-10 04:15:37,253 DeMo.train INFO: CMC curve, Rank-10 :82.9%
2025-12-10 04:15:37,253 DeMo.train INFO: ~~~~~~~~~~~~~~~~~~~~~~~~~~~~~~~~~~~~~~~~~~~~~~~~~~
2025-12-10 04:15:37,303 DeMo.train INFO: ~~~~~~~~~~~~~~~~~~~~~~~~~~~~~~~~~~~~~~~~~~~~~~~~~~
2025-12-10 04:15:37,304 DeMo.train INFO: Best mAP: 67.0%
2025-12-10 04:15:37,304 DeMo.train INFO: Best Rank-1: 67.7%
2025-12-10 04:15:37,304 DeMo.train INFO: Best Rank-5: 78.3%
2025-12-10 04:15:37,304 DeMo.train INFO: Best Rank-10: 83.0%
2025-12-10 04:15:37,304 DeMo.train INFO: ~~~~~~~~~~~~~~~~~~~~~~~~~~~~~~~~~~~~~~~~~~~~~~~~~~
2025-12-10 04:15:41,339 DeMo.train INFO: Epoch[12] Iteration[10/54] Loss: 2.389, Acc: 0.834, Base Lr: 5.00e-06
2025-12-10 04:15:43,849 DeMo.train INFO: Epoch[12] Iteration[20/54] Loss: 2.384, Acc: 0.864, Base Lr: 5.00e-06
2025-12-10 04:15:46,376 DeMo.train INFO: Epoch[12] Iteration[30/54] Loss: 2.398, Acc: 0.892, Base Lr: 5.00e-06
2025-12-10 04:15:48,881 DeMo.train INFO: Epoch[12] Iteration[40/54] Loss: 2.403, Acc: 0.895, Base Lr: 5.00e-06
2025-12-10 04:15:51,375 DeMo.train INFO: Epoch[12] Iteration[50/54] Loss: 2.397, Acc: 0.888, Base Lr: 5.00e-06
2025-12-10 04:15:52,260 DeMo.train INFO: Epoch 12 done. Time per batch: 0.282[s] Speed: 226.8[samples/s]
2025-12-10 04:15:52,261 DeMo.train INFO: ~~~~~~~~~~~~~~~~~~~~~~~~~~~~~~~~~~~~~~~~~~~~~~~~~~
2025-12-10 04:15:52,261 DeMo.train INFO: Current is the [moe,ori] feature testing!
2025-12-10 04:15:52,261 DeMo.train INFO: ~~~~~~~~~~~~~~~~~~~~~~~~~~~~~~~~~~~~~~~~~~~~~~~~~~
The test feature is normalized
=> Computing DistMat with euclidean_distance
2025-12-10 04:15:56,954 DeMo.train INFO: Validation Results - Epoch: 12
2025-12-10 04:15:56,954 DeMo.train INFO: mAP: 69.6%
2025-12-10 04:15:56,954 DeMo.train INFO: CMC curve, Rank-1  :71.5%
2025-12-10 04:15:56,954 DeMo.train INFO: CMC curve, Rank-5  :81.6%
2025-12-10 04:15:56,954 DeMo.train INFO: CMC curve, Rank-10 :85.8%
2025-12-10 04:15:56,955 DeMo.train INFO: ~~~~~~~~~~~~~~~~~~~~~~~~~~~~~~~~~~~~~~~~~~~~~~~~~~
2025-12-10 04:15:57,525 DeMo.train INFO: ~~~~~~~~~~~~~~~~~~~~~~~~~~~~~~~~~~~~~~~~~~~~~~~~~~
2025-12-10 04:15:57,525 DeMo.train INFO: Best mAP: 69.6%
2025-12-10 04:15:57,525 DeMo.train INFO: Best Rank-1: 71.5%
2025-12-10 04:15:57,525 DeMo.train INFO: Best Rank-5: 81.6%
2025-12-10 04:15:57,525 DeMo.train INFO: Best Rank-10: 85.8%
2025-12-10 04:15:57,525 DeMo.train INFO: ~~~~~~~~~~~~~~~~~~~~~~~~~~~~~~~~~~~~~~~~~~~~~~~~~~
2025-12-10 04:16:01,246 DeMo.train INFO: Epoch[13] Iteration[10/54] Loss: 2.365, Acc: 0.836, Base Lr: 5.00e-06
2025-12-10 04:16:04,207 DeMo.train INFO: Epoch[13] Iteration[20/54] Loss: 2.359, Acc: 0.867, Base Lr: 5.00e-06
2025-12-10 04:16:06,695 DeMo.train INFO: Epoch[13] Iteration[30/54] Loss: 2.349, Acc: 0.894, Base Lr: 5.00e-06
2025-12-10 04:16:09,213 DeMo.train INFO: Epoch[13] Iteration[40/54] Loss: 2.341, Acc: 0.896, Base Lr: 5.00e-06
2025-12-10 04:16:11,718 DeMo.train INFO: Epoch[13] Iteration[50/54] Loss: 2.339, Acc: 0.907, Base Lr: 5.00e-06
2025-12-10 04:16:12,583 DeMo.train INFO: Epoch 13 done. Time per batch: 0.284[s] Speed: 225.3[samples/s]
2025-12-10 04:16:12,584 DeMo.train INFO: ~~~~~~~~~~~~~~~~~~~~~~~~~~~~~~~~~~~~~~~~~~~~~~~~~~
2025-12-10 04:16:12,584 DeMo.train INFO: Current is the [moe,ori] feature testing!
2025-12-10 04:16:12,584 DeMo.train INFO: ~~~~~~~~~~~~~~~~~~~~~~~~~~~~~~~~~~~~~~~~~~~~~~~~~~
The test feature is normalized
=> Computing DistMat with euclidean_distance
2025-12-10 04:16:17,291 DeMo.train INFO: Validation Results - Epoch: 13
2025-12-10 04:16:17,291 DeMo.train INFO: mAP: 68.1%
2025-12-10 04:16:17,291 DeMo.train INFO: CMC curve, Rank-1  :69.0%
2025-12-10 04:16:17,292 DeMo.train INFO: CMC curve, Rank-5  :78.8%
2025-12-10 04:16:17,292 DeMo.train INFO: CMC curve, Rank-10 :83.5%
2025-12-10 04:16:17,295 DeMo.train INFO: ~~~~~~~~~~~~~~~~~~~~~~~~~~~~~~~~~~~~~~~~~~~~~~~~~~
2025-12-10 04:16:18,336 DeMo.train INFO: ~~~~~~~~~~~~~~~~~~~~~~~~~~~~~~~~~~~~~~~~~~~~~~~~~~
2025-12-10 04:16:18,337 DeMo.train INFO: Best mAP: 69.6%
2025-12-10 04:16:18,337 DeMo.train INFO: Best Rank-1: 71.5%
2025-12-10 04:16:18,337 DeMo.train INFO: Best Rank-5: 81.6%
2025-12-10 04:16:18,337 DeMo.train INFO: Best Rank-10: 85.8%
2025-12-10 04:16:18,337 DeMo.train INFO: ~~~~~~~~~~~~~~~~~~~~~~~~~~~~~~~~~~~~~~~~~~~~~~~~~~
2025-12-10 04:16:23,203 DeMo.train INFO: Epoch[14] Iteration[10/54] Loss: 2.317, Acc: 0.880, Base Lr: 5.00e-06
2025-12-10 04:16:25,724 DeMo.train INFO: Epoch[14] Iteration[20/54] Loss: 2.321, Acc: 0.906, Base Lr: 5.00e-06
2025-12-10 04:16:28,232 DeMo.train INFO: Epoch[14] Iteration[30/54] Loss: 2.325, Acc: 0.901, Base Lr: 5.00e-06
2025-12-10 04:16:30,731 DeMo.train INFO: Epoch[14] Iteration[40/54] Loss: 2.326, Acc: 0.899, Base Lr: 5.00e-06
2025-12-10 04:16:33,225 DeMo.train INFO: Epoch[14] Iteration[50/54] Loss: 2.318, Acc: 0.910, Base Lr: 5.00e-06
2025-12-10 04:16:34,091 DeMo.train INFO: Epoch 14 done. Time per batch: 0.297[s] Speed: 215.3[samples/s]
2025-12-10 04:16:34,092 DeMo.train INFO: ~~~~~~~~~~~~~~~~~~~~~~~~~~~~~~~~~~~~~~~~~~~~~~~~~~
2025-12-10 04:16:34,092 DeMo.train INFO: Current is the [moe,ori] feature testing!
2025-12-10 04:16:34,092 DeMo.train INFO: ~~~~~~~~~~~~~~~~~~~~~~~~~~~~~~~~~~~~~~~~~~~~~~~~~~
The test feature is normalized
=> Computing DistMat with euclidean_distance
2025-12-10 04:16:38,748 DeMo.train INFO: Validation Results - Epoch: 14
2025-12-10 04:16:38,749 DeMo.train INFO: mAP: 71.2%
2025-12-10 04:16:38,749 DeMo.train INFO: CMC curve, Rank-1  :73.9%
2025-12-10 04:16:38,749 DeMo.train INFO: CMC curve, Rank-5  :81.2%
2025-12-10 04:16:38,749 DeMo.train INFO: CMC curve, Rank-10 :85.6%
2025-12-10 04:16:38,749 DeMo.train INFO: ~~~~~~~~~~~~~~~~~~~~~~~~~~~~~~~~~~~~~~~~~~~~~~~~~~
2025-12-10 04:16:39,302 DeMo.train INFO: ~~~~~~~~~~~~~~~~~~~~~~~~~~~~~~~~~~~~~~~~~~~~~~~~~~
2025-12-10 04:16:39,303 DeMo.train INFO: Best mAP: 71.2%
2025-12-10 04:16:39,303 DeMo.train INFO: Best Rank-1: 73.9%
2025-12-10 04:16:39,303 DeMo.train INFO: Best Rank-5: 81.2%
2025-12-10 04:16:39,303 DeMo.train INFO: Best Rank-10: 85.6%
2025-12-10 04:16:39,303 DeMo.train INFO: ~~~~~~~~~~~~~~~~~~~~~~~~~~~~~~~~~~~~~~~~~~~~~~~~~~
2025-12-10 04:16:43,029 DeMo.train INFO: Epoch[15] Iteration[10/54] Loss: 2.341, Acc: 0.841, Base Lr: 5.00e-06
2025-12-10 04:16:45,584 DeMo.train INFO: Epoch[15] Iteration[20/54] Loss: 2.314, Acc: 0.873, Base Lr: 5.00e-06
2025-12-10 04:16:48,067 DeMo.train INFO: Epoch[15] Iteration[30/54] Loss: 2.307, Acc: 0.898, Base Lr: 5.00e-06
2025-12-10 04:16:50,585 DeMo.train INFO: Epoch[15] Iteration[40/54] Loss: 2.312, Acc: 0.904, Base Lr: 5.00e-06
2025-12-10 04:16:53,093 DeMo.train INFO: Epoch[15] Iteration[50/54] Loss: 2.303, Acc: 0.911, Base Lr: 5.00e-06
2025-12-10 04:16:53,921 DeMo.train INFO: Epoch 15 done. Time per batch: 0.276[s] Speed: 232.0[samples/s]
2025-12-10 04:16:53,923 DeMo.train INFO: ~~~~~~~~~~~~~~~~~~~~~~~~~~~~~~~~~~~~~~~~~~~~~~~~~~
2025-12-10 04:16:53,923 DeMo.train INFO: Current is the [moe,ori] feature testing!
2025-12-10 04:16:53,923 DeMo.train INFO: ~~~~~~~~~~~~~~~~~~~~~~~~~~~~~~~~~~~~~~~~~~~~~~~~~~
The test feature is normalized
=> Computing DistMat with euclidean_distance
2025-12-10 04:16:58,732 DeMo.train INFO: Validation Results - Epoch: 15
2025-12-10 04:16:58,732 DeMo.train INFO: mAP: 70.8%
2025-12-10 04:16:58,732 DeMo.train INFO: CMC curve, Rank-1  :74.3%
2025-12-10 04:16:58,732 DeMo.train INFO: CMC curve, Rank-5  :82.3%
2025-12-10 04:16:58,733 DeMo.train INFO: CMC curve, Rank-10 :85.8%
2025-12-10 04:16:58,733 DeMo.train INFO: ~~~~~~~~~~~~~~~~~~~~~~~~~~~~~~~~~~~~~~~~~~~~~~~~~~
2025-12-10 04:16:58,784 DeMo.train INFO: ~~~~~~~~~~~~~~~~~~~~~~~~~~~~~~~~~~~~~~~~~~~~~~~~~~
2025-12-10 04:16:58,785 DeMo.train INFO: Best mAP: 71.2%
2025-12-10 04:16:58,785 DeMo.train INFO: Best Rank-1: 73.9%
2025-12-10 04:16:58,785 DeMo.train INFO: Best Rank-5: 81.2%
2025-12-10 04:16:58,785 DeMo.train INFO: Best Rank-10: 85.6%
2025-12-10 04:16:58,785 DeMo.train INFO: ~~~~~~~~~~~~~~~~~~~~~~~~~~~~~~~~~~~~~~~~~~~~~~~~~~
2025-12-10 04:17:02,696 DeMo.train INFO: Epoch[16] Iteration[10/54] Loss: 2.307, Acc: 0.908, Base Lr: 5.00e-06
2025-12-10 04:17:05,367 DeMo.train INFO: Epoch[16] Iteration[20/54] Loss: 2.309, Acc: 0.900, Base Lr: 5.00e-06
2025-12-10 04:17:07,868 DeMo.train INFO: Epoch[16] Iteration[30/54] Loss: 2.304, Acc: 0.897, Base Lr: 5.00e-06
2025-12-10 04:17:10,363 DeMo.train INFO: Epoch[16] Iteration[40/54] Loss: 2.293, Acc: 0.906, Base Lr: 5.00e-06
2025-12-10 04:17:12,888 DeMo.train INFO: Epoch[16] Iteration[50/54] Loss: 2.279, Acc: 0.916, Base Lr: 5.00e-06
2025-12-10 04:17:13,735 DeMo.train INFO: Epoch 16 done. Time per batch: 0.282[s] Speed: 226.9[samples/s]
2025-12-10 04:17:13,736 DeMo.train INFO: ~~~~~~~~~~~~~~~~~~~~~~~~~~~~~~~~~~~~~~~~~~~~~~~~~~
2025-12-10 04:17:13,736 DeMo.train INFO: Current is the [moe,ori] feature testing!
2025-12-10 04:17:13,736 DeMo.train INFO: ~~~~~~~~~~~~~~~~~~~~~~~~~~~~~~~~~~~~~~~~~~~~~~~~~~
The test feature is normalized
=> Computing DistMat with euclidean_distance
2025-12-10 04:17:19,110 DeMo.train INFO: Validation Results - Epoch: 16
2025-12-10 04:17:19,111 DeMo.train INFO: mAP: 69.2%
2025-12-10 04:17:19,111 DeMo.train INFO: CMC curve, Rank-1  :68.9%
2025-12-10 04:17:19,111 DeMo.train INFO: CMC curve, Rank-5  :80.4%
2025-12-10 04:17:19,111 DeMo.train INFO: CMC curve, Rank-10 :85.0%
2025-12-10 04:17:19,111 DeMo.train INFO: ~~~~~~~~~~~~~~~~~~~~~~~~~~~~~~~~~~~~~~~~~~~~~~~~~~
2025-12-10 04:17:20,317 DeMo.train INFO: ~~~~~~~~~~~~~~~~~~~~~~~~~~~~~~~~~~~~~~~~~~~~~~~~~~
2025-12-10 04:17:20,317 DeMo.train INFO: Best mAP: 71.2%
2025-12-10 04:17:20,317 DeMo.train INFO: Best Rank-1: 73.9%
2025-12-10 04:17:20,317 DeMo.train INFO: Best Rank-5: 81.2%
2025-12-10 04:17:20,317 DeMo.train INFO: Best Rank-10: 85.6%
2025-12-10 04:17:20,317 DeMo.train INFO: ~~~~~~~~~~~~~~~~~~~~~~~~~~~~~~~~~~~~~~~~~~~~~~~~~~
2025-12-10 04:17:24,978 DeMo.train INFO: Epoch[17] Iteration[10/54] Loss: 2.293, Acc: 0.845, Base Lr: 5.00e-06
2025-12-10 04:17:27,521 DeMo.train INFO: Epoch[17] Iteration[20/54] Loss: 2.272, Acc: 0.858, Base Lr: 5.00e-06
2025-12-10 04:17:30,021 DeMo.train INFO: Epoch[17] Iteration[30/54] Loss: 2.261, Acc: 0.883, Base Lr: 5.00e-06
2025-12-10 04:17:32,529 DeMo.train INFO: Epoch[17] Iteration[40/54] Loss: 2.248, Acc: 0.898, Base Lr: 5.00e-06
2025-12-10 04:17:35,040 DeMo.train INFO: Epoch[17] Iteration[50/54] Loss: 2.241, Acc: 0.911, Base Lr: 5.00e-06
2025-12-10 04:17:35,904 DeMo.train INFO: Epoch 17 done. Time per batch: 0.294[s] Speed: 217.6[samples/s]
2025-12-10 04:17:35,905 DeMo.train INFO: ~~~~~~~~~~~~~~~~~~~~~~~~~~~~~~~~~~~~~~~~~~~~~~~~~~
2025-12-10 04:17:35,905 DeMo.train INFO: Current is the [moe,ori] feature testing!
2025-12-10 04:17:35,905 DeMo.train INFO: ~~~~~~~~~~~~~~~~~~~~~~~~~~~~~~~~~~~~~~~~~~~~~~~~~~
The test feature is normalized
=> Computing DistMat with euclidean_distance
2025-12-10 04:17:40,796 DeMo.train INFO: Validation Results - Epoch: 17
2025-12-10 04:17:40,797 DeMo.train INFO: mAP: 69.3%
2025-12-10 04:17:40,797 DeMo.train INFO: CMC curve, Rank-1  :70.3%
2025-12-10 04:17:40,797 DeMo.train INFO: CMC curve, Rank-5  :79.5%
2025-12-10 04:17:40,797 DeMo.train INFO: CMC curve, Rank-10 :84.4%
2025-12-10 04:17:40,797 DeMo.train INFO: ~~~~~~~~~~~~~~~~~~~~~~~~~~~~~~~~~~~~~~~~~~~~~~~~~~
2025-12-10 04:17:41,885 DeMo.train INFO: ~~~~~~~~~~~~~~~~~~~~~~~~~~~~~~~~~~~~~~~~~~~~~~~~~~
2025-12-10 04:17:41,886 DeMo.train INFO: Best mAP: 71.2%
2025-12-10 04:17:41,886 DeMo.train INFO: Best Rank-1: 73.9%
2025-12-10 04:17:41,886 DeMo.train INFO: Best Rank-5: 81.2%
2025-12-10 04:17:41,886 DeMo.train INFO: Best Rank-10: 85.6%
2025-12-10 04:17:41,886 DeMo.train INFO: ~~~~~~~~~~~~~~~~~~~~~~~~~~~~~~~~~~~~~~~~~~~~~~~~~~
2025-12-10 04:17:46,909 DeMo.train INFO: Epoch[18] Iteration[10/54] Loss: 2.220, Acc: 0.916, Base Lr: 5.00e-06
2025-12-10 04:17:49,412 DeMo.train INFO: Epoch[18] Iteration[20/54] Loss: 2.239, Acc: 0.920, Base Lr: 5.00e-06
2025-12-10 04:17:51,923 DeMo.train INFO: Epoch[18] Iteration[30/54] Loss: 2.227, Acc: 0.925, Base Lr: 5.00e-06
2025-12-10 04:17:54,399 DeMo.train INFO: Epoch[18] Iteration[40/54] Loss: 2.219, Acc: 0.926, Base Lr: 5.00e-06
2025-12-10 04:17:56,976 DeMo.train INFO: Epoch[18] Iteration[50/54] Loss: 2.214, Acc: 0.925, Base Lr: 5.00e-06
2025-12-10 04:17:57,851 DeMo.train INFO: Epoch 18 done. Time per batch: 0.301[s] Speed: 212.5[samples/s]
2025-12-10 04:17:57,853 DeMo.train INFO: ~~~~~~~~~~~~~~~~~~~~~~~~~~~~~~~~~~~~~~~~~~~~~~~~~~
2025-12-10 04:17:57,853 DeMo.train INFO: Current is the [moe,ori] feature testing!
2025-12-10 04:17:57,853 DeMo.train INFO: ~~~~~~~~~~~~~~~~~~~~~~~~~~~~~~~~~~~~~~~~~~~~~~~~~~
The test feature is normalized
=> Computing DistMat with euclidean_distance
2025-12-10 04:18:02,912 DeMo.train INFO: Validation Results - Epoch: 18
2025-12-10 04:18:02,912 DeMo.train INFO: mAP: 69.6%
2025-12-10 04:18:02,912 DeMo.train INFO: CMC curve, Rank-1  :70.2%
2025-12-10 04:18:02,912 DeMo.train INFO: CMC curve, Rank-5  :81.8%
2025-12-10 04:18:02,912 DeMo.train INFO: CMC curve, Rank-10 :85.9%
2025-12-10 04:18:02,912 DeMo.train INFO: ~~~~~~~~~~~~~~~~~~~~~~~~~~~~~~~~~~~~~~~~~~~~~~~~~~
2025-12-10 04:18:03,026 DeMo.train INFO: ~~~~~~~~~~~~~~~~~~~~~~~~~~~~~~~~~~~~~~~~~~~~~~~~~~
2025-12-10 04:18:03,026 DeMo.train INFO: Best mAP: 71.2%
2025-12-10 04:18:03,026 DeMo.train INFO: Best Rank-1: 73.9%
2025-12-10 04:18:03,026 DeMo.train INFO: Best Rank-5: 81.2%
2025-12-10 04:18:03,026 DeMo.train INFO: Best Rank-10: 85.6%
2025-12-10 04:18:03,026 DeMo.train INFO: ~~~~~~~~~~~~~~~~~~~~~~~~~~~~~~~~~~~~~~~~~~~~~~~~~~
2025-12-10 04:18:06,945 DeMo.train INFO: Epoch[19] Iteration[10/54] Loss: 2.225, Acc: 0.895, Base Lr: 5.00e-06
2025-12-10 04:18:09,436 DeMo.train INFO: Epoch[19] Iteration[20/54] Loss: 2.213, Acc: 0.894, Base Lr: 5.00e-06
2025-12-10 04:18:11,926 DeMo.train INFO: Epoch[19] Iteration[30/54] Loss: 2.204, Acc: 0.891, Base Lr: 5.00e-06
2025-12-10 04:18:14,440 DeMo.train INFO: Epoch[19] Iteration[40/54] Loss: 2.202, Acc: 0.901, Base Lr: 5.00e-06
2025-12-10 04:18:16,937 DeMo.train INFO: Epoch[19] Iteration[50/54] Loss: 2.194, Acc: 0.912, Base Lr: 5.00e-06
2025-12-10 04:18:17,815 DeMo.train INFO: Epoch 19 done. Time per batch: 0.279[s] Speed: 229.4[samples/s]
2025-12-10 04:18:17,816 DeMo.train INFO: ~~~~~~~~~~~~~~~~~~~~~~~~~~~~~~~~~~~~~~~~~~~~~~~~~~
2025-12-10 04:18:17,816 DeMo.train INFO: Current is the [moe,ori] feature testing!
2025-12-10 04:18:17,816 DeMo.train INFO: ~~~~~~~~~~~~~~~~~~~~~~~~~~~~~~~~~~~~~~~~~~~~~~~~~~
The test feature is normalized
=> Computing DistMat with euclidean_distance
2025-12-10 04:18:22,817 DeMo.train INFO: Validation Results - Epoch: 19
2025-12-10 04:18:22,817 DeMo.train INFO: mAP: 70.4%
2025-12-10 04:18:22,817 DeMo.train INFO: CMC curve, Rank-1  :73.0%
2025-12-10 04:18:22,817 DeMo.train INFO: CMC curve, Rank-5  :83.7%
2025-12-10 04:18:22,818 DeMo.train INFO: CMC curve, Rank-10 :87.6%
2025-12-10 04:18:22,818 DeMo.train INFO: ~~~~~~~~~~~~~~~~~~~~~~~~~~~~~~~~~~~~~~~~~~~~~~~~~~
2025-12-10 04:18:22,870 DeMo.train INFO: ~~~~~~~~~~~~~~~~~~~~~~~~~~~~~~~~~~~~~~~~~~~~~~~~~~
2025-12-10 04:18:22,870 DeMo.train INFO: Best mAP: 71.2%
2025-12-10 04:18:22,870 DeMo.train INFO: Best Rank-1: 73.9%
2025-12-10 04:18:22,870 DeMo.train INFO: Best Rank-5: 81.2%
2025-12-10 04:18:22,870 DeMo.train INFO: Best Rank-10: 85.6%
2025-12-10 04:18:22,870 DeMo.train INFO: ~~~~~~~~~~~~~~~~~~~~~~~~~~~~~~~~~~~~~~~~~~~~~~~~~~
2025-12-10 04:18:26,914 DeMo.train INFO: Epoch[20] Iteration[10/54] Loss: 2.188, Acc: 0.870, Base Lr: 5.00e-06
2025-12-10 04:18:29,445 DeMo.train INFO: Epoch[20] Iteration[20/54] Loss: 2.174, Acc: 0.884, Base Lr: 5.00e-06
2025-12-10 04:18:31,953 DeMo.train INFO: Epoch[20] Iteration[30/54] Loss: 2.168, Acc: 0.901, Base Lr: 5.00e-06
2025-12-10 04:18:34,458 DeMo.train INFO: Epoch[20] Iteration[40/54] Loss: 2.160, Acc: 0.907, Base Lr: 5.00e-06
2025-12-10 04:18:36,945 DeMo.train INFO: Epoch[20] Iteration[50/54] Loss: 2.161, Acc: 0.910, Base Lr: 5.00e-06
2025-12-10 04:18:37,792 DeMo.train INFO: Epoch 20 done. Time per batch: 0.282[s] Speed: 227.3[samples/s]
2025-12-10 04:18:37,794 DeMo.train INFO: ~~~~~~~~~~~~~~~~~~~~~~~~~~~~~~~~~~~~~~~~~~~~~~~~~~
2025-12-10 04:18:37,794 DeMo.train INFO: Current is the [moe,ori] feature testing!
2025-12-10 04:18:37,794 DeMo.train INFO: ~~~~~~~~~~~~~~~~~~~~~~~~~~~~~~~~~~~~~~~~~~~~~~~~~~
The test feature is normalized
=> Computing DistMat with euclidean_distance
2025-12-10 04:18:42,852 DeMo.train INFO: Validation Results - Epoch: 20
2025-12-10 04:18:42,853 DeMo.train INFO: mAP: 70.3%
2025-12-10 04:18:42,853 DeMo.train INFO: CMC curve, Rank-1  :73.3%
2025-12-10 04:18:42,853 DeMo.train INFO: CMC curve, Rank-5  :82.2%
2025-12-10 04:18:42,853 DeMo.train INFO: CMC curve, Rank-10 :86.0%
2025-12-10 04:18:42,853 DeMo.train INFO: ~~~~~~~~~~~~~~~~~~~~~~~~~~~~~~~~~~~~~~~~~~~~~~~~~~
2025-12-10 04:18:42,903 DeMo.train INFO: ~~~~~~~~~~~~~~~~~~~~~~~~~~~~~~~~~~~~~~~~~~~~~~~~~~
2025-12-10 04:18:42,903 DeMo.train INFO: Best mAP: 71.2%
2025-12-10 04:18:42,903 DeMo.train INFO: Best Rank-1: 73.9%
2025-12-10 04:18:42,903 DeMo.train INFO: Best Rank-5: 81.2%
2025-12-10 04:18:42,903 DeMo.train INFO: Best Rank-10: 85.6%
2025-12-10 04:18:42,903 DeMo.train INFO: ~~~~~~~~~~~~~~~~~~~~~~~~~~~~~~~~~~~~~~~~~~~~~~~~~~
2025-12-10 04:18:46,747 DeMo.train INFO: Epoch[21] Iteration[10/54] Loss: 2.169, Acc: 0.903, Base Lr: 5.00e-06
2025-12-10 04:18:49,287 DeMo.train INFO: Epoch[21] Iteration[20/54] Loss: 2.162, Acc: 0.912, Base Lr: 5.00e-06
2025-12-10 04:18:51,810 DeMo.train INFO: Epoch[21] Iteration[30/54] Loss: 2.151, Acc: 0.919, Base Lr: 5.00e-06
2025-12-10 04:18:54,347 DeMo.train INFO: Epoch[21] Iteration[40/54] Loss: 2.154, Acc: 0.924, Base Lr: 5.00e-06
2025-12-10 04:18:56,853 DeMo.train INFO: Epoch[21] Iteration[50/54] Loss: 2.149, Acc: 0.923, Base Lr: 5.00e-06
2025-12-10 04:18:57,733 DeMo.train INFO: Epoch 21 done. Time per batch: 0.280[s] Speed: 228.7[samples/s]
2025-12-10 04:18:57,734 DeMo.train INFO: ~~~~~~~~~~~~~~~~~~~~~~~~~~~~~~~~~~~~~~~~~~~~~~~~~~
2025-12-10 04:18:57,734 DeMo.train INFO: Current is the [moe,ori] feature testing!
2025-12-10 04:18:57,734 DeMo.train INFO: ~~~~~~~~~~~~~~~~~~~~~~~~~~~~~~~~~~~~~~~~~~~~~~~~~~
The test feature is normalized
=> Computing DistMat with euclidean_distance
2025-12-10 04:19:02,749 DeMo.train INFO: Validation Results - Epoch: 21
2025-12-10 04:19:02,749 DeMo.train INFO: mAP: 68.1%
2025-12-10 04:19:02,749 DeMo.train INFO: CMC curve, Rank-1  :72.1%
2025-12-10 04:19:02,749 DeMo.train INFO: CMC curve, Rank-5  :79.3%
2025-12-10 04:19:02,749 DeMo.train INFO: CMC curve, Rank-10 :84.2%
2025-12-10 04:19:02,750 DeMo.train INFO: ~~~~~~~~~~~~~~~~~~~~~~~~~~~~~~~~~~~~~~~~~~~~~~~~~~
2025-12-10 04:19:02,824 DeMo.train INFO: ~~~~~~~~~~~~~~~~~~~~~~~~~~~~~~~~~~~~~~~~~~~~~~~~~~
2025-12-10 04:19:02,825 DeMo.train INFO: Best mAP: 71.2%
2025-12-10 04:19:02,825 DeMo.train INFO: Best Rank-1: 73.9%
2025-12-10 04:19:02,825 DeMo.train INFO: Best Rank-5: 81.2%
2025-12-10 04:19:02,825 DeMo.train INFO: Best Rank-10: 85.6%
2025-12-10 04:19:02,825 DeMo.train INFO: ~~~~~~~~~~~~~~~~~~~~~~~~~~~~~~~~~~~~~~~~~~~~~~~~~~
2025-12-10 04:19:06,723 DeMo.train INFO: Epoch[22] Iteration[10/54] Loss: 2.123, Acc: 0.863, Base Lr: 5.00e-06
2025-12-10 04:19:09,252 DeMo.train INFO: Epoch[22] Iteration[20/54] Loss: 2.121, Acc: 0.898, Base Lr: 5.00e-06
2025-12-10 04:19:11,745 DeMo.train INFO: Epoch[22] Iteration[30/54] Loss: 2.116, Acc: 0.903, Base Lr: 5.00e-06
2025-12-10 04:19:14,245 DeMo.train INFO: Epoch[22] Iteration[40/54] Loss: 2.111, Acc: 0.915, Base Lr: 5.00e-06
2025-12-10 04:19:16,731 DeMo.train INFO: Epoch[22] Iteration[50/54] Loss: 2.107, Acc: 0.926, Base Lr: 5.00e-06
2025-12-10 04:19:17,568 DeMo.train INFO: Epoch 22 done. Time per batch: 0.278[s] Speed: 230.1[samples/s]
2025-12-10 04:19:17,569 DeMo.train INFO: ~~~~~~~~~~~~~~~~~~~~~~~~~~~~~~~~~~~~~~~~~~~~~~~~~~
2025-12-10 04:19:17,569 DeMo.train INFO: Current is the [moe,ori] feature testing!
2025-12-10 04:19:17,569 DeMo.train INFO: ~~~~~~~~~~~~~~~~~~~~~~~~~~~~~~~~~~~~~~~~~~~~~~~~~~
The test feature is normalized
=> Computing DistMat with euclidean_distance
2025-12-10 04:19:22,637 DeMo.train INFO: Validation Results - Epoch: 22
2025-12-10 04:19:22,637 DeMo.train INFO: mAP: 68.2%
2025-12-10 04:19:22,638 DeMo.train INFO: CMC curve, Rank-1  :70.3%
2025-12-10 04:19:22,638 DeMo.train INFO: CMC curve, Rank-5  :79.3%
2025-12-10 04:19:22,639 DeMo.train INFO: CMC curve, Rank-10 :82.1%
2025-12-10 04:19:22,639 DeMo.train INFO: ~~~~~~~~~~~~~~~~~~~~~~~~~~~~~~~~~~~~~~~~~~~~~~~~~~
2025-12-10 04:19:22,706 DeMo.train INFO: ~~~~~~~~~~~~~~~~~~~~~~~~~~~~~~~~~~~~~~~~~~~~~~~~~~
2025-12-10 04:19:22,707 DeMo.train INFO: Best mAP: 71.2%
2025-12-10 04:19:22,707 DeMo.train INFO: Best Rank-1: 73.9%
2025-12-10 04:19:22,707 DeMo.train INFO: Best Rank-5: 81.2%
2025-12-10 04:19:22,707 DeMo.train INFO: Best Rank-10: 85.6%
2025-12-10 04:19:22,707 DeMo.train INFO: ~~~~~~~~~~~~~~~~~~~~~~~~~~~~~~~~~~~~~~~~~~~~~~~~~~
2025-12-10 04:19:26,599 DeMo.train INFO: Epoch[23] Iteration[10/54] Loss: 2.136, Acc: 0.861, Base Lr: 5.00e-06
2025-12-10 04:19:29,132 DeMo.train INFO: Epoch[23] Iteration[20/54] Loss: 2.113, Acc: 0.892, Base Lr: 5.00e-06
2025-12-10 04:19:31,632 DeMo.train INFO: Epoch[23] Iteration[30/54] Loss: 2.111, Acc: 0.903, Base Lr: 5.00e-06
2025-12-10 04:19:34,117 DeMo.train INFO: Epoch[23] Iteration[40/54] Loss: 2.100, Acc: 0.915, Base Lr: 5.00e-06
2025-12-10 04:19:36,669 DeMo.train INFO: Epoch[23] Iteration[50/54] Loss: 2.092, Acc: 0.929, Base Lr: 5.00e-06
2025-12-10 04:19:37,532 DeMo.train INFO: Epoch 23 done. Time per batch: 0.280[s] Speed: 228.8[samples/s]
2025-12-10 04:19:37,533 DeMo.train INFO: ~~~~~~~~~~~~~~~~~~~~~~~~~~~~~~~~~~~~~~~~~~~~~~~~~~
2025-12-10 04:19:37,533 DeMo.train INFO: Current is the [moe,ori] feature testing!
2025-12-10 04:19:37,533 DeMo.train INFO: ~~~~~~~~~~~~~~~~~~~~~~~~~~~~~~~~~~~~~~~~~~~~~~~~~~
The test feature is normalized
=> Computing DistMat with euclidean_distance
2025-12-10 04:19:42,577 DeMo.train INFO: Validation Results - Epoch: 23
2025-12-10 04:19:42,578 DeMo.train INFO: mAP: 71.6%
2025-12-10 04:19:42,578 DeMo.train INFO: CMC curve, Rank-1  :74.4%
2025-12-10 04:19:42,578 DeMo.train INFO: CMC curve, Rank-5  :83.4%
2025-12-10 04:19:42,578 DeMo.train INFO: CMC curve, Rank-10 :87.6%
2025-12-10 04:19:42,578 DeMo.train INFO: ~~~~~~~~~~~~~~~~~~~~~~~~~~~~~~~~~~~~~~~~~~~~~~~~~~
2025-12-10 04:19:43,097 DeMo.train INFO: ~~~~~~~~~~~~~~~~~~~~~~~~~~~~~~~~~~~~~~~~~~~~~~~~~~
2025-12-10 04:19:43,097 DeMo.train INFO: Best mAP: 71.6%
2025-12-10 04:19:43,097 DeMo.train INFO: Best Rank-1: 74.4%
2025-12-10 04:19:43,097 DeMo.train INFO: Best Rank-5: 83.4%
2025-12-10 04:19:43,097 DeMo.train INFO: Best Rank-10: 87.6%
2025-12-10 04:19:43,098 DeMo.train INFO: ~~~~~~~~~~~~~~~~~~~~~~~~~~~~~~~~~~~~~~~~~~~~~~~~~~
2025-12-10 04:19:46,529 DeMo.train INFO: Epoch[24] Iteration[10/54] Loss: 2.079, Acc: 0.927, Base Lr: 5.00e-06
2025-12-10 04:19:49,048 DeMo.train INFO: Epoch[24] Iteration[20/54] Loss: 2.077, Acc: 0.914, Base Lr: 5.00e-06
2025-12-10 04:19:51,582 DeMo.train INFO: Epoch[24] Iteration[30/54] Loss: 2.065, Acc: 0.924, Base Lr: 5.00e-06
2025-12-10 04:19:54,111 DeMo.train INFO: Epoch[24] Iteration[40/54] Loss: 2.061, Acc: 0.930, Base Lr: 5.00e-06
2025-12-10 04:19:56,601 DeMo.train INFO: Epoch[24] Iteration[50/54] Loss: 2.052, Acc: 0.935, Base Lr: 5.00e-06
2025-12-10 04:19:57,469 DeMo.train INFO: Epoch 24 done. Time per batch: 0.271[s] Speed: 236.0[samples/s]
2025-12-10 04:19:57,472 DeMo.train INFO: ~~~~~~~~~~~~~~~~~~~~~~~~~~~~~~~~~~~~~~~~~~~~~~~~~~
2025-12-10 04:19:57,473 DeMo.train INFO: Current is the [moe,ori] feature testing!
2025-12-10 04:19:57,473 DeMo.train INFO: ~~~~~~~~~~~~~~~~~~~~~~~~~~~~~~~~~~~~~~~~~~~~~~~~~~
The test feature is normalized
=> Computing DistMat with euclidean_distance
2025-12-10 04:20:02,256 DeMo.train INFO: Validation Results - Epoch: 24
2025-12-10 04:20:02,257 DeMo.train INFO: mAP: 70.0%
2025-12-10 04:20:02,257 DeMo.train INFO: CMC curve, Rank-1  :73.3%
2025-12-10 04:20:02,257 DeMo.train INFO: CMC curve, Rank-5  :81.7%
2025-12-10 04:20:02,257 DeMo.train INFO: CMC curve, Rank-10 :86.7%
2025-12-10 04:20:02,257 DeMo.train INFO: ~~~~~~~~~~~~~~~~~~~~~~~~~~~~~~~~~~~~~~~~~~~~~~~~~~
2025-12-10 04:20:02,310 DeMo.train INFO: ~~~~~~~~~~~~~~~~~~~~~~~~~~~~~~~~~~~~~~~~~~~~~~~~~~
2025-12-10 04:20:02,311 DeMo.train INFO: Best mAP: 71.6%
2025-12-10 04:20:02,311 DeMo.train INFO: Best Rank-1: 74.4%
2025-12-10 04:20:02,311 DeMo.train INFO: Best Rank-5: 83.4%
2025-12-10 04:20:02,311 DeMo.train INFO: Best Rank-10: 87.6%
2025-12-10 04:20:02,311 DeMo.train INFO: ~~~~~~~~~~~~~~~~~~~~~~~~~~~~~~~~~~~~~~~~~~~~~~~~~~
2025-12-10 04:20:06,278 DeMo.train INFO: Epoch[25] Iteration[10/54] Loss: 2.059, Acc: 0.902, Base Lr: 5.00e-06
2025-12-10 04:20:08,845 DeMo.train INFO: Epoch[25] Iteration[20/54] Loss: 2.040, Acc: 0.924, Base Lr: 5.00e-06
2025-12-10 04:20:11,362 DeMo.train INFO: Epoch[25] Iteration[30/54] Loss: 2.047, Acc: 0.921, Base Lr: 5.00e-06
2025-12-10 04:20:13,871 DeMo.train INFO: Epoch[25] Iteration[40/54] Loss: 2.044, Acc: 0.918, Base Lr: 5.00e-06
2025-12-10 04:20:16,402 DeMo.train INFO: Epoch[25] Iteration[50/54] Loss: 2.047, Acc: 0.927, Base Lr: 5.00e-06
2025-12-10 04:20:17,261 DeMo.train INFO: Epoch 25 done. Time per batch: 0.282[s] Speed: 226.9[samples/s]
2025-12-10 04:20:17,262 DeMo.train INFO: ~~~~~~~~~~~~~~~~~~~~~~~~~~~~~~~~~~~~~~~~~~~~~~~~~~
2025-12-10 04:20:17,262 DeMo.train INFO: Current is the [moe,ori] feature testing!
2025-12-10 04:20:17,262 DeMo.train INFO: ~~~~~~~~~~~~~~~~~~~~~~~~~~~~~~~~~~~~~~~~~~~~~~~~~~
The test feature is normalized
=> Computing DistMat with euclidean_distance
2025-12-10 04:20:22,319 DeMo.train INFO: Validation Results - Epoch: 25
2025-12-10 04:20:22,319 DeMo.train INFO: mAP: 67.9%
2025-12-10 04:20:22,319 DeMo.train INFO: CMC curve, Rank-1  :69.1%
2025-12-10 04:20:22,320 DeMo.train INFO: CMC curve, Rank-5  :79.4%
2025-12-10 04:20:22,320 DeMo.train INFO: CMC curve, Rank-10 :85.6%
2025-12-10 04:20:22,320 DeMo.train INFO: ~~~~~~~~~~~~~~~~~~~~~~~~~~~~~~~~~~~~~~~~~~~~~~~~~~
2025-12-10 04:20:22,370 DeMo.train INFO: ~~~~~~~~~~~~~~~~~~~~~~~~~~~~~~~~~~~~~~~~~~~~~~~~~~
2025-12-10 04:20:22,370 DeMo.train INFO: Best mAP: 71.6%
2025-12-10 04:20:22,371 DeMo.train INFO: Best Rank-1: 74.4%
2025-12-10 04:20:22,371 DeMo.train INFO: Best Rank-5: 83.4%
2025-12-10 04:20:22,371 DeMo.train INFO: Best Rank-10: 87.6%
2025-12-10 04:20:22,371 DeMo.train INFO: ~~~~~~~~~~~~~~~~~~~~~~~~~~~~~~~~~~~~~~~~~~~~~~~~~~
2025-12-10 04:20:26,281 DeMo.train INFO: Epoch[26] Iteration[10/54] Loss: 2.054, Acc: 0.908, Base Lr: 5.00e-06
2025-12-10 04:20:28,909 DeMo.train INFO: Epoch[26] Iteration[20/54] Loss: 2.037, Acc: 0.916, Base Lr: 5.00e-06
2025-12-10 04:20:31,445 DeMo.train INFO: Epoch[26] Iteration[30/54] Loss: 2.036, Acc: 0.915, Base Lr: 5.00e-06
2025-12-10 04:20:33,939 DeMo.train INFO: Epoch[26] Iteration[40/54] Loss: 2.025, Acc: 0.914, Base Lr: 5.00e-06
2025-12-10 04:20:36,495 DeMo.train INFO: Epoch[26] Iteration[50/54] Loss: 2.021, Acc: 0.926, Base Lr: 5.00e-06
2025-12-10 04:20:37,355 DeMo.train INFO: Epoch 26 done. Time per batch: 0.283[s] Speed: 226.4[samples/s]
2025-12-10 04:20:37,356 DeMo.train INFO: ~~~~~~~~~~~~~~~~~~~~~~~~~~~~~~~~~~~~~~~~~~~~~~~~~~
2025-12-10 04:20:37,356 DeMo.train INFO: Current is the [moe,ori] feature testing!
2025-12-10 04:20:37,356 DeMo.train INFO: ~~~~~~~~~~~~~~~~~~~~~~~~~~~~~~~~~~~~~~~~~~~~~~~~~~
The test feature is normalized
=> Computing DistMat with euclidean_distance
2025-12-10 04:20:42,097 DeMo.train INFO: Validation Results - Epoch: 26
2025-12-10 04:20:42,098 DeMo.train INFO: mAP: 72.5%
2025-12-10 04:20:42,098 DeMo.train INFO: CMC curve, Rank-1  :75.5%
2025-12-10 04:20:42,100 DeMo.train INFO: CMC curve, Rank-5  :84.2%
2025-12-10 04:20:42,101 DeMo.train INFO: CMC curve, Rank-10 :87.7%
2025-12-10 04:20:42,101 DeMo.train INFO: ~~~~~~~~~~~~~~~~~~~~~~~~~~~~~~~~~~~~~~~~~~~~~~~~~~
2025-12-10 04:20:42,637 DeMo.train INFO: ~~~~~~~~~~~~~~~~~~~~~~~~~~~~~~~~~~~~~~~~~~~~~~~~~~
2025-12-10 04:20:42,637 DeMo.train INFO: Best mAP: 72.5%
2025-12-10 04:20:42,638 DeMo.train INFO: Best Rank-1: 75.5%
2025-12-10 04:20:42,638 DeMo.train INFO: Best Rank-5: 84.2%
2025-12-10 04:20:42,638 DeMo.train INFO: Best Rank-10: 87.7%
2025-12-10 04:20:42,638 DeMo.train INFO: ~~~~~~~~~~~~~~~~~~~~~~~~~~~~~~~~~~~~~~~~~~~~~~~~~~
2025-12-10 04:20:46,187 DeMo.train INFO: Epoch[27] Iteration[10/54] Loss: 1.984, Acc: 0.911, Base Lr: 5.00e-06
2025-12-10 04:20:49,441 DeMo.train INFO: Epoch[27] Iteration[20/54] Loss: 1.998, Acc: 0.907, Base Lr: 5.00e-06
2025-12-10 04:20:51,934 DeMo.train INFO: Epoch[27] Iteration[30/54] Loss: 1.991, Acc: 0.933, Base Lr: 5.00e-06
2025-12-10 04:20:54,436 DeMo.train INFO: Epoch[27] Iteration[40/54] Loss: 1.987, Acc: 0.927, Base Lr: 5.00e-06
2025-12-10 04:20:56,985 DeMo.train INFO: Epoch[27] Iteration[50/54] Loss: 1.977, Acc: 0.933, Base Lr: 5.00e-06
2025-12-10 04:20:57,870 DeMo.train INFO: Epoch 27 done. Time per batch: 0.287[s] Speed: 222.7[samples/s]
2025-12-10 04:20:57,874 DeMo.train INFO: ~~~~~~~~~~~~~~~~~~~~~~~~~~~~~~~~~~~~~~~~~~~~~~~~~~
2025-12-10 04:20:57,874 DeMo.train INFO: Current is the [moe,ori] feature testing!
2025-12-10 04:20:57,874 DeMo.train INFO: ~~~~~~~~~~~~~~~~~~~~~~~~~~~~~~~~~~~~~~~~~~~~~~~~~~
The test feature is normalized
=> Computing DistMat with euclidean_distance
2025-12-10 04:21:02,785 DeMo.train INFO: Validation Results - Epoch: 27
2025-12-10 04:21:02,785 DeMo.train INFO: mAP: 74.0%
2025-12-10 04:21:02,785 DeMo.train INFO: CMC curve, Rank-1  :77.2%
2025-12-10 04:21:02,785 DeMo.train INFO: CMC curve, Rank-5  :85.6%
2025-12-10 04:21:02,786 DeMo.train INFO: CMC curve, Rank-10 :88.5%
2025-12-10 04:21:02,786 DeMo.train INFO: ~~~~~~~~~~~~~~~~~~~~~~~~~~~~~~~~~~~~~~~~~~~~~~~~~~
2025-12-10 04:21:03,503 DeMo.train INFO: ~~~~~~~~~~~~~~~~~~~~~~~~~~~~~~~~~~~~~~~~~~~~~~~~~~
2025-12-10 04:21:03,504 DeMo.train INFO: Best mAP: 74.0%
2025-12-10 04:21:03,504 DeMo.train INFO: Best Rank-1: 77.2%
2025-12-10 04:21:03,504 DeMo.train INFO: Best Rank-5: 85.6%
2025-12-10 04:21:03,504 DeMo.train INFO: Best Rank-10: 88.5%
2025-12-10 04:21:03,504 DeMo.train INFO: ~~~~~~~~~~~~~~~~~~~~~~~~~~~~~~~~~~~~~~~~~~~~~~~~~~
2025-12-10 04:21:08,055 DeMo.train INFO: Epoch[28] Iteration[10/54] Loss: 1.999, Acc: 0.889, Base Lr: 5.00e-06
2025-12-10 04:21:10,577 DeMo.train INFO: Epoch[28] Iteration[20/54] Loss: 1.995, Acc: 0.891, Base Lr: 5.00e-06
2025-12-10 04:21:13,112 DeMo.train INFO: Epoch[28] Iteration[30/54] Loss: 1.981, Acc: 0.916, Base Lr: 5.00e-06
2025-12-10 04:21:15,628 DeMo.train INFO: Epoch[28] Iteration[40/54] Loss: 1.970, Acc: 0.926, Base Lr: 5.00e-06
2025-12-10 04:21:18,118 DeMo.train INFO: Epoch[28] Iteration[50/54] Loss: 1.959, Acc: 0.936, Base Lr: 5.00e-06
2025-12-10 04:21:18,987 DeMo.train INFO: Epoch 28 done. Time per batch: 0.292[s] Speed: 219.1[samples/s]
2025-12-10 04:21:18,988 DeMo.train INFO: ~~~~~~~~~~~~~~~~~~~~~~~~~~~~~~~~~~~~~~~~~~~~~~~~~~
2025-12-10 04:21:18,988 DeMo.train INFO: Current is the [moe,ori] feature testing!
2025-12-10 04:21:18,988 DeMo.train INFO: ~~~~~~~~~~~~~~~~~~~~~~~~~~~~~~~~~~~~~~~~~~~~~~~~~~
The test feature is normalized
=> Computing DistMat with euclidean_distance
2025-12-10 04:21:23,835 DeMo.train INFO: Validation Results - Epoch: 28
2025-12-10 04:21:23,836 DeMo.train INFO: mAP: 73.0%
2025-12-10 04:21:23,836 DeMo.train INFO: CMC curve, Rank-1  :75.4%
2025-12-10 04:21:23,836 DeMo.train INFO: CMC curve, Rank-5  :83.9%
2025-12-10 04:21:23,836 DeMo.train INFO: CMC curve, Rank-10 :87.8%
2025-12-10 04:21:23,836 DeMo.train INFO: ~~~~~~~~~~~~~~~~~~~~~~~~~~~~~~~~~~~~~~~~~~~~~~~~~~
2025-12-10 04:21:23,888 DeMo.train INFO: ~~~~~~~~~~~~~~~~~~~~~~~~~~~~~~~~~~~~~~~~~~~~~~~~~~
2025-12-10 04:21:23,888 DeMo.train INFO: Best mAP: 74.0%
2025-12-10 04:21:23,888 DeMo.train INFO: Best Rank-1: 77.2%
2025-12-10 04:21:23,888 DeMo.train INFO: Best Rank-5: 85.6%
2025-12-10 04:21:23,888 DeMo.train INFO: Best Rank-10: 88.5%
2025-12-10 04:21:23,888 DeMo.train INFO: ~~~~~~~~~~~~~~~~~~~~~~~~~~~~~~~~~~~~~~~~~~~~~~~~~~
2025-12-10 04:21:27,864 DeMo.train INFO: Epoch[29] Iteration[10/54] Loss: 1.953, Acc: 0.914, Base Lr: 5.00e-06
2025-12-10 04:21:30,430 DeMo.train INFO: Epoch[29] Iteration[20/54] Loss: 1.951, Acc: 0.915, Base Lr: 5.00e-06
2025-12-10 04:21:32,927 DeMo.train INFO: Epoch[29] Iteration[30/54] Loss: 1.945, Acc: 0.933, Base Lr: 5.00e-06
2025-12-10 04:21:35,458 DeMo.train INFO: Epoch[29] Iteration[40/54] Loss: 1.940, Acc: 0.930, Base Lr: 5.00e-06
2025-12-10 04:21:37,957 DeMo.train INFO: Epoch[29] Iteration[50/54] Loss: 1.936, Acc: 0.937, Base Lr: 5.00e-06
2025-12-10 04:21:38,867 DeMo.train INFO: Epoch 29 done. Time per batch: 0.283[s] Speed: 226.5[samples/s]
2025-12-10 04:21:38,868 DeMo.train INFO: ~~~~~~~~~~~~~~~~~~~~~~~~~~~~~~~~~~~~~~~~~~~~~~~~~~
2025-12-10 04:21:38,868 DeMo.train INFO: Current is the [moe,ori] feature testing!
2025-12-10 04:21:38,868 DeMo.train INFO: ~~~~~~~~~~~~~~~~~~~~~~~~~~~~~~~~~~~~~~~~~~~~~~~~~~
The test feature is normalized
=> Computing DistMat with euclidean_distance
2025-12-10 04:21:43,698 DeMo.train INFO: Validation Results - Epoch: 29
2025-12-10 04:21:43,698 DeMo.train INFO: mAP: 73.3%
2025-12-10 04:21:43,698 DeMo.train INFO: CMC curve, Rank-1  :76.1%
2025-12-10 04:21:43,698 DeMo.train INFO: CMC curve, Rank-5  :82.8%
2025-12-10 04:21:43,699 DeMo.train INFO: CMC curve, Rank-10 :87.7%
2025-12-10 04:21:43,699 DeMo.train INFO: ~~~~~~~~~~~~~~~~~~~~~~~~~~~~~~~~~~~~~~~~~~~~~~~~~~
2025-12-10 04:21:44,978 DeMo.train INFO: ~~~~~~~~~~~~~~~~~~~~~~~~~~~~~~~~~~~~~~~~~~~~~~~~~~
2025-12-10 04:21:44,978 DeMo.train INFO: Best mAP: 74.0%
2025-12-10 04:21:44,978 DeMo.train INFO: Best Rank-1: 77.2%
2025-12-10 04:21:44,978 DeMo.train INFO: Best Rank-5: 85.6%
2025-12-10 04:21:44,978 DeMo.train INFO: Best Rank-10: 88.5%
2025-12-10 04:21:44,979 DeMo.train INFO: ~~~~~~~~~~~~~~~~~~~~~~~~~~~~~~~~~~~~~~~~~~~~~~~~~~
2025-12-10 04:21:50,067 DeMo.train INFO: Epoch[30] Iteration[10/54] Loss: 1.928, Acc: 0.905, Base Lr: 5.00e-07
2025-12-10 04:21:52,585 DeMo.train INFO: Epoch[30] Iteration[20/54] Loss: 1.937, Acc: 0.902, Base Lr: 5.00e-07
2025-12-10 04:21:55,063 DeMo.train INFO: Epoch[30] Iteration[30/54] Loss: 1.929, Acc: 0.923, Base Lr: 5.00e-07
2025-12-10 04:21:57,601 DeMo.train INFO: Epoch[30] Iteration[40/54] Loss: 1.922, Acc: 0.936, Base Lr: 5.00e-07
2025-12-10 04:22:00,124 DeMo.train INFO: Epoch[30] Iteration[50/54] Loss: 1.917, Acc: 0.938, Base Lr: 5.00e-07
2025-12-10 04:22:01,010 DeMo.train INFO: Epoch 30 done. Time per batch: 0.302[s] Speed: 211.6[samples/s]
2025-12-10 04:22:01,011 DeMo.train INFO: ~~~~~~~~~~~~~~~~~~~~~~~~~~~~~~~~~~~~~~~~~~~~~~~~~~
2025-12-10 04:22:01,011 DeMo.train INFO: Current is the [moe,ori] feature testing!
2025-12-10 04:22:01,011 DeMo.train INFO: ~~~~~~~~~~~~~~~~~~~~~~~~~~~~~~~~~~~~~~~~~~~~~~~~~~
The test feature is normalized
=> Computing DistMat with euclidean_distance
2025-12-10 04:22:05,995 DeMo.train INFO: Validation Results - Epoch: 30
2025-12-10 04:22:05,995 DeMo.train INFO: mAP: 73.1%
2025-12-10 04:22:05,995 DeMo.train INFO: CMC curve, Rank-1  :76.1%
2025-12-10 04:22:05,995 DeMo.train INFO: CMC curve, Rank-5  :82.9%
2025-12-10 04:22:05,995 DeMo.train INFO: CMC curve, Rank-10 :87.6%
2025-12-10 04:22:05,995 DeMo.train INFO: ~~~~~~~~~~~~~~~~~~~~~~~~~~~~~~~~~~~~~~~~~~~~~~~~~~
2025-12-10 04:22:06,046 DeMo.train INFO: ~~~~~~~~~~~~~~~~~~~~~~~~~~~~~~~~~~~~~~~~~~~~~~~~~~
2025-12-10 04:22:06,047 DeMo.train INFO: Best mAP: 74.0%
2025-12-10 04:22:06,047 DeMo.train INFO: Best Rank-1: 77.2%
2025-12-10 04:22:06,047 DeMo.train INFO: Best Rank-5: 85.6%
2025-12-10 04:22:06,047 DeMo.train INFO: Best Rank-10: 88.5%
2025-12-10 04:22:06,047 DeMo.train INFO: ~~~~~~~~~~~~~~~~~~~~~~~~~~~~~~~~~~~~~~~~~~~~~~~~~~
2025-12-10 04:22:09,763 DeMo.train INFO: Epoch[31] Iteration[10/54] Loss: 1.969, Acc: 0.844, Base Lr: 5.00e-07
2025-12-10 04:22:12,363 DeMo.train INFO: Epoch[31] Iteration[20/54] Loss: 1.940, Acc: 0.913, Base Lr: 5.00e-07
2025-12-10 04:22:14,851 DeMo.train INFO: Epoch[31] Iteration[30/54] Loss: 1.931, Acc: 0.924, Base Lr: 5.00e-07
2025-12-10 04:22:17,422 DeMo.train INFO: Epoch[31] Iteration[40/54] Loss: 1.921, Acc: 0.931, Base Lr: 5.00e-07
2025-12-10 04:22:20,294 DeMo.train INFO: Epoch[31] Iteration[50/54] Loss: 1.913, Acc: 0.944, Base Lr: 5.00e-07
2025-12-10 04:22:21,150 DeMo.train INFO: Epoch 31 done. Time per batch: 0.285[s] Speed: 224.6[samples/s]
2025-12-10 04:22:21,151 DeMo.train INFO: ~~~~~~~~~~~~~~~~~~~~~~~~~~~~~~~~~~~~~~~~~~~~~~~~~~
2025-12-10 04:22:21,152 DeMo.train INFO: Current is the [moe,ori] feature testing!
2025-12-10 04:22:21,152 DeMo.train INFO: ~~~~~~~~~~~~~~~~~~~~~~~~~~~~~~~~~~~~~~~~~~~~~~~~~~
The test feature is normalized
=> Computing DistMat with euclidean_distance
2025-12-10 04:22:25,693 DeMo.train INFO: Validation Results - Epoch: 31
2025-12-10 04:22:25,694 DeMo.train INFO: mAP: 72.8%
2025-12-10 04:22:25,694 DeMo.train INFO: CMC curve, Rank-1  :74.9%
2025-12-10 04:22:25,694 DeMo.train INFO: CMC curve, Rank-5  :82.4%
2025-12-10 04:22:25,694 DeMo.train INFO: CMC curve, Rank-10 :86.6%
2025-12-10 04:22:25,694 DeMo.train INFO: ~~~~~~~~~~~~~~~~~~~~~~~~~~~~~~~~~~~~~~~~~~~~~~~~~~
2025-12-10 04:22:25,747 DeMo.train INFO: ~~~~~~~~~~~~~~~~~~~~~~~~~~~~~~~~~~~~~~~~~~~~~~~~~~
2025-12-10 04:22:25,747 DeMo.train INFO: Best mAP: 74.0%
2025-12-10 04:22:25,747 DeMo.train INFO: Best Rank-1: 77.2%
2025-12-10 04:22:25,747 DeMo.train INFO: Best Rank-5: 85.6%
2025-12-10 04:22:25,747 DeMo.train INFO: Best Rank-10: 88.5%
2025-12-10 04:22:25,748 DeMo.train INFO: ~~~~~~~~~~~~~~~~~~~~~~~~~~~~~~~~~~~~~~~~~~~~~~~~~~
2025-12-10 04:22:29,747 DeMo.train INFO: Epoch[32] Iteration[10/54] Loss: 1.926, Acc: 0.877, Base Lr: 5.00e-07
2025-12-10 04:22:32,265 DeMo.train INFO: Epoch[32] Iteration[20/54] Loss: 1.923, Acc: 0.911, Base Lr: 5.00e-07
2025-12-10 04:22:34,789 DeMo.train INFO: Epoch[32] Iteration[30/54] Loss: 1.913, Acc: 0.924, Base Lr: 5.00e-07
2025-12-10 04:22:37,289 DeMo.train INFO: Epoch[32] Iteration[40/54] Loss: 1.910, Acc: 0.932, Base Lr: 5.00e-07
2025-12-10 04:22:39,814 DeMo.train INFO: Epoch[32] Iteration[50/54] Loss: 1.905, Acc: 0.941, Base Lr: 5.00e-07
2025-12-10 04:22:40,672 DeMo.train INFO: Epoch 32 done. Time per batch: 0.282[s] Speed: 227.3[samples/s]
2025-12-10 04:22:40,673 DeMo.train INFO: ~~~~~~~~~~~~~~~~~~~~~~~~~~~~~~~~~~~~~~~~~~~~~~~~~~
2025-12-10 04:22:40,673 DeMo.train INFO: Current is the [moe,ori] feature testing!
2025-12-10 04:22:40,673 DeMo.train INFO: ~~~~~~~~~~~~~~~~~~~~~~~~~~~~~~~~~~~~~~~~~~~~~~~~~~
The test feature is normalized
=> Computing DistMat with euclidean_distance
2025-12-10 04:22:45,915 DeMo.train INFO: Validation Results - Epoch: 32
2025-12-10 04:22:45,915 DeMo.train INFO: mAP: 73.2%
2025-12-10 04:22:45,915 DeMo.train INFO: CMC curve, Rank-1  :75.5%
2025-12-10 04:22:45,915 DeMo.train INFO: CMC curve, Rank-5  :83.4%
2025-12-10 04:22:45,916 DeMo.train INFO: CMC curve, Rank-10 :87.1%
2025-12-10 04:22:45,916 DeMo.train INFO: ~~~~~~~~~~~~~~~~~~~~~~~~~~~~~~~~~~~~~~~~~~~~~~~~~~
2025-12-10 04:22:47,156 DeMo.train INFO: ~~~~~~~~~~~~~~~~~~~~~~~~~~~~~~~~~~~~~~~~~~~~~~~~~~
2025-12-10 04:22:47,156 DeMo.train INFO: Best mAP: 74.0%
2025-12-10 04:22:47,156 DeMo.train INFO: Best Rank-1: 77.2%
2025-12-10 04:22:47,156 DeMo.train INFO: Best Rank-5: 85.6%
2025-12-10 04:22:47,156 DeMo.train INFO: Best Rank-10: 88.5%
2025-12-10 04:22:47,156 DeMo.train INFO: ~~~~~~~~~~~~~~~~~~~~~~~~~~~~~~~~~~~~~~~~~~~~~~~~~~
2025-12-10 04:22:51,833 DeMo.train INFO: Epoch[33] Iteration[10/54] Loss: 1.958, Acc: 0.902, Base Lr: 5.00e-07
2025-12-10 04:22:54,387 DeMo.train INFO: Epoch[33] Iteration[20/54] Loss: 1.934, Acc: 0.898, Base Lr: 5.00e-07
2025-12-10 04:22:56,884 DeMo.train INFO: Epoch[33] Iteration[30/54] Loss: 1.930, Acc: 0.918, Base Lr: 5.00e-07
2025-12-10 04:22:59,394 DeMo.train INFO: Epoch[33] Iteration[40/54] Loss: 1.921, Acc: 0.927, Base Lr: 5.00e-07
2025-12-10 04:23:01,883 DeMo.train INFO: Epoch[33] Iteration[50/54] Loss: 1.913, Acc: 0.939, Base Lr: 5.00e-07
2025-12-10 04:23:02,743 DeMo.train INFO: Epoch 33 done. Time per batch: 0.294[s] Speed: 217.6[samples/s]
2025-12-10 04:23:02,744 DeMo.train INFO: ~~~~~~~~~~~~~~~~~~~~~~~~~~~~~~~~~~~~~~~~~~~~~~~~~~
2025-12-10 04:23:02,745 DeMo.train INFO: Current is the [moe,ori] feature testing!
2025-12-10 04:23:02,745 DeMo.train INFO: ~~~~~~~~~~~~~~~~~~~~~~~~~~~~~~~~~~~~~~~~~~~~~~~~~~
The test feature is normalized
=> Computing DistMat with euclidean_distance
2025-12-10 04:23:07,757 DeMo.train INFO: Validation Results - Epoch: 33
2025-12-10 04:23:07,757 DeMo.train INFO: mAP: 73.1%
2025-12-10 04:23:07,757 DeMo.train INFO: CMC curve, Rank-1  :76.1%
2025-12-10 04:23:07,757 DeMo.train INFO: CMC curve, Rank-5  :82.5%
2025-12-10 04:23:07,757 DeMo.train INFO: CMC curve, Rank-10 :87.4%
2025-12-10 04:23:07,758 DeMo.train INFO: ~~~~~~~~~~~~~~~~~~~~~~~~~~~~~~~~~~~~~~~~~~~~~~~~~~
2025-12-10 04:23:07,809 DeMo.train INFO: ~~~~~~~~~~~~~~~~~~~~~~~~~~~~~~~~~~~~~~~~~~~~~~~~~~
2025-12-10 04:23:07,809 DeMo.train INFO: Best mAP: 74.0%
2025-12-10 04:23:07,809 DeMo.train INFO: Best Rank-1: 77.2%
2025-12-10 04:23:07,809 DeMo.train INFO: Best Rank-5: 85.6%
2025-12-10 04:23:07,812 DeMo.train INFO: Best Rank-10: 88.5%
2025-12-10 04:23:07,812 DeMo.train INFO: ~~~~~~~~~~~~~~~~~~~~~~~~~~~~~~~~~~~~~~~~~~~~~~~~~~
2025-12-10 04:23:11,709 DeMo.train INFO: Epoch[34] Iteration[10/54] Loss: 1.957, Acc: 0.875, Base Lr: 5.00e-07
2025-12-10 04:23:14,330 DeMo.train INFO: Epoch[34] Iteration[20/54] Loss: 1.933, Acc: 0.915, Base Lr: 5.00e-07
2025-12-10 04:23:16,808 DeMo.train INFO: Epoch[34] Iteration[30/54] Loss: 1.920, Acc: 0.924, Base Lr: 5.00e-07
2025-12-10 04:23:19,348 DeMo.train INFO: Epoch[34] Iteration[40/54] Loss: 1.913, Acc: 0.934, Base Lr: 5.00e-07
2025-12-10 04:23:21,853 DeMo.train INFO: Epoch[34] Iteration[50/54] Loss: 1.911, Acc: 0.939, Base Lr: 5.00e-07
2025-12-10 04:23:22,720 DeMo.train INFO: Epoch 34 done. Time per batch: 0.281[s] Speed: 227.5[samples/s]
2025-12-10 04:23:22,721 DeMo.train INFO: ~~~~~~~~~~~~~~~~~~~~~~~~~~~~~~~~~~~~~~~~~~~~~~~~~~
2025-12-10 04:23:22,721 DeMo.train INFO: Current is the [moe,ori] feature testing!
2025-12-10 04:23:22,721 DeMo.train INFO: ~~~~~~~~~~~~~~~~~~~~~~~~~~~~~~~~~~~~~~~~~~~~~~~~~~
The test feature is normalized
=> Computing DistMat with euclidean_distance
2025-12-10 04:23:28,030 DeMo.train INFO: Validation Results - Epoch: 34
2025-12-10 04:23:28,030 DeMo.train INFO: mAP: 73.2%
2025-12-10 04:23:28,030 DeMo.train INFO: CMC curve, Rank-1  :76.3%
2025-12-10 04:23:28,031 DeMo.train INFO: CMC curve, Rank-5  :82.5%
2025-12-10 04:23:28,031 DeMo.train INFO: CMC curve, Rank-10 :87.0%
2025-12-10 04:23:28,031 DeMo.train INFO: ~~~~~~~~~~~~~~~~~~~~~~~~~~~~~~~~~~~~~~~~~~~~~~~~~~
2025-12-10 04:23:29,130 DeMo.train INFO: ~~~~~~~~~~~~~~~~~~~~~~~~~~~~~~~~~~~~~~~~~~~~~~~~~~
2025-12-10 04:23:29,130 DeMo.train INFO: Best mAP: 74.0%
2025-12-10 04:23:29,130 DeMo.train INFO: Best Rank-1: 77.2%
2025-12-10 04:23:29,130 DeMo.train INFO: Best Rank-5: 85.6%
2025-12-10 04:23:29,130 DeMo.train INFO: Best Rank-10: 88.5%
2025-12-10 04:23:29,130 DeMo.train INFO: ~~~~~~~~~~~~~~~~~~~~~~~~~~~~~~~~~~~~~~~~~~~~~~~~~~
2025-12-10 04:23:33,870 DeMo.train INFO: Epoch[35] Iteration[10/54] Loss: 1.912, Acc: 0.898, Base Lr: 5.00e-07
2025-12-10 04:23:36,371 DeMo.train INFO: Epoch[35] Iteration[20/54] Loss: 1.911, Acc: 0.924, Base Lr: 5.00e-07
2025-12-10 04:23:38,845 DeMo.train INFO: Epoch[35] Iteration[30/54] Loss: 1.909, Acc: 0.930, Base Lr: 5.00e-07
2025-12-10 04:23:41,380 DeMo.train INFO: Epoch[35] Iteration[40/54] Loss: 1.905, Acc: 0.930, Base Lr: 5.00e-07
2025-12-10 04:23:43,906 DeMo.train INFO: Epoch[35] Iteration[50/54] Loss: 1.901, Acc: 0.935, Base Lr: 5.00e-07
2025-12-10 04:23:44,772 DeMo.train INFO: Epoch 35 done. Time per batch: 0.295[s] Speed: 216.9[samples/s]
2025-12-10 04:23:44,774 DeMo.train INFO: ~~~~~~~~~~~~~~~~~~~~~~~~~~~~~~~~~~~~~~~~~~~~~~~~~~
2025-12-10 04:23:44,774 DeMo.train INFO: Current is the [moe,ori] feature testing!
2025-12-10 04:23:44,774 DeMo.train INFO: ~~~~~~~~~~~~~~~~~~~~~~~~~~~~~~~~~~~~~~~~~~~~~~~~~~
The test feature is normalized
=> Computing DistMat with euclidean_distance
2025-12-10 04:23:49,993 DeMo.train INFO: Validation Results - Epoch: 35
2025-12-10 04:23:49,993 DeMo.train INFO: mAP: 73.6%
2025-12-10 04:23:49,993 DeMo.train INFO: CMC curve, Rank-1  :77.5%
2025-12-10 04:23:49,993 DeMo.train INFO: CMC curve, Rank-5  :83.4%
2025-12-10 04:23:49,994 DeMo.train INFO: CMC curve, Rank-10 :87.0%
2025-12-10 04:23:49,994 DeMo.train INFO: ~~~~~~~~~~~~~~~~~~~~~~~~~~~~~~~~~~~~~~~~~~~~~~~~~~
2025-12-10 04:23:50,044 DeMo.train INFO: ~~~~~~~~~~~~~~~~~~~~~~~~~~~~~~~~~~~~~~~~~~~~~~~~~~
2025-12-10 04:23:50,044 DeMo.train INFO: Best mAP: 74.0%
2025-12-10 04:23:50,044 DeMo.train INFO: Best Rank-1: 77.2%
2025-12-10 04:23:50,044 DeMo.train INFO: Best Rank-5: 85.6%
2025-12-10 04:23:50,044 DeMo.train INFO: Best Rank-10: 88.5%
2025-12-10 04:23:50,045 DeMo.train INFO: ~~~~~~~~~~~~~~~~~~~~~~~~~~~~~~~~~~~~~~~~~~~~~~~~~~
2025-12-10 04:23:53,798 DeMo.train INFO: Epoch[36] Iteration[10/54] Loss: 1.937, Acc: 0.884, Base Lr: 5.00e-07
2025-12-10 04:23:56,475 DeMo.train INFO: Epoch[36] Iteration[20/54] Loss: 1.930, Acc: 0.909, Base Lr: 5.00e-07
2025-12-10 04:23:59,005 DeMo.train INFO: Epoch[36] Iteration[30/54] Loss: 1.922, Acc: 0.925, Base Lr: 5.00e-07
2025-12-10 04:24:01,902 DeMo.train INFO: Epoch[36] Iteration[40/54] Loss: 1.911, Acc: 0.941, Base Lr: 5.00e-07
2025-12-10 04:24:04,436 DeMo.train INFO: Epoch[36] Iteration[50/54] Loss: 1.901, Acc: 0.945, Base Lr: 5.00e-07
2025-12-10 04:24:05,307 DeMo.train INFO: Epoch 36 done. Time per batch: 0.288[s] Speed: 222.2[samples/s]
2025-12-10 04:24:05,308 DeMo.train INFO: ~~~~~~~~~~~~~~~~~~~~~~~~~~~~~~~~~~~~~~~~~~~~~~~~~~
2025-12-10 04:24:05,308 DeMo.train INFO: Current is the [moe,ori] feature testing!
2025-12-10 04:24:05,308 DeMo.train INFO: ~~~~~~~~~~~~~~~~~~~~~~~~~~~~~~~~~~~~~~~~~~~~~~~~~~
The test feature is normalized
=> Computing DistMat with euclidean_distance
2025-12-10 04:24:09,999 DeMo.train INFO: Validation Results - Epoch: 36
2025-12-10 04:24:09,999 DeMo.train INFO: mAP: 73.8%
2025-12-10 04:24:10,000 DeMo.train INFO: CMC curve, Rank-1  :78.0%
2025-12-10 04:24:10,000 DeMo.train INFO: CMC curve, Rank-5  :83.1%
2025-12-10 04:24:10,000 DeMo.train INFO: CMC curve, Rank-10 :87.0%
2025-12-10 04:24:10,000 DeMo.train INFO: ~~~~~~~~~~~~~~~~~~~~~~~~~~~~~~~~~~~~~~~~~~~~~~~~~~
2025-12-10 04:24:11,199 DeMo.train INFO: ~~~~~~~~~~~~~~~~~~~~~~~~~~~~~~~~~~~~~~~~~~~~~~~~~~
2025-12-10 04:24:11,199 DeMo.train INFO: Best mAP: 74.0%
2025-12-10 04:24:11,199 DeMo.train INFO: Best Rank-1: 77.2%
2025-12-10 04:24:11,199 DeMo.train INFO: Best Rank-5: 85.6%
2025-12-10 04:24:11,200 DeMo.train INFO: Best Rank-10: 88.5%
2025-12-10 04:24:11,200 DeMo.train INFO: ~~~~~~~~~~~~~~~~~~~~~~~~~~~~~~~~~~~~~~~~~~~~~~~~~~
2025-12-10 04:24:16,076 DeMo.train INFO: Epoch[37] Iteration[10/54] Loss: 1.933, Acc: 0.864, Base Lr: 5.00e-07
2025-12-10 04:24:18,641 DeMo.train INFO: Epoch[37] Iteration[20/54] Loss: 1.931, Acc: 0.903, Base Lr: 5.00e-07
2025-12-10 04:24:21,174 DeMo.train INFO: Epoch[37] Iteration[30/54] Loss: 1.922, Acc: 0.914, Base Lr: 5.00e-07
2025-12-10 04:24:23,669 DeMo.train INFO: Epoch[37] Iteration[40/54] Loss: 1.911, Acc: 0.931, Base Lr: 5.00e-07
2025-12-10 04:24:26,224 DeMo.train INFO: Epoch[37] Iteration[50/54] Loss: 1.905, Acc: 0.941, Base Lr: 5.00e-07
2025-12-10 04:24:27,067 DeMo.train INFO: Epoch 37 done. Time per batch: 0.299[s] Speed: 213.8[samples/s]
2025-12-10 04:24:27,069 DeMo.train INFO: ~~~~~~~~~~~~~~~~~~~~~~~~~~~~~~~~~~~~~~~~~~~~~~~~~~
2025-12-10 04:24:27,069 DeMo.train INFO: Current is the [moe,ori] feature testing!
2025-12-10 04:24:27,069 DeMo.train INFO: ~~~~~~~~~~~~~~~~~~~~~~~~~~~~~~~~~~~~~~~~~~~~~~~~~~
The test feature is normalized
=> Computing DistMat with euclidean_distance
2025-12-10 04:24:32,249 DeMo.train INFO: Validation Results - Epoch: 37
2025-12-10 04:24:32,249 DeMo.train INFO: mAP: 74.2%
2025-12-10 04:24:32,249 DeMo.train INFO: CMC curve, Rank-1  :78.0%
2025-12-10 04:24:32,249 DeMo.train INFO: CMC curve, Rank-5  :84.0%
2025-12-10 04:24:32,249 DeMo.train INFO: CMC curve, Rank-10 :87.6%
2025-12-10 04:24:32,249 DeMo.train INFO: ~~~~~~~~~~~~~~~~~~~~~~~~~~~~~~~~~~~~~~~~~~~~~~~~~~
2025-12-10 04:24:33,766 DeMo.train INFO: ~~~~~~~~~~~~~~~~~~~~~~~~~~~~~~~~~~~~~~~~~~~~~~~~~~
2025-12-10 04:24:33,768 DeMo.train INFO: Best mAP: 74.2%
2025-12-10 04:24:33,768 DeMo.train INFO: Best Rank-1: 78.0%
2025-12-10 04:24:33,768 DeMo.train INFO: Best Rank-5: 84.0%
2025-12-10 04:24:33,768 DeMo.train INFO: Best Rank-10: 87.6%
2025-12-10 04:24:33,768 DeMo.train INFO: ~~~~~~~~~~~~~~~~~~~~~~~~~~~~~~~~~~~~~~~~~~~~~~~~~~
2025-12-10 04:24:37,959 DeMo.train INFO: Epoch[38] Iteration[10/54] Loss: 1.919, Acc: 0.908, Base Lr: 5.00e-07
2025-12-10 04:24:40,462 DeMo.train INFO: Epoch[38] Iteration[20/54] Loss: 1.910, Acc: 0.915, Base Lr: 5.00e-07
2025-12-10 04:24:42,932 DeMo.train INFO: Epoch[38] Iteration[30/54] Loss: 1.905, Acc: 0.934, Base Lr: 5.00e-07
2025-12-10 04:24:45,420 DeMo.train INFO: Epoch[38] Iteration[40/54] Loss: 1.897, Acc: 0.940, Base Lr: 5.00e-07
2025-12-10 04:24:47,939 DeMo.train INFO: Epoch[38] Iteration[50/54] Loss: 1.892, Acc: 0.946, Base Lr: 5.00e-07
2025-12-10 04:24:48,803 DeMo.train INFO: Epoch 38 done. Time per batch: 0.284[s] Speed: 225.6[samples/s]
2025-12-10 04:24:48,804 DeMo.train INFO: ~~~~~~~~~~~~~~~~~~~~~~~~~~~~~~~~~~~~~~~~~~~~~~~~~~
2025-12-10 04:24:48,805 DeMo.train INFO: Current is the [moe,ori] feature testing!
2025-12-10 04:24:48,805 DeMo.train INFO: ~~~~~~~~~~~~~~~~~~~~~~~~~~~~~~~~~~~~~~~~~~~~~~~~~~
The test feature is normalized
=> Computing DistMat with euclidean_distance
2025-12-10 04:24:54,076 DeMo.train INFO: Validation Results - Epoch: 38
2025-12-10 04:24:54,076 DeMo.train INFO: mAP: 74.2%
2025-12-10 04:24:54,076 DeMo.train INFO: CMC curve, Rank-1  :78.2%
2025-12-10 04:24:54,076 DeMo.train INFO: CMC curve, Rank-5  :83.7%
2025-12-10 04:24:54,076 DeMo.train INFO: CMC curve, Rank-10 :87.4%
2025-12-10 04:24:54,076 DeMo.train INFO: ~~~~~~~~~~~~~~~~~~~~~~~~~~~~~~~~~~~~~~~~~~~~~~~~~~
2025-12-10 04:24:54,127 DeMo.train INFO: ~~~~~~~~~~~~~~~~~~~~~~~~~~~~~~~~~~~~~~~~~~~~~~~~~~
2025-12-10 04:24:54,128 DeMo.train INFO: Best mAP: 74.2%
2025-12-10 04:24:54,128 DeMo.train INFO: Best Rank-1: 78.0%
2025-12-10 04:24:54,128 DeMo.train INFO: Best Rank-5: 84.0%
2025-12-10 04:24:54,128 DeMo.train INFO: Best Rank-10: 87.6%
2025-12-10 04:24:54,128 DeMo.train INFO: ~~~~~~~~~~~~~~~~~~~~~~~~~~~~~~~~~~~~~~~~~~~~~~~~~~
2025-12-10 04:24:58,120 DeMo.train INFO: Epoch[39] Iteration[10/54] Loss: 1.909, Acc: 0.920, Base Lr: 5.00e-07
2025-12-10 04:25:01,599 DeMo.train INFO: Epoch[39] Iteration[20/54] Loss: 1.918, Acc: 0.920, Base Lr: 5.00e-07
2025-12-10 04:25:04,117 DeMo.train INFO: Epoch[39] Iteration[30/54] Loss: 1.910, Acc: 0.922, Base Lr: 5.00e-07
2025-12-10 04:25:06,605 DeMo.train INFO: Epoch[39] Iteration[40/54] Loss: 1.900, Acc: 0.937, Base Lr: 5.00e-07
2025-12-10 04:25:09,108 DeMo.train INFO: Epoch[39] Iteration[50/54] Loss: 1.892, Acc: 0.947, Base Lr: 5.00e-07
2025-12-10 04:25:09,947 DeMo.train INFO: Epoch 39 done. Time per batch: 0.298[s] Speed: 214.4[samples/s]
2025-12-10 04:25:09,948 DeMo.train INFO: ~~~~~~~~~~~~~~~~~~~~~~~~~~~~~~~~~~~~~~~~~~~~~~~~~~
2025-12-10 04:25:09,948 DeMo.train INFO: Current is the [moe,ori] feature testing!
2025-12-10 04:25:09,948 DeMo.train INFO: ~~~~~~~~~~~~~~~~~~~~~~~~~~~~~~~~~~~~~~~~~~~~~~~~~~
The test feature is normalized
=> Computing DistMat with euclidean_distance
2025-12-10 04:25:14,850 DeMo.train INFO: Validation Results - Epoch: 39
2025-12-10 04:25:14,851 DeMo.train INFO: mAP: 74.3%
2025-12-10 04:25:14,851 DeMo.train INFO: CMC curve, Rank-1  :78.1%
2025-12-10 04:25:14,851 DeMo.train INFO: CMC curve, Rank-5  :84.1%
2025-12-10 04:25:14,851 DeMo.train INFO: CMC curve, Rank-10 :87.3%
2025-12-10 04:25:14,851 DeMo.train INFO: ~~~~~~~~~~~~~~~~~~~~~~~~~~~~~~~~~~~~~~~~~~~~~~~~~~
2025-12-10 04:25:15,782 DeMo.train INFO: ~~~~~~~~~~~~~~~~~~~~~~~~~~~~~~~~~~~~~~~~~~~~~~~~~~
2025-12-10 04:25:15,782 DeMo.train INFO: Best mAP: 74.3%
2025-12-10 04:25:15,782 DeMo.train INFO: Best Rank-1: 78.1%
2025-12-10 04:25:15,782 DeMo.train INFO: Best Rank-5: 84.1%
2025-12-10 04:25:15,782 DeMo.train INFO: Best Rank-10: 87.3%
2025-12-10 04:25:15,783 DeMo.train INFO: ~~~~~~~~~~~~~~~~~~~~~~~~~~~~~~~~~~~~~~~~~~~~~~~~~~
2025-12-10 04:25:20,210 DeMo.train INFO: Epoch[40] Iteration[10/54] Loss: 1.891, Acc: 0.930, Base Lr: 5.00e-08
2025-12-10 04:25:22,710 DeMo.train INFO: Epoch[40] Iteration[20/54] Loss: 1.896, Acc: 0.927, Base Lr: 5.00e-08
2025-12-10 04:25:25,214 DeMo.train INFO: Epoch[40] Iteration[30/54] Loss: 1.896, Acc: 0.930, Base Lr: 5.00e-08
2025-12-10 04:25:27,705 DeMo.train INFO: Epoch[40] Iteration[40/54] Loss: 1.896, Acc: 0.932, Base Lr: 5.00e-08
2025-12-10 04:25:30,275 DeMo.train INFO: Epoch[40] Iteration[50/54] Loss: 1.885, Acc: 0.944, Base Lr: 5.00e-08
2025-12-10 04:25:31,138 DeMo.train INFO: Epoch 40 done. Time per batch: 0.290[s] Speed: 220.9[samples/s]
2025-12-10 04:25:31,140 DeMo.train INFO: ~~~~~~~~~~~~~~~~~~~~~~~~~~~~~~~~~~~~~~~~~~~~~~~~~~
2025-12-10 04:25:31,140 DeMo.train INFO: Current is the [moe,ori] feature testing!
2025-12-10 04:25:31,140 DeMo.train INFO: ~~~~~~~~~~~~~~~~~~~~~~~~~~~~~~~~~~~~~~~~~~~~~~~~~~
The test feature is normalized
=> Computing DistMat with euclidean_distance
2025-12-10 04:25:36,014 DeMo.train INFO: Validation Results - Epoch: 40
2025-12-10 04:25:36,014 DeMo.train INFO: mAP: 74.3%
2025-12-10 04:25:36,015 DeMo.train INFO: CMC curve, Rank-1  :78.1%
2025-12-10 04:25:36,015 DeMo.train INFO: CMC curve, Rank-5  :84.2%
2025-12-10 04:25:36,015 DeMo.train INFO: CMC curve, Rank-10 :87.3%
2025-12-10 04:25:36,015 DeMo.train INFO: ~~~~~~~~~~~~~~~~~~~~~~~~~~~~~~~~~~~~~~~~~~~~~~~~~~
2025-12-10 04:25:37,906 DeMo.train INFO: ~~~~~~~~~~~~~~~~~~~~~~~~~~~~~~~~~~~~~~~~~~~~~~~~~~
2025-12-10 04:25:37,906 DeMo.train INFO: Best mAP: 74.3%
2025-12-10 04:25:37,906 DeMo.train INFO: Best Rank-1: 78.1%
2025-12-10 04:25:37,906 DeMo.train INFO: Best Rank-5: 84.2%
2025-12-10 04:25:37,906 DeMo.train INFO: Best Rank-10: 87.3%
2025-12-10 04:25:37,906 DeMo.train INFO: ~~~~~~~~~~~~~~~~~~~~~~~~~~~~~~~~~~~~~~~~~~~~~~~~~~
2025-12-10 04:25:42,129 DeMo.train INFO: Epoch[41] Iteration[10/54] Loss: 1.924, Acc: 0.911, Base Lr: 5.00e-08
2025-12-10 04:25:44,684 DeMo.train INFO: Epoch[41] Iteration[20/54] Loss: 1.903, Acc: 0.923, Base Lr: 5.00e-08
2025-12-10 04:25:47,175 DeMo.train INFO: Epoch[41] Iteration[30/54] Loss: 1.891, Acc: 0.931, Base Lr: 5.00e-08
