2025-12-08 07:17:25,829 DeMo INFO: Saving model in the path :..
2025-12-08 07:17:25,829 DeMo INFO: Namespace(config_file='configs/MSVR310/DeMo_SDTPS_DGAF_ablation.yml', exp_name='cross_attn_baseline', fea_cft=0, local_rank=0, opts=['MODEL.USE_SDTPS', 'False', 'MODEL.USE_DGAF', 'False'])
2025-12-08 07:17:25,829 DeMo INFO: Loaded configuration file configs/MSVR310/DeMo_SDTPS_DGAF_ablation.yml
2025-12-08 07:17:25,830 DeMo INFO: 
MODEL:
  TRANSFORMER_TYPE: 'ViT-B-16'
  STRIDE_SIZE: [ 16, 16 ]
  SIE_CAMERA: True
  DIRECT: 1
  SIE_COE: 1.0
  ID_LOSS_WEIGHT: 0.25
  TRIPLET_LOSS_WEIGHT: 1.0
  GLOBAL_LOCAL: True
  # Disable HDM and ATM
  HDM: False
  ATM: False
  # SACR disabled for ablation
  USE_SACR: False
  USE_MULTIMODAL_SACR: False
  # SDTPS configuration
  USE_SDTPS: True
  SDTPS_SPARSE_RATIO: 0.7
  SDTPS_AGGR_RATIO: 0.5
  SDTPS_BETA: 0.25
  SDTPS_USE_GUMBEL: False
  SDTPS_GUMBEL_TAU: 5.0
  SDTPS_LOSS_WEIGHT: 2.0
  # LIF disabled
  USE_LIF: False
  # DGAF: Dual-Gated Adaptive Fusion
  USE_DGAF: True
  DGAF_VERSION: 'v3'
  DGAF_TAU: 1.0
  DGAF_INIT_ALPHA: 0.5
  DGAF_NUM_HEADS: 8
  HEAD: 4

INPUT:
  SIZE_TRAIN: [ 128, 256 ]
  SIZE_TEST: [ 128, 256 ]
  PROB: 0.5
  RE_PROB: 0.5
  PADDING: 10

DATALOADER:
  SAMPLER: 'softmax_triplet'
  NUM_INSTANCE: 4
  NUM_WORKERS: 14

DATASETS:
  NAMES: ('MSVR310')
  ROOT_DIR: '..'

SOLVER:
  BASE_LR: 0.00035
  MAX_EPOCHS: 50
  STEPS: [30, 40]
  GAMMA: 0.1
  WARMUP_ITERS: 10
  WARMUP_FACTOR: 0.01
  WARMUP_METHOD: 'linear'
  OPTIMIZER_NAME: 'Adam'
  IMS_PER_BATCH: 64
  EVAL_PERIOD: 1
  CHECKPOINT_PERIOD: 10

TEST:
  IMS_PER_BATCH: 64
  RE_RANKING: 'no'
  WEIGHT: ''
  NECK_FEAT: 'before'
  FEAT_NORM: 'yes'
  MISS: "nothing"

OUTPUT_DIR: '..'

# ============================================================================
# MSVR310 SDTPS + DGAF Ablation Config
# ============================================================================
# - Based on original DeMo.yml for MSVR310
# - SACR: disabled
# - HDM/ATM: disabled, DIRECT: 1
# - SDTPS: configurable via command line
# - DGAF V3: configurable via command line
# - Training: lr=0.00035, epochs=50, warmup=10 (same as original)
# ============================================================================

2025-12-08 07:17:25,830 DeMo INFO: Running with config:
DATALOADER:
  NUM_INSTANCE: 4
  NUM_WORKERS: 14
  SAMPLER: softmax_triplet
DATASETS:
  NAMES: MSVR310
  ROOT_DIR: ..
INPUT:
  PADDING: 10
  PIXEL_MEAN: [0.5, 0.5, 0.5]
  PIXEL_STD: [0.5, 0.5, 0.5]
  PROB: 0.5
  RE_PROB: 0.5
  SIZE_TEST: [128, 256]
  SIZE_TRAIN: [128, 256]
MODEL:
  ADAPTER: False
  ATM: False
  ATT_DROP_RATE: 0.0
  DEVICE: cuda
  DEVICE_ID: 0
  DGAF_INIT_ALPHA: 0.5
  DGAF_NUM_HEADS: 8
  DGAF_TAU: 1.0
  DGAF_VERSION: v3
  DIRECT: 1
  DIST_TRAIN: False
  DROP_OUT: 0.0
  DROP_PATH: 0.1
  FROZEN: False
  GLOBAL_LOCAL: True
  HDM: False
  HEAD: 4
  ID_LOSS_TYPE: softmax
  ID_LOSS_WEIGHT: 0.25
  IF_LABELSMOOTH: on
  IF_WITH_CENTER: no
  LIF_BETA: 0.4
  LIF_LAYER: 3
  LIF_LOSS_WEIGHT: 0.1
  METRIC_LOSS_TYPE: triplet
  MULTIMODAL_SACR_VERSION: v1
  NAME: DeMo
  NECK: bnneck
  NO_MARGIN: True
  PRETRAIN_PATH_T: /path/to/your/vitb_16_224_21k.pth
  PROMPT: False
  SACR_DILATION_RATES: [2, 3, 4]
  SDTPS_AGGR_RATIO: 0.5
  SDTPS_BETA: 0.25
  SDTPS_CROSS_ATTN_HEADS: 4
  SDTPS_CROSS_ATTN_TYPE: cosine
  SDTPS_GUMBEL_TAU: 5.0
  SDTPS_LOSS_WEIGHT: 2.0
  SDTPS_SPARSE_RATIO: 0.7
  SDTPS_USE_GUMBEL: False
  SIE_CAMERA: True
  SIE_COE: 1.0
  SIE_VIEW: False
  STRIDE_SIZE: [16, 16]
  TRANSFORMER_TYPE: ViT-B-16
  TRIPLET_LOSS_WEIGHT: 1.0
  USE_DGAF: False
  USE_LIF: False
  USE_MULTIMODAL_SACR: False
  USE_SACR: False
  USE_SDTPS: False
OUTPUT_DIR: ..
SOLVER:
  BASE_LR: 0.00035
  BIAS_LR_FACTOR: 2
  CENTER_LOSS_WEIGHT: 0.0005
  CENTER_LR: 0.5
  CHECKPOINT_PERIOD: 10
  CLUSTER_MARGIN: 0.3
  COSINE_MARGIN: 0.5
  COSINE_SCALE: 30
  EVAL_PERIOD: 1
  GAMMA: 0.1
  IMS_PER_BATCH: 64
  LARGE_FC_LR: False
  LOG_PERIOD: 10
  LR_SCHEDULER: cosine
  MARGIN: 0.3
  MAX_EPOCHS: 50
  MOMENTUM: 0.9
  OPTIMIZER_NAME: Adam
  RANGE_ALPHA: 0
  RANGE_BETA: 1
  RANGE_K: 2
  RANGE_LOSS_WEIGHT: 1
  RANGE_MARGIN: 0.3
  SEED: 1111
  STEPS: (30, 40)
  WARMUP_FACTOR: 0.01
  WARMUP_ITERS: 10
  WARMUP_METHOD: linear
  WEIGHT_DECAY: 0.0001
  WEIGHT_DECAY_BIAS: 0.0001
TEST:
  FEAT: 0
  FEAT_NORM: yes
  IMS_PER_BATCH: 64
  MISS: nothing
  NECK_FEAT: before
  RE_RANKING: no
  WEIGHT: 
=> RGB_IR loaded
Dataset statistics:
  ----------------------------------------
  subset   | # ids | # images | # cameras
  ----------------------------------------
  train    |   155 |     1032 |         8
  query    |    52 |      591 |         8
  gallery  |   155 |     1055 |         8
  ----------------------------------------
data is ready
using Transformer_type: ViT-B-16 as a backbone
Resized position embedding: %s to %s torch.Size([197, 768]) torch.Size([129, 768])
Position embedding resize to height:8 width: 16
Successfully load ckpt!
<All keys matched successfully>
Loading pretrained model from CLIP
camera number is : 8
===========Building DeMo===========
2025-12-08 07:17:40,863 DeMo INFO: DeMo(
  (BACKBONE): build_transformer(
    (base): VisionTransformer(
      (conv1): Conv2d(3, 768, kernel_size=(16, 16), stride=(16, 16), bias=False)
      (ln_pre): LayerNorm((768,), eps=1e-05, elementwise_affine=True)
      (transformer): Transformer(
        (resblocks): Sequential(
          (0): ResidualAttentionBlock(
            (attn): MultiheadAttention(
              (out_proj): NonDynamicallyQuantizableLinear(in_features=768, out_features=768, bias=True)
            )
            (ln_1): LayerNorm((768,), eps=1e-05, elementwise_affine=True)
            (mlp): Sequential(
              (c_fc): Linear(in_features=768, out_features=3072, bias=True)
              (gelu): QuickGELU()
              (c_proj): Linear(in_features=3072, out_features=768, bias=True)
            )
            (ln_2): LayerNorm((768,), eps=1e-05, elementwise_affine=True)
          )
          (1): ResidualAttentionBlock(
            (attn): MultiheadAttention(
              (out_proj): NonDynamicallyQuantizableLinear(in_features=768, out_features=768, bias=True)
            )
            (ln_1): LayerNorm((768,), eps=1e-05, elementwise_affine=True)
            (mlp): Sequential(
              (c_fc): Linear(in_features=768, out_features=3072, bias=True)
              (gelu): QuickGELU()
              (c_proj): Linear(in_features=3072, out_features=768, bias=True)
            )
            (ln_2): LayerNorm((768,), eps=1e-05, elementwise_affine=True)
          )
          (2): ResidualAttentionBlock(
            (attn): MultiheadAttention(
              (out_proj): NonDynamicallyQuantizableLinear(in_features=768, out_features=768, bias=True)
            )
            (ln_1): LayerNorm((768,), eps=1e-05, elementwise_affine=True)
            (mlp): Sequential(
              (c_fc): Linear(in_features=768, out_features=3072, bias=True)
              (gelu): QuickGELU()
              (c_proj): Linear(in_features=3072, out_features=768, bias=True)
            )
            (ln_2): LayerNorm((768,), eps=1e-05, elementwise_affine=True)
          )
          (3): ResidualAttentionBlock(
            (attn): MultiheadAttention(
              (out_proj): NonDynamicallyQuantizableLinear(in_features=768, out_features=768, bias=True)
            )
            (ln_1): LayerNorm((768,), eps=1e-05, elementwise_affine=True)
            (mlp): Sequential(
              (c_fc): Linear(in_features=768, out_features=3072, bias=True)
              (gelu): QuickGELU()
              (c_proj): Linear(in_features=3072, out_features=768, bias=True)
            )
            (ln_2): LayerNorm((768,), eps=1e-05, elementwise_affine=True)
          )
          (4): ResidualAttentionBlock(
            (attn): MultiheadAttention(
              (out_proj): NonDynamicallyQuantizableLinear(in_features=768, out_features=768, bias=True)
            )
            (ln_1): LayerNorm((768,), eps=1e-05, elementwise_affine=True)
            (mlp): Sequential(
              (c_fc): Linear(in_features=768, out_features=3072, bias=True)
              (gelu): QuickGELU()
              (c_proj): Linear(in_features=3072, out_features=768, bias=True)
            )
            (ln_2): LayerNorm((768,), eps=1e-05, elementwise_affine=True)
          )
          (5): ResidualAttentionBlock(
            (attn): MultiheadAttention(
              (out_proj): NonDynamicallyQuantizableLinear(in_features=768, out_features=768, bias=True)
            )
            (ln_1): LayerNorm((768,), eps=1e-05, elementwise_affine=True)
            (mlp): Sequential(
              (c_fc): Linear(in_features=768, out_features=3072, bias=True)
              (gelu): QuickGELU()
              (c_proj): Linear(in_features=3072, out_features=768, bias=True)
            )
            (ln_2): LayerNorm((768,), eps=1e-05, elementwise_affine=True)
          )
          (6): ResidualAttentionBlock(
            (attn): MultiheadAttention(
              (out_proj): NonDynamicallyQuantizableLinear(in_features=768, out_features=768, bias=True)
            )
            (ln_1): LayerNorm((768,), eps=1e-05, elementwise_affine=True)
            (mlp): Sequential(
              (c_fc): Linear(in_features=768, out_features=3072, bias=True)
              (gelu): QuickGELU()
              (c_proj): Linear(in_features=3072, out_features=768, bias=True)
            )
            (ln_2): LayerNorm((768,), eps=1e-05, elementwise_affine=True)
          )
          (7): ResidualAttentionBlock(
            (attn): MultiheadAttention(
              (out_proj): NonDynamicallyQuantizableLinear(in_features=768, out_features=768, bias=True)
            )
            (ln_1): LayerNorm((768,), eps=1e-05, elementwise_affine=True)
            (mlp): Sequential(
              (c_fc): Linear(in_features=768, out_features=3072, bias=True)
              (gelu): QuickGELU()
              (c_proj): Linear(in_features=3072, out_features=768, bias=True)
            )
            (ln_2): LayerNorm((768,), eps=1e-05, elementwise_affine=True)
          )
          (8): ResidualAttentionBlock(
            (attn): MultiheadAttention(
              (out_proj): NonDynamicallyQuantizableLinear(in_features=768, out_features=768, bias=True)
            )
            (ln_1): LayerNorm((768,), eps=1e-05, elementwise_affine=True)
            (mlp): Sequential(
              (c_fc): Linear(in_features=768, out_features=3072, bias=True)
              (gelu): QuickGELU()
              (c_proj): Linear(in_features=3072, out_features=768, bias=True)
            )
            (ln_2): LayerNorm((768,), eps=1e-05, elementwise_affine=True)
          )
          (9): ResidualAttentionBlock(
            (attn): MultiheadAttention(
              (out_proj): NonDynamicallyQuantizableLinear(in_features=768, out_features=768, bias=True)
            )
            (ln_1): LayerNorm((768,), eps=1e-05, elementwise_affine=True)
            (mlp): Sequential(
              (c_fc): Linear(in_features=768, out_features=3072, bias=True)
              (gelu): QuickGELU()
              (c_proj): Linear(in_features=3072, out_features=768, bias=True)
            )
            (ln_2): LayerNorm((768,), eps=1e-05, elementwise_affine=True)
          )
          (10): ResidualAttentionBlock(
            (attn): MultiheadAttention(
              (out_proj): NonDynamicallyQuantizableLinear(in_features=768, out_features=768, bias=True)
            )
            (ln_1): LayerNorm((768,), eps=1e-05, elementwise_affine=True)
            (mlp): Sequential(
              (c_fc): Linear(in_features=768, out_features=3072, bias=True)
              (gelu): QuickGELU()
              (c_proj): Linear(in_features=3072, out_features=768, bias=True)
            )
            (ln_2): LayerNorm((768,), eps=1e-05, elementwise_affine=True)
          )
          (11): ResidualAttentionBlock(
            (attn): MultiheadAttention(
              (out_proj): NonDynamicallyQuantizableLinear(in_features=768, out_features=768, bias=True)
            )
            (ln_1): LayerNorm((768,), eps=1e-05, elementwise_affine=True)
            (mlp): Sequential(
              (c_fc): Linear(in_features=768, out_features=3072, bias=True)
              (gelu): QuickGELU()
              (c_proj): Linear(in_features=3072, out_features=768, bias=True)
            )
            (ln_2): LayerNorm((768,), eps=1e-05, elementwise_affine=True)
          )
        )
      )
      (ln_post): LayerNorm((768,), eps=1e-05, elementwise_affine=True)
    )
  )
  (pool): AdaptiveAvgPool1d(output_size=1)
  (rgb_reduce): Sequential(
    (0): LayerNorm((1024,), eps=1e-05, elementwise_affine=True)
    (1): Linear(in_features=1024, out_features=512, bias=True)
    (2): QuickGELU()
  )
  (nir_reduce): Sequential(
    (0): LayerNorm((1024,), eps=1e-05, elementwise_affine=True)
    (1): Linear(in_features=1024, out_features=512, bias=True)
    (2): QuickGELU()
  )
  (tir_reduce): Sequential(
    (0): LayerNorm((1024,), eps=1e-05, elementwise_affine=True)
    (1): Linear(in_features=1024, out_features=512, bias=True)
    (2): QuickGELU()
  )
  (classifier): Linear(in_features=1536, out_features=155, bias=False)
  (bottleneck): BatchNorm1d(1536, eps=1e-05, momentum=0.1, affine=True, track_running_stats=True)
)
2025-12-08 07:17:40,864 DeMo INFO: number of parameters:87.96672
/home/yij/miniconda3/envs/DeMo/lib/python3.8/site-packages/timm/models/helpers.py:7: FutureWarning: Importing from timm.models.helpers is deprecated, please import via timm.models
  warnings.warn(f"Importing from {__name__} is deprecated, please import via timm.models", FutureWarning)
/home/yij/miniconda3/envs/DeMo/lib/python3.8/site-packages/timm/models/registry.py:4: FutureWarning: Importing from timm.models.registry is deprecated, please import via timm.models
  warnings.warn(f"Importing from {__name__} is deprecated, please import via timm.models", FutureWarning)
/home/yij/miniconda3/envs/DeMo/lib/python3.8/site-packages/timm/models/layers/__init__.py:48: FutureWarning: Importing from timm.models.layers is deprecated, please import via timm.layers
  warnings.warn(f"Importing from {__name__} is deprecated, please import via timm.layers", FutureWarning)
/raid/yij/icme/demo2new/DeMo2/modeling/clip/clip.py:23: UserWarning: PyTorch version 1.7.1 or higher is recommended
  warnings.warn("PyTorch version 1.7.1 or higher is recommended")
/home/yij/miniconda3/envs/DeMo/lib/python3.8/site-packages/torchvision/transforms/transforms.py:329: UserWarning: Argument 'interpolation' of type int is deprecated since 0.13 and will be removed in 0.15. Please use InterpolationMode enum.
  warnings.warn(
The following submodules of the model were never called during the trace of the graph. They may be unused, or they were accessed by direct calls to .forward() or via other python methods. In the latter case they will have zeros for statistics, though their statistics will still contribute to their parent calling module.
BACKBONE.base.transformer.resblocks.0.attn.out_proj, BACKBONE.base.transformer.resblocks.1.attn.out_proj, BACKBONE.base.transformer.resblocks.10.attn.out_proj, BACKBONE.base.transformer.resblocks.11.attn.out_proj, BACKBONE.base.transformer.resblocks.2.attn.out_proj, BACKBONE.base.transformer.resblocks.3.attn.out_proj, BACKBONE.base.transformer.resblocks.4.attn.out_proj, BACKBONE.base.transformer.resblocks.5.attn.out_proj, BACKBONE.base.transformer.resblocks.6.attn.out_proj, BACKBONE.base.transformer.resblocks.7.attn.out_proj, BACKBONE.base.transformer.resblocks.8.attn.out_proj, BACKBONE.base.transformer.resblocks.9.attn.out_proj, bottleneck, classifier
~~~~~~~~~~~~~~~~~~~~~~~~~~~~~~~~~~~~~~~~~~~~~~~~~~~~~~~~~~~~~~~~~~~~~~~~~~~~~~~~~~~~~~~~~~~~~~~~
The out_proj here is called by the nn.MultiheadAttention, which has been calculated in th .forward(), so just ignore it.
~~~~~~~~~~~~~~~~~~~~~~~~~~~~~~~~~~~~~~~~~~~~~~~~~~~~~~~~~~~~~~~~~~~~~~~~~~~~~~~~~~~~~~~~~~~~~~~~
For the bottleneck or classifier, it is not calculated during inference, so just ignore it.
~~~~~~~~~~~~~~~~~~~~~~~~~~~~~~~~~~~~~~~~~~~~~~~~~~~~~~~~~~~~~~~~~~~~~~~~~~~~~~~~~~~~~~~~~~~~~~~~
2025-12-08 07:17:53,079 DeMo INFO: number of GFLOPs: 34.277168148
using soft triplet loss for training
label smooth on, numclasses: 155
2025-12-08 07:17:53,089 DeMo.train INFO: start training
2025-12-08 07:18:03,132 DeMo.train INFO: Epoch[1] Iteration[10/16] Loss: 2.556, Acc: 0.008, Base Lr: 6.65e-05
2025-12-08 07:18:04,197 DeMo.train INFO: Epoch 1 done. Time per batch: 0.793[s] Speed: 80.7[samples/s]
2025-12-08 07:18:04,197 DeMo.train INFO: ~~~~~~~~~~~~~~~~~~~~~~~~~~~~~~~~~~~~~~~~~~~~~~~~~~
2025-12-08 07:18:04,198 DeMo.train INFO: Current is the [moe,ori] feature testing!
2025-12-08 07:18:04,198 DeMo.train INFO: ~~~~~~~~~~~~~~~~~~~~~~~~~~~~~~~~~~~~~~~~~~~~~~~~~~
The test feature is normalized
2025-12-08 07:18:15,230 DeMo.train INFO: Validation Results - Epoch: 1
2025-12-08 07:18:15,230 DeMo.train INFO: mAP: 15.1%
2025-12-08 07:18:15,230 DeMo.train INFO: CMC curve, Rank-1  :35.2%
2025-12-08 07:18:15,230 DeMo.train INFO: CMC curve, Rank-5  :55.8%
2025-12-08 07:18:15,230 DeMo.train INFO: CMC curve, Rank-10 :63.5%
2025-12-08 07:18:15,230 DeMo.train INFO: ~~~~~~~~~~~~~~~~~~~~~~~~~~~~~~~~~~~~~~~~~~~~~~~~~~
2025-12-08 07:18:32,374 DeMo.train INFO: ~~~~~~~~~~~~~~~~~~~~~~~~~~~~~~~~~~~~~~~~~~~~~~~~~~
2025-12-08 07:18:32,375 DeMo.train INFO: Best mAP: 15.1%
2025-12-08 07:18:32,375 DeMo.train INFO: Best Rank-1: 35.2%
2025-12-08 07:18:32,375 DeMo.train INFO: Best Rank-5: 55.8%
2025-12-08 07:18:32,375 DeMo.train INFO: Best Rank-10: 63.5%
2025-12-08 07:18:32,375 DeMo.train INFO: ~~~~~~~~~~~~~~~~~~~~~~~~~~~~~~~~~~~~~~~~~~~~~~~~~~
2025-12-08 07:18:41,704 DeMo.train INFO: Epoch[2] Iteration[10/16] Loss: 2.007, Acc: 0.087, Base Lr: 9.80e-05
2025-12-08 07:18:42,773 DeMo.train INFO: Epoch 2 done. Time per batch: 0.743[s] Speed: 86.2[samples/s]
2025-12-08 07:18:42,775 DeMo.train INFO: ~~~~~~~~~~~~~~~~~~~~~~~~~~~~~~~~~~~~~~~~~~~~~~~~~~
2025-12-08 07:18:42,776 DeMo.train INFO: Current is the [moe,ori] feature testing!
2025-12-08 07:18:42,778 DeMo.train INFO: ~~~~~~~~~~~~~~~~~~~~~~~~~~~~~~~~~~~~~~~~~~~~~~~~~~
The test feature is normalized
2025-12-08 07:18:55,655 DeMo.train INFO: Validation Results - Epoch: 2
2025-12-08 07:18:55,655 DeMo.train INFO: mAP: 20.5%
2025-12-08 07:18:55,655 DeMo.train INFO: CMC curve, Rank-1  :34.9%
2025-12-08 07:18:55,655 DeMo.train INFO: CMC curve, Rank-5  :59.6%
2025-12-08 07:18:55,655 DeMo.train INFO: CMC curve, Rank-10 :68.2%
2025-12-08 07:18:55,655 DeMo.train INFO: ~~~~~~~~~~~~~~~~~~~~~~~~~~~~~~~~~~~~~~~~~~~~~~~~~~
2025-12-08 07:19:34,707 DeMo.train INFO: ~~~~~~~~~~~~~~~~~~~~~~~~~~~~~~~~~~~~~~~~~~~~~~~~~~
2025-12-08 07:19:34,708 DeMo.train INFO: Best mAP: 20.5%
2025-12-08 07:19:34,710 DeMo.train INFO: Best Rank-1: 34.9%
2025-12-08 07:19:34,711 DeMo.train INFO: Best Rank-5: 59.6%
2025-12-08 07:19:34,713 DeMo.train INFO: Best Rank-10: 68.2%
2025-12-08 07:19:34,713 DeMo.train INFO: ~~~~~~~~~~~~~~~~~~~~~~~~~~~~~~~~~~~~~~~~~~~~~~~~~~
2025-12-08 07:19:47,484 DeMo.train INFO: Epoch[3] Iteration[10/16] Loss: 1.914, Acc: 0.384, Base Lr: 1.30e-04
2025-12-08 07:19:48,562 DeMo.train INFO: Epoch 3 done. Time per batch: 0.989[s] Speed: 64.7[samples/s]
2025-12-08 07:19:48,564 DeMo.train INFO: ~~~~~~~~~~~~~~~~~~~~~~~~~~~~~~~~~~~~~~~~~~~~~~~~~~
2025-12-08 07:19:48,565 DeMo.train INFO: Current is the [moe,ori] feature testing!
2025-12-08 07:19:48,567 DeMo.train INFO: ~~~~~~~~~~~~~~~~~~~~~~~~~~~~~~~~~~~~~~~~~~~~~~~~~~
The test feature is normalized
2025-12-08 07:20:07,922 DeMo.train INFO: Validation Results - Epoch: 3
2025-12-08 07:20:07,922 DeMo.train INFO: mAP: 32.0%
2025-12-08 07:20:07,922 DeMo.train INFO: CMC curve, Rank-1  :50.6%
2025-12-08 07:20:07,922 DeMo.train INFO: CMC curve, Rank-5  :70.4%
2025-12-08 07:20:07,922 DeMo.train INFO: CMC curve, Rank-10 :80.5%
2025-12-08 07:20:07,923 DeMo.train INFO: ~~~~~~~~~~~~~~~~~~~~~~~~~~~~~~~~~~~~~~~~~~~~~~~~~~
2025-12-08 07:20:25,954 DeMo.train INFO: ~~~~~~~~~~~~~~~~~~~~~~~~~~~~~~~~~~~~~~~~~~~~~~~~~~
2025-12-08 07:20:25,954 DeMo.train INFO: Best mAP: 32.0%
2025-12-08 07:20:25,955 DeMo.train INFO: Best Rank-1: 50.6%
2025-12-08 07:20:25,955 DeMo.train INFO: Best Rank-5: 70.4%
2025-12-08 07:20:25,955 DeMo.train INFO: Best Rank-10: 80.5%
2025-12-08 07:20:25,955 DeMo.train INFO: ~~~~~~~~~~~~~~~~~~~~~~~~~~~~~~~~~~~~~~~~~~~~~~~~~~
2025-12-08 07:20:31,986 DeMo.train INFO: Epoch[4] Iteration[10/16] Loss: 1.808, Acc: 0.463, Base Lr: 1.61e-04
2025-12-08 07:20:33,284 DeMo.train INFO: Epoch 4 done. Time per batch: 0.489[s] Speed: 131.0[samples/s]
2025-12-08 07:20:33,285 DeMo.train INFO: ~~~~~~~~~~~~~~~~~~~~~~~~~~~~~~~~~~~~~~~~~~~~~~~~~~
2025-12-08 07:20:33,285 DeMo.train INFO: Current is the [moe,ori] feature testing!
2025-12-08 07:20:33,286 DeMo.train INFO: ~~~~~~~~~~~~~~~~~~~~~~~~~~~~~~~~~~~~~~~~~~~~~~~~~~
The test feature is normalized
2025-12-08 07:20:55,023 DeMo.train INFO: Validation Results - Epoch: 4
2025-12-08 07:20:55,024 DeMo.train INFO: mAP: 33.1%
2025-12-08 07:20:55,026 DeMo.train INFO: CMC curve, Rank-1  :50.8%
2025-12-08 07:20:55,027 DeMo.train INFO: CMC curve, Rank-5  :69.2%
2025-12-08 07:20:55,027 DeMo.train INFO: CMC curve, Rank-10 :76.3%
2025-12-08 07:20:55,028 DeMo.train INFO: ~~~~~~~~~~~~~~~~~~~~~~~~~~~~~~~~~~~~~~~~~~~~~~~~~~
2025-12-08 07:21:22,762 DeMo.train INFO: ~~~~~~~~~~~~~~~~~~~~~~~~~~~~~~~~~~~~~~~~~~~~~~~~~~
2025-12-08 07:21:22,765 DeMo.train INFO: Best mAP: 33.1%
2025-12-08 07:21:22,765 DeMo.train INFO: Best Rank-1: 50.8%
2025-12-08 07:21:22,765 DeMo.train INFO: Best Rank-5: 69.2%
2025-12-08 07:21:22,765 DeMo.train INFO: Best Rank-10: 76.3%
2025-12-08 07:21:22,765 DeMo.train INFO: ~~~~~~~~~~~~~~~~~~~~~~~~~~~~~~~~~~~~~~~~~~~~~~~~~~
2025-12-08 07:21:30,959 DeMo.train INFO: Epoch[5] Iteration[10/16] Loss: 1.614, Acc: 0.411, Base Lr: 1.93e-04
2025-12-08 07:21:32,037 DeMo.train INFO: Epoch 5 done. Time per batch: 0.662[s] Speed: 96.6[samples/s]
2025-12-08 07:21:32,039 DeMo.train INFO: ~~~~~~~~~~~~~~~~~~~~~~~~~~~~~~~~~~~~~~~~~~~~~~~~~~
2025-12-08 07:21:32,039 DeMo.train INFO: Current is the [moe,ori] feature testing!
2025-12-08 07:21:32,040 DeMo.train INFO: ~~~~~~~~~~~~~~~~~~~~~~~~~~~~~~~~~~~~~~~~~~~~~~~~~~
The test feature is normalized
2025-12-08 07:22:00,670 DeMo.train INFO: Validation Results - Epoch: 5
2025-12-08 07:22:00,670 DeMo.train INFO: mAP: 38.4%
2025-12-08 07:22:00,670 DeMo.train INFO: CMC curve, Rank-1  :57.7%
2025-12-08 07:22:00,670 DeMo.train INFO: CMC curve, Rank-5  :73.9%
2025-12-08 07:22:00,670 DeMo.train INFO: CMC curve, Rank-10 :80.0%
2025-12-08 07:22:00,670 DeMo.train INFO: ~~~~~~~~~~~~~~~~~~~~~~~~~~~~~~~~~~~~~~~~~~~~~~~~~~
2025-12-08 07:22:18,330 DeMo.train INFO: ~~~~~~~~~~~~~~~~~~~~~~~~~~~~~~~~~~~~~~~~~~~~~~~~~~
2025-12-08 07:22:18,330 DeMo.train INFO: Best mAP: 38.4%
2025-12-08 07:22:18,330 DeMo.train INFO: Best Rank-1: 57.7%
2025-12-08 07:22:18,330 DeMo.train INFO: Best Rank-5: 73.9%
2025-12-08 07:22:18,330 DeMo.train INFO: Best Rank-10: 80.0%
2025-12-08 07:22:18,330 DeMo.train INFO: ~~~~~~~~~~~~~~~~~~~~~~~~~~~~~~~~~~~~~~~~~~~~~~~~~~
2025-12-08 07:22:24,783 DeMo.train INFO: Epoch[6] Iteration[10/16] Loss: 1.413, Acc: 0.444, Base Lr: 2.24e-04
2025-12-08 07:22:25,846 DeMo.train INFO: Epoch 6 done. Time per batch: 0.537[s] Speed: 119.2[samples/s]
2025-12-08 07:22:25,848 DeMo.train INFO: ~~~~~~~~~~~~~~~~~~~~~~~~~~~~~~~~~~~~~~~~~~~~~~~~~~
2025-12-08 07:22:25,848 DeMo.train INFO: Current is the [moe,ori] feature testing!
2025-12-08 07:22:25,849 DeMo.train INFO: ~~~~~~~~~~~~~~~~~~~~~~~~~~~~~~~~~~~~~~~~~~~~~~~~~~
The test feature is normalized
2025-12-08 07:22:46,390 DeMo.train INFO: Validation Results - Epoch: 6
2025-12-08 07:22:46,391 DeMo.train INFO: mAP: 34.5%
2025-12-08 07:22:46,392 DeMo.train INFO: CMC curve, Rank-1  :53.1%
2025-12-08 07:22:46,392 DeMo.train INFO: CMC curve, Rank-5  :73.3%
2025-12-08 07:22:46,393 DeMo.train INFO: CMC curve, Rank-10 :80.7%
2025-12-08 07:22:46,394 DeMo.train INFO: ~~~~~~~~~~~~~~~~~~~~~~~~~~~~~~~~~~~~~~~~~~~~~~~~~~
2025-12-08 07:22:48,265 DeMo.train INFO: ~~~~~~~~~~~~~~~~~~~~~~~~~~~~~~~~~~~~~~~~~~~~~~~~~~
2025-12-08 07:22:48,265 DeMo.train INFO: Best mAP: 38.4%
2025-12-08 07:22:48,266 DeMo.train INFO: Best Rank-1: 57.7%
2025-12-08 07:22:48,267 DeMo.train INFO: Best Rank-5: 73.9%
2025-12-08 07:22:48,269 DeMo.train INFO: Best Rank-10: 80.0%
2025-12-08 07:22:48,269 DeMo.train INFO: ~~~~~~~~~~~~~~~~~~~~~~~~~~~~~~~~~~~~~~~~~~~~~~~~~~
2025-12-08 07:22:59,493 DeMo.train INFO: Epoch[7] Iteration[10/16] Loss: 1.194, Acc: 0.658, Base Lr: 2.55e-04
2025-12-08 07:23:00,668 DeMo.train INFO: Epoch 7 done. Time per batch: 0.886[s] Speed: 72.3[samples/s]
2025-12-08 07:23:00,670 DeMo.train INFO: ~~~~~~~~~~~~~~~~~~~~~~~~~~~~~~~~~~~~~~~~~~~~~~~~~~
2025-12-08 07:23:00,670 DeMo.train INFO: Current is the [moe,ori] feature testing!
2025-12-08 07:23:00,670 DeMo.train INFO: ~~~~~~~~~~~~~~~~~~~~~~~~~~~~~~~~~~~~~~~~~~~~~~~~~~
The test feature is normalized
2025-12-08 07:23:22,998 DeMo.train INFO: Validation Results - Epoch: 7
2025-12-08 07:23:22,999 DeMo.train INFO: mAP: 42.0%
2025-12-08 07:23:23,001 DeMo.train INFO: CMC curve, Rank-1  :60.4%
2025-12-08 07:23:23,001 DeMo.train INFO: CMC curve, Rank-5  :77.2%
2025-12-08 07:23:23,002 DeMo.train INFO: CMC curve, Rank-10 :83.1%
2025-12-08 07:23:23,002 DeMo.train INFO: ~~~~~~~~~~~~~~~~~~~~~~~~~~~~~~~~~~~~~~~~~~~~~~~~~~
2025-12-08 07:23:41,980 DeMo.train INFO: ~~~~~~~~~~~~~~~~~~~~~~~~~~~~~~~~~~~~~~~~~~~~~~~~~~
2025-12-08 07:23:41,983 DeMo.train INFO: Best mAP: 42.0%
2025-12-08 07:23:41,983 DeMo.train INFO: Best Rank-1: 60.4%
2025-12-08 07:23:41,983 DeMo.train INFO: Best Rank-5: 77.2%
2025-12-08 07:23:41,983 DeMo.train INFO: Best Rank-10: 83.1%
2025-12-08 07:23:41,983 DeMo.train INFO: ~~~~~~~~~~~~~~~~~~~~~~~~~~~~~~~~~~~~~~~~~~~~~~~~~~
2025-12-08 07:23:49,661 DeMo.train INFO: Epoch[8] Iteration[10/16] Loss: 0.967, Acc: 0.752, Base Lr: 2.87e-04
2025-12-08 07:23:50,732 DeMo.train INFO: Epoch 8 done. Time per batch: 0.625[s] Speed: 102.4[samples/s]
2025-12-08 07:23:50,734 DeMo.train INFO: ~~~~~~~~~~~~~~~~~~~~~~~~~~~~~~~~~~~~~~~~~~~~~~~~~~
2025-12-08 07:23:50,735 DeMo.train INFO: Current is the [moe,ori] feature testing!
2025-12-08 07:23:50,736 DeMo.train INFO: ~~~~~~~~~~~~~~~~~~~~~~~~~~~~~~~~~~~~~~~~~~~~~~~~~~
The test feature is normalized
2025-12-08 07:24:04,016 DeMo.train INFO: Validation Results - Epoch: 8
2025-12-08 07:24:04,016 DeMo.train INFO: mAP: 40.5%
2025-12-08 07:24:04,016 DeMo.train INFO: CMC curve, Rank-1  :57.9%
2025-12-08 07:24:04,016 DeMo.train INFO: CMC curve, Rank-5  :75.0%
2025-12-08 07:24:04,016 DeMo.train INFO: CMC curve, Rank-10 :80.9%
2025-12-08 07:24:04,017 DeMo.train INFO: ~~~~~~~~~~~~~~~~~~~~~~~~~~~~~~~~~~~~~~~~~~~~~~~~~~
2025-12-08 07:24:04,799 DeMo.train INFO: ~~~~~~~~~~~~~~~~~~~~~~~~~~~~~~~~~~~~~~~~~~~~~~~~~~
2025-12-08 07:24:04,799 DeMo.train INFO: Best mAP: 42.0%
2025-12-08 07:24:04,799 DeMo.train INFO: Best Rank-1: 60.4%
2025-12-08 07:24:04,800 DeMo.train INFO: Best Rank-5: 77.2%
2025-12-08 07:24:04,800 DeMo.train INFO: Best Rank-10: 83.1%
2025-12-08 07:24:04,800 DeMo.train INFO: ~~~~~~~~~~~~~~~~~~~~~~~~~~~~~~~~~~~~~~~~~~~~~~~~~~
2025-12-08 07:24:12,470 DeMo.train INFO: Epoch[9] Iteration[10/16] Loss: 0.792, Acc: 0.863, Base Lr: 3.18e-04
2025-12-08 07:24:13,530 DeMo.train INFO: Epoch 9 done. Time per batch: 0.624[s] Speed: 102.6[samples/s]
2025-12-08 07:24:13,532 DeMo.train INFO: ~~~~~~~~~~~~~~~~~~~~~~~~~~~~~~~~~~~~~~~~~~~~~~~~~~
2025-12-08 07:24:13,532 DeMo.train INFO: Current is the [moe,ori] feature testing!
2025-12-08 07:24:13,533 DeMo.train INFO: ~~~~~~~~~~~~~~~~~~~~~~~~~~~~~~~~~~~~~~~~~~~~~~~~~~
The test feature is normalized
2025-12-08 07:24:30,817 DeMo.train INFO: Validation Results - Epoch: 9
2025-12-08 07:24:30,817 DeMo.train INFO: mAP: 41.4%
2025-12-08 07:24:30,817 DeMo.train INFO: CMC curve, Rank-1  :59.7%
2025-12-08 07:24:30,817 DeMo.train INFO: CMC curve, Rank-5  :75.1%
2025-12-08 07:24:30,817 DeMo.train INFO: CMC curve, Rank-10 :81.9%
2025-12-08 07:24:30,817 DeMo.train INFO: ~~~~~~~~~~~~~~~~~~~~~~~~~~~~~~~~~~~~~~~~~~~~~~~~~~
2025-12-08 07:24:31,185 DeMo.train INFO: ~~~~~~~~~~~~~~~~~~~~~~~~~~~~~~~~~~~~~~~~~~~~~~~~~~
2025-12-08 07:24:31,185 DeMo.train INFO: Best mAP: 42.0%
2025-12-08 07:24:31,185 DeMo.train INFO: Best Rank-1: 60.4%
2025-12-08 07:24:31,185 DeMo.train INFO: Best Rank-5: 77.2%
2025-12-08 07:24:31,186 DeMo.train INFO: Best Rank-10: 83.1%
2025-12-08 07:24:31,186 DeMo.train INFO: ~~~~~~~~~~~~~~~~~~~~~~~~~~~~~~~~~~~~~~~~~~~~~~~~~~
2025-12-08 07:24:40,992 DeMo.train INFO: Epoch[10] Iteration[10/16] Loss: 0.664, Acc: 0.911, Base Lr: 3.17e-04
2025-12-08 07:24:42,314 DeMo.train INFO: Epoch 10 done. Time per batch: 0.742[s] Speed: 86.3[samples/s]
2025-12-08 07:24:42,315 DeMo.train INFO: ~~~~~~~~~~~~~~~~~~~~~~~~~~~~~~~~~~~~~~~~~~~~~~~~~~
2025-12-08 07:24:42,316 DeMo.train INFO: Current is the [moe,ori] feature testing!
2025-12-08 07:24:42,316 DeMo.train INFO: ~~~~~~~~~~~~~~~~~~~~~~~~~~~~~~~~~~~~~~~~~~~~~~~~~~
The test feature is normalized
2025-12-08 07:24:55,596 DeMo.train INFO: Validation Results - Epoch: 10
2025-12-08 07:24:55,596 DeMo.train INFO: mAP: 43.9%
2025-12-08 07:24:55,596 DeMo.train INFO: CMC curve, Rank-1  :59.7%
2025-12-08 07:24:55,596 DeMo.train INFO: CMC curve, Rank-5  :77.5%
2025-12-08 07:24:55,596 DeMo.train INFO: CMC curve, Rank-10 :81.6%
2025-12-08 07:24:55,596 DeMo.train INFO: ~~~~~~~~~~~~~~~~~~~~~~~~~~~~~~~~~~~~~~~~~~~~~~~~~~
2025-12-08 07:25:29,343 DeMo.train INFO: ~~~~~~~~~~~~~~~~~~~~~~~~~~~~~~~~~~~~~~~~~~~~~~~~~~
2025-12-08 07:25:29,343 DeMo.train INFO: Best mAP: 43.9%
2025-12-08 07:25:29,344 DeMo.train INFO: Best Rank-1: 59.7%
2025-12-08 07:25:29,345 DeMo.train INFO: Best Rank-5: 77.5%
2025-12-08 07:25:29,345 DeMo.train INFO: Best Rank-10: 81.6%
2025-12-08 07:25:29,347 DeMo.train INFO: ~~~~~~~~~~~~~~~~~~~~~~~~~~~~~~~~~~~~~~~~~~~~~~~~~~
2025-12-08 07:25:35,265 DeMo.train INFO: Epoch[11] Iteration[10/16] Loss: 0.520, Acc: 0.973, Base Lr: 3.10e-04
2025-12-08 07:25:36,338 DeMo.train INFO: Epoch 11 done. Time per batch: 0.499[s] Speed: 128.2[samples/s]
2025-12-08 07:25:36,340 DeMo.train INFO: ~~~~~~~~~~~~~~~~~~~~~~~~~~~~~~~~~~~~~~~~~~~~~~~~~~
2025-12-08 07:25:36,340 DeMo.train INFO: Current is the [moe,ori] feature testing!
2025-12-08 07:25:36,340 DeMo.train INFO: ~~~~~~~~~~~~~~~~~~~~~~~~~~~~~~~~~~~~~~~~~~~~~~~~~~
The test feature is normalized
2025-12-08 07:25:43,520 DeMo.train INFO: Validation Results - Epoch: 11
2025-12-08 07:25:43,521 DeMo.train INFO: mAP: 42.7%
2025-12-08 07:25:43,521 DeMo.train INFO: CMC curve, Rank-1  :59.2%
2025-12-08 07:25:43,521 DeMo.train INFO: CMC curve, Rank-5  :77.3%
2025-12-08 07:25:43,521 DeMo.train INFO: CMC curve, Rank-10 :80.9%
2025-12-08 07:25:43,521 DeMo.train INFO: ~~~~~~~~~~~~~~~~~~~~~~~~~~~~~~~~~~~~~~~~~~~~~~~~~~
2025-12-08 07:25:44,736 DeMo.train INFO: ~~~~~~~~~~~~~~~~~~~~~~~~~~~~~~~~~~~~~~~~~~~~~~~~~~
2025-12-08 07:25:44,736 DeMo.train INFO: Best mAP: 43.9%
2025-12-08 07:25:44,737 DeMo.train INFO: Best Rank-1: 59.7%
2025-12-08 07:25:44,737 DeMo.train INFO: Best Rank-5: 77.5%
2025-12-08 07:25:44,737 DeMo.train INFO: Best Rank-10: 81.6%
2025-12-08 07:25:44,737 DeMo.train INFO: ~~~~~~~~~~~~~~~~~~~~~~~~~~~~~~~~~~~~~~~~~~~~~~~~~~
2025-12-08 07:25:51,540 DeMo.train INFO: Epoch[12] Iteration[10/16] Loss: 0.485, Acc: 0.981, Base Lr: 3.03e-04
2025-12-08 07:25:52,617 DeMo.train INFO: Epoch 12 done. Time per batch: 0.563[s] Speed: 113.7[samples/s]
2025-12-08 07:25:52,618 DeMo.train INFO: ~~~~~~~~~~~~~~~~~~~~~~~~~~~~~~~~~~~~~~~~~~~~~~~~~~
2025-12-08 07:25:52,619 DeMo.train INFO: Current is the [moe,ori] feature testing!
2025-12-08 07:25:52,620 DeMo.train INFO: ~~~~~~~~~~~~~~~~~~~~~~~~~~~~~~~~~~~~~~~~~~~~~~~~~~
The test feature is normalized
2025-12-08 07:26:12,689 DeMo.train INFO: Validation Results - Epoch: 12
2025-12-08 07:26:12,692 DeMo.train INFO: mAP: 42.9%
2025-12-08 07:26:12,693 DeMo.train INFO: CMC curve, Rank-1  :58.2%
2025-12-08 07:26:12,695 DeMo.train INFO: CMC curve, Rank-5  :76.6%
2025-12-08 07:26:12,695 DeMo.train INFO: CMC curve, Rank-10 :82.1%
2025-12-08 07:26:12,695 DeMo.train INFO: ~~~~~~~~~~~~~~~~~~~~~~~~~~~~~~~~~~~~~~~~~~~~~~~~~~
2025-12-08 07:26:14,631 DeMo.train INFO: ~~~~~~~~~~~~~~~~~~~~~~~~~~~~~~~~~~~~~~~~~~~~~~~~~~
2025-12-08 07:26:14,632 DeMo.train INFO: Best mAP: 43.9%
2025-12-08 07:26:14,633 DeMo.train INFO: Best Rank-1: 59.7%
2025-12-08 07:26:14,633 DeMo.train INFO: Best Rank-5: 77.5%
2025-12-08 07:26:14,634 DeMo.train INFO: Best Rank-10: 81.6%
2025-12-08 07:26:14,635 DeMo.train INFO: ~~~~~~~~~~~~~~~~~~~~~~~~~~~~~~~~~~~~~~~~~~~~~~~~~~
2025-12-08 07:26:25,495 DeMo.train INFO: Epoch[13] Iteration[10/16] Loss: 0.415, Acc: 0.992, Base Lr: 2.95e-04
2025-12-08 07:26:26,563 DeMo.train INFO: Epoch 13 done. Time per batch: 0.852[s] Speed: 75.1[samples/s]
2025-12-08 07:26:26,564 DeMo.train INFO: ~~~~~~~~~~~~~~~~~~~~~~~~~~~~~~~~~~~~~~~~~~~~~~~~~~
2025-12-08 07:26:26,564 DeMo.train INFO: Current is the [moe,ori] feature testing!
2025-12-08 07:26:26,564 DeMo.train INFO: ~~~~~~~~~~~~~~~~~~~~~~~~~~~~~~~~~~~~~~~~~~~~~~~~~~
The test feature is normalized
2025-12-08 07:26:33,482 DeMo.train INFO: Validation Results - Epoch: 13
2025-12-08 07:26:33,482 DeMo.train INFO: mAP: 44.0%
2025-12-08 07:26:33,482 DeMo.train INFO: CMC curve, Rank-1  :58.9%
2025-12-08 07:26:33,482 DeMo.train INFO: CMC curve, Rank-5  :78.7%
2025-12-08 07:26:33,483 DeMo.train INFO: CMC curve, Rank-10 :83.1%
2025-12-08 07:26:33,483 DeMo.train INFO: ~~~~~~~~~~~~~~~~~~~~~~~~~~~~~~~~~~~~~~~~~~~~~~~~~~
2025-12-08 07:26:52,520 DeMo.train INFO: ~~~~~~~~~~~~~~~~~~~~~~~~~~~~~~~~~~~~~~~~~~~~~~~~~~
2025-12-08 07:26:52,520 DeMo.train INFO: Best mAP: 44.0%
2025-12-08 07:26:52,520 DeMo.train INFO: Best Rank-1: 58.9%
2025-12-08 07:26:52,521 DeMo.train INFO: Best Rank-5: 78.7%
2025-12-08 07:26:52,521 DeMo.train INFO: Best Rank-10: 83.1%
2025-12-08 07:26:52,521 DeMo.train INFO: ~~~~~~~~~~~~~~~~~~~~~~~~~~~~~~~~~~~~~~~~~~~~~~~~~~
2025-12-08 07:27:02,085 DeMo.train INFO: Epoch[14] Iteration[10/16] Loss: 0.406, Acc: 0.995, Base Lr: 2.87e-04
2025-12-08 07:27:04,616 DeMo.train INFO: Epoch 14 done. Time per batch: 0.806[s] Speed: 79.4[samples/s]
2025-12-08 07:27:04,618 DeMo.train INFO: ~~~~~~~~~~~~~~~~~~~~~~~~~~~~~~~~~~~~~~~~~~~~~~~~~~
2025-12-08 07:27:04,619 DeMo.train INFO: Current is the [moe,ori] feature testing!
2025-12-08 07:27:04,619 DeMo.train INFO: ~~~~~~~~~~~~~~~~~~~~~~~~~~~~~~~~~~~~~~~~~~~~~~~~~~
The test feature is normalized
2025-12-08 07:27:17,198 DeMo.train INFO: Validation Results - Epoch: 14
2025-12-08 07:27:17,198 DeMo.train INFO: mAP: 44.2%
2025-12-08 07:27:17,198 DeMo.train INFO: CMC curve, Rank-1  :59.4%
2025-12-08 07:27:17,198 DeMo.train INFO: CMC curve, Rank-5  :78.8%
2025-12-08 07:27:17,198 DeMo.train INFO: CMC curve, Rank-10 :84.3%
2025-12-08 07:27:17,198 DeMo.train INFO: ~~~~~~~~~~~~~~~~~~~~~~~~~~~~~~~~~~~~~~~~~~~~~~~~~~
2025-12-08 07:27:35,493 DeMo.train INFO: ~~~~~~~~~~~~~~~~~~~~~~~~~~~~~~~~~~~~~~~~~~~~~~~~~~
2025-12-08 07:27:35,493 DeMo.train INFO: Best mAP: 44.2%
2025-12-08 07:27:35,493 DeMo.train INFO: Best Rank-1: 59.4%
2025-12-08 07:27:35,494 DeMo.train INFO: Best Rank-5: 78.8%
2025-12-08 07:27:35,494 DeMo.train INFO: Best Rank-10: 84.3%
2025-12-08 07:27:35,494 DeMo.train INFO: ~~~~~~~~~~~~~~~~~~~~~~~~~~~~~~~~~~~~~~~~~~~~~~~~~~
2025-12-08 07:27:46,402 DeMo.train INFO: Epoch[15] Iteration[10/16] Loss: 0.366, Acc: 0.997, Base Lr: 2.78e-04
2025-12-08 07:27:47,465 DeMo.train INFO: Epoch 15 done. Time per batch: 0.855[s] Speed: 74.8[samples/s]
2025-12-08 07:27:47,467 DeMo.train INFO: ~~~~~~~~~~~~~~~~~~~~~~~~~~~~~~~~~~~~~~~~~~~~~~~~~~
2025-12-08 07:27:47,467 DeMo.train INFO: Current is the [moe,ori] feature testing!
2025-12-08 07:27:47,468 DeMo.train INFO: ~~~~~~~~~~~~~~~~~~~~~~~~~~~~~~~~~~~~~~~~~~~~~~~~~~
The test feature is normalized
2025-12-08 07:28:00,507 DeMo.train INFO: Validation Results - Epoch: 15
2025-12-08 07:28:00,507 DeMo.train INFO: mAP: 44.6%
2025-12-08 07:28:00,507 DeMo.train INFO: CMC curve, Rank-1  :59.4%
2025-12-08 07:28:00,508 DeMo.train INFO: CMC curve, Rank-5  :78.7%
2025-12-08 07:28:00,508 DeMo.train INFO: CMC curve, Rank-10 :84.3%
2025-12-08 07:28:00,508 DeMo.train INFO: ~~~~~~~~~~~~~~~~~~~~~~~~~~~~~~~~~~~~~~~~~~~~~~~~~~
2025-12-08 07:28:19,099 DeMo.train INFO: ~~~~~~~~~~~~~~~~~~~~~~~~~~~~~~~~~~~~~~~~~~~~~~~~~~
2025-12-08 07:28:19,100 DeMo.train INFO: Best mAP: 44.6%
2025-12-08 07:28:19,101 DeMo.train INFO: Best Rank-1: 59.4%
2025-12-08 07:28:19,101 DeMo.train INFO: Best Rank-5: 78.7%
2025-12-08 07:28:19,101 DeMo.train INFO: Best Rank-10: 84.3%
2025-12-08 07:28:19,101 DeMo.train INFO: ~~~~~~~~~~~~~~~~~~~~~~~~~~~~~~~~~~~~~~~~~~~~~~~~~~
2025-12-08 07:28:31,313 DeMo.train INFO: Epoch[16] Iteration[10/16] Loss: 0.339, Acc: 0.998, Base Lr: 2.69e-04
2025-12-08 07:28:34,690 DeMo.train INFO: Epoch 16 done. Time per batch: 1.039[s] Speed: 61.6[samples/s]
2025-12-08 07:28:34,692 DeMo.train INFO: ~~~~~~~~~~~~~~~~~~~~~~~~~~~~~~~~~~~~~~~~~~~~~~~~~~
2025-12-08 07:28:34,693 DeMo.train INFO: Current is the [moe,ori] feature testing!
2025-12-08 07:28:34,694 DeMo.train INFO: ~~~~~~~~~~~~~~~~~~~~~~~~~~~~~~~~~~~~~~~~~~~~~~~~~~
The test feature is normalized
2025-12-08 07:28:43,906 DeMo.train INFO: Validation Results - Epoch: 16
2025-12-08 07:28:43,907 DeMo.train INFO: mAP: 42.4%
2025-12-08 07:28:43,907 DeMo.train INFO: CMC curve, Rank-1  :56.7%
2025-12-08 07:28:43,907 DeMo.train INFO: CMC curve, Rank-5  :75.0%
2025-12-08 07:28:43,907 DeMo.train INFO: CMC curve, Rank-10 :82.1%
2025-12-08 07:28:43,907 DeMo.train INFO: ~~~~~~~~~~~~~~~~~~~~~~~~~~~~~~~~~~~~~~~~~~~~~~~~~~
2025-12-08 07:28:45,459 DeMo.train INFO: ~~~~~~~~~~~~~~~~~~~~~~~~~~~~~~~~~~~~~~~~~~~~~~~~~~
2025-12-08 07:28:45,460 DeMo.train INFO: Best mAP: 44.6%
2025-12-08 07:28:45,460 DeMo.train INFO: Best Rank-1: 59.4%
2025-12-08 07:28:45,460 DeMo.train INFO: Best Rank-5: 78.7%
2025-12-08 07:28:45,460 DeMo.train INFO: Best Rank-10: 84.3%
2025-12-08 07:28:45,460 DeMo.train INFO: ~~~~~~~~~~~~~~~~~~~~~~~~~~~~~~~~~~~~~~~~~~~~~~~~~~
2025-12-08 07:28:52,878 DeMo.train INFO: Epoch[17] Iteration[10/16] Loss: 0.317, Acc: 0.995, Base Lr: 2.59e-04
2025-12-08 07:28:54,189 DeMo.train INFO: Epoch 17 done. Time per batch: 0.582[s] Speed: 110.0[samples/s]
2025-12-08 07:28:54,190 DeMo.train INFO: ~~~~~~~~~~~~~~~~~~~~~~~~~~~~~~~~~~~~~~~~~~~~~~~~~~
2025-12-08 07:28:54,191 DeMo.train INFO: Current is the [moe,ori] feature testing!
2025-12-08 07:28:54,191 DeMo.train INFO: ~~~~~~~~~~~~~~~~~~~~~~~~~~~~~~~~~~~~~~~~~~~~~~~~~~
The test feature is normalized
2025-12-08 07:29:13,641 DeMo.train INFO: Validation Results - Epoch: 17
2025-12-08 07:29:13,641 DeMo.train INFO: mAP: 44.1%
2025-12-08 07:29:13,641 DeMo.train INFO: CMC curve, Rank-1  :58.0%
2025-12-08 07:29:13,641 DeMo.train INFO: CMC curve, Rank-5  :78.8%
2025-12-08 07:29:13,641 DeMo.train INFO: CMC curve, Rank-10 :83.9%
2025-12-08 07:29:13,641 DeMo.train INFO: ~~~~~~~~~~~~~~~~~~~~~~~~~~~~~~~~~~~~~~~~~~~~~~~~~~
2025-12-08 07:29:14,437 DeMo.train INFO: ~~~~~~~~~~~~~~~~~~~~~~~~~~~~~~~~~~~~~~~~~~~~~~~~~~
2025-12-08 07:29:14,437 DeMo.train INFO: Best mAP: 44.6%
2025-12-08 07:29:14,438 DeMo.train INFO: Best Rank-1: 59.4%
2025-12-08 07:29:14,438 DeMo.train INFO: Best Rank-5: 78.7%
2025-12-08 07:29:14,438 DeMo.train INFO: Best Rank-10: 84.3%
2025-12-08 07:29:14,438 DeMo.train INFO: ~~~~~~~~~~~~~~~~~~~~~~~~~~~~~~~~~~~~~~~~~~~~~~~~~~
2025-12-08 07:29:21,655 DeMo.train INFO: Epoch[18] Iteration[10/16] Loss: 0.343, Acc: 0.997, Base Lr: 2.50e-04
2025-12-08 07:29:22,747 DeMo.train INFO: Epoch 18 done. Time per batch: 0.594[s] Speed: 107.8[samples/s]
2025-12-08 07:29:22,748 DeMo.train INFO: ~~~~~~~~~~~~~~~~~~~~~~~~~~~~~~~~~~~~~~~~~~~~~~~~~~
2025-12-08 07:29:22,749 DeMo.train INFO: Current is the [moe,ori] feature testing!
2025-12-08 07:29:22,749 DeMo.train INFO: ~~~~~~~~~~~~~~~~~~~~~~~~~~~~~~~~~~~~~~~~~~~~~~~~~~
The test feature is normalized
2025-12-08 07:29:29,909 DeMo.train INFO: Validation Results - Epoch: 18
2025-12-08 07:29:29,910 DeMo.train INFO: mAP: 42.2%
2025-12-08 07:29:29,910 DeMo.train INFO: CMC curve, Rank-1  :56.9%
2025-12-08 07:29:29,910 DeMo.train INFO: CMC curve, Rank-5  :77.2%
2025-12-08 07:29:29,910 DeMo.train INFO: CMC curve, Rank-10 :84.1%
2025-12-08 07:29:29,910 DeMo.train INFO: ~~~~~~~~~~~~~~~~~~~~~~~~~~~~~~~~~~~~~~~~~~~~~~~~~~
2025-12-08 07:29:32,163 DeMo.train INFO: ~~~~~~~~~~~~~~~~~~~~~~~~~~~~~~~~~~~~~~~~~~~~~~~~~~
2025-12-08 07:29:32,163 DeMo.train INFO: Best mAP: 44.6%
2025-12-08 07:29:32,163 DeMo.train INFO: Best Rank-1: 59.4%
2025-12-08 07:29:32,164 DeMo.train INFO: Best Rank-5: 78.7%
2025-12-08 07:29:32,164 DeMo.train INFO: Best Rank-10: 84.3%
2025-12-08 07:29:32,164 DeMo.train INFO: ~~~~~~~~~~~~~~~~~~~~~~~~~~~~~~~~~~~~~~~~~~~~~~~~~~
2025-12-08 07:29:39,381 DeMo.train INFO: Epoch[19] Iteration[10/16] Loss: 0.363, Acc: 0.997, Base Lr: 2.40e-04
2025-12-08 07:29:40,471 DeMo.train INFO: Epoch 19 done. Time per batch: 0.593[s] Speed: 107.9[samples/s]
2025-12-08 07:29:40,473 DeMo.train INFO: ~~~~~~~~~~~~~~~~~~~~~~~~~~~~~~~~~~~~~~~~~~~~~~~~~~
2025-12-08 07:29:40,473 DeMo.train INFO: Current is the [moe,ori] feature testing!
2025-12-08 07:29:40,473 DeMo.train INFO: ~~~~~~~~~~~~~~~~~~~~~~~~~~~~~~~~~~~~~~~~~~~~~~~~~~
The test feature is normalized
2025-12-08 07:29:47,757 DeMo.train INFO: Validation Results - Epoch: 19
2025-12-08 07:29:47,763 DeMo.train INFO: mAP: 41.4%
2025-12-08 07:29:47,763 DeMo.train INFO: CMC curve, Rank-1  :56.5%
2025-12-08 07:29:47,763 DeMo.train INFO: CMC curve, Rank-5  :75.6%
2025-12-08 07:29:47,763 DeMo.train INFO: CMC curve, Rank-10 :82.4%
2025-12-08 07:29:47,763 DeMo.train INFO: ~~~~~~~~~~~~~~~~~~~~~~~~~~~~~~~~~~~~~~~~~~~~~~~~~~
2025-12-08 07:29:48,768 DeMo.train INFO: ~~~~~~~~~~~~~~~~~~~~~~~~~~~~~~~~~~~~~~~~~~~~~~~~~~
2025-12-08 07:29:48,769 DeMo.train INFO: Best mAP: 44.6%
2025-12-08 07:29:48,769 DeMo.train INFO: Best Rank-1: 59.4%
2025-12-08 07:29:48,769 DeMo.train INFO: Best Rank-5: 78.7%
2025-12-08 07:29:48,769 DeMo.train INFO: Best Rank-10: 84.3%
2025-12-08 07:29:48,769 DeMo.train INFO: ~~~~~~~~~~~~~~~~~~~~~~~~~~~~~~~~~~~~~~~~~~~~~~~~~~
2025-12-08 07:29:54,242 DeMo.train INFO: Epoch[20] Iteration[10/16] Loss: 0.335, Acc: 1.000, Base Lr: 2.29e-04
2025-12-08 07:29:55,305 DeMo.train INFO: Epoch 20 done. Time per batch: 0.467[s] Speed: 137.1[samples/s]
2025-12-08 07:29:55,306 DeMo.train INFO: ~~~~~~~~~~~~~~~~~~~~~~~~~~~~~~~~~~~~~~~~~~~~~~~~~~
2025-12-08 07:29:55,306 DeMo.train INFO: Current is the [moe,ori] feature testing!
2025-12-08 07:29:55,306 DeMo.train INFO: ~~~~~~~~~~~~~~~~~~~~~~~~~~~~~~~~~~~~~~~~~~~~~~~~~~
The test feature is normalized
2025-12-08 07:30:17,060 DeMo.train INFO: Validation Results - Epoch: 20
2025-12-08 07:30:17,060 DeMo.train INFO: mAP: 43.8%
2025-12-08 07:30:17,060 DeMo.train INFO: CMC curve, Rank-1  :60.6%
2025-12-08 07:30:17,060 DeMo.train INFO: CMC curve, Rank-5  :78.8%
2025-12-08 07:30:17,060 DeMo.train INFO: CMC curve, Rank-10 :84.6%
2025-12-08 07:30:17,060 DeMo.train INFO: ~~~~~~~~~~~~~~~~~~~~~~~~~~~~~~~~~~~~~~~~~~~~~~~~~~
2025-12-08 07:30:18,022 DeMo.train INFO: ~~~~~~~~~~~~~~~~~~~~~~~~~~~~~~~~~~~~~~~~~~~~~~~~~~
2025-12-08 07:30:18,023 DeMo.train INFO: Best mAP: 44.6%
2025-12-08 07:30:18,023 DeMo.train INFO: Best Rank-1: 59.4%
2025-12-08 07:30:18,023 DeMo.train INFO: Best Rank-5: 78.7%
2025-12-08 07:30:18,023 DeMo.train INFO: Best Rank-10: 84.3%
2025-12-08 07:30:18,023 DeMo.train INFO: ~~~~~~~~~~~~~~~~~~~~~~~~~~~~~~~~~~~~~~~~~~~~~~~~~~
2025-12-08 07:30:26,197 DeMo.train INFO: Epoch[21] Iteration[10/16] Loss: 0.314, Acc: 1.000, Base Lr: 2.19e-04
2025-12-08 07:30:27,272 DeMo.train INFO: Epoch 21 done. Time per batch: 0.661[s] Speed: 96.9[samples/s]
2025-12-08 07:30:27,273 DeMo.train INFO: ~~~~~~~~~~~~~~~~~~~~~~~~~~~~~~~~~~~~~~~~~~~~~~~~~~
2025-12-08 07:30:27,274 DeMo.train INFO: Current is the [moe,ori] feature testing!
2025-12-08 07:30:27,274 DeMo.train INFO: ~~~~~~~~~~~~~~~~~~~~~~~~~~~~~~~~~~~~~~~~~~~~~~~~~~
The test feature is normalized
2025-12-08 07:30:34,418 DeMo.train INFO: Validation Results - Epoch: 21
2025-12-08 07:30:34,418 DeMo.train INFO: mAP: 43.4%
2025-12-08 07:30:34,418 DeMo.train INFO: CMC curve, Rank-1  :59.7%
2025-12-08 07:30:34,418 DeMo.train INFO: CMC curve, Rank-5  :77.8%
2025-12-08 07:30:34,418 DeMo.train INFO: CMC curve, Rank-10 :84.4%
2025-12-08 07:30:34,418 DeMo.train INFO: ~~~~~~~~~~~~~~~~~~~~~~~~~~~~~~~~~~~~~~~~~~~~~~~~~~
2025-12-08 07:30:35,677 DeMo.train INFO: ~~~~~~~~~~~~~~~~~~~~~~~~~~~~~~~~~~~~~~~~~~~~~~~~~~
2025-12-08 07:30:35,678 DeMo.train INFO: Best mAP: 44.6%
2025-12-08 07:30:35,678 DeMo.train INFO: Best Rank-1: 59.4%
2025-12-08 07:30:35,678 DeMo.train INFO: Best Rank-5: 78.7%
2025-12-08 07:30:35,678 DeMo.train INFO: Best Rank-10: 84.3%
2025-12-08 07:30:35,678 DeMo.train INFO: ~~~~~~~~~~~~~~~~~~~~~~~~~~~~~~~~~~~~~~~~~~~~~~~~~~
2025-12-08 07:30:42,298 DeMo.train INFO: Epoch[22] Iteration[10/16] Loss: 0.337, Acc: 1.000, Base Lr: 2.08e-04
2025-12-08 07:30:43,628 DeMo.train INFO: Epoch 22 done. Time per batch: 0.530[s] Speed: 120.8[samples/s]
2025-12-08 07:30:43,629 DeMo.train INFO: ~~~~~~~~~~~~~~~~~~~~~~~~~~~~~~~~~~~~~~~~~~~~~~~~~~
2025-12-08 07:30:43,629 DeMo.train INFO: Current is the [moe,ori] feature testing!
2025-12-08 07:30:43,629 DeMo.train INFO: ~~~~~~~~~~~~~~~~~~~~~~~~~~~~~~~~~~~~~~~~~~~~~~~~~~
The test feature is normalized
2025-12-08 07:30:58,238 DeMo.train INFO: Validation Results - Epoch: 22
2025-12-08 07:30:58,239 DeMo.train INFO: mAP: 43.9%
2025-12-08 07:30:58,240 DeMo.train INFO: CMC curve, Rank-1  :59.6%
2025-12-08 07:30:58,241 DeMo.train INFO: CMC curve, Rank-5  :78.3%
2025-12-08 07:30:58,241 DeMo.train INFO: CMC curve, Rank-10 :85.4%
2025-12-08 07:30:58,242 DeMo.train INFO: ~~~~~~~~~~~~~~~~~~~~~~~~~~~~~~~~~~~~~~~~~~~~~~~~~~
2025-12-08 07:31:00,041 DeMo.train INFO: ~~~~~~~~~~~~~~~~~~~~~~~~~~~~~~~~~~~~~~~~~~~~~~~~~~
2025-12-08 07:31:00,043 DeMo.train INFO: Best mAP: 44.6%
2025-12-08 07:31:00,043 DeMo.train INFO: Best Rank-1: 59.4%
2025-12-08 07:31:00,043 DeMo.train INFO: Best Rank-5: 78.7%
2025-12-08 07:31:00,044 DeMo.train INFO: Best Rank-10: 84.3%
2025-12-08 07:31:00,044 DeMo.train INFO: ~~~~~~~~~~~~~~~~~~~~~~~~~~~~~~~~~~~~~~~~~~~~~~~~~~
2025-12-08 07:31:12,461 DeMo.train INFO: Epoch[23] Iteration[10/16] Loss: 0.312, Acc: 1.000, Base Lr: 1.97e-04
2025-12-08 07:31:13,519 DeMo.train INFO: Epoch 23 done. Time per batch: 0.962[s] Speed: 66.5[samples/s]
2025-12-08 07:31:13,520 DeMo.train INFO: ~~~~~~~~~~~~~~~~~~~~~~~~~~~~~~~~~~~~~~~~~~~~~~~~~~
2025-12-08 07:31:13,520 DeMo.train INFO: Current is the [moe,ori] feature testing!
2025-12-08 07:31:13,520 DeMo.train INFO: ~~~~~~~~~~~~~~~~~~~~~~~~~~~~~~~~~~~~~~~~~~~~~~~~~~
The test feature is normalized
2025-12-08 07:31:20,563 DeMo.train INFO: Validation Results - Epoch: 23
2025-12-08 07:31:20,564 DeMo.train INFO: mAP: 43.2%
2025-12-08 07:31:20,564 DeMo.train INFO: CMC curve, Rank-1  :58.9%
2025-12-08 07:31:20,564 DeMo.train INFO: CMC curve, Rank-5  :78.2%
2025-12-08 07:31:20,564 DeMo.train INFO: CMC curve, Rank-10 :84.3%
2025-12-08 07:31:20,564 DeMo.train INFO: ~~~~~~~~~~~~~~~~~~~~~~~~~~~~~~~~~~~~~~~~~~~~~~~~~~
2025-12-08 07:31:21,169 DeMo.train INFO: ~~~~~~~~~~~~~~~~~~~~~~~~~~~~~~~~~~~~~~~~~~~~~~~~~~
2025-12-08 07:31:21,169 DeMo.train INFO: Best mAP: 44.6%
2025-12-08 07:31:21,169 DeMo.train INFO: Best Rank-1: 59.4%
2025-12-08 07:31:21,169 DeMo.train INFO: Best Rank-5: 78.7%
2025-12-08 07:31:21,169 DeMo.train INFO: Best Rank-10: 84.3%
2025-12-08 07:31:21,170 DeMo.train INFO: ~~~~~~~~~~~~~~~~~~~~~~~~~~~~~~~~~~~~~~~~~~~~~~~~~~
2025-12-08 07:31:26,934 DeMo.train INFO: Epoch[24] Iteration[10/16] Loss: 0.300, Acc: 1.000, Base Lr: 1.86e-04
2025-12-08 07:31:28,005 DeMo.train INFO: Epoch 24 done. Time per batch: 0.488[s] Speed: 131.1[samples/s]
2025-12-08 07:31:28,006 DeMo.train INFO: ~~~~~~~~~~~~~~~~~~~~~~~~~~~~~~~~~~~~~~~~~~~~~~~~~~
2025-12-08 07:31:28,007 DeMo.train INFO: Current is the [moe,ori] feature testing!
2025-12-08 07:31:28,007 DeMo.train INFO: ~~~~~~~~~~~~~~~~~~~~~~~~~~~~~~~~~~~~~~~~~~~~~~~~~~
The test feature is normalized
2025-12-08 07:31:47,937 DeMo.train INFO: Validation Results - Epoch: 24
2025-12-08 07:31:47,937 DeMo.train INFO: mAP: 43.5%
2025-12-08 07:31:47,938 DeMo.train INFO: CMC curve, Rank-1  :59.2%
2025-12-08 07:31:47,938 DeMo.train INFO: CMC curve, Rank-5  :77.2%
2025-12-08 07:31:47,938 DeMo.train INFO: CMC curve, Rank-10 :85.1%
2025-12-08 07:31:47,938 DeMo.train INFO: ~~~~~~~~~~~~~~~~~~~~~~~~~~~~~~~~~~~~~~~~~~~~~~~~~~
2025-12-08 07:31:48,119 DeMo.train INFO: ~~~~~~~~~~~~~~~~~~~~~~~~~~~~~~~~~~~~~~~~~~~~~~~~~~
2025-12-08 07:31:48,119 DeMo.train INFO: Best mAP: 44.6%
2025-12-08 07:31:48,119 DeMo.train INFO: Best Rank-1: 59.4%
2025-12-08 07:31:48,119 DeMo.train INFO: Best Rank-5: 78.7%
2025-12-08 07:31:48,119 DeMo.train INFO: Best Rank-10: 84.3%
2025-12-08 07:31:48,119 DeMo.train INFO: ~~~~~~~~~~~~~~~~~~~~~~~~~~~~~~~~~~~~~~~~~~~~~~~~~~
2025-12-08 07:31:54,723 DeMo.train INFO: Epoch[25] Iteration[10/16] Loss: 0.274, Acc: 1.000, Base Lr: 1.75e-04
2025-12-08 07:31:55,793 DeMo.train INFO: Epoch 25 done. Time per batch: 0.548[s] Speed: 116.8[samples/s]
2025-12-08 07:31:55,794 DeMo.train INFO: ~~~~~~~~~~~~~~~~~~~~~~~~~~~~~~~~~~~~~~~~~~~~~~~~~~
2025-12-08 07:31:55,796 DeMo.train INFO: Current is the [moe,ori] feature testing!
2025-12-08 07:31:55,797 DeMo.train INFO: ~~~~~~~~~~~~~~~~~~~~~~~~~~~~~~~~~~~~~~~~~~~~~~~~~~
The test feature is normalized
2025-12-08 07:32:09,452 DeMo.train INFO: Validation Results - Epoch: 25
2025-12-08 07:32:09,453 DeMo.train INFO: mAP: 43.1%
2025-12-08 07:32:09,453 DeMo.train INFO: CMC curve, Rank-1  :57.9%
2025-12-08 07:32:09,453 DeMo.train INFO: CMC curve, Rank-5  :77.0%
2025-12-08 07:32:09,453 DeMo.train INFO: CMC curve, Rank-10 :83.8%
2025-12-08 07:32:09,453 DeMo.train INFO: ~~~~~~~~~~~~~~~~~~~~~~~~~~~~~~~~~~~~~~~~~~~~~~~~~~
2025-12-08 07:32:10,443 DeMo.train INFO: ~~~~~~~~~~~~~~~~~~~~~~~~~~~~~~~~~~~~~~~~~~~~~~~~~~
2025-12-08 07:32:10,443 DeMo.train INFO: Best mAP: 44.6%
2025-12-08 07:32:10,444 DeMo.train INFO: Best Rank-1: 59.4%
2025-12-08 07:32:10,444 DeMo.train INFO: Best Rank-5: 78.7%
2025-12-08 07:32:10,444 DeMo.train INFO: Best Rank-10: 84.3%
2025-12-08 07:32:10,444 DeMo.train INFO: ~~~~~~~~~~~~~~~~~~~~~~~~~~~~~~~~~~~~~~~~~~~~~~~~~~
2025-12-08 07:32:17,772 DeMo.train INFO: Epoch[26] Iteration[10/16] Loss: 0.272, Acc: 1.000, Base Lr: 1.64e-04
2025-12-08 07:32:18,853 DeMo.train INFO: Epoch 26 done. Time per batch: 0.601[s] Speed: 106.6[samples/s]
2025-12-08 07:32:18,854 DeMo.train INFO: ~~~~~~~~~~~~~~~~~~~~~~~~~~~~~~~~~~~~~~~~~~~~~~~~~~
2025-12-08 07:32:18,854 DeMo.train INFO: Current is the [moe,ori] feature testing!
2025-12-08 07:32:18,855 DeMo.train INFO: ~~~~~~~~~~~~~~~~~~~~~~~~~~~~~~~~~~~~~~~~~~~~~~~~~~
The test feature is normalized
2025-12-08 07:32:26,070 DeMo.train INFO: Validation Results - Epoch: 26
2025-12-08 07:32:26,070 DeMo.train INFO: mAP: 42.7%
2025-12-08 07:32:26,070 DeMo.train INFO: CMC curve, Rank-1  :59.4%
2025-12-08 07:32:26,070 DeMo.train INFO: CMC curve, Rank-5  :75.8%
2025-12-08 07:32:26,070 DeMo.train INFO: CMC curve, Rank-10 :83.4%
2025-12-08 07:32:26,070 DeMo.train INFO: ~~~~~~~~~~~~~~~~~~~~~~~~~~~~~~~~~~~~~~~~~~~~~~~~~~
2025-12-08 07:32:28,394 DeMo.train INFO: ~~~~~~~~~~~~~~~~~~~~~~~~~~~~~~~~~~~~~~~~~~~~~~~~~~
2025-12-08 07:32:28,394 DeMo.train INFO: Best mAP: 44.6%
2025-12-08 07:32:28,394 DeMo.train INFO: Best Rank-1: 59.4%
2025-12-08 07:32:28,394 DeMo.train INFO: Best Rank-5: 78.7%
2025-12-08 07:32:28,395 DeMo.train INFO: Best Rank-10: 84.3%
2025-12-08 07:32:28,395 DeMo.train INFO: ~~~~~~~~~~~~~~~~~~~~~~~~~~~~~~~~~~~~~~~~~~~~~~~~~~
2025-12-08 07:32:38,488 DeMo.train INFO: Epoch[27] Iteration[10/16] Loss: 0.258, Acc: 1.000, Base Lr: 1.53e-04
2025-12-08 07:32:39,551 DeMo.train INFO: Epoch 27 done. Time per batch: 0.797[s] Speed: 80.3[samples/s]
2025-12-08 07:32:39,552 DeMo.train INFO: ~~~~~~~~~~~~~~~~~~~~~~~~~~~~~~~~~~~~~~~~~~~~~~~~~~
2025-12-08 07:32:39,553 DeMo.train INFO: Current is the [moe,ori] feature testing!
2025-12-08 07:32:39,553 DeMo.train INFO: ~~~~~~~~~~~~~~~~~~~~~~~~~~~~~~~~~~~~~~~~~~~~~~~~~~
The test feature is normalized
2025-12-08 07:32:50,943 DeMo.train INFO: Validation Results - Epoch: 27
2025-12-08 07:32:50,943 DeMo.train INFO: mAP: 43.2%
2025-12-08 07:32:50,943 DeMo.train INFO: CMC curve, Rank-1  :59.6%
2025-12-08 07:32:50,943 DeMo.train INFO: CMC curve, Rank-5  :76.6%
2025-12-08 07:32:50,943 DeMo.train INFO: CMC curve, Rank-10 :84.3%
2025-12-08 07:32:50,943 DeMo.train INFO: ~~~~~~~~~~~~~~~~~~~~~~~~~~~~~~~~~~~~~~~~~~~~~~~~~~
2025-12-08 07:32:53,131 DeMo.train INFO: ~~~~~~~~~~~~~~~~~~~~~~~~~~~~~~~~~~~~~~~~~~~~~~~~~~
2025-12-08 07:32:53,131 DeMo.train INFO: Best mAP: 44.6%
2025-12-08 07:32:53,132 DeMo.train INFO: Best Rank-1: 59.4%
2025-12-08 07:32:53,132 DeMo.train INFO: Best Rank-5: 78.7%
2025-12-08 07:32:53,132 DeMo.train INFO: Best Rank-10: 84.3%
2025-12-08 07:32:53,132 DeMo.train INFO: ~~~~~~~~~~~~~~~~~~~~~~~~~~~~~~~~~~~~~~~~~~~~~~~~~~
2025-12-08 07:32:59,800 DeMo.train INFO: Epoch[28] Iteration[10/16] Loss: 0.267, Acc: 0.998, Base Lr: 1.42e-04
2025-12-08 07:33:01,106 DeMo.train INFO: Epoch 28 done. Time per batch: 0.532[s] Speed: 120.4[samples/s]
2025-12-08 07:33:01,107 DeMo.train INFO: ~~~~~~~~~~~~~~~~~~~~~~~~~~~~~~~~~~~~~~~~~~~~~~~~~~
2025-12-08 07:33:01,107 DeMo.train INFO: Current is the [moe,ori] feature testing!
2025-12-08 07:33:01,107 DeMo.train INFO: ~~~~~~~~~~~~~~~~~~~~~~~~~~~~~~~~~~~~~~~~~~~~~~~~~~
The test feature is normalized
2025-12-08 07:33:08,145 DeMo.train INFO: Validation Results - Epoch: 28
2025-12-08 07:33:08,145 DeMo.train INFO: mAP: 43.9%
2025-12-08 07:33:08,145 DeMo.train INFO: CMC curve, Rank-1  :60.7%
2025-12-08 07:33:08,145 DeMo.train INFO: CMC curve, Rank-5  :77.5%
2025-12-08 07:33:08,145 DeMo.train INFO: CMC curve, Rank-10 :84.1%
2025-12-08 07:33:08,145 DeMo.train INFO: ~~~~~~~~~~~~~~~~~~~~~~~~~~~~~~~~~~~~~~~~~~~~~~~~~~
2025-12-08 07:33:09,848 DeMo.train INFO: ~~~~~~~~~~~~~~~~~~~~~~~~~~~~~~~~~~~~~~~~~~~~~~~~~~
2025-12-08 07:33:09,849 DeMo.train INFO: Best mAP: 44.6%
2025-12-08 07:33:09,849 DeMo.train INFO: Best Rank-1: 59.4%
2025-12-08 07:33:09,849 DeMo.train INFO: Best Rank-5: 78.7%
2025-12-08 07:33:09,849 DeMo.train INFO: Best Rank-10: 84.3%
2025-12-08 07:33:09,849 DeMo.train INFO: ~~~~~~~~~~~~~~~~~~~~~~~~~~~~~~~~~~~~~~~~~~~~~~~~~~
2025-12-08 07:33:15,929 DeMo.train INFO: Epoch[29] Iteration[10/16] Loss: 0.259, Acc: 1.000, Base Lr: 1.32e-04
2025-12-08 07:33:17,021 DeMo.train INFO: Epoch 29 done. Time per batch: 0.512[s] Speed: 124.9[samples/s]
2025-12-08 07:33:17,022 DeMo.train INFO: ~~~~~~~~~~~~~~~~~~~~~~~~~~~~~~~~~~~~~~~~~~~~~~~~~~
2025-12-08 07:33:17,022 DeMo.train INFO: Current is the [moe,ori] feature testing!
2025-12-08 07:33:17,022 DeMo.train INFO: ~~~~~~~~~~~~~~~~~~~~~~~~~~~~~~~~~~~~~~~~~~~~~~~~~~
The test feature is normalized
2025-12-08 07:33:28,572 DeMo.train INFO: Validation Results - Epoch: 29
2025-12-08 07:33:28,573 DeMo.train INFO: mAP: 44.7%
2025-12-08 07:33:28,573 DeMo.train INFO: CMC curve, Rank-1  :60.4%
2025-12-08 07:33:28,576 DeMo.train INFO: CMC curve, Rank-5  :78.3%
2025-12-08 07:33:28,576 DeMo.train INFO: CMC curve, Rank-10 :83.9%
2025-12-08 07:33:28,577 DeMo.train INFO: ~~~~~~~~~~~~~~~~~~~~~~~~~~~~~~~~~~~~~~~~~~~~~~~~~~
2025-12-08 07:33:58,436 DeMo.train INFO: ~~~~~~~~~~~~~~~~~~~~~~~~~~~~~~~~~~~~~~~~~~~~~~~~~~
2025-12-08 07:33:58,438 DeMo.train INFO: Best mAP: 44.7%
2025-12-08 07:33:58,438 DeMo.train INFO: Best Rank-1: 60.4%
2025-12-08 07:33:58,438 DeMo.train INFO: Best Rank-5: 78.3%
2025-12-08 07:33:58,438 DeMo.train INFO: Best Rank-10: 83.9%
2025-12-08 07:33:58,439 DeMo.train INFO: ~~~~~~~~~~~~~~~~~~~~~~~~~~~~~~~~~~~~~~~~~~~~~~~~~~
2025-12-08 07:34:05,821 DeMo.train INFO: Epoch[30] Iteration[10/16] Loss: 0.264, Acc: 1.000, Base Lr: 1.21e-04
2025-12-08 07:34:07,148 DeMo.train INFO: Epoch 30 done. Time per batch: 0.581[s] Speed: 110.2[samples/s]
2025-12-08 07:34:07,149 DeMo.train INFO: ~~~~~~~~~~~~~~~~~~~~~~~~~~~~~~~~~~~~~~~~~~~~~~~~~~
2025-12-08 07:34:07,150 DeMo.train INFO: Current is the [moe,ori] feature testing!
2025-12-08 07:34:07,150 DeMo.train INFO: ~~~~~~~~~~~~~~~~~~~~~~~~~~~~~~~~~~~~~~~~~~~~~~~~~~
The test feature is normalized
2025-12-08 07:34:14,526 DeMo.train INFO: Validation Results - Epoch: 30
2025-12-08 07:34:14,527 DeMo.train INFO: mAP: 44.6%
2025-12-08 07:34:14,527 DeMo.train INFO: CMC curve, Rank-1  :60.6%
2025-12-08 07:34:14,527 DeMo.train INFO: CMC curve, Rank-5  :78.7%
2025-12-08 07:34:14,527 DeMo.train INFO: CMC curve, Rank-10 :84.1%
2025-12-08 07:34:14,527 DeMo.train INFO: ~~~~~~~~~~~~~~~~~~~~~~~~~~~~~~~~~~~~~~~~~~~~~~~~~~
2025-12-08 07:34:15,702 DeMo.train INFO: ~~~~~~~~~~~~~~~~~~~~~~~~~~~~~~~~~~~~~~~~~~~~~~~~~~
2025-12-08 07:34:15,702 DeMo.train INFO: Best mAP: 44.7%
2025-12-08 07:34:15,702 DeMo.train INFO: Best Rank-1: 60.4%
2025-12-08 07:34:15,702 DeMo.train INFO: Best Rank-5: 78.3%
2025-12-08 07:34:15,702 DeMo.train INFO: Best Rank-10: 83.9%
2025-12-08 07:34:15,702 DeMo.train INFO: ~~~~~~~~~~~~~~~~~~~~~~~~~~~~~~~~~~~~~~~~~~~~~~~~~~
2025-12-08 07:34:21,832 DeMo.train INFO: Epoch[31] Iteration[10/16] Loss: 0.261, Acc: 1.000, Base Lr: 1.11e-04
2025-12-08 07:34:22,898 DeMo.train INFO: Epoch 31 done. Time per batch: 0.514[s] Speed: 124.5[samples/s]
2025-12-08 07:34:22,899 DeMo.train INFO: ~~~~~~~~~~~~~~~~~~~~~~~~~~~~~~~~~~~~~~~~~~~~~~~~~~
2025-12-08 07:34:22,899 DeMo.train INFO: Current is the [moe,ori] feature testing!
2025-12-08 07:34:22,899 DeMo.train INFO: ~~~~~~~~~~~~~~~~~~~~~~~~~~~~~~~~~~~~~~~~~~~~~~~~~~
The test feature is normalized
2025-12-08 07:34:30,400 DeMo.train INFO: Validation Results - Epoch: 31
2025-12-08 07:34:30,400 DeMo.train INFO: mAP: 44.3%
2025-12-08 07:34:30,401 DeMo.train INFO: CMC curve, Rank-1  :60.1%
2025-12-08 07:34:30,401 DeMo.train INFO: CMC curve, Rank-5  :77.5%
2025-12-08 07:34:30,401 DeMo.train INFO: CMC curve, Rank-10 :84.1%
2025-12-08 07:34:30,401 DeMo.train INFO: ~~~~~~~~~~~~~~~~~~~~~~~~~~~~~~~~~~~~~~~~~~~~~~~~~~
2025-12-08 07:34:31,960 DeMo.train INFO: ~~~~~~~~~~~~~~~~~~~~~~~~~~~~~~~~~~~~~~~~~~~~~~~~~~
2025-12-08 07:34:31,961 DeMo.train INFO: Best mAP: 44.7%
2025-12-08 07:34:31,961 DeMo.train INFO: Best Rank-1: 60.4%
2025-12-08 07:34:31,961 DeMo.train INFO: Best Rank-5: 78.3%
2025-12-08 07:34:31,961 DeMo.train INFO: Best Rank-10: 83.9%
2025-12-08 07:34:31,961 DeMo.train INFO: ~~~~~~~~~~~~~~~~~~~~~~~~~~~~~~~~~~~~~~~~~~~~~~~~~~
2025-12-08 07:34:37,329 DeMo.train INFO: Epoch[32] Iteration[10/16] Loss: 0.256, Acc: 1.000, Base Lr: 1.01e-04
2025-12-08 07:34:38,406 DeMo.train INFO: Epoch 32 done. Time per batch: 0.460[s] Speed: 139.0[samples/s]
2025-12-08 07:34:38,407 DeMo.train INFO: ~~~~~~~~~~~~~~~~~~~~~~~~~~~~~~~~~~~~~~~~~~~~~~~~~~
2025-12-08 07:34:38,408 DeMo.train INFO: Current is the [moe,ori] feature testing!
2025-12-08 07:34:38,408 DeMo.train INFO: ~~~~~~~~~~~~~~~~~~~~~~~~~~~~~~~~~~~~~~~~~~~~~~~~~~
The test feature is normalized
2025-12-08 07:34:45,192 DeMo.train INFO: Validation Results - Epoch: 32
2025-12-08 07:34:45,192 DeMo.train INFO: mAP: 44.3%
2025-12-08 07:34:45,192 DeMo.train INFO: CMC curve, Rank-1  :60.9%
2025-12-08 07:34:45,192 DeMo.train INFO: CMC curve, Rank-5  :77.7%
2025-12-08 07:34:45,192 DeMo.train INFO: CMC curve, Rank-10 :84.6%
2025-12-08 07:34:45,192 DeMo.train INFO: ~~~~~~~~~~~~~~~~~~~~~~~~~~~~~~~~~~~~~~~~~~~~~~~~~~
2025-12-08 07:34:47,280 DeMo.train INFO: ~~~~~~~~~~~~~~~~~~~~~~~~~~~~~~~~~~~~~~~~~~~~~~~~~~
2025-12-08 07:34:47,281 DeMo.train INFO: Best mAP: 44.7%
2025-12-08 07:34:47,281 DeMo.train INFO: Best Rank-1: 60.4%
2025-12-08 07:34:47,281 DeMo.train INFO: Best Rank-5: 78.3%
2025-12-08 07:34:47,282 DeMo.train INFO: Best Rank-10: 83.9%
2025-12-08 07:34:47,282 DeMo.train INFO: ~~~~~~~~~~~~~~~~~~~~~~~~~~~~~~~~~~~~~~~~~~~~~~~~~~
2025-12-08 07:34:52,593 DeMo.train INFO: Epoch[33] Iteration[10/16] Loss: 0.256, Acc: 1.000, Base Lr: 9.10e-05
2025-12-08 07:34:53,662 DeMo.train INFO: Epoch 33 done. Time per batch: 0.456[s] Speed: 140.4[samples/s]
2025-12-08 07:34:53,663 DeMo.train INFO: ~~~~~~~~~~~~~~~~~~~~~~~~~~~~~~~~~~~~~~~~~~~~~~~~~~
2025-12-08 07:34:53,664 DeMo.train INFO: Current is the [moe,ori] feature testing!
2025-12-08 07:34:53,664 DeMo.train INFO: ~~~~~~~~~~~~~~~~~~~~~~~~~~~~~~~~~~~~~~~~~~~~~~~~~~
The test feature is normalized
2025-12-08 07:35:00,967 DeMo.train INFO: Validation Results - Epoch: 33
2025-12-08 07:35:00,967 DeMo.train INFO: mAP: 45.0%
2025-12-08 07:35:00,967 DeMo.train INFO: CMC curve, Rank-1  :61.6%
2025-12-08 07:35:00,967 DeMo.train INFO: CMC curve, Rank-5  :78.3%
2025-12-08 07:35:00,967 DeMo.train INFO: CMC curve, Rank-10 :84.4%
2025-12-08 07:35:00,967 DeMo.train INFO: ~~~~~~~~~~~~~~~~~~~~~~~~~~~~~~~~~~~~~~~~~~~~~~~~~~
2025-12-08 07:35:19,126 DeMo.train INFO: ~~~~~~~~~~~~~~~~~~~~~~~~~~~~~~~~~~~~~~~~~~~~~~~~~~
2025-12-08 07:35:19,126 DeMo.train INFO: Best mAP: 45.0%
2025-12-08 07:35:19,126 DeMo.train INFO: Best Rank-1: 61.6%
2025-12-08 07:35:19,127 DeMo.train INFO: Best Rank-5: 78.3%
2025-12-08 07:35:19,127 DeMo.train INFO: Best Rank-10: 84.4%
2025-12-08 07:35:19,127 DeMo.train INFO: ~~~~~~~~~~~~~~~~~~~~~~~~~~~~~~~~~~~~~~~~~~~~~~~~~~
2025-12-08 07:35:26,465 DeMo.train INFO: Epoch[34] Iteration[10/16] Loss: 0.270, Acc: 1.000, Base Lr: 8.15e-05
2025-12-08 07:35:27,535 DeMo.train INFO: Epoch 34 done. Time per batch: 0.601[s] Speed: 106.6[samples/s]
2025-12-08 07:35:27,536 DeMo.train INFO: ~~~~~~~~~~~~~~~~~~~~~~~~~~~~~~~~~~~~~~~~~~~~~~~~~~
2025-12-08 07:35:27,536 DeMo.train INFO: Current is the [moe,ori] feature testing!
2025-12-08 07:35:27,536 DeMo.train INFO: ~~~~~~~~~~~~~~~~~~~~~~~~~~~~~~~~~~~~~~~~~~~~~~~~~~
The test feature is normalized
2025-12-08 07:35:34,828 DeMo.train INFO: Validation Results - Epoch: 34
2025-12-08 07:35:34,828 DeMo.train INFO: mAP: 45.3%
2025-12-08 07:35:34,828 DeMo.train INFO: CMC curve, Rank-1  :61.4%
2025-12-08 07:35:34,828 DeMo.train INFO: CMC curve, Rank-5  :78.3%
2025-12-08 07:35:34,828 DeMo.train INFO: CMC curve, Rank-10 :84.8%
2025-12-08 07:35:34,829 DeMo.train INFO: ~~~~~~~~~~~~~~~~~~~~~~~~~~~~~~~~~~~~~~~~~~~~~~~~~~
2025-12-08 07:35:52,180 DeMo.train INFO: ~~~~~~~~~~~~~~~~~~~~~~~~~~~~~~~~~~~~~~~~~~~~~~~~~~
2025-12-08 07:35:52,180 DeMo.train INFO: Best mAP: 45.3%
2025-12-08 07:35:52,180 DeMo.train INFO: Best Rank-1: 61.4%
2025-12-08 07:35:52,180 DeMo.train INFO: Best Rank-5: 78.3%
2025-12-08 07:35:52,180 DeMo.train INFO: Best Rank-10: 84.8%
2025-12-08 07:35:52,181 DeMo.train INFO: ~~~~~~~~~~~~~~~~~~~~~~~~~~~~~~~~~~~~~~~~~~~~~~~~~~
2025-12-08 07:35:59,386 DeMo.train INFO: Epoch[35] Iteration[10/16] Loss: 0.247, Acc: 1.000, Base Lr: 7.24e-05
2025-12-08 07:36:00,687 DeMo.train INFO: Epoch 35 done. Time per batch: 0.567[s] Speed: 112.9[samples/s]
2025-12-08 07:36:00,689 DeMo.train INFO: ~~~~~~~~~~~~~~~~~~~~~~~~~~~~~~~~~~~~~~~~~~~~~~~~~~
2025-12-08 07:36:00,689 DeMo.train INFO: Current is the [moe,ori] feature testing!
2025-12-08 07:36:00,689 DeMo.train INFO: ~~~~~~~~~~~~~~~~~~~~~~~~~~~~~~~~~~~~~~~~~~~~~~~~~~
The test feature is normalized
2025-12-08 07:36:07,767 DeMo.train INFO: Validation Results - Epoch: 35
2025-12-08 07:36:07,767 DeMo.train INFO: mAP: 45.5%
2025-12-08 07:36:07,768 DeMo.train INFO: CMC curve, Rank-1  :61.6%
2025-12-08 07:36:07,768 DeMo.train INFO: CMC curve, Rank-5  :79.0%
2025-12-08 07:36:07,768 DeMo.train INFO: CMC curve, Rank-10 :84.9%
2025-12-08 07:36:07,768 DeMo.train INFO: ~~~~~~~~~~~~~~~~~~~~~~~~~~~~~~~~~~~~~~~~~~~~~~~~~~
2025-12-08 07:36:28,635 DeMo.train INFO: ~~~~~~~~~~~~~~~~~~~~~~~~~~~~~~~~~~~~~~~~~~~~~~~~~~
2025-12-08 07:36:28,635 DeMo.train INFO: Best mAP: 45.5%
2025-12-08 07:36:28,636 DeMo.train INFO: Best Rank-1: 61.6%
2025-12-08 07:36:28,637 DeMo.train INFO: Best Rank-5: 79.0%
2025-12-08 07:36:28,638 DeMo.train INFO: Best Rank-10: 84.9%
2025-12-08 07:36:28,638 DeMo.train INFO: ~~~~~~~~~~~~~~~~~~~~~~~~~~~~~~~~~~~~~~~~~~~~~~~~~~
2025-12-08 07:36:40,543 DeMo.train INFO: Epoch[36] Iteration[10/16] Loss: 0.247, Acc: 1.000, Base Lr: 6.37e-05
2025-12-08 07:36:41,613 DeMo.train INFO: Epoch 36 done. Time per batch: 0.927[s] Speed: 69.1[samples/s]
2025-12-08 07:36:41,616 DeMo.train INFO: ~~~~~~~~~~~~~~~~~~~~~~~~~~~~~~~~~~~~~~~~~~~~~~~~~~
2025-12-08 07:36:41,617 DeMo.train INFO: Current is the [moe,ori] feature testing!
2025-12-08 07:36:41,618 DeMo.train INFO: ~~~~~~~~~~~~~~~~~~~~~~~~~~~~~~~~~~~~~~~~~~~~~~~~~~
The test feature is normalized
2025-12-08 07:36:50,808 DeMo.train INFO: Validation Results - Epoch: 36
2025-12-08 07:36:50,808 DeMo.train INFO: mAP: 45.5%
2025-12-08 07:36:50,808 DeMo.train INFO: CMC curve, Rank-1  :61.4%
2025-12-08 07:36:50,808 DeMo.train INFO: CMC curve, Rank-5  :78.8%
2025-12-08 07:36:50,808 DeMo.train INFO: CMC curve, Rank-10 :85.3%
2025-12-08 07:36:50,808 DeMo.train INFO: ~~~~~~~~~~~~~~~~~~~~~~~~~~~~~~~~~~~~~~~~~~~~~~~~~~
2025-12-08 07:36:52,427 DeMo.train INFO: ~~~~~~~~~~~~~~~~~~~~~~~~~~~~~~~~~~~~~~~~~~~~~~~~~~
2025-12-08 07:36:52,428 DeMo.train INFO: Best mAP: 45.5%
2025-12-08 07:36:52,428 DeMo.train INFO: Best Rank-1: 61.6%
2025-12-08 07:36:52,428 DeMo.train INFO: Best Rank-5: 79.0%
2025-12-08 07:36:52,428 DeMo.train INFO: Best Rank-10: 84.9%
2025-12-08 07:36:52,428 DeMo.train INFO: ~~~~~~~~~~~~~~~~~~~~~~~~~~~~~~~~~~~~~~~~~~~~~~~~~~
2025-12-08 07:36:58,665 DeMo.train INFO: Epoch[37] Iteration[10/16] Loss: 0.251, Acc: 1.000, Base Lr: 5.55e-05
2025-12-08 07:36:59,730 DeMo.train INFO: Epoch 37 done. Time per batch: 0.522[s] Speed: 122.7[samples/s]
2025-12-08 07:36:59,731 DeMo.train INFO: ~~~~~~~~~~~~~~~~~~~~~~~~~~~~~~~~~~~~~~~~~~~~~~~~~~
2025-12-08 07:36:59,732 DeMo.train INFO: Current is the [moe,ori] feature testing!
2025-12-08 07:36:59,732 DeMo.train INFO: ~~~~~~~~~~~~~~~~~~~~~~~~~~~~~~~~~~~~~~~~~~~~~~~~~~
The test feature is normalized
2025-12-08 07:37:06,608 DeMo.train INFO: Validation Results - Epoch: 37
2025-12-08 07:37:06,609 DeMo.train INFO: mAP: 45.3%
2025-12-08 07:37:06,609 DeMo.train INFO: CMC curve, Rank-1  :61.8%
2025-12-08 07:37:06,609 DeMo.train INFO: CMC curve, Rank-5  :78.8%
2025-12-08 07:37:06,609 DeMo.train INFO: CMC curve, Rank-10 :85.6%
2025-12-08 07:37:06,610 DeMo.train INFO: ~~~~~~~~~~~~~~~~~~~~~~~~~~~~~~~~~~~~~~~~~~~~~~~~~~
2025-12-08 07:37:08,499 DeMo.train INFO: ~~~~~~~~~~~~~~~~~~~~~~~~~~~~~~~~~~~~~~~~~~~~~~~~~~
2025-12-08 07:37:08,500 DeMo.train INFO: Best mAP: 45.5%
2025-12-08 07:37:08,500 DeMo.train INFO: Best Rank-1: 61.6%
2025-12-08 07:37:08,500 DeMo.train INFO: Best Rank-5: 79.0%
2025-12-08 07:37:08,500 DeMo.train INFO: Best Rank-10: 84.9%
2025-12-08 07:37:08,500 DeMo.train INFO: ~~~~~~~~~~~~~~~~~~~~~~~~~~~~~~~~~~~~~~~~~~~~~~~~~~
2025-12-08 07:37:15,581 DeMo.train INFO: Epoch[38] Iteration[10/16] Loss: 0.263, Acc: 1.000, Base Lr: 4.77e-05
2025-12-08 07:37:16,902 DeMo.train INFO: Epoch 38 done. Time per batch: 0.560[s] Speed: 114.3[samples/s]
2025-12-08 07:37:16,903 DeMo.train INFO: ~~~~~~~~~~~~~~~~~~~~~~~~~~~~~~~~~~~~~~~~~~~~~~~~~~
2025-12-08 07:37:16,903 DeMo.train INFO: Current is the [moe,ori] feature testing!
2025-12-08 07:37:16,903 DeMo.train INFO: ~~~~~~~~~~~~~~~~~~~~~~~~~~~~~~~~~~~~~~~~~~~~~~~~~~
The test feature is normalized
2025-12-08 07:37:24,124 DeMo.train INFO: Validation Results - Epoch: 38
2025-12-08 07:37:24,124 DeMo.train INFO: mAP: 45.2%
2025-12-08 07:37:24,124 DeMo.train INFO: CMC curve, Rank-1  :61.4%
2025-12-08 07:37:24,124 DeMo.train INFO: CMC curve, Rank-5  :79.2%
2025-12-08 07:37:24,124 DeMo.train INFO: CMC curve, Rank-10 :85.6%
2025-12-08 07:37:24,124 DeMo.train INFO: ~~~~~~~~~~~~~~~~~~~~~~~~~~~~~~~~~~~~~~~~~~~~~~~~~~
2025-12-08 07:37:26,353 DeMo.train INFO: ~~~~~~~~~~~~~~~~~~~~~~~~~~~~~~~~~~~~~~~~~~~~~~~~~~
2025-12-08 07:37:26,354 DeMo.train INFO: Best mAP: 45.5%
2025-12-08 07:37:26,354 DeMo.train INFO: Best Rank-1: 61.6%
2025-12-08 07:37:26,354 DeMo.train INFO: Best Rank-5: 79.0%
2025-12-08 07:37:26,354 DeMo.train INFO: Best Rank-10: 84.9%
2025-12-08 07:37:26,354 DeMo.train INFO: ~~~~~~~~~~~~~~~~~~~~~~~~~~~~~~~~~~~~~~~~~~~~~~~~~~
2025-12-08 07:37:33,946 DeMo.train INFO: Epoch[39] Iteration[10/16] Loss: 0.258, Acc: 1.000, Base Lr: 4.05e-05
2025-12-08 07:37:35,017 DeMo.train INFO: Epoch 39 done. Time per batch: 0.619[s] Speed: 103.4[samples/s]
2025-12-08 07:37:35,018 DeMo.train INFO: ~~~~~~~~~~~~~~~~~~~~~~~~~~~~~~~~~~~~~~~~~~~~~~~~~~
2025-12-08 07:37:35,018 DeMo.train INFO: Current is the [moe,ori] feature testing!
2025-12-08 07:37:35,018 DeMo.train INFO: ~~~~~~~~~~~~~~~~~~~~~~~~~~~~~~~~~~~~~~~~~~~~~~~~~~
The test feature is normalized
2025-12-08 07:37:41,913 DeMo.train INFO: Validation Results - Epoch: 39
2025-12-08 07:37:41,914 DeMo.train INFO: mAP: 45.4%
2025-12-08 07:37:41,914 DeMo.train INFO: CMC curve, Rank-1  :60.9%
2025-12-08 07:37:41,914 DeMo.train INFO: CMC curve, Rank-5  :79.5%
2025-12-08 07:37:41,914 DeMo.train INFO: CMC curve, Rank-10 :86.1%
2025-12-08 07:37:41,914 DeMo.train INFO: ~~~~~~~~~~~~~~~~~~~~~~~~~~~~~~~~~~~~~~~~~~~~~~~~~~
2025-12-08 07:37:44,257 DeMo.train INFO: ~~~~~~~~~~~~~~~~~~~~~~~~~~~~~~~~~~~~~~~~~~~~~~~~~~
2025-12-08 07:37:44,258 DeMo.train INFO: Best mAP: 45.5%
2025-12-08 07:37:44,258 DeMo.train INFO: Best Rank-1: 61.6%
2025-12-08 07:37:44,258 DeMo.train INFO: Best Rank-5: 79.0%
2025-12-08 07:37:44,258 DeMo.train INFO: Best Rank-10: 84.9%
2025-12-08 07:37:44,258 DeMo.train INFO: ~~~~~~~~~~~~~~~~~~~~~~~~~~~~~~~~~~~~~~~~~~~~~~~~~~
2025-12-08 07:37:51,630 DeMo.train INFO: Epoch[40] Iteration[10/16] Loss: 0.243, Acc: 1.000, Base Lr: 3.37e-05
2025-12-08 07:37:52,690 DeMo.train INFO: Epoch 40 done. Time per batch: 0.602[s] Speed: 106.3[samples/s]
2025-12-08 07:37:52,691 DeMo.train INFO: ~~~~~~~~~~~~~~~~~~~~~~~~~~~~~~~~~~~~~~~~~~~~~~~~~~
2025-12-08 07:37:52,691 DeMo.train INFO: Current is the [moe,ori] feature testing!
2025-12-08 07:37:52,692 DeMo.train INFO: ~~~~~~~~~~~~~~~~~~~~~~~~~~~~~~~~~~~~~~~~~~~~~~~~~~
The test feature is normalized
2025-12-08 07:37:59,528 DeMo.train INFO: Validation Results - Epoch: 40
2025-12-08 07:37:59,528 DeMo.train INFO: mAP: 45.4%
2025-12-08 07:37:59,528 DeMo.train INFO: CMC curve, Rank-1  :60.9%
2025-12-08 07:37:59,528 DeMo.train INFO: CMC curve, Rank-5  :79.0%
2025-12-08 07:37:59,528 DeMo.train INFO: CMC curve, Rank-10 :86.1%
2025-12-08 07:37:59,528 DeMo.train INFO: ~~~~~~~~~~~~~~~~~~~~~~~~~~~~~~~~~~~~~~~~~~~~~~~~~~
2025-12-08 07:38:02,007 DeMo.train INFO: ~~~~~~~~~~~~~~~~~~~~~~~~~~~~~~~~~~~~~~~~~~~~~~~~~~
2025-12-08 07:38:02,008 DeMo.train INFO: Best mAP: 45.5%
2025-12-08 07:38:02,008 DeMo.train INFO: Best Rank-1: 61.6%
2025-12-08 07:38:02,008 DeMo.train INFO: Best Rank-5: 79.0%
2025-12-08 07:38:02,008 DeMo.train INFO: Best Rank-10: 84.9%
2025-12-08 07:38:02,008 DeMo.train INFO: ~~~~~~~~~~~~~~~~~~~~~~~~~~~~~~~~~~~~~~~~~~~~~~~~~~
2025-12-08 07:38:07,928 DeMo.train INFO: Epoch[41] Iteration[10/16] Loss: 0.251, Acc: 1.000, Base Lr: 2.76e-05
2025-12-08 07:38:08,996 DeMo.train INFO: Epoch 41 done. Time per batch: 0.499[s] Speed: 128.2[samples/s]
2025-12-08 07:38:08,997 DeMo.train INFO: ~~~~~~~~~~~~~~~~~~~~~~~~~~~~~~~~~~~~~~~~~~~~~~~~~~
2025-12-08 07:38:08,997 DeMo.train INFO: Current is the [moe,ori] feature testing!
2025-12-08 07:38:08,998 DeMo.train INFO: ~~~~~~~~~~~~~~~~~~~~~~~~~~~~~~~~~~~~~~~~~~~~~~~~~~
The test feature is normalized
2025-12-08 07:38:16,119 DeMo.train INFO: Validation Results - Epoch: 41
2025-12-08 07:38:16,119 DeMo.train INFO: mAP: 45.2%
2025-12-08 07:38:16,119 DeMo.train INFO: CMC curve, Rank-1  :60.1%
2025-12-08 07:38:16,119 DeMo.train INFO: CMC curve, Rank-5  :78.3%
2025-12-08 07:38:16,119 DeMo.train INFO: CMC curve, Rank-10 :85.4%
2025-12-08 07:38:16,119 DeMo.train INFO: ~~~~~~~~~~~~~~~~~~~~~~~~~~~~~~~~~~~~~~~~~~~~~~~~~~
2025-12-08 07:38:17,100 DeMo.train INFO: ~~~~~~~~~~~~~~~~~~~~~~~~~~~~~~~~~~~~~~~~~~~~~~~~~~
2025-12-08 07:38:17,101 DeMo.train INFO: Best mAP: 45.5%
2025-12-08 07:38:17,101 DeMo.train INFO: Best Rank-1: 61.6%
2025-12-08 07:38:17,101 DeMo.train INFO: Best Rank-5: 79.0%
2025-12-08 07:38:17,102 DeMo.train INFO: Best Rank-10: 84.9%
2025-12-08 07:38:17,102 DeMo.train INFO: ~~~~~~~~~~~~~~~~~~~~~~~~~~~~~~~~~~~~~~~~~~~~~~~~~~
2025-12-08 07:38:22,979 DeMo.train INFO: Epoch[42] Iteration[10/16] Loss: 0.250, Acc: 1.000, Base Lr: 2.20e-05
2025-12-08 07:38:24,297 DeMo.train INFO: Epoch 42 done. Time per batch: 0.480[s] Speed: 133.4[samples/s]
2025-12-08 07:38:24,298 DeMo.train INFO: ~~~~~~~~~~~~~~~~~~~~~~~~~~~~~~~~~~~~~~~~~~~~~~~~~~
2025-12-08 07:38:24,298 DeMo.train INFO: Current is the [moe,ori] feature testing!
2025-12-08 07:38:24,298 DeMo.train INFO: ~~~~~~~~~~~~~~~~~~~~~~~~~~~~~~~~~~~~~~~~~~~~~~~~~~
The test feature is normalized
2025-12-08 07:38:31,672 DeMo.train INFO: Validation Results - Epoch: 42
2025-12-08 07:38:31,672 DeMo.train INFO: mAP: 45.3%
2025-12-08 07:38:31,672 DeMo.train INFO: CMC curve, Rank-1  :60.6%
2025-12-08 07:38:31,673 DeMo.train INFO: CMC curve, Rank-5  :78.5%
2025-12-08 07:38:31,673 DeMo.train INFO: CMC curve, Rank-10 :85.6%
2025-12-08 07:38:31,673 DeMo.train INFO: ~~~~~~~~~~~~~~~~~~~~~~~~~~~~~~~~~~~~~~~~~~~~~~~~~~
2025-12-08 07:38:32,536 DeMo.train INFO: ~~~~~~~~~~~~~~~~~~~~~~~~~~~~~~~~~~~~~~~~~~~~~~~~~~
2025-12-08 07:38:32,537 DeMo.train INFO: Best mAP: 45.5%
2025-12-08 07:38:32,537 DeMo.train INFO: Best Rank-1: 61.6%
2025-12-08 07:38:32,537 DeMo.train INFO: Best Rank-5: 79.0%
2025-12-08 07:38:32,537 DeMo.train INFO: Best Rank-10: 84.9%
2025-12-08 07:38:32,537 DeMo.train INFO: ~~~~~~~~~~~~~~~~~~~~~~~~~~~~~~~~~~~~~~~~~~~~~~~~~~
2025-12-08 07:38:38,444 DeMo.train INFO: Epoch[43] Iteration[10/16] Loss: 0.248, Acc: 1.000, Base Lr: 1.70e-05
2025-12-08 07:38:39,521 DeMo.train INFO: Epoch 43 done. Time per batch: 0.499[s] Speed: 128.3[samples/s]
2025-12-08 07:38:39,522 DeMo.train INFO: ~~~~~~~~~~~~~~~~~~~~~~~~~~~~~~~~~~~~~~~~~~~~~~~~~~
2025-12-08 07:38:39,523 DeMo.train INFO: Current is the [moe,ori] feature testing!
2025-12-08 07:38:39,523 DeMo.train INFO: ~~~~~~~~~~~~~~~~~~~~~~~~~~~~~~~~~~~~~~~~~~~~~~~~~~
The test feature is normalized
2025-12-08 07:38:46,824 DeMo.train INFO: Validation Results - Epoch: 43
2025-12-08 07:38:46,824 DeMo.train INFO: mAP: 45.2%
2025-12-08 07:38:46,824 DeMo.train INFO: CMC curve, Rank-1  :60.2%
2025-12-08 07:38:46,824 DeMo.train INFO: CMC curve, Rank-5  :78.8%
2025-12-08 07:38:46,824 DeMo.train INFO: CMC curve, Rank-10 :85.3%
2025-12-08 07:38:46,824 DeMo.train INFO: ~~~~~~~~~~~~~~~~~~~~~~~~~~~~~~~~~~~~~~~~~~~~~~~~~~
2025-12-08 07:38:48,968 DeMo.train INFO: ~~~~~~~~~~~~~~~~~~~~~~~~~~~~~~~~~~~~~~~~~~~~~~~~~~
2025-12-08 07:38:48,969 DeMo.train INFO: Best mAP: 45.5%
2025-12-08 07:38:48,969 DeMo.train INFO: Best Rank-1: 61.6%
2025-12-08 07:38:48,969 DeMo.train INFO: Best Rank-5: 79.0%
2025-12-08 07:38:48,969 DeMo.train INFO: Best Rank-10: 84.9%
2025-12-08 07:38:48,969 DeMo.train INFO: ~~~~~~~~~~~~~~~~~~~~~~~~~~~~~~~~~~~~~~~~~~~~~~~~~~
2025-12-08 07:38:55,410 DeMo.train INFO: Epoch[44] Iteration[10/16] Loss: 0.248, Acc: 1.000, Base Lr: 1.26e-05
2025-12-08 07:38:56,478 DeMo.train INFO: Epoch 44 done. Time per batch: 0.536[s] Speed: 119.3[samples/s]
2025-12-08 07:38:56,479 DeMo.train INFO: ~~~~~~~~~~~~~~~~~~~~~~~~~~~~~~~~~~~~~~~~~~~~~~~~~~
2025-12-08 07:38:56,479 DeMo.train INFO: Current is the [moe,ori] feature testing!
2025-12-08 07:38:56,479 DeMo.train INFO: ~~~~~~~~~~~~~~~~~~~~~~~~~~~~~~~~~~~~~~~~~~~~~~~~~~
The test feature is normalized
2025-12-08 07:39:04,084 DeMo.train INFO: Validation Results - Epoch: 44
2025-12-08 07:39:04,084 DeMo.train INFO: mAP: 45.2%
2025-12-08 07:39:04,084 DeMo.train INFO: CMC curve, Rank-1  :59.9%
2025-12-08 07:39:04,084 DeMo.train INFO: CMC curve, Rank-5  :78.8%
2025-12-08 07:39:04,084 DeMo.train INFO: CMC curve, Rank-10 :84.9%
2025-12-08 07:39:04,084 DeMo.train INFO: ~~~~~~~~~~~~~~~~~~~~~~~~~~~~~~~~~~~~~~~~~~~~~~~~~~
2025-12-08 07:39:05,493 DeMo.train INFO: ~~~~~~~~~~~~~~~~~~~~~~~~~~~~~~~~~~~~~~~~~~~~~~~~~~
2025-12-08 07:39:05,494 DeMo.train INFO: Best mAP: 45.5%
2025-12-08 07:39:05,494 DeMo.train INFO: Best Rank-1: 61.6%
2025-12-08 07:39:05,494 DeMo.train INFO: Best Rank-5: 79.0%
2025-12-08 07:39:05,494 DeMo.train INFO: Best Rank-10: 84.9%
2025-12-08 07:39:05,494 DeMo.train INFO: ~~~~~~~~~~~~~~~~~~~~~~~~~~~~~~~~~~~~~~~~~~~~~~~~~~
2025-12-08 07:39:12,886 DeMo.train INFO: Epoch[45] Iteration[10/16] Loss: 0.247, Acc: 1.000, Base Lr: 8.91e-06
2025-12-08 07:39:13,963 DeMo.train INFO: Epoch 45 done. Time per batch: 0.605[s] Speed: 105.8[samples/s]
2025-12-08 07:39:13,964 DeMo.train INFO: ~~~~~~~~~~~~~~~~~~~~~~~~~~~~~~~~~~~~~~~~~~~~~~~~~~
2025-12-08 07:39:13,964 DeMo.train INFO: Current is the [moe,ori] feature testing!
2025-12-08 07:39:13,964 DeMo.train INFO: ~~~~~~~~~~~~~~~~~~~~~~~~~~~~~~~~~~~~~~~~~~~~~~~~~~
The test feature is normalized
2025-12-08 07:39:21,510 DeMo.train INFO: Validation Results - Epoch: 45
2025-12-08 07:39:21,511 DeMo.train INFO: mAP: 45.3%
2025-12-08 07:39:21,511 DeMo.train INFO: CMC curve, Rank-1  :61.1%
2025-12-08 07:39:21,511 DeMo.train INFO: CMC curve, Rank-5  :79.2%
2025-12-08 07:39:21,511 DeMo.train INFO: CMC curve, Rank-10 :84.9%
2025-12-08 07:39:21,511 DeMo.train INFO: ~~~~~~~~~~~~~~~~~~~~~~~~~~~~~~~~~~~~~~~~~~~~~~~~~~
2025-12-08 07:39:23,573 DeMo.train INFO: ~~~~~~~~~~~~~~~~~~~~~~~~~~~~~~~~~~~~~~~~~~~~~~~~~~
2025-12-08 07:39:23,574 DeMo.train INFO: Best mAP: 45.5%
2025-12-08 07:39:23,574 DeMo.train INFO: Best Rank-1: 61.6%
2025-12-08 07:39:23,574 DeMo.train INFO: Best Rank-5: 79.0%
2025-12-08 07:39:23,574 DeMo.train INFO: Best Rank-10: 84.9%
2025-12-08 07:39:23,574 DeMo.train INFO: ~~~~~~~~~~~~~~~~~~~~~~~~~~~~~~~~~~~~~~~~~~~~~~~~~~
2025-12-08 07:39:29,944 DeMo.train INFO: Epoch[46] Iteration[10/16] Loss: 0.264, Acc: 1.000, Base Lr: 5.84e-06
2025-12-08 07:39:31,002 DeMo.train INFO: Epoch 46 done. Time per batch: 0.531[s] Speed: 120.6[samples/s]
2025-12-08 07:39:31,003 DeMo.train INFO: ~~~~~~~~~~~~~~~~~~~~~~~~~~~~~~~~~~~~~~~~~~~~~~~~~~
2025-12-08 07:39:31,003 DeMo.train INFO: Current is the [moe,ori] feature testing!
2025-12-08 07:39:31,003 DeMo.train INFO: ~~~~~~~~~~~~~~~~~~~~~~~~~~~~~~~~~~~~~~~~~~~~~~~~~~
The test feature is normalized
2025-12-08 07:39:38,223 DeMo.train INFO: Validation Results - Epoch: 46
2025-12-08 07:39:38,224 DeMo.train INFO: mAP: 45.3%
2025-12-08 07:39:38,224 DeMo.train INFO: CMC curve, Rank-1  :60.6%
2025-12-08 07:39:38,224 DeMo.train INFO: CMC curve, Rank-5  :79.4%
2025-12-08 07:39:38,224 DeMo.train INFO: CMC curve, Rank-10 :85.1%
2025-12-08 07:39:38,224 DeMo.train INFO: ~~~~~~~~~~~~~~~~~~~~~~~~~~~~~~~~~~~~~~~~~~~~~~~~~~
2025-12-08 07:39:40,031 DeMo.train INFO: ~~~~~~~~~~~~~~~~~~~~~~~~~~~~~~~~~~~~~~~~~~~~~~~~~~
2025-12-08 07:39:40,032 DeMo.train INFO: Best mAP: 45.5%
2025-12-08 07:39:40,032 DeMo.train INFO: Best Rank-1: 61.6%
2025-12-08 07:39:40,032 DeMo.train INFO: Best Rank-5: 79.0%
2025-12-08 07:39:40,032 DeMo.train INFO: Best Rank-10: 84.9%
2025-12-08 07:39:40,032 DeMo.train INFO: ~~~~~~~~~~~~~~~~~~~~~~~~~~~~~~~~~~~~~~~~~~~~~~~~~~
2025-12-08 07:39:46,403 DeMo.train INFO: Epoch[47] Iteration[10/16] Loss: 0.244, Acc: 1.000, Base Lr: 3.45e-06
2025-12-08 07:39:47,474 DeMo.train INFO: Epoch 47 done. Time per batch: 0.532[s] Speed: 120.4[samples/s]
2025-12-08 07:39:47,475 DeMo.train INFO: ~~~~~~~~~~~~~~~~~~~~~~~~~~~~~~~~~~~~~~~~~~~~~~~~~~
2025-12-08 07:39:47,476 DeMo.train INFO: Current is the [moe,ori] feature testing!
2025-12-08 07:39:47,476 DeMo.train INFO: ~~~~~~~~~~~~~~~~~~~~~~~~~~~~~~~~~~~~~~~~~~~~~~~~~~
The test feature is normalized
2025-12-08 07:39:54,471 DeMo.train INFO: Validation Results - Epoch: 47
2025-12-08 07:39:54,471 DeMo.train INFO: mAP: 45.3%
2025-12-08 07:39:54,471 DeMo.train INFO: CMC curve, Rank-1  :60.6%
2025-12-08 07:39:54,471 DeMo.train INFO: CMC curve, Rank-5  :79.4%
2025-12-08 07:39:54,471 DeMo.train INFO: CMC curve, Rank-10 :85.3%
2025-12-08 07:39:54,471 DeMo.train INFO: ~~~~~~~~~~~~~~~~~~~~~~~~~~~~~~~~~~~~~~~~~~~~~~~~~~
2025-12-08 07:39:55,137 DeMo.train INFO: ~~~~~~~~~~~~~~~~~~~~~~~~~~~~~~~~~~~~~~~~~~~~~~~~~~
2025-12-08 07:39:55,138 DeMo.train INFO: Best mAP: 45.5%
2025-12-08 07:39:55,138 DeMo.train INFO: Best Rank-1: 61.6%
2025-12-08 07:39:55,138 DeMo.train INFO: Best Rank-5: 79.0%
2025-12-08 07:39:55,138 DeMo.train INFO: Best Rank-10: 84.9%
2025-12-08 07:39:55,138 DeMo.train INFO: ~~~~~~~~~~~~~~~~~~~~~~~~~~~~~~~~~~~~~~~~~~~~~~~~~~
2025-12-08 07:40:02,565 DeMo.train INFO: Epoch[48] Iteration[10/16] Loss: 0.245, Acc: 1.000, Base Lr: 1.73e-06
2025-12-08 07:40:03,636 DeMo.train INFO: Epoch 48 done. Time per batch: 0.607[s] Speed: 105.4[samples/s]
2025-12-08 07:40:03,638 DeMo.train INFO: ~~~~~~~~~~~~~~~~~~~~~~~~~~~~~~~~~~~~~~~~~~~~~~~~~~
2025-12-08 07:40:03,638 DeMo.train INFO: Current is the [moe,ori] feature testing!
2025-12-08 07:40:03,638 DeMo.train INFO: ~~~~~~~~~~~~~~~~~~~~~~~~~~~~~~~~~~~~~~~~~~~~~~~~~~
The test feature is normalized
2025-12-08 07:40:10,655 DeMo.train INFO: Validation Results - Epoch: 48
2025-12-08 07:40:10,655 DeMo.train INFO: mAP: 45.3%
2025-12-08 07:40:10,655 DeMo.train INFO: CMC curve, Rank-1  :60.6%
2025-12-08 07:40:10,655 DeMo.train INFO: CMC curve, Rank-5  :79.0%
2025-12-08 07:40:10,656 DeMo.train INFO: CMC curve, Rank-10 :85.4%
2025-12-08 07:40:10,656 DeMo.train INFO: ~~~~~~~~~~~~~~~~~~~~~~~~~~~~~~~~~~~~~~~~~~~~~~~~~~
2025-12-08 07:40:11,859 DeMo.train INFO: ~~~~~~~~~~~~~~~~~~~~~~~~~~~~~~~~~~~~~~~~~~~~~~~~~~
2025-12-08 07:40:11,860 DeMo.train INFO: Best mAP: 45.5%
2025-12-08 07:40:11,860 DeMo.train INFO: Best Rank-1: 61.6%
2025-12-08 07:40:11,860 DeMo.train INFO: Best Rank-5: 79.0%
2025-12-08 07:40:11,860 DeMo.train INFO: Best Rank-10: 84.9%
2025-12-08 07:40:11,860 DeMo.train INFO: ~~~~~~~~~~~~~~~~~~~~~~~~~~~~~~~~~~~~~~~~~~~~~~~~~~
2025-12-08 07:40:18,454 DeMo.train INFO: Epoch[49] Iteration[10/16] Loss: 0.254, Acc: 1.000, Base Lr: 6.95e-07
2025-12-08 07:40:19,527 DeMo.train INFO: Epoch 49 done. Time per batch: 0.548[s] Speed: 116.9[samples/s]
2025-12-08 07:40:19,528 DeMo.train INFO: ~~~~~~~~~~~~~~~~~~~~~~~~~~~~~~~~~~~~~~~~~~~~~~~~~~
2025-12-08 07:40:19,528 DeMo.train INFO: Current is the [moe,ori] feature testing!
2025-12-08 07:40:19,528 DeMo.train INFO: ~~~~~~~~~~~~~~~~~~~~~~~~~~~~~~~~~~~~~~~~~~~~~~~~~~
The test feature is normalized
2025-12-08 07:40:26,849 DeMo.train INFO: Validation Results - Epoch: 49
2025-12-08 07:40:26,849 DeMo.train INFO: mAP: 45.2%
2025-12-08 07:40:26,849 DeMo.train INFO: CMC curve, Rank-1  :60.6%
2025-12-08 07:40:26,849 DeMo.train INFO: CMC curve, Rank-5  :79.0%
2025-12-08 07:40:26,849 DeMo.train INFO: CMC curve, Rank-10 :85.3%
2025-12-08 07:40:26,849 DeMo.train INFO: ~~~~~~~~~~~~~~~~~~~~~~~~~~~~~~~~~~~~~~~~~~~~~~~~~~
2025-12-08 07:40:28,492 DeMo.train INFO: ~~~~~~~~~~~~~~~~~~~~~~~~~~~~~~~~~~~~~~~~~~~~~~~~~~
2025-12-08 07:40:28,492 DeMo.train INFO: Best mAP: 45.5%
2025-12-08 07:40:28,492 DeMo.train INFO: Best Rank-1: 61.6%
2025-12-08 07:40:28,493 DeMo.train INFO: Best Rank-5: 79.0%
2025-12-08 07:40:28,493 DeMo.train INFO: Best Rank-10: 84.9%
2025-12-08 07:40:28,493 DeMo.train INFO: ~~~~~~~~~~~~~~~~~~~~~~~~~~~~~~~~~~~~~~~~~~~~~~~~~~
2025-12-08 07:40:36,619 DeMo.train INFO: Epoch[50] Iteration[10/16] Loss: 0.252, Acc: 1.000, Base Lr: 3.50e-07
2025-12-08 07:40:37,931 DeMo.train INFO: Epoch 50 done. Time per batch: 0.629[s] Speed: 101.7[samples/s]
2025-12-08 07:40:37,933 DeMo.train INFO: ~~~~~~~~~~~~~~~~~~~~~~~~~~~~~~~~~~~~~~~~~~~~~~~~~~
2025-12-08 07:40:37,934 DeMo.train INFO: Current is the [moe,ori] feature testing!
2025-12-08 07:40:37,935 DeMo.train INFO: ~~~~~~~~~~~~~~~~~~~~~~~~~~~~~~~~~~~~~~~~~~~~~~~~~~
The test feature is normalized
2025-12-08 07:40:51,379 DeMo.train INFO: Validation Results - Epoch: 50
2025-12-08 07:40:51,380 DeMo.train INFO: mAP: 45.2%
2025-12-08 07:40:51,380 DeMo.train INFO: CMC curve, Rank-1  :60.2%
2025-12-08 07:40:51,381 DeMo.train INFO: CMC curve, Rank-5  :78.8%
2025-12-08 07:40:51,381 DeMo.train INFO: CMC curve, Rank-10 :85.6%
2025-12-08 07:40:51,381 DeMo.train INFO: ~~~~~~~~~~~~~~~~~~~~~~~~~~~~~~~~~~~~~~~~~~~~~~~~~~
2025-12-08 07:40:53,061 DeMo.train INFO: ~~~~~~~~~~~~~~~~~~~~~~~~~~~~~~~~~~~~~~~~~~~~~~~~~~
2025-12-08 07:40:53,062 DeMo.train INFO: Best mAP: 45.5%
2025-12-08 07:40:53,062 DeMo.train INFO: Best Rank-1: 61.6%
2025-12-08 07:40:53,062 DeMo.train INFO: Best Rank-5: 79.0%
2025-12-08 07:40:53,062 DeMo.train INFO: Best Rank-10: 84.9%
2025-12-08 07:40:53,062 DeMo.train INFO: ~~~~~~~~~~~~~~~~~~~~~~~~~~~~~~~~~~~~~~~~~~~~~~~~~~
