2025-12-08 07:17:25,830 DeMo INFO: Saving model in the path :..
2025-12-08 07:17:25,830 DeMo INFO: Namespace(config_file='configs/MSVR310/DeMo_SDTPS_DGAF_ablation.yml', exp_name='cross_attn_DGAFv3_only', fea_cft=0, local_rank=0, opts=['MODEL.USE_SDTPS', 'False', 'MODEL.USE_DGAF', 'True'])
2025-12-08 07:17:25,830 DeMo INFO: Loaded configuration file configs/MSVR310/DeMo_SDTPS_DGAF_ablation.yml
2025-12-08 07:17:25,831 DeMo INFO: 
MODEL:
  TRANSFORMER_TYPE: 'ViT-B-16'
  STRIDE_SIZE: [ 16, 16 ]
  SIE_CAMERA: True
  DIRECT: 1
  SIE_COE: 1.0
  ID_LOSS_WEIGHT: 0.25
  TRIPLET_LOSS_WEIGHT: 1.0
  GLOBAL_LOCAL: True
  # Disable HDM and ATM
  HDM: False
  ATM: False
  # SACR disabled for ablation
  USE_SACR: False
  USE_MULTIMODAL_SACR: False
  # SDTPS configuration
  USE_SDTPS: True
  SDTPS_SPARSE_RATIO: 0.7
  SDTPS_AGGR_RATIO: 0.5
  SDTPS_BETA: 0.25
  SDTPS_USE_GUMBEL: False
  SDTPS_GUMBEL_TAU: 5.0
  SDTPS_LOSS_WEIGHT: 2.0
  # LIF disabled
  USE_LIF: False
  # DGAF: Dual-Gated Adaptive Fusion
  USE_DGAF: True
  DGAF_VERSION: 'v3'
  DGAF_TAU: 1.0
  DGAF_INIT_ALPHA: 0.5
  DGAF_NUM_HEADS: 8
  HEAD: 4

INPUT:
  SIZE_TRAIN: [ 128, 256 ]
  SIZE_TEST: [ 128, 256 ]
  PROB: 0.5
  RE_PROB: 0.5
  PADDING: 10

DATALOADER:
  SAMPLER: 'softmax_triplet'
  NUM_INSTANCE: 4
  NUM_WORKERS: 14

DATASETS:
  NAMES: ('MSVR310')
  ROOT_DIR: '..'

SOLVER:
  BASE_LR: 0.00035
  MAX_EPOCHS: 50
  STEPS: [30, 40]
  GAMMA: 0.1
  WARMUP_ITERS: 10
  WARMUP_FACTOR: 0.01
  WARMUP_METHOD: 'linear'
  OPTIMIZER_NAME: 'Adam'
  IMS_PER_BATCH: 64
  EVAL_PERIOD: 1
  CHECKPOINT_PERIOD: 10

TEST:
  IMS_PER_BATCH: 64
  RE_RANKING: 'no'
  WEIGHT: ''
  NECK_FEAT: 'before'
  FEAT_NORM: 'yes'
  MISS: "nothing"

OUTPUT_DIR: '..'

# ============================================================================
# MSVR310 SDTPS + DGAF Ablation Config
# ============================================================================
# - Based on original DeMo.yml for MSVR310
# - SACR: disabled
# - HDM/ATM: disabled, DIRECT: 1
# - SDTPS: configurable via command line
# - DGAF V3: configurable via command line
# - Training: lr=0.00035, epochs=50, warmup=10 (same as original)
# ============================================================================

2025-12-08 07:17:25,831 DeMo INFO: Running with config:
DATALOADER:
  NUM_INSTANCE: 4
  NUM_WORKERS: 14
  SAMPLER: softmax_triplet
DATASETS:
  NAMES: MSVR310
  ROOT_DIR: ..
INPUT:
  PADDING: 10
  PIXEL_MEAN: [0.5, 0.5, 0.5]
  PIXEL_STD: [0.5, 0.5, 0.5]
  PROB: 0.5
  RE_PROB: 0.5
  SIZE_TEST: [128, 256]
  SIZE_TRAIN: [128, 256]
MODEL:
  ADAPTER: False
  ATM: False
  ATT_DROP_RATE: 0.0
  DEVICE: cuda
  DEVICE_ID: 0
  DGAF_INIT_ALPHA: 0.5
  DGAF_NUM_HEADS: 8
  DGAF_TAU: 1.0
  DGAF_VERSION: v3
  DIRECT: 1
  DIST_TRAIN: False
  DROP_OUT: 0.0
  DROP_PATH: 0.1
  FROZEN: False
  GLOBAL_LOCAL: True
  HDM: False
  HEAD: 4
  ID_LOSS_TYPE: softmax
  ID_LOSS_WEIGHT: 0.25
  IF_LABELSMOOTH: on
  IF_WITH_CENTER: no
  LIF_BETA: 0.4
  LIF_LAYER: 3
  LIF_LOSS_WEIGHT: 0.1
  METRIC_LOSS_TYPE: triplet
  MULTIMODAL_SACR_VERSION: v1
  NAME: DeMo
  NECK: bnneck
  NO_MARGIN: True
  PRETRAIN_PATH_T: /path/to/your/vitb_16_224_21k.pth
  PROMPT: False
  SACR_DILATION_RATES: [2, 3, 4]
  SDTPS_AGGR_RATIO: 0.5
  SDTPS_BETA: 0.25
  SDTPS_CROSS_ATTN_HEADS: 4
  SDTPS_CROSS_ATTN_TYPE: cosine
  SDTPS_GUMBEL_TAU: 5.0
  SDTPS_LOSS_WEIGHT: 2.0
  SDTPS_SPARSE_RATIO: 0.7
  SDTPS_USE_GUMBEL: False
  SIE_CAMERA: True
  SIE_COE: 1.0
  SIE_VIEW: False
  STRIDE_SIZE: [16, 16]
  TRANSFORMER_TYPE: ViT-B-16
  TRIPLET_LOSS_WEIGHT: 1.0
  USE_DGAF: True
  USE_LIF: False
  USE_MULTIMODAL_SACR: False
  USE_SACR: False
  USE_SDTPS: False
OUTPUT_DIR: ..
SOLVER:
  BASE_LR: 0.00035
  BIAS_LR_FACTOR: 2
  CENTER_LOSS_WEIGHT: 0.0005
  CENTER_LR: 0.5
  CHECKPOINT_PERIOD: 10
  CLUSTER_MARGIN: 0.3
  COSINE_MARGIN: 0.5
  COSINE_SCALE: 30
  EVAL_PERIOD: 1
  GAMMA: 0.1
  IMS_PER_BATCH: 64
  LARGE_FC_LR: False
  LOG_PERIOD: 10
  LR_SCHEDULER: cosine
  MARGIN: 0.3
  MAX_EPOCHS: 50
  MOMENTUM: 0.9
  OPTIMIZER_NAME: Adam
  RANGE_ALPHA: 0
  RANGE_BETA: 1
  RANGE_K: 2
  RANGE_LOSS_WEIGHT: 1
  RANGE_MARGIN: 0.3
  SEED: 1111
  STEPS: (30, 40)
  WARMUP_FACTOR: 0.01
  WARMUP_ITERS: 10
  WARMUP_METHOD: linear
  WEIGHT_DECAY: 0.0001
  WEIGHT_DECAY_BIAS: 0.0001
TEST:
  FEAT: 0
  FEAT_NORM: yes
  IMS_PER_BATCH: 64
  MISS: nothing
  NECK_FEAT: before
  RE_RANKING: no
  WEIGHT: 
=> RGB_IR loaded
Dataset statistics:
  ----------------------------------------
  subset   | # ids | # images | # cameras
  ----------------------------------------
  train    |   155 |     1032 |         8
  query    |    52 |      591 |         8
  gallery  |   155 |     1055 |         8
  ----------------------------------------
data is ready
using Transformer_type: ViT-B-16 as a backbone
Resized position embedding: %s to %s torch.Size([197, 768]) torch.Size([129, 768])
Position embedding resize to height:8 width: 16
Successfully load ckpt!
<All keys matched successfully>
Loading pretrained model from CLIP
camera number is : 8
===========Building DeMo===========
2025-12-08 07:17:39,775 DeMo INFO: DeMo(
  (BACKBONE): build_transformer(
    (base): VisionTransformer(
      (conv1): Conv2d(3, 768, kernel_size=(16, 16), stride=(16, 16), bias=False)
      (ln_pre): LayerNorm((768,), eps=1e-05, elementwise_affine=True)
      (transformer): Transformer(
        (resblocks): Sequential(
          (0): ResidualAttentionBlock(
            (attn): MultiheadAttention(
              (out_proj): NonDynamicallyQuantizableLinear(in_features=768, out_features=768, bias=True)
            )
            (ln_1): LayerNorm((768,), eps=1e-05, elementwise_affine=True)
            (mlp): Sequential(
              (c_fc): Linear(in_features=768, out_features=3072, bias=True)
              (gelu): QuickGELU()
              (c_proj): Linear(in_features=3072, out_features=768, bias=True)
            )
            (ln_2): LayerNorm((768,), eps=1e-05, elementwise_affine=True)
          )
          (1): ResidualAttentionBlock(
            (attn): MultiheadAttention(
              (out_proj): NonDynamicallyQuantizableLinear(in_features=768, out_features=768, bias=True)
            )
            (ln_1): LayerNorm((768,), eps=1e-05, elementwise_affine=True)
            (mlp): Sequential(
              (c_fc): Linear(in_features=768, out_features=3072, bias=True)
              (gelu): QuickGELU()
              (c_proj): Linear(in_features=3072, out_features=768, bias=True)
            )
            (ln_2): LayerNorm((768,), eps=1e-05, elementwise_affine=True)
          )
          (2): ResidualAttentionBlock(
            (attn): MultiheadAttention(
              (out_proj): NonDynamicallyQuantizableLinear(in_features=768, out_features=768, bias=True)
            )
            (ln_1): LayerNorm((768,), eps=1e-05, elementwise_affine=True)
            (mlp): Sequential(
              (c_fc): Linear(in_features=768, out_features=3072, bias=True)
              (gelu): QuickGELU()
              (c_proj): Linear(in_features=3072, out_features=768, bias=True)
            )
            (ln_2): LayerNorm((768,), eps=1e-05, elementwise_affine=True)
          )
          (3): ResidualAttentionBlock(
            (attn): MultiheadAttention(
              (out_proj): NonDynamicallyQuantizableLinear(in_features=768, out_features=768, bias=True)
            )
            (ln_1): LayerNorm((768,), eps=1e-05, elementwise_affine=True)
            (mlp): Sequential(
              (c_fc): Linear(in_features=768, out_features=3072, bias=True)
              (gelu): QuickGELU()
              (c_proj): Linear(in_features=3072, out_features=768, bias=True)
            )
            (ln_2): LayerNorm((768,), eps=1e-05, elementwise_affine=True)
          )
          (4): ResidualAttentionBlock(
            (attn): MultiheadAttention(
              (out_proj): NonDynamicallyQuantizableLinear(in_features=768, out_features=768, bias=True)
            )
            (ln_1): LayerNorm((768,), eps=1e-05, elementwise_affine=True)
            (mlp): Sequential(
              (c_fc): Linear(in_features=768, out_features=3072, bias=True)
              (gelu): QuickGELU()
              (c_proj): Linear(in_features=3072, out_features=768, bias=True)
            )
            (ln_2): LayerNorm((768,), eps=1e-05, elementwise_affine=True)
          )
          (5): ResidualAttentionBlock(
            (attn): MultiheadAttention(
              (out_proj): NonDynamicallyQuantizableLinear(in_features=768, out_features=768, bias=True)
            )
            (ln_1): LayerNorm((768,), eps=1e-05, elementwise_affine=True)
            (mlp): Sequential(
              (c_fc): Linear(in_features=768, out_features=3072, bias=True)
              (gelu): QuickGELU()
              (c_proj): Linear(in_features=3072, out_features=768, bias=True)
            )
            (ln_2): LayerNorm((768,), eps=1e-05, elementwise_affine=True)
          )
          (6): ResidualAttentionBlock(
            (attn): MultiheadAttention(
              (out_proj): NonDynamicallyQuantizableLinear(in_features=768, out_features=768, bias=True)
            )
            (ln_1): LayerNorm((768,), eps=1e-05, elementwise_affine=True)
            (mlp): Sequential(
              (c_fc): Linear(in_features=768, out_features=3072, bias=True)
              (gelu): QuickGELU()
              (c_proj): Linear(in_features=3072, out_features=768, bias=True)
            )
            (ln_2): LayerNorm((768,), eps=1e-05, elementwise_affine=True)
          )
          (7): ResidualAttentionBlock(
            (attn): MultiheadAttention(
              (out_proj): NonDynamicallyQuantizableLinear(in_features=768, out_features=768, bias=True)
            )
            (ln_1): LayerNorm((768,), eps=1e-05, elementwise_affine=True)
            (mlp): Sequential(
              (c_fc): Linear(in_features=768, out_features=3072, bias=True)
              (gelu): QuickGELU()
              (c_proj): Linear(in_features=3072, out_features=768, bias=True)
            )
            (ln_2): LayerNorm((768,), eps=1e-05, elementwise_affine=True)
          )
          (8): ResidualAttentionBlock(
            (attn): MultiheadAttention(
              (out_proj): NonDynamicallyQuantizableLinear(in_features=768, out_features=768, bias=True)
            )
            (ln_1): LayerNorm((768,), eps=1e-05, elementwise_affine=True)
            (mlp): Sequential(
              (c_fc): Linear(in_features=768, out_features=3072, bias=True)
              (gelu): QuickGELU()
              (c_proj): Linear(in_features=3072, out_features=768, bias=True)
            )
            (ln_2): LayerNorm((768,), eps=1e-05, elementwise_affine=True)
          )
          (9): ResidualAttentionBlock(
            (attn): MultiheadAttention(
              (out_proj): NonDynamicallyQuantizableLinear(in_features=768, out_features=768, bias=True)
            )
            (ln_1): LayerNorm((768,), eps=1e-05, elementwise_affine=True)
            (mlp): Sequential(
              (c_fc): Linear(in_features=768, out_features=3072, bias=True)
              (gelu): QuickGELU()
              (c_proj): Linear(in_features=3072, out_features=768, bias=True)
            )
            (ln_2): LayerNorm((768,), eps=1e-05, elementwise_affine=True)
          )
          (10): ResidualAttentionBlock(
            (attn): MultiheadAttention(
              (out_proj): NonDynamicallyQuantizableLinear(in_features=768, out_features=768, bias=True)
            )
            (ln_1): LayerNorm((768,), eps=1e-05, elementwise_affine=True)
            (mlp): Sequential(
              (c_fc): Linear(in_features=768, out_features=3072, bias=True)
              (gelu): QuickGELU()
              (c_proj): Linear(in_features=3072, out_features=768, bias=True)
            )
            (ln_2): LayerNorm((768,), eps=1e-05, elementwise_affine=True)
          )
          (11): ResidualAttentionBlock(
            (attn): MultiheadAttention(
              (out_proj): NonDynamicallyQuantizableLinear(in_features=768, out_features=768, bias=True)
            )
            (ln_1): LayerNorm((768,), eps=1e-05, elementwise_affine=True)
            (mlp): Sequential(
              (c_fc): Linear(in_features=768, out_features=3072, bias=True)
              (gelu): QuickGELU()
              (c_proj): Linear(in_features=3072, out_features=768, bias=True)
            )
            (ln_2): LayerNorm((768,), eps=1e-05, elementwise_affine=True)
          )
        )
      )
      (ln_post): LayerNorm((768,), eps=1e-05, elementwise_affine=True)
    )
  )
  (pool): AdaptiveAvgPool1d(output_size=1)
  (rgb_reduce): Sequential(
    (0): LayerNorm((1024,), eps=1e-05, elementwise_affine=True)
    (1): Linear(in_features=1024, out_features=512, bias=True)
    (2): QuickGELU()
  )
  (nir_reduce): Sequential(
    (0): LayerNorm((1024,), eps=1e-05, elementwise_affine=True)
    (1): Linear(in_features=1024, out_features=512, bias=True)
    (2): QuickGELU()
  )
  (tir_reduce): Sequential(
    (0): LayerNorm((1024,), eps=1e-05, elementwise_affine=True)
    (1): Linear(in_features=1024, out_features=512, bias=True)
    (2): QuickGELU()
  )
  (dgaf): DualGatedAdaptiveFusionV3(
    (attn_pool): MultiheadAttention(
      (out_proj): NonDynamicallyQuantizableLinear(in_features=512, out_features=512, bias=True)
    )
    (attn_norm): LayerNorm((512,), eps=1e-05, elementwise_affine=True)
    (entropy_proj): Linear(in_features=512, out_features=512, bias=True)
    (gate_net): Sequential(
      (0): Linear(in_features=1536, out_features=512, bias=True)
      (1): LayerNorm((512,), eps=1e-05, elementwise_affine=True)
      (2): ReLU(inplace=True)
      (3): Linear(in_features=512, out_features=3, bias=True)
      (4): Sigmoid()
    )
    (modal_enhance): Sequential(
      (0): Linear(in_features=512, out_features=512, bias=True)
      (1): LayerNorm((512,), eps=1e-05, elementwise_affine=True)
    )
  )
  (classifier_dgaf): Linear(in_features=1536, out_features=155, bias=False)
  (bottleneck_dgaf): BatchNorm1d(1536, eps=1e-05, momentum=0.1, affine=True, track_running_stats=True)
  (classifier): Linear(in_features=1536, out_features=155, bias=False)
  (bottleneck): BatchNorm1d(1536, eps=1e-05, momentum=0.1, affine=True, track_running_stats=True)
)
2025-12-08 07:17:39,776 DeMo INFO: number of parameters:90.575364
/home/yij/miniconda3/envs/DeMo/lib/python3.8/site-packages/timm/models/helpers.py:7: FutureWarning: Importing from timm.models.helpers is deprecated, please import via timm.models
  warnings.warn(f"Importing from {__name__} is deprecated, please import via timm.models", FutureWarning)
/home/yij/miniconda3/envs/DeMo/lib/python3.8/site-packages/timm/models/registry.py:4: FutureWarning: Importing from timm.models.registry is deprecated, please import via timm.models
  warnings.warn(f"Importing from {__name__} is deprecated, please import via timm.models", FutureWarning)
/home/yij/miniconda3/envs/DeMo/lib/python3.8/site-packages/timm/models/layers/__init__.py:48: FutureWarning: Importing from timm.models.layers is deprecated, please import via timm.layers
  warnings.warn(f"Importing from {__name__} is deprecated, please import via timm.layers", FutureWarning)
/raid/yij/icme/demo2new/DeMo2/modeling/clip/clip.py:23: UserWarning: PyTorch version 1.7.1 or higher is recommended
  warnings.warn("PyTorch version 1.7.1 or higher is recommended")
/home/yij/miniconda3/envs/DeMo/lib/python3.8/site-packages/torchvision/transforms/transforms.py:329: UserWarning: Argument 'interpolation' of type int is deprecated since 0.13 and will be removed in 0.15. Please use InterpolationMode enum.
  warnings.warn(
Unsupported operator aten::log encountered 3 time(s)
The following submodules of the model were never called during the trace of the graph. They may be unused, or they were accessed by direct calls to .forward() or via other python methods. In the latter case they will have zeros for statistics, though their statistics will still contribute to their parent calling module.
BACKBONE.base.transformer.resblocks.0.attn.out_proj, BACKBONE.base.transformer.resblocks.1.attn.out_proj, BACKBONE.base.transformer.resblocks.10.attn.out_proj, BACKBONE.base.transformer.resblocks.11.attn.out_proj, BACKBONE.base.transformer.resblocks.2.attn.out_proj, BACKBONE.base.transformer.resblocks.3.attn.out_proj, BACKBONE.base.transformer.resblocks.4.attn.out_proj, BACKBONE.base.transformer.resblocks.5.attn.out_proj, BACKBONE.base.transformer.resblocks.6.attn.out_proj, BACKBONE.base.transformer.resblocks.7.attn.out_proj, BACKBONE.base.transformer.resblocks.8.attn.out_proj, BACKBONE.base.transformer.resblocks.9.attn.out_proj, bottleneck, bottleneck_dgaf, classifier, classifier_dgaf, dgaf.attn_pool.out_proj
~~~~~~~~~~~~~~~~~~~~~~~~~~~~~~~~~~~~~~~~~~~~~~~~~~~~~~~~~~~~~~~~~~~~~~~~~~~~~~~~~~~~~~~~~~~~~~~~
The out_proj here is called by the nn.MultiheadAttention, which has been calculated in th .forward(), so just ignore it.
~~~~~~~~~~~~~~~~~~~~~~~~~~~~~~~~~~~~~~~~~~~~~~~~~~~~~~~~~~~~~~~~~~~~~~~~~~~~~~~~~~~~~~~~~~~~~~~~
For the bottleneck or classifier, it is not calculated during inference, so just ignore it.
~~~~~~~~~~~~~~~~~~~~~~~~~~~~~~~~~~~~~~~~~~~~~~~~~~~~~~~~~~~~~~~~~~~~~~~~~~~~~~~~~~~~~~~~~~~~~~~~
2025-12-08 07:17:52,860 DeMo INFO: number of GFLOPs: 34.48233837099999
using soft triplet loss for training
label smooth on, numclasses: 155
2025-12-08 07:17:52,872 DeMo.train INFO: start training
2025-12-08 07:18:04,165 DeMo.train INFO: Epoch[1] Iteration[10/16] Loss: 7.271, Acc: 0.009, Base Lr: 6.65e-05
2025-12-08 07:18:05,328 DeMo.train INFO: Epoch 1 done. Time per batch: 0.889[s] Speed: 72.0[samples/s]
2025-12-08 07:18:05,329 DeMo.train INFO: ~~~~~~~~~~~~~~~~~~~~~~~~~~~~~~~~~~~~~~~~~~~~~~~~~~
2025-12-08 07:18:05,329 DeMo.train INFO: Current is the [moe,ori] feature testing!
2025-12-08 07:18:05,329 DeMo.train INFO: ~~~~~~~~~~~~~~~~~~~~~~~~~~~~~~~~~~~~~~~~~~~~~~~~~~
The test feature is normalized
2025-12-08 07:18:33,061 DeMo.train INFO: Validation Results - Epoch: 1
2025-12-08 07:18:33,061 DeMo.train INFO: mAP: 16.2%
2025-12-08 07:18:33,061 DeMo.train INFO: CMC curve, Rank-1  :36.7%
2025-12-08 07:18:33,061 DeMo.train INFO: CMC curve, Rank-5  :56.9%
2025-12-08 07:18:33,061 DeMo.train INFO: CMC curve, Rank-10 :65.5%
2025-12-08 07:18:33,061 DeMo.train INFO: ~~~~~~~~~~~~~~~~~~~~~~~~~~~~~~~~~~~~~~~~~~~~~~~~~~
2025-12-08 07:18:51,027 DeMo.train INFO: ~~~~~~~~~~~~~~~~~~~~~~~~~~~~~~~~~~~~~~~~~~~~~~~~~~
2025-12-08 07:18:51,027 DeMo.train INFO: Best mAP: 16.2%
2025-12-08 07:18:51,028 DeMo.train INFO: Best Rank-1: 36.7%
2025-12-08 07:18:51,028 DeMo.train INFO: Best Rank-5: 56.9%
2025-12-08 07:18:51,028 DeMo.train INFO: Best Rank-10: 65.5%
2025-12-08 07:18:51,028 DeMo.train INFO: ~~~~~~~~~~~~~~~~~~~~~~~~~~~~~~~~~~~~~~~~~~~~~~~~~~
2025-12-08 07:18:57,502 DeMo.train INFO: Epoch[2] Iteration[10/16] Loss: 4.280, Acc: 0.087, Base Lr: 9.80e-05
2025-12-08 07:18:58,638 DeMo.train INFO: Epoch 2 done. Time per batch: 0.544[s] Speed: 117.7[samples/s]
2025-12-08 07:18:58,640 DeMo.train INFO: ~~~~~~~~~~~~~~~~~~~~~~~~~~~~~~~~~~~~~~~~~~~~~~~~~~
2025-12-08 07:18:58,642 DeMo.train INFO: Current is the [moe,ori] feature testing!
2025-12-08 07:18:58,644 DeMo.train INFO: ~~~~~~~~~~~~~~~~~~~~~~~~~~~~~~~~~~~~~~~~~~~~~~~~~~
The test feature is normalized
2025-12-08 07:19:29,545 DeMo.train INFO: Validation Results - Epoch: 2
2025-12-08 07:19:29,546 DeMo.train INFO: mAP: 18.9%
2025-12-08 07:19:29,548 DeMo.train INFO: CMC curve, Rank-1  :34.9%
2025-12-08 07:19:29,548 DeMo.train INFO: CMC curve, Rank-5  :57.7%
2025-12-08 07:19:29,550 DeMo.train INFO: CMC curve, Rank-10 :65.1%
2025-12-08 07:19:29,551 DeMo.train INFO: ~~~~~~~~~~~~~~~~~~~~~~~~~~~~~~~~~~~~~~~~~~~~~~~~~~
2025-12-08 07:20:05,222 DeMo.train INFO: ~~~~~~~~~~~~~~~~~~~~~~~~~~~~~~~~~~~~~~~~~~~~~~~~~~
2025-12-08 07:20:05,222 DeMo.train INFO: Best mAP: 18.9%
2025-12-08 07:20:05,223 DeMo.train INFO: Best Rank-1: 34.9%
2025-12-08 07:20:05,223 DeMo.train INFO: Best Rank-5: 57.7%
2025-12-08 07:20:05,223 DeMo.train INFO: Best Rank-10: 65.1%
2025-12-08 07:20:05,223 DeMo.train INFO: ~~~~~~~~~~~~~~~~~~~~~~~~~~~~~~~~~~~~~~~~~~~~~~~~~~
2025-12-08 07:20:12,661 DeMo.train INFO: Epoch[3] Iteration[10/16] Loss: 3.986, Acc: 0.359, Base Lr: 1.30e-04
2025-12-08 07:20:13,782 DeMo.train INFO: Epoch 3 done. Time per batch: 0.611[s] Speed: 104.7[samples/s]
2025-12-08 07:20:13,784 DeMo.train INFO: ~~~~~~~~~~~~~~~~~~~~~~~~~~~~~~~~~~~~~~~~~~~~~~~~~~
2025-12-08 07:20:13,785 DeMo.train INFO: Current is the [moe,ori] feature testing!
2025-12-08 07:20:13,786 DeMo.train INFO: ~~~~~~~~~~~~~~~~~~~~~~~~~~~~~~~~~~~~~~~~~~~~~~~~~~
The test feature is normalized
2025-12-08 07:20:28,952 DeMo.train INFO: Validation Results - Epoch: 3
2025-12-08 07:20:28,952 DeMo.train INFO: mAP: 27.5%
2025-12-08 07:20:28,952 DeMo.train INFO: CMC curve, Rank-1  :46.0%
2025-12-08 07:20:28,952 DeMo.train INFO: CMC curve, Rank-5  :67.3%
2025-12-08 07:20:28,952 DeMo.train INFO: CMC curve, Rank-10 :75.0%
2025-12-08 07:20:28,952 DeMo.train INFO: ~~~~~~~~~~~~~~~~~~~~~~~~~~~~~~~~~~~~~~~~~~~~~~~~~~
2025-12-08 07:20:46,856 DeMo.train INFO: ~~~~~~~~~~~~~~~~~~~~~~~~~~~~~~~~~~~~~~~~~~~~~~~~~~
2025-12-08 07:20:46,856 DeMo.train INFO: Best mAP: 27.5%
2025-12-08 07:20:46,857 DeMo.train INFO: Best Rank-1: 46.0%
2025-12-08 07:20:46,857 DeMo.train INFO: Best Rank-5: 67.3%
2025-12-08 07:20:46,857 DeMo.train INFO: Best Rank-10: 75.0%
2025-12-08 07:20:46,857 DeMo.train INFO: ~~~~~~~~~~~~~~~~~~~~~~~~~~~~~~~~~~~~~~~~~~~~~~~~~~
2025-12-08 07:20:58,720 DeMo.train INFO: Epoch[4] Iteration[10/16] Loss: 3.747, Acc: 0.417, Base Lr: 1.61e-04
2025-12-08 07:21:01,554 DeMo.train INFO: Epoch 4 done. Time per batch: 0.980[s] Speed: 65.3[samples/s]
2025-12-08 07:21:01,555 DeMo.train INFO: ~~~~~~~~~~~~~~~~~~~~~~~~~~~~~~~~~~~~~~~~~~~~~~~~~~
2025-12-08 07:21:01,557 DeMo.train INFO: Current is the [moe,ori] feature testing!
2025-12-08 07:21:01,557 DeMo.train INFO: ~~~~~~~~~~~~~~~~~~~~~~~~~~~~~~~~~~~~~~~~~~~~~~~~~~
The test feature is normalized
2025-12-08 07:21:30,066 DeMo.train INFO: Validation Results - Epoch: 4
2025-12-08 07:21:30,066 DeMo.train INFO: mAP: 30.8%
2025-12-08 07:21:30,068 DeMo.train INFO: CMC curve, Rank-1  :50.1%
2025-12-08 07:21:30,068 DeMo.train INFO: CMC curve, Rank-5  :68.7%
2025-12-08 07:21:30,069 DeMo.train INFO: CMC curve, Rank-10 :74.6%
2025-12-08 07:21:30,069 DeMo.train INFO: ~~~~~~~~~~~~~~~~~~~~~~~~~~~~~~~~~~~~~~~~~~~~~~~~~~
2025-12-08 07:21:59,401 DeMo.train INFO: ~~~~~~~~~~~~~~~~~~~~~~~~~~~~~~~~~~~~~~~~~~~~~~~~~~
2025-12-08 07:21:59,401 DeMo.train INFO: Best mAP: 30.8%
2025-12-08 07:21:59,401 DeMo.train INFO: Best Rank-1: 50.1%
2025-12-08 07:21:59,402 DeMo.train INFO: Best Rank-5: 68.7%
2025-12-08 07:21:59,402 DeMo.train INFO: Best Rank-10: 74.6%
2025-12-08 07:21:59,402 DeMo.train INFO: ~~~~~~~~~~~~~~~~~~~~~~~~~~~~~~~~~~~~~~~~~~~~~~~~~~
2025-12-08 07:22:05,890 DeMo.train INFO: Epoch[5] Iteration[10/16] Loss: 3.268, Acc: 0.406, Base Lr: 1.93e-04
2025-12-08 07:22:07,012 DeMo.train INFO: Epoch 5 done. Time per batch: 0.544[s] Speed: 117.7[samples/s]
2025-12-08 07:22:07,014 DeMo.train INFO: ~~~~~~~~~~~~~~~~~~~~~~~~~~~~~~~~~~~~~~~~~~~~~~~~~~
2025-12-08 07:22:07,015 DeMo.train INFO: Current is the [moe,ori] feature testing!
2025-12-08 07:22:07,016 DeMo.train INFO: ~~~~~~~~~~~~~~~~~~~~~~~~~~~~~~~~~~~~~~~~~~~~~~~~~~
The test feature is normalized
2025-12-08 07:22:22,551 DeMo.train INFO: Validation Results - Epoch: 5
2025-12-08 07:22:22,551 DeMo.train INFO: mAP: 35.4%
2025-12-08 07:22:22,551 DeMo.train INFO: CMC curve, Rank-1  :55.5%
2025-12-08 07:22:22,551 DeMo.train INFO: CMC curve, Rank-5  :74.8%
2025-12-08 07:22:22,552 DeMo.train INFO: CMC curve, Rank-10 :80.4%
2025-12-08 07:22:22,552 DeMo.train INFO: ~~~~~~~~~~~~~~~~~~~~~~~~~~~~~~~~~~~~~~~~~~~~~~~~~~
2025-12-08 07:22:41,108 DeMo.train INFO: ~~~~~~~~~~~~~~~~~~~~~~~~~~~~~~~~~~~~~~~~~~~~~~~~~~
2025-12-08 07:22:41,108 DeMo.train INFO: Best mAP: 35.4%
2025-12-08 07:22:41,108 DeMo.train INFO: Best Rank-1: 55.5%
2025-12-08 07:22:41,108 DeMo.train INFO: Best Rank-5: 74.8%
2025-12-08 07:22:41,109 DeMo.train INFO: Best Rank-10: 80.4%
2025-12-08 07:22:41,109 DeMo.train INFO: ~~~~~~~~~~~~~~~~~~~~~~~~~~~~~~~~~~~~~~~~~~~~~~~~~~
2025-12-08 07:22:51,780 DeMo.train INFO: Epoch[6] Iteration[10/16] Loss: 2.893, Acc: 0.475, Base Lr: 2.24e-04
2025-12-08 07:22:52,903 DeMo.train INFO: Epoch 6 done. Time per batch: 0.842[s] Speed: 76.0[samples/s]
2025-12-08 07:22:52,906 DeMo.train INFO: ~~~~~~~~~~~~~~~~~~~~~~~~~~~~~~~~~~~~~~~~~~~~~~~~~~
2025-12-08 07:22:52,907 DeMo.train INFO: Current is the [moe,ori] feature testing!
2025-12-08 07:22:52,908 DeMo.train INFO: ~~~~~~~~~~~~~~~~~~~~~~~~~~~~~~~~~~~~~~~~~~~~~~~~~~
The test feature is normalized
2025-12-08 07:23:05,985 DeMo.train INFO: Validation Results - Epoch: 6
2025-12-08 07:23:05,986 DeMo.train INFO: mAP: 34.3%
2025-12-08 07:23:05,986 DeMo.train INFO: CMC curve, Rank-1  :54.1%
2025-12-08 07:23:05,986 DeMo.train INFO: CMC curve, Rank-5  :70.4%
2025-12-08 07:23:05,986 DeMo.train INFO: CMC curve, Rank-10 :76.1%
2025-12-08 07:23:05,986 DeMo.train INFO: ~~~~~~~~~~~~~~~~~~~~~~~~~~~~~~~~~~~~~~~~~~~~~~~~~~
2025-12-08 07:23:08,197 DeMo.train INFO: ~~~~~~~~~~~~~~~~~~~~~~~~~~~~~~~~~~~~~~~~~~~~~~~~~~
2025-12-08 07:23:08,198 DeMo.train INFO: Best mAP: 35.4%
2025-12-08 07:23:08,200 DeMo.train INFO: Best Rank-1: 55.5%
2025-12-08 07:23:08,200 DeMo.train INFO: Best Rank-5: 74.8%
2025-12-08 07:23:08,201 DeMo.train INFO: Best Rank-10: 80.4%
2025-12-08 07:23:08,201 DeMo.train INFO: ~~~~~~~~~~~~~~~~~~~~~~~~~~~~~~~~~~~~~~~~~~~~~~~~~~
2025-12-08 07:23:17,958 DeMo.train INFO: Epoch[7] Iteration[10/16] Loss: 2.414, Acc: 0.588, Base Lr: 2.55e-04
2025-12-08 07:23:19,072 DeMo.train INFO: Epoch 7 done. Time per batch: 0.776[s] Speed: 82.4[samples/s]
2025-12-08 07:23:19,074 DeMo.train INFO: ~~~~~~~~~~~~~~~~~~~~~~~~~~~~~~~~~~~~~~~~~~~~~~~~~~
2025-12-08 07:23:19,076 DeMo.train INFO: Current is the [moe,ori] feature testing!
2025-12-08 07:23:19,076 DeMo.train INFO: ~~~~~~~~~~~~~~~~~~~~~~~~~~~~~~~~~~~~~~~~~~~~~~~~~~
The test feature is normalized
2025-12-08 07:23:43,409 DeMo.train INFO: Validation Results - Epoch: 7
2025-12-08 07:23:43,409 DeMo.train INFO: mAP: 37.8%
2025-12-08 07:23:43,409 DeMo.train INFO: CMC curve, Rank-1  :57.9%
2025-12-08 07:23:43,409 DeMo.train INFO: CMC curve, Rank-5  :73.4%
2025-12-08 07:23:43,409 DeMo.train INFO: CMC curve, Rank-10 :81.0%
2025-12-08 07:23:43,410 DeMo.train INFO: ~~~~~~~~~~~~~~~~~~~~~~~~~~~~~~~~~~~~~~~~~~~~~~~~~~
2025-12-08 07:24:01,949 DeMo.train INFO: ~~~~~~~~~~~~~~~~~~~~~~~~~~~~~~~~~~~~~~~~~~~~~~~~~~
2025-12-08 07:24:01,949 DeMo.train INFO: Best mAP: 37.8%
2025-12-08 07:24:01,949 DeMo.train INFO: Best Rank-1: 57.9%
2025-12-08 07:24:01,949 DeMo.train INFO: Best Rank-5: 73.4%
2025-12-08 07:24:01,949 DeMo.train INFO: Best Rank-10: 81.0%
2025-12-08 07:24:01,949 DeMo.train INFO: ~~~~~~~~~~~~~~~~~~~~~~~~~~~~~~~~~~~~~~~~~~~~~~~~~~
2025-12-08 07:24:07,481 DeMo.train INFO: Epoch[8] Iteration[10/16] Loss: 1.870, Acc: 0.703, Base Lr: 2.87e-04
2025-12-08 07:24:08,604 DeMo.train INFO: Epoch 8 done. Time per batch: 0.475[s] Speed: 134.6[samples/s]
2025-12-08 07:24:08,606 DeMo.train INFO: ~~~~~~~~~~~~~~~~~~~~~~~~~~~~~~~~~~~~~~~~~~~~~~~~~~
2025-12-08 07:24:08,606 DeMo.train INFO: Current is the [moe,ori] feature testing!
2025-12-08 07:24:08,606 DeMo.train INFO: ~~~~~~~~~~~~~~~~~~~~~~~~~~~~~~~~~~~~~~~~~~~~~~~~~~
The test feature is normalized
2025-12-08 07:24:30,255 DeMo.train INFO: Validation Results - Epoch: 8
2025-12-08 07:24:30,256 DeMo.train INFO: mAP: 37.5%
2025-12-08 07:24:30,256 DeMo.train INFO: CMC curve, Rank-1  :56.2%
2025-12-08 07:24:30,256 DeMo.train INFO: CMC curve, Rank-5  :73.4%
2025-12-08 07:24:30,256 DeMo.train INFO: CMC curve, Rank-10 :79.9%
2025-12-08 07:24:30,256 DeMo.train INFO: ~~~~~~~~~~~~~~~~~~~~~~~~~~~~~~~~~~~~~~~~~~~~~~~~~~
2025-12-08 07:24:31,190 DeMo.train INFO: ~~~~~~~~~~~~~~~~~~~~~~~~~~~~~~~~~~~~~~~~~~~~~~~~~~
2025-12-08 07:24:31,190 DeMo.train INFO: Best mAP: 37.8%
2025-12-08 07:24:31,190 DeMo.train INFO: Best Rank-1: 57.9%
2025-12-08 07:24:31,190 DeMo.train INFO: Best Rank-5: 73.4%
2025-12-08 07:24:31,191 DeMo.train INFO: Best Rank-10: 81.0%
2025-12-08 07:24:31,191 DeMo.train INFO: ~~~~~~~~~~~~~~~~~~~~~~~~~~~~~~~~~~~~~~~~~~~~~~~~~~
2025-12-08 07:24:41,103 DeMo.train INFO: Epoch[9] Iteration[10/16] Loss: 1.630, Acc: 0.817, Base Lr: 3.18e-04
2025-12-08 07:24:42,217 DeMo.train INFO: Epoch 9 done. Time per batch: 0.788[s] Speed: 81.3[samples/s]
2025-12-08 07:24:42,219 DeMo.train INFO: ~~~~~~~~~~~~~~~~~~~~~~~~~~~~~~~~~~~~~~~~~~~~~~~~~~
2025-12-08 07:24:42,219 DeMo.train INFO: Current is the [moe,ori] feature testing!
2025-12-08 07:24:42,221 DeMo.train INFO: ~~~~~~~~~~~~~~~~~~~~~~~~~~~~~~~~~~~~~~~~~~~~~~~~~~
The test feature is normalized
2025-12-08 07:24:55,779 DeMo.train INFO: Validation Results - Epoch: 9
2025-12-08 07:24:55,779 DeMo.train INFO: mAP: 42.7%
2025-12-08 07:24:55,779 DeMo.train INFO: CMC curve, Rank-1  :59.4%
2025-12-08 07:24:55,779 DeMo.train INFO: CMC curve, Rank-5  :78.5%
2025-12-08 07:24:55,780 DeMo.train INFO: CMC curve, Rank-10 :84.9%
2025-12-08 07:24:55,780 DeMo.train INFO: ~~~~~~~~~~~~~~~~~~~~~~~~~~~~~~~~~~~~~~~~~~~~~~~~~~
2025-12-08 07:25:30,026 DeMo.train INFO: ~~~~~~~~~~~~~~~~~~~~~~~~~~~~~~~~~~~~~~~~~~~~~~~~~~
2025-12-08 07:25:30,026 DeMo.train INFO: Best mAP: 42.7%
2025-12-08 07:25:30,027 DeMo.train INFO: Best Rank-1: 59.4%
2025-12-08 07:25:30,027 DeMo.train INFO: Best Rank-5: 78.5%
2025-12-08 07:25:30,027 DeMo.train INFO: Best Rank-10: 84.9%
2025-12-08 07:25:30,027 DeMo.train INFO: ~~~~~~~~~~~~~~~~~~~~~~~~~~~~~~~~~~~~~~~~~~~~~~~~~~
2025-12-08 07:25:36,835 DeMo.train INFO: Epoch[10] Iteration[10/16] Loss: 1.353, Acc: 0.908, Base Lr: 3.17e-04
2025-12-08 07:25:38,278 DeMo.train INFO: Epoch 10 done. Time per batch: 0.550[s] Speed: 116.3[samples/s]
2025-12-08 07:25:38,280 DeMo.train INFO: ~~~~~~~~~~~~~~~~~~~~~~~~~~~~~~~~~~~~~~~~~~~~~~~~~~
2025-12-08 07:25:38,280 DeMo.train INFO: Current is the [moe,ori] feature testing!
2025-12-08 07:25:38,280 DeMo.train INFO: ~~~~~~~~~~~~~~~~~~~~~~~~~~~~~~~~~~~~~~~~~~~~~~~~~~
The test feature is normalized
2025-12-08 07:25:45,693 DeMo.train INFO: Validation Results - Epoch: 10
2025-12-08 07:25:45,693 DeMo.train INFO: mAP: 44.1%
2025-12-08 07:25:45,693 DeMo.train INFO: CMC curve, Rank-1  :61.6%
2025-12-08 07:25:45,693 DeMo.train INFO: CMC curve, Rank-5  :78.7%
2025-12-08 07:25:45,693 DeMo.train INFO: CMC curve, Rank-10 :84.8%
2025-12-08 07:25:45,693 DeMo.train INFO: ~~~~~~~~~~~~~~~~~~~~~~~~~~~~~~~~~~~~~~~~~~~~~~~~~~
2025-12-08 07:26:04,066 DeMo.train INFO: ~~~~~~~~~~~~~~~~~~~~~~~~~~~~~~~~~~~~~~~~~~~~~~~~~~
2025-12-08 07:26:04,068 DeMo.train INFO: Best mAP: 44.1%
2025-12-08 07:26:04,068 DeMo.train INFO: Best Rank-1: 61.6%
2025-12-08 07:26:04,069 DeMo.train INFO: Best Rank-5: 78.7%
2025-12-08 07:26:04,069 DeMo.train INFO: Best Rank-10: 84.8%
2025-12-08 07:26:04,069 DeMo.train INFO: ~~~~~~~~~~~~~~~~~~~~~~~~~~~~~~~~~~~~~~~~~~~~~~~~~~
2025-12-08 07:26:12,481 DeMo.train INFO: Epoch[11] Iteration[10/16] Loss: 1.009, Acc: 0.963, Base Lr: 3.10e-04
2025-12-08 07:26:13,603 DeMo.train INFO: Epoch 11 done. Time per batch: 0.681[s] Speed: 94.0[samples/s]
2025-12-08 07:26:13,605 DeMo.train INFO: ~~~~~~~~~~~~~~~~~~~~~~~~~~~~~~~~~~~~~~~~~~~~~~~~~~
2025-12-08 07:26:13,605 DeMo.train INFO: Current is the [moe,ori] feature testing!
2025-12-08 07:26:13,606 DeMo.train INFO: ~~~~~~~~~~~~~~~~~~~~~~~~~~~~~~~~~~~~~~~~~~~~~~~~~~
The test feature is normalized
2025-12-08 07:26:27,919 DeMo.train INFO: Validation Results - Epoch: 11
2025-12-08 07:26:27,919 DeMo.train INFO: mAP: 43.1%
2025-12-08 07:26:27,919 DeMo.train INFO: CMC curve, Rank-1  :61.8%
2025-12-08 07:26:27,919 DeMo.train INFO: CMC curve, Rank-5  :77.8%
2025-12-08 07:26:27,919 DeMo.train INFO: CMC curve, Rank-10 :83.4%
2025-12-08 07:26:27,919 DeMo.train INFO: ~~~~~~~~~~~~~~~~~~~~~~~~~~~~~~~~~~~~~~~~~~~~~~~~~~
2025-12-08 07:26:29,528 DeMo.train INFO: ~~~~~~~~~~~~~~~~~~~~~~~~~~~~~~~~~~~~~~~~~~~~~~~~~~
2025-12-08 07:26:29,529 DeMo.train INFO: Best mAP: 44.1%
2025-12-08 07:26:29,529 DeMo.train INFO: Best Rank-1: 61.6%
2025-12-08 07:26:29,529 DeMo.train INFO: Best Rank-5: 78.7%
2025-12-08 07:26:29,529 DeMo.train INFO: Best Rank-10: 84.8%
2025-12-08 07:26:29,529 DeMo.train INFO: ~~~~~~~~~~~~~~~~~~~~~~~~~~~~~~~~~~~~~~~~~~~~~~~~~~
2025-12-08 07:26:35,702 DeMo.train INFO: Epoch[12] Iteration[10/16] Loss: 0.936, Acc: 0.989, Base Lr: 3.03e-04
2025-12-08 07:26:36,823 DeMo.train INFO: Epoch 12 done. Time per batch: 0.521[s] Speed: 122.8[samples/s]
2025-12-08 07:26:36,826 DeMo.train INFO: ~~~~~~~~~~~~~~~~~~~~~~~~~~~~~~~~~~~~~~~~~~~~~~~~~~
2025-12-08 07:26:36,827 DeMo.train INFO: Current is the [moe,ori] feature testing!
2025-12-08 07:26:36,828 DeMo.train INFO: ~~~~~~~~~~~~~~~~~~~~~~~~~~~~~~~~~~~~~~~~~~~~~~~~~~
The test feature is normalized
2025-12-08 07:26:56,112 DeMo.train INFO: Validation Results - Epoch: 12
2025-12-08 07:26:56,113 DeMo.train INFO: mAP: 43.8%
2025-12-08 07:26:56,114 DeMo.train INFO: CMC curve, Rank-1  :61.8%
2025-12-08 07:26:56,114 DeMo.train INFO: CMC curve, Rank-5  :79.7%
2025-12-08 07:26:56,114 DeMo.train INFO: CMC curve, Rank-10 :84.4%
2025-12-08 07:26:56,115 DeMo.train INFO: ~~~~~~~~~~~~~~~~~~~~~~~~~~~~~~~~~~~~~~~~~~~~~~~~~~
2025-12-08 07:26:56,784 DeMo.train INFO: ~~~~~~~~~~~~~~~~~~~~~~~~~~~~~~~~~~~~~~~~~~~~~~~~~~
2025-12-08 07:26:56,785 DeMo.train INFO: Best mAP: 44.1%
2025-12-08 07:26:56,785 DeMo.train INFO: Best Rank-1: 61.6%
2025-12-08 07:26:56,787 DeMo.train INFO: Best Rank-5: 78.7%
2025-12-08 07:26:56,787 DeMo.train INFO: Best Rank-10: 84.8%
2025-12-08 07:26:56,788 DeMo.train INFO: ~~~~~~~~~~~~~~~~~~~~~~~~~~~~~~~~~~~~~~~~~~~~~~~~~~
2025-12-08 07:27:07,937 DeMo.train INFO: Epoch[13] Iteration[10/16] Loss: 0.852, Acc: 0.995, Base Lr: 2.95e-04
2025-12-08 07:27:09,069 DeMo.train INFO: Epoch 13 done. Time per batch: 0.877[s] Speed: 73.0[samples/s]
2025-12-08 07:27:09,070 DeMo.train INFO: ~~~~~~~~~~~~~~~~~~~~~~~~~~~~~~~~~~~~~~~~~~~~~~~~~~
2025-12-08 07:27:09,070 DeMo.train INFO: Current is the [moe,ori] feature testing!
2025-12-08 07:27:09,071 DeMo.train INFO: ~~~~~~~~~~~~~~~~~~~~~~~~~~~~~~~~~~~~~~~~~~~~~~~~~~
The test feature is normalized
2025-12-08 07:27:18,069 DeMo.train INFO: Validation Results - Epoch: 13
2025-12-08 07:27:18,069 DeMo.train INFO: mAP: 43.2%
2025-12-08 07:27:18,069 DeMo.train INFO: CMC curve, Rank-1  :59.2%
2025-12-08 07:27:18,069 DeMo.train INFO: CMC curve, Rank-5  :78.5%
2025-12-08 07:27:18,069 DeMo.train INFO: CMC curve, Rank-10 :84.1%
2025-12-08 07:27:18,070 DeMo.train INFO: ~~~~~~~~~~~~~~~~~~~~~~~~~~~~~~~~~~~~~~~~~~~~~~~~~~
2025-12-08 07:27:19,997 DeMo.train INFO: ~~~~~~~~~~~~~~~~~~~~~~~~~~~~~~~~~~~~~~~~~~~~~~~~~~
2025-12-08 07:27:19,998 DeMo.train INFO: Best mAP: 44.1%
2025-12-08 07:27:19,998 DeMo.train INFO: Best Rank-1: 61.6%
2025-12-08 07:27:19,999 DeMo.train INFO: Best Rank-5: 78.7%
2025-12-08 07:27:20,000 DeMo.train INFO: Best Rank-10: 84.8%
2025-12-08 07:27:20,001 DeMo.train INFO: ~~~~~~~~~~~~~~~~~~~~~~~~~~~~~~~~~~~~~~~~~~~~~~~~~~
2025-12-08 07:27:30,448 DeMo.train INFO: Epoch[14] Iteration[10/16] Loss: 0.851, Acc: 0.989, Base Lr: 2.87e-04
2025-12-08 07:27:31,834 DeMo.train INFO: Epoch 14 done. Time per batch: 0.789[s] Speed: 81.1[samples/s]
2025-12-08 07:27:31,836 DeMo.train INFO: ~~~~~~~~~~~~~~~~~~~~~~~~~~~~~~~~~~~~~~~~~~~~~~~~~~
2025-12-08 07:27:31,837 DeMo.train INFO: Current is the [moe,ori] feature testing!
2025-12-08 07:27:31,838 DeMo.train INFO: ~~~~~~~~~~~~~~~~~~~~~~~~~~~~~~~~~~~~~~~~~~~~~~~~~~
The test feature is normalized
2025-12-08 07:27:55,872 DeMo.train INFO: Validation Results - Epoch: 14
2025-12-08 07:27:55,872 DeMo.train INFO: mAP: 42.3%
2025-12-08 07:27:55,872 DeMo.train INFO: CMC curve, Rank-1  :60.9%
2025-12-08 07:27:55,872 DeMo.train INFO: CMC curve, Rank-5  :77.0%
2025-12-08 07:27:55,872 DeMo.train INFO: CMC curve, Rank-10 :83.6%
2025-12-08 07:27:55,872 DeMo.train INFO: ~~~~~~~~~~~~~~~~~~~~~~~~~~~~~~~~~~~~~~~~~~~~~~~~~~
2025-12-08 07:27:57,544 DeMo.train INFO: ~~~~~~~~~~~~~~~~~~~~~~~~~~~~~~~~~~~~~~~~~~~~~~~~~~
2025-12-08 07:27:57,545 DeMo.train INFO: Best mAP: 44.1%
2025-12-08 07:27:57,545 DeMo.train INFO: Best Rank-1: 61.6%
2025-12-08 07:27:57,545 DeMo.train INFO: Best Rank-5: 78.7%
2025-12-08 07:27:57,545 DeMo.train INFO: Best Rank-10: 84.8%
2025-12-08 07:27:57,545 DeMo.train INFO: ~~~~~~~~~~~~~~~~~~~~~~~~~~~~~~~~~~~~~~~~~~~~~~~~~~
2025-12-08 07:28:04,853 DeMo.train INFO: Epoch[15] Iteration[10/16] Loss: 0.858, Acc: 0.994, Base Lr: 2.78e-04
2025-12-08 07:28:05,978 DeMo.train INFO: Epoch 15 done. Time per batch: 0.602[s] Speed: 106.3[samples/s]
2025-12-08 07:28:05,980 DeMo.train INFO: ~~~~~~~~~~~~~~~~~~~~~~~~~~~~~~~~~~~~~~~~~~~~~~~~~~
2025-12-08 07:28:05,981 DeMo.train INFO: Current is the [moe,ori] feature testing!
2025-12-08 07:28:05,981 DeMo.train INFO: ~~~~~~~~~~~~~~~~~~~~~~~~~~~~~~~~~~~~~~~~~~~~~~~~~~
The test feature is normalized
2025-12-08 07:28:27,706 DeMo.train INFO: Validation Results - Epoch: 15
2025-12-08 07:28:27,708 DeMo.train INFO: mAP: 41.5%
2025-12-08 07:28:27,708 DeMo.train INFO: CMC curve, Rank-1  :58.4%
2025-12-08 07:28:27,709 DeMo.train INFO: CMC curve, Rank-5  :78.0%
2025-12-08 07:28:27,710 DeMo.train INFO: CMC curve, Rank-10 :84.1%
2025-12-08 07:28:27,711 DeMo.train INFO: ~~~~~~~~~~~~~~~~~~~~~~~~~~~~~~~~~~~~~~~~~~~~~~~~~~
2025-12-08 07:28:28,968 DeMo.train INFO: ~~~~~~~~~~~~~~~~~~~~~~~~~~~~~~~~~~~~~~~~~~~~~~~~~~
2025-12-08 07:28:28,969 DeMo.train INFO: Best mAP: 44.1%
2025-12-08 07:28:28,969 DeMo.train INFO: Best Rank-1: 61.6%
2025-12-08 07:28:28,970 DeMo.train INFO: Best Rank-5: 78.7%
2025-12-08 07:28:28,970 DeMo.train INFO: Best Rank-10: 84.8%
2025-12-08 07:28:28,971 DeMo.train INFO: ~~~~~~~~~~~~~~~~~~~~~~~~~~~~~~~~~~~~~~~~~~~~~~~~~~
2025-12-08 07:28:40,205 DeMo.train INFO: Epoch[16] Iteration[10/16] Loss: 0.758, Acc: 0.995, Base Lr: 2.69e-04
2025-12-08 07:28:41,584 DeMo.train INFO: Epoch 16 done. Time per batch: 0.841[s] Speed: 76.1[samples/s]
2025-12-08 07:28:41,585 DeMo.train INFO: ~~~~~~~~~~~~~~~~~~~~~~~~~~~~~~~~~~~~~~~~~~~~~~~~~~
2025-12-08 07:28:41,585 DeMo.train INFO: Current is the [moe,ori] feature testing!
2025-12-08 07:28:41,585 DeMo.train INFO: ~~~~~~~~~~~~~~~~~~~~~~~~~~~~~~~~~~~~~~~~~~~~~~~~~~
The test feature is normalized
2025-12-08 07:28:48,443 DeMo.train INFO: Validation Results - Epoch: 16
2025-12-08 07:28:48,443 DeMo.train INFO: mAP: 42.7%
2025-12-08 07:28:48,443 DeMo.train INFO: CMC curve, Rank-1  :58.7%
2025-12-08 07:28:48,443 DeMo.train INFO: CMC curve, Rank-5  :77.7%
2025-12-08 07:28:48,443 DeMo.train INFO: CMC curve, Rank-10 :83.8%
2025-12-08 07:28:48,444 DeMo.train INFO: ~~~~~~~~~~~~~~~~~~~~~~~~~~~~~~~~~~~~~~~~~~~~~~~~~~
2025-12-08 07:28:50,562 DeMo.train INFO: ~~~~~~~~~~~~~~~~~~~~~~~~~~~~~~~~~~~~~~~~~~~~~~~~~~
2025-12-08 07:28:50,563 DeMo.train INFO: Best mAP: 44.1%
2025-12-08 07:28:50,563 DeMo.train INFO: Best Rank-1: 61.6%
2025-12-08 07:28:50,563 DeMo.train INFO: Best Rank-5: 78.7%
2025-12-08 07:28:50,563 DeMo.train INFO: Best Rank-10: 84.8%
2025-12-08 07:28:50,563 DeMo.train INFO: ~~~~~~~~~~~~~~~~~~~~~~~~~~~~~~~~~~~~~~~~~~~~~~~~~~
2025-12-08 07:28:57,673 DeMo.train INFO: Epoch[17] Iteration[10/16] Loss: 0.700, Acc: 0.994, Base Lr: 2.59e-04
2025-12-08 07:28:59,076 DeMo.train INFO: Epoch 17 done. Time per batch: 0.568[s] Speed: 112.8[samples/s]
2025-12-08 07:28:59,079 DeMo.train INFO: ~~~~~~~~~~~~~~~~~~~~~~~~~~~~~~~~~~~~~~~~~~~~~~~~~~
2025-12-08 07:28:59,079 DeMo.train INFO: Current is the [moe,ori] feature testing!
2025-12-08 07:28:59,080 DeMo.train INFO: ~~~~~~~~~~~~~~~~~~~~~~~~~~~~~~~~~~~~~~~~~~~~~~~~~~
The test feature is normalized
2025-12-08 07:29:14,138 DeMo.train INFO: Validation Results - Epoch: 17
2025-12-08 07:29:14,138 DeMo.train INFO: mAP: 42.3%
2025-12-08 07:29:14,138 DeMo.train INFO: CMC curve, Rank-1  :57.7%
2025-12-08 07:29:14,138 DeMo.train INFO: CMC curve, Rank-5  :78.3%
2025-12-08 07:29:14,138 DeMo.train INFO: CMC curve, Rank-10 :83.6%
2025-12-08 07:29:14,138 DeMo.train INFO: ~~~~~~~~~~~~~~~~~~~~~~~~~~~~~~~~~~~~~~~~~~~~~~~~~~
2025-12-08 07:29:14,429 DeMo.train INFO: ~~~~~~~~~~~~~~~~~~~~~~~~~~~~~~~~~~~~~~~~~~~~~~~~~~
2025-12-08 07:29:14,429 DeMo.train INFO: Best mAP: 44.1%
2025-12-08 07:29:14,430 DeMo.train INFO: Best Rank-1: 61.6%
2025-12-08 07:29:14,430 DeMo.train INFO: Best Rank-5: 78.7%
2025-12-08 07:29:14,430 DeMo.train INFO: Best Rank-10: 84.8%
2025-12-08 07:29:14,430 DeMo.train INFO: ~~~~~~~~~~~~~~~~~~~~~~~~~~~~~~~~~~~~~~~~~~~~~~~~~~
2025-12-08 07:29:20,374 DeMo.train INFO: Epoch[18] Iteration[10/16] Loss: 0.770, Acc: 0.997, Base Lr: 2.50e-04
2025-12-08 07:29:21,489 DeMo.train INFO: Epoch 18 done. Time per batch: 0.504[s] Speed: 126.9[samples/s]
2025-12-08 07:29:21,491 DeMo.train INFO: ~~~~~~~~~~~~~~~~~~~~~~~~~~~~~~~~~~~~~~~~~~~~~~~~~~
2025-12-08 07:29:21,491 DeMo.train INFO: Current is the [moe,ori] feature testing!
2025-12-08 07:29:21,491 DeMo.train INFO: ~~~~~~~~~~~~~~~~~~~~~~~~~~~~~~~~~~~~~~~~~~~~~~~~~~
The test feature is normalized
2025-12-08 07:29:28,767 DeMo.train INFO: Validation Results - Epoch: 18
2025-12-08 07:29:28,768 DeMo.train INFO: mAP: 40.8%
2025-12-08 07:29:28,768 DeMo.train INFO: CMC curve, Rank-1  :57.7%
2025-12-08 07:29:28,768 DeMo.train INFO: CMC curve, Rank-5  :76.3%
2025-12-08 07:29:28,768 DeMo.train INFO: CMC curve, Rank-10 :82.9%
2025-12-08 07:29:28,768 DeMo.train INFO: ~~~~~~~~~~~~~~~~~~~~~~~~~~~~~~~~~~~~~~~~~~~~~~~~~~
2025-12-08 07:29:29,838 DeMo.train INFO: ~~~~~~~~~~~~~~~~~~~~~~~~~~~~~~~~~~~~~~~~~~~~~~~~~~
2025-12-08 07:29:29,839 DeMo.train INFO: Best mAP: 44.1%
2025-12-08 07:29:29,839 DeMo.train INFO: Best Rank-1: 61.6%
2025-12-08 07:29:29,839 DeMo.train INFO: Best Rank-5: 78.7%
2025-12-08 07:29:29,839 DeMo.train INFO: Best Rank-10: 84.8%
2025-12-08 07:29:29,839 DeMo.train INFO: ~~~~~~~~~~~~~~~~~~~~~~~~~~~~~~~~~~~~~~~~~~~~~~~~~~
2025-12-08 07:29:37,029 DeMo.train INFO: Epoch[19] Iteration[10/16] Loss: 0.701, Acc: 1.000, Base Lr: 2.40e-04
2025-12-08 07:29:38,164 DeMo.train INFO: Epoch 19 done. Time per batch: 0.595[s] Speed: 107.6[samples/s]
2025-12-08 07:29:38,165 DeMo.train INFO: ~~~~~~~~~~~~~~~~~~~~~~~~~~~~~~~~~~~~~~~~~~~~~~~~~~
2025-12-08 07:29:38,165 DeMo.train INFO: Current is the [moe,ori] feature testing!
2025-12-08 07:29:38,165 DeMo.train INFO: ~~~~~~~~~~~~~~~~~~~~~~~~~~~~~~~~~~~~~~~~~~~~~~~~~~
The test feature is normalized
2025-12-08 07:29:45,497 DeMo.train INFO: Validation Results - Epoch: 19
2025-12-08 07:29:45,497 DeMo.train INFO: mAP: 42.9%
2025-12-08 07:29:45,497 DeMo.train INFO: CMC curve, Rank-1  :59.4%
2025-12-08 07:29:45,497 DeMo.train INFO: CMC curve, Rank-5  :77.0%
2025-12-08 07:29:45,497 DeMo.train INFO: CMC curve, Rank-10 :82.7%
2025-12-08 07:29:45,498 DeMo.train INFO: ~~~~~~~~~~~~~~~~~~~~~~~~~~~~~~~~~~~~~~~~~~~~~~~~~~
2025-12-08 07:29:47,693 DeMo.train INFO: ~~~~~~~~~~~~~~~~~~~~~~~~~~~~~~~~~~~~~~~~~~~~~~~~~~
2025-12-08 07:29:47,694 DeMo.train INFO: Best mAP: 44.1%
2025-12-08 07:29:47,694 DeMo.train INFO: Best Rank-1: 61.6%
2025-12-08 07:29:47,694 DeMo.train INFO: Best Rank-5: 78.7%
2025-12-08 07:29:47,694 DeMo.train INFO: Best Rank-10: 84.8%
2025-12-08 07:29:47,694 DeMo.train INFO: ~~~~~~~~~~~~~~~~~~~~~~~~~~~~~~~~~~~~~~~~~~~~~~~~~~
2025-12-08 07:29:54,294 DeMo.train INFO: Epoch[20] Iteration[10/16] Loss: 0.705, Acc: 0.998, Base Lr: 2.29e-04
2025-12-08 07:29:55,434 DeMo.train INFO: Epoch 20 done. Time per batch: 0.553[s] Speed: 115.8[samples/s]
2025-12-08 07:29:55,436 DeMo.train INFO: ~~~~~~~~~~~~~~~~~~~~~~~~~~~~~~~~~~~~~~~~~~~~~~~~~~
2025-12-08 07:29:55,436 DeMo.train INFO: Current is the [moe,ori] feature testing!
2025-12-08 07:29:55,436 DeMo.train INFO: ~~~~~~~~~~~~~~~~~~~~~~~~~~~~~~~~~~~~~~~~~~~~~~~~~~
The test feature is normalized
2025-12-08 07:30:17,086 DeMo.train INFO: Validation Results - Epoch: 20
2025-12-08 07:30:17,087 DeMo.train INFO: mAP: 42.7%
2025-12-08 07:30:17,087 DeMo.train INFO: CMC curve, Rank-1  :59.4%
2025-12-08 07:30:17,087 DeMo.train INFO: CMC curve, Rank-5  :76.5%
2025-12-08 07:30:17,087 DeMo.train INFO: CMC curve, Rank-10 :82.1%
2025-12-08 07:30:17,087 DeMo.train INFO: ~~~~~~~~~~~~~~~~~~~~~~~~~~~~~~~~~~~~~~~~~~~~~~~~~~
2025-12-08 07:30:17,999 DeMo.train INFO: ~~~~~~~~~~~~~~~~~~~~~~~~~~~~~~~~~~~~~~~~~~~~~~~~~~
2025-12-08 07:30:17,999 DeMo.train INFO: Best mAP: 44.1%
2025-12-08 07:30:18,000 DeMo.train INFO: Best Rank-1: 61.6%
2025-12-08 07:30:18,000 DeMo.train INFO: Best Rank-5: 78.7%
2025-12-08 07:30:18,000 DeMo.train INFO: Best Rank-10: 84.8%
2025-12-08 07:30:18,000 DeMo.train INFO: ~~~~~~~~~~~~~~~~~~~~~~~~~~~~~~~~~~~~~~~~~~~~~~~~~~
2025-12-08 07:30:26,312 DeMo.train INFO: Epoch[21] Iteration[10/16] Loss: 0.617, Acc: 1.000, Base Lr: 2.19e-04
2025-12-08 07:30:27,435 DeMo.train INFO: Epoch 21 done. Time per batch: 0.674[s] Speed: 95.0[samples/s]
2025-12-08 07:30:27,436 DeMo.train INFO: ~~~~~~~~~~~~~~~~~~~~~~~~~~~~~~~~~~~~~~~~~~~~~~~~~~
2025-12-08 07:30:27,437 DeMo.train INFO: Current is the [moe,ori] feature testing!
2025-12-08 07:30:27,437 DeMo.train INFO: ~~~~~~~~~~~~~~~~~~~~~~~~~~~~~~~~~~~~~~~~~~~~~~~~~~
The test feature is normalized
2025-12-08 07:30:34,662 DeMo.train INFO: Validation Results - Epoch: 21
2025-12-08 07:30:34,662 DeMo.train INFO: mAP: 42.4%
2025-12-08 07:30:34,662 DeMo.train INFO: CMC curve, Rank-1  :58.0%
2025-12-08 07:30:34,662 DeMo.train INFO: CMC curve, Rank-5  :77.7%
2025-12-08 07:30:34,662 DeMo.train INFO: CMC curve, Rank-10 :83.2%
2025-12-08 07:30:34,662 DeMo.train INFO: ~~~~~~~~~~~~~~~~~~~~~~~~~~~~~~~~~~~~~~~~~~~~~~~~~~
2025-12-08 07:30:35,740 DeMo.train INFO: ~~~~~~~~~~~~~~~~~~~~~~~~~~~~~~~~~~~~~~~~~~~~~~~~~~
2025-12-08 07:30:35,740 DeMo.train INFO: Best mAP: 44.1%
2025-12-08 07:30:35,741 DeMo.train INFO: Best Rank-1: 61.6%
2025-12-08 07:30:35,741 DeMo.train INFO: Best Rank-5: 78.7%
2025-12-08 07:30:35,741 DeMo.train INFO: Best Rank-10: 84.8%
2025-12-08 07:30:35,741 DeMo.train INFO: ~~~~~~~~~~~~~~~~~~~~~~~~~~~~~~~~~~~~~~~~~~~~~~~~~~
2025-12-08 07:30:42,399 DeMo.train INFO: Epoch[22] Iteration[10/16] Loss: 0.613, Acc: 0.998, Base Lr: 2.08e-04
2025-12-08 07:30:43,809 DeMo.train INFO: Epoch 22 done. Time per batch: 0.538[s] Speed: 119.0[samples/s]
2025-12-08 07:30:43,811 DeMo.train INFO: ~~~~~~~~~~~~~~~~~~~~~~~~~~~~~~~~~~~~~~~~~~~~~~~~~~
2025-12-08 07:30:43,811 DeMo.train INFO: Current is the [moe,ori] feature testing!
2025-12-08 07:30:43,811 DeMo.train INFO: ~~~~~~~~~~~~~~~~~~~~~~~~~~~~~~~~~~~~~~~~~~~~~~~~~~
The test feature is normalized
2025-12-08 07:31:01,079 DeMo.train INFO: Validation Results - Epoch: 22
2025-12-08 07:31:01,080 DeMo.train INFO: mAP: 43.2%
2025-12-08 07:31:01,080 DeMo.train INFO: CMC curve, Rank-1  :60.2%
2025-12-08 07:31:01,081 DeMo.train INFO: CMC curve, Rank-5  :79.4%
2025-12-08 07:31:01,081 DeMo.train INFO: CMC curve, Rank-10 :84.9%
2025-12-08 07:31:01,082 DeMo.train INFO: ~~~~~~~~~~~~~~~~~~~~~~~~~~~~~~~~~~~~~~~~~~~~~~~~~~
2025-12-08 07:31:02,103 DeMo.train INFO: ~~~~~~~~~~~~~~~~~~~~~~~~~~~~~~~~~~~~~~~~~~~~~~~~~~
2025-12-08 07:31:02,104 DeMo.train INFO: Best mAP: 44.1%
2025-12-08 07:31:02,105 DeMo.train INFO: Best Rank-1: 61.6%
2025-12-08 07:31:02,105 DeMo.train INFO: Best Rank-5: 78.7%
2025-12-08 07:31:02,106 DeMo.train INFO: Best Rank-10: 84.8%
2025-12-08 07:31:02,107 DeMo.train INFO: ~~~~~~~~~~~~~~~~~~~~~~~~~~~~~~~~~~~~~~~~~~~~~~~~~~
2025-12-08 07:31:12,598 DeMo.train INFO: Epoch[23] Iteration[10/16] Loss: 0.608, Acc: 1.000, Base Lr: 1.97e-04
2025-12-08 07:31:13,738 DeMo.train INFO: Epoch 23 done. Time per batch: 0.831[s] Speed: 77.0[samples/s]
2025-12-08 07:31:13,740 DeMo.train INFO: ~~~~~~~~~~~~~~~~~~~~~~~~~~~~~~~~~~~~~~~~~~~~~~~~~~
2025-12-08 07:31:13,740 DeMo.train INFO: Current is the [moe,ori] feature testing!
2025-12-08 07:31:13,740 DeMo.train INFO: ~~~~~~~~~~~~~~~~~~~~~~~~~~~~~~~~~~~~~~~~~~~~~~~~~~
The test feature is normalized
2025-12-08 07:31:21,052 DeMo.train INFO: Validation Results - Epoch: 23
2025-12-08 07:31:21,052 DeMo.train INFO: mAP: 43.5%
2025-12-08 07:31:21,052 DeMo.train INFO: CMC curve, Rank-1  :60.9%
2025-12-08 07:31:21,052 DeMo.train INFO: CMC curve, Rank-5  :78.3%
2025-12-08 07:31:21,052 DeMo.train INFO: CMC curve, Rank-10 :85.1%
2025-12-08 07:31:21,052 DeMo.train INFO: ~~~~~~~~~~~~~~~~~~~~~~~~~~~~~~~~~~~~~~~~~~~~~~~~~~
2025-12-08 07:31:21,175 DeMo.train INFO: ~~~~~~~~~~~~~~~~~~~~~~~~~~~~~~~~~~~~~~~~~~~~~~~~~~
2025-12-08 07:31:21,175 DeMo.train INFO: Best mAP: 44.1%
2025-12-08 07:31:21,175 DeMo.train INFO: Best Rank-1: 61.6%
2025-12-08 07:31:21,175 DeMo.train INFO: Best Rank-5: 78.7%
2025-12-08 07:31:21,175 DeMo.train INFO: Best Rank-10: 84.8%
2025-12-08 07:31:21,175 DeMo.train INFO: ~~~~~~~~~~~~~~~~~~~~~~~~~~~~~~~~~~~~~~~~~~~~~~~~~~
2025-12-08 07:31:28,222 DeMo.train INFO: Epoch[24] Iteration[10/16] Loss: 0.617, Acc: 1.000, Base Lr: 1.86e-04
2025-12-08 07:31:29,357 DeMo.train INFO: Epoch 24 done. Time per batch: 0.584[s] Speed: 109.5[samples/s]
2025-12-08 07:31:29,358 DeMo.train INFO: ~~~~~~~~~~~~~~~~~~~~~~~~~~~~~~~~~~~~~~~~~~~~~~~~~~
2025-12-08 07:31:29,359 DeMo.train INFO: Current is the [moe,ori] feature testing!
2025-12-08 07:31:29,360 DeMo.train INFO: ~~~~~~~~~~~~~~~~~~~~~~~~~~~~~~~~~~~~~~~~~~~~~~~~~~
The test feature is normalized
2025-12-08 07:31:48,191 DeMo.train INFO: Validation Results - Epoch: 24
2025-12-08 07:31:48,191 DeMo.train INFO: mAP: 44.4%
2025-12-08 07:31:48,192 DeMo.train INFO: CMC curve, Rank-1  :60.9%
2025-12-08 07:31:48,192 DeMo.train INFO: CMC curve, Rank-5  :79.2%
2025-12-08 07:31:48,192 DeMo.train INFO: CMC curve, Rank-10 :85.3%
2025-12-08 07:31:48,192 DeMo.train INFO: ~~~~~~~~~~~~~~~~~~~~~~~~~~~~~~~~~~~~~~~~~~~~~~~~~~
2025-12-08 07:32:07,262 DeMo.train INFO: ~~~~~~~~~~~~~~~~~~~~~~~~~~~~~~~~~~~~~~~~~~~~~~~~~~
2025-12-08 07:32:07,263 DeMo.train INFO: Best mAP: 44.4%
2025-12-08 07:32:07,263 DeMo.train INFO: Best Rank-1: 60.9%
2025-12-08 07:32:07,263 DeMo.train INFO: Best Rank-5: 79.2%
2025-12-08 07:32:07,263 DeMo.train INFO: Best Rank-10: 85.3%
2025-12-08 07:32:07,263 DeMo.train INFO: ~~~~~~~~~~~~~~~~~~~~~~~~~~~~~~~~~~~~~~~~~~~~~~~~~~
2025-12-08 07:32:13,894 DeMo.train INFO: Epoch[25] Iteration[10/16] Loss: 0.556, Acc: 1.000, Base Lr: 1.75e-04
2025-12-08 07:32:15,034 DeMo.train INFO: Epoch 25 done. Time per batch: 0.555[s] Speed: 115.3[samples/s]
2025-12-08 07:32:15,035 DeMo.train INFO: ~~~~~~~~~~~~~~~~~~~~~~~~~~~~~~~~~~~~~~~~~~~~~~~~~~
2025-12-08 07:32:15,036 DeMo.train INFO: Current is the [moe,ori] feature testing!
2025-12-08 07:32:15,036 DeMo.train INFO: ~~~~~~~~~~~~~~~~~~~~~~~~~~~~~~~~~~~~~~~~~~~~~~~~~~
The test feature is normalized
2025-12-08 07:32:22,326 DeMo.train INFO: Validation Results - Epoch: 25
2025-12-08 07:32:22,326 DeMo.train INFO: mAP: 42.9%
2025-12-08 07:32:22,326 DeMo.train INFO: CMC curve, Rank-1  :60.1%
2025-12-08 07:32:22,326 DeMo.train INFO: CMC curve, Rank-5  :79.0%
2025-12-08 07:32:22,327 DeMo.train INFO: CMC curve, Rank-10 :84.6%
2025-12-08 07:32:22,327 DeMo.train INFO: ~~~~~~~~~~~~~~~~~~~~~~~~~~~~~~~~~~~~~~~~~~~~~~~~~~
2025-12-08 07:32:23,634 DeMo.train INFO: ~~~~~~~~~~~~~~~~~~~~~~~~~~~~~~~~~~~~~~~~~~~~~~~~~~
2025-12-08 07:32:23,635 DeMo.train INFO: Best mAP: 44.4%
2025-12-08 07:32:23,635 DeMo.train INFO: Best Rank-1: 60.9%
2025-12-08 07:32:23,635 DeMo.train INFO: Best Rank-5: 79.2%
2025-12-08 07:32:23,635 DeMo.train INFO: Best Rank-10: 85.3%
2025-12-08 07:32:23,635 DeMo.train INFO: ~~~~~~~~~~~~~~~~~~~~~~~~~~~~~~~~~~~~~~~~~~~~~~~~~~
2025-12-08 07:32:29,443 DeMo.train INFO: Epoch[26] Iteration[10/16] Loss: 0.557, Acc: 1.000, Base Lr: 1.64e-04
2025-12-08 07:32:30,567 DeMo.train INFO: Epoch 26 done. Time per batch: 0.495[s] Speed: 129.3[samples/s]
2025-12-08 07:32:30,569 DeMo.train INFO: ~~~~~~~~~~~~~~~~~~~~~~~~~~~~~~~~~~~~~~~~~~~~~~~~~~
2025-12-08 07:32:30,570 DeMo.train INFO: Current is the [moe,ori] feature testing!
2025-12-08 07:32:30,571 DeMo.train INFO: ~~~~~~~~~~~~~~~~~~~~~~~~~~~~~~~~~~~~~~~~~~~~~~~~~~
The test feature is normalized
2025-12-08 07:32:48,295 DeMo.train INFO: Validation Results - Epoch: 26
2025-12-08 07:32:48,295 DeMo.train INFO: mAP: 42.5%
2025-12-08 07:32:48,295 DeMo.train INFO: CMC curve, Rank-1  :60.1%
2025-12-08 07:32:48,295 DeMo.train INFO: CMC curve, Rank-5  :78.8%
2025-12-08 07:32:48,296 DeMo.train INFO: CMC curve, Rank-10 :84.3%
2025-12-08 07:32:48,296 DeMo.train INFO: ~~~~~~~~~~~~~~~~~~~~~~~~~~~~~~~~~~~~~~~~~~~~~~~~~~
2025-12-08 07:32:48,532 DeMo.train INFO: ~~~~~~~~~~~~~~~~~~~~~~~~~~~~~~~~~~~~~~~~~~~~~~~~~~
2025-12-08 07:32:48,532 DeMo.train INFO: Best mAP: 44.4%
2025-12-08 07:32:48,532 DeMo.train INFO: Best Rank-1: 60.9%
2025-12-08 07:32:48,532 DeMo.train INFO: Best Rank-5: 79.2%
2025-12-08 07:32:48,532 DeMo.train INFO: Best Rank-10: 85.3%
2025-12-08 07:32:48,533 DeMo.train INFO: ~~~~~~~~~~~~~~~~~~~~~~~~~~~~~~~~~~~~~~~~~~~~~~~~~~
2025-12-08 07:32:55,633 DeMo.train INFO: Epoch[27] Iteration[10/16] Loss: 0.535, Acc: 1.000, Base Lr: 1.53e-04
2025-12-08 07:32:56,762 DeMo.train INFO: Epoch 27 done. Time per batch: 0.588[s] Speed: 108.9[samples/s]
2025-12-08 07:32:56,764 DeMo.train INFO: ~~~~~~~~~~~~~~~~~~~~~~~~~~~~~~~~~~~~~~~~~~~~~~~~~~
2025-12-08 07:32:56,764 DeMo.train INFO: Current is the [moe,ori] feature testing!
2025-12-08 07:32:56,764 DeMo.train INFO: ~~~~~~~~~~~~~~~~~~~~~~~~~~~~~~~~~~~~~~~~~~~~~~~~~~
The test feature is normalized
2025-12-08 07:33:03,911 DeMo.train INFO: Validation Results - Epoch: 27
2025-12-08 07:33:03,911 DeMo.train INFO: mAP: 42.8%
2025-12-08 07:33:03,911 DeMo.train INFO: CMC curve, Rank-1  :59.9%
2025-12-08 07:33:03,911 DeMo.train INFO: CMC curve, Rank-5  :78.7%
2025-12-08 07:33:03,912 DeMo.train INFO: CMC curve, Rank-10 :84.1%
2025-12-08 07:33:03,912 DeMo.train INFO: ~~~~~~~~~~~~~~~~~~~~~~~~~~~~~~~~~~~~~~~~~~~~~~~~~~
2025-12-08 07:33:05,832 DeMo.train INFO: ~~~~~~~~~~~~~~~~~~~~~~~~~~~~~~~~~~~~~~~~~~~~~~~~~~
2025-12-08 07:33:05,832 DeMo.train INFO: Best mAP: 44.4%
2025-12-08 07:33:05,833 DeMo.train INFO: Best Rank-1: 60.9%
2025-12-08 07:33:05,833 DeMo.train INFO: Best Rank-5: 79.2%
2025-12-08 07:33:05,833 DeMo.train INFO: Best Rank-10: 85.3%
2025-12-08 07:33:05,833 DeMo.train INFO: ~~~~~~~~~~~~~~~~~~~~~~~~~~~~~~~~~~~~~~~~~~~~~~~~~~
2025-12-08 07:33:13,214 DeMo.train INFO: Epoch[28] Iteration[10/16] Loss: 0.528, Acc: 1.000, Base Lr: 1.42e-04
2025-12-08 07:33:14,599 DeMo.train INFO: Epoch 28 done. Time per batch: 0.584[s] Speed: 109.5[samples/s]
2025-12-08 07:33:14,601 DeMo.train INFO: ~~~~~~~~~~~~~~~~~~~~~~~~~~~~~~~~~~~~~~~~~~~~~~~~~~
2025-12-08 07:33:14,601 DeMo.train INFO: Current is the [moe,ori] feature testing!
2025-12-08 07:33:14,601 DeMo.train INFO: ~~~~~~~~~~~~~~~~~~~~~~~~~~~~~~~~~~~~~~~~~~~~~~~~~~
The test feature is normalized
2025-12-08 07:33:21,990 DeMo.train INFO: Validation Results - Epoch: 28
2025-12-08 07:33:21,991 DeMo.train INFO: mAP: 43.2%
2025-12-08 07:33:21,991 DeMo.train INFO: CMC curve, Rank-1  :59.1%
2025-12-08 07:33:21,991 DeMo.train INFO: CMC curve, Rank-5  :80.4%
2025-12-08 07:33:21,991 DeMo.train INFO: CMC curve, Rank-10 :84.8%
2025-12-08 07:33:21,991 DeMo.train INFO: ~~~~~~~~~~~~~~~~~~~~~~~~~~~~~~~~~~~~~~~~~~~~~~~~~~
2025-12-08 07:33:23,880 DeMo.train INFO: ~~~~~~~~~~~~~~~~~~~~~~~~~~~~~~~~~~~~~~~~~~~~~~~~~~
2025-12-08 07:33:23,881 DeMo.train INFO: Best mAP: 44.4%
2025-12-08 07:33:23,881 DeMo.train INFO: Best Rank-1: 60.9%
2025-12-08 07:33:23,881 DeMo.train INFO: Best Rank-5: 79.2%
2025-12-08 07:33:23,881 DeMo.train INFO: Best Rank-10: 85.3%
2025-12-08 07:33:23,881 DeMo.train INFO: ~~~~~~~~~~~~~~~~~~~~~~~~~~~~~~~~~~~~~~~~~~~~~~~~~~
2025-12-08 07:33:32,503 DeMo.train INFO: Epoch[29] Iteration[10/16] Loss: 0.531, Acc: 1.000, Base Lr: 1.32e-04
2025-12-08 07:33:33,638 DeMo.train INFO: Epoch 29 done. Time per batch: 0.697[s] Speed: 91.8[samples/s]
2025-12-08 07:33:33,640 DeMo.train INFO: ~~~~~~~~~~~~~~~~~~~~~~~~~~~~~~~~~~~~~~~~~~~~~~~~~~
2025-12-08 07:33:33,642 DeMo.train INFO: Current is the [moe,ori] feature testing!
2025-12-08 07:33:33,643 DeMo.train INFO: ~~~~~~~~~~~~~~~~~~~~~~~~~~~~~~~~~~~~~~~~~~~~~~~~~~
The test feature is normalized
2025-12-08 07:33:59,329 DeMo.train INFO: Validation Results - Epoch: 29
2025-12-08 07:33:59,329 DeMo.train INFO: mAP: 43.1%
2025-12-08 07:33:59,330 DeMo.train INFO: CMC curve, Rank-1  :59.9%
2025-12-08 07:33:59,330 DeMo.train INFO: CMC curve, Rank-5  :79.9%
2025-12-08 07:33:59,330 DeMo.train INFO: CMC curve, Rank-10 :85.8%
2025-12-08 07:33:59,330 DeMo.train INFO: ~~~~~~~~~~~~~~~~~~~~~~~~~~~~~~~~~~~~~~~~~~~~~~~~~~
2025-12-08 07:34:00,256 DeMo.train INFO: ~~~~~~~~~~~~~~~~~~~~~~~~~~~~~~~~~~~~~~~~~~~~~~~~~~
2025-12-08 07:34:00,256 DeMo.train INFO: Best mAP: 44.4%
2025-12-08 07:34:00,256 DeMo.train INFO: Best Rank-1: 60.9%
2025-12-08 07:34:00,256 DeMo.train INFO: Best Rank-5: 79.2%
2025-12-08 07:34:00,256 DeMo.train INFO: Best Rank-10: 85.3%
2025-12-08 07:34:00,256 DeMo.train INFO: ~~~~~~~~~~~~~~~~~~~~~~~~~~~~~~~~~~~~~~~~~~~~~~~~~~
2025-12-08 07:34:07,566 DeMo.train INFO: Epoch[30] Iteration[10/16] Loss: 0.559, Acc: 1.000, Base Lr: 1.21e-04
2025-12-08 07:34:09,028 DeMo.train INFO: Epoch 30 done. Time per batch: 0.585[s] Speed: 109.4[samples/s]
2025-12-08 07:34:09,029 DeMo.train INFO: ~~~~~~~~~~~~~~~~~~~~~~~~~~~~~~~~~~~~~~~~~~~~~~~~~~
2025-12-08 07:34:09,030 DeMo.train INFO: Current is the [moe,ori] feature testing!
2025-12-08 07:34:09,030 DeMo.train INFO: ~~~~~~~~~~~~~~~~~~~~~~~~~~~~~~~~~~~~~~~~~~~~~~~~~~
The test feature is normalized
2025-12-08 07:34:16,430 DeMo.train INFO: Validation Results - Epoch: 30
2025-12-08 07:34:16,430 DeMo.train INFO: mAP: 43.1%
2025-12-08 07:34:16,430 DeMo.train INFO: CMC curve, Rank-1  :60.1%
2025-12-08 07:34:16,430 DeMo.train INFO: CMC curve, Rank-5  :79.5%
2025-12-08 07:34:16,430 DeMo.train INFO: CMC curve, Rank-10 :85.4%
2025-12-08 07:34:16,430 DeMo.train INFO: ~~~~~~~~~~~~~~~~~~~~~~~~~~~~~~~~~~~~~~~~~~~~~~~~~~
2025-12-08 07:34:18,152 DeMo.train INFO: ~~~~~~~~~~~~~~~~~~~~~~~~~~~~~~~~~~~~~~~~~~~~~~~~~~
2025-12-08 07:34:18,152 DeMo.train INFO: Best mAP: 44.4%
2025-12-08 07:34:18,152 DeMo.train INFO: Best Rank-1: 60.9%
2025-12-08 07:34:18,153 DeMo.train INFO: Best Rank-5: 79.2%
2025-12-08 07:34:18,153 DeMo.train INFO: Best Rank-10: 85.3%
2025-12-08 07:34:18,153 DeMo.train INFO: ~~~~~~~~~~~~~~~~~~~~~~~~~~~~~~~~~~~~~~~~~~~~~~~~~~
2025-12-08 07:34:25,464 DeMo.train INFO: Epoch[31] Iteration[10/16] Loss: 0.543, Acc: 1.000, Base Lr: 1.11e-04
2025-12-08 07:34:26,619 DeMo.train INFO: Epoch 31 done. Time per batch: 0.605[s] Speed: 105.8[samples/s]
2025-12-08 07:34:26,621 DeMo.train INFO: ~~~~~~~~~~~~~~~~~~~~~~~~~~~~~~~~~~~~~~~~~~~~~~~~~~
2025-12-08 07:34:26,621 DeMo.train INFO: Current is the [moe,ori] feature testing!
2025-12-08 07:34:26,621 DeMo.train INFO: ~~~~~~~~~~~~~~~~~~~~~~~~~~~~~~~~~~~~~~~~~~~~~~~~~~
The test feature is normalized
2025-12-08 07:34:33,892 DeMo.train INFO: Validation Results - Epoch: 31
2025-12-08 07:34:33,892 DeMo.train INFO: mAP: 43.1%
2025-12-08 07:34:33,892 DeMo.train INFO: CMC curve, Rank-1  :58.9%
2025-12-08 07:34:33,892 DeMo.train INFO: CMC curve, Rank-5  :80.2%
2025-12-08 07:34:33,892 DeMo.train INFO: CMC curve, Rank-10 :85.3%
2025-12-08 07:34:33,892 DeMo.train INFO: ~~~~~~~~~~~~~~~~~~~~~~~~~~~~~~~~~~~~~~~~~~~~~~~~~~
2025-12-08 07:34:34,042 DeMo.train INFO: ~~~~~~~~~~~~~~~~~~~~~~~~~~~~~~~~~~~~~~~~~~~~~~~~~~
2025-12-08 07:34:34,042 DeMo.train INFO: Best mAP: 44.4%
2025-12-08 07:34:34,042 DeMo.train INFO: Best Rank-1: 60.9%
2025-12-08 07:34:34,042 DeMo.train INFO: Best Rank-5: 79.2%
2025-12-08 07:34:34,042 DeMo.train INFO: Best Rank-10: 85.3%
2025-12-08 07:34:34,042 DeMo.train INFO: ~~~~~~~~~~~~~~~~~~~~~~~~~~~~~~~~~~~~~~~~~~~~~~~~~~
2025-12-08 07:34:41,054 DeMo.train INFO: Epoch[32] Iteration[10/16] Loss: 0.507, Acc: 1.000, Base Lr: 1.01e-04
2025-12-08 07:34:42,179 DeMo.train INFO: Epoch 32 done. Time per batch: 0.581[s] Speed: 110.1[samples/s]
2025-12-08 07:34:42,180 DeMo.train INFO: ~~~~~~~~~~~~~~~~~~~~~~~~~~~~~~~~~~~~~~~~~~~~~~~~~~
2025-12-08 07:34:42,180 DeMo.train INFO: Current is the [moe,ori] feature testing!
2025-12-08 07:34:42,180 DeMo.train INFO: ~~~~~~~~~~~~~~~~~~~~~~~~~~~~~~~~~~~~~~~~~~~~~~~~~~
The test feature is normalized
2025-12-08 07:34:49,438 DeMo.train INFO: Validation Results - Epoch: 32
2025-12-08 07:34:49,438 DeMo.train INFO: mAP: 42.7%
2025-12-08 07:34:49,439 DeMo.train INFO: CMC curve, Rank-1  :57.5%
2025-12-08 07:34:49,439 DeMo.train INFO: CMC curve, Rank-5  :80.2%
2025-12-08 07:34:49,439 DeMo.train INFO: CMC curve, Rank-10 :85.1%
2025-12-08 07:34:49,439 DeMo.train INFO: ~~~~~~~~~~~~~~~~~~~~~~~~~~~~~~~~~~~~~~~~~~~~~~~~~~
2025-12-08 07:34:49,749 DeMo.train INFO: ~~~~~~~~~~~~~~~~~~~~~~~~~~~~~~~~~~~~~~~~~~~~~~~~~~
2025-12-08 07:34:49,749 DeMo.train INFO: Best mAP: 44.4%
2025-12-08 07:34:49,749 DeMo.train INFO: Best Rank-1: 60.9%
2025-12-08 07:34:49,749 DeMo.train INFO: Best Rank-5: 79.2%
2025-12-08 07:34:49,749 DeMo.train INFO: Best Rank-10: 85.3%
2025-12-08 07:34:49,749 DeMo.train INFO: ~~~~~~~~~~~~~~~~~~~~~~~~~~~~~~~~~~~~~~~~~~~~~~~~~~
2025-12-08 07:34:55,898 DeMo.train INFO: Epoch[33] Iteration[10/16] Loss: 0.517, Acc: 1.000, Base Lr: 9.10e-05
2025-12-08 07:34:57,038 DeMo.train INFO: Epoch 33 done. Time per batch: 0.521[s] Speed: 122.9[samples/s]
2025-12-08 07:34:57,039 DeMo.train INFO: ~~~~~~~~~~~~~~~~~~~~~~~~~~~~~~~~~~~~~~~~~~~~~~~~~~
2025-12-08 07:34:57,039 DeMo.train INFO: Current is the [moe,ori] feature testing!
2025-12-08 07:34:57,039 DeMo.train INFO: ~~~~~~~~~~~~~~~~~~~~~~~~~~~~~~~~~~~~~~~~~~~~~~~~~~
The test feature is normalized
2025-12-08 07:35:19,353 DeMo.train INFO: Validation Results - Epoch: 33
2025-12-08 07:35:19,353 DeMo.train INFO: mAP: 43.2%
2025-12-08 07:35:19,353 DeMo.train INFO: CMC curve, Rank-1  :58.2%
2025-12-08 07:35:19,353 DeMo.train INFO: CMC curve, Rank-5  :80.4%
2025-12-08 07:35:19,354 DeMo.train INFO: CMC curve, Rank-10 :85.4%
2025-12-08 07:35:19,354 DeMo.train INFO: ~~~~~~~~~~~~~~~~~~~~~~~~~~~~~~~~~~~~~~~~~~~~~~~~~~
2025-12-08 07:35:20,145 DeMo.train INFO: ~~~~~~~~~~~~~~~~~~~~~~~~~~~~~~~~~~~~~~~~~~~~~~~~~~
2025-12-08 07:35:20,145 DeMo.train INFO: Best mAP: 44.4%
2025-12-08 07:35:20,145 DeMo.train INFO: Best Rank-1: 60.9%
2025-12-08 07:35:20,145 DeMo.train INFO: Best Rank-5: 79.2%
2025-12-08 07:35:20,146 DeMo.train INFO: Best Rank-10: 85.3%
2025-12-08 07:35:20,146 DeMo.train INFO: ~~~~~~~~~~~~~~~~~~~~~~~~~~~~~~~~~~~~~~~~~~~~~~~~~~
2025-12-08 07:35:27,961 DeMo.train INFO: Epoch[34] Iteration[10/16] Loss: 0.544, Acc: 1.000, Base Lr: 8.15e-05
2025-12-08 07:35:29,122 DeMo.train INFO: Epoch 34 done. Time per batch: 0.641[s] Speed: 99.8[samples/s]
2025-12-08 07:35:29,123 DeMo.train INFO: ~~~~~~~~~~~~~~~~~~~~~~~~~~~~~~~~~~~~~~~~~~~~~~~~~~
2025-12-08 07:35:29,123 DeMo.train INFO: Current is the [moe,ori] feature testing!
2025-12-08 07:35:29,123 DeMo.train INFO: ~~~~~~~~~~~~~~~~~~~~~~~~~~~~~~~~~~~~~~~~~~~~~~~~~~
The test feature is normalized
2025-12-08 07:35:47,184 DeMo.train INFO: Validation Results - Epoch: 34
2025-12-08 07:35:47,186 DeMo.train INFO: mAP: 43.2%
2025-12-08 07:35:47,187 DeMo.train INFO: CMC curve, Rank-1  :58.4%
2025-12-08 07:35:47,187 DeMo.train INFO: CMC curve, Rank-5  :80.0%
2025-12-08 07:35:47,187 DeMo.train INFO: CMC curve, Rank-10 :85.6%
2025-12-08 07:35:47,189 DeMo.train INFO: ~~~~~~~~~~~~~~~~~~~~~~~~~~~~~~~~~~~~~~~~~~~~~~~~~~
2025-12-08 07:35:48,151 DeMo.train INFO: ~~~~~~~~~~~~~~~~~~~~~~~~~~~~~~~~~~~~~~~~~~~~~~~~~~
2025-12-08 07:35:48,152 DeMo.train INFO: Best mAP: 44.4%
2025-12-08 07:35:48,153 DeMo.train INFO: Best Rank-1: 60.9%
2025-12-08 07:35:48,153 DeMo.train INFO: Best Rank-5: 79.2%
2025-12-08 07:35:48,153 DeMo.train INFO: Best Rank-10: 85.3%
2025-12-08 07:35:48,154 DeMo.train INFO: ~~~~~~~~~~~~~~~~~~~~~~~~~~~~~~~~~~~~~~~~~~~~~~~~~~
2025-12-08 07:35:56,750 DeMo.train INFO: Epoch[35] Iteration[10/16] Loss: 0.510, Acc: 1.000, Base Lr: 7.24e-05
2025-12-08 07:35:58,128 DeMo.train INFO: Epoch 35 done. Time per batch: 0.665[s] Speed: 96.3[samples/s]
2025-12-08 07:35:58,129 DeMo.train INFO: ~~~~~~~~~~~~~~~~~~~~~~~~~~~~~~~~~~~~~~~~~~~~~~~~~~
2025-12-08 07:35:58,130 DeMo.train INFO: Current is the [moe,ori] feature testing!
2025-12-08 07:35:58,130 DeMo.train INFO: ~~~~~~~~~~~~~~~~~~~~~~~~~~~~~~~~~~~~~~~~~~~~~~~~~~
The test feature is normalized
2025-12-08 07:36:05,278 DeMo.train INFO: Validation Results - Epoch: 35
2025-12-08 07:36:05,278 DeMo.train INFO: mAP: 43.5%
2025-12-08 07:36:05,279 DeMo.train INFO: CMC curve, Rank-1  :58.2%
2025-12-08 07:36:05,279 DeMo.train INFO: CMC curve, Rank-5  :79.5%
2025-12-08 07:36:05,279 DeMo.train INFO: CMC curve, Rank-10 :86.0%
2025-12-08 07:36:05,279 DeMo.train INFO: ~~~~~~~~~~~~~~~~~~~~~~~~~~~~~~~~~~~~~~~~~~~~~~~~~~
2025-12-08 07:36:07,309 DeMo.train INFO: ~~~~~~~~~~~~~~~~~~~~~~~~~~~~~~~~~~~~~~~~~~~~~~~~~~
2025-12-08 07:36:07,309 DeMo.train INFO: Best mAP: 44.4%
2025-12-08 07:36:07,309 DeMo.train INFO: Best Rank-1: 60.9%
2025-12-08 07:36:07,310 DeMo.train INFO: Best Rank-5: 79.2%
2025-12-08 07:36:07,310 DeMo.train INFO: Best Rank-10: 85.3%
2025-12-08 07:36:07,310 DeMo.train INFO: ~~~~~~~~~~~~~~~~~~~~~~~~~~~~~~~~~~~~~~~~~~~~~~~~~~
2025-12-08 07:36:14,358 DeMo.train INFO: Epoch[36] Iteration[10/16] Loss: 0.501, Acc: 1.000, Base Lr: 6.37e-05
2025-12-08 07:36:15,492 DeMo.train INFO: Epoch 36 done. Time per batch: 0.584[s] Speed: 109.5[samples/s]
2025-12-08 07:36:15,494 DeMo.train INFO: ~~~~~~~~~~~~~~~~~~~~~~~~~~~~~~~~~~~~~~~~~~~~~~~~~~
2025-12-08 07:36:15,494 DeMo.train INFO: Current is the [moe,ori] feature testing!
2025-12-08 07:36:15,495 DeMo.train INFO: ~~~~~~~~~~~~~~~~~~~~~~~~~~~~~~~~~~~~~~~~~~~~~~~~~~
The test feature is normalized
2025-12-08 07:36:44,921 DeMo.train INFO: Validation Results - Epoch: 36
2025-12-08 07:36:44,921 DeMo.train INFO: mAP: 43.6%
2025-12-08 07:36:44,921 DeMo.train INFO: CMC curve, Rank-1  :57.9%
2025-12-08 07:36:44,922 DeMo.train INFO: CMC curve, Rank-5  :79.5%
2025-12-08 07:36:44,922 DeMo.train INFO: CMC curve, Rank-10 :86.1%
2025-12-08 07:36:44,922 DeMo.train INFO: ~~~~~~~~~~~~~~~~~~~~~~~~~~~~~~~~~~~~~~~~~~~~~~~~~~
2025-12-08 07:36:45,944 DeMo.train INFO: ~~~~~~~~~~~~~~~~~~~~~~~~~~~~~~~~~~~~~~~~~~~~~~~~~~
2025-12-08 07:36:45,944 DeMo.train INFO: Best mAP: 44.4%
2025-12-08 07:36:45,944 DeMo.train INFO: Best Rank-1: 60.9%
2025-12-08 07:36:45,944 DeMo.train INFO: Best Rank-5: 79.2%
2025-12-08 07:36:45,945 DeMo.train INFO: Best Rank-10: 85.3%
2025-12-08 07:36:45,945 DeMo.train INFO: ~~~~~~~~~~~~~~~~~~~~~~~~~~~~~~~~~~~~~~~~~~~~~~~~~~
2025-12-08 07:36:53,486 DeMo.train INFO: Epoch[37] Iteration[10/16] Loss: 0.520, Acc: 1.000, Base Lr: 5.55e-05
2025-12-08 07:36:54,661 DeMo.train INFO: Epoch 37 done. Time per batch: 0.623[s] Speed: 102.8[samples/s]
2025-12-08 07:36:54,662 DeMo.train INFO: ~~~~~~~~~~~~~~~~~~~~~~~~~~~~~~~~~~~~~~~~~~~~~~~~~~
2025-12-08 07:36:54,662 DeMo.train INFO: Current is the [moe,ori] feature testing!
2025-12-08 07:36:54,663 DeMo.train INFO: ~~~~~~~~~~~~~~~~~~~~~~~~~~~~~~~~~~~~~~~~~~~~~~~~~~
The test feature is normalized
2025-12-08 07:37:01,931 DeMo.train INFO: Validation Results - Epoch: 37
2025-12-08 07:37:01,931 DeMo.train INFO: mAP: 43.5%
2025-12-08 07:37:01,931 DeMo.train INFO: CMC curve, Rank-1  :58.4%
2025-12-08 07:37:01,931 DeMo.train INFO: CMC curve, Rank-5  :80.0%
2025-12-08 07:37:01,931 DeMo.train INFO: CMC curve, Rank-10 :86.0%
2025-12-08 07:37:01,931 DeMo.train INFO: ~~~~~~~~~~~~~~~~~~~~~~~~~~~~~~~~~~~~~~~~~~~~~~~~~~
2025-12-08 07:37:02,781 DeMo.train INFO: ~~~~~~~~~~~~~~~~~~~~~~~~~~~~~~~~~~~~~~~~~~~~~~~~~~
2025-12-08 07:37:02,782 DeMo.train INFO: Best mAP: 44.4%
2025-12-08 07:37:02,782 DeMo.train INFO: Best Rank-1: 60.9%
2025-12-08 07:37:02,782 DeMo.train INFO: Best Rank-5: 79.2%
2025-12-08 07:37:02,782 DeMo.train INFO: Best Rank-10: 85.3%
2025-12-08 07:37:02,782 DeMo.train INFO: ~~~~~~~~~~~~~~~~~~~~~~~~~~~~~~~~~~~~~~~~~~~~~~~~~~
2025-12-08 07:37:10,947 DeMo.train INFO: Epoch[38] Iteration[10/16] Loss: 0.508, Acc: 1.000, Base Lr: 4.77e-05
2025-12-08 07:37:12,337 DeMo.train INFO: Epoch 38 done. Time per batch: 0.637[s] Speed: 100.5[samples/s]
2025-12-08 07:37:12,338 DeMo.train INFO: ~~~~~~~~~~~~~~~~~~~~~~~~~~~~~~~~~~~~~~~~~~~~~~~~~~
2025-12-08 07:37:12,338 DeMo.train INFO: Current is the [moe,ori] feature testing!
2025-12-08 07:37:12,338 DeMo.train INFO: ~~~~~~~~~~~~~~~~~~~~~~~~~~~~~~~~~~~~~~~~~~~~~~~~~~
The test feature is normalized
2025-12-08 07:37:20,083 DeMo.train INFO: Validation Results - Epoch: 38
2025-12-08 07:37:20,083 DeMo.train INFO: mAP: 43.4%
2025-12-08 07:37:20,083 DeMo.train INFO: CMC curve, Rank-1  :58.2%
2025-12-08 07:37:20,083 DeMo.train INFO: CMC curve, Rank-5  :80.0%
2025-12-08 07:37:20,083 DeMo.train INFO: CMC curve, Rank-10 :85.8%
2025-12-08 07:37:20,083 DeMo.train INFO: ~~~~~~~~~~~~~~~~~~~~~~~~~~~~~~~~~~~~~~~~~~~~~~~~~~
2025-12-08 07:37:20,502 DeMo.train INFO: ~~~~~~~~~~~~~~~~~~~~~~~~~~~~~~~~~~~~~~~~~~~~~~~~~~
2025-12-08 07:37:20,503 DeMo.train INFO: Best mAP: 44.4%
2025-12-08 07:37:20,503 DeMo.train INFO: Best Rank-1: 60.9%
2025-12-08 07:37:20,503 DeMo.train INFO: Best Rank-5: 79.2%
2025-12-08 07:37:20,503 DeMo.train INFO: Best Rank-10: 85.3%
2025-12-08 07:37:20,503 DeMo.train INFO: ~~~~~~~~~~~~~~~~~~~~~~~~~~~~~~~~~~~~~~~~~~~~~~~~~~
2025-12-08 07:37:27,416 DeMo.train INFO: Epoch[39] Iteration[10/16] Loss: 0.525, Acc: 1.000, Base Lr: 4.05e-05
2025-12-08 07:37:28,555 DeMo.train INFO: Epoch 39 done. Time per batch: 0.575[s] Speed: 111.3[samples/s]
2025-12-08 07:37:28,556 DeMo.train INFO: ~~~~~~~~~~~~~~~~~~~~~~~~~~~~~~~~~~~~~~~~~~~~~~~~~~
2025-12-08 07:37:28,556 DeMo.train INFO: Current is the [moe,ori] feature testing!
2025-12-08 07:37:28,556 DeMo.train INFO: ~~~~~~~~~~~~~~~~~~~~~~~~~~~~~~~~~~~~~~~~~~~~~~~~~~
The test feature is normalized
2025-12-08 07:37:35,681 DeMo.train INFO: Validation Results - Epoch: 39
2025-12-08 07:37:35,681 DeMo.train INFO: mAP: 43.9%
2025-12-08 07:37:35,681 DeMo.train INFO: CMC curve, Rank-1  :59.2%
2025-12-08 07:37:35,681 DeMo.train INFO: CMC curve, Rank-5  :79.7%
2025-12-08 07:37:35,681 DeMo.train INFO: CMC curve, Rank-10 :86.0%
2025-12-08 07:37:35,681 DeMo.train INFO: ~~~~~~~~~~~~~~~~~~~~~~~~~~~~~~~~~~~~~~~~~~~~~~~~~~
2025-12-08 07:37:36,904 DeMo.train INFO: ~~~~~~~~~~~~~~~~~~~~~~~~~~~~~~~~~~~~~~~~~~~~~~~~~~
2025-12-08 07:37:36,904 DeMo.train INFO: Best mAP: 44.4%
2025-12-08 07:37:36,904 DeMo.train INFO: Best Rank-1: 60.9%
2025-12-08 07:37:36,904 DeMo.train INFO: Best Rank-5: 79.2%
2025-12-08 07:37:36,904 DeMo.train INFO: Best Rank-10: 85.3%
2025-12-08 07:37:36,904 DeMo.train INFO: ~~~~~~~~~~~~~~~~~~~~~~~~~~~~~~~~~~~~~~~~~~~~~~~~~~
2025-12-08 07:37:42,963 DeMo.train INFO: Epoch[40] Iteration[10/16] Loss: 0.504, Acc: 1.000, Base Lr: 3.37e-05
2025-12-08 07:37:44,095 DeMo.train INFO: Epoch 40 done. Time per batch: 0.514[s] Speed: 124.6[samples/s]
2025-12-08 07:37:44,096 DeMo.train INFO: ~~~~~~~~~~~~~~~~~~~~~~~~~~~~~~~~~~~~~~~~~~~~~~~~~~
2025-12-08 07:37:44,096 DeMo.train INFO: Current is the [moe,ori] feature testing!
2025-12-08 07:37:44,096 DeMo.train INFO: ~~~~~~~~~~~~~~~~~~~~~~~~~~~~~~~~~~~~~~~~~~~~~~~~~~
The test feature is normalized
2025-12-08 07:37:51,225 DeMo.train INFO: Validation Results - Epoch: 40
2025-12-08 07:37:51,225 DeMo.train INFO: mAP: 43.9%
2025-12-08 07:37:51,225 DeMo.train INFO: CMC curve, Rank-1  :59.1%
2025-12-08 07:37:51,225 DeMo.train INFO: CMC curve, Rank-5  :80.2%
2025-12-08 07:37:51,225 DeMo.train INFO: CMC curve, Rank-10 :86.1%
2025-12-08 07:37:51,225 DeMo.train INFO: ~~~~~~~~~~~~~~~~~~~~~~~~~~~~~~~~~~~~~~~~~~~~~~~~~~
2025-12-08 07:37:53,333 DeMo.train INFO: ~~~~~~~~~~~~~~~~~~~~~~~~~~~~~~~~~~~~~~~~~~~~~~~~~~
2025-12-08 07:37:53,333 DeMo.train INFO: Best mAP: 44.4%
2025-12-08 07:37:53,334 DeMo.train INFO: Best Rank-1: 60.9%
2025-12-08 07:37:53,334 DeMo.train INFO: Best Rank-5: 79.2%
2025-12-08 07:37:53,334 DeMo.train INFO: Best Rank-10: 85.3%
2025-12-08 07:37:53,334 DeMo.train INFO: ~~~~~~~~~~~~~~~~~~~~~~~~~~~~~~~~~~~~~~~~~~~~~~~~~~
2025-12-08 07:38:00,538 DeMo.train INFO: Epoch[41] Iteration[10/16] Loss: 0.501, Acc: 1.000, Base Lr: 2.76e-05
2025-12-08 07:38:01,668 DeMo.train INFO: Epoch 41 done. Time per batch: 0.595[s] Speed: 107.5[samples/s]
2025-12-08 07:38:01,669 DeMo.train INFO: ~~~~~~~~~~~~~~~~~~~~~~~~~~~~~~~~~~~~~~~~~~~~~~~~~~
2025-12-08 07:38:01,670 DeMo.train INFO: Current is the [moe,ori] feature testing!
2025-12-08 07:38:01,670 DeMo.train INFO: ~~~~~~~~~~~~~~~~~~~~~~~~~~~~~~~~~~~~~~~~~~~~~~~~~~
The test feature is normalized
2025-12-08 07:38:08,827 DeMo.train INFO: Validation Results - Epoch: 41
2025-12-08 07:38:08,827 DeMo.train INFO: mAP: 43.8%
2025-12-08 07:38:08,827 DeMo.train INFO: CMC curve, Rank-1  :58.9%
2025-12-08 07:38:08,827 DeMo.train INFO: CMC curve, Rank-5  :79.7%
2025-12-08 07:38:08,827 DeMo.train INFO: CMC curve, Rank-10 :86.1%
2025-12-08 07:38:08,827 DeMo.train INFO: ~~~~~~~~~~~~~~~~~~~~~~~~~~~~~~~~~~~~~~~~~~~~~~~~~~
2025-12-08 07:38:09,808 DeMo.train INFO: ~~~~~~~~~~~~~~~~~~~~~~~~~~~~~~~~~~~~~~~~~~~~~~~~~~
2025-12-08 07:38:09,809 DeMo.train INFO: Best mAP: 44.4%
2025-12-08 07:38:09,809 DeMo.train INFO: Best Rank-1: 60.9%
2025-12-08 07:38:09,809 DeMo.train INFO: Best Rank-5: 79.2%
2025-12-08 07:38:09,809 DeMo.train INFO: Best Rank-10: 85.3%
2025-12-08 07:38:09,809 DeMo.train INFO: ~~~~~~~~~~~~~~~~~~~~~~~~~~~~~~~~~~~~~~~~~~~~~~~~~~
2025-12-08 07:38:17,109 DeMo.train INFO: Epoch[42] Iteration[10/16] Loss: 0.524, Acc: 1.000, Base Lr: 2.20e-05
2025-12-08 07:38:18,537 DeMo.train INFO: Epoch 42 done. Time per batch: 0.582[s] Speed: 110.0[samples/s]
2025-12-08 07:38:18,538 DeMo.train INFO: ~~~~~~~~~~~~~~~~~~~~~~~~~~~~~~~~~~~~~~~~~~~~~~~~~~
2025-12-08 07:38:18,539 DeMo.train INFO: Current is the [moe,ori] feature testing!
2025-12-08 07:38:18,539 DeMo.train INFO: ~~~~~~~~~~~~~~~~~~~~~~~~~~~~~~~~~~~~~~~~~~~~~~~~~~
The test feature is normalized
2025-12-08 07:38:25,682 DeMo.train INFO: Validation Results - Epoch: 42
2025-12-08 07:38:25,683 DeMo.train INFO: mAP: 43.8%
2025-12-08 07:38:25,683 DeMo.train INFO: CMC curve, Rank-1  :59.2%
2025-12-08 07:38:25,683 DeMo.train INFO: CMC curve, Rank-5  :79.7%
2025-12-08 07:38:25,683 DeMo.train INFO: CMC curve, Rank-10 :85.6%
2025-12-08 07:38:25,683 DeMo.train INFO: ~~~~~~~~~~~~~~~~~~~~~~~~~~~~~~~~~~~~~~~~~~~~~~~~~~
2025-12-08 07:38:27,588 DeMo.train INFO: ~~~~~~~~~~~~~~~~~~~~~~~~~~~~~~~~~~~~~~~~~~~~~~~~~~
2025-12-08 07:38:27,588 DeMo.train INFO: Best mAP: 44.4%
2025-12-08 07:38:27,588 DeMo.train INFO: Best Rank-1: 60.9%
2025-12-08 07:38:27,588 DeMo.train INFO: Best Rank-5: 79.2%
2025-12-08 07:38:27,588 DeMo.train INFO: Best Rank-10: 85.3%
2025-12-08 07:38:27,588 DeMo.train INFO: ~~~~~~~~~~~~~~~~~~~~~~~~~~~~~~~~~~~~~~~~~~~~~~~~~~
2025-12-08 07:38:35,914 DeMo.train INFO: Epoch[43] Iteration[10/16] Loss: 0.501, Acc: 1.000, Base Lr: 1.70e-05
2025-12-08 07:38:37,044 DeMo.train INFO: Epoch 43 done. Time per batch: 0.675[s] Speed: 94.8[samples/s]
2025-12-08 07:38:37,046 DeMo.train INFO: ~~~~~~~~~~~~~~~~~~~~~~~~~~~~~~~~~~~~~~~~~~~~~~~~~~
2025-12-08 07:38:37,046 DeMo.train INFO: Current is the [moe,ori] feature testing!
2025-12-08 07:38:37,046 DeMo.train INFO: ~~~~~~~~~~~~~~~~~~~~~~~~~~~~~~~~~~~~~~~~~~~~~~~~~~
The test feature is normalized
2025-12-08 07:38:44,220 DeMo.train INFO: Validation Results - Epoch: 43
2025-12-08 07:38:44,221 DeMo.train INFO: mAP: 43.8%
2025-12-08 07:38:44,221 DeMo.train INFO: CMC curve, Rank-1  :59.2%
2025-12-08 07:38:44,221 DeMo.train INFO: CMC curve, Rank-5  :79.7%
2025-12-08 07:38:44,221 DeMo.train INFO: CMC curve, Rank-10 :85.6%
2025-12-08 07:38:44,221 DeMo.train INFO: ~~~~~~~~~~~~~~~~~~~~~~~~~~~~~~~~~~~~~~~~~~~~~~~~~~
2025-12-08 07:38:46,479 DeMo.train INFO: ~~~~~~~~~~~~~~~~~~~~~~~~~~~~~~~~~~~~~~~~~~~~~~~~~~
2025-12-08 07:38:46,479 DeMo.train INFO: Best mAP: 44.4%
2025-12-08 07:38:46,479 DeMo.train INFO: Best Rank-1: 60.9%
2025-12-08 07:38:46,479 DeMo.train INFO: Best Rank-5: 79.2%
2025-12-08 07:38:46,479 DeMo.train INFO: Best Rank-10: 85.3%
2025-12-08 07:38:46,479 DeMo.train INFO: ~~~~~~~~~~~~~~~~~~~~~~~~~~~~~~~~~~~~~~~~~~~~~~~~~~
2025-12-08 07:38:52,601 DeMo.train INFO: Epoch[44] Iteration[10/16] Loss: 0.495, Acc: 1.000, Base Lr: 1.26e-05
2025-12-08 07:38:53,742 DeMo.train INFO: Epoch 44 done. Time per batch: 0.519[s] Speed: 123.4[samples/s]
2025-12-08 07:38:53,743 DeMo.train INFO: ~~~~~~~~~~~~~~~~~~~~~~~~~~~~~~~~~~~~~~~~~~~~~~~~~~
2025-12-08 07:38:53,744 DeMo.train INFO: Current is the [moe,ori] feature testing!
2025-12-08 07:38:53,744 DeMo.train INFO: ~~~~~~~~~~~~~~~~~~~~~~~~~~~~~~~~~~~~~~~~~~~~~~~~~~
The test feature is normalized
2025-12-08 07:39:01,051 DeMo.train INFO: Validation Results - Epoch: 44
2025-12-08 07:39:01,052 DeMo.train INFO: mAP: 43.7%
2025-12-08 07:39:01,052 DeMo.train INFO: CMC curve, Rank-1  :58.7%
2025-12-08 07:39:01,052 DeMo.train INFO: CMC curve, Rank-5  :79.7%
2025-12-08 07:39:01,052 DeMo.train INFO: CMC curve, Rank-10 :85.3%
2025-12-08 07:39:01,052 DeMo.train INFO: ~~~~~~~~~~~~~~~~~~~~~~~~~~~~~~~~~~~~~~~~~~~~~~~~~~
2025-12-08 07:39:01,988 DeMo.train INFO: ~~~~~~~~~~~~~~~~~~~~~~~~~~~~~~~~~~~~~~~~~~~~~~~~~~
2025-12-08 07:39:01,989 DeMo.train INFO: Best mAP: 44.4%
2025-12-08 07:39:01,989 DeMo.train INFO: Best Rank-1: 60.9%
2025-12-08 07:39:01,989 DeMo.train INFO: Best Rank-5: 79.2%
2025-12-08 07:39:01,989 DeMo.train INFO: Best Rank-10: 85.3%
2025-12-08 07:39:01,989 DeMo.train INFO: ~~~~~~~~~~~~~~~~~~~~~~~~~~~~~~~~~~~~~~~~~~~~~~~~~~
2025-12-08 07:39:09,293 DeMo.train INFO: Epoch[45] Iteration[10/16] Loss: 0.529, Acc: 1.000, Base Lr: 8.91e-06
2025-12-08 07:39:10,419 DeMo.train INFO: Epoch 45 done. Time per batch: 0.602[s] Speed: 106.3[samples/s]
2025-12-08 07:39:10,421 DeMo.train INFO: ~~~~~~~~~~~~~~~~~~~~~~~~~~~~~~~~~~~~~~~~~~~~~~~~~~
2025-12-08 07:39:10,421 DeMo.train INFO: Current is the [moe,ori] feature testing!
2025-12-08 07:39:10,421 DeMo.train INFO: ~~~~~~~~~~~~~~~~~~~~~~~~~~~~~~~~~~~~~~~~~~~~~~~~~~
The test feature is normalized
2025-12-08 07:39:17,624 DeMo.train INFO: Validation Results - Epoch: 45
2025-12-08 07:39:17,624 DeMo.train INFO: mAP: 43.6%
2025-12-08 07:39:17,624 DeMo.train INFO: CMC curve, Rank-1  :58.7%
2025-12-08 07:39:17,624 DeMo.train INFO: CMC curve, Rank-5  :79.4%
2025-12-08 07:39:17,624 DeMo.train INFO: CMC curve, Rank-10 :85.3%
2025-12-08 07:39:17,624 DeMo.train INFO: ~~~~~~~~~~~~~~~~~~~~~~~~~~~~~~~~~~~~~~~~~~~~~~~~~~
2025-12-08 07:39:18,662 DeMo.train INFO: ~~~~~~~~~~~~~~~~~~~~~~~~~~~~~~~~~~~~~~~~~~~~~~~~~~
2025-12-08 07:39:18,663 DeMo.train INFO: Best mAP: 44.4%
2025-12-08 07:39:18,663 DeMo.train INFO: Best Rank-1: 60.9%
2025-12-08 07:39:18,663 DeMo.train INFO: Best Rank-5: 79.2%
2025-12-08 07:39:18,663 DeMo.train INFO: Best Rank-10: 85.3%
2025-12-08 07:39:18,663 DeMo.train INFO: ~~~~~~~~~~~~~~~~~~~~~~~~~~~~~~~~~~~~~~~~~~~~~~~~~~
2025-12-08 07:39:26,023 DeMo.train INFO: Epoch[46] Iteration[10/16] Loss: 0.505, Acc: 1.000, Base Lr: 5.84e-06
2025-12-08 07:39:27,154 DeMo.train INFO: Epoch 46 done. Time per batch: 0.606[s] Speed: 105.5[samples/s]
2025-12-08 07:39:27,155 DeMo.train INFO: ~~~~~~~~~~~~~~~~~~~~~~~~~~~~~~~~~~~~~~~~~~~~~~~~~~
2025-12-08 07:39:27,156 DeMo.train INFO: Current is the [moe,ori] feature testing!
2025-12-08 07:39:27,156 DeMo.train INFO: ~~~~~~~~~~~~~~~~~~~~~~~~~~~~~~~~~~~~~~~~~~~~~~~~~~
The test feature is normalized
2025-12-08 07:39:34,758 DeMo.train INFO: Validation Results - Epoch: 46
2025-12-08 07:39:34,759 DeMo.train INFO: mAP: 43.6%
2025-12-08 07:39:34,759 DeMo.train INFO: CMC curve, Rank-1  :58.2%
2025-12-08 07:39:34,759 DeMo.train INFO: CMC curve, Rank-5  :80.0%
2025-12-08 07:39:34,759 DeMo.train INFO: CMC curve, Rank-10 :85.3%
2025-12-08 07:39:34,759 DeMo.train INFO: ~~~~~~~~~~~~~~~~~~~~~~~~~~~~~~~~~~~~~~~~~~~~~~~~~~
2025-12-08 07:39:36,667 DeMo.train INFO: ~~~~~~~~~~~~~~~~~~~~~~~~~~~~~~~~~~~~~~~~~~~~~~~~~~
2025-12-08 07:39:36,667 DeMo.train INFO: Best mAP: 44.4%
2025-12-08 07:39:36,667 DeMo.train INFO: Best Rank-1: 60.9%
2025-12-08 07:39:36,668 DeMo.train INFO: Best Rank-5: 79.2%
2025-12-08 07:39:36,668 DeMo.train INFO: Best Rank-10: 85.3%
2025-12-08 07:39:36,668 DeMo.train INFO: ~~~~~~~~~~~~~~~~~~~~~~~~~~~~~~~~~~~~~~~~~~~~~~~~~~
2025-12-08 07:39:42,571 DeMo.train INFO: Epoch[47] Iteration[10/16] Loss: 0.501, Acc: 1.000, Base Lr: 3.45e-06
2025-12-08 07:39:43,697 DeMo.train INFO: Epoch 47 done. Time per batch: 0.502[s] Speed: 127.5[samples/s]
2025-12-08 07:39:43,698 DeMo.train INFO: ~~~~~~~~~~~~~~~~~~~~~~~~~~~~~~~~~~~~~~~~~~~~~~~~~~
2025-12-08 07:39:43,698 DeMo.train INFO: Current is the [moe,ori] feature testing!
2025-12-08 07:39:43,698 DeMo.train INFO: ~~~~~~~~~~~~~~~~~~~~~~~~~~~~~~~~~~~~~~~~~~~~~~~~~~
The test feature is normalized
2025-12-08 07:39:50,953 DeMo.train INFO: Validation Results - Epoch: 47
2025-12-08 07:39:50,953 DeMo.train INFO: mAP: 43.6%
2025-12-08 07:39:50,953 DeMo.train INFO: CMC curve, Rank-1  :58.7%
2025-12-08 07:39:50,953 DeMo.train INFO: CMC curve, Rank-5  :79.9%
2025-12-08 07:39:50,953 DeMo.train INFO: CMC curve, Rank-10 :85.3%
2025-12-08 07:39:50,953 DeMo.train INFO: ~~~~~~~~~~~~~~~~~~~~~~~~~~~~~~~~~~~~~~~~~~~~~~~~~~
2025-12-08 07:39:52,974 DeMo.train INFO: ~~~~~~~~~~~~~~~~~~~~~~~~~~~~~~~~~~~~~~~~~~~~~~~~~~
2025-12-08 07:39:52,975 DeMo.train INFO: Best mAP: 44.4%
2025-12-08 07:39:52,975 DeMo.train INFO: Best Rank-1: 60.9%
2025-12-08 07:39:52,975 DeMo.train INFO: Best Rank-5: 79.2%
2025-12-08 07:39:52,975 DeMo.train INFO: Best Rank-10: 85.3%
2025-12-08 07:39:52,975 DeMo.train INFO: ~~~~~~~~~~~~~~~~~~~~~~~~~~~~~~~~~~~~~~~~~~~~~~~~~~
2025-12-08 07:39:58,826 DeMo.train INFO: Epoch[48] Iteration[10/16] Loss: 0.498, Acc: 1.000, Base Lr: 1.73e-06
2025-12-08 07:39:59,951 DeMo.train INFO: Epoch 48 done. Time per batch: 0.498[s] Speed: 128.4[samples/s]
2025-12-08 07:39:59,953 DeMo.train INFO: ~~~~~~~~~~~~~~~~~~~~~~~~~~~~~~~~~~~~~~~~~~~~~~~~~~
2025-12-08 07:39:59,953 DeMo.train INFO: Current is the [moe,ori] feature testing!
2025-12-08 07:39:59,953 DeMo.train INFO: ~~~~~~~~~~~~~~~~~~~~~~~~~~~~~~~~~~~~~~~~~~~~~~~~~~
The test feature is normalized
2025-12-08 07:40:07,593 DeMo.train INFO: Validation Results - Epoch: 48
2025-12-08 07:40:07,593 DeMo.train INFO: mAP: 43.5%
2025-12-08 07:40:07,593 DeMo.train INFO: CMC curve, Rank-1  :58.4%
2025-12-08 07:40:07,593 DeMo.train INFO: CMC curve, Rank-5  :79.7%
2025-12-08 07:40:07,594 DeMo.train INFO: CMC curve, Rank-10 :85.1%
2025-12-08 07:40:07,594 DeMo.train INFO: ~~~~~~~~~~~~~~~~~~~~~~~~~~~~~~~~~~~~~~~~~~~~~~~~~~
2025-12-08 07:40:07,930 DeMo.train INFO: ~~~~~~~~~~~~~~~~~~~~~~~~~~~~~~~~~~~~~~~~~~~~~~~~~~
2025-12-08 07:40:07,930 DeMo.train INFO: Best mAP: 44.4%
2025-12-08 07:40:07,930 DeMo.train INFO: Best Rank-1: 60.9%
2025-12-08 07:40:07,930 DeMo.train INFO: Best Rank-5: 79.2%
2025-12-08 07:40:07,931 DeMo.train INFO: Best Rank-10: 85.3%
2025-12-08 07:40:07,931 DeMo.train INFO: ~~~~~~~~~~~~~~~~~~~~~~~~~~~~~~~~~~~~~~~~~~~~~~~~~~
2025-12-08 07:40:14,803 DeMo.train INFO: Epoch[49] Iteration[10/16] Loss: 0.495, Acc: 1.000, Base Lr: 6.95e-07
2025-12-08 07:40:15,944 DeMo.train INFO: Epoch 49 done. Time per batch: 0.572[s] Speed: 111.8[samples/s]
2025-12-08 07:40:15,946 DeMo.train INFO: ~~~~~~~~~~~~~~~~~~~~~~~~~~~~~~~~~~~~~~~~~~~~~~~~~~
2025-12-08 07:40:15,946 DeMo.train INFO: Current is the [moe,ori] feature testing!
2025-12-08 07:40:15,946 DeMo.train INFO: ~~~~~~~~~~~~~~~~~~~~~~~~~~~~~~~~~~~~~~~~~~~~~~~~~~
The test feature is normalized
2025-12-08 07:40:23,260 DeMo.train INFO: Validation Results - Epoch: 49
2025-12-08 07:40:23,261 DeMo.train INFO: mAP: 43.5%
2025-12-08 07:40:23,261 DeMo.train INFO: CMC curve, Rank-1  :58.2%
2025-12-08 07:40:23,261 DeMo.train INFO: CMC curve, Rank-5  :79.7%
2025-12-08 07:40:23,261 DeMo.train INFO: CMC curve, Rank-10 :85.3%
2025-12-08 07:40:23,262 DeMo.train INFO: ~~~~~~~~~~~~~~~~~~~~~~~~~~~~~~~~~~~~~~~~~~~~~~~~~~
2025-12-08 07:40:25,394 DeMo.train INFO: ~~~~~~~~~~~~~~~~~~~~~~~~~~~~~~~~~~~~~~~~~~~~~~~~~~
2025-12-08 07:40:25,395 DeMo.train INFO: Best mAP: 44.4%
2025-12-08 07:40:25,395 DeMo.train INFO: Best Rank-1: 60.9%
2025-12-08 07:40:25,395 DeMo.train INFO: Best Rank-5: 79.2%
2025-12-08 07:40:25,395 DeMo.train INFO: Best Rank-10: 85.3%
2025-12-08 07:40:25,395 DeMo.train INFO: ~~~~~~~~~~~~~~~~~~~~~~~~~~~~~~~~~~~~~~~~~~~~~~~~~~
2025-12-08 07:40:31,066 DeMo.train INFO: Epoch[50] Iteration[10/16] Loss: 0.493, Acc: 1.000, Base Lr: 3.50e-07
2025-12-08 07:40:32,504 DeMo.train INFO: Epoch 50 done. Time per batch: 0.474[s] Speed: 135.1[samples/s]
2025-12-08 07:40:32,505 DeMo.train INFO: ~~~~~~~~~~~~~~~~~~~~~~~~~~~~~~~~~~~~~~~~~~~~~~~~~~
2025-12-08 07:40:32,506 DeMo.train INFO: Current is the [moe,ori] feature testing!
2025-12-08 07:40:32,508 DeMo.train INFO: ~~~~~~~~~~~~~~~~~~~~~~~~~~~~~~~~~~~~~~~~~~~~~~~~~~
The test feature is normalized
2025-12-08 07:40:48,525 DeMo.train INFO: Validation Results - Epoch: 50
2025-12-08 07:40:48,525 DeMo.train INFO: mAP: 43.6%
2025-12-08 07:40:48,525 DeMo.train INFO: CMC curve, Rank-1  :58.2%
2025-12-08 07:40:48,525 DeMo.train INFO: CMC curve, Rank-5  :79.7%
2025-12-08 07:40:48,525 DeMo.train INFO: CMC curve, Rank-10 :85.3%
2025-12-08 07:40:48,526 DeMo.train INFO: ~~~~~~~~~~~~~~~~~~~~~~~~~~~~~~~~~~~~~~~~~~~~~~~~~~
2025-12-08 07:40:48,749 DeMo.train INFO: ~~~~~~~~~~~~~~~~~~~~~~~~~~~~~~~~~~~~~~~~~~~~~~~~~~
2025-12-08 07:40:48,750 DeMo.train INFO: Best mAP: 44.4%
2025-12-08 07:40:48,750 DeMo.train INFO: Best Rank-1: 60.9%
2025-12-08 07:40:48,750 DeMo.train INFO: Best Rank-5: 79.2%
2025-12-08 07:40:48,750 DeMo.train INFO: Best Rank-10: 85.3%
2025-12-08 07:40:48,750 DeMo.train INFO: ~~~~~~~~~~~~~~~~~~~~~~~~~~~~~~~~~~~~~~~~~~~~~~~~~~
