2025-12-08 06:15:44,962 DeMo INFO: Saving model in the path :..
2025-12-08 06:15:44,962 DeMo INFO: Namespace(config_file='configs/RGBNT100/DeMo_SDTPS_DGAF_ablation.yml', exp_name='cross_attn_baseline', fea_cft=0, local_rank=0, opts=['MODEL.USE_SDTPS', 'False', 'MODEL.USE_DGAF', 'False'])
2025-12-08 06:15:44,962 DeMo INFO: Loaded configuration file configs/RGBNT100/DeMo_SDTPS_DGAF_ablation.yml
2025-12-08 06:15:44,963 DeMo INFO: 
MODEL:
  TRANSFORMER_TYPE: 'ViT-B-16'
  STRIDE_SIZE: [ 16, 16 ]
  SIE_CAMERA: True
  DIRECT: 1
  SIE_COE: 1.0
  ID_LOSS_WEIGHT: 0.25
  TRIPLET_LOSS_WEIGHT: 1.0
  GLOBAL_LOCAL: True
  # Disable HDM and ATM
  HDM: False
  ATM: False
  # SACR disabled for ablation
  USE_SACR: False
  USE_MULTIMODAL_SACR: False
  # SDTPS configuration
  USE_SDTPS: True
  SDTPS_SPARSE_RATIO: 0.7
  SDTPS_AGGR_RATIO: 0.5
  SDTPS_BETA: 0.25
  SDTPS_USE_GUMBEL: False
  SDTPS_GUMBEL_TAU: 5.0
  SDTPS_LOSS_WEIGHT: 2.0
  # LIF disabled
  USE_LIF: False
  # DGAF: Dual-Gated Adaptive Fusion
  USE_DGAF: True
  DGAF_VERSION: 'v3'
  DGAF_TAU: 1.0
  DGAF_INIT_ALPHA: 0.5
  DGAF_NUM_HEADS: 8
  HEAD: 4

INPUT:
  SIZE_TRAIN: [ 128, 256 ]
  SIZE_TEST: [ 128, 256 ]
  PROB: 0.5
  RE_PROB: 0.5
  PADDING: 10

DATALOADER:
  SAMPLER: 'softmax_triplet'
  NUM_INSTANCE: 16
  NUM_WORKERS: 14

DATASETS:
  NAMES: ('RGBNT100')
  ROOT_DIR: '..'

SOLVER:
  BASE_LR: 0.00035
  MAX_EPOCHS: 30
  STEPS: [20, 25]
  GAMMA: 0.1
  WARMUP_ITERS: 5
  WARMUP_FACTOR: 0.01
  WARMUP_METHOD: 'linear'
  OPTIMIZER_NAME: 'Adam'
  IMS_PER_BATCH: 128
  EVAL_PERIOD: 1
  CHECKPOINT_PERIOD: 10

TEST:
  IMS_PER_BATCH: 128
  RE_RANKING: 'no'
  WEIGHT: ''
  NECK_FEAT: 'before'
  FEAT_NORM: 'yes'
  MISS: "nothing"

OUTPUT_DIR: '..'

# ============================================================================
# RGBNT100 SDTPS + DGAF Ablation Config
# ============================================================================
# - Based on original DeMo.yml for RGBNT100
# - SACR: disabled
# - HDM/ATM: disabled, DIRECT: 1
# - SDTPS: configurable via command line
# - DGAF V3: configurable via command line
# - Training: lr=0.00035, epochs=30, warmup=5 (same as original)
# ============================================================================

2025-12-08 06:15:44,963 DeMo INFO: Running with config:
DATALOADER:
  NUM_INSTANCE: 16
  NUM_WORKERS: 14
  SAMPLER: softmax_triplet
DATASETS:
  NAMES: RGBNT100
  ROOT_DIR: ..
INPUT:
  PADDING: 10
  PIXEL_MEAN: [0.5, 0.5, 0.5]
  PIXEL_STD: [0.5, 0.5, 0.5]
  PROB: 0.5
  RE_PROB: 0.5
  SIZE_TEST: [128, 256]
  SIZE_TRAIN: [128, 256]
MODEL:
  ADAPTER: False
  ATM: False
  ATT_DROP_RATE: 0.0
  DEVICE: cuda
  DEVICE_ID: 0
  DGAF_INIT_ALPHA: 0.5
  DGAF_NUM_HEADS: 8
  DGAF_TAU: 1.0
  DGAF_VERSION: v3
  DIRECT: 1
  DIST_TRAIN: False
  DROP_OUT: 0.0
  DROP_PATH: 0.1
  FROZEN: False
  GLOBAL_LOCAL: True
  HDM: False
  HEAD: 4
  ID_LOSS_TYPE: softmax
  ID_LOSS_WEIGHT: 0.25
  IF_LABELSMOOTH: on
  IF_WITH_CENTER: no
  LIF_BETA: 0.4
  LIF_LAYER: 3
  LIF_LOSS_WEIGHT: 0.1
  METRIC_LOSS_TYPE: triplet
  MULTIMODAL_SACR_VERSION: v1
  NAME: DeMo
  NECK: bnneck
  NO_MARGIN: True
  PRETRAIN_PATH_T: /path/to/your/vitb_16_224_21k.pth
  PROMPT: False
  SACR_DILATION_RATES: [2, 3, 4]
  SDTPS_AGGR_RATIO: 0.5
  SDTPS_BETA: 0.25
  SDTPS_CROSS_ATTN_HEADS: 4
  SDTPS_CROSS_ATTN_TYPE: cosine
  SDTPS_GUMBEL_TAU: 5.0
  SDTPS_LOSS_WEIGHT: 2.0
  SDTPS_SPARSE_RATIO: 0.7
  SDTPS_USE_GUMBEL: False
  SIE_CAMERA: True
  SIE_COE: 1.0
  SIE_VIEW: False
  STRIDE_SIZE: [16, 16]
  TRANSFORMER_TYPE: ViT-B-16
  TRIPLET_LOSS_WEIGHT: 1.0
  USE_DGAF: False
  USE_LIF: False
  USE_MULTIMODAL_SACR: False
  USE_SACR: False
  USE_SDTPS: False
OUTPUT_DIR: ..
SOLVER:
  BASE_LR: 0.00035
  BIAS_LR_FACTOR: 2
  CENTER_LOSS_WEIGHT: 0.0005
  CENTER_LR: 0.5
  CHECKPOINT_PERIOD: 10
  CLUSTER_MARGIN: 0.3
  COSINE_MARGIN: 0.5
  COSINE_SCALE: 30
  EVAL_PERIOD: 1
  GAMMA: 0.1
  IMS_PER_BATCH: 128
  LARGE_FC_LR: False
  LOG_PERIOD: 10
  LR_SCHEDULER: cosine
  MARGIN: 0.3
  MAX_EPOCHS: 30
  MOMENTUM: 0.9
  OPTIMIZER_NAME: Adam
  RANGE_ALPHA: 0
  RANGE_BETA: 1
  RANGE_K: 2
  RANGE_LOSS_WEIGHT: 1
  RANGE_MARGIN: 0.3
  SEED: 1111
  STEPS: (20, 25)
  WARMUP_FACTOR: 0.01
  WARMUP_ITERS: 5
  WARMUP_METHOD: linear
  WEIGHT_DECAY: 0.0001
  WEIGHT_DECAY_BIAS: 0.0001
TEST:
  FEAT: 0
  FEAT_NORM: yes
  IMS_PER_BATCH: 128
  MISS: nothing
  NECK_FEAT: before
  RE_RANKING: no
  WEIGHT: 
=> RGB_IR loaded
Dataset statistics:
  ----------------------------------------
  subset   | # ids | # images | # cameras
  ----------------------------------------
  train    |    50 |     8675 |         8
  query    |    50 |     1715 |         8
  gallery  |    50 |     8575 |         8
  ----------------------------------------
data is ready
using Transformer_type: ViT-B-16 as a backbone
Resized position embedding: %s to %s torch.Size([197, 768]) torch.Size([129, 768])
Position embedding resize to height:8 width: 16
Successfully load ckpt!
<All keys matched successfully>
Loading pretrained model from CLIP
camera number is : 8
===========Building DeMo===========
2025-12-08 06:15:56,949 DeMo INFO: DeMo(
  (BACKBONE): build_transformer(
    (base): VisionTransformer(
      (conv1): Conv2d(3, 768, kernel_size=(16, 16), stride=(16, 16), bias=False)
      (ln_pre): LayerNorm((768,), eps=1e-05, elementwise_affine=True)
      (transformer): Transformer(
        (resblocks): Sequential(
          (0): ResidualAttentionBlock(
            (attn): MultiheadAttention(
              (out_proj): NonDynamicallyQuantizableLinear(in_features=768, out_features=768, bias=True)
            )
            (ln_1): LayerNorm((768,), eps=1e-05, elementwise_affine=True)
            (mlp): Sequential(
              (c_fc): Linear(in_features=768, out_features=3072, bias=True)
              (gelu): QuickGELU()
              (c_proj): Linear(in_features=3072, out_features=768, bias=True)
            )
            (ln_2): LayerNorm((768,), eps=1e-05, elementwise_affine=True)
          )
          (1): ResidualAttentionBlock(
            (attn): MultiheadAttention(
              (out_proj): NonDynamicallyQuantizableLinear(in_features=768, out_features=768, bias=True)
            )
            (ln_1): LayerNorm((768,), eps=1e-05, elementwise_affine=True)
            (mlp): Sequential(
              (c_fc): Linear(in_features=768, out_features=3072, bias=True)
              (gelu): QuickGELU()
              (c_proj): Linear(in_features=3072, out_features=768, bias=True)
            )
            (ln_2): LayerNorm((768,), eps=1e-05, elementwise_affine=True)
          )
          (2): ResidualAttentionBlock(
            (attn): MultiheadAttention(
              (out_proj): NonDynamicallyQuantizableLinear(in_features=768, out_features=768, bias=True)
            )
            (ln_1): LayerNorm((768,), eps=1e-05, elementwise_affine=True)
            (mlp): Sequential(
              (c_fc): Linear(in_features=768, out_features=3072, bias=True)
              (gelu): QuickGELU()
              (c_proj): Linear(in_features=3072, out_features=768, bias=True)
            )
            (ln_2): LayerNorm((768,), eps=1e-05, elementwise_affine=True)
          )
          (3): ResidualAttentionBlock(
            (attn): MultiheadAttention(
              (out_proj): NonDynamicallyQuantizableLinear(in_features=768, out_features=768, bias=True)
            )
            (ln_1): LayerNorm((768,), eps=1e-05, elementwise_affine=True)
            (mlp): Sequential(
              (c_fc): Linear(in_features=768, out_features=3072, bias=True)
              (gelu): QuickGELU()
              (c_proj): Linear(in_features=3072, out_features=768, bias=True)
            )
            (ln_2): LayerNorm((768,), eps=1e-05, elementwise_affine=True)
          )
          (4): ResidualAttentionBlock(
            (attn): MultiheadAttention(
              (out_proj): NonDynamicallyQuantizableLinear(in_features=768, out_features=768, bias=True)
            )
            (ln_1): LayerNorm((768,), eps=1e-05, elementwise_affine=True)
            (mlp): Sequential(
              (c_fc): Linear(in_features=768, out_features=3072, bias=True)
              (gelu): QuickGELU()
              (c_proj): Linear(in_features=3072, out_features=768, bias=True)
            )
            (ln_2): LayerNorm((768,), eps=1e-05, elementwise_affine=True)
          )
          (5): ResidualAttentionBlock(
            (attn): MultiheadAttention(
              (out_proj): NonDynamicallyQuantizableLinear(in_features=768, out_features=768, bias=True)
            )
            (ln_1): LayerNorm((768,), eps=1e-05, elementwise_affine=True)
            (mlp): Sequential(
              (c_fc): Linear(in_features=768, out_features=3072, bias=True)
              (gelu): QuickGELU()
              (c_proj): Linear(in_features=3072, out_features=768, bias=True)
            )
            (ln_2): LayerNorm((768,), eps=1e-05, elementwise_affine=True)
          )
          (6): ResidualAttentionBlock(
            (attn): MultiheadAttention(
              (out_proj): NonDynamicallyQuantizableLinear(in_features=768, out_features=768, bias=True)
            )
            (ln_1): LayerNorm((768,), eps=1e-05, elementwise_affine=True)
            (mlp): Sequential(
              (c_fc): Linear(in_features=768, out_features=3072, bias=True)
              (gelu): QuickGELU()
              (c_proj): Linear(in_features=3072, out_features=768, bias=True)
            )
            (ln_2): LayerNorm((768,), eps=1e-05, elementwise_affine=True)
          )
          (7): ResidualAttentionBlock(
            (attn): MultiheadAttention(
              (out_proj): NonDynamicallyQuantizableLinear(in_features=768, out_features=768, bias=True)
            )
            (ln_1): LayerNorm((768,), eps=1e-05, elementwise_affine=True)
            (mlp): Sequential(
              (c_fc): Linear(in_features=768, out_features=3072, bias=True)
              (gelu): QuickGELU()
              (c_proj): Linear(in_features=3072, out_features=768, bias=True)
            )
            (ln_2): LayerNorm((768,), eps=1e-05, elementwise_affine=True)
          )
          (8): ResidualAttentionBlock(
            (attn): MultiheadAttention(
              (out_proj): NonDynamicallyQuantizableLinear(in_features=768, out_features=768, bias=True)
            )
            (ln_1): LayerNorm((768,), eps=1e-05, elementwise_affine=True)
            (mlp): Sequential(
              (c_fc): Linear(in_features=768, out_features=3072, bias=True)
              (gelu): QuickGELU()
              (c_proj): Linear(in_features=3072, out_features=768, bias=True)
            )
            (ln_2): LayerNorm((768,), eps=1e-05, elementwise_affine=True)
          )
          (9): ResidualAttentionBlock(
            (attn): MultiheadAttention(
              (out_proj): NonDynamicallyQuantizableLinear(in_features=768, out_features=768, bias=True)
            )
            (ln_1): LayerNorm((768,), eps=1e-05, elementwise_affine=True)
            (mlp): Sequential(
              (c_fc): Linear(in_features=768, out_features=3072, bias=True)
              (gelu): QuickGELU()
              (c_proj): Linear(in_features=3072, out_features=768, bias=True)
            )
            (ln_2): LayerNorm((768,), eps=1e-05, elementwise_affine=True)
          )
          (10): ResidualAttentionBlock(
            (attn): MultiheadAttention(
              (out_proj): NonDynamicallyQuantizableLinear(in_features=768, out_features=768, bias=True)
            )
            (ln_1): LayerNorm((768,), eps=1e-05, elementwise_affine=True)
            (mlp): Sequential(
              (c_fc): Linear(in_features=768, out_features=3072, bias=True)
              (gelu): QuickGELU()
              (c_proj): Linear(in_features=3072, out_features=768, bias=True)
            )
            (ln_2): LayerNorm((768,), eps=1e-05, elementwise_affine=True)
          )
          (11): ResidualAttentionBlock(
            (attn): MultiheadAttention(
              (out_proj): NonDynamicallyQuantizableLinear(in_features=768, out_features=768, bias=True)
            )
            (ln_1): LayerNorm((768,), eps=1e-05, elementwise_affine=True)
            (mlp): Sequential(
              (c_fc): Linear(in_features=768, out_features=3072, bias=True)
              (gelu): QuickGELU()
              (c_proj): Linear(in_features=3072, out_features=768, bias=True)
            )
            (ln_2): LayerNorm((768,), eps=1e-05, elementwise_affine=True)
          )
        )
      )
      (ln_post): LayerNorm((768,), eps=1e-05, elementwise_affine=True)
    )
  )
  (pool): AdaptiveAvgPool1d(output_size=1)
  (rgb_reduce): Sequential(
    (0): LayerNorm((1024,), eps=1e-05, elementwise_affine=True)
    (1): Linear(in_features=1024, out_features=512, bias=True)
    (2): QuickGELU()
  )
  (nir_reduce): Sequential(
    (0): LayerNorm((1024,), eps=1e-05, elementwise_affine=True)
    (1): Linear(in_features=1024, out_features=512, bias=True)
    (2): QuickGELU()
  )
  (tir_reduce): Sequential(
    (0): LayerNorm((1024,), eps=1e-05, elementwise_affine=True)
    (1): Linear(in_features=1024, out_features=512, bias=True)
    (2): QuickGELU()
  )
  (classifier): Linear(in_features=1536, out_features=50, bias=False)
  (bottleneck): BatchNorm1d(1536, eps=1e-05, momentum=0.1, affine=True, track_running_stats=True)
)
2025-12-08 06:15:56,951 DeMo INFO: number of parameters:87.80544
/home/yij/miniconda3/envs/DeMo/lib/python3.8/site-packages/timm/models/helpers.py:7: FutureWarning: Importing from timm.models.helpers is deprecated, please import via timm.models
  warnings.warn(f"Importing from {__name__} is deprecated, please import via timm.models", FutureWarning)
/home/yij/miniconda3/envs/DeMo/lib/python3.8/site-packages/timm/models/registry.py:4: FutureWarning: Importing from timm.models.registry is deprecated, please import via timm.models
  warnings.warn(f"Importing from {__name__} is deprecated, please import via timm.models", FutureWarning)
/home/yij/miniconda3/envs/DeMo/lib/python3.8/site-packages/timm/models/layers/__init__.py:48: FutureWarning: Importing from timm.models.layers is deprecated, please import via timm.layers
  warnings.warn(f"Importing from {__name__} is deprecated, please import via timm.layers", FutureWarning)
/raid/yij/icme/demo2new/DeMo2/modeling/clip/clip.py:23: UserWarning: PyTorch version 1.7.1 or higher is recommended
  warnings.warn("PyTorch version 1.7.1 or higher is recommended")
/home/yij/miniconda3/envs/DeMo/lib/python3.8/site-packages/torchvision/transforms/transforms.py:329: UserWarning: Argument 'interpolation' of type int is deprecated since 0.13 and will be removed in 0.15. Please use InterpolationMode enum.
  warnings.warn(
The following submodules of the model were never called during the trace of the graph. They may be unused, or they were accessed by direct calls to .forward() or via other python methods. In the latter case they will have zeros for statistics, though their statistics will still contribute to their parent calling module.
BACKBONE.base.transformer.resblocks.0.attn.out_proj, BACKBONE.base.transformer.resblocks.1.attn.out_proj, BACKBONE.base.transformer.resblocks.10.attn.out_proj, BACKBONE.base.transformer.resblocks.11.attn.out_proj, BACKBONE.base.transformer.resblocks.2.attn.out_proj, BACKBONE.base.transformer.resblocks.3.attn.out_proj, BACKBONE.base.transformer.resblocks.4.attn.out_proj, BACKBONE.base.transformer.resblocks.5.attn.out_proj, BACKBONE.base.transformer.resblocks.6.attn.out_proj, BACKBONE.base.transformer.resblocks.7.attn.out_proj, BACKBONE.base.transformer.resblocks.8.attn.out_proj, BACKBONE.base.transformer.resblocks.9.attn.out_proj, bottleneck, classifier
~~~~~~~~~~~~~~~~~~~~~~~~~~~~~~~~~~~~~~~~~~~~~~~~~~~~~~~~~~~~~~~~~~~~~~~~~~~~~~~~~~~~~~~~~~~~~~~~
The out_proj here is called by the nn.MultiheadAttention, which has been calculated in th .forward(), so just ignore it.
~~~~~~~~~~~~~~~~~~~~~~~~~~~~~~~~~~~~~~~~~~~~~~~~~~~~~~~~~~~~~~~~~~~~~~~~~~~~~~~~~~~~~~~~~~~~~~~~
For the bottleneck or classifier, it is not calculated during inference, so just ignore it.
~~~~~~~~~~~~~~~~~~~~~~~~~~~~~~~~~~~~~~~~~~~~~~~~~~~~~~~~~~~~~~~~~~~~~~~~~~~~~~~~~~~~~~~~~~~~~~~~
2025-12-08 06:15:59,646 DeMo INFO: number of GFLOPs: 34.277168148
using soft triplet loss for training
label smooth on, numclasses: 50
2025-12-08 06:15:59,655 DeMo.train INFO: start training
2025-12-08 06:16:08,714 DeMo.train INFO: Epoch[1] Iteration[10/65] Loss: 2.869, Acc: 0.030, Base Lr: 9.80e-05
2025-12-08 06:16:13,048 DeMo.train INFO: Epoch[1] Iteration[20/65] Loss: 2.359, Acc: 0.095, Base Lr: 9.80e-05
2025-12-08 06:16:17,354 DeMo.train INFO: Epoch[1] Iteration[30/65] Loss: 2.151, Acc: 0.182, Base Lr: 9.80e-05
2025-12-08 06:16:21,659 DeMo.train INFO: Epoch[1] Iteration[40/65] Loss: 2.032, Acc: 0.289, Base Lr: 9.80e-05
2025-12-08 06:16:25,937 DeMo.train INFO: Epoch[1] Iteration[50/65] Loss: 1.958, Acc: 0.353, Base Lr: 9.80e-05
2025-12-08 06:16:30,209 DeMo.train INFO: Epoch[1] Iteration[60/65] Loss: 1.900, Acc: 0.413, Base Lr: 9.80e-05
2025-12-08 06:16:31,659 DeMo.train INFO: Epoch 1 done. Time per batch: 0.508[s] Speed: 252.0[samples/s]
2025-12-08 06:16:31,660 DeMo.train INFO: ~~~~~~~~~~~~~~~~~~~~~~~~~~~~~~~~~~~~~~~~~~~~~~~~~~
2025-12-08 06:16:31,660 DeMo.train INFO: Current is the [moe,ori] feature testing!
2025-12-08 06:16:31,660 DeMo.train INFO: ~~~~~~~~~~~~~~~~~~~~~~~~~~~~~~~~~~~~~~~~~~~~~~~~~~
The test feature is normalized
=> Computing DistMat with euclidean_distance
2025-12-08 06:16:55,687 DeMo.train INFO: Validation Results - Epoch: 1
2025-12-08 06:16:55,688 DeMo.train INFO: mAP: 65.9%
2025-12-08 06:16:55,688 DeMo.train INFO: CMC curve, Rank-1  :87.4%
2025-12-08 06:16:55,688 DeMo.train INFO: CMC curve, Rank-5  :90.7%
2025-12-08 06:16:55,688 DeMo.train INFO: CMC curve, Rank-10 :91.9%
2025-12-08 06:16:55,688 DeMo.train INFO: ~~~~~~~~~~~~~~~~~~~~~~~~~~~~~~~~~~~~~~~~~~~~~~~~~~
2025-12-08 06:17:27,340 DeMo.train INFO: ~~~~~~~~~~~~~~~~~~~~~~~~~~~~~~~~~~~~~~~~~~~~~~~~~~
2025-12-08 06:17:27,341 DeMo.train INFO: Best mAP: 65.9%
2025-12-08 06:17:27,343 DeMo.train INFO: Best Rank-1: 87.4%
2025-12-08 06:17:27,343 DeMo.train INFO: Best Rank-5: 90.7%
2025-12-08 06:17:27,344 DeMo.train INFO: Best Rank-10: 91.9%
2025-12-08 06:17:27,346 DeMo.train INFO: ~~~~~~~~~~~~~~~~~~~~~~~~~~~~~~~~~~~~~~~~~~~~~~~~~~
2025-12-08 06:17:36,401 DeMo.train INFO: Epoch[2] Iteration[10/65] Loss: 1.433, Acc: 0.629, Base Lr: 1.61e-04
2025-12-08 06:17:40,770 DeMo.train INFO: Epoch[2] Iteration[20/65] Loss: 1.307, Acc: 0.624, Base Lr: 1.61e-04
2025-12-08 06:17:45,136 DeMo.train INFO: Epoch[2] Iteration[30/65] Loss: 1.213, Acc: 0.636, Base Lr: 1.61e-04
2025-12-08 06:17:49,465 DeMo.train INFO: Epoch[2] Iteration[40/65] Loss: 1.165, Acc: 0.664, Base Lr: 1.61e-04
2025-12-08 06:17:53,770 DeMo.train INFO: Epoch[2] Iteration[50/65] Loss: 1.099, Acc: 0.655, Base Lr: 1.61e-04
2025-12-08 06:17:58,084 DeMo.train INFO: Epoch[2] Iteration[60/65] Loss: 1.025, Acc: 0.669, Base Lr: 1.61e-04
2025-12-08 06:17:59,525 DeMo.train INFO: Epoch 2 done. Time per batch: 0.511[s] Speed: 250.6[samples/s]
2025-12-08 06:17:59,528 DeMo.train INFO: ~~~~~~~~~~~~~~~~~~~~~~~~~~~~~~~~~~~~~~~~~~~~~~~~~~
2025-12-08 06:17:59,528 DeMo.train INFO: Current is the [moe,ori] feature testing!
2025-12-08 06:17:59,530 DeMo.train INFO: ~~~~~~~~~~~~~~~~~~~~~~~~~~~~~~~~~~~~~~~~~~~~~~~~~~
The test feature is normalized
=> Computing DistMat with euclidean_distance
2025-12-08 06:18:33,189 DeMo.train INFO: Validation Results - Epoch: 2
2025-12-08 06:18:33,189 DeMo.train INFO: mAP: 71.1%
2025-12-08 06:18:33,189 DeMo.train INFO: CMC curve, Rank-1  :85.4%
2025-12-08 06:18:33,189 DeMo.train INFO: CMC curve, Rank-5  :87.5%
2025-12-08 06:18:33,189 DeMo.train INFO: CMC curve, Rank-10 :89.0%
2025-12-08 06:18:33,189 DeMo.train INFO: ~~~~~~~~~~~~~~~~~~~~~~~~~~~~~~~~~~~~~~~~~~~~~~~~~~
2025-12-08 06:19:03,701 DeMo.train INFO: ~~~~~~~~~~~~~~~~~~~~~~~~~~~~~~~~~~~~~~~~~~~~~~~~~~
2025-12-08 06:19:03,702 DeMo.train INFO: Best mAP: 71.1%
2025-12-08 06:19:03,703 DeMo.train INFO: Best Rank-1: 85.4%
2025-12-08 06:19:03,704 DeMo.train INFO: Best Rank-5: 87.5%
2025-12-08 06:19:03,705 DeMo.train INFO: Best Rank-10: 89.0%
2025-12-08 06:19:03,707 DeMo.train INFO: ~~~~~~~~~~~~~~~~~~~~~~~~~~~~~~~~~~~~~~~~~~~~~~~~~~
2025-12-08 06:19:12,803 DeMo.train INFO: Epoch[3] Iteration[10/65] Loss: 0.549, Acc: 0.820, Base Lr: 2.24e-04
2025-12-08 06:19:17,964 DeMo.train INFO: Epoch[3] Iteration[20/65] Loss: 0.499, Acc: 0.877, Base Lr: 2.24e-04
2025-12-08 06:19:22,333 DeMo.train INFO: Epoch[3] Iteration[30/65] Loss: 0.476, Acc: 0.873, Base Lr: 2.24e-04
2025-12-08 06:19:26,676 DeMo.train INFO: Epoch[3] Iteration[40/65] Loss: 0.448, Acc: 0.900, Base Lr: 2.24e-04
2025-12-08 06:19:30,997 DeMo.train INFO: Epoch[3] Iteration[50/65] Loss: 0.418, Acc: 0.909, Base Lr: 2.24e-04
2025-12-08 06:19:35,346 DeMo.train INFO: Epoch[3] Iteration[60/65] Loss: 0.400, Acc: 0.919, Base Lr: 2.24e-04
2025-12-08 06:19:36,371 DeMo.train INFO: Epoch 3 done. Time per batch: 0.527[s] Speed: 243.0[samples/s]
2025-12-08 06:19:36,373 DeMo.train INFO: ~~~~~~~~~~~~~~~~~~~~~~~~~~~~~~~~~~~~~~~~~~~~~~~~~~
2025-12-08 06:19:36,373 DeMo.train INFO: Current is the [moe,ori] feature testing!
2025-12-08 06:19:36,373 DeMo.train INFO: ~~~~~~~~~~~~~~~~~~~~~~~~~~~~~~~~~~~~~~~~~~~~~~~~~~
The test feature is normalized
=> Computing DistMat with euclidean_distance
2025-12-08 06:19:59,845 DeMo.train INFO: Validation Results - Epoch: 3
2025-12-08 06:19:59,845 DeMo.train INFO: mAP: 75.6%
2025-12-08 06:19:59,845 DeMo.train INFO: CMC curve, Rank-1  :88.9%
2025-12-08 06:19:59,846 DeMo.train INFO: CMC curve, Rank-5  :90.8%
2025-12-08 06:19:59,846 DeMo.train INFO: CMC curve, Rank-10 :91.7%
2025-12-08 06:19:59,846 DeMo.train INFO: ~~~~~~~~~~~~~~~~~~~~~~~~~~~~~~~~~~~~~~~~~~~~~~~~~~
2025-12-08 06:20:30,745 DeMo.train INFO: ~~~~~~~~~~~~~~~~~~~~~~~~~~~~~~~~~~~~~~~~~~~~~~~~~~
2025-12-08 06:20:30,746 DeMo.train INFO: Best mAP: 75.6%
2025-12-08 06:20:30,749 DeMo.train INFO: Best Rank-1: 88.9%
2025-12-08 06:20:30,750 DeMo.train INFO: Best Rank-5: 90.8%
2025-12-08 06:20:30,752 DeMo.train INFO: Best Rank-10: 91.7%
2025-12-08 06:20:30,753 DeMo.train INFO: ~~~~~~~~~~~~~~~~~~~~~~~~~~~~~~~~~~~~~~~~~~~~~~~~~~
2025-12-08 06:20:40,977 DeMo.train INFO: Epoch[4] Iteration[10/65] Loss: 0.292, Acc: 0.958, Base Lr: 2.87e-04
2025-12-08 06:20:45,364 DeMo.train INFO: Epoch[4] Iteration[20/65] Loss: 0.265, Acc: 0.979, Base Lr: 2.87e-04
2025-12-08 06:20:49,728 DeMo.train INFO: Epoch[4] Iteration[30/65] Loss: 0.257, Acc: 0.984, Base Lr: 2.87e-04
2025-12-08 06:20:54,113 DeMo.train INFO: Epoch[4] Iteration[40/65] Loss: 0.248, Acc: 0.988, Base Lr: 2.87e-04
2025-12-08 06:20:58,439 DeMo.train INFO: Epoch[4] Iteration[50/65] Loss: 0.245, Acc: 0.990, Base Lr: 2.87e-04
2025-12-08 06:21:02,785 DeMo.train INFO: Epoch[4] Iteration[60/65] Loss: 0.240, Acc: 0.992, Base Lr: 2.87e-04
2025-12-08 06:21:04,248 DeMo.train INFO: Epoch 4 done. Time per batch: 0.532[s] Speed: 240.8[samples/s]
2025-12-08 06:21:04,250 DeMo.train INFO: ~~~~~~~~~~~~~~~~~~~~~~~~~~~~~~~~~~~~~~~~~~~~~~~~~~
2025-12-08 06:21:04,250 DeMo.train INFO: Current is the [moe,ori] feature testing!
2025-12-08 06:21:04,250 DeMo.train INFO: ~~~~~~~~~~~~~~~~~~~~~~~~~~~~~~~~~~~~~~~~~~~~~~~~~~
The test feature is normalized
=> Computing DistMat with euclidean_distance
2025-12-08 06:21:27,546 DeMo.train INFO: Validation Results - Epoch: 4
2025-12-08 06:21:27,546 DeMo.train INFO: mAP: 78.6%
2025-12-08 06:21:27,546 DeMo.train INFO: CMC curve, Rank-1  :92.2%
2025-12-08 06:21:27,546 DeMo.train INFO: CMC curve, Rank-5  :93.3%
2025-12-08 06:21:27,547 DeMo.train INFO: CMC curve, Rank-10 :94.3%
2025-12-08 06:21:27,547 DeMo.train INFO: ~~~~~~~~~~~~~~~~~~~~~~~~~~~~~~~~~~~~~~~~~~~~~~~~~~
2025-12-08 06:21:46,235 DeMo.train INFO: ~~~~~~~~~~~~~~~~~~~~~~~~~~~~~~~~~~~~~~~~~~~~~~~~~~
2025-12-08 06:21:46,235 DeMo.train INFO: Best mAP: 78.6%
2025-12-08 06:21:46,235 DeMo.train INFO: Best Rank-1: 92.2%
2025-12-08 06:21:46,235 DeMo.train INFO: Best Rank-5: 93.3%
2025-12-08 06:21:46,235 DeMo.train INFO: Best Rank-10: 94.3%
2025-12-08 06:21:46,235 DeMo.train INFO: ~~~~~~~~~~~~~~~~~~~~~~~~~~~~~~~~~~~~~~~~~~~~~~~~~~
2025-12-08 06:21:56,226 DeMo.train INFO: Epoch[5] Iteration[10/65] Loss: 0.226, Acc: 0.998, Base Lr: 3.27e-04
2025-12-08 06:22:00,648 DeMo.train INFO: Epoch[5] Iteration[20/65] Loss: 0.218, Acc: 0.999, Base Lr: 3.27e-04
2025-12-08 06:22:05,293 DeMo.train INFO: Epoch[5] Iteration[30/65] Loss: 0.215, Acc: 0.999, Base Lr: 3.27e-04
2025-12-08 06:22:09,650 DeMo.train INFO: Epoch[5] Iteration[40/65] Loss: 0.212, Acc: 0.999, Base Lr: 3.27e-04
2025-12-08 06:22:13,980 DeMo.train INFO: Epoch[5] Iteration[50/65] Loss: 0.210, Acc: 0.999, Base Lr: 3.27e-04
2025-12-08 06:22:18,300 DeMo.train INFO: Epoch[5] Iteration[60/65] Loss: 0.209, Acc: 0.999, Base Lr: 3.27e-04
2025-12-08 06:22:19,757 DeMo.train INFO: Epoch 5 done. Time per batch: 0.532[s] Speed: 240.6[samples/s]
2025-12-08 06:22:19,760 DeMo.train INFO: ~~~~~~~~~~~~~~~~~~~~~~~~~~~~~~~~~~~~~~~~~~~~~~~~~~
2025-12-08 06:22:19,760 DeMo.train INFO: Current is the [moe,ori] feature testing!
2025-12-08 06:22:19,760 DeMo.train INFO: ~~~~~~~~~~~~~~~~~~~~~~~~~~~~~~~~~~~~~~~~~~~~~~~~~~
The test feature is normalized
=> Computing DistMat with euclidean_distance
2025-12-08 06:22:49,307 DeMo.train INFO: Validation Results - Epoch: 5
2025-12-08 06:22:49,307 DeMo.train INFO: mAP: 82.4%
2025-12-08 06:22:49,307 DeMo.train INFO: CMC curve, Rank-1  :94.4%
2025-12-08 06:22:49,307 DeMo.train INFO: CMC curve, Rank-5  :95.4%
2025-12-08 06:22:49,308 DeMo.train INFO: CMC curve, Rank-10 :95.8%
2025-12-08 06:22:49,308 DeMo.train INFO: ~~~~~~~~~~~~~~~~~~~~~~~~~~~~~~~~~~~~~~~~~~~~~~~~~~
2025-12-08 06:23:07,394 DeMo.train INFO: ~~~~~~~~~~~~~~~~~~~~~~~~~~~~~~~~~~~~~~~~~~~~~~~~~~
2025-12-08 06:23:07,397 DeMo.train INFO: Best mAP: 82.4%
2025-12-08 06:23:07,397 DeMo.train INFO: Best Rank-1: 94.4%
2025-12-08 06:23:07,397 DeMo.train INFO: Best Rank-5: 95.4%
2025-12-08 06:23:07,397 DeMo.train INFO: Best Rank-10: 95.8%
2025-12-08 06:23:07,397 DeMo.train INFO: ~~~~~~~~~~~~~~~~~~~~~~~~~~~~~~~~~~~~~~~~~~~~~~~~~~
2025-12-08 06:23:14,880 DeMo.train INFO: Epoch[6] Iteration[10/65] Loss: 0.203, Acc: 1.000, Base Lr: 3.17e-04
2025-12-08 06:23:19,252 DeMo.train INFO: Epoch[6] Iteration[20/65] Loss: 0.201, Acc: 1.000, Base Lr: 3.17e-04
2025-12-08 06:23:23,625 DeMo.train INFO: Epoch[6] Iteration[30/65] Loss: 0.200, Acc: 1.000, Base Lr: 3.17e-04
2025-12-08 06:23:27,983 DeMo.train INFO: Epoch[6] Iteration[40/65] Loss: 0.199, Acc: 1.000, Base Lr: 3.17e-04
2025-12-08 06:23:32,318 DeMo.train INFO: Epoch[6] Iteration[50/65] Loss: 0.198, Acc: 1.000, Base Lr: 3.17e-04
2025-12-08 06:23:36,904 DeMo.train INFO: Epoch[6] Iteration[60/65] Loss: 0.198, Acc: 1.000, Base Lr: 3.17e-04
2025-12-08 06:23:37,998 DeMo.train INFO: Epoch 6 done. Time per batch: 0.494[s] Speed: 259.3[samples/s]
2025-12-08 06:23:37,999 DeMo.train INFO: ~~~~~~~~~~~~~~~~~~~~~~~~~~~~~~~~~~~~~~~~~~~~~~~~~~
2025-12-08 06:23:38,000 DeMo.train INFO: Current is the [moe,ori] feature testing!
2025-12-08 06:23:38,000 DeMo.train INFO: ~~~~~~~~~~~~~~~~~~~~~~~~~~~~~~~~~~~~~~~~~~~~~~~~~~
The test feature is normalized
=> Computing DistMat with euclidean_distance
2025-12-08 06:24:01,414 DeMo.train INFO: Validation Results - Epoch: 6
2025-12-08 06:24:01,415 DeMo.train INFO: mAP: 83.0%
2025-12-08 06:24:01,416 DeMo.train INFO: CMC curve, Rank-1  :94.4%
2025-12-08 06:24:01,417 DeMo.train INFO: CMC curve, Rank-5  :95.4%
2025-12-08 06:24:01,418 DeMo.train INFO: CMC curve, Rank-10 :95.8%
2025-12-08 06:24:01,418 DeMo.train INFO: ~~~~~~~~~~~~~~~~~~~~~~~~~~~~~~~~~~~~~~~~~~~~~~~~~~
2025-12-08 06:24:34,189 DeMo.train INFO: ~~~~~~~~~~~~~~~~~~~~~~~~~~~~~~~~~~~~~~~~~~~~~~~~~~
2025-12-08 06:24:34,192 DeMo.train INFO: Best mAP: 83.0%
2025-12-08 06:24:34,192 DeMo.train INFO: Best Rank-1: 94.4%
2025-12-08 06:24:34,192 DeMo.train INFO: Best Rank-5: 95.4%
2025-12-08 06:24:34,192 DeMo.train INFO: Best Rank-10: 95.8%
2025-12-08 06:24:34,192 DeMo.train INFO: ~~~~~~~~~~~~~~~~~~~~~~~~~~~~~~~~~~~~~~~~~~~~~~~~~~
2025-12-08 06:24:43,791 DeMo.train INFO: Epoch[7] Iteration[10/65] Loss: 0.196, Acc: 1.000, Base Lr: 3.05e-04
2025-12-08 06:24:48,184 DeMo.train INFO: Epoch[7] Iteration[20/65] Loss: 0.195, Acc: 1.000, Base Lr: 3.05e-04
2025-12-08 06:24:52,548 DeMo.train INFO: Epoch[7] Iteration[30/65] Loss: 0.195, Acc: 1.000, Base Lr: 3.05e-04
2025-12-08 06:24:56,956 DeMo.train INFO: Epoch[7] Iteration[40/65] Loss: 0.194, Acc: 1.000, Base Lr: 3.05e-04
2025-12-08 06:25:01,303 DeMo.train INFO: Epoch[7] Iteration[50/65] Loss: 0.194, Acc: 1.000, Base Lr: 3.05e-04
2025-12-08 06:25:05,812 DeMo.train INFO: Epoch[7] Iteration[60/65] Loss: 0.193, Acc: 1.000, Base Lr: 3.05e-04
2025-12-08 06:25:06,850 DeMo.train INFO: Epoch 7 done. Time per batch: 0.527[s] Speed: 243.0[samples/s]
2025-12-08 06:25:06,852 DeMo.train INFO: ~~~~~~~~~~~~~~~~~~~~~~~~~~~~~~~~~~~~~~~~~~~~~~~~~~
2025-12-08 06:25:06,852 DeMo.train INFO: Current is the [moe,ori] feature testing!
2025-12-08 06:25:06,852 DeMo.train INFO: ~~~~~~~~~~~~~~~~~~~~~~~~~~~~~~~~~~~~~~~~~~~~~~~~~~
The test feature is normalized
=> Computing DistMat with euclidean_distance
2025-12-08 06:25:30,519 DeMo.train INFO: Validation Results - Epoch: 7
2025-12-08 06:25:30,521 DeMo.train INFO: mAP: 83.3%
2025-12-08 06:25:30,521 DeMo.train INFO: CMC curve, Rank-1  :94.6%
2025-12-08 06:25:30,522 DeMo.train INFO: CMC curve, Rank-5  :95.3%
2025-12-08 06:25:30,523 DeMo.train INFO: CMC curve, Rank-10 :96.0%
2025-12-08 06:25:30,524 DeMo.train INFO: ~~~~~~~~~~~~~~~~~~~~~~~~~~~~~~~~~~~~~~~~~~~~~~~~~~
2025-12-08 06:26:01,199 DeMo.train INFO: ~~~~~~~~~~~~~~~~~~~~~~~~~~~~~~~~~~~~~~~~~~~~~~~~~~
2025-12-08 06:26:01,202 DeMo.train INFO: Best mAP: 83.3%
2025-12-08 06:26:01,202 DeMo.train INFO: Best Rank-1: 94.6%
2025-12-08 06:26:01,202 DeMo.train INFO: Best Rank-5: 95.3%
2025-12-08 06:26:01,203 DeMo.train INFO: Best Rank-10: 96.0%
2025-12-08 06:26:01,203 DeMo.train INFO: ~~~~~~~~~~~~~~~~~~~~~~~~~~~~~~~~~~~~~~~~~~~~~~~~~~
2025-12-08 06:26:08,483 DeMo.train INFO: Epoch[8] Iteration[10/65] Loss: 0.192, Acc: 1.000, Base Lr: 2.92e-04
2025-12-08 06:26:13,875 DeMo.train INFO: Epoch[8] Iteration[20/65] Loss: 0.192, Acc: 1.000, Base Lr: 2.92e-04
2025-12-08 06:26:18,219 DeMo.train INFO: Epoch[8] Iteration[30/65] Loss: 0.192, Acc: 1.000, Base Lr: 2.92e-04
2025-12-08 06:26:22,564 DeMo.train INFO: Epoch[8] Iteration[40/65] Loss: 0.192, Acc: 1.000, Base Lr: 2.92e-04
2025-12-08 06:26:26,940 DeMo.train INFO: Epoch[8] Iteration[50/65] Loss: 0.192, Acc: 1.000, Base Lr: 2.92e-04
2025-12-08 06:26:31,325 DeMo.train INFO: Epoch[8] Iteration[60/65] Loss: 0.191, Acc: 1.000, Base Lr: 2.92e-04
2025-12-08 06:26:32,784 DeMo.train INFO: Epoch 8 done. Time per batch: 0.501[s] Speed: 255.3[samples/s]
2025-12-08 06:26:32,787 DeMo.train INFO: ~~~~~~~~~~~~~~~~~~~~~~~~~~~~~~~~~~~~~~~~~~~~~~~~~~
2025-12-08 06:26:32,788 DeMo.train INFO: Current is the [moe,ori] feature testing!
2025-12-08 06:26:32,788 DeMo.train INFO: ~~~~~~~~~~~~~~~~~~~~~~~~~~~~~~~~~~~~~~~~~~~~~~~~~~
The test feature is normalized
=> Computing DistMat with euclidean_distance
2025-12-08 06:26:57,241 DeMo.train INFO: Validation Results - Epoch: 8
2025-12-08 06:26:57,241 DeMo.train INFO: mAP: 83.6%
2025-12-08 06:26:57,241 DeMo.train INFO: CMC curve, Rank-1  :94.5%
2025-12-08 06:26:57,241 DeMo.train INFO: CMC curve, Rank-5  :95.4%
2025-12-08 06:26:57,241 DeMo.train INFO: CMC curve, Rank-10 :95.8%
2025-12-08 06:26:57,242 DeMo.train INFO: ~~~~~~~~~~~~~~~~~~~~~~~~~~~~~~~~~~~~~~~~~~~~~~~~~~
2025-12-08 06:27:28,690 DeMo.train INFO: ~~~~~~~~~~~~~~~~~~~~~~~~~~~~~~~~~~~~~~~~~~~~~~~~~~
2025-12-08 06:27:28,692 DeMo.train INFO: Best mAP: 83.6%
2025-12-08 06:27:28,693 DeMo.train INFO: Best Rank-1: 94.5%
2025-12-08 06:27:28,694 DeMo.train INFO: Best Rank-5: 95.4%
2025-12-08 06:27:28,695 DeMo.train INFO: Best Rank-10: 95.8%
2025-12-08 06:27:28,695 DeMo.train INFO: ~~~~~~~~~~~~~~~~~~~~~~~~~~~~~~~~~~~~~~~~~~~~~~~~~~
2025-12-08 06:27:38,047 DeMo.train INFO: Epoch[9] Iteration[10/65] Loss: 0.190, Acc: 1.000, Base Lr: 2.78e-04
2025-12-08 06:27:42,422 DeMo.train INFO: Epoch[9] Iteration[20/65] Loss: 0.190, Acc: 1.000, Base Lr: 2.78e-04
2025-12-08 06:27:46,790 DeMo.train INFO: Epoch[9] Iteration[30/65] Loss: 0.189, Acc: 1.000, Base Lr: 2.78e-04
2025-12-08 06:27:51,164 DeMo.train INFO: Epoch[9] Iteration[40/65] Loss: 0.189, Acc: 1.000, Base Lr: 2.78e-04
2025-12-08 06:27:55,541 DeMo.train INFO: Epoch[9] Iteration[50/65] Loss: 0.189, Acc: 1.000, Base Lr: 2.78e-04
2025-12-08 06:27:59,877 DeMo.train INFO: Epoch[9] Iteration[60/65] Loss: 0.189, Acc: 1.000, Base Lr: 2.78e-04
2025-12-08 06:28:01,333 DeMo.train INFO: Epoch 9 done. Time per batch: 0.518[s] Speed: 247.1[samples/s]
2025-12-08 06:28:01,335 DeMo.train INFO: ~~~~~~~~~~~~~~~~~~~~~~~~~~~~~~~~~~~~~~~~~~~~~~~~~~
2025-12-08 06:28:01,335 DeMo.train INFO: Current is the [moe,ori] feature testing!
2025-12-08 06:28:01,335 DeMo.train INFO: ~~~~~~~~~~~~~~~~~~~~~~~~~~~~~~~~~~~~~~~~~~~~~~~~~~
The test feature is normalized
=> Computing DistMat with euclidean_distance
2025-12-08 06:28:24,598 DeMo.train INFO: Validation Results - Epoch: 9
2025-12-08 06:28:24,599 DeMo.train INFO: mAP: 83.7%
2025-12-08 06:28:24,599 DeMo.train INFO: CMC curve, Rank-1  :94.5%
2025-12-08 06:28:24,599 DeMo.train INFO: CMC curve, Rank-5  :95.3%
2025-12-08 06:28:24,599 DeMo.train INFO: CMC curve, Rank-10 :95.5%
2025-12-08 06:28:24,599 DeMo.train INFO: ~~~~~~~~~~~~~~~~~~~~~~~~~~~~~~~~~~~~~~~~~~~~~~~~~~
2025-12-08 06:29:06,397 DeMo.train INFO: ~~~~~~~~~~~~~~~~~~~~~~~~~~~~~~~~~~~~~~~~~~~~~~~~~~
2025-12-08 06:29:06,399 DeMo.train INFO: Best mAP: 83.7%
2025-12-08 06:29:06,402 DeMo.train INFO: Best Rank-1: 94.5%
2025-12-08 06:29:06,403 DeMo.train INFO: Best Rank-5: 95.3%
2025-12-08 06:29:06,405 DeMo.train INFO: Best Rank-10: 95.5%
2025-12-08 06:29:06,406 DeMo.train INFO: ~~~~~~~~~~~~~~~~~~~~~~~~~~~~~~~~~~~~~~~~~~~~~~~~~~
2025-12-08 06:29:18,337 DeMo.train INFO: Epoch[10] Iteration[10/65] Loss: 0.189, Acc: 1.000, Base Lr: 2.63e-04
2025-12-08 06:29:22,784 DeMo.train INFO: Epoch[10] Iteration[20/65] Loss: 0.189, Acc: 1.000, Base Lr: 2.63e-04
2025-12-08 06:29:27,141 DeMo.train INFO: Epoch[10] Iteration[30/65] Loss: 0.188, Acc: 1.000, Base Lr: 2.63e-04
2025-12-08 06:29:31,483 DeMo.train INFO: Epoch[10] Iteration[40/65] Loss: 0.188, Acc: 1.000, Base Lr: 2.63e-04
2025-12-08 06:29:35,825 DeMo.train INFO: Epoch[10] Iteration[50/65] Loss: 0.188, Acc: 1.000, Base Lr: 2.63e-04
2025-12-08 06:29:40,158 DeMo.train INFO: Epoch[10] Iteration[60/65] Loss: 0.187, Acc: 1.000, Base Lr: 2.63e-04
2025-12-08 06:29:41,175 DeMo.train INFO: Epoch 10 done. Time per batch: 0.561[s] Speed: 228.3[samples/s]
2025-12-08 06:29:41,177 DeMo.train INFO: ~~~~~~~~~~~~~~~~~~~~~~~~~~~~~~~~~~~~~~~~~~~~~~~~~~
2025-12-08 06:29:41,177 DeMo.train INFO: Current is the [moe,ori] feature testing!
2025-12-08 06:29:41,178 DeMo.train INFO: ~~~~~~~~~~~~~~~~~~~~~~~~~~~~~~~~~~~~~~~~~~~~~~~~~~
The test feature is normalized
=> Computing DistMat with euclidean_distance
2025-12-08 06:30:04,657 DeMo.train INFO: Validation Results - Epoch: 10
2025-12-08 06:30:04,657 DeMo.train INFO: mAP: 83.8%
2025-12-08 06:30:04,658 DeMo.train INFO: CMC curve, Rank-1  :94.6%
2025-12-08 06:30:04,658 DeMo.train INFO: CMC curve, Rank-5  :95.3%
2025-12-08 06:30:04,658 DeMo.train INFO: CMC curve, Rank-10 :95.5%
2025-12-08 06:30:04,658 DeMo.train INFO: ~~~~~~~~~~~~~~~~~~~~~~~~~~~~~~~~~~~~~~~~~~~~~~~~~~
2025-12-08 06:30:24,783 DeMo.train INFO: ~~~~~~~~~~~~~~~~~~~~~~~~~~~~~~~~~~~~~~~~~~~~~~~~~~
2025-12-08 06:30:24,786 DeMo.train INFO: Best mAP: 83.8%
2025-12-08 06:30:24,787 DeMo.train INFO: Best Rank-1: 94.6%
2025-12-08 06:30:24,787 DeMo.train INFO: Best Rank-5: 95.3%
2025-12-08 06:30:24,787 DeMo.train INFO: Best Rank-10: 95.5%
2025-12-08 06:30:24,787 DeMo.train INFO: ~~~~~~~~~~~~~~~~~~~~~~~~~~~~~~~~~~~~~~~~~~~~~~~~~~
2025-12-08 06:30:35,013 DeMo.train INFO: Epoch[11] Iteration[10/65] Loss: 0.187, Acc: 1.000, Base Lr: 2.46e-04
2025-12-08 06:30:39,383 DeMo.train INFO: Epoch[11] Iteration[20/65] Loss: 0.187, Acc: 1.000, Base Lr: 2.46e-04
2025-12-08 06:30:43,737 DeMo.train INFO: Epoch[11] Iteration[30/65] Loss: 0.187, Acc: 1.000, Base Lr: 2.46e-04
2025-12-08 06:30:48,109 DeMo.train INFO: Epoch[11] Iteration[40/65] Loss: 0.187, Acc: 1.000, Base Lr: 2.46e-04
2025-12-08 06:30:52,473 DeMo.train INFO: Epoch[11] Iteration[50/65] Loss: 0.187, Acc: 1.000, Base Lr: 2.46e-04
2025-12-08 06:30:56,878 DeMo.train INFO: Epoch[11] Iteration[60/65] Loss: 0.187, Acc: 1.000, Base Lr: 2.46e-04
2025-12-08 06:30:58,365 DeMo.train INFO: Epoch 11 done. Time per batch: 0.533[s] Speed: 240.2[samples/s]
2025-12-08 06:30:58,366 DeMo.train INFO: ~~~~~~~~~~~~~~~~~~~~~~~~~~~~~~~~~~~~~~~~~~~~~~~~~~
2025-12-08 06:30:58,366 DeMo.train INFO: Current is the [moe,ori] feature testing!
2025-12-08 06:30:58,367 DeMo.train INFO: ~~~~~~~~~~~~~~~~~~~~~~~~~~~~~~~~~~~~~~~~~~~~~~~~~~
The test feature is normalized
=> Computing DistMat with euclidean_distance
2025-12-08 06:31:21,735 DeMo.train INFO: Validation Results - Epoch: 11
2025-12-08 06:31:21,736 DeMo.train INFO: mAP: 83.8%
2025-12-08 06:31:21,738 DeMo.train INFO: CMC curve, Rank-1  :94.7%
2025-12-08 06:31:21,739 DeMo.train INFO: CMC curve, Rank-5  :95.5%
2025-12-08 06:31:21,741 DeMo.train INFO: CMC curve, Rank-10 :95.6%
2025-12-08 06:31:21,742 DeMo.train INFO: ~~~~~~~~~~~~~~~~~~~~~~~~~~~~~~~~~~~~~~~~~~~~~~~~~~
2025-12-08 06:32:05,413 DeMo.train INFO: ~~~~~~~~~~~~~~~~~~~~~~~~~~~~~~~~~~~~~~~~~~~~~~~~~~
2025-12-08 06:32:05,417 DeMo.train INFO: Best mAP: 83.8%
2025-12-08 06:32:05,417 DeMo.train INFO: Best Rank-1: 94.7%
2025-12-08 06:32:05,417 DeMo.train INFO: Best Rank-5: 95.5%
2025-12-08 06:32:05,417 DeMo.train INFO: Best Rank-10: 95.6%
2025-12-08 06:32:05,417 DeMo.train INFO: ~~~~~~~~~~~~~~~~~~~~~~~~~~~~~~~~~~~~~~~~~~~~~~~~~~
2025-12-08 06:32:14,447 DeMo.train INFO: Epoch[12] Iteration[10/65] Loss: 0.186, Acc: 1.000, Base Lr: 2.29e-04
2025-12-08 06:32:19,316 DeMo.train INFO: Epoch[12] Iteration[20/65] Loss: 0.186, Acc: 1.000, Base Lr: 2.29e-04
2025-12-08 06:32:23,666 DeMo.train INFO: Epoch[12] Iteration[30/65] Loss: 0.186, Acc: 1.000, Base Lr: 2.29e-04
2025-12-08 06:32:28,010 DeMo.train INFO: Epoch[12] Iteration[40/65] Loss: 0.186, Acc: 1.000, Base Lr: 2.29e-04
2025-12-08 06:32:32,346 DeMo.train INFO: Epoch[12] Iteration[50/65] Loss: 0.185, Acc: 1.000, Base Lr: 2.29e-04
2025-12-08 06:32:36,734 DeMo.train INFO: Epoch[12] Iteration[60/65] Loss: 0.185, Acc: 1.000, Base Lr: 2.29e-04
2025-12-08 06:32:38,194 DeMo.train INFO: Epoch 12 done. Time per batch: 0.520[s] Speed: 246.0[samples/s]
2025-12-08 06:32:38,195 DeMo.train INFO: ~~~~~~~~~~~~~~~~~~~~~~~~~~~~~~~~~~~~~~~~~~~~~~~~~~
2025-12-08 06:32:38,196 DeMo.train INFO: Current is the [moe,ori] feature testing!
2025-12-08 06:32:38,196 DeMo.train INFO: ~~~~~~~~~~~~~~~~~~~~~~~~~~~~~~~~~~~~~~~~~~~~~~~~~~
The test feature is normalized
=> Computing DistMat with euclidean_distance
2025-12-08 06:33:02,217 DeMo.train INFO: Validation Results - Epoch: 12
2025-12-08 06:33:02,218 DeMo.train INFO: mAP: 83.8%
2025-12-08 06:33:02,218 DeMo.train INFO: CMC curve, Rank-1  :94.7%
2025-12-08 06:33:02,218 DeMo.train INFO: CMC curve, Rank-5  :95.3%
2025-12-08 06:33:02,218 DeMo.train INFO: CMC curve, Rank-10 :95.5%
2025-12-08 06:33:02,218 DeMo.train INFO: ~~~~~~~~~~~~~~~~~~~~~~~~~~~~~~~~~~~~~~~~~~~~~~~~~~
2025-12-08 06:33:04,432 DeMo.train INFO: ~~~~~~~~~~~~~~~~~~~~~~~~~~~~~~~~~~~~~~~~~~~~~~~~~~
2025-12-08 06:33:04,432 DeMo.train INFO: Best mAP: 83.8%
2025-12-08 06:33:04,432 DeMo.train INFO: Best Rank-1: 94.7%
2025-12-08 06:33:04,432 DeMo.train INFO: Best Rank-5: 95.5%
2025-12-08 06:33:04,433 DeMo.train INFO: Best Rank-10: 95.6%
2025-12-08 06:33:04,433 DeMo.train INFO: ~~~~~~~~~~~~~~~~~~~~~~~~~~~~~~~~~~~~~~~~~~~~~~~~~~
2025-12-08 06:33:15,647 DeMo.train INFO: Epoch[13] Iteration[10/65] Loss: 0.186, Acc: 1.000, Base Lr: 2.12e-04
2025-12-08 06:33:19,997 DeMo.train INFO: Epoch[13] Iteration[20/65] Loss: 0.186, Acc: 1.000, Base Lr: 2.12e-04
2025-12-08 06:33:24,426 DeMo.train INFO: Epoch[13] Iteration[30/65] Loss: 0.186, Acc: 1.000, Base Lr: 2.12e-04
2025-12-08 06:33:28,809 DeMo.train INFO: Epoch[13] Iteration[40/65] Loss: 0.185, Acc: 1.000, Base Lr: 2.12e-04
2025-12-08 06:33:33,181 DeMo.train INFO: Epoch[13] Iteration[50/65] Loss: 0.185, Acc: 1.000, Base Lr: 2.12e-04
2025-12-08 06:33:37,539 DeMo.train INFO: Epoch[13] Iteration[60/65] Loss: 0.185, Acc: 1.000, Base Lr: 2.12e-04
2025-12-08 06:33:39,006 DeMo.train INFO: Epoch 13 done. Time per batch: 0.549[s] Speed: 233.2[samples/s]
2025-12-08 06:33:39,007 DeMo.train INFO: ~~~~~~~~~~~~~~~~~~~~~~~~~~~~~~~~~~~~~~~~~~~~~~~~~~
2025-12-08 06:33:39,008 DeMo.train INFO: Current is the [moe,ori] feature testing!
2025-12-08 06:33:39,008 DeMo.train INFO: ~~~~~~~~~~~~~~~~~~~~~~~~~~~~~~~~~~~~~~~~~~~~~~~~~~
The test feature is normalized
=> Computing DistMat with euclidean_distance
2025-12-08 06:34:02,388 DeMo.train INFO: Validation Results - Epoch: 13
2025-12-08 06:34:02,389 DeMo.train INFO: mAP: 83.9%
2025-12-08 06:34:02,390 DeMo.train INFO: CMC curve, Rank-1  :94.7%
2025-12-08 06:34:02,391 DeMo.train INFO: CMC curve, Rank-5  :95.3%
2025-12-08 06:34:02,392 DeMo.train INFO: CMC curve, Rank-10 :95.6%
2025-12-08 06:34:02,393 DeMo.train INFO: ~~~~~~~~~~~~~~~~~~~~~~~~~~~~~~~~~~~~~~~~~~~~~~~~~~
2025-12-08 06:34:22,483 DeMo.train INFO: ~~~~~~~~~~~~~~~~~~~~~~~~~~~~~~~~~~~~~~~~~~~~~~~~~~
2025-12-08 06:34:22,485 DeMo.train INFO: Best mAP: 83.9%
2025-12-08 06:34:22,486 DeMo.train INFO: Best Rank-1: 94.7%
2025-12-08 06:34:22,486 DeMo.train INFO: Best Rank-5: 95.3%
2025-12-08 06:34:22,486 DeMo.train INFO: Best Rank-10: 95.6%
2025-12-08 06:34:22,486 DeMo.train INFO: ~~~~~~~~~~~~~~~~~~~~~~~~~~~~~~~~~~~~~~~~~~~~~~~~~~
2025-12-08 06:34:31,477 DeMo.train INFO: Epoch[14] Iteration[10/65] Loss: 0.186, Acc: 1.000, Base Lr: 1.93e-04
2025-12-08 06:34:35,865 DeMo.train INFO: Epoch[14] Iteration[20/65] Loss: 0.185, Acc: 1.000, Base Lr: 1.93e-04
2025-12-08 06:34:40,231 DeMo.train INFO: Epoch[14] Iteration[30/65] Loss: 0.185, Acc: 1.000, Base Lr: 1.93e-04
2025-12-08 06:34:44,635 DeMo.train INFO: Epoch[14] Iteration[40/65] Loss: 0.185, Acc: 1.000, Base Lr: 1.93e-04
2025-12-08 06:34:49,025 DeMo.train INFO: Epoch[14] Iteration[50/65] Loss: 0.185, Acc: 1.000, Base Lr: 1.93e-04
2025-12-08 06:34:53,386 DeMo.train INFO: Epoch[14] Iteration[60/65] Loss: 0.185, Acc: 1.000, Base Lr: 1.93e-04
2025-12-08 06:34:54,857 DeMo.train INFO: Epoch 14 done. Time per batch: 0.514[s] Speed: 249.1[samples/s]
2025-12-08 06:34:54,859 DeMo.train INFO: ~~~~~~~~~~~~~~~~~~~~~~~~~~~~~~~~~~~~~~~~~~~~~~~~~~
2025-12-08 06:34:54,859 DeMo.train INFO: Current is the [moe,ori] feature testing!
2025-12-08 06:34:54,859 DeMo.train INFO: ~~~~~~~~~~~~~~~~~~~~~~~~~~~~~~~~~~~~~~~~~~~~~~~~~~
The test feature is normalized
=> Computing DistMat with euclidean_distance
2025-12-08 06:35:18,927 DeMo.train INFO: Validation Results - Epoch: 14
2025-12-08 06:35:18,927 DeMo.train INFO: mAP: 83.9%
2025-12-08 06:35:18,928 DeMo.train INFO: CMC curve, Rank-1  :94.7%
2025-12-08 06:35:18,928 DeMo.train INFO: CMC curve, Rank-5  :95.2%
2025-12-08 06:35:18,928 DeMo.train INFO: CMC curve, Rank-10 :95.6%
2025-12-08 06:35:18,928 DeMo.train INFO: ~~~~~~~~~~~~~~~~~~~~~~~~~~~~~~~~~~~~~~~~~~~~~~~~~~
2025-12-08 06:35:38,320 DeMo.train INFO: ~~~~~~~~~~~~~~~~~~~~~~~~~~~~~~~~~~~~~~~~~~~~~~~~~~
2025-12-08 06:35:38,322 DeMo.train INFO: Best mAP: 83.9%
2025-12-08 06:35:38,322 DeMo.train INFO: Best Rank-1: 94.7%
2025-12-08 06:35:38,322 DeMo.train INFO: Best Rank-5: 95.2%
2025-12-08 06:35:38,322 DeMo.train INFO: Best Rank-10: 95.6%
2025-12-08 06:35:38,322 DeMo.train INFO: ~~~~~~~~~~~~~~~~~~~~~~~~~~~~~~~~~~~~~~~~~~~~~~~~~~
2025-12-08 06:35:47,837 DeMo.train INFO: Epoch[15] Iteration[10/65] Loss: 0.185, Acc: 1.000, Base Lr: 1.75e-04
2025-12-08 06:35:52,354 DeMo.train INFO: Epoch[15] Iteration[20/65] Loss: 0.185, Acc: 1.000, Base Lr: 1.75e-04
2025-12-08 06:35:56,729 DeMo.train INFO: Epoch[15] Iteration[30/65] Loss: 0.185, Acc: 1.000, Base Lr: 1.75e-04
2025-12-08 06:36:01,096 DeMo.train INFO: Epoch[15] Iteration[40/65] Loss: 0.185, Acc: 1.000, Base Lr: 1.75e-04
2025-12-08 06:36:05,470 DeMo.train INFO: Epoch[15] Iteration[50/65] Loss: 0.185, Acc: 1.000, Base Lr: 1.75e-04
2025-12-08 06:36:09,904 DeMo.train INFO: Epoch[15] Iteration[60/65] Loss: 0.185, Acc: 1.000, Base Lr: 1.75e-04
2025-12-08 06:36:11,358 DeMo.train INFO: Epoch 15 done. Time per batch: 0.524[s] Speed: 244.1[samples/s]
2025-12-08 06:36:11,359 DeMo.train INFO: ~~~~~~~~~~~~~~~~~~~~~~~~~~~~~~~~~~~~~~~~~~~~~~~~~~
2025-12-08 06:36:11,360 DeMo.train INFO: Current is the [moe,ori] feature testing!
2025-12-08 06:36:11,360 DeMo.train INFO: ~~~~~~~~~~~~~~~~~~~~~~~~~~~~~~~~~~~~~~~~~~~~~~~~~~
The test feature is normalized
=> Computing DistMat with euclidean_distance
2025-12-08 06:36:35,276 DeMo.train INFO: Validation Results - Epoch: 15
2025-12-08 06:36:35,277 DeMo.train INFO: mAP: 84.0%
2025-12-08 06:36:35,277 DeMo.train INFO: CMC curve, Rank-1  :94.9%
2025-12-08 06:36:35,277 DeMo.train INFO: CMC curve, Rank-5  :95.3%
2025-12-08 06:36:35,277 DeMo.train INFO: CMC curve, Rank-10 :95.7%
2025-12-08 06:36:35,277 DeMo.train INFO: ~~~~~~~~~~~~~~~~~~~~~~~~~~~~~~~~~~~~~~~~~~~~~~~~~~
2025-12-08 06:36:59,900 DeMo.train INFO: ~~~~~~~~~~~~~~~~~~~~~~~~~~~~~~~~~~~~~~~~~~~~~~~~~~
2025-12-08 06:36:59,902 DeMo.train INFO: Best mAP: 84.0%
2025-12-08 06:36:59,902 DeMo.train INFO: Best Rank-1: 94.9%
2025-12-08 06:36:59,902 DeMo.train INFO: Best Rank-5: 95.3%
2025-12-08 06:36:59,903 DeMo.train INFO: Best Rank-10: 95.7%
2025-12-08 06:36:59,904 DeMo.train INFO: ~~~~~~~~~~~~~~~~~~~~~~~~~~~~~~~~~~~~~~~~~~~~~~~~~~
2025-12-08 06:37:12,658 DeMo.train INFO: Epoch[16] Iteration[10/65] Loss: 0.185, Acc: 1.000, Base Lr: 1.57e-04
2025-12-08 06:37:17,059 DeMo.train INFO: Epoch[16] Iteration[20/65] Loss: 0.184, Acc: 1.000, Base Lr: 1.57e-04
2025-12-08 06:37:21,410 DeMo.train INFO: Epoch[16] Iteration[30/65] Loss: 0.185, Acc: 1.000, Base Lr: 1.57e-04
2025-12-08 06:37:25,754 DeMo.train INFO: Epoch[16] Iteration[40/65] Loss: 0.184, Acc: 1.000, Base Lr: 1.57e-04
2025-12-08 06:37:30,104 DeMo.train INFO: Epoch[16] Iteration[50/65] Loss: 0.184, Acc: 1.000, Base Lr: 1.57e-04
2025-12-08 06:37:34,441 DeMo.train INFO: Epoch[16] Iteration[60/65] Loss: 0.184, Acc: 1.000, Base Lr: 1.57e-04
2025-12-08 06:37:35,898 DeMo.train INFO: Epoch 16 done. Time per batch: 0.571[s] Speed: 224.0[samples/s]
2025-12-08 06:37:35,901 DeMo.train INFO: ~~~~~~~~~~~~~~~~~~~~~~~~~~~~~~~~~~~~~~~~~~~~~~~~~~
2025-12-08 06:37:35,901 DeMo.train INFO: Current is the [moe,ori] feature testing!
2025-12-08 06:37:35,902 DeMo.train INFO: ~~~~~~~~~~~~~~~~~~~~~~~~~~~~~~~~~~~~~~~~~~~~~~~~~~
The test feature is normalized
=> Computing DistMat with euclidean_distance
2025-12-08 06:37:59,423 DeMo.train INFO: Validation Results - Epoch: 16
2025-12-08 06:37:59,423 DeMo.train INFO: mAP: 84.0%
2025-12-08 06:37:59,423 DeMo.train INFO: CMC curve, Rank-1  :94.8%
2025-12-08 06:37:59,424 DeMo.train INFO: CMC curve, Rank-5  :95.2%
2025-12-08 06:37:59,424 DeMo.train INFO: CMC curve, Rank-10 :95.4%
2025-12-08 06:37:59,424 DeMo.train INFO: ~~~~~~~~~~~~~~~~~~~~~~~~~~~~~~~~~~~~~~~~~~~~~~~~~~
2025-12-08 06:38:01,062 DeMo.train INFO: ~~~~~~~~~~~~~~~~~~~~~~~~~~~~~~~~~~~~~~~~~~~~~~~~~~
2025-12-08 06:38:01,062 DeMo.train INFO: Best mAP: 84.0%
2025-12-08 06:38:01,062 DeMo.train INFO: Best Rank-1: 94.9%
2025-12-08 06:38:01,062 DeMo.train INFO: Best Rank-5: 95.3%
2025-12-08 06:38:01,063 DeMo.train INFO: Best Rank-10: 95.7%
2025-12-08 06:38:01,063 DeMo.train INFO: ~~~~~~~~~~~~~~~~~~~~~~~~~~~~~~~~~~~~~~~~~~~~~~~~~~
2025-12-08 06:38:10,703 DeMo.train INFO: Epoch[17] Iteration[10/65] Loss: 0.184, Acc: 1.000, Base Lr: 1.39e-04
2025-12-08 06:38:15,518 DeMo.train INFO: Epoch[17] Iteration[20/65] Loss: 0.184, Acc: 1.000, Base Lr: 1.39e-04
2025-12-08 06:38:19,899 DeMo.train INFO: Epoch[17] Iteration[30/65] Loss: 0.184, Acc: 1.000, Base Lr: 1.39e-04
2025-12-08 06:38:24,292 DeMo.train INFO: Epoch[17] Iteration[40/65] Loss: 0.184, Acc: 1.000, Base Lr: 1.39e-04
2025-12-08 06:38:28,638 DeMo.train INFO: Epoch[17] Iteration[50/65] Loss: 0.184, Acc: 1.000, Base Lr: 1.39e-04
2025-12-08 06:38:32,978 DeMo.train INFO: Epoch[17] Iteration[60/65] Loss: 0.184, Acc: 1.000, Base Lr: 1.39e-04
2025-12-08 06:38:34,000 DeMo.train INFO: Epoch 17 done. Time per batch: 0.531[s] Speed: 240.9[samples/s]
2025-12-08 06:38:34,001 DeMo.train INFO: ~~~~~~~~~~~~~~~~~~~~~~~~~~~~~~~~~~~~~~~~~~~~~~~~~~
2025-12-08 06:38:34,002 DeMo.train INFO: Current is the [moe,ori] feature testing!
2025-12-08 06:38:34,002 DeMo.train INFO: ~~~~~~~~~~~~~~~~~~~~~~~~~~~~~~~~~~~~~~~~~~~~~~~~~~
The test feature is normalized
=> Computing DistMat with euclidean_distance
2025-12-08 06:38:57,365 DeMo.train INFO: Validation Results - Epoch: 17
2025-12-08 06:38:57,365 DeMo.train INFO: mAP: 84.1%
2025-12-08 06:38:57,365 DeMo.train INFO: CMC curve, Rank-1  :94.9%
2025-12-08 06:38:57,365 DeMo.train INFO: CMC curve, Rank-5  :95.2%
2025-12-08 06:38:57,365 DeMo.train INFO: CMC curve, Rank-10 :95.5%
2025-12-08 06:38:57,365 DeMo.train INFO: ~~~~~~~~~~~~~~~~~~~~~~~~~~~~~~~~~~~~~~~~~~~~~~~~~~
2025-12-08 06:39:18,435 DeMo.train INFO: ~~~~~~~~~~~~~~~~~~~~~~~~~~~~~~~~~~~~~~~~~~~~~~~~~~
2025-12-08 06:39:18,437 DeMo.train INFO: Best mAP: 84.1%
2025-12-08 06:39:18,439 DeMo.train INFO: Best Rank-1: 94.9%
2025-12-08 06:39:18,440 DeMo.train INFO: Best Rank-5: 95.2%
2025-12-08 06:39:18,440 DeMo.train INFO: Best Rank-10: 95.5%
2025-12-08 06:39:18,441 DeMo.train INFO: ~~~~~~~~~~~~~~~~~~~~~~~~~~~~~~~~~~~~~~~~~~~~~~~~~~
2025-12-08 06:39:31,965 DeMo.train INFO: Epoch[18] Iteration[10/65] Loss: 0.183, Acc: 1.000, Base Lr: 1.21e-04
2025-12-08 06:39:36,398 DeMo.train INFO: Epoch[18] Iteration[20/65] Loss: 0.184, Acc: 1.000, Base Lr: 1.21e-04
2025-12-08 06:39:40,800 DeMo.train INFO: Epoch[18] Iteration[30/65] Loss: 0.183, Acc: 1.000, Base Lr: 1.21e-04
2025-12-08 06:39:45,649 DeMo.train INFO: Epoch[18] Iteration[40/65] Loss: 0.183, Acc: 1.000, Base Lr: 1.21e-04
2025-12-08 06:39:50,009 DeMo.train INFO: Epoch[18] Iteration[50/65] Loss: 0.183, Acc: 1.000, Base Lr: 1.21e-04
2025-12-08 06:39:54,380 DeMo.train INFO: Epoch[18] Iteration[60/65] Loss: 0.183, Acc: 1.000, Base Lr: 1.21e-04
2025-12-08 06:39:55,856 DeMo.train INFO: Epoch 18 done. Time per batch: 0.594[s] Speed: 215.5[samples/s]
2025-12-08 06:39:55,859 DeMo.train INFO: ~~~~~~~~~~~~~~~~~~~~~~~~~~~~~~~~~~~~~~~~~~~~~~~~~~
2025-12-08 06:39:55,859 DeMo.train INFO: Current is the [moe,ori] feature testing!
2025-12-08 06:39:55,860 DeMo.train INFO: ~~~~~~~~~~~~~~~~~~~~~~~~~~~~~~~~~~~~~~~~~~~~~~~~~~
The test feature is normalized
=> Computing DistMat with euclidean_distance
2025-12-08 06:40:19,676 DeMo.train INFO: Validation Results - Epoch: 18
2025-12-08 06:40:19,677 DeMo.train INFO: mAP: 84.2%
2025-12-08 06:40:19,677 DeMo.train INFO: CMC curve, Rank-1  :94.8%
2025-12-08 06:40:19,677 DeMo.train INFO: CMC curve, Rank-5  :95.3%
2025-12-08 06:40:19,677 DeMo.train INFO: CMC curve, Rank-10 :95.6%
2025-12-08 06:40:19,677 DeMo.train INFO: ~~~~~~~~~~~~~~~~~~~~~~~~~~~~~~~~~~~~~~~~~~~~~~~~~~
2025-12-08 06:40:38,267 DeMo.train INFO: ~~~~~~~~~~~~~~~~~~~~~~~~~~~~~~~~~~~~~~~~~~~~~~~~~~
2025-12-08 06:40:38,271 DeMo.train INFO: Best mAP: 84.2%
2025-12-08 06:40:38,271 DeMo.train INFO: Best Rank-1: 94.8%
2025-12-08 06:40:38,271 DeMo.train INFO: Best Rank-5: 95.3%
2025-12-08 06:40:38,272 DeMo.train INFO: Best Rank-10: 95.6%
2025-12-08 06:40:38,272 DeMo.train INFO: ~~~~~~~~~~~~~~~~~~~~~~~~~~~~~~~~~~~~~~~~~~~~~~~~~~
2025-12-08 06:40:48,246 DeMo.train INFO: Epoch[19] Iteration[10/65] Loss: 0.183, Acc: 1.000, Base Lr: 1.04e-04
2025-12-08 06:40:52,625 DeMo.train INFO: Epoch[19] Iteration[20/65] Loss: 0.184, Acc: 1.000, Base Lr: 1.04e-04
2025-12-08 06:40:56,974 DeMo.train INFO: Epoch[19] Iteration[30/65] Loss: 0.183, Acc: 1.000, Base Lr: 1.04e-04
2025-12-08 06:41:01,336 DeMo.train INFO: Epoch[19] Iteration[40/65] Loss: 0.183, Acc: 1.000, Base Lr: 1.04e-04
2025-12-08 06:41:05,682 DeMo.train INFO: Epoch[19] Iteration[50/65] Loss: 0.183, Acc: 1.000, Base Lr: 1.04e-04
2025-12-08 06:41:10,025 DeMo.train INFO: Epoch[19] Iteration[60/65] Loss: 0.184, Acc: 1.000, Base Lr: 1.04e-04
2025-12-08 06:41:11,499 DeMo.train INFO: Epoch 19 done. Time per batch: 0.527[s] Speed: 242.7[samples/s]
2025-12-08 06:41:11,501 DeMo.train INFO: ~~~~~~~~~~~~~~~~~~~~~~~~~~~~~~~~~~~~~~~~~~~~~~~~~~
2025-12-08 06:41:11,501 DeMo.train INFO: Current is the [moe,ori] feature testing!
2025-12-08 06:41:11,501 DeMo.train INFO: ~~~~~~~~~~~~~~~~~~~~~~~~~~~~~~~~~~~~~~~~~~~~~~~~~~
The test feature is normalized
=> Computing DistMat with euclidean_distance
2025-12-08 06:41:35,040 DeMo.train INFO: Validation Results - Epoch: 19
2025-12-08 06:41:35,040 DeMo.train INFO: mAP: 84.1%
2025-12-08 06:41:35,040 DeMo.train INFO: CMC curve, Rank-1  :94.7%
2025-12-08 06:41:35,040 DeMo.train INFO: CMC curve, Rank-5  :95.2%
2025-12-08 06:41:35,040 DeMo.train INFO: CMC curve, Rank-10 :95.5%
2025-12-08 06:41:35,041 DeMo.train INFO: ~~~~~~~~~~~~~~~~~~~~~~~~~~~~~~~~~~~~~~~~~~~~~~~~~~
2025-12-08 06:41:37,550 DeMo.train INFO: ~~~~~~~~~~~~~~~~~~~~~~~~~~~~~~~~~~~~~~~~~~~~~~~~~~
2025-12-08 06:41:37,550 DeMo.train INFO: Best mAP: 84.2%
2025-12-08 06:41:37,550 DeMo.train INFO: Best Rank-1: 94.8%
2025-12-08 06:41:37,550 DeMo.train INFO: Best Rank-5: 95.3%
2025-12-08 06:41:37,550 DeMo.train INFO: Best Rank-10: 95.6%
2025-12-08 06:41:37,551 DeMo.train INFO: ~~~~~~~~~~~~~~~~~~~~~~~~~~~~~~~~~~~~~~~~~~~~~~~~~~
2025-12-08 06:41:47,116 DeMo.train INFO: Epoch[20] Iteration[10/65] Loss: 0.183, Acc: 1.000, Base Lr: 8.78e-05
2025-12-08 06:41:51,477 DeMo.train INFO: Epoch[20] Iteration[20/65] Loss: 0.183, Acc: 1.000, Base Lr: 8.78e-05
2025-12-08 06:41:55,856 DeMo.train INFO: Epoch[20] Iteration[30/65] Loss: 0.183, Acc: 1.000, Base Lr: 8.78e-05
2025-12-08 06:42:00,222 DeMo.train INFO: Epoch[20] Iteration[40/65] Loss: 0.183, Acc: 1.000, Base Lr: 8.78e-05
2025-12-08 06:42:04,569 DeMo.train INFO: Epoch[20] Iteration[50/65] Loss: 0.182, Acc: 1.000, Base Lr: 8.78e-05
2025-12-08 06:42:08,920 DeMo.train INFO: Epoch[20] Iteration[60/65] Loss: 0.183, Acc: 1.000, Base Lr: 8.78e-05
2025-12-08 06:42:10,381 DeMo.train INFO: Epoch 20 done. Time per batch: 0.521[s] Speed: 245.6[samples/s]
2025-12-08 06:42:10,382 DeMo.train INFO: ~~~~~~~~~~~~~~~~~~~~~~~~~~~~~~~~~~~~~~~~~~~~~~~~~~
2025-12-08 06:42:10,383 DeMo.train INFO: Current is the [moe,ori] feature testing!
2025-12-08 06:42:10,383 DeMo.train INFO: ~~~~~~~~~~~~~~~~~~~~~~~~~~~~~~~~~~~~~~~~~~~~~~~~~~
The test feature is normalized
=> Computing DistMat with euclidean_distance
2025-12-08 06:42:34,146 DeMo.train INFO: Validation Results - Epoch: 20
2025-12-08 06:42:34,147 DeMo.train INFO: mAP: 84.0%
2025-12-08 06:42:34,147 DeMo.train INFO: CMC curve, Rank-1  :94.6%
2025-12-08 06:42:34,147 DeMo.train INFO: CMC curve, Rank-5  :95.3%
2025-12-08 06:42:34,147 DeMo.train INFO: CMC curve, Rank-10 :95.6%
2025-12-08 06:42:34,147 DeMo.train INFO: ~~~~~~~~~~~~~~~~~~~~~~~~~~~~~~~~~~~~~~~~~~~~~~~~~~
2025-12-08 06:42:35,840 DeMo.train INFO: ~~~~~~~~~~~~~~~~~~~~~~~~~~~~~~~~~~~~~~~~~~~~~~~~~~
2025-12-08 06:42:35,841 DeMo.train INFO: Best mAP: 84.2%
2025-12-08 06:42:35,841 DeMo.train INFO: Best Rank-1: 94.8%
2025-12-08 06:42:35,841 DeMo.train INFO: Best Rank-5: 95.3%
2025-12-08 06:42:35,841 DeMo.train INFO: Best Rank-10: 95.6%
2025-12-08 06:42:35,841 DeMo.train INFO: ~~~~~~~~~~~~~~~~~~~~~~~~~~~~~~~~~~~~~~~~~~~~~~~~~~
2025-12-08 06:42:44,303 DeMo.train INFO: Epoch[21] Iteration[10/65] Loss: 0.182, Acc: 1.000, Base Lr: 7.24e-05
2025-12-08 06:42:48,676 DeMo.train INFO: Epoch[21] Iteration[20/65] Loss: 0.183, Acc: 1.000, Base Lr: 7.24e-05
2025-12-08 06:42:53,040 DeMo.train INFO: Epoch[21] Iteration[30/65] Loss: 0.183, Acc: 1.000, Base Lr: 7.24e-05
2025-12-08 06:42:57,432 DeMo.train INFO: Epoch[21] Iteration[40/65] Loss: 0.183, Acc: 1.000, Base Lr: 7.24e-05
2025-12-08 06:43:01,782 DeMo.train INFO: Epoch[21] Iteration[50/65] Loss: 0.183, Acc: 1.000, Base Lr: 7.24e-05
2025-12-08 06:43:06,157 DeMo.train INFO: Epoch[21] Iteration[60/65] Loss: 0.183, Acc: 1.000, Base Lr: 7.24e-05
2025-12-08 06:43:07,627 DeMo.train INFO: Epoch 21 done. Time per batch: 0.505[s] Speed: 253.7[samples/s]
2025-12-08 06:43:07,629 DeMo.train INFO: ~~~~~~~~~~~~~~~~~~~~~~~~~~~~~~~~~~~~~~~~~~~~~~~~~~
2025-12-08 06:43:07,629 DeMo.train INFO: Current is the [moe,ori] feature testing!
2025-12-08 06:43:07,629 DeMo.train INFO: ~~~~~~~~~~~~~~~~~~~~~~~~~~~~~~~~~~~~~~~~~~~~~~~~~~
The test feature is normalized
=> Computing DistMat with euclidean_distance
2025-12-08 06:43:31,287 DeMo.train INFO: Validation Results - Epoch: 21
2025-12-08 06:43:31,287 DeMo.train INFO: mAP: 84.1%
2025-12-08 06:43:31,288 DeMo.train INFO: CMC curve, Rank-1  :95.0%
2025-12-08 06:43:31,288 DeMo.train INFO: CMC curve, Rank-5  :95.3%
2025-12-08 06:43:31,288 DeMo.train INFO: CMC curve, Rank-10 :95.5%
2025-12-08 06:43:31,288 DeMo.train INFO: ~~~~~~~~~~~~~~~~~~~~~~~~~~~~~~~~~~~~~~~~~~~~~~~~~~
2025-12-08 06:43:34,190 DeMo.train INFO: ~~~~~~~~~~~~~~~~~~~~~~~~~~~~~~~~~~~~~~~~~~~~~~~~~~
2025-12-08 06:43:34,190 DeMo.train INFO: Best mAP: 84.2%
2025-12-08 06:43:34,190 DeMo.train INFO: Best Rank-1: 94.8%
2025-12-08 06:43:34,191 DeMo.train INFO: Best Rank-5: 95.3%
2025-12-08 06:43:34,191 DeMo.train INFO: Best Rank-10: 95.6%
2025-12-08 06:43:34,191 DeMo.train INFO: ~~~~~~~~~~~~~~~~~~~~~~~~~~~~~~~~~~~~~~~~~~~~~~~~~~
2025-12-08 06:43:42,935 DeMo.train INFO: Epoch[22] Iteration[10/65] Loss: 0.182, Acc: 1.000, Base Lr: 5.82e-05
2025-12-08 06:43:47,317 DeMo.train INFO: Epoch[22] Iteration[20/65] Loss: 0.182, Acc: 1.000, Base Lr: 5.82e-05
2025-12-08 06:43:51,710 DeMo.train INFO: Epoch[22] Iteration[30/65] Loss: 0.183, Acc: 1.000, Base Lr: 5.82e-05
2025-12-08 06:43:56,119 DeMo.train INFO: Epoch[22] Iteration[40/65] Loss: 0.183, Acc: 1.000, Base Lr: 5.82e-05
2025-12-08 06:44:00,496 DeMo.train INFO: Epoch[22] Iteration[50/65] Loss: 0.182, Acc: 1.000, Base Lr: 5.82e-05
2025-12-08 06:44:04,849 DeMo.train INFO: Epoch[22] Iteration[60/65] Loss: 0.182, Acc: 1.000, Base Lr: 5.82e-05
2025-12-08 06:44:05,876 DeMo.train INFO: Epoch 22 done. Time per batch: 0.511[s] Speed: 250.5[samples/s]
2025-12-08 06:44:05,879 DeMo.train INFO: ~~~~~~~~~~~~~~~~~~~~~~~~~~~~~~~~~~~~~~~~~~~~~~~~~~
2025-12-08 06:44:05,879 DeMo.train INFO: Current is the [moe,ori] feature testing!
2025-12-08 06:44:05,880 DeMo.train INFO: ~~~~~~~~~~~~~~~~~~~~~~~~~~~~~~~~~~~~~~~~~~~~~~~~~~
The test feature is normalized
=> Computing DistMat with euclidean_distance
2025-12-08 06:44:33,993 DeMo.train INFO: Validation Results - Epoch: 22
2025-12-08 06:44:33,994 DeMo.train INFO: mAP: 84.2%
2025-12-08 06:44:33,994 DeMo.train INFO: CMC curve, Rank-1  :94.9%
2025-12-08 06:44:33,994 DeMo.train INFO: CMC curve, Rank-5  :95.3%
2025-12-08 06:44:33,994 DeMo.train INFO: CMC curve, Rank-10 :95.5%
2025-12-08 06:44:33,994 DeMo.train INFO: ~~~~~~~~~~~~~~~~~~~~~~~~~~~~~~~~~~~~~~~~~~~~~~~~~~
2025-12-08 06:44:53,726 DeMo.train INFO: ~~~~~~~~~~~~~~~~~~~~~~~~~~~~~~~~~~~~~~~~~~~~~~~~~~
2025-12-08 06:44:53,730 DeMo.train INFO: Best mAP: 84.2%
2025-12-08 06:44:53,730 DeMo.train INFO: Best Rank-1: 94.9%
2025-12-08 06:44:53,730 DeMo.train INFO: Best Rank-5: 95.3%
2025-12-08 06:44:53,730 DeMo.train INFO: Best Rank-10: 95.5%
2025-12-08 06:44:53,730 DeMo.train INFO: ~~~~~~~~~~~~~~~~~~~~~~~~~~~~~~~~~~~~~~~~~~~~~~~~~~
2025-12-08 06:45:04,597 DeMo.train INFO: Epoch[23] Iteration[10/65] Loss: 0.182, Acc: 1.000, Base Lr: 4.53e-05
2025-12-08 06:45:09,958 DeMo.train INFO: Epoch[23] Iteration[20/65] Loss: 0.182, Acc: 1.000, Base Lr: 4.53e-05
2025-12-08 06:45:14,307 DeMo.train INFO: Epoch[23] Iteration[30/65] Loss: 0.182, Acc: 1.000, Base Lr: 4.53e-05
2025-12-08 06:45:18,668 DeMo.train INFO: Epoch[23] Iteration[40/65] Loss: 0.182, Acc: 1.000, Base Lr: 4.53e-05
2025-12-08 06:45:23,044 DeMo.train INFO: Epoch[23] Iteration[50/65] Loss: 0.182, Acc: 1.000, Base Lr: 4.53e-05
2025-12-08 06:45:27,389 DeMo.train INFO: Epoch[23] Iteration[60/65] Loss: 0.182, Acc: 1.000, Base Lr: 4.53e-05
2025-12-08 06:45:28,854 DeMo.train INFO: Epoch 23 done. Time per batch: 0.558[s] Speed: 229.6[samples/s]
2025-12-08 06:45:28,856 DeMo.train INFO: ~~~~~~~~~~~~~~~~~~~~~~~~~~~~~~~~~~~~~~~~~~~~~~~~~~
2025-12-08 06:45:28,856 DeMo.train INFO: Current is the [moe,ori] feature testing!
2025-12-08 06:45:28,856 DeMo.train INFO: ~~~~~~~~~~~~~~~~~~~~~~~~~~~~~~~~~~~~~~~~~~~~~~~~~~
The test feature is normalized
=> Computing DistMat with euclidean_distance
2025-12-08 06:45:52,946 DeMo.train INFO: Validation Results - Epoch: 23
2025-12-08 06:45:52,947 DeMo.train INFO: mAP: 84.2%
2025-12-08 06:45:52,947 DeMo.train INFO: CMC curve, Rank-1  :95.0%
2025-12-08 06:45:52,947 DeMo.train INFO: CMC curve, Rank-5  :95.4%
2025-12-08 06:45:52,947 DeMo.train INFO: CMC curve, Rank-10 :95.5%
2025-12-08 06:45:52,947 DeMo.train INFO: ~~~~~~~~~~~~~~~~~~~~~~~~~~~~~~~~~~~~~~~~~~~~~~~~~~
2025-12-08 06:46:11,541 DeMo.train INFO: ~~~~~~~~~~~~~~~~~~~~~~~~~~~~~~~~~~~~~~~~~~~~~~~~~~
2025-12-08 06:46:11,544 DeMo.train INFO: Best mAP: 84.2%
2025-12-08 06:46:11,544 DeMo.train INFO: Best Rank-1: 95.0%
2025-12-08 06:46:11,544 DeMo.train INFO: Best Rank-5: 95.4%
2025-12-08 06:46:11,545 DeMo.train INFO: Best Rank-10: 95.5%
2025-12-08 06:46:11,545 DeMo.train INFO: ~~~~~~~~~~~~~~~~~~~~~~~~~~~~~~~~~~~~~~~~~~~~~~~~~~
2025-12-08 06:46:23,730 DeMo.train INFO: Epoch[24] Iteration[10/65] Loss: 0.182, Acc: 1.000, Base Lr: 3.37e-05
2025-12-08 06:46:28,171 DeMo.train INFO: Epoch[24] Iteration[20/65] Loss: 0.182, Acc: 1.000, Base Lr: 3.37e-05
2025-12-08 06:46:32,565 DeMo.train INFO: Epoch[24] Iteration[30/65] Loss: 0.182, Acc: 1.000, Base Lr: 3.37e-05
2025-12-08 06:46:36,951 DeMo.train INFO: Epoch[24] Iteration[40/65] Loss: 0.182, Acc: 1.000, Base Lr: 3.37e-05
2025-12-08 06:46:41,318 DeMo.train INFO: Epoch[24] Iteration[50/65] Loss: 0.182, Acc: 1.000, Base Lr: 3.37e-05
2025-12-08 06:46:45,676 DeMo.train INFO: Epoch[24] Iteration[60/65] Loss: 0.182, Acc: 1.000, Base Lr: 3.37e-05
2025-12-08 06:46:46,698 DeMo.train INFO: Epoch 24 done. Time per batch: 0.567[s] Speed: 225.8[samples/s]
2025-12-08 06:46:46,700 DeMo.train INFO: ~~~~~~~~~~~~~~~~~~~~~~~~~~~~~~~~~~~~~~~~~~~~~~~~~~
2025-12-08 06:46:46,700 DeMo.train INFO: Current is the [moe,ori] feature testing!
2025-12-08 06:46:46,701 DeMo.train INFO: ~~~~~~~~~~~~~~~~~~~~~~~~~~~~~~~~~~~~~~~~~~~~~~~~~~
The test feature is normalized
=> Computing DistMat with euclidean_distance
2025-12-08 06:47:10,716 DeMo.train INFO: Validation Results - Epoch: 24
2025-12-08 06:47:10,717 DeMo.train INFO: mAP: 84.3%
2025-12-08 06:47:10,717 DeMo.train INFO: CMC curve, Rank-1  :95.0%
2025-12-08 06:47:10,717 DeMo.train INFO: CMC curve, Rank-5  :95.5%
2025-12-08 06:47:10,717 DeMo.train INFO: CMC curve, Rank-10 :95.5%
2025-12-08 06:47:10,717 DeMo.train INFO: ~~~~~~~~~~~~~~~~~~~~~~~~~~~~~~~~~~~~~~~~~~~~~~~~~~
2025-12-08 06:47:30,364 DeMo.train INFO: ~~~~~~~~~~~~~~~~~~~~~~~~~~~~~~~~~~~~~~~~~~~~~~~~~~
2025-12-08 06:47:30,368 DeMo.train INFO: Best mAP: 84.3%
2025-12-08 06:47:30,368 DeMo.train INFO: Best Rank-1: 95.0%
2025-12-08 06:47:30,368 DeMo.train INFO: Best Rank-5: 95.5%
2025-12-08 06:47:30,369 DeMo.train INFO: Best Rank-10: 95.5%
2025-12-08 06:47:30,369 DeMo.train INFO: ~~~~~~~~~~~~~~~~~~~~~~~~~~~~~~~~~~~~~~~~~~~~~~~~~~
2025-12-08 06:47:41,391 DeMo.train INFO: Epoch[25] Iteration[10/65] Loss: 0.182, Acc: 1.000, Base Lr: 2.38e-05
2025-12-08 06:47:46,285 DeMo.train INFO: Epoch[25] Iteration[20/65] Loss: 0.182, Acc: 1.000, Base Lr: 2.38e-05
2025-12-08 06:47:50,664 DeMo.train INFO: Epoch[25] Iteration[30/65] Loss: 0.182, Acc: 1.000, Base Lr: 2.38e-05
2025-12-08 06:47:55,087 DeMo.train INFO: Epoch[25] Iteration[40/65] Loss: 0.182, Acc: 1.000, Base Lr: 2.38e-05
2025-12-08 06:47:59,445 DeMo.train INFO: Epoch[25] Iteration[50/65] Loss: 0.182, Acc: 1.000, Base Lr: 2.38e-05
2025-12-08 06:48:03,811 DeMo.train INFO: Epoch[25] Iteration[60/65] Loss: 0.182, Acc: 1.000, Base Lr: 2.38e-05
2025-12-08 06:48:04,833 DeMo.train INFO: Epoch 25 done. Time per batch: 0.556[s] Speed: 230.3[samples/s]
2025-12-08 06:48:04,835 DeMo.train INFO: ~~~~~~~~~~~~~~~~~~~~~~~~~~~~~~~~~~~~~~~~~~~~~~~~~~
2025-12-08 06:48:04,835 DeMo.train INFO: Current is the [moe,ori] feature testing!
2025-12-08 06:48:04,835 DeMo.train INFO: ~~~~~~~~~~~~~~~~~~~~~~~~~~~~~~~~~~~~~~~~~~~~~~~~~~
The test feature is normalized
=> Computing DistMat with euclidean_distance
2025-12-08 06:48:28,036 DeMo.train INFO: Validation Results - Epoch: 25
2025-12-08 06:48:28,039 DeMo.train INFO: mAP: 84.3%
2025-12-08 06:48:28,040 DeMo.train INFO: CMC curve, Rank-1  :95.0%
2025-12-08 06:48:28,040 DeMo.train INFO: CMC curve, Rank-5  :95.5%
2025-12-08 06:48:28,040 DeMo.train INFO: CMC curve, Rank-10 :95.5%
2025-12-08 06:48:28,040 DeMo.train INFO: ~~~~~~~~~~~~~~~~~~~~~~~~~~~~~~~~~~~~~~~~~~~~~~~~~~
2025-12-08 06:48:30,628 DeMo.train INFO: ~~~~~~~~~~~~~~~~~~~~~~~~~~~~~~~~~~~~~~~~~~~~~~~~~~
2025-12-08 06:48:30,629 DeMo.train INFO: Best mAP: 84.3%
2025-12-08 06:48:30,629 DeMo.train INFO: Best Rank-1: 95.0%
2025-12-08 06:48:30,629 DeMo.train INFO: Best Rank-5: 95.5%
2025-12-08 06:48:30,629 DeMo.train INFO: Best Rank-10: 95.5%
2025-12-08 06:48:30,629 DeMo.train INFO: ~~~~~~~~~~~~~~~~~~~~~~~~~~~~~~~~~~~~~~~~~~~~~~~~~~
2025-12-08 06:48:39,516 DeMo.train INFO: Epoch[26] Iteration[10/65] Loss: 0.183, Acc: 0.999, Base Lr: 1.55e-05
2025-12-08 06:48:43,896 DeMo.train INFO: Epoch[26] Iteration[20/65] Loss: 0.182, Acc: 1.000, Base Lr: 1.55e-05
2025-12-08 06:48:48,233 DeMo.train INFO: Epoch[26] Iteration[30/65] Loss: 0.182, Acc: 1.000, Base Lr: 1.55e-05
2025-12-08 06:48:52,630 DeMo.train INFO: Epoch[26] Iteration[40/65] Loss: 0.182, Acc: 1.000, Base Lr: 1.55e-05
2025-12-08 06:48:57,010 DeMo.train INFO: Epoch[26] Iteration[50/65] Loss: 0.182, Acc: 1.000, Base Lr: 1.55e-05
2025-12-08 06:49:01,383 DeMo.train INFO: Epoch[26] Iteration[60/65] Loss: 0.182, Acc: 1.000, Base Lr: 1.55e-05
2025-12-08 06:49:02,860 DeMo.train INFO: Epoch 26 done. Time per batch: 0.512[s] Speed: 250.2[samples/s]
2025-12-08 06:49:02,864 DeMo.train INFO: ~~~~~~~~~~~~~~~~~~~~~~~~~~~~~~~~~~~~~~~~~~~~~~~~~~
2025-12-08 06:49:02,864 DeMo.train INFO: Current is the [moe,ori] feature testing!
2025-12-08 06:49:02,865 DeMo.train INFO: ~~~~~~~~~~~~~~~~~~~~~~~~~~~~~~~~~~~~~~~~~~~~~~~~~~
The test feature is normalized
=> Computing DistMat with euclidean_distance
2025-12-08 06:49:32,577 DeMo.train INFO: Validation Results - Epoch: 26
2025-12-08 06:49:32,578 DeMo.train INFO: mAP: 84.3%
2025-12-08 06:49:32,578 DeMo.train INFO: CMC curve, Rank-1  :94.9%
2025-12-08 06:49:32,578 DeMo.train INFO: CMC curve, Rank-5  :95.5%
2025-12-08 06:49:32,578 DeMo.train INFO: CMC curve, Rank-10 :95.5%
2025-12-08 06:49:32,578 DeMo.train INFO: ~~~~~~~~~~~~~~~~~~~~~~~~~~~~~~~~~~~~~~~~~~~~~~~~~~
2025-12-08 06:49:51,069 DeMo.train INFO: ~~~~~~~~~~~~~~~~~~~~~~~~~~~~~~~~~~~~~~~~~~~~~~~~~~
2025-12-08 06:49:51,070 DeMo.train INFO: Best mAP: 84.3%
2025-12-08 06:49:51,070 DeMo.train INFO: Best Rank-1: 94.9%
2025-12-08 06:49:51,070 DeMo.train INFO: Best Rank-5: 95.5%
2025-12-08 06:49:51,070 DeMo.train INFO: Best Rank-10: 95.5%
2025-12-08 06:49:51,070 DeMo.train INFO: ~~~~~~~~~~~~~~~~~~~~~~~~~~~~~~~~~~~~~~~~~~~~~~~~~~
2025-12-08 06:50:00,171 DeMo.train INFO: Epoch[27] Iteration[10/65] Loss: 0.182, Acc: 1.000, Base Lr: 8.91e-06
2025-12-08 06:50:04,552 DeMo.train INFO: Epoch[27] Iteration[20/65] Loss: 0.182, Acc: 1.000, Base Lr: 8.91e-06
2025-12-08 06:50:08,917 DeMo.train INFO: Epoch[27] Iteration[30/65] Loss: 0.182, Acc: 1.000, Base Lr: 8.91e-06
2025-12-08 06:50:13,271 DeMo.train INFO: Epoch[27] Iteration[40/65] Loss: 0.182, Acc: 1.000, Base Lr: 8.91e-06
2025-12-08 06:50:17,620 DeMo.train INFO: Epoch[27] Iteration[50/65] Loss: 0.182, Acc: 1.000, Base Lr: 8.91e-06
2025-12-08 06:50:21,948 DeMo.train INFO: Epoch[27] Iteration[60/65] Loss: 0.182, Acc: 1.000, Base Lr: 8.91e-06
2025-12-08 06:50:23,394 DeMo.train INFO: Epoch 27 done. Time per batch: 0.513[s] Speed: 249.5[samples/s]
2025-12-08 06:50:23,395 DeMo.train INFO: ~~~~~~~~~~~~~~~~~~~~~~~~~~~~~~~~~~~~~~~~~~~~~~~~~~
2025-12-08 06:50:23,396 DeMo.train INFO: Current is the [moe,ori] feature testing!
2025-12-08 06:50:23,396 DeMo.train INFO: ~~~~~~~~~~~~~~~~~~~~~~~~~~~~~~~~~~~~~~~~~~~~~~~~~~
The test feature is normalized
=> Computing DistMat with euclidean_distance
2025-12-08 06:50:51,981 DeMo.train INFO: Validation Results - Epoch: 27
2025-12-08 06:50:51,981 DeMo.train INFO: mAP: 84.3%
2025-12-08 06:50:51,981 DeMo.train INFO: CMC curve, Rank-1  :94.9%
2025-12-08 06:50:51,982 DeMo.train INFO: CMC curve, Rank-5  :95.5%
2025-12-08 06:50:51,982 DeMo.train INFO: CMC curve, Rank-10 :95.5%
2025-12-08 06:50:51,982 DeMo.train INFO: ~~~~~~~~~~~~~~~~~~~~~~~~~~~~~~~~~~~~~~~~~~~~~~~~~~
2025-12-08 06:51:10,907 DeMo.train INFO: ~~~~~~~~~~~~~~~~~~~~~~~~~~~~~~~~~~~~~~~~~~~~~~~~~~
2025-12-08 06:51:10,909 DeMo.train INFO: Best mAP: 84.3%
2025-12-08 06:51:10,909 DeMo.train INFO: Best Rank-1: 94.9%
2025-12-08 06:51:10,910 DeMo.train INFO: Best Rank-5: 95.5%
2025-12-08 06:51:10,910 DeMo.train INFO: Best Rank-10: 95.5%
2025-12-08 06:51:10,910 DeMo.train INFO: ~~~~~~~~~~~~~~~~~~~~~~~~~~~~~~~~~~~~~~~~~~~~~~~~~~
2025-12-08 06:51:19,518 DeMo.train INFO: Epoch[28] Iteration[10/65] Loss: 0.182, Acc: 1.000, Base Lr: 4.17e-06
2025-12-08 06:51:23,912 DeMo.train INFO: Epoch[28] Iteration[20/65] Loss: 0.182, Acc: 1.000, Base Lr: 4.17e-06
2025-12-08 06:51:28,373 DeMo.train INFO: Epoch[28] Iteration[30/65] Loss: 0.182, Acc: 1.000, Base Lr: 4.17e-06
2025-12-08 06:51:32,735 DeMo.train INFO: Epoch[28] Iteration[40/65] Loss: 0.182, Acc: 1.000, Base Lr: 4.17e-06
2025-12-08 06:51:37,113 DeMo.train INFO: Epoch[28] Iteration[50/65] Loss: 0.181, Acc: 1.000, Base Lr: 4.17e-06
2025-12-08 06:51:41,473 DeMo.train INFO: Epoch[28] Iteration[60/65] Loss: 0.181, Acc: 1.000, Base Lr: 4.17e-06
2025-12-08 06:51:42,949 DeMo.train INFO: Epoch 28 done. Time per batch: 0.509[s] Speed: 251.7[samples/s]
2025-12-08 06:51:42,951 DeMo.train INFO: ~~~~~~~~~~~~~~~~~~~~~~~~~~~~~~~~~~~~~~~~~~~~~~~~~~
2025-12-08 06:51:42,951 DeMo.train INFO: Current is the [moe,ori] feature testing!
2025-12-08 06:51:42,951 DeMo.train INFO: ~~~~~~~~~~~~~~~~~~~~~~~~~~~~~~~~~~~~~~~~~~~~~~~~~~
The test feature is normalized
=> Computing DistMat with euclidean_distance
2025-12-08 06:52:06,818 DeMo.train INFO: Validation Results - Epoch: 28
2025-12-08 06:52:06,818 DeMo.train INFO: mAP: 84.3%
2025-12-08 06:52:06,818 DeMo.train INFO: CMC curve, Rank-1  :94.9%
2025-12-08 06:52:06,818 DeMo.train INFO: CMC curve, Rank-5  :95.5%
2025-12-08 06:52:06,818 DeMo.train INFO: CMC curve, Rank-10 :95.5%
2025-12-08 06:52:06,818 DeMo.train INFO: ~~~~~~~~~~~~~~~~~~~~~~~~~~~~~~~~~~~~~~~~~~~~~~~~~~
2025-12-08 06:52:26,252 DeMo.train INFO: ~~~~~~~~~~~~~~~~~~~~~~~~~~~~~~~~~~~~~~~~~~~~~~~~~~
2025-12-08 06:52:26,257 DeMo.train INFO: Best mAP: 84.3%
2025-12-08 06:52:26,257 DeMo.train INFO: Best Rank-1: 94.9%
2025-12-08 06:52:26,257 DeMo.train INFO: Best Rank-5: 95.5%
2025-12-08 06:52:26,257 DeMo.train INFO: Best Rank-10: 95.5%
2025-12-08 06:52:26,257 DeMo.train INFO: ~~~~~~~~~~~~~~~~~~~~~~~~~~~~~~~~~~~~~~~~~~~~~~~~~~
2025-12-08 06:52:36,575 DeMo.train INFO: Epoch[29] Iteration[10/65] Loss: 0.181, Acc: 1.000, Base Lr: 1.31e-06
2025-12-08 06:52:40,963 DeMo.train INFO: Epoch[29] Iteration[20/65] Loss: 0.181, Acc: 1.000, Base Lr: 1.31e-06
2025-12-08 06:52:45,333 DeMo.train INFO: Epoch[29] Iteration[30/65] Loss: 0.181, Acc: 1.000, Base Lr: 1.31e-06
2025-12-08 06:52:49,708 DeMo.train INFO: Epoch[29] Iteration[40/65] Loss: 0.181, Acc: 1.000, Base Lr: 1.31e-06
2025-12-08 06:52:54,040 DeMo.train INFO: Epoch[29] Iteration[50/65] Loss: 0.181, Acc: 1.000, Base Lr: 1.31e-06
2025-12-08 06:52:58,414 DeMo.train INFO: Epoch[29] Iteration[60/65] Loss: 0.181, Acc: 1.000, Base Lr: 1.31e-06
2025-12-08 06:52:59,451 DeMo.train INFO: Epoch 29 done. Time per batch: 0.535[s] Speed: 239.1[samples/s]
2025-12-08 06:52:59,453 DeMo.train INFO: ~~~~~~~~~~~~~~~~~~~~~~~~~~~~~~~~~~~~~~~~~~~~~~~~~~
2025-12-08 06:52:59,453 DeMo.train INFO: Current is the [moe,ori] feature testing!
2025-12-08 06:52:59,453 DeMo.train INFO: ~~~~~~~~~~~~~~~~~~~~~~~~~~~~~~~~~~~~~~~~~~~~~~~~~~
The test feature is normalized
=> Computing DistMat with euclidean_distance
2025-12-08 06:53:24,110 DeMo.train INFO: Validation Results - Epoch: 29
2025-12-08 06:53:24,111 DeMo.train INFO: mAP: 84.3%
2025-12-08 06:53:24,111 DeMo.train INFO: CMC curve, Rank-1  :94.9%
2025-12-08 06:53:24,111 DeMo.train INFO: CMC curve, Rank-5  :95.5%
2025-12-08 06:53:24,111 DeMo.train INFO: CMC curve, Rank-10 :95.5%
2025-12-08 06:53:24,111 DeMo.train INFO: ~~~~~~~~~~~~~~~~~~~~~~~~~~~~~~~~~~~~~~~~~~~~~~~~~~
2025-12-08 06:53:26,226 DeMo.train INFO: ~~~~~~~~~~~~~~~~~~~~~~~~~~~~~~~~~~~~~~~~~~~~~~~~~~
2025-12-08 06:53:26,227 DeMo.train INFO: Best mAP: 84.3%
2025-12-08 06:53:26,227 DeMo.train INFO: Best Rank-1: 94.9%
2025-12-08 06:53:26,227 DeMo.train INFO: Best Rank-5: 95.5%
2025-12-08 06:53:26,227 DeMo.train INFO: Best Rank-10: 95.5%
2025-12-08 06:53:26,227 DeMo.train INFO: ~~~~~~~~~~~~~~~~~~~~~~~~~~~~~~~~~~~~~~~~~~~~~~~~~~
2025-12-08 06:53:36,413 DeMo.train INFO: Epoch[30] Iteration[10/65] Loss: 0.182, Acc: 1.000, Base Lr: 3.50e-07
2025-12-08 06:53:40,782 DeMo.train INFO: Epoch[30] Iteration[20/65] Loss: 0.182, Acc: 1.000, Base Lr: 3.50e-07
2025-12-08 06:53:45,221 DeMo.train INFO: Epoch[30] Iteration[30/65] Loss: 0.182, Acc: 1.000, Base Lr: 3.50e-07
2025-12-08 06:53:49,640 DeMo.train INFO: Epoch[30] Iteration[40/65] Loss: 0.182, Acc: 1.000, Base Lr: 3.50e-07
2025-12-08 06:53:53,996 DeMo.train INFO: Epoch[30] Iteration[50/65] Loss: 0.181, Acc: 1.000, Base Lr: 3.50e-07
2025-12-08 06:53:58,354 DeMo.train INFO: Epoch[30] Iteration[60/65] Loss: 0.181, Acc: 1.000, Base Lr: 3.50e-07
2025-12-08 06:53:59,393 DeMo.train INFO: Epoch 30 done. Time per batch: 0.535[s] Speed: 239.3[samples/s]
2025-12-08 06:53:59,395 DeMo.train INFO: ~~~~~~~~~~~~~~~~~~~~~~~~~~~~~~~~~~~~~~~~~~~~~~~~~~
2025-12-08 06:53:59,395 DeMo.train INFO: Current is the [moe,ori] feature testing!
2025-12-08 06:53:59,395 DeMo.train INFO: ~~~~~~~~~~~~~~~~~~~~~~~~~~~~~~~~~~~~~~~~~~~~~~~~~~
The test feature is normalized
=> Computing DistMat with euclidean_distance
2025-12-08 06:54:23,014 DeMo.train INFO: Validation Results - Epoch: 30
2025-12-08 06:54:23,015 DeMo.train INFO: mAP: 84.3%
2025-12-08 06:54:23,015 DeMo.train INFO: CMC curve, Rank-1  :94.9%
2025-12-08 06:54:23,015 DeMo.train INFO: CMC curve, Rank-5  :95.5%
2025-12-08 06:54:23,015 DeMo.train INFO: CMC curve, Rank-10 :95.5%
2025-12-08 06:54:23,015 DeMo.train INFO: ~~~~~~~~~~~~~~~~~~~~~~~~~~~~~~~~~~~~~~~~~~~~~~~~~~
2025-12-08 06:54:42,749 DeMo.train INFO: ~~~~~~~~~~~~~~~~~~~~~~~~~~~~~~~~~~~~~~~~~~~~~~~~~~
2025-12-08 06:54:42,749 DeMo.train INFO: Best mAP: 84.3%
2025-12-08 06:54:42,749 DeMo.train INFO: Best Rank-1: 94.9%
2025-12-08 06:54:42,749 DeMo.train INFO: Best Rank-5: 95.5%
2025-12-08 06:54:42,750 DeMo.train INFO: Best Rank-10: 95.5%
2025-12-08 06:54:42,750 DeMo.train INFO: ~~~~~~~~~~~~~~~~~~~~~~~~~~~~~~~~~~~~~~~~~~~~~~~~~~
