2025-12-08 06:15:45,031 DeMo INFO: Saving model in the path :..
2025-12-08 06:15:45,031 DeMo INFO: Namespace(config_file='configs/RGBNT100/DeMo_SDTPS_DGAF_ablation.yml', exp_name='cross_attn_DGAFv3_only', fea_cft=0, local_rank=0, opts=['MODEL.USE_SDTPS', 'False', 'MODEL.USE_DGAF', 'True'])
2025-12-08 06:15:45,031 DeMo INFO: Loaded configuration file configs/RGBNT100/DeMo_SDTPS_DGAF_ablation.yml
2025-12-08 06:15:45,032 DeMo INFO: 
MODEL:
  TRANSFORMER_TYPE: 'ViT-B-16'
  STRIDE_SIZE: [ 16, 16 ]
  SIE_CAMERA: True
  DIRECT: 1
  SIE_COE: 1.0
  ID_LOSS_WEIGHT: 0.25
  TRIPLET_LOSS_WEIGHT: 1.0
  GLOBAL_LOCAL: True
  # Disable HDM and ATM
  HDM: False
  ATM: False
  # SACR disabled for ablation
  USE_SACR: False
  USE_MULTIMODAL_SACR: False
  # SDTPS configuration
  USE_SDTPS: True
  SDTPS_SPARSE_RATIO: 0.7
  SDTPS_AGGR_RATIO: 0.5
  SDTPS_BETA: 0.25
  SDTPS_USE_GUMBEL: False
  SDTPS_GUMBEL_TAU: 5.0
  SDTPS_LOSS_WEIGHT: 2.0
  # LIF disabled
  USE_LIF: False
  # DGAF: Dual-Gated Adaptive Fusion
  USE_DGAF: True
  DGAF_VERSION: 'v3'
  DGAF_TAU: 1.0
  DGAF_INIT_ALPHA: 0.5
  DGAF_NUM_HEADS: 8
  HEAD: 4

INPUT:
  SIZE_TRAIN: [ 128, 256 ]
  SIZE_TEST: [ 128, 256 ]
  PROB: 0.5
  RE_PROB: 0.5
  PADDING: 10

DATALOADER:
  SAMPLER: 'softmax_triplet'
  NUM_INSTANCE: 16
  NUM_WORKERS: 14

DATASETS:
  NAMES: ('RGBNT100')
  ROOT_DIR: '..'

SOLVER:
  BASE_LR: 0.00035
  MAX_EPOCHS: 30
  STEPS: [20, 25]
  GAMMA: 0.1
  WARMUP_ITERS: 5
  WARMUP_FACTOR: 0.01
  WARMUP_METHOD: 'linear'
  OPTIMIZER_NAME: 'Adam'
  IMS_PER_BATCH: 128
  EVAL_PERIOD: 1
  CHECKPOINT_PERIOD: 10

TEST:
  IMS_PER_BATCH: 128
  RE_RANKING: 'no'
  WEIGHT: ''
  NECK_FEAT: 'before'
  FEAT_NORM: 'yes'
  MISS: "nothing"

OUTPUT_DIR: '..'

# ============================================================================
# RGBNT100 SDTPS + DGAF Ablation Config
# ============================================================================
# - Based on original DeMo.yml for RGBNT100
# - SACR: disabled
# - HDM/ATM: disabled, DIRECT: 1
# - SDTPS: configurable via command line
# - DGAF V3: configurable via command line
# - Training: lr=0.00035, epochs=30, warmup=5 (same as original)
# ============================================================================

2025-12-08 06:15:45,033 DeMo INFO: Running with config:
DATALOADER:
  NUM_INSTANCE: 16
  NUM_WORKERS: 14
  SAMPLER: softmax_triplet
DATASETS:
  NAMES: RGBNT100
  ROOT_DIR: ..
INPUT:
  PADDING: 10
  PIXEL_MEAN: [0.5, 0.5, 0.5]
  PIXEL_STD: [0.5, 0.5, 0.5]
  PROB: 0.5
  RE_PROB: 0.5
  SIZE_TEST: [128, 256]
  SIZE_TRAIN: [128, 256]
MODEL:
  ADAPTER: False
  ATM: False
  ATT_DROP_RATE: 0.0
  DEVICE: cuda
  DEVICE_ID: 0
  DGAF_INIT_ALPHA: 0.5
  DGAF_NUM_HEADS: 8
  DGAF_TAU: 1.0
  DGAF_VERSION: v3
  DIRECT: 1
  DIST_TRAIN: False
  DROP_OUT: 0.0
  DROP_PATH: 0.1
  FROZEN: False
  GLOBAL_LOCAL: True
  HDM: False
  HEAD: 4
  ID_LOSS_TYPE: softmax
  ID_LOSS_WEIGHT: 0.25
  IF_LABELSMOOTH: on
  IF_WITH_CENTER: no
  LIF_BETA: 0.4
  LIF_LAYER: 3
  LIF_LOSS_WEIGHT: 0.1
  METRIC_LOSS_TYPE: triplet
  MULTIMODAL_SACR_VERSION: v1
  NAME: DeMo
  NECK: bnneck
  NO_MARGIN: True
  PRETRAIN_PATH_T: /path/to/your/vitb_16_224_21k.pth
  PROMPT: False
  SACR_DILATION_RATES: [2, 3, 4]
  SDTPS_AGGR_RATIO: 0.5
  SDTPS_BETA: 0.25
  SDTPS_CROSS_ATTN_HEADS: 4
  SDTPS_CROSS_ATTN_TYPE: cosine
  SDTPS_GUMBEL_TAU: 5.0
  SDTPS_LOSS_WEIGHT: 2.0
  SDTPS_SPARSE_RATIO: 0.7
  SDTPS_USE_GUMBEL: False
  SIE_CAMERA: True
  SIE_COE: 1.0
  SIE_VIEW: False
  STRIDE_SIZE: [16, 16]
  TRANSFORMER_TYPE: ViT-B-16
  TRIPLET_LOSS_WEIGHT: 1.0
  USE_DGAF: True
  USE_LIF: False
  USE_MULTIMODAL_SACR: False
  USE_SACR: False
  USE_SDTPS: False
OUTPUT_DIR: ..
SOLVER:
  BASE_LR: 0.00035
  BIAS_LR_FACTOR: 2
  CENTER_LOSS_WEIGHT: 0.0005
  CENTER_LR: 0.5
  CHECKPOINT_PERIOD: 10
  CLUSTER_MARGIN: 0.3
  COSINE_MARGIN: 0.5
  COSINE_SCALE: 30
  EVAL_PERIOD: 1
  GAMMA: 0.1
  IMS_PER_BATCH: 128
  LARGE_FC_LR: False
  LOG_PERIOD: 10
  LR_SCHEDULER: cosine
  MARGIN: 0.3
  MAX_EPOCHS: 30
  MOMENTUM: 0.9
  OPTIMIZER_NAME: Adam
  RANGE_ALPHA: 0
  RANGE_BETA: 1
  RANGE_K: 2
  RANGE_LOSS_WEIGHT: 1
  RANGE_MARGIN: 0.3
  SEED: 1111
  STEPS: (20, 25)
  WARMUP_FACTOR: 0.01
  WARMUP_ITERS: 5
  WARMUP_METHOD: linear
  WEIGHT_DECAY: 0.0001
  WEIGHT_DECAY_BIAS: 0.0001
TEST:
  FEAT: 0
  FEAT_NORM: yes
  IMS_PER_BATCH: 128
  MISS: nothing
  NECK_FEAT: before
  RE_RANKING: no
  WEIGHT: 
=> RGB_IR loaded
Dataset statistics:
  ----------------------------------------
  subset   | # ids | # images | # cameras
  ----------------------------------------
  train    |    50 |     8675 |         8
  query    |    50 |     1715 |         8
  gallery  |    50 |     8575 |         8
  ----------------------------------------
data is ready
using Transformer_type: ViT-B-16 as a backbone
Resized position embedding: %s to %s torch.Size([197, 768]) torch.Size([129, 768])
Position embedding resize to height:8 width: 16
Successfully load ckpt!
<All keys matched successfully>
Loading pretrained model from CLIP
camera number is : 8
===========Building DeMo===========
2025-12-08 06:15:57,156 DeMo INFO: DeMo(
  (BACKBONE): build_transformer(
    (base): VisionTransformer(
      (conv1): Conv2d(3, 768, kernel_size=(16, 16), stride=(16, 16), bias=False)
      (ln_pre): LayerNorm((768,), eps=1e-05, elementwise_affine=True)
      (transformer): Transformer(
        (resblocks): Sequential(
          (0): ResidualAttentionBlock(
            (attn): MultiheadAttention(
              (out_proj): NonDynamicallyQuantizableLinear(in_features=768, out_features=768, bias=True)
            )
            (ln_1): LayerNorm((768,), eps=1e-05, elementwise_affine=True)
            (mlp): Sequential(
              (c_fc): Linear(in_features=768, out_features=3072, bias=True)
              (gelu): QuickGELU()
              (c_proj): Linear(in_features=3072, out_features=768, bias=True)
            )
            (ln_2): LayerNorm((768,), eps=1e-05, elementwise_affine=True)
          )
          (1): ResidualAttentionBlock(
            (attn): MultiheadAttention(
              (out_proj): NonDynamicallyQuantizableLinear(in_features=768, out_features=768, bias=True)
            )
            (ln_1): LayerNorm((768,), eps=1e-05, elementwise_affine=True)
            (mlp): Sequential(
              (c_fc): Linear(in_features=768, out_features=3072, bias=True)
              (gelu): QuickGELU()
              (c_proj): Linear(in_features=3072, out_features=768, bias=True)
            )
            (ln_2): LayerNorm((768,), eps=1e-05, elementwise_affine=True)
          )
          (2): ResidualAttentionBlock(
            (attn): MultiheadAttention(
              (out_proj): NonDynamicallyQuantizableLinear(in_features=768, out_features=768, bias=True)
            )
            (ln_1): LayerNorm((768,), eps=1e-05, elementwise_affine=True)
            (mlp): Sequential(
              (c_fc): Linear(in_features=768, out_features=3072, bias=True)
              (gelu): QuickGELU()
              (c_proj): Linear(in_features=3072, out_features=768, bias=True)
            )
            (ln_2): LayerNorm((768,), eps=1e-05, elementwise_affine=True)
          )
          (3): ResidualAttentionBlock(
            (attn): MultiheadAttention(
              (out_proj): NonDynamicallyQuantizableLinear(in_features=768, out_features=768, bias=True)
            )
            (ln_1): LayerNorm((768,), eps=1e-05, elementwise_affine=True)
            (mlp): Sequential(
              (c_fc): Linear(in_features=768, out_features=3072, bias=True)
              (gelu): QuickGELU()
              (c_proj): Linear(in_features=3072, out_features=768, bias=True)
            )
            (ln_2): LayerNorm((768,), eps=1e-05, elementwise_affine=True)
          )
          (4): ResidualAttentionBlock(
            (attn): MultiheadAttention(
              (out_proj): NonDynamicallyQuantizableLinear(in_features=768, out_features=768, bias=True)
            )
            (ln_1): LayerNorm((768,), eps=1e-05, elementwise_affine=True)
            (mlp): Sequential(
              (c_fc): Linear(in_features=768, out_features=3072, bias=True)
              (gelu): QuickGELU()
              (c_proj): Linear(in_features=3072, out_features=768, bias=True)
            )
            (ln_2): LayerNorm((768,), eps=1e-05, elementwise_affine=True)
          )
          (5): ResidualAttentionBlock(
            (attn): MultiheadAttention(
              (out_proj): NonDynamicallyQuantizableLinear(in_features=768, out_features=768, bias=True)
            )
            (ln_1): LayerNorm((768,), eps=1e-05, elementwise_affine=True)
            (mlp): Sequential(
              (c_fc): Linear(in_features=768, out_features=3072, bias=True)
              (gelu): QuickGELU()
              (c_proj): Linear(in_features=3072, out_features=768, bias=True)
            )
            (ln_2): LayerNorm((768,), eps=1e-05, elementwise_affine=True)
          )
          (6): ResidualAttentionBlock(
            (attn): MultiheadAttention(
              (out_proj): NonDynamicallyQuantizableLinear(in_features=768, out_features=768, bias=True)
            )
            (ln_1): LayerNorm((768,), eps=1e-05, elementwise_affine=True)
            (mlp): Sequential(
              (c_fc): Linear(in_features=768, out_features=3072, bias=True)
              (gelu): QuickGELU()
              (c_proj): Linear(in_features=3072, out_features=768, bias=True)
            )
            (ln_2): LayerNorm((768,), eps=1e-05, elementwise_affine=True)
          )
          (7): ResidualAttentionBlock(
            (attn): MultiheadAttention(
              (out_proj): NonDynamicallyQuantizableLinear(in_features=768, out_features=768, bias=True)
            )
            (ln_1): LayerNorm((768,), eps=1e-05, elementwise_affine=True)
            (mlp): Sequential(
              (c_fc): Linear(in_features=768, out_features=3072, bias=True)
              (gelu): QuickGELU()
              (c_proj): Linear(in_features=3072, out_features=768, bias=True)
            )
            (ln_2): LayerNorm((768,), eps=1e-05, elementwise_affine=True)
          )
          (8): ResidualAttentionBlock(
            (attn): MultiheadAttention(
              (out_proj): NonDynamicallyQuantizableLinear(in_features=768, out_features=768, bias=True)
            )
            (ln_1): LayerNorm((768,), eps=1e-05, elementwise_affine=True)
            (mlp): Sequential(
              (c_fc): Linear(in_features=768, out_features=3072, bias=True)
              (gelu): QuickGELU()
              (c_proj): Linear(in_features=3072, out_features=768, bias=True)
            )
            (ln_2): LayerNorm((768,), eps=1e-05, elementwise_affine=True)
          )
          (9): ResidualAttentionBlock(
            (attn): MultiheadAttention(
              (out_proj): NonDynamicallyQuantizableLinear(in_features=768, out_features=768, bias=True)
            )
            (ln_1): LayerNorm((768,), eps=1e-05, elementwise_affine=True)
            (mlp): Sequential(
              (c_fc): Linear(in_features=768, out_features=3072, bias=True)
              (gelu): QuickGELU()
              (c_proj): Linear(in_features=3072, out_features=768, bias=True)
            )
            (ln_2): LayerNorm((768,), eps=1e-05, elementwise_affine=True)
          )
          (10): ResidualAttentionBlock(
            (attn): MultiheadAttention(
              (out_proj): NonDynamicallyQuantizableLinear(in_features=768, out_features=768, bias=True)
            )
            (ln_1): LayerNorm((768,), eps=1e-05, elementwise_affine=True)
            (mlp): Sequential(
              (c_fc): Linear(in_features=768, out_features=3072, bias=True)
              (gelu): QuickGELU()
              (c_proj): Linear(in_features=3072, out_features=768, bias=True)
            )
            (ln_2): LayerNorm((768,), eps=1e-05, elementwise_affine=True)
          )
          (11): ResidualAttentionBlock(
            (attn): MultiheadAttention(
              (out_proj): NonDynamicallyQuantizableLinear(in_features=768, out_features=768, bias=True)
            )
            (ln_1): LayerNorm((768,), eps=1e-05, elementwise_affine=True)
            (mlp): Sequential(
              (c_fc): Linear(in_features=768, out_features=3072, bias=True)
              (gelu): QuickGELU()
              (c_proj): Linear(in_features=3072, out_features=768, bias=True)
            )
            (ln_2): LayerNorm((768,), eps=1e-05, elementwise_affine=True)
          )
        )
      )
      (ln_post): LayerNorm((768,), eps=1e-05, elementwise_affine=True)
    )
  )
  (pool): AdaptiveAvgPool1d(output_size=1)
  (rgb_reduce): Sequential(
    (0): LayerNorm((1024,), eps=1e-05, elementwise_affine=True)
    (1): Linear(in_features=1024, out_features=512, bias=True)
    (2): QuickGELU()
  )
  (nir_reduce): Sequential(
    (0): LayerNorm((1024,), eps=1e-05, elementwise_affine=True)
    (1): Linear(in_features=1024, out_features=512, bias=True)
    (2): QuickGELU()
  )
  (tir_reduce): Sequential(
    (0): LayerNorm((1024,), eps=1e-05, elementwise_affine=True)
    (1): Linear(in_features=1024, out_features=512, bias=True)
    (2): QuickGELU()
  )
  (dgaf): DualGatedAdaptiveFusionV3(
    (attn_pool): MultiheadAttention(
      (out_proj): NonDynamicallyQuantizableLinear(in_features=512, out_features=512, bias=True)
    )
    (attn_norm): LayerNorm((512,), eps=1e-05, elementwise_affine=True)
    (entropy_proj): Linear(in_features=512, out_features=512, bias=True)
    (gate_net): Sequential(
      (0): Linear(in_features=1536, out_features=512, bias=True)
      (1): LayerNorm((512,), eps=1e-05, elementwise_affine=True)
      (2): ReLU(inplace=True)
      (3): Linear(in_features=512, out_features=3, bias=True)
      (4): Sigmoid()
    )
    (modal_enhance): Sequential(
      (0): Linear(in_features=512, out_features=512, bias=True)
      (1): LayerNorm((512,), eps=1e-05, elementwise_affine=True)
    )
  )
  (classifier_dgaf): Linear(in_features=1536, out_features=50, bias=False)
  (bottleneck_dgaf): BatchNorm1d(1536, eps=1e-05, momentum=0.1, affine=True, track_running_stats=True)
  (classifier): Linear(in_features=1536, out_features=50, bias=False)
  (bottleneck): BatchNorm1d(1536, eps=1e-05, momentum=0.1, affine=True, track_running_stats=True)
)
2025-12-08 06:15:57,157 DeMo INFO: number of parameters:90.252804
/home/yij/miniconda3/envs/DeMo/lib/python3.8/site-packages/timm/models/helpers.py:7: FutureWarning: Importing from timm.models.helpers is deprecated, please import via timm.models
  warnings.warn(f"Importing from {__name__} is deprecated, please import via timm.models", FutureWarning)
/home/yij/miniconda3/envs/DeMo/lib/python3.8/site-packages/timm/models/registry.py:4: FutureWarning: Importing from timm.models.registry is deprecated, please import via timm.models
  warnings.warn(f"Importing from {__name__} is deprecated, please import via timm.models", FutureWarning)
/home/yij/miniconda3/envs/DeMo/lib/python3.8/site-packages/timm/models/layers/__init__.py:48: FutureWarning: Importing from timm.models.layers is deprecated, please import via timm.layers
  warnings.warn(f"Importing from {__name__} is deprecated, please import via timm.layers", FutureWarning)
/raid/yij/icme/demo2new/DeMo2/modeling/clip/clip.py:23: UserWarning: PyTorch version 1.7.1 or higher is recommended
  warnings.warn("PyTorch version 1.7.1 or higher is recommended")
/home/yij/miniconda3/envs/DeMo/lib/python3.8/site-packages/torchvision/transforms/transforms.py:329: UserWarning: Argument 'interpolation' of type int is deprecated since 0.13 and will be removed in 0.15. Please use InterpolationMode enum.
  warnings.warn(
Unsupported operator aten::log encountered 3 time(s)
The following submodules of the model were never called during the trace of the graph. They may be unused, or they were accessed by direct calls to .forward() or via other python methods. In the latter case they will have zeros for statistics, though their statistics will still contribute to their parent calling module.
BACKBONE.base.transformer.resblocks.0.attn.out_proj, BACKBONE.base.transformer.resblocks.1.attn.out_proj, BACKBONE.base.transformer.resblocks.10.attn.out_proj, BACKBONE.base.transformer.resblocks.11.attn.out_proj, BACKBONE.base.transformer.resblocks.2.attn.out_proj, BACKBONE.base.transformer.resblocks.3.attn.out_proj, BACKBONE.base.transformer.resblocks.4.attn.out_proj, BACKBONE.base.transformer.resblocks.5.attn.out_proj, BACKBONE.base.transformer.resblocks.6.attn.out_proj, BACKBONE.base.transformer.resblocks.7.attn.out_proj, BACKBONE.base.transformer.resblocks.8.attn.out_proj, BACKBONE.base.transformer.resblocks.9.attn.out_proj, bottleneck, bottleneck_dgaf, classifier, classifier_dgaf, dgaf.attn_pool.out_proj
~~~~~~~~~~~~~~~~~~~~~~~~~~~~~~~~~~~~~~~~~~~~~~~~~~~~~~~~~~~~~~~~~~~~~~~~~~~~~~~~~~~~~~~~~~~~~~~~
The out_proj here is called by the nn.MultiheadAttention, which has been calculated in th .forward(), so just ignore it.
~~~~~~~~~~~~~~~~~~~~~~~~~~~~~~~~~~~~~~~~~~~~~~~~~~~~~~~~~~~~~~~~~~~~~~~~~~~~~~~~~~~~~~~~~~~~~~~~
For the bottleneck or classifier, it is not calculated during inference, so just ignore it.
~~~~~~~~~~~~~~~~~~~~~~~~~~~~~~~~~~~~~~~~~~~~~~~~~~~~~~~~~~~~~~~~~~~~~~~~~~~~~~~~~~~~~~~~~~~~~~~~
2025-12-08 06:16:00,055 DeMo INFO: number of GFLOPs: 34.48233837099999
using soft triplet loss for training
label smooth on, numclasses: 50
2025-12-08 06:16:00,067 DeMo.train INFO: start training
2025-12-08 06:16:09,280 DeMo.train INFO: Epoch[1] Iteration[10/65] Loss: 9.035, Acc: 0.022, Base Lr: 9.80e-05
2025-12-08 06:16:13,750 DeMo.train INFO: Epoch[1] Iteration[20/65] Loss: 6.613, Acc: 0.055, Base Lr: 9.80e-05
2025-12-08 06:16:18,243 DeMo.train INFO: Epoch[1] Iteration[30/65] Loss: 5.665, Acc: 0.139, Base Lr: 9.80e-05
2025-12-08 06:16:22,726 DeMo.train INFO: Epoch[1] Iteration[40/65] Loss: 5.143, Acc: 0.241, Base Lr: 9.80e-05
2025-12-08 06:16:27,164 DeMo.train INFO: Epoch[1] Iteration[50/65] Loss: 4.818, Acc: 0.299, Base Lr: 9.80e-05
2025-12-08 06:16:31,592 DeMo.train INFO: Epoch[1] Iteration[60/65] Loss: 4.574, Acc: 0.352, Base Lr: 9.80e-05
2025-12-08 06:16:33,074 DeMo.train INFO: Epoch 1 done. Time per batch: 0.524[s] Speed: 244.3[samples/s]
2025-12-08 06:16:33,075 DeMo.train INFO: ~~~~~~~~~~~~~~~~~~~~~~~~~~~~~~~~~~~~~~~~~~~~~~~~~~
2025-12-08 06:16:33,075 DeMo.train INFO: Current is the [moe,ori] feature testing!
2025-12-08 06:16:33,075 DeMo.train INFO: ~~~~~~~~~~~~~~~~~~~~~~~~~~~~~~~~~~~~~~~~~~~~~~~~~~
The test feature is normalized
=> Computing DistMat with euclidean_distance
2025-12-08 06:16:58,482 DeMo.train INFO: Validation Results - Epoch: 1
2025-12-08 06:16:58,482 DeMo.train INFO: mAP: 61.2%
2025-12-08 06:16:58,483 DeMo.train INFO: CMC curve, Rank-1  :84.3%
2025-12-08 06:16:58,484 DeMo.train INFO: CMC curve, Rank-5  :88.0%
2025-12-08 06:16:58,484 DeMo.train INFO: CMC curve, Rank-10 :89.7%
2025-12-08 06:16:58,486 DeMo.train INFO: ~~~~~~~~~~~~~~~~~~~~~~~~~~~~~~~~~~~~~~~~~~~~~~~~~~
2025-12-08 06:17:30,085 DeMo.train INFO: ~~~~~~~~~~~~~~~~~~~~~~~~~~~~~~~~~~~~~~~~~~~~~~~~~~
2025-12-08 06:17:30,086 DeMo.train INFO: Best mAP: 61.2%
2025-12-08 06:17:30,086 DeMo.train INFO: Best Rank-1: 84.3%
2025-12-08 06:17:30,086 DeMo.train INFO: Best Rank-5: 88.0%
2025-12-08 06:17:30,086 DeMo.train INFO: Best Rank-10: 89.7%
2025-12-08 06:17:30,086 DeMo.train INFO: ~~~~~~~~~~~~~~~~~~~~~~~~~~~~~~~~~~~~~~~~~~~~~~~~~~
2025-12-08 06:17:37,188 DeMo.train INFO: Epoch[2] Iteration[10/65] Loss: 2.940, Acc: 0.551, Base Lr: 1.61e-04
2025-12-08 06:17:42,592 DeMo.train INFO: Epoch[2] Iteration[20/65] Loss: 2.682, Acc: 0.564, Base Lr: 1.61e-04
2025-12-08 06:17:47,133 DeMo.train INFO: Epoch[2] Iteration[30/65] Loss: 2.421, Acc: 0.578, Base Lr: 1.61e-04
2025-12-08 06:17:51,672 DeMo.train INFO: Epoch[2] Iteration[40/65] Loss: 2.321, Acc: 0.616, Base Lr: 1.61e-04
2025-12-08 06:17:56,202 DeMo.train INFO: Epoch[2] Iteration[50/65] Loss: 2.197, Acc: 0.603, Base Lr: 1.61e-04
2025-12-08 06:18:00,696 DeMo.train INFO: Epoch[2] Iteration[60/65] Loss: 2.043, Acc: 0.618, Base Lr: 1.61e-04
2025-12-08 06:18:02,172 DeMo.train INFO: Epoch 2 done. Time per batch: 0.509[s] Speed: 251.3[samples/s]
2025-12-08 06:18:02,175 DeMo.train INFO: ~~~~~~~~~~~~~~~~~~~~~~~~~~~~~~~~~~~~~~~~~~~~~~~~~~
2025-12-08 06:18:02,177 DeMo.train INFO: Current is the [moe,ori] feature testing!
2025-12-08 06:18:02,178 DeMo.train INFO: ~~~~~~~~~~~~~~~~~~~~~~~~~~~~~~~~~~~~~~~~~~~~~~~~~~
The test feature is normalized
=> Computing DistMat with euclidean_distance
2025-12-08 06:18:36,445 DeMo.train INFO: Validation Results - Epoch: 2
2025-12-08 06:18:36,446 DeMo.train INFO: mAP: 71.9%
2025-12-08 06:18:36,447 DeMo.train INFO: CMC curve, Rank-1  :87.8%
2025-12-08 06:18:36,449 DeMo.train INFO: CMC curve, Rank-5  :89.8%
2025-12-08 06:18:36,449 DeMo.train INFO: CMC curve, Rank-10 :91.4%
2025-12-08 06:18:36,449 DeMo.train INFO: ~~~~~~~~~~~~~~~~~~~~~~~~~~~~~~~~~~~~~~~~~~~~~~~~~~
2025-12-08 06:19:07,528 DeMo.train INFO: ~~~~~~~~~~~~~~~~~~~~~~~~~~~~~~~~~~~~~~~~~~~~~~~~~~
2025-12-08 06:19:07,528 DeMo.train INFO: Best mAP: 71.9%
2025-12-08 06:19:07,528 DeMo.train INFO: Best Rank-1: 87.8%
2025-12-08 06:19:07,528 DeMo.train INFO: Best Rank-5: 89.8%
2025-12-08 06:19:07,528 DeMo.train INFO: Best Rank-10: 91.4%
2025-12-08 06:19:07,528 DeMo.train INFO: ~~~~~~~~~~~~~~~~~~~~~~~~~~~~~~~~~~~~~~~~~~~~~~~~~~
2025-12-08 06:19:15,182 DeMo.train INFO: Epoch[3] Iteration[10/65] Loss: 1.192, Acc: 0.779, Base Lr: 2.24e-04
2025-12-08 06:19:19,753 DeMo.train INFO: Epoch[3] Iteration[20/65] Loss: 1.035, Acc: 0.838, Base Lr: 2.24e-04
2025-12-08 06:19:24,293 DeMo.train INFO: Epoch[3] Iteration[30/65] Loss: 1.011, Acc: 0.840, Base Lr: 2.24e-04
2025-12-08 06:19:28,801 DeMo.train INFO: Epoch[3] Iteration[40/65] Loss: 0.959, Acc: 0.870, Base Lr: 2.24e-04
2025-12-08 06:19:33,481 DeMo.train INFO: Epoch[3] Iteration[50/65] Loss: 0.904, Acc: 0.883, Base Lr: 2.24e-04
2025-12-08 06:19:38,199 DeMo.train INFO: Epoch[3] Iteration[60/65] Loss: 0.868, Acc: 0.899, Base Lr: 2.24e-04
2025-12-08 06:19:39,289 DeMo.train INFO: Epoch 3 done. Time per batch: 0.512[s] Speed: 249.9[samples/s]
2025-12-08 06:19:39,298 DeMo.train INFO: ~~~~~~~~~~~~~~~~~~~~~~~~~~~~~~~~~~~~~~~~~~~~~~~~~~
2025-12-08 06:19:39,298 DeMo.train INFO: Current is the [moe,ori] feature testing!
2025-12-08 06:19:39,298 DeMo.train INFO: ~~~~~~~~~~~~~~~~~~~~~~~~~~~~~~~~~~~~~~~~~~~~~~~~~~
The test feature is normalized
=> Computing DistMat with euclidean_distance
2025-12-08 06:20:03,550 DeMo.train INFO: Validation Results - Epoch: 3
2025-12-08 06:20:03,550 DeMo.train INFO: mAP: 80.5%
2025-12-08 06:20:03,551 DeMo.train INFO: CMC curve, Rank-1  :93.1%
2025-12-08 06:20:03,552 DeMo.train INFO: CMC curve, Rank-5  :94.5%
2025-12-08 06:20:03,553 DeMo.train INFO: CMC curve, Rank-10 :95.2%
2025-12-08 06:20:03,553 DeMo.train INFO: ~~~~~~~~~~~~~~~~~~~~~~~~~~~~~~~~~~~~~~~~~~~~~~~~~~
2025-12-08 06:20:42,291 DeMo.train INFO: ~~~~~~~~~~~~~~~~~~~~~~~~~~~~~~~~~~~~~~~~~~~~~~~~~~
2025-12-08 06:20:42,293 DeMo.train INFO: Best mAP: 80.5%
2025-12-08 06:20:42,294 DeMo.train INFO: Best Rank-1: 93.1%
2025-12-08 06:20:42,294 DeMo.train INFO: Best Rank-5: 94.5%
2025-12-08 06:20:42,295 DeMo.train INFO: Best Rank-10: 95.2%
2025-12-08 06:20:42,296 DeMo.train INFO: ~~~~~~~~~~~~~~~~~~~~~~~~~~~~~~~~~~~~~~~~~~~~~~~~~~
2025-12-08 06:20:52,927 DeMo.train INFO: Epoch[4] Iteration[10/65] Loss: 0.699, Acc: 0.953, Base Lr: 2.87e-04
2025-12-08 06:20:57,899 DeMo.train INFO: Epoch[4] Iteration[20/65] Loss: 0.607, Acc: 0.969, Base Lr: 2.87e-04
2025-12-08 06:21:02,675 DeMo.train INFO: Epoch[4] Iteration[30/65] Loss: 0.571, Acc: 0.977, Base Lr: 2.87e-04
2025-12-08 06:21:07,263 DeMo.train INFO: Epoch[4] Iteration[40/65] Loss: 0.542, Acc: 0.982, Base Lr: 2.87e-04
2025-12-08 06:21:11,820 DeMo.train INFO: Epoch[4] Iteration[50/65] Loss: 0.526, Acc: 0.985, Base Lr: 2.87e-04
2025-12-08 06:21:16,360 DeMo.train INFO: Epoch[4] Iteration[60/65] Loss: 0.515, Acc: 0.988, Base Lr: 2.87e-04
2025-12-08 06:21:17,888 DeMo.train INFO: Epoch 4 done. Time per batch: 0.565[s] Speed: 226.6[samples/s]
2025-12-08 06:21:17,892 DeMo.train INFO: ~~~~~~~~~~~~~~~~~~~~~~~~~~~~~~~~~~~~~~~~~~~~~~~~~~
2025-12-08 06:21:17,892 DeMo.train INFO: Current is the [moe,ori] feature testing!
2025-12-08 06:21:17,892 DeMo.train INFO: ~~~~~~~~~~~~~~~~~~~~~~~~~~~~~~~~~~~~~~~~~~~~~~~~~~
The test feature is normalized
=> Computing DistMat with euclidean_distance
2025-12-08 06:21:42,367 DeMo.train INFO: Validation Results - Epoch: 4
2025-12-08 06:21:42,368 DeMo.train INFO: mAP: 81.8%
2025-12-08 06:21:42,369 DeMo.train INFO: CMC curve, Rank-1  :93.6%
2025-12-08 06:21:42,369 DeMo.train INFO: CMC curve, Rank-5  :94.8%
2025-12-08 06:21:42,371 DeMo.train INFO: CMC curve, Rank-10 :95.4%
2025-12-08 06:21:42,371 DeMo.train INFO: ~~~~~~~~~~~~~~~~~~~~~~~~~~~~~~~~~~~~~~~~~~~~~~~~~~
2025-12-08 06:22:01,715 DeMo.train INFO: ~~~~~~~~~~~~~~~~~~~~~~~~~~~~~~~~~~~~~~~~~~~~~~~~~~
2025-12-08 06:22:01,715 DeMo.train INFO: Best mAP: 81.8%
2025-12-08 06:22:01,715 DeMo.train INFO: Best Rank-1: 93.6%
2025-12-08 06:22:01,716 DeMo.train INFO: Best Rank-5: 94.8%
2025-12-08 06:22:01,716 DeMo.train INFO: Best Rank-10: 95.4%
2025-12-08 06:22:01,716 DeMo.train INFO: ~~~~~~~~~~~~~~~~~~~~~~~~~~~~~~~~~~~~~~~~~~~~~~~~~~
2025-12-08 06:22:08,757 DeMo.train INFO: Epoch[5] Iteration[10/65] Loss: 0.495, Acc: 0.995, Base Lr: 3.27e-04
2025-12-08 06:22:13,281 DeMo.train INFO: Epoch[5] Iteration[20/65] Loss: 0.479, Acc: 0.997, Base Lr: 3.27e-04
2025-12-08 06:22:17,796 DeMo.train INFO: Epoch[5] Iteration[30/65] Loss: 0.464, Acc: 0.997, Base Lr: 3.27e-04
2025-12-08 06:22:22,296 DeMo.train INFO: Epoch[5] Iteration[40/65] Loss: 0.457, Acc: 0.998, Base Lr: 3.27e-04
2025-12-08 06:22:26,822 DeMo.train INFO: Epoch[5] Iteration[50/65] Loss: 0.451, Acc: 0.998, Base Lr: 3.27e-04
2025-12-08 06:22:31,368 DeMo.train INFO: Epoch[5] Iteration[60/65] Loss: 0.447, Acc: 0.999, Base Lr: 3.27e-04
2025-12-08 06:22:32,877 DeMo.train INFO: Epoch 5 done. Time per batch: 0.495[s] Speed: 258.8[samples/s]
2025-12-08 06:22:32,886 DeMo.train INFO: ~~~~~~~~~~~~~~~~~~~~~~~~~~~~~~~~~~~~~~~~~~~~~~~~~~
2025-12-08 06:22:32,888 DeMo.train INFO: Current is the [moe,ori] feature testing!
2025-12-08 06:22:32,889 DeMo.train INFO: ~~~~~~~~~~~~~~~~~~~~~~~~~~~~~~~~~~~~~~~~~~~~~~~~~~
The test feature is normalized
=> Computing DistMat with euclidean_distance
2025-12-08 06:22:59,251 DeMo.train INFO: Validation Results - Epoch: 5
2025-12-08 06:22:59,251 DeMo.train INFO: mAP: 80.8%
2025-12-08 06:22:59,252 DeMo.train INFO: CMC curve, Rank-1  :94.8%
2025-12-08 06:22:59,253 DeMo.train INFO: CMC curve, Rank-5  :95.6%
2025-12-08 06:22:59,254 DeMo.train INFO: CMC curve, Rank-10 :96.0%
2025-12-08 06:22:59,254 DeMo.train INFO: ~~~~~~~~~~~~~~~~~~~~~~~~~~~~~~~~~~~~~~~~~~~~~~~~~~
2025-12-08 06:23:00,549 DeMo.train INFO: ~~~~~~~~~~~~~~~~~~~~~~~~~~~~~~~~~~~~~~~~~~~~~~~~~~
2025-12-08 06:23:00,550 DeMo.train INFO: Best mAP: 81.8%
2025-12-08 06:23:00,550 DeMo.train INFO: Best Rank-1: 93.6%
2025-12-08 06:23:00,552 DeMo.train INFO: Best Rank-5: 94.8%
2025-12-08 06:23:00,552 DeMo.train INFO: Best Rank-10: 95.4%
2025-12-08 06:23:00,553 DeMo.train INFO: ~~~~~~~~~~~~~~~~~~~~~~~~~~~~~~~~~~~~~~~~~~~~~~~~~~
2025-12-08 06:23:10,104 DeMo.train INFO: Epoch[6] Iteration[10/65] Loss: 0.430, Acc: 0.999, Base Lr: 3.17e-04
2025-12-08 06:23:15,221 DeMo.train INFO: Epoch[6] Iteration[20/65] Loss: 0.420, Acc: 1.000, Base Lr: 3.17e-04
2025-12-08 06:23:19,816 DeMo.train INFO: Epoch[6] Iteration[30/65] Loss: 0.416, Acc: 1.000, Base Lr: 3.17e-04
2025-12-08 06:23:24,434 DeMo.train INFO: Epoch[6] Iteration[40/65] Loss: 0.414, Acc: 1.000, Base Lr: 3.17e-04
2025-12-08 06:23:28,965 DeMo.train INFO: Epoch[6] Iteration[50/65] Loss: 0.412, Acc: 1.000, Base Lr: 3.17e-04
2025-12-08 06:23:33,565 DeMo.train INFO: Epoch[6] Iteration[60/65] Loss: 0.410, Acc: 1.000, Base Lr: 3.17e-04
2025-12-08 06:23:34,765 DeMo.train INFO: Epoch 6 done. Time per batch: 0.552[s] Speed: 232.0[samples/s]
2025-12-08 06:23:34,771 DeMo.train INFO: ~~~~~~~~~~~~~~~~~~~~~~~~~~~~~~~~~~~~~~~~~~~~~~~~~~
2025-12-08 06:23:34,771 DeMo.train INFO: Current is the [moe,ori] feature testing!
2025-12-08 06:23:34,771 DeMo.train INFO: ~~~~~~~~~~~~~~~~~~~~~~~~~~~~~~~~~~~~~~~~~~~~~~~~~~
The test feature is normalized
=> Computing DistMat with euclidean_distance
2025-12-08 06:23:58,966 DeMo.train INFO: Validation Results - Epoch: 6
2025-12-08 06:23:58,966 DeMo.train INFO: mAP: 82.7%
2025-12-08 06:23:58,966 DeMo.train INFO: CMC curve, Rank-1  :94.9%
2025-12-08 06:23:58,966 DeMo.train INFO: CMC curve, Rank-5  :95.6%
2025-12-08 06:23:58,967 DeMo.train INFO: CMC curve, Rank-10 :96.1%
2025-12-08 06:23:58,967 DeMo.train INFO: ~~~~~~~~~~~~~~~~~~~~~~~~~~~~~~~~~~~~~~~~~~~~~~~~~~
2025-12-08 06:24:31,704 DeMo.train INFO: ~~~~~~~~~~~~~~~~~~~~~~~~~~~~~~~~~~~~~~~~~~~~~~~~~~
2025-12-08 06:24:31,705 DeMo.train INFO: Best mAP: 82.7%
2025-12-08 06:24:31,706 DeMo.train INFO: Best Rank-1: 94.9%
2025-12-08 06:24:31,707 DeMo.train INFO: Best Rank-5: 95.6%
2025-12-08 06:24:31,708 DeMo.train INFO: Best Rank-10: 96.1%
2025-12-08 06:24:31,708 DeMo.train INFO: ~~~~~~~~~~~~~~~~~~~~~~~~~~~~~~~~~~~~~~~~~~~~~~~~~~
2025-12-08 06:24:39,502 DeMo.train INFO: Epoch[7] Iteration[10/65] Loss: 0.404, Acc: 1.000, Base Lr: 3.05e-04
2025-12-08 06:24:44,262 DeMo.train INFO: Epoch[7] Iteration[20/65] Loss: 0.403, Acc: 1.000, Base Lr: 3.05e-04
2025-12-08 06:24:48,794 DeMo.train INFO: Epoch[7] Iteration[30/65] Loss: 0.402, Acc: 1.000, Base Lr: 3.05e-04
2025-12-08 06:24:53,300 DeMo.train INFO: Epoch[7] Iteration[40/65] Loss: 0.401, Acc: 1.000, Base Lr: 3.05e-04
2025-12-08 06:24:57,888 DeMo.train INFO: Epoch[7] Iteration[50/65] Loss: 0.400, Acc: 1.000, Base Lr: 3.05e-04
2025-12-08 06:25:02,419 DeMo.train INFO: Epoch[7] Iteration[60/65] Loss: 0.399, Acc: 1.000, Base Lr: 3.05e-04
2025-12-08 06:25:03,472 DeMo.train INFO: Epoch 7 done. Time per batch: 0.512[s] Speed: 249.9[samples/s]
2025-12-08 06:25:03,479 DeMo.train INFO: ~~~~~~~~~~~~~~~~~~~~~~~~~~~~~~~~~~~~~~~~~~~~~~~~~~
2025-12-08 06:25:03,479 DeMo.train INFO: Current is the [moe,ori] feature testing!
2025-12-08 06:25:03,479 DeMo.train INFO: ~~~~~~~~~~~~~~~~~~~~~~~~~~~~~~~~~~~~~~~~~~~~~~~~~~
The test feature is normalized
=> Computing DistMat with euclidean_distance
2025-12-08 06:25:27,407 DeMo.train INFO: Validation Results - Epoch: 7
2025-12-08 06:25:27,407 DeMo.train INFO: mAP: 83.1%
2025-12-08 06:25:27,407 DeMo.train INFO: CMC curve, Rank-1  :94.8%
2025-12-08 06:25:27,407 DeMo.train INFO: CMC curve, Rank-5  :95.5%
2025-12-08 06:25:27,408 DeMo.train INFO: CMC curve, Rank-10 :96.0%
2025-12-08 06:25:27,408 DeMo.train INFO: ~~~~~~~~~~~~~~~~~~~~~~~~~~~~~~~~~~~~~~~~~~~~~~~~~~
2025-12-08 06:25:57,146 DeMo.train INFO: ~~~~~~~~~~~~~~~~~~~~~~~~~~~~~~~~~~~~~~~~~~~~~~~~~~
2025-12-08 06:25:57,148 DeMo.train INFO: Best mAP: 83.1%
2025-12-08 06:25:57,150 DeMo.train INFO: Best Rank-1: 94.8%
2025-12-08 06:25:57,150 DeMo.train INFO: Best Rank-5: 95.5%
2025-12-08 06:25:57,151 DeMo.train INFO: Best Rank-10: 96.0%
2025-12-08 06:25:57,152 DeMo.train INFO: ~~~~~~~~~~~~~~~~~~~~~~~~~~~~~~~~~~~~~~~~~~~~~~~~~~
2025-12-08 06:26:07,756 DeMo.train INFO: Epoch[8] Iteration[10/65] Loss: 0.394, Acc: 1.000, Base Lr: 2.92e-04
2025-12-08 06:26:12,298 DeMo.train INFO: Epoch[8] Iteration[20/65] Loss: 0.394, Acc: 1.000, Base Lr: 2.92e-04
2025-12-08 06:26:16,858 DeMo.train INFO: Epoch[8] Iteration[30/65] Loss: 0.393, Acc: 1.000, Base Lr: 2.92e-04
2025-12-08 06:26:21,375 DeMo.train INFO: Epoch[8] Iteration[40/65] Loss: 0.393, Acc: 1.000, Base Lr: 2.92e-04
2025-12-08 06:26:25,947 DeMo.train INFO: Epoch[8] Iteration[50/65] Loss: 0.392, Acc: 1.000, Base Lr: 2.92e-04
2025-12-08 06:26:30,533 DeMo.train INFO: Epoch[8] Iteration[60/65] Loss: 0.392, Acc: 1.000, Base Lr: 2.92e-04
2025-12-08 06:26:32,056 DeMo.train INFO: Epoch 8 done. Time per batch: 0.554[s] Speed: 231.0[samples/s]
2025-12-08 06:26:32,067 DeMo.train INFO: ~~~~~~~~~~~~~~~~~~~~~~~~~~~~~~~~~~~~~~~~~~~~~~~~~~
2025-12-08 06:26:32,068 DeMo.train INFO: Current is the [moe,ori] feature testing!
2025-12-08 06:26:32,069 DeMo.train INFO: ~~~~~~~~~~~~~~~~~~~~~~~~~~~~~~~~~~~~~~~~~~~~~~~~~~
The test feature is normalized
=> Computing DistMat with euclidean_distance
2025-12-08 06:26:58,441 DeMo.train INFO: Validation Results - Epoch: 8
2025-12-08 06:26:58,443 DeMo.train INFO: mAP: 83.5%
2025-12-08 06:26:58,443 DeMo.train INFO: CMC curve, Rank-1  :94.9%
2025-12-08 06:26:58,444 DeMo.train INFO: CMC curve, Rank-5  :95.7%
2025-12-08 06:26:58,445 DeMo.train INFO: CMC curve, Rank-10 :96.4%
2025-12-08 06:26:58,446 DeMo.train INFO: ~~~~~~~~~~~~~~~~~~~~~~~~~~~~~~~~~~~~~~~~~~~~~~~~~~
2025-12-08 06:27:31,128 DeMo.train INFO: ~~~~~~~~~~~~~~~~~~~~~~~~~~~~~~~~~~~~~~~~~~~~~~~~~~
2025-12-08 06:27:31,132 DeMo.train INFO: Best mAP: 83.5%
2025-12-08 06:27:31,132 DeMo.train INFO: Best Rank-1: 94.9%
2025-12-08 06:27:31,132 DeMo.train INFO: Best Rank-5: 95.7%
2025-12-08 06:27:31,132 DeMo.train INFO: Best Rank-10: 96.4%
2025-12-08 06:27:31,132 DeMo.train INFO: ~~~~~~~~~~~~~~~~~~~~~~~~~~~~~~~~~~~~~~~~~~~~~~~~~~
2025-12-08 06:27:39,152 DeMo.train INFO: Epoch[9] Iteration[10/65] Loss: 0.389, Acc: 1.000, Base Lr: 2.78e-04
2025-12-08 06:27:43,999 DeMo.train INFO: Epoch[9] Iteration[20/65] Loss: 0.389, Acc: 1.000, Base Lr: 2.78e-04
2025-12-08 06:27:48,805 DeMo.train INFO: Epoch[9] Iteration[30/65] Loss: 0.388, Acc: 1.000, Base Lr: 2.78e-04
2025-12-08 06:27:53,433 DeMo.train INFO: Epoch[9] Iteration[40/65] Loss: 0.387, Acc: 1.000, Base Lr: 2.78e-04
2025-12-08 06:27:58,028 DeMo.train INFO: Epoch[9] Iteration[50/65] Loss: 0.387, Acc: 1.000, Base Lr: 2.78e-04
2025-12-08 06:28:02,579 DeMo.train INFO: Epoch[9] Iteration[60/65] Loss: 0.386, Acc: 1.000, Base Lr: 2.78e-04
2025-12-08 06:28:04,081 DeMo.train INFO: Epoch 9 done. Time per batch: 0.523[s] Speed: 244.7[samples/s]
2025-12-08 06:28:04,083 DeMo.train INFO: ~~~~~~~~~~~~~~~~~~~~~~~~~~~~~~~~~~~~~~~~~~~~~~~~~~
2025-12-08 06:28:04,083 DeMo.train INFO: Current is the [moe,ori] feature testing!
2025-12-08 06:28:04,083 DeMo.train INFO: ~~~~~~~~~~~~~~~~~~~~~~~~~~~~~~~~~~~~~~~~~~~~~~~~~~
The test feature is normalized
=> Computing DistMat with euclidean_distance
2025-12-08 06:28:28,126 DeMo.train INFO: Validation Results - Epoch: 9
2025-12-08 06:28:28,128 DeMo.train INFO: mAP: 83.7%
2025-12-08 06:28:28,129 DeMo.train INFO: CMC curve, Rank-1  :95.0%
2025-12-08 06:28:28,129 DeMo.train INFO: CMC curve, Rank-5  :95.9%
2025-12-08 06:28:28,131 DeMo.train INFO: CMC curve, Rank-10 :96.4%
2025-12-08 06:28:28,131 DeMo.train INFO: ~~~~~~~~~~~~~~~~~~~~~~~~~~~~~~~~~~~~~~~~~~~~~~~~~~
2025-12-08 06:29:14,686 DeMo.train INFO: ~~~~~~~~~~~~~~~~~~~~~~~~~~~~~~~~~~~~~~~~~~~~~~~~~~
2025-12-08 06:29:14,687 DeMo.train INFO: Best mAP: 83.7%
2025-12-08 06:29:14,688 DeMo.train INFO: Best Rank-1: 95.0%
2025-12-08 06:29:14,689 DeMo.train INFO: Best Rank-5: 95.9%
2025-12-08 06:29:14,690 DeMo.train INFO: Best Rank-10: 96.4%
2025-12-08 06:29:14,691 DeMo.train INFO: ~~~~~~~~~~~~~~~~~~~~~~~~~~~~~~~~~~~~~~~~~~~~~~~~~~
2025-12-08 06:29:23,770 DeMo.train INFO: Epoch[10] Iteration[10/65] Loss: 0.386, Acc: 1.000, Base Lr: 2.63e-04
2025-12-08 06:29:28,302 DeMo.train INFO: Epoch[10] Iteration[20/65] Loss: 0.386, Acc: 1.000, Base Lr: 2.63e-04
2025-12-08 06:29:32,861 DeMo.train INFO: Epoch[10] Iteration[30/65] Loss: 0.385, Acc: 1.000, Base Lr: 2.63e-04
2025-12-08 06:29:37,384 DeMo.train INFO: Epoch[10] Iteration[40/65] Loss: 0.384, Acc: 1.000, Base Lr: 2.63e-04
2025-12-08 06:29:41,877 DeMo.train INFO: Epoch[10] Iteration[50/65] Loss: 0.383, Acc: 1.000, Base Lr: 2.63e-04
2025-12-08 06:29:46,445 DeMo.train INFO: Epoch[10] Iteration[60/65] Loss: 0.383, Acc: 1.000, Base Lr: 2.63e-04
2025-12-08 06:29:47,502 DeMo.train INFO: Epoch 10 done. Time per batch: 0.529[s] Speed: 241.9[samples/s]
2025-12-08 06:29:47,511 DeMo.train INFO: ~~~~~~~~~~~~~~~~~~~~~~~~~~~~~~~~~~~~~~~~~~~~~~~~~~
2025-12-08 06:29:47,511 DeMo.train INFO: Current is the [moe,ori] feature testing!
2025-12-08 06:29:47,511 DeMo.train INFO: ~~~~~~~~~~~~~~~~~~~~~~~~~~~~~~~~~~~~~~~~~~~~~~~~~~
The test feature is normalized
=> Computing DistMat with euclidean_distance
2025-12-08 06:30:11,789 DeMo.train INFO: Validation Results - Epoch: 10
2025-12-08 06:30:11,791 DeMo.train INFO: mAP: 83.7%
2025-12-08 06:30:11,792 DeMo.train INFO: CMC curve, Rank-1  :94.9%
2025-12-08 06:30:11,792 DeMo.train INFO: CMC curve, Rank-5  :95.7%
2025-12-08 06:30:11,793 DeMo.train INFO: CMC curve, Rank-10 :96.4%
2025-12-08 06:30:11,795 DeMo.train INFO: ~~~~~~~~~~~~~~~~~~~~~~~~~~~~~~~~~~~~~~~~~~~~~~~~~~
2025-12-08 06:30:13,607 DeMo.train INFO: ~~~~~~~~~~~~~~~~~~~~~~~~~~~~~~~~~~~~~~~~~~~~~~~~~~
2025-12-08 06:30:13,609 DeMo.train INFO: Best mAP: 83.7%
2025-12-08 06:30:13,610 DeMo.train INFO: Best Rank-1: 95.0%
2025-12-08 06:30:13,610 DeMo.train INFO: Best Rank-5: 95.9%
2025-12-08 06:30:13,611 DeMo.train INFO: Best Rank-10: 96.4%
2025-12-08 06:30:13,612 DeMo.train INFO: ~~~~~~~~~~~~~~~~~~~~~~~~~~~~~~~~~~~~~~~~~~~~~~~~~~
2025-12-08 06:30:26,848 DeMo.train INFO: Epoch[11] Iteration[10/65] Loss: 0.381, Acc: 1.000, Base Lr: 2.46e-04
2025-12-08 06:30:31,479 DeMo.train INFO: Epoch[11] Iteration[20/65] Loss: 0.383, Acc: 1.000, Base Lr: 2.46e-04
2025-12-08 06:30:36,081 DeMo.train INFO: Epoch[11] Iteration[30/65] Loss: 0.383, Acc: 1.000, Base Lr: 2.46e-04
2025-12-08 06:30:40,566 DeMo.train INFO: Epoch[11] Iteration[40/65] Loss: 0.382, Acc: 1.000, Base Lr: 2.46e-04
2025-12-08 06:30:45,093 DeMo.train INFO: Epoch[11] Iteration[50/65] Loss: 0.382, Acc: 1.000, Base Lr: 2.46e-04
2025-12-08 06:30:49,642 DeMo.train INFO: Epoch[11] Iteration[60/65] Loss: 0.382, Acc: 1.000, Base Lr: 2.46e-04
2025-12-08 06:30:51,188 DeMo.train INFO: Epoch 11 done. Time per batch: 0.596[s] Speed: 214.6[samples/s]
2025-12-08 06:30:51,193 DeMo.train INFO: ~~~~~~~~~~~~~~~~~~~~~~~~~~~~~~~~~~~~~~~~~~~~~~~~~~
2025-12-08 06:30:51,194 DeMo.train INFO: Current is the [moe,ori] feature testing!
2025-12-08 06:30:51,195 DeMo.train INFO: ~~~~~~~~~~~~~~~~~~~~~~~~~~~~~~~~~~~~~~~~~~~~~~~~~~
The test feature is normalized
=> Computing DistMat with euclidean_distance
2025-12-08 06:31:18,402 DeMo.train INFO: Validation Results - Epoch: 11
2025-12-08 06:31:18,403 DeMo.train INFO: mAP: 83.9%
2025-12-08 06:31:18,404 DeMo.train INFO: CMC curve, Rank-1  :94.9%
2025-12-08 06:31:18,404 DeMo.train INFO: CMC curve, Rank-5  :95.8%
2025-12-08 06:31:18,405 DeMo.train INFO: CMC curve, Rank-10 :96.3%
2025-12-08 06:31:18,406 DeMo.train INFO: ~~~~~~~~~~~~~~~~~~~~~~~~~~~~~~~~~~~~~~~~~~~~~~~~~~
2025-12-08 06:32:03,378 DeMo.train INFO: ~~~~~~~~~~~~~~~~~~~~~~~~~~~~~~~~~~~~~~~~~~~~~~~~~~
2025-12-08 06:32:03,379 DeMo.train INFO: Best mAP: 83.9%
2025-12-08 06:32:03,380 DeMo.train INFO: Best Rank-1: 94.9%
2025-12-08 06:32:03,381 DeMo.train INFO: Best Rank-5: 95.8%
2025-12-08 06:32:03,382 DeMo.train INFO: Best Rank-10: 96.3%
2025-12-08 06:32:03,383 DeMo.train INFO: ~~~~~~~~~~~~~~~~~~~~~~~~~~~~~~~~~~~~~~~~~~~~~~~~~~
2025-12-08 06:32:14,612 DeMo.train INFO: Epoch[12] Iteration[10/65] Loss: 0.380, Acc: 1.000, Base Lr: 2.29e-04
2025-12-08 06:32:19,174 DeMo.train INFO: Epoch[12] Iteration[20/65] Loss: 0.380, Acc: 1.000, Base Lr: 2.29e-04
2025-12-08 06:32:23,707 DeMo.train INFO: Epoch[12] Iteration[30/65] Loss: 0.380, Acc: 1.000, Base Lr: 2.29e-04
2025-12-08 06:32:28,228 DeMo.train INFO: Epoch[12] Iteration[40/65] Loss: 0.379, Acc: 1.000, Base Lr: 2.29e-04
2025-12-08 06:32:32,738 DeMo.train INFO: Epoch[12] Iteration[50/65] Loss: 0.379, Acc: 1.000, Base Lr: 2.29e-04
2025-12-08 06:32:37,468 DeMo.train INFO: Epoch[12] Iteration[60/65] Loss: 0.379, Acc: 1.000, Base Lr: 2.29e-04
2025-12-08 06:32:38,996 DeMo.train INFO: Epoch 12 done. Time per batch: 0.565[s] Speed: 226.4[samples/s]
2025-12-08 06:32:39,004 DeMo.train INFO: ~~~~~~~~~~~~~~~~~~~~~~~~~~~~~~~~~~~~~~~~~~~~~~~~~~
2025-12-08 06:32:39,004 DeMo.train INFO: Current is the [moe,ori] feature testing!
2025-12-08 06:32:39,004 DeMo.train INFO: ~~~~~~~~~~~~~~~~~~~~~~~~~~~~~~~~~~~~~~~~~~~~~~~~~~
The test feature is normalized
=> Computing DistMat with euclidean_distance
2025-12-08 06:33:03,328 DeMo.train INFO: Validation Results - Epoch: 12
2025-12-08 06:33:03,328 DeMo.train INFO: mAP: 83.9%
2025-12-08 06:33:03,328 DeMo.train INFO: CMC curve, Rank-1  :95.1%
2025-12-08 06:33:03,328 DeMo.train INFO: CMC curve, Rank-5  :95.9%
2025-12-08 06:33:03,328 DeMo.train INFO: CMC curve, Rank-10 :96.3%
2025-12-08 06:33:03,329 DeMo.train INFO: ~~~~~~~~~~~~~~~~~~~~~~~~~~~~~~~~~~~~~~~~~~~~~~~~~~
2025-12-08 06:33:21,984 DeMo.train INFO: ~~~~~~~~~~~~~~~~~~~~~~~~~~~~~~~~~~~~~~~~~~~~~~~~~~
2025-12-08 06:33:21,984 DeMo.train INFO: Best mAP: 83.9%
2025-12-08 06:33:21,984 DeMo.train INFO: Best Rank-1: 95.1%
2025-12-08 06:33:21,986 DeMo.train INFO: Best Rank-5: 95.9%
2025-12-08 06:33:21,986 DeMo.train INFO: Best Rank-10: 96.3%
2025-12-08 06:33:21,986 DeMo.train INFO: ~~~~~~~~~~~~~~~~~~~~~~~~~~~~~~~~~~~~~~~~~~~~~~~~~~
2025-12-08 06:33:32,631 DeMo.train INFO: Epoch[13] Iteration[10/65] Loss: 0.380, Acc: 1.000, Base Lr: 2.12e-04
2025-12-08 06:33:37,243 DeMo.train INFO: Epoch[13] Iteration[20/65] Loss: 0.379, Acc: 1.000, Base Lr: 2.12e-04
2025-12-08 06:33:41,787 DeMo.train INFO: Epoch[13] Iteration[30/65] Loss: 0.379, Acc: 1.000, Base Lr: 2.12e-04
2025-12-08 06:33:46,372 DeMo.train INFO: Epoch[13] Iteration[40/65] Loss: 0.378, Acc: 1.000, Base Lr: 2.12e-04
2025-12-08 06:33:50,880 DeMo.train INFO: Epoch[13] Iteration[50/65] Loss: 0.378, Acc: 1.000, Base Lr: 2.12e-04
2025-12-08 06:33:55,404 DeMo.train INFO: Epoch[13] Iteration[60/65] Loss: 0.378, Acc: 1.000, Base Lr: 2.12e-04
2025-12-08 06:33:56,926 DeMo.train INFO: Epoch 13 done. Time per batch: 0.555[s] Speed: 230.8[samples/s]
2025-12-08 06:33:56,931 DeMo.train INFO: ~~~~~~~~~~~~~~~~~~~~~~~~~~~~~~~~~~~~~~~~~~~~~~~~~~
2025-12-08 06:33:56,932 DeMo.train INFO: Current is the [moe,ori] feature testing!
2025-12-08 06:33:56,933 DeMo.train INFO: ~~~~~~~~~~~~~~~~~~~~~~~~~~~~~~~~~~~~~~~~~~~~~~~~~~
The test feature is normalized
=> Computing DistMat with euclidean_distance
2025-12-08 06:34:25,231 DeMo.train INFO: Validation Results - Epoch: 13
2025-12-08 06:34:25,231 DeMo.train INFO: mAP: 84.0%
2025-12-08 06:34:25,231 DeMo.train INFO: CMC curve, Rank-1  :95.0%
2025-12-08 06:34:25,231 DeMo.train INFO: CMC curve, Rank-5  :95.7%
2025-12-08 06:34:25,231 DeMo.train INFO: CMC curve, Rank-10 :96.3%
2025-12-08 06:34:25,231 DeMo.train INFO: ~~~~~~~~~~~~~~~~~~~~~~~~~~~~~~~~~~~~~~~~~~~~~~~~~~
2025-12-08 06:34:43,425 DeMo.train INFO: ~~~~~~~~~~~~~~~~~~~~~~~~~~~~~~~~~~~~~~~~~~~~~~~~~~
2025-12-08 06:34:43,426 DeMo.train INFO: Best mAP: 84.0%
2025-12-08 06:34:43,426 DeMo.train INFO: Best Rank-1: 95.0%
2025-12-08 06:34:43,426 DeMo.train INFO: Best Rank-5: 95.7%
2025-12-08 06:34:43,426 DeMo.train INFO: Best Rank-10: 96.3%
2025-12-08 06:34:43,426 DeMo.train INFO: ~~~~~~~~~~~~~~~~~~~~~~~~~~~~~~~~~~~~~~~~~~~~~~~~~~
2025-12-08 06:34:54,860 DeMo.train INFO: Epoch[14] Iteration[10/65] Loss: 0.379, Acc: 1.000, Base Lr: 1.93e-04
2025-12-08 06:34:59,424 DeMo.train INFO: Epoch[14] Iteration[20/65] Loss: 0.379, Acc: 1.000, Base Lr: 1.93e-04
2025-12-08 06:35:03,978 DeMo.train INFO: Epoch[14] Iteration[30/65] Loss: 0.378, Acc: 1.000, Base Lr: 1.93e-04
2025-12-08 06:35:08,555 DeMo.train INFO: Epoch[14] Iteration[40/65] Loss: 0.378, Acc: 1.000, Base Lr: 1.93e-04
2025-12-08 06:35:13,091 DeMo.train INFO: Epoch[14] Iteration[50/65] Loss: 0.378, Acc: 1.000, Base Lr: 1.93e-04
2025-12-08 06:35:17,732 DeMo.train INFO: Epoch[14] Iteration[60/65] Loss: 0.378, Acc: 1.000, Base Lr: 1.93e-04
2025-12-08 06:35:19,257 DeMo.train INFO: Epoch 14 done. Time per batch: 0.569[s] Speed: 225.1[samples/s]
2025-12-08 06:35:19,263 DeMo.train INFO: ~~~~~~~~~~~~~~~~~~~~~~~~~~~~~~~~~~~~~~~~~~~~~~~~~~
2025-12-08 06:35:19,264 DeMo.train INFO: Current is the [moe,ori] feature testing!
2025-12-08 06:35:19,264 DeMo.train INFO: ~~~~~~~~~~~~~~~~~~~~~~~~~~~~~~~~~~~~~~~~~~~~~~~~~~
The test feature is normalized
=> Computing DistMat with euclidean_distance
2025-12-08 06:35:43,950 DeMo.train INFO: Validation Results - Epoch: 14
2025-12-08 06:35:43,950 DeMo.train INFO: mAP: 83.9%
2025-12-08 06:35:43,950 DeMo.train INFO: CMC curve, Rank-1  :95.0%
2025-12-08 06:35:43,951 DeMo.train INFO: CMC curve, Rank-5  :95.9%
2025-12-08 06:35:43,951 DeMo.train INFO: CMC curve, Rank-10 :96.4%
2025-12-08 06:35:43,951 DeMo.train INFO: ~~~~~~~~~~~~~~~~~~~~~~~~~~~~~~~~~~~~~~~~~~~~~~~~~~
2025-12-08 06:35:46,706 DeMo.train INFO: ~~~~~~~~~~~~~~~~~~~~~~~~~~~~~~~~~~~~~~~~~~~~~~~~~~
2025-12-08 06:35:46,706 DeMo.train INFO: Best mAP: 84.0%
2025-12-08 06:35:46,706 DeMo.train INFO: Best Rank-1: 95.0%
2025-12-08 06:35:46,706 DeMo.train INFO: Best Rank-5: 95.7%
2025-12-08 06:35:46,706 DeMo.train INFO: Best Rank-10: 96.3%
2025-12-08 06:35:46,707 DeMo.train INFO: ~~~~~~~~~~~~~~~~~~~~~~~~~~~~~~~~~~~~~~~~~~~~~~~~~~
2025-12-08 06:35:56,834 DeMo.train INFO: Epoch[15] Iteration[10/65] Loss: 0.377, Acc: 1.000, Base Lr: 1.75e-04
2025-12-08 06:36:01,449 DeMo.train INFO: Epoch[15] Iteration[20/65] Loss: 0.377, Acc: 1.000, Base Lr: 1.75e-04
2025-12-08 06:36:06,119 DeMo.train INFO: Epoch[15] Iteration[30/65] Loss: 0.377, Acc: 1.000, Base Lr: 1.75e-04
2025-12-08 06:36:10,659 DeMo.train INFO: Epoch[15] Iteration[40/65] Loss: 0.376, Acc: 1.000, Base Lr: 1.75e-04
2025-12-08 06:36:15,247 DeMo.train INFO: Epoch[15] Iteration[50/65] Loss: 0.376, Acc: 1.000, Base Lr: 1.75e-04
2025-12-08 06:36:19,836 DeMo.train INFO: Epoch[15] Iteration[60/65] Loss: 0.376, Acc: 1.000, Base Lr: 1.75e-04
2025-12-08 06:36:21,411 DeMo.train INFO: Epoch 15 done. Time per batch: 0.551[s] Speed: 232.4[samples/s]
2025-12-08 06:36:21,415 DeMo.train INFO: ~~~~~~~~~~~~~~~~~~~~~~~~~~~~~~~~~~~~~~~~~~~~~~~~~~
2025-12-08 06:36:21,415 DeMo.train INFO: Current is the [moe,ori] feature testing!
2025-12-08 06:36:21,415 DeMo.train INFO: ~~~~~~~~~~~~~~~~~~~~~~~~~~~~~~~~~~~~~~~~~~~~~~~~~~
The test feature is normalized
=> Computing DistMat with euclidean_distance
2025-12-08 06:36:46,678 DeMo.train INFO: Validation Results - Epoch: 15
2025-12-08 06:36:46,679 DeMo.train INFO: mAP: 84.2%
2025-12-08 06:36:46,681 DeMo.train INFO: CMC curve, Rank-1  :95.2%
2025-12-08 06:36:46,682 DeMo.train INFO: CMC curve, Rank-5  :96.0%
2025-12-08 06:36:46,682 DeMo.train INFO: CMC curve, Rank-10 :96.6%
2025-12-08 06:36:46,683 DeMo.train INFO: ~~~~~~~~~~~~~~~~~~~~~~~~~~~~~~~~~~~~~~~~~~~~~~~~~~
2025-12-08 06:37:11,623 DeMo.train INFO: ~~~~~~~~~~~~~~~~~~~~~~~~~~~~~~~~~~~~~~~~~~~~~~~~~~
2025-12-08 06:37:11,623 DeMo.train INFO: Best mAP: 84.2%
2025-12-08 06:37:11,624 DeMo.train INFO: Best Rank-1: 95.2%
2025-12-08 06:37:11,624 DeMo.train INFO: Best Rank-5: 96.0%
2025-12-08 06:37:11,624 DeMo.train INFO: Best Rank-10: 96.6%
2025-12-08 06:37:11,624 DeMo.train INFO: ~~~~~~~~~~~~~~~~~~~~~~~~~~~~~~~~~~~~~~~~~~~~~~~~~~
2025-12-08 06:37:21,122 DeMo.train INFO: Epoch[16] Iteration[10/65] Loss: 0.377, Acc: 1.000, Base Lr: 1.57e-04
2025-12-08 06:37:25,696 DeMo.train INFO: Epoch[16] Iteration[20/65] Loss: 0.376, Acc: 1.000, Base Lr: 1.57e-04
2025-12-08 06:37:30,230 DeMo.train INFO: Epoch[16] Iteration[30/65] Loss: 0.376, Acc: 1.000, Base Lr: 1.57e-04
2025-12-08 06:37:34,789 DeMo.train INFO: Epoch[16] Iteration[40/65] Loss: 0.375, Acc: 1.000, Base Lr: 1.57e-04
2025-12-08 06:37:39,718 DeMo.train INFO: Epoch[16] Iteration[50/65] Loss: 0.375, Acc: 1.000, Base Lr: 1.57e-04
2025-12-08 06:37:44,326 DeMo.train INFO: Epoch[16] Iteration[60/65] Loss: 0.375, Acc: 1.000, Base Lr: 1.57e-04
2025-12-08 06:37:45,840 DeMo.train INFO: Epoch 16 done. Time per batch: 0.543[s] Speed: 235.7[samples/s]
2025-12-08 06:37:45,850 DeMo.train INFO: ~~~~~~~~~~~~~~~~~~~~~~~~~~~~~~~~~~~~~~~~~~~~~~~~~~
2025-12-08 06:37:45,850 DeMo.train INFO: Current is the [moe,ori] feature testing!
2025-12-08 06:37:45,850 DeMo.train INFO: ~~~~~~~~~~~~~~~~~~~~~~~~~~~~~~~~~~~~~~~~~~~~~~~~~~
The test feature is normalized
=> Computing DistMat with euclidean_distance
2025-12-08 06:38:10,115 DeMo.train INFO: Validation Results - Epoch: 16
2025-12-08 06:38:10,115 DeMo.train INFO: mAP: 84.1%
2025-12-08 06:38:10,115 DeMo.train INFO: CMC curve, Rank-1  :95.3%
2025-12-08 06:38:10,115 DeMo.train INFO: CMC curve, Rank-5  :96.2%
2025-12-08 06:38:10,116 DeMo.train INFO: CMC curve, Rank-10 :96.4%
2025-12-08 06:38:10,116 DeMo.train INFO: ~~~~~~~~~~~~~~~~~~~~~~~~~~~~~~~~~~~~~~~~~~~~~~~~~~
2025-12-08 06:38:12,810 DeMo.train INFO: ~~~~~~~~~~~~~~~~~~~~~~~~~~~~~~~~~~~~~~~~~~~~~~~~~~
2025-12-08 06:38:12,811 DeMo.train INFO: Best mAP: 84.2%
2025-12-08 06:38:12,811 DeMo.train INFO: Best Rank-1: 95.2%
2025-12-08 06:38:12,811 DeMo.train INFO: Best Rank-5: 96.0%
2025-12-08 06:38:12,811 DeMo.train INFO: Best Rank-10: 96.6%
2025-12-08 06:38:12,811 DeMo.train INFO: ~~~~~~~~~~~~~~~~~~~~~~~~~~~~~~~~~~~~~~~~~~~~~~~~~~
2025-12-08 06:38:23,070 DeMo.train INFO: Epoch[17] Iteration[10/65] Loss: 0.375, Acc: 1.000, Base Lr: 1.39e-04
2025-12-08 06:38:28,084 DeMo.train INFO: Epoch[17] Iteration[20/65] Loss: 0.375, Acc: 1.000, Base Lr: 1.39e-04
2025-12-08 06:38:32,610 DeMo.train INFO: Epoch[17] Iteration[30/65] Loss: 0.374, Acc: 1.000, Base Lr: 1.39e-04
2025-12-08 06:38:37,348 DeMo.train INFO: Epoch[17] Iteration[40/65] Loss: 0.374, Acc: 1.000, Base Lr: 1.39e-04
2025-12-08 06:38:42,041 DeMo.train INFO: Epoch[17] Iteration[50/65] Loss: 0.374, Acc: 1.000, Base Lr: 1.39e-04
2025-12-08 06:38:46,660 DeMo.train INFO: Epoch[17] Iteration[60/65] Loss: 0.374, Acc: 1.000, Base Lr: 1.39e-04
2025-12-08 06:38:47,705 DeMo.train INFO: Epoch 17 done. Time per batch: 0.563[s] Speed: 227.4[samples/s]
2025-12-08 06:38:47,707 DeMo.train INFO: ~~~~~~~~~~~~~~~~~~~~~~~~~~~~~~~~~~~~~~~~~~~~~~~~~~
2025-12-08 06:38:47,707 DeMo.train INFO: Current is the [moe,ori] feature testing!
2025-12-08 06:38:47,707 DeMo.train INFO: ~~~~~~~~~~~~~~~~~~~~~~~~~~~~~~~~~~~~~~~~~~~~~~~~~~
The test feature is normalized
=> Computing DistMat with euclidean_distance
2025-12-08 06:39:11,860 DeMo.train INFO: Validation Results - Epoch: 17
2025-12-08 06:39:11,860 DeMo.train INFO: mAP: 84.2%
2025-12-08 06:39:11,861 DeMo.train INFO: CMC curve, Rank-1  :95.5%
2025-12-08 06:39:11,862 DeMo.train INFO: CMC curve, Rank-5  :96.1%
2025-12-08 06:39:11,863 DeMo.train INFO: CMC curve, Rank-10 :96.4%
2025-12-08 06:39:11,864 DeMo.train INFO: ~~~~~~~~~~~~~~~~~~~~~~~~~~~~~~~~~~~~~~~~~~~~~~~~~~
2025-12-08 06:39:33,754 DeMo.train INFO: ~~~~~~~~~~~~~~~~~~~~~~~~~~~~~~~~~~~~~~~~~~~~~~~~~~
2025-12-08 06:39:33,756 DeMo.train INFO: Best mAP: 84.2%
2025-12-08 06:39:33,756 DeMo.train INFO: Best Rank-1: 95.5%
2025-12-08 06:39:33,756 DeMo.train INFO: Best Rank-5: 96.1%
2025-12-08 06:39:33,757 DeMo.train INFO: Best Rank-10: 96.4%
2025-12-08 06:39:33,757 DeMo.train INFO: ~~~~~~~~~~~~~~~~~~~~~~~~~~~~~~~~~~~~~~~~~~~~~~~~~~
2025-12-08 06:39:44,095 DeMo.train INFO: Epoch[18] Iteration[10/65] Loss: 0.373, Acc: 1.000, Base Lr: 1.21e-04
2025-12-08 06:39:48,703 DeMo.train INFO: Epoch[18] Iteration[20/65] Loss: 0.373, Acc: 1.000, Base Lr: 1.21e-04
2025-12-08 06:39:53,218 DeMo.train INFO: Epoch[18] Iteration[30/65] Loss: 0.373, Acc: 1.000, Base Lr: 1.21e-04
2025-12-08 06:39:57,816 DeMo.train INFO: Epoch[18] Iteration[40/65] Loss: 0.373, Acc: 1.000, Base Lr: 1.21e-04
2025-12-08 06:40:02,569 DeMo.train INFO: Epoch[18] Iteration[50/65] Loss: 0.372, Acc: 1.000, Base Lr: 1.21e-04
2025-12-08 06:40:07,123 DeMo.train INFO: Epoch[18] Iteration[60/65] Loss: 0.372, Acc: 1.000, Base Lr: 1.21e-04
2025-12-08 06:40:08,651 DeMo.train INFO: Epoch 18 done. Time per batch: 0.554[s] Speed: 231.1[samples/s]
2025-12-08 06:40:08,660 DeMo.train INFO: ~~~~~~~~~~~~~~~~~~~~~~~~~~~~~~~~~~~~~~~~~~~~~~~~~~
2025-12-08 06:40:08,660 DeMo.train INFO: Current is the [moe,ori] feature testing!
2025-12-08 06:40:08,660 DeMo.train INFO: ~~~~~~~~~~~~~~~~~~~~~~~~~~~~~~~~~~~~~~~~~~~~~~~~~~
The test feature is normalized
=> Computing DistMat with euclidean_distance
2025-12-08 06:40:33,587 DeMo.train INFO: Validation Results - Epoch: 18
2025-12-08 06:40:33,588 DeMo.train INFO: mAP: 84.1%
2025-12-08 06:40:33,589 DeMo.train INFO: CMC curve, Rank-1  :95.3%
2025-12-08 06:40:33,589 DeMo.train INFO: CMC curve, Rank-5  :96.0%
2025-12-08 06:40:33,590 DeMo.train INFO: CMC curve, Rank-10 :96.4%
2025-12-08 06:40:33,591 DeMo.train INFO: ~~~~~~~~~~~~~~~~~~~~~~~~~~~~~~~~~~~~~~~~~~~~~~~~~~
2025-12-08 06:40:34,437 DeMo.train INFO: ~~~~~~~~~~~~~~~~~~~~~~~~~~~~~~~~~~~~~~~~~~~~~~~~~~
2025-12-08 06:40:34,438 DeMo.train INFO: Best mAP: 84.2%
2025-12-08 06:40:34,439 DeMo.train INFO: Best Rank-1: 95.5%
2025-12-08 06:40:34,441 DeMo.train INFO: Best Rank-5: 96.1%
2025-12-08 06:40:34,441 DeMo.train INFO: Best Rank-10: 96.4%
2025-12-08 06:40:34,441 DeMo.train INFO: ~~~~~~~~~~~~~~~~~~~~~~~~~~~~~~~~~~~~~~~~~~~~~~~~~~
2025-12-08 06:40:46,753 DeMo.train INFO: Epoch[19] Iteration[10/65] Loss: 0.372, Acc: 1.000, Base Lr: 1.04e-04
2025-12-08 06:40:51,321 DeMo.train INFO: Epoch[19] Iteration[20/65] Loss: 0.373, Acc: 1.000, Base Lr: 1.04e-04
2025-12-08 06:40:55,857 DeMo.train INFO: Epoch[19] Iteration[30/65] Loss: 0.373, Acc: 1.000, Base Lr: 1.04e-04
2025-12-08 06:41:00,401 DeMo.train INFO: Epoch[19] Iteration[40/65] Loss: 0.372, Acc: 1.000, Base Lr: 1.04e-04
2025-12-08 06:41:04,972 DeMo.train INFO: Epoch[19] Iteration[50/65] Loss: 0.372, Acc: 1.000, Base Lr: 1.04e-04
2025-12-08 06:41:09,974 DeMo.train INFO: Epoch[19] Iteration[60/65] Loss: 0.372, Acc: 1.000, Base Lr: 1.04e-04
2025-12-08 06:41:11,511 DeMo.train INFO: Epoch 19 done. Time per batch: 0.588[s] Speed: 217.5[samples/s]
2025-12-08 06:41:11,516 DeMo.train INFO: ~~~~~~~~~~~~~~~~~~~~~~~~~~~~~~~~~~~~~~~~~~~~~~~~~~
2025-12-08 06:41:11,517 DeMo.train INFO: Current is the [moe,ori] feature testing!
2025-12-08 06:41:11,517 DeMo.train INFO: ~~~~~~~~~~~~~~~~~~~~~~~~~~~~~~~~~~~~~~~~~~~~~~~~~~
The test feature is normalized
=> Computing DistMat with euclidean_distance
2025-12-08 06:41:36,561 DeMo.train INFO: Validation Results - Epoch: 19
2025-12-08 06:41:36,561 DeMo.train INFO: mAP: 84.1%
2025-12-08 06:41:36,562 DeMo.train INFO: CMC curve, Rank-1  :95.3%
2025-12-08 06:41:36,562 DeMo.train INFO: CMC curve, Rank-5  :96.2%
2025-12-08 06:41:36,562 DeMo.train INFO: CMC curve, Rank-10 :96.5%
2025-12-08 06:41:36,562 DeMo.train INFO: ~~~~~~~~~~~~~~~~~~~~~~~~~~~~~~~~~~~~~~~~~~~~~~~~~~
2025-12-08 06:41:37,698 DeMo.train INFO: ~~~~~~~~~~~~~~~~~~~~~~~~~~~~~~~~~~~~~~~~~~~~~~~~~~
2025-12-08 06:41:37,698 DeMo.train INFO: Best mAP: 84.2%
2025-12-08 06:41:37,699 DeMo.train INFO: Best Rank-1: 95.5%
2025-12-08 06:41:37,699 DeMo.train INFO: Best Rank-5: 96.1%
2025-12-08 06:41:37,699 DeMo.train INFO: Best Rank-10: 96.4%
2025-12-08 06:41:37,699 DeMo.train INFO: ~~~~~~~~~~~~~~~~~~~~~~~~~~~~~~~~~~~~~~~~~~~~~~~~~~
2025-12-08 06:41:47,414 DeMo.train INFO: Epoch[20] Iteration[10/65] Loss: 0.372, Acc: 1.000, Base Lr: 8.78e-05
2025-12-08 06:41:51,956 DeMo.train INFO: Epoch[20] Iteration[20/65] Loss: 0.372, Acc: 1.000, Base Lr: 8.78e-05
2025-12-08 06:41:56,650 DeMo.train INFO: Epoch[20] Iteration[30/65] Loss: 0.371, Acc: 1.000, Base Lr: 8.78e-05
2025-12-08 06:42:01,629 DeMo.train INFO: Epoch[20] Iteration[40/65] Loss: 0.371, Acc: 1.000, Base Lr: 8.78e-05
2025-12-08 06:42:06,256 DeMo.train INFO: Epoch[20] Iteration[50/65] Loss: 0.371, Acc: 1.000, Base Lr: 8.78e-05
2025-12-08 06:42:10,861 DeMo.train INFO: Epoch[20] Iteration[60/65] Loss: 0.371, Acc: 1.000, Base Lr: 8.78e-05
2025-12-08 06:42:12,368 DeMo.train INFO: Epoch 20 done. Time per batch: 0.550[s] Speed: 232.6[samples/s]
2025-12-08 06:42:12,370 DeMo.train INFO: ~~~~~~~~~~~~~~~~~~~~~~~~~~~~~~~~~~~~~~~~~~~~~~~~~~
2025-12-08 06:42:12,370 DeMo.train INFO: Current is the [moe,ori] feature testing!
2025-12-08 06:42:12,371 DeMo.train INFO: ~~~~~~~~~~~~~~~~~~~~~~~~~~~~~~~~~~~~~~~~~~~~~~~~~~
The test feature is normalized
=> Computing DistMat with euclidean_distance
2025-12-08 06:42:36,659 DeMo.train INFO: Validation Results - Epoch: 20
2025-12-08 06:42:36,659 DeMo.train INFO: mAP: 84.2%
2025-12-08 06:42:36,659 DeMo.train INFO: CMC curve, Rank-1  :95.6%
2025-12-08 06:42:36,660 DeMo.train INFO: CMC curve, Rank-5  :96.2%
2025-12-08 06:42:36,660 DeMo.train INFO: CMC curve, Rank-10 :96.5%
2025-12-08 06:42:36,660 DeMo.train INFO: ~~~~~~~~~~~~~~~~~~~~~~~~~~~~~~~~~~~~~~~~~~~~~~~~~~
2025-12-08 06:42:38,643 DeMo.train INFO: ~~~~~~~~~~~~~~~~~~~~~~~~~~~~~~~~~~~~~~~~~~~~~~~~~~
2025-12-08 06:42:38,644 DeMo.train INFO: Best mAP: 84.2%
2025-12-08 06:42:38,644 DeMo.train INFO: Best Rank-1: 95.5%
2025-12-08 06:42:38,644 DeMo.train INFO: Best Rank-5: 96.1%
2025-12-08 06:42:38,644 DeMo.train INFO: Best Rank-10: 96.4%
2025-12-08 06:42:38,644 DeMo.train INFO: ~~~~~~~~~~~~~~~~~~~~~~~~~~~~~~~~~~~~~~~~~~~~~~~~~~
2025-12-08 06:42:49,110 DeMo.train INFO: Epoch[21] Iteration[10/65] Loss: 0.372, Acc: 1.000, Base Lr: 7.24e-05
2025-12-08 06:42:53,668 DeMo.train INFO: Epoch[21] Iteration[20/65] Loss: 0.371, Acc: 1.000, Base Lr: 7.24e-05
2025-12-08 06:42:58,307 DeMo.train INFO: Epoch[21] Iteration[30/65] Loss: 0.371, Acc: 1.000, Base Lr: 7.24e-05
2025-12-08 06:43:03,239 DeMo.train INFO: Epoch[21] Iteration[40/65] Loss: 0.371, Acc: 1.000, Base Lr: 7.24e-05
2025-12-08 06:43:07,874 DeMo.train INFO: Epoch[21] Iteration[50/65] Loss: 0.371, Acc: 1.000, Base Lr: 7.24e-05
2025-12-08 06:43:12,513 DeMo.train INFO: Epoch[21] Iteration[60/65] Loss: 0.370, Acc: 1.000, Base Lr: 7.24e-05
2025-12-08 06:43:14,054 DeMo.train INFO: Epoch 21 done. Time per batch: 0.562[s] Speed: 227.7[samples/s]
2025-12-08 06:43:14,064 DeMo.train INFO: ~~~~~~~~~~~~~~~~~~~~~~~~~~~~~~~~~~~~~~~~~~~~~~~~~~
2025-12-08 06:43:14,064 DeMo.train INFO: Current is the [moe,ori] feature testing!
2025-12-08 06:43:14,064 DeMo.train INFO: ~~~~~~~~~~~~~~~~~~~~~~~~~~~~~~~~~~~~~~~~~~~~~~~~~~
The test feature is normalized
=> Computing DistMat with euclidean_distance
2025-12-08 06:43:39,345 DeMo.train INFO: Validation Results - Epoch: 21
2025-12-08 06:43:39,345 DeMo.train INFO: mAP: 84.2%
2025-12-08 06:43:39,345 DeMo.train INFO: CMC curve, Rank-1  :95.9%
2025-12-08 06:43:39,345 DeMo.train INFO: CMC curve, Rank-5  :96.3%
2025-12-08 06:43:39,345 DeMo.train INFO: CMC curve, Rank-10 :96.5%
2025-12-08 06:43:39,345 DeMo.train INFO: ~~~~~~~~~~~~~~~~~~~~~~~~~~~~~~~~~~~~~~~~~~~~~~~~~~
2025-12-08 06:44:11,144 DeMo.train INFO: ~~~~~~~~~~~~~~~~~~~~~~~~~~~~~~~~~~~~~~~~~~~~~~~~~~
2025-12-08 06:44:11,144 DeMo.train INFO: Best mAP: 84.2%
2025-12-08 06:44:11,145 DeMo.train INFO: Best Rank-1: 95.9%
2025-12-08 06:44:11,146 DeMo.train INFO: Best Rank-5: 96.3%
2025-12-08 06:44:11,147 DeMo.train INFO: Best Rank-10: 96.5%
2025-12-08 06:44:11,148 DeMo.train INFO: ~~~~~~~~~~~~~~~~~~~~~~~~~~~~~~~~~~~~~~~~~~~~~~~~~~
2025-12-08 06:44:25,036 DeMo.train INFO: Epoch[22] Iteration[10/65] Loss: 0.371, Acc: 1.000, Base Lr: 5.82e-05
2025-12-08 06:44:29,720 DeMo.train INFO: Epoch[22] Iteration[20/65] Loss: 0.370, Acc: 1.000, Base Lr: 5.82e-05
2025-12-08 06:44:34,325 DeMo.train INFO: Epoch[22] Iteration[30/65] Loss: 0.372, Acc: 1.000, Base Lr: 5.82e-05
2025-12-08 06:44:38,885 DeMo.train INFO: Epoch[22] Iteration[40/65] Loss: 0.372, Acc: 1.000, Base Lr: 5.82e-05
2025-12-08 06:44:43,438 DeMo.train INFO: Epoch[22] Iteration[50/65] Loss: 0.371, Acc: 1.000, Base Lr: 5.82e-05
2025-12-08 06:44:47,963 DeMo.train INFO: Epoch[22] Iteration[60/65] Loss: 0.371, Acc: 1.000, Base Lr: 5.82e-05
2025-12-08 06:44:49,022 DeMo.train INFO: Epoch 22 done. Time per batch: 0.611[s] Speed: 209.5[samples/s]
2025-12-08 06:44:49,026 DeMo.train INFO: ~~~~~~~~~~~~~~~~~~~~~~~~~~~~~~~~~~~~~~~~~~~~~~~~~~
2025-12-08 06:44:49,027 DeMo.train INFO: Current is the [moe,ori] feature testing!
2025-12-08 06:44:49,029 DeMo.train INFO: ~~~~~~~~~~~~~~~~~~~~~~~~~~~~~~~~~~~~~~~~~~~~~~~~~~
The test feature is normalized
=> Computing DistMat with euclidean_distance
2025-12-08 06:45:17,019 DeMo.train INFO: Validation Results - Epoch: 22
2025-12-08 06:45:17,019 DeMo.train INFO: mAP: 84.2%
2025-12-08 06:45:17,020 DeMo.train INFO: CMC curve, Rank-1  :95.3%
2025-12-08 06:45:17,020 DeMo.train INFO: CMC curve, Rank-5  :96.0%
2025-12-08 06:45:17,020 DeMo.train INFO: CMC curve, Rank-10 :96.4%
2025-12-08 06:45:17,020 DeMo.train INFO: ~~~~~~~~~~~~~~~~~~~~~~~~~~~~~~~~~~~~~~~~~~~~~~~~~~
2025-12-08 06:45:18,519 DeMo.train INFO: ~~~~~~~~~~~~~~~~~~~~~~~~~~~~~~~~~~~~~~~~~~~~~~~~~~
2025-12-08 06:45:18,519 DeMo.train INFO: Best mAP: 84.2%
2025-12-08 06:45:18,520 DeMo.train INFO: Best Rank-1: 95.9%
2025-12-08 06:45:18,520 DeMo.train INFO: Best Rank-5: 96.3%
2025-12-08 06:45:18,520 DeMo.train INFO: Best Rank-10: 96.5%
2025-12-08 06:45:18,520 DeMo.train INFO: ~~~~~~~~~~~~~~~~~~~~~~~~~~~~~~~~~~~~~~~~~~~~~~~~~~
2025-12-08 06:45:28,111 DeMo.train INFO: Epoch[23] Iteration[10/65] Loss: 0.371, Acc: 1.000, Base Lr: 4.53e-05
2025-12-08 06:45:32,706 DeMo.train INFO: Epoch[23] Iteration[20/65] Loss: 0.370, Acc: 1.000, Base Lr: 4.53e-05
2025-12-08 06:45:37,252 DeMo.train INFO: Epoch[23] Iteration[30/65] Loss: 0.370, Acc: 1.000, Base Lr: 4.53e-05
2025-12-08 06:45:41,814 DeMo.train INFO: Epoch[23] Iteration[40/65] Loss: 0.370, Acc: 1.000, Base Lr: 4.53e-05
2025-12-08 06:45:46,537 DeMo.train INFO: Epoch[23] Iteration[50/65] Loss: 0.370, Acc: 1.000, Base Lr: 4.53e-05
2025-12-08 06:45:51,068 DeMo.train INFO: Epoch[23] Iteration[60/65] Loss: 0.369, Acc: 1.000, Base Lr: 4.53e-05
2025-12-08 06:45:52,582 DeMo.train INFO: Epoch 23 done. Time per batch: 0.541[s] Speed: 236.7[samples/s]
2025-12-08 06:45:52,585 DeMo.train INFO: ~~~~~~~~~~~~~~~~~~~~~~~~~~~~~~~~~~~~~~~~~~~~~~~~~~
2025-12-08 06:45:52,586 DeMo.train INFO: Current is the [moe,ori] feature testing!
2025-12-08 06:45:52,586 DeMo.train INFO: ~~~~~~~~~~~~~~~~~~~~~~~~~~~~~~~~~~~~~~~~~~~~~~~~~~
The test feature is normalized
=> Computing DistMat with euclidean_distance
2025-12-08 06:46:15,825 DeMo.train INFO: Validation Results - Epoch: 23
2025-12-08 06:46:15,828 DeMo.train INFO: mAP: 84.3%
2025-12-08 06:46:15,828 DeMo.train INFO: CMC curve, Rank-1  :95.4%
2025-12-08 06:46:15,829 DeMo.train INFO: CMC curve, Rank-5  :96.3%
2025-12-08 06:46:15,830 DeMo.train INFO: CMC curve, Rank-10 :96.5%
2025-12-08 06:46:15,831 DeMo.train INFO: ~~~~~~~~~~~~~~~~~~~~~~~~~~~~~~~~~~~~~~~~~~~~~~~~~~
2025-12-08 06:46:48,220 DeMo.train INFO: ~~~~~~~~~~~~~~~~~~~~~~~~~~~~~~~~~~~~~~~~~~~~~~~~~~
2025-12-08 06:46:48,220 DeMo.train INFO: Best mAP: 84.3%
2025-12-08 06:46:48,221 DeMo.train INFO: Best Rank-1: 95.4%
2025-12-08 06:46:48,221 DeMo.train INFO: Best Rank-5: 96.3%
2025-12-08 06:46:48,221 DeMo.train INFO: Best Rank-10: 96.5%
2025-12-08 06:46:48,221 DeMo.train INFO: ~~~~~~~~~~~~~~~~~~~~~~~~~~~~~~~~~~~~~~~~~~~~~~~~~~
2025-12-08 06:46:58,116 DeMo.train INFO: Epoch[24] Iteration[10/65] Loss: 0.369, Acc: 1.000, Base Lr: 3.37e-05
2025-12-08 06:47:02,715 DeMo.train INFO: Epoch[24] Iteration[20/65] Loss: 0.369, Acc: 1.000, Base Lr: 3.37e-05
2025-12-08 06:47:07,301 DeMo.train INFO: Epoch[24] Iteration[30/65] Loss: 0.369, Acc: 1.000, Base Lr: 3.37e-05
2025-12-08 06:47:11,851 DeMo.train INFO: Epoch[24] Iteration[40/65] Loss: 0.369, Acc: 1.000, Base Lr: 3.37e-05
2025-12-08 06:47:16,352 DeMo.train INFO: Epoch[24] Iteration[50/65] Loss: 0.369, Acc: 1.000, Base Lr: 3.37e-05
2025-12-08 06:47:20,868 DeMo.train INFO: Epoch[24] Iteration[60/65] Loss: 0.369, Acc: 1.000, Base Lr: 3.37e-05
2025-12-08 06:47:21,929 DeMo.train INFO: Epoch 24 done. Time per batch: 0.544[s] Speed: 235.4[samples/s]
2025-12-08 06:47:21,942 DeMo.train INFO: ~~~~~~~~~~~~~~~~~~~~~~~~~~~~~~~~~~~~~~~~~~~~~~~~~~
2025-12-08 06:47:21,943 DeMo.train INFO: Current is the [moe,ori] feature testing!
2025-12-08 06:47:21,944 DeMo.train INFO: ~~~~~~~~~~~~~~~~~~~~~~~~~~~~~~~~~~~~~~~~~~~~~~~~~~
The test feature is normalized
=> Computing DistMat with euclidean_distance
2025-12-08 06:47:51,218 DeMo.train INFO: Validation Results - Epoch: 24
2025-12-08 06:47:51,218 DeMo.train INFO: mAP: 84.3%
2025-12-08 06:47:51,218 DeMo.train INFO: CMC curve, Rank-1  :95.5%
2025-12-08 06:47:51,218 DeMo.train INFO: CMC curve, Rank-5  :96.2%
2025-12-08 06:47:51,219 DeMo.train INFO: CMC curve, Rank-10 :96.6%
2025-12-08 06:47:51,219 DeMo.train INFO: ~~~~~~~~~~~~~~~~~~~~~~~~~~~~~~~~~~~~~~~~~~~~~~~~~~
2025-12-08 06:47:52,650 DeMo.train INFO: ~~~~~~~~~~~~~~~~~~~~~~~~~~~~~~~~~~~~~~~~~~~~~~~~~~
2025-12-08 06:47:52,651 DeMo.train INFO: Best mAP: 84.3%
2025-12-08 06:47:52,651 DeMo.train INFO: Best Rank-1: 95.4%
2025-12-08 06:47:52,651 DeMo.train INFO: Best Rank-5: 96.3%
2025-12-08 06:47:52,651 DeMo.train INFO: Best Rank-10: 96.5%
2025-12-08 06:47:52,651 DeMo.train INFO: ~~~~~~~~~~~~~~~~~~~~~~~~~~~~~~~~~~~~~~~~~~~~~~~~~~
2025-12-08 06:48:02,668 DeMo.train INFO: Epoch[25] Iteration[10/65] Loss: 0.370, Acc: 1.000, Base Lr: 2.38e-05
2025-12-08 06:48:07,924 DeMo.train INFO: Epoch[25] Iteration[20/65] Loss: 0.369, Acc: 1.000, Base Lr: 2.38e-05
2025-12-08 06:48:12,465 DeMo.train INFO: Epoch[25] Iteration[30/65] Loss: 0.369, Acc: 1.000, Base Lr: 2.38e-05
2025-12-08 06:48:17,019 DeMo.train INFO: Epoch[25] Iteration[40/65] Loss: 0.369, Acc: 1.000, Base Lr: 2.38e-05
2025-12-08 06:48:21,530 DeMo.train INFO: Epoch[25] Iteration[50/65] Loss: 0.369, Acc: 1.000, Base Lr: 2.38e-05
2025-12-08 06:48:26,180 DeMo.train INFO: Epoch[25] Iteration[60/65] Loss: 0.369, Acc: 1.000, Base Lr: 2.38e-05
2025-12-08 06:48:27,299 DeMo.train INFO: Epoch 25 done. Time per batch: 0.559[s] Speed: 229.1[samples/s]
2025-12-08 06:48:27,305 DeMo.train INFO: ~~~~~~~~~~~~~~~~~~~~~~~~~~~~~~~~~~~~~~~~~~~~~~~~~~
2025-12-08 06:48:27,305 DeMo.train INFO: Current is the [moe,ori] feature testing!
2025-12-08 06:48:27,305 DeMo.train INFO: ~~~~~~~~~~~~~~~~~~~~~~~~~~~~~~~~~~~~~~~~~~~~~~~~~~
The test feature is normalized
=> Computing DistMat with euclidean_distance
2025-12-08 06:48:51,199 DeMo.train INFO: Validation Results - Epoch: 25
2025-12-08 06:48:51,200 DeMo.train INFO: mAP: 84.3%
2025-12-08 06:48:51,201 DeMo.train INFO: CMC curve, Rank-1  :95.5%
2025-12-08 06:48:51,202 DeMo.train INFO: CMC curve, Rank-5  :96.3%
2025-12-08 06:48:51,203 DeMo.train INFO: CMC curve, Rank-10 :96.6%
2025-12-08 06:48:51,205 DeMo.train INFO: ~~~~~~~~~~~~~~~~~~~~~~~~~~~~~~~~~~~~~~~~~~~~~~~~~~
2025-12-08 06:49:19,182 DeMo.train INFO: ~~~~~~~~~~~~~~~~~~~~~~~~~~~~~~~~~~~~~~~~~~~~~~~~~~
2025-12-08 06:49:19,183 DeMo.train INFO: Best mAP: 84.3%
2025-12-08 06:49:19,183 DeMo.train INFO: Best Rank-1: 95.5%
2025-12-08 06:49:19,183 DeMo.train INFO: Best Rank-5: 96.3%
2025-12-08 06:49:19,183 DeMo.train INFO: Best Rank-10: 96.6%
2025-12-08 06:49:19,183 DeMo.train INFO: ~~~~~~~~~~~~~~~~~~~~~~~~~~~~~~~~~~~~~~~~~~~~~~~~~~
2025-12-08 06:49:29,776 DeMo.train INFO: Epoch[26] Iteration[10/65] Loss: 0.369, Acc: 1.000, Base Lr: 1.55e-05
2025-12-08 06:49:34,379 DeMo.train INFO: Epoch[26] Iteration[20/65] Loss: 0.368, Acc: 1.000, Base Lr: 1.55e-05
2025-12-08 06:49:38,932 DeMo.train INFO: Epoch[26] Iteration[30/65] Loss: 0.368, Acc: 1.000, Base Lr: 1.55e-05
2025-12-08 06:49:43,507 DeMo.train INFO: Epoch[26] Iteration[40/65] Loss: 0.368, Acc: 1.000, Base Lr: 1.55e-05
2025-12-08 06:49:48,013 DeMo.train INFO: Epoch[26] Iteration[50/65] Loss: 0.369, Acc: 1.000, Base Lr: 1.55e-05
2025-12-08 06:49:52,572 DeMo.train INFO: Epoch[26] Iteration[60/65] Loss: 0.369, Acc: 1.000, Base Lr: 1.55e-05
2025-12-08 06:49:54,329 DeMo.train INFO: Epoch 26 done. Time per batch: 0.558[s] Speed: 229.4[samples/s]
2025-12-08 06:49:54,338 DeMo.train INFO: ~~~~~~~~~~~~~~~~~~~~~~~~~~~~~~~~~~~~~~~~~~~~~~~~~~
2025-12-08 06:49:54,338 DeMo.train INFO: Current is the [moe,ori] feature testing!
2025-12-08 06:49:54,338 DeMo.train INFO: ~~~~~~~~~~~~~~~~~~~~~~~~~~~~~~~~~~~~~~~~~~~~~~~~~~
The test feature is normalized
=> Computing DistMat with euclidean_distance
2025-12-08 06:50:18,151 DeMo.train INFO: Validation Results - Epoch: 26
2025-12-08 06:50:18,152 DeMo.train INFO: mAP: 84.5%
2025-12-08 06:50:18,152 DeMo.train INFO: CMC curve, Rank-1  :95.8%
2025-12-08 06:50:18,152 DeMo.train INFO: CMC curve, Rank-5  :96.5%
2025-12-08 06:50:18,152 DeMo.train INFO: CMC curve, Rank-10 :96.8%
2025-12-08 06:50:18,152 DeMo.train INFO: ~~~~~~~~~~~~~~~~~~~~~~~~~~~~~~~~~~~~~~~~~~~~~~~~~~
2025-12-08 06:50:36,344 DeMo.train INFO: ~~~~~~~~~~~~~~~~~~~~~~~~~~~~~~~~~~~~~~~~~~~~~~~~~~
2025-12-08 06:50:36,348 DeMo.train INFO: Best mAP: 84.5%
2025-12-08 06:50:36,348 DeMo.train INFO: Best Rank-1: 95.8%
2025-12-08 06:50:36,348 DeMo.train INFO: Best Rank-5: 96.5%
2025-12-08 06:50:36,348 DeMo.train INFO: Best Rank-10: 96.8%
2025-12-08 06:50:36,348 DeMo.train INFO: ~~~~~~~~~~~~~~~~~~~~~~~~~~~~~~~~~~~~~~~~~~~~~~~~~~
2025-12-08 06:50:47,565 DeMo.train INFO: Epoch[27] Iteration[10/65] Loss: 0.368, Acc: 1.000, Base Lr: 8.91e-06
2025-12-08 06:50:52,242 DeMo.train INFO: Epoch[27] Iteration[20/65] Loss: 0.369, Acc: 1.000, Base Lr: 8.91e-06
2025-12-08 06:50:56,845 DeMo.train INFO: Epoch[27] Iteration[30/65] Loss: 0.369, Acc: 1.000, Base Lr: 8.91e-06
2025-12-08 06:51:01,739 DeMo.train INFO: Epoch[27] Iteration[40/65] Loss: 0.369, Acc: 1.000, Base Lr: 8.91e-06
2025-12-08 06:51:06,341 DeMo.train INFO: Epoch[27] Iteration[50/65] Loss: 0.369, Acc: 1.000, Base Lr: 8.91e-06
2025-12-08 06:51:10,946 DeMo.train INFO: Epoch[27] Iteration[60/65] Loss: 0.369, Acc: 1.000, Base Lr: 8.91e-06
2025-12-08 06:51:12,602 DeMo.train INFO: Epoch 27 done. Time per batch: 0.575[s] Speed: 222.4[samples/s]
2025-12-08 06:51:12,604 DeMo.train INFO: ~~~~~~~~~~~~~~~~~~~~~~~~~~~~~~~~~~~~~~~~~~~~~~~~~~
2025-12-08 06:51:12,604 DeMo.train INFO: Current is the [moe,ori] feature testing!
2025-12-08 06:51:12,604 DeMo.train INFO: ~~~~~~~~~~~~~~~~~~~~~~~~~~~~~~~~~~~~~~~~~~~~~~~~~~
The test feature is normalized
=> Computing DistMat with euclidean_distance
2025-12-08 06:51:37,447 DeMo.train INFO: Validation Results - Epoch: 27
2025-12-08 06:51:37,447 DeMo.train INFO: mAP: 84.4%
2025-12-08 06:51:37,448 DeMo.train INFO: CMC curve, Rank-1  :95.7%
2025-12-08 06:51:37,448 DeMo.train INFO: CMC curve, Rank-5  :96.4%
2025-12-08 06:51:37,448 DeMo.train INFO: CMC curve, Rank-10 :96.7%
2025-12-08 06:51:37,448 DeMo.train INFO: ~~~~~~~~~~~~~~~~~~~~~~~~~~~~~~~~~~~~~~~~~~~~~~~~~~
2025-12-08 06:51:39,742 DeMo.train INFO: ~~~~~~~~~~~~~~~~~~~~~~~~~~~~~~~~~~~~~~~~~~~~~~~~~~
2025-12-08 06:51:39,743 DeMo.train INFO: Best mAP: 84.5%
2025-12-08 06:51:39,743 DeMo.train INFO: Best Rank-1: 95.8%
2025-12-08 06:51:39,743 DeMo.train INFO: Best Rank-5: 96.5%
2025-12-08 06:51:39,743 DeMo.train INFO: Best Rank-10: 96.8%
2025-12-08 06:51:39,743 DeMo.train INFO: ~~~~~~~~~~~~~~~~~~~~~~~~~~~~~~~~~~~~~~~~~~~~~~~~~~
2025-12-08 06:51:49,859 DeMo.train INFO: Epoch[28] Iteration[10/65] Loss: 0.369, Acc: 1.000, Base Lr: 4.17e-06
2025-12-08 06:51:54,877 DeMo.train INFO: Epoch[28] Iteration[20/65] Loss: 0.369, Acc: 1.000, Base Lr: 4.17e-06
2025-12-08 06:51:59,414 DeMo.train INFO: Epoch[28] Iteration[30/65] Loss: 0.369, Acc: 1.000, Base Lr: 4.17e-06
2025-12-08 06:52:04,400 DeMo.train INFO: Epoch[28] Iteration[40/65] Loss: 0.369, Acc: 1.000, Base Lr: 4.17e-06
2025-12-08 06:52:08,958 DeMo.train INFO: Epoch[28] Iteration[50/65] Loss: 0.369, Acc: 1.000, Base Lr: 4.17e-06
2025-12-08 06:52:13,547 DeMo.train INFO: Epoch[28] Iteration[60/65] Loss: 0.368, Acc: 1.000, Base Lr: 4.17e-06
2025-12-08 06:52:15,088 DeMo.train INFO: Epoch 28 done. Time per batch: 0.561[s] Speed: 228.2[samples/s]
2025-12-08 06:52:15,102 DeMo.train INFO: ~~~~~~~~~~~~~~~~~~~~~~~~~~~~~~~~~~~~~~~~~~~~~~~~~~
2025-12-08 06:52:15,103 DeMo.train INFO: Current is the [moe,ori] feature testing!
2025-12-08 06:52:15,104 DeMo.train INFO: ~~~~~~~~~~~~~~~~~~~~~~~~~~~~~~~~~~~~~~~~~~~~~~~~~~
The test feature is normalized
=> Computing DistMat with euclidean_distance
2025-12-08 06:52:43,981 DeMo.train INFO: Validation Results - Epoch: 28
2025-12-08 06:52:43,981 DeMo.train INFO: mAP: 84.4%
2025-12-08 06:52:43,981 DeMo.train INFO: CMC curve, Rank-1  :95.8%
2025-12-08 06:52:43,981 DeMo.train INFO: CMC curve, Rank-5  :96.3%
2025-12-08 06:52:43,981 DeMo.train INFO: CMC curve, Rank-10 :96.6%
2025-12-08 06:52:43,982 DeMo.train INFO: ~~~~~~~~~~~~~~~~~~~~~~~~~~~~~~~~~~~~~~~~~~~~~~~~~~
2025-12-08 06:52:45,393 DeMo.train INFO: ~~~~~~~~~~~~~~~~~~~~~~~~~~~~~~~~~~~~~~~~~~~~~~~~~~
2025-12-08 06:52:45,394 DeMo.train INFO: Best mAP: 84.5%
2025-12-08 06:52:45,394 DeMo.train INFO: Best Rank-1: 95.8%
2025-12-08 06:52:45,394 DeMo.train INFO: Best Rank-5: 96.5%
2025-12-08 06:52:45,394 DeMo.train INFO: Best Rank-10: 96.8%
2025-12-08 06:52:45,394 DeMo.train INFO: ~~~~~~~~~~~~~~~~~~~~~~~~~~~~~~~~~~~~~~~~~~~~~~~~~~
2025-12-08 06:52:55,528 DeMo.train INFO: Epoch[29] Iteration[10/65] Loss: 0.368, Acc: 1.000, Base Lr: 1.31e-06
2025-12-08 06:53:00,332 DeMo.train INFO: Epoch[29] Iteration[20/65] Loss: 0.368, Acc: 1.000, Base Lr: 1.31e-06
2025-12-08 06:53:04,935 DeMo.train INFO: Epoch[29] Iteration[30/65] Loss: 0.368, Acc: 1.000, Base Lr: 1.31e-06
2025-12-08 06:53:09,513 DeMo.train INFO: Epoch[29] Iteration[40/65] Loss: 0.368, Acc: 1.000, Base Lr: 1.31e-06
2025-12-08 06:53:14,053 DeMo.train INFO: Epoch[29] Iteration[50/65] Loss: 0.368, Acc: 1.000, Base Lr: 1.31e-06
2025-12-08 06:53:18,673 DeMo.train INFO: Epoch[29] Iteration[60/65] Loss: 0.368, Acc: 1.000, Base Lr: 1.31e-06
2025-12-08 06:53:19,806 DeMo.train INFO: Epoch 29 done. Time per batch: 0.555[s] Speed: 230.6[samples/s]
2025-12-08 06:53:19,810 DeMo.train INFO: ~~~~~~~~~~~~~~~~~~~~~~~~~~~~~~~~~~~~~~~~~~~~~~~~~~
2025-12-08 06:53:19,810 DeMo.train INFO: Current is the [moe,ori] feature testing!
2025-12-08 06:53:19,810 DeMo.train INFO: ~~~~~~~~~~~~~~~~~~~~~~~~~~~~~~~~~~~~~~~~~~~~~~~~~~
The test feature is normalized
=> Computing DistMat with euclidean_distance
2025-12-08 06:53:43,790 DeMo.train INFO: Validation Results - Epoch: 29
2025-12-08 06:53:43,791 DeMo.train INFO: mAP: 84.3%
2025-12-08 06:53:43,791 DeMo.train INFO: CMC curve, Rank-1  :95.7%
2025-12-08 06:53:43,791 DeMo.train INFO: CMC curve, Rank-5  :96.4%
2025-12-08 06:53:43,791 DeMo.train INFO: CMC curve, Rank-10 :96.6%
2025-12-08 06:53:43,791 DeMo.train INFO: ~~~~~~~~~~~~~~~~~~~~~~~~~~~~~~~~~~~~~~~~~~~~~~~~~~
2025-12-08 06:53:46,113 DeMo.train INFO: ~~~~~~~~~~~~~~~~~~~~~~~~~~~~~~~~~~~~~~~~~~~~~~~~~~
2025-12-08 06:53:46,113 DeMo.train INFO: Best mAP: 84.5%
2025-12-08 06:53:46,114 DeMo.train INFO: Best Rank-1: 95.8%
2025-12-08 06:53:46,114 DeMo.train INFO: Best Rank-5: 96.5%
2025-12-08 06:53:46,114 DeMo.train INFO: Best Rank-10: 96.8%
2025-12-08 06:53:46,114 DeMo.train INFO: ~~~~~~~~~~~~~~~~~~~~~~~~~~~~~~~~~~~~~~~~~~~~~~~~~~
2025-12-08 06:53:56,234 DeMo.train INFO: Epoch[30] Iteration[10/65] Loss: 0.369, Acc: 1.000, Base Lr: 3.50e-07
2025-12-08 06:54:01,455 DeMo.train INFO: Epoch[30] Iteration[20/65] Loss: 0.369, Acc: 1.000, Base Lr: 3.50e-07
2025-12-08 06:54:06,004 DeMo.train INFO: Epoch[30] Iteration[30/65] Loss: 0.368, Acc: 1.000, Base Lr: 3.50e-07
2025-12-08 06:54:10,535 DeMo.train INFO: Epoch[30] Iteration[40/65] Loss: 0.368, Acc: 1.000, Base Lr: 3.50e-07
2025-12-08 06:54:15,121 DeMo.train INFO: Epoch[30] Iteration[50/65] Loss: 0.368, Acc: 1.000, Base Lr: 3.50e-07
2025-12-08 06:54:19,845 DeMo.train INFO: Epoch[30] Iteration[60/65] Loss: 0.368, Acc: 1.000, Base Lr: 3.50e-07
2025-12-08 06:54:20,946 DeMo.train INFO: Epoch 30 done. Time per batch: 0.562[s] Speed: 227.8[samples/s]
2025-12-08 06:54:20,950 DeMo.train INFO: ~~~~~~~~~~~~~~~~~~~~~~~~~~~~~~~~~~~~~~~~~~~~~~~~~~
2025-12-08 06:54:20,950 DeMo.train INFO: Current is the [moe,ori] feature testing!
2025-12-08 06:54:20,950 DeMo.train INFO: ~~~~~~~~~~~~~~~~~~~~~~~~~~~~~~~~~~~~~~~~~~~~~~~~~~
The test feature is normalized
=> Computing DistMat with euclidean_distance
2025-12-08 06:54:45,221 DeMo.train INFO: Validation Results - Epoch: 30
2025-12-08 06:54:45,221 DeMo.train INFO: mAP: 84.3%
2025-12-08 06:54:45,221 DeMo.train INFO: CMC curve, Rank-1  :95.8%
2025-12-08 06:54:45,221 DeMo.train INFO: CMC curve, Rank-5  :96.3%
2025-12-08 06:54:45,221 DeMo.train INFO: CMC curve, Rank-10 :96.6%
2025-12-08 06:54:45,221 DeMo.train INFO: ~~~~~~~~~~~~~~~~~~~~~~~~~~~~~~~~~~~~~~~~~~~~~~~~~~
2025-12-08 06:54:47,302 DeMo.train INFO: ~~~~~~~~~~~~~~~~~~~~~~~~~~~~~~~~~~~~~~~~~~~~~~~~~~
2025-12-08 06:54:47,303 DeMo.train INFO: Best mAP: 84.5%
2025-12-08 06:54:47,303 DeMo.train INFO: Best Rank-1: 95.8%
2025-12-08 06:54:47,303 DeMo.train INFO: Best Rank-5: 96.5%
2025-12-08 06:54:47,303 DeMo.train INFO: Best Rank-10: 96.8%
2025-12-08 06:54:47,303 DeMo.train INFO: ~~~~~~~~~~~~~~~~~~~~~~~~~~~~~~~~~~~~~~~~~~~~~~~~~~
