2025-12-07 14:24:08,950 DeMo INFO: Saving model in the path :..
2025-12-07 14:24:08,950 DeMo INFO: Namespace(config_file='configs/RGBNT201/DeMo_SDTPS_DGAF_ablation.yml', exp_name='ablation_baseline', fea_cft=0, local_rank=0, opts=['MODEL.USE_SDTPS', 'False', 'MODEL.USE_DGAF', 'False'])
2025-12-07 14:24:08,951 DeMo INFO: Loaded configuration file configs/RGBNT201/DeMo_SDTPS_DGAF_ablation.yml
2025-12-07 14:24:08,951 DeMo INFO: 
MODEL:
  TRANSFORMER_TYPE: 'ViT-B-16'
  STRIDE_SIZE: [ 16, 16 ]
  SIE_CAMERA: True
  DIRECT: 1
  SIE_COE: 1.0
  ID_LOSS_WEIGHT: 0.25
  TRIPLET_LOSS_WEIGHT: 1.0
  GLOBAL_LOCAL: True
  # Disable HDM and ATM
  HDM: False
  ATM: False
  # SACR disabled for ablation
  USE_SACR: False
  USE_MULTIMODAL_SACR: False
  # SDTPS configuration
  USE_SDTPS: True
  SDTPS_SPARSE_RATIO: 0.7
  SDTPS_AGGR_RATIO: 0.5
  SDTPS_BETA: 0.25
  SDTPS_USE_GUMBEL: False
  SDTPS_GUMBEL_TAU: 5.0
  SDTPS_LOSS_WEIGHT: 2.0
  # LIF disabled
  USE_LIF: False
  # DGAF: Dual-Gated Adaptive Fusion
  USE_DGAF: True
  DGAF_VERSION: 'v3'
  DGAF_TAU: 1.0
  DGAF_INIT_ALPHA: 0.5
  DGAF_NUM_HEADS: 8
  HEAD: 4

INPUT:
  SIZE_TRAIN: [ 256, 128 ]
  SIZE_TEST: [ 256, 128 ]
  PROB: 0.5
  RE_PROB: 0.5
  PADDING: 10

DATALOADER:
  SAMPLER: 'softmax_triplet'
  NUM_INSTANCE: 8
  NUM_WORKERS: 14

DATASETS:
  NAMES: ('RGBNT201')
  ROOT_DIR: '..'

SOLVER:
  BASE_LR: 0.00035
  MAX_EPOCHS: 50
  STEPS: [30, 40]
  GAMMA: 0.1
  WARMUP_ITERS: 10
  WARMUP_FACTOR: 0.01
  WARMUP_METHOD: 'linear'
  OPTIMIZER_NAME: 'Adam'
  IMS_PER_BATCH: 64
  EVAL_PERIOD: 1
  CHECKPOINT_PERIOD: 10

TEST:
  IMS_PER_BATCH: 128
  RE_RANKING: 'no'
  WEIGHT: ''
  NECK_FEAT: 'before'
  FEAT_NORM: 'yes'
  MISS: "nothing"

OUTPUT_DIR: '..'

# ============================================================================
# SDTPS + DGAF Ablation Config
# ============================================================================
# - SACR: disabled
# - SDTPS: configurable via command line
# - DGAF V3: configurable via command line
# - Training: lr=0.00035, epochs=50, warmup=10
# - TF32: enabled in train_net.py
# ============================================================================

2025-12-07 14:24:08,952 DeMo INFO: Running with config:
DATALOADER:
  NUM_INSTANCE: 8
  NUM_WORKERS: 14
  SAMPLER: softmax_triplet
DATASETS:
  NAMES: RGBNT201
  ROOT_DIR: ..
INPUT:
  PADDING: 10
  PIXEL_MEAN: [0.5, 0.5, 0.5]
  PIXEL_STD: [0.5, 0.5, 0.5]
  PROB: 0.5
  RE_PROB: 0.5
  SIZE_TEST: [256, 128]
  SIZE_TRAIN: [256, 128]
MODEL:
  ADAPTER: False
  ATM: False
  ATT_DROP_RATE: 0.0
  DEVICE: cuda
  DEVICE_ID: 0
  DGAF_INIT_ALPHA: 0.5
  DGAF_NUM_HEADS: 8
  DGAF_TAU: 1.0
  DGAF_VERSION: v3
  DIRECT: 1
  DIST_TRAIN: False
  DROP_OUT: 0.0
  DROP_PATH: 0.1
  FROZEN: False
  GLOBAL_LOCAL: True
  HDM: False
  HEAD: 4
  ID_LOSS_TYPE: softmax
  ID_LOSS_WEIGHT: 0.25
  IF_LABELSMOOTH: on
  IF_WITH_CENTER: no
  LIF_BETA: 0.4
  LIF_LAYER: 3
  LIF_LOSS_WEIGHT: 0.1
  METRIC_LOSS_TYPE: triplet
  MULTIMODAL_SACR_VERSION: v1
  NAME: DeMo
  NECK: bnneck
  NO_MARGIN: True
  PRETRAIN_PATH_T: /path/to/your/vitb_16_224_21k.pth
  PROMPT: False
  SACR_DILATION_RATES: [2, 3, 4]
  SDTPS_AGGR_RATIO: 0.5
  SDTPS_BETA: 0.25
  SDTPS_GUMBEL_TAU: 5.0
  SDTPS_LOSS_WEIGHT: 2.0
  SDTPS_SPARSE_RATIO: 0.7
  SDTPS_USE_GUMBEL: False
  SIE_CAMERA: True
  SIE_COE: 1.0
  SIE_VIEW: False
  STRIDE_SIZE: [16, 16]
  TRANSFORMER_TYPE: ViT-B-16
  TRIPLET_LOSS_WEIGHT: 1.0
  USE_DGAF: False
  USE_LIF: False
  USE_MULTIMODAL_SACR: False
  USE_SACR: False
  USE_SDTPS: False
OUTPUT_DIR: ..
SOLVER:
  BASE_LR: 0.00035
  BIAS_LR_FACTOR: 2
  CENTER_LOSS_WEIGHT: 0.0005
  CENTER_LR: 0.5
  CHECKPOINT_PERIOD: 10
  CLUSTER_MARGIN: 0.3
  COSINE_MARGIN: 0.5
  COSINE_SCALE: 30
  EVAL_PERIOD: 1
  GAMMA: 0.1
  IMS_PER_BATCH: 64
  LARGE_FC_LR: False
  LOG_PERIOD: 10
  MARGIN: 0.3
  MAX_EPOCHS: 50
  MOMENTUM: 0.9
  OPTIMIZER_NAME: Adam
  RANGE_ALPHA: 0
  RANGE_BETA: 1
  RANGE_K: 2
  RANGE_LOSS_WEIGHT: 1
  RANGE_MARGIN: 0.3
  SEED: 1111
  STEPS: (30, 40)
  WARMUP_FACTOR: 0.01
  WARMUP_ITERS: 10
  WARMUP_METHOD: linear
  WEIGHT_DECAY: 0.0001
  WEIGHT_DECAY_BIAS: 0.0001
TEST:
  FEAT: 0
  FEAT_NORM: yes
  IMS_PER_BATCH: 128
  MISS: nothing
  NECK_FEAT: before
  RE_RANKING: no
  WEIGHT: 
=> RGBNT201 loaded
Dataset statistics:
  ----------------------------------------
  subset   | # ids | # images | # cameras
  ----------------------------------------
  train    |   171 |     3951 |         4
  query    |    30 |      836 |         2
  gallery  |    30 |      836 |         2
  ----------------------------------------
data is ready
using Transformer_type: ViT-B-16 as a backbone
Resized position embedding: %s to %s torch.Size([197, 768]) torch.Size([129, 768])
Position embedding resize to height:16 width: 8
Successfully load ckpt!
<All keys matched successfully>
Loading pretrained model from CLIP
camera number is : 4
===========Building DeMo===========
2025-12-07 14:24:20,121 DeMo INFO: DeMo(
  (BACKBONE): build_transformer(
    (base): VisionTransformer(
      (conv1): Conv2d(3, 768, kernel_size=(16, 16), stride=(16, 16), bias=False)
      (ln_pre): LayerNorm((768,), eps=1e-05, elementwise_affine=True)
      (transformer): Transformer(
        (resblocks): Sequential(
          (0): ResidualAttentionBlock(
            (attn): MultiheadAttention(
              (out_proj): NonDynamicallyQuantizableLinear(in_features=768, out_features=768, bias=True)
            )
            (ln_1): LayerNorm((768,), eps=1e-05, elementwise_affine=True)
            (mlp): Sequential(
              (c_fc): Linear(in_features=768, out_features=3072, bias=True)
              (gelu): QuickGELU()
              (c_proj): Linear(in_features=3072, out_features=768, bias=True)
            )
            (ln_2): LayerNorm((768,), eps=1e-05, elementwise_affine=True)
          )
          (1): ResidualAttentionBlock(
            (attn): MultiheadAttention(
              (out_proj): NonDynamicallyQuantizableLinear(in_features=768, out_features=768, bias=True)
            )
            (ln_1): LayerNorm((768,), eps=1e-05, elementwise_affine=True)
            (mlp): Sequential(
              (c_fc): Linear(in_features=768, out_features=3072, bias=True)
              (gelu): QuickGELU()
              (c_proj): Linear(in_features=3072, out_features=768, bias=True)
            )
            (ln_2): LayerNorm((768,), eps=1e-05, elementwise_affine=True)
          )
          (2): ResidualAttentionBlock(
            (attn): MultiheadAttention(
              (out_proj): NonDynamicallyQuantizableLinear(in_features=768, out_features=768, bias=True)
            )
            (ln_1): LayerNorm((768,), eps=1e-05, elementwise_affine=True)
            (mlp): Sequential(
              (c_fc): Linear(in_features=768, out_features=3072, bias=True)
              (gelu): QuickGELU()
              (c_proj): Linear(in_features=3072, out_features=768, bias=True)
            )
            (ln_2): LayerNorm((768,), eps=1e-05, elementwise_affine=True)
          )
          (3): ResidualAttentionBlock(
            (attn): MultiheadAttention(
              (out_proj): NonDynamicallyQuantizableLinear(in_features=768, out_features=768, bias=True)
            )
            (ln_1): LayerNorm((768,), eps=1e-05, elementwise_affine=True)
            (mlp): Sequential(
              (c_fc): Linear(in_features=768, out_features=3072, bias=True)
              (gelu): QuickGELU()
              (c_proj): Linear(in_features=3072, out_features=768, bias=True)
            )
            (ln_2): LayerNorm((768,), eps=1e-05, elementwise_affine=True)
          )
          (4): ResidualAttentionBlock(
            (attn): MultiheadAttention(
              (out_proj): NonDynamicallyQuantizableLinear(in_features=768, out_features=768, bias=True)
            )
            (ln_1): LayerNorm((768,), eps=1e-05, elementwise_affine=True)
            (mlp): Sequential(
              (c_fc): Linear(in_features=768, out_features=3072, bias=True)
              (gelu): QuickGELU()
              (c_proj): Linear(in_features=3072, out_features=768, bias=True)
            )
            (ln_2): LayerNorm((768,), eps=1e-05, elementwise_affine=True)
          )
          (5): ResidualAttentionBlock(
            (attn): MultiheadAttention(
              (out_proj): NonDynamicallyQuantizableLinear(in_features=768, out_features=768, bias=True)
            )
            (ln_1): LayerNorm((768,), eps=1e-05, elementwise_affine=True)
            (mlp): Sequential(
              (c_fc): Linear(in_features=768, out_features=3072, bias=True)
              (gelu): QuickGELU()
              (c_proj): Linear(in_features=3072, out_features=768, bias=True)
            )
            (ln_2): LayerNorm((768,), eps=1e-05, elementwise_affine=True)
          )
          (6): ResidualAttentionBlock(
            (attn): MultiheadAttention(
              (out_proj): NonDynamicallyQuantizableLinear(in_features=768, out_features=768, bias=True)
            )
            (ln_1): LayerNorm((768,), eps=1e-05, elementwise_affine=True)
            (mlp): Sequential(
              (c_fc): Linear(in_features=768, out_features=3072, bias=True)
              (gelu): QuickGELU()
              (c_proj): Linear(in_features=3072, out_features=768, bias=True)
            )
            (ln_2): LayerNorm((768,), eps=1e-05, elementwise_affine=True)
          )
          (7): ResidualAttentionBlock(
            (attn): MultiheadAttention(
              (out_proj): NonDynamicallyQuantizableLinear(in_features=768, out_features=768, bias=True)
            )
            (ln_1): LayerNorm((768,), eps=1e-05, elementwise_affine=True)
            (mlp): Sequential(
              (c_fc): Linear(in_features=768, out_features=3072, bias=True)
              (gelu): QuickGELU()
              (c_proj): Linear(in_features=3072, out_features=768, bias=True)
            )
            (ln_2): LayerNorm((768,), eps=1e-05, elementwise_affine=True)
          )
          (8): ResidualAttentionBlock(
            (attn): MultiheadAttention(
              (out_proj): NonDynamicallyQuantizableLinear(in_features=768, out_features=768, bias=True)
            )
            (ln_1): LayerNorm((768,), eps=1e-05, elementwise_affine=True)
            (mlp): Sequential(
              (c_fc): Linear(in_features=768, out_features=3072, bias=True)
              (gelu): QuickGELU()
              (c_proj): Linear(in_features=3072, out_features=768, bias=True)
            )
            (ln_2): LayerNorm((768,), eps=1e-05, elementwise_affine=True)
          )
          (9): ResidualAttentionBlock(
            (attn): MultiheadAttention(
              (out_proj): NonDynamicallyQuantizableLinear(in_features=768, out_features=768, bias=True)
            )
            (ln_1): LayerNorm((768,), eps=1e-05, elementwise_affine=True)
            (mlp): Sequential(
              (c_fc): Linear(in_features=768, out_features=3072, bias=True)
              (gelu): QuickGELU()
              (c_proj): Linear(in_features=3072, out_features=768, bias=True)
            )
            (ln_2): LayerNorm((768,), eps=1e-05, elementwise_affine=True)
          )
          (10): ResidualAttentionBlock(
            (attn): MultiheadAttention(
              (out_proj): NonDynamicallyQuantizableLinear(in_features=768, out_features=768, bias=True)
            )
            (ln_1): LayerNorm((768,), eps=1e-05, elementwise_affine=True)
            (mlp): Sequential(
              (c_fc): Linear(in_features=768, out_features=3072, bias=True)
              (gelu): QuickGELU()
              (c_proj): Linear(in_features=3072, out_features=768, bias=True)
            )
            (ln_2): LayerNorm((768,), eps=1e-05, elementwise_affine=True)
          )
          (11): ResidualAttentionBlock(
            (attn): MultiheadAttention(
              (out_proj): NonDynamicallyQuantizableLinear(in_features=768, out_features=768, bias=True)
            )
            (ln_1): LayerNorm((768,), eps=1e-05, elementwise_affine=True)
            (mlp): Sequential(
              (c_fc): Linear(in_features=768, out_features=3072, bias=True)
              (gelu): QuickGELU()
              (c_proj): Linear(in_features=3072, out_features=768, bias=True)
            )
            (ln_2): LayerNorm((768,), eps=1e-05, elementwise_affine=True)
          )
        )
      )
      (ln_post): LayerNorm((768,), eps=1e-05, elementwise_affine=True)
    )
  )
  (pool): AdaptiveAvgPool1d(output_size=1)
  (rgb_reduce): Sequential(
    (0): LayerNorm((1024,), eps=1e-05, elementwise_affine=True)
    (1): Linear(in_features=1024, out_features=512, bias=True)
    (2): QuickGELU()
  )
  (nir_reduce): Sequential(
    (0): LayerNorm((1024,), eps=1e-05, elementwise_affine=True)
    (1): Linear(in_features=1024, out_features=512, bias=True)
    (2): QuickGELU()
  )
  (tir_reduce): Sequential(
    (0): LayerNorm((1024,), eps=1e-05, elementwise_affine=True)
    (1): Linear(in_features=1024, out_features=512, bias=True)
    (2): QuickGELU()
  )
  (classifier): Linear(in_features=1536, out_features=171, bias=False)
  (bottleneck): BatchNorm1d(1536, eps=1e-05, momentum=0.1, affine=True, track_running_stats=True)
)
2025-12-07 14:24:20,123 DeMo INFO: number of parameters:87.988224
/home/yij/miniconda3/envs/DeMo/lib/python3.8/site-packages/timm/models/helpers.py:7: FutureWarning: Importing from timm.models.helpers is deprecated, please import via timm.models
  warnings.warn(f"Importing from {__name__} is deprecated, please import via timm.models", FutureWarning)
/home/yij/miniconda3/envs/DeMo/lib/python3.8/site-packages/timm/models/registry.py:4: FutureWarning: Importing from timm.models.registry is deprecated, please import via timm.models
  warnings.warn(f"Importing from {__name__} is deprecated, please import via timm.models", FutureWarning)
/home/yij/miniconda3/envs/DeMo/lib/python3.8/site-packages/timm/models/layers/__init__.py:48: FutureWarning: Importing from timm.models.layers is deprecated, please import via timm.layers
  warnings.warn(f"Importing from {__name__} is deprecated, please import via timm.layers", FutureWarning)
/raid/yij/icme/demo2new/DeMo2/modeling/clip/clip.py:23: UserWarning: PyTorch version 1.7.1 or higher is recommended
  warnings.warn("PyTorch version 1.7.1 or higher is recommended")
/home/yij/miniconda3/envs/DeMo/lib/python3.8/site-packages/torchvision/transforms/transforms.py:329: UserWarning: Argument 'interpolation' of type int is deprecated since 0.13 and will be removed in 0.15. Please use InterpolationMode enum.
  warnings.warn(
The following submodules of the model were never called during the trace of the graph. They may be unused, or they were accessed by direct calls to .forward() or via other python methods. In the latter case they will have zeros for statistics, though their statistics will still contribute to their parent calling module.
BACKBONE.base.transformer.resblocks.0.attn.out_proj, BACKBONE.base.transformer.resblocks.1.attn.out_proj, BACKBONE.base.transformer.resblocks.10.attn.out_proj, BACKBONE.base.transformer.resblocks.11.attn.out_proj, BACKBONE.base.transformer.resblocks.2.attn.out_proj, BACKBONE.base.transformer.resblocks.3.attn.out_proj, BACKBONE.base.transformer.resblocks.4.attn.out_proj, BACKBONE.base.transformer.resblocks.5.attn.out_proj, BACKBONE.base.transformer.resblocks.6.attn.out_proj, BACKBONE.base.transformer.resblocks.7.attn.out_proj, BACKBONE.base.transformer.resblocks.8.attn.out_proj, BACKBONE.base.transformer.resblocks.9.attn.out_proj, bottleneck, classifier
~~~~~~~~~~~~~~~~~~~~~~~~~~~~~~~~~~~~~~~~~~~~~~~~~~~~~~~~~~~~~~~~~~~~~~~~~~~~~~~~~~~~~~~~~~~~~~~~
The out_proj here is called by the nn.MultiheadAttention, which has been calculated in th .forward(), so just ignore it.
~~~~~~~~~~~~~~~~~~~~~~~~~~~~~~~~~~~~~~~~~~~~~~~~~~~~~~~~~~~~~~~~~~~~~~~~~~~~~~~~~~~~~~~~~~~~~~~~
For the bottleneck or classifier, it is not calculated during inference, so just ignore it.
~~~~~~~~~~~~~~~~~~~~~~~~~~~~~~~~~~~~~~~~~~~~~~~~~~~~~~~~~~~~~~~~~~~~~~~~~~~~~~~~~~~~~~~~~~~~~~~~
2025-12-07 14:24:23,029 DeMo INFO: number of GFLOPs: 34.277168148
using soft triplet loss for training
label smooth on, numclasses: 171
2025-12-07 14:24:23,040 DeMo.train INFO: start training
/home/yij/miniconda3/envs/DeMo/lib/python3.8/site-packages/torch/optim/lr_scheduler.py:138: UserWarning: Detected call of `lr_scheduler.step()` before `optimizer.step()`. In PyTorch 1.1.0 and later, you should call them in the opposite order: `optimizer.step()` before `lr_scheduler.step()`.  Failure to do this will result in PyTorch skipping the first value of the learning rate schedule. See more details at https://pytorch.org/docs/stable/optim.html#how-to-adjust-learning-rate
  warnings.warn("Detected call of `lr_scheduler.step()` before `optimizer.step()`. "
/home/yij/miniconda3/envs/DeMo/lib/python3.8/site-packages/torch/optim/lr_scheduler.py:163: UserWarning: The epoch parameter in `scheduler.step()` was not necessary and is being deprecated where possible. Please use `scheduler.step()` to step the scheduler. During the deprecation, if epoch is different from None, the closed form is used instead of the new chainable form, where available. Please open an issue if you are unable to replicate your use case: https://github.com/pytorch/pytorch/issues/new/choose.
  warnings.warn(EPOCH_DEPRECATION_WARNING, UserWarning)
2025-12-07 14:24:28,559 DeMo.train INFO: Epoch[1] Iteration[10/54] Loss: 3.173, Acc: 0.006, Base Lr: 3.82e-05
2025-12-07 14:24:30,983 DeMo.train INFO: Epoch[1] Iteration[20/54] Loss: 2.846, Acc: 0.027, Base Lr: 3.82e-05
2025-12-07 14:24:33,347 DeMo.train INFO: Epoch[1] Iteration[30/54] Loss: 2.679, Acc: 0.049, Base Lr: 3.82e-05
2025-12-07 14:24:35,721 DeMo.train INFO: Epoch[1] Iteration[40/54] Loss: 2.581, Acc: 0.066, Base Lr: 3.82e-05
2025-12-07 14:24:38,093 DeMo.train INFO: Epoch[1] Iteration[50/54] Loss: 2.514, Acc: 0.074, Base Lr: 3.82e-05
2025-12-07 14:24:38,931 DeMo.train INFO: Epoch 1 done. Time per batch: 0.300[s] Speed: 213.6[samples/s]
2025-12-07 14:24:38,932 DeMo.train INFO: ~~~~~~~~~~~~~~~~~~~~~~~~~~~~~~~~~~~~~~~~~~~~~~~~~~
2025-12-07 14:24:38,932 DeMo.train INFO: Current is the [moe,ori] feature testing!
2025-12-07 14:24:38,932 DeMo.train INFO: ~~~~~~~~~~~~~~~~~~~~~~~~~~~~~~~~~~~~~~~~~~~~~~~~~~
The test feature is normalized
=> Computing DistMat with euclidean_distance
2025-12-07 14:24:45,163 DeMo.train INFO: Validation Results - Epoch: 1
2025-12-07 14:24:45,163 DeMo.train INFO: mAP: 4.7%
2025-12-07 14:24:45,163 DeMo.train INFO: CMC curve, Rank-1  :2.5%
2025-12-07 14:24:45,163 DeMo.train INFO: CMC curve, Rank-5  :10.8%
2025-12-07 14:24:45,163 DeMo.train INFO: CMC curve, Rank-10 :15.6%
2025-12-07 14:24:45,163 DeMo.train INFO: ~~~~~~~~~~~~~~~~~~~~~~~~~~~~~~~~~~~~~~~~~~~~~~~~~~
2025-12-07 14:25:31,176 DeMo.train INFO: ~~~~~~~~~~~~~~~~~~~~~~~~~~~~~~~~~~~~~~~~~~~~~~~~~~
2025-12-07 14:25:31,179 DeMo.train INFO: Best mAP: 4.7%
2025-12-07 14:25:31,181 DeMo.train INFO: Best Rank-1: 2.5%
2025-12-07 14:25:31,184 DeMo.train INFO: Best Rank-5: 10.8%
2025-12-07 14:25:31,185 DeMo.train INFO: Best Rank-10: 15.6%
2025-12-07 14:25:31,188 DeMo.train INFO: ~~~~~~~~~~~~~~~~~~~~~~~~~~~~~~~~~~~~~~~~~~~~~~~~~~
2025-12-07 14:25:41,352 DeMo.train INFO: Epoch[2] Iteration[10/54] Loss: 2.115, Acc: 0.519, Base Lr: 7.28e-05
2025-12-07 14:25:47,297 DeMo.train INFO: Epoch[2] Iteration[20/54] Loss: 2.079, Acc: 0.501, Base Lr: 7.28e-05
2025-12-07 14:25:53,352 DeMo.train INFO: Epoch[2] Iteration[30/54] Loss: 2.060, Acc: 0.508, Base Lr: 7.28e-05
2025-12-07 14:25:55,789 DeMo.train INFO: Epoch[2] Iteration[40/54] Loss: 2.040, Acc: 0.506, Base Lr: 7.28e-05
2025-12-07 14:25:58,180 DeMo.train INFO: Epoch[2] Iteration[50/54] Loss: 2.025, Acc: 0.479, Base Lr: 7.28e-05
2025-12-07 14:25:59,009 DeMo.train INFO: Epoch 2 done. Time per batch: 0.525[s] Speed: 121.9[samples/s]
2025-12-07 14:25:59,010 DeMo.train INFO: ~~~~~~~~~~~~~~~~~~~~~~~~~~~~~~~~~~~~~~~~~~~~~~~~~~
2025-12-07 14:25:59,010 DeMo.train INFO: Current is the [moe,ori] feature testing!
2025-12-07 14:25:59,010 DeMo.train INFO: ~~~~~~~~~~~~~~~~~~~~~~~~~~~~~~~~~~~~~~~~~~~~~~~~~~
The test feature is normalized
=> Computing DistMat with euclidean_distance
2025-12-07 14:26:03,973 DeMo.train INFO: Validation Results - Epoch: 2
2025-12-07 14:26:03,973 DeMo.train INFO: mAP: 9.6%
2025-12-07 14:26:03,973 DeMo.train INFO: CMC curve, Rank-1  :8.6%
2025-12-07 14:26:03,973 DeMo.train INFO: CMC curve, Rank-5  :20.2%
2025-12-07 14:26:03,973 DeMo.train INFO: CMC curve, Rank-10 :27.0%
2025-12-07 14:26:03,973 DeMo.train INFO: ~~~~~~~~~~~~~~~~~~~~~~~~~~~~~~~~~~~~~~~~~~~~~~~~~~
2025-12-07 14:26:35,959 DeMo.train INFO: ~~~~~~~~~~~~~~~~~~~~~~~~~~~~~~~~~~~~~~~~~~~~~~~~~~
2025-12-07 14:26:35,961 DeMo.train INFO: Best mAP: 9.6%
2025-12-07 14:26:35,961 DeMo.train INFO: Best Rank-1: 8.6%
2025-12-07 14:26:35,963 DeMo.train INFO: Best Rank-5: 20.2%
2025-12-07 14:26:35,964 DeMo.train INFO: Best Rank-10: 27.0%
2025-12-07 14:26:35,964 DeMo.train INFO: ~~~~~~~~~~~~~~~~~~~~~~~~~~~~~~~~~~~~~~~~~~~~~~~~~~
2025-12-07 14:26:41,507 DeMo.train INFO: Epoch[3] Iteration[10/54] Loss: 1.782, Acc: 0.748, Base Lr: 1.07e-04
2025-12-07 14:26:43,919 DeMo.train INFO: Epoch[3] Iteration[20/54] Loss: 1.774, Acc: 0.677, Base Lr: 1.07e-04
2025-12-07 14:26:46,306 DeMo.train INFO: Epoch[3] Iteration[30/54] Loss: 1.767, Acc: 0.644, Base Lr: 1.07e-04
2025-12-07 14:26:48,701 DeMo.train INFO: Epoch[3] Iteration[40/54] Loss: 1.743, Acc: 0.625, Base Lr: 1.07e-04
2025-12-07 14:26:51,216 DeMo.train INFO: Epoch[3] Iteration[50/54] Loss: 1.736, Acc: 0.596, Base Lr: 1.07e-04
2025-12-07 14:26:52,067 DeMo.train INFO: Epoch 3 done. Time per batch: 0.304[s] Speed: 210.7[samples/s]
2025-12-07 14:26:52,069 DeMo.train INFO: ~~~~~~~~~~~~~~~~~~~~~~~~~~~~~~~~~~~~~~~~~~~~~~~~~~
2025-12-07 14:26:52,071 DeMo.train INFO: Current is the [moe,ori] feature testing!
2025-12-07 14:26:52,072 DeMo.train INFO: ~~~~~~~~~~~~~~~~~~~~~~~~~~~~~~~~~~~~~~~~~~~~~~~~~~
The test feature is normalized
=> Computing DistMat with euclidean_distance
2025-12-07 14:27:01,208 DeMo.train INFO: Validation Results - Epoch: 3
2025-12-07 14:27:01,209 DeMo.train INFO: mAP: 23.7%
2025-12-07 14:27:01,210 DeMo.train INFO: CMC curve, Rank-1  :24.4%
2025-12-07 14:27:01,210 DeMo.train INFO: CMC curve, Rank-5  :40.1%
2025-12-07 14:27:01,212 DeMo.train INFO: CMC curve, Rank-10 :51.0%
2025-12-07 14:27:01,212 DeMo.train INFO: ~~~~~~~~~~~~~~~~~~~~~~~~~~~~~~~~~~~~~~~~~~~~~~~~~~
2025-12-07 14:27:49,796 DeMo.train INFO: ~~~~~~~~~~~~~~~~~~~~~~~~~~~~~~~~~~~~~~~~~~~~~~~~~~
2025-12-07 14:27:49,797 DeMo.train INFO: Best mAP: 23.7%
2025-12-07 14:27:49,798 DeMo.train INFO: Best Rank-1: 24.4%
2025-12-07 14:27:49,802 DeMo.train INFO: Best Rank-5: 40.1%
2025-12-07 14:27:49,802 DeMo.train INFO: Best Rank-10: 51.0%
2025-12-07 14:27:49,802 DeMo.train INFO: ~~~~~~~~~~~~~~~~~~~~~~~~~~~~~~~~~~~~~~~~~~~~~~~~~~
2025-12-07 14:27:54,497 DeMo.train INFO: Epoch[4] Iteration[10/54] Loss: 1.447, Acc: 0.791, Base Lr: 1.42e-04
2025-12-07 14:27:57,659 DeMo.train INFO: Epoch[4] Iteration[20/54] Loss: 1.415, Acc: 0.777, Base Lr: 1.42e-04
2025-12-07 14:28:00,123 DeMo.train INFO: Epoch[4] Iteration[30/54] Loss: 1.375, Acc: 0.769, Base Lr: 1.42e-04
2025-12-07 14:28:02,497 DeMo.train INFO: Epoch[4] Iteration[40/54] Loss: 1.345, Acc: 0.751, Base Lr: 1.42e-04
2025-12-07 14:28:04,945 DeMo.train INFO: Epoch[4] Iteration[50/54] Loss: 1.325, Acc: 0.728, Base Lr: 1.42e-04
2025-12-07 14:28:05,929 DeMo.train INFO: Epoch 4 done. Time per batch: 0.304[s] Speed: 210.3[samples/s]
2025-12-07 14:28:05,931 DeMo.train INFO: ~~~~~~~~~~~~~~~~~~~~~~~~~~~~~~~~~~~~~~~~~~~~~~~~~~
2025-12-07 14:28:05,931 DeMo.train INFO: Current is the [moe,ori] feature testing!
2025-12-07 14:28:05,931 DeMo.train INFO: ~~~~~~~~~~~~~~~~~~~~~~~~~~~~~~~~~~~~~~~~~~~~~~~~~~
The test feature is normalized
=> Computing DistMat with euclidean_distance
2025-12-07 14:28:10,924 DeMo.train INFO: Validation Results - Epoch: 4
2025-12-07 14:28:10,924 DeMo.train INFO: mAP: 35.6%
2025-12-07 14:28:10,924 DeMo.train INFO: CMC curve, Rank-1  :36.7%
2025-12-07 14:28:10,925 DeMo.train INFO: CMC curve, Rank-5  :51.6%
2025-12-07 14:28:10,925 DeMo.train INFO: CMC curve, Rank-10 :59.8%
2025-12-07 14:28:10,925 DeMo.train INFO: ~~~~~~~~~~~~~~~~~~~~~~~~~~~~~~~~~~~~~~~~~~~~~~~~~~
2025-12-07 14:29:07,696 DeMo.train INFO: ~~~~~~~~~~~~~~~~~~~~~~~~~~~~~~~~~~~~~~~~~~~~~~~~~~
2025-12-07 14:29:07,697 DeMo.train INFO: Best mAP: 35.6%
2025-12-07 14:29:07,698 DeMo.train INFO: Best Rank-1: 36.7%
2025-12-07 14:29:07,700 DeMo.train INFO: Best Rank-5: 51.6%
2025-12-07 14:29:07,701 DeMo.train INFO: Best Rank-10: 59.8%
2025-12-07 14:29:07,703 DeMo.train INFO: ~~~~~~~~~~~~~~~~~~~~~~~~~~~~~~~~~~~~~~~~~~~~~~~~~~
2025-12-07 14:29:18,013 DeMo.train INFO: Epoch[5] Iteration[10/54] Loss: 0.974, Acc: 0.856, Base Lr: 1.77e-04
2025-12-07 14:29:20,581 DeMo.train INFO: Epoch[5] Iteration[20/54] Loss: 0.964, Acc: 0.847, Base Lr: 1.77e-04
2025-12-07 14:29:22,979 DeMo.train INFO: Epoch[5] Iteration[30/54] Loss: 0.952, Acc: 0.823, Base Lr: 1.77e-04
2025-12-07 14:29:25,388 DeMo.train INFO: Epoch[5] Iteration[40/54] Loss: 0.928, Acc: 0.822, Base Lr: 1.77e-04
2025-12-07 14:29:27,775 DeMo.train INFO: Epoch[5] Iteration[50/54] Loss: 0.915, Acc: 0.810, Base Lr: 1.77e-04
2025-12-07 14:29:28,619 DeMo.train INFO: Epoch 5 done. Time per batch: 0.395[s] Speed: 162.2[samples/s]
2025-12-07 14:29:28,620 DeMo.train INFO: ~~~~~~~~~~~~~~~~~~~~~~~~~~~~~~~~~~~~~~~~~~~~~~~~~~
2025-12-07 14:29:28,620 DeMo.train INFO: Current is the [moe,ori] feature testing!
2025-12-07 14:29:28,621 DeMo.train INFO: ~~~~~~~~~~~~~~~~~~~~~~~~~~~~~~~~~~~~~~~~~~~~~~~~~~
The test feature is normalized
=> Computing DistMat with euclidean_distance
2025-12-07 14:29:33,661 DeMo.train INFO: Validation Results - Epoch: 5
2025-12-07 14:29:33,661 DeMo.train INFO: mAP: 47.3%
2025-12-07 14:29:33,661 DeMo.train INFO: CMC curve, Rank-1  :48.3%
2025-12-07 14:29:33,661 DeMo.train INFO: CMC curve, Rank-5  :64.7%
2025-12-07 14:29:33,662 DeMo.train INFO: CMC curve, Rank-10 :73.1%
2025-12-07 14:29:33,662 DeMo.train INFO: ~~~~~~~~~~~~~~~~~~~~~~~~~~~~~~~~~~~~~~~~~~~~~~~~~~
2025-12-07 14:29:58,496 DeMo.train INFO: ~~~~~~~~~~~~~~~~~~~~~~~~~~~~~~~~~~~~~~~~~~~~~~~~~~
2025-12-07 14:29:58,498 DeMo.train INFO: Best mAP: 47.3%
2025-12-07 14:29:58,498 DeMo.train INFO: Best Rank-1: 48.3%
2025-12-07 14:29:58,498 DeMo.train INFO: Best Rank-5: 64.7%
2025-12-07 14:29:58,499 DeMo.train INFO: Best Rank-10: 73.1%
2025-12-07 14:29:58,500 DeMo.train INFO: ~~~~~~~~~~~~~~~~~~~~~~~~~~~~~~~~~~~~~~~~~~~~~~~~~~
2025-12-07 14:30:08,575 DeMo.train INFO: Epoch[6] Iteration[10/54] Loss: 0.655, Acc: 0.859, Base Lr: 2.11e-04
2025-12-07 14:30:11,199 DeMo.train INFO: Epoch[6] Iteration[20/54] Loss: 0.618, Acc: 0.897, Base Lr: 2.11e-04
2025-12-07 14:30:13,576 DeMo.train INFO: Epoch[6] Iteration[30/54] Loss: 0.606, Acc: 0.889, Base Lr: 2.11e-04
2025-12-07 14:30:15,962 DeMo.train INFO: Epoch[6] Iteration[40/54] Loss: 0.607, Acc: 0.898, Base Lr: 2.11e-04
2025-12-07 14:30:18,346 DeMo.train INFO: Epoch[6] Iteration[50/54] Loss: 0.592, Acc: 0.901, Base Lr: 2.11e-04
2025-12-07 14:30:19,189 DeMo.train INFO: Epoch 6 done. Time per batch: 0.390[s] Speed: 164.0[samples/s]
2025-12-07 14:30:19,191 DeMo.train INFO: ~~~~~~~~~~~~~~~~~~~~~~~~~~~~~~~~~~~~~~~~~~~~~~~~~~
2025-12-07 14:30:19,193 DeMo.train INFO: Current is the [moe,ori] feature testing!
2025-12-07 14:30:19,194 DeMo.train INFO: ~~~~~~~~~~~~~~~~~~~~~~~~~~~~~~~~~~~~~~~~~~~~~~~~~~
The test feature is normalized
=> Computing DistMat with euclidean_distance
2025-12-07 14:30:37,448 DeMo.train INFO: Validation Results - Epoch: 6
2025-12-07 14:30:37,449 DeMo.train INFO: mAP: 49.3%
2025-12-07 14:30:37,451 DeMo.train INFO: CMC curve, Rank-1  :48.2%
2025-12-07 14:30:37,452 DeMo.train INFO: CMC curve, Rank-5  :63.3%
2025-12-07 14:30:37,453 DeMo.train INFO: CMC curve, Rank-10 :71.7%
2025-12-07 14:30:37,454 DeMo.train INFO: ~~~~~~~~~~~~~~~~~~~~~~~~~~~~~~~~~~~~~~~~~~~~~~~~~~
2025-12-07 14:31:17,483 DeMo.train INFO: ~~~~~~~~~~~~~~~~~~~~~~~~~~~~~~~~~~~~~~~~~~~~~~~~~~
2025-12-07 14:31:17,484 DeMo.train INFO: Best mAP: 49.3%
2025-12-07 14:31:17,485 DeMo.train INFO: Best Rank-1: 48.2%
2025-12-07 14:31:17,486 DeMo.train INFO: Best Rank-5: 63.3%
2025-12-07 14:31:17,487 DeMo.train INFO: Best Rank-10: 71.7%
2025-12-07 14:31:17,488 DeMo.train INFO: ~~~~~~~~~~~~~~~~~~~~~~~~~~~~~~~~~~~~~~~~~~~~~~~~~~
2025-12-07 14:31:24,058 DeMo.train INFO: Epoch[7] Iteration[10/54] Loss: 0.416, Acc: 0.969, Base Lr: 2.46e-04
2025-12-07 14:31:27,373 DeMo.train INFO: Epoch[7] Iteration[20/54] Loss: 0.399, Acc: 0.969, Base Lr: 2.46e-04
2025-12-07 14:31:29,765 DeMo.train INFO: Epoch[7] Iteration[30/54] Loss: 0.402, Acc: 0.957, Base Lr: 2.46e-04
2025-12-07 14:31:32,207 DeMo.train INFO: Epoch[7] Iteration[40/54] Loss: 0.415, Acc: 0.953, Base Lr: 2.46e-04
2025-12-07 14:31:34,600 DeMo.train INFO: Epoch[7] Iteration[50/54] Loss: 0.409, Acc: 0.958, Base Lr: 2.46e-04
2025-12-07 14:31:35,473 DeMo.train INFO: Epoch 7 done. Time per batch: 0.339[s] Speed: 188.6[samples/s]
2025-12-07 14:31:35,475 DeMo.train INFO: ~~~~~~~~~~~~~~~~~~~~~~~~~~~~~~~~~~~~~~~~~~~~~~~~~~
2025-12-07 14:31:35,475 DeMo.train INFO: Current is the [moe,ori] feature testing!
2025-12-07 14:31:35,475 DeMo.train INFO: ~~~~~~~~~~~~~~~~~~~~~~~~~~~~~~~~~~~~~~~~~~~~~~~~~~
The test feature is normalized
=> Computing DistMat with euclidean_distance
2025-12-07 14:31:40,443 DeMo.train INFO: Validation Results - Epoch: 7
2025-12-07 14:31:40,443 DeMo.train INFO: mAP: 48.1%
2025-12-07 14:31:40,445 DeMo.train INFO: CMC curve, Rank-1  :49.0%
2025-12-07 14:31:40,446 DeMo.train INFO: CMC curve, Rank-5  :61.4%
2025-12-07 14:31:40,446 DeMo.train INFO: CMC curve, Rank-10 :69.1%
2025-12-07 14:31:40,447 DeMo.train INFO: ~~~~~~~~~~~~~~~~~~~~~~~~~~~~~~~~~~~~~~~~~~~~~~~~~~
2025-12-07 14:31:41,239 DeMo.train INFO: ~~~~~~~~~~~~~~~~~~~~~~~~~~~~~~~~~~~~~~~~~~~~~~~~~~
2025-12-07 14:31:41,245 DeMo.train INFO: Best mAP: 49.3%
2025-12-07 14:31:41,245 DeMo.train INFO: Best Rank-1: 48.2%
2025-12-07 14:31:41,245 DeMo.train INFO: Best Rank-5: 63.3%
2025-12-07 14:31:41,245 DeMo.train INFO: Best Rank-10: 71.7%
2025-12-07 14:31:41,245 DeMo.train INFO: ~~~~~~~~~~~~~~~~~~~~~~~~~~~~~~~~~~~~~~~~~~~~~~~~~~
2025-12-07 14:31:50,334 DeMo.train INFO: Epoch[8] Iteration[10/54] Loss: 0.391, Acc: 0.989, Base Lr: 2.81e-04
2025-12-07 14:31:56,030 DeMo.train INFO: Epoch[8] Iteration[20/54] Loss: 0.437, Acc: 0.982, Base Lr: 2.81e-04
2025-12-07 14:32:01,931 DeMo.train INFO: Epoch[8] Iteration[30/54] Loss: 0.411, Acc: 0.984, Base Lr: 2.81e-04
2025-12-07 14:32:04,297 DeMo.train INFO: Epoch[8] Iteration[40/54] Loss: 0.396, Acc: 0.985, Base Lr: 2.81e-04
2025-12-07 14:32:10,211 DeMo.train INFO: Epoch[8] Iteration[50/54] Loss: 0.384, Acc: 0.986, Base Lr: 2.81e-04
2025-12-07 14:32:11,049 DeMo.train INFO: Epoch 8 done. Time per batch: 0.562[s] Speed: 113.8[samples/s]
2025-12-07 14:32:11,050 DeMo.train INFO: ~~~~~~~~~~~~~~~~~~~~~~~~~~~~~~~~~~~~~~~~~~~~~~~~~~
2025-12-07 14:32:11,051 DeMo.train INFO: Current is the [moe,ori] feature testing!
2025-12-07 14:32:11,053 DeMo.train INFO: ~~~~~~~~~~~~~~~~~~~~~~~~~~~~~~~~~~~~~~~~~~~~~~~~~~
The test feature is normalized
=> Computing DistMat with euclidean_distance
2025-12-07 14:32:18,183 DeMo.train INFO: Validation Results - Epoch: 8
2025-12-07 14:32:18,183 DeMo.train INFO: mAP: 50.6%
2025-12-07 14:32:18,183 DeMo.train INFO: CMC curve, Rank-1  :51.8%
2025-12-07 14:32:18,183 DeMo.train INFO: CMC curve, Rank-5  :65.1%
2025-12-07 14:32:18,183 DeMo.train INFO: CMC curve, Rank-10 :73.2%
2025-12-07 14:32:18,183 DeMo.train INFO: ~~~~~~~~~~~~~~~~~~~~~~~~~~~~~~~~~~~~~~~~~~~~~~~~~~
2025-12-07 14:32:36,226 DeMo.train INFO: ~~~~~~~~~~~~~~~~~~~~~~~~~~~~~~~~~~~~~~~~~~~~~~~~~~
2025-12-07 14:32:36,226 DeMo.train INFO: Best mAP: 50.6%
2025-12-07 14:32:36,226 DeMo.train INFO: Best Rank-1: 51.8%
2025-12-07 14:32:36,226 DeMo.train INFO: Best Rank-5: 65.1%
2025-12-07 14:32:36,226 DeMo.train INFO: Best Rank-10: 73.2%
2025-12-07 14:32:36,226 DeMo.train INFO: ~~~~~~~~~~~~~~~~~~~~~~~~~~~~~~~~~~~~~~~~~~~~~~~~~~
2025-12-07 14:32:40,797 DeMo.train INFO: Epoch[9] Iteration[10/54] Loss: 0.291, Acc: 0.998, Base Lr: 3.15e-04
2025-12-07 14:32:44,185 DeMo.train INFO: Epoch[9] Iteration[20/54] Loss: 0.300, Acc: 0.998, Base Lr: 3.15e-04
2025-12-07 14:32:46,600 DeMo.train INFO: Epoch[9] Iteration[30/54] Loss: 0.300, Acc: 0.996, Base Lr: 3.15e-04
2025-12-07 14:32:49,010 DeMo.train INFO: Epoch[9] Iteration[40/54] Loss: 0.307, Acc: 0.996, Base Lr: 3.15e-04
2025-12-07 14:32:51,421 DeMo.train INFO: Epoch[9] Iteration[50/54] Loss: 0.306, Acc: 0.996, Base Lr: 3.15e-04
2025-12-07 14:32:52,287 DeMo.train INFO: Epoch 9 done. Time per batch: 0.303[s] Speed: 211.2[samples/s]
2025-12-07 14:32:52,289 DeMo.train INFO: ~~~~~~~~~~~~~~~~~~~~~~~~~~~~~~~~~~~~~~~~~~~~~~~~~~
2025-12-07 14:32:52,289 DeMo.train INFO: Current is the [moe,ori] feature testing!
2025-12-07 14:32:52,292 DeMo.train INFO: ~~~~~~~~~~~~~~~~~~~~~~~~~~~~~~~~~~~~~~~~~~~~~~~~~~
The test feature is normalized
=> Computing DistMat with euclidean_distance
2025-12-07 14:33:01,754 DeMo.train INFO: Validation Results - Epoch: 9
2025-12-07 14:33:01,756 DeMo.train INFO: mAP: 51.9%
2025-12-07 14:33:01,758 DeMo.train INFO: CMC curve, Rank-1  :52.6%
2025-12-07 14:33:01,761 DeMo.train INFO: CMC curve, Rank-5  :66.4%
2025-12-07 14:33:01,762 DeMo.train INFO: CMC curve, Rank-10 :74.0%
2025-12-07 14:33:01,764 DeMo.train INFO: ~~~~~~~~~~~~~~~~~~~~~~~~~~~~~~~~~~~~~~~~~~~~~~~~~~
2025-12-07 14:33:53,090 DeMo.train INFO: ~~~~~~~~~~~~~~~~~~~~~~~~~~~~~~~~~~~~~~~~~~~~~~~~~~
2025-12-07 14:33:53,093 DeMo.train INFO: Best mAP: 51.9%
2025-12-07 14:33:53,094 DeMo.train INFO: Best Rank-1: 52.6%
2025-12-07 14:33:53,094 DeMo.train INFO: Best Rank-5: 66.4%
2025-12-07 14:33:53,094 DeMo.train INFO: Best Rank-10: 74.0%
2025-12-07 14:33:53,094 DeMo.train INFO: ~~~~~~~~~~~~~~~~~~~~~~~~~~~~~~~~~~~~~~~~~~~~~~~~~~
2025-12-07 14:33:57,239 DeMo.train INFO: Epoch[10] Iteration[10/54] Loss: 0.270, Acc: 0.995, Base Lr: 3.50e-04
2025-12-07 14:33:59,666 DeMo.train INFO: Epoch[10] Iteration[20/54] Loss: 0.271, Acc: 0.998, Base Lr: 3.50e-04
2025-12-07 14:34:02,094 DeMo.train INFO: Epoch[10] Iteration[30/54] Loss: 0.276, Acc: 0.995, Base Lr: 3.50e-04
2025-12-07 14:34:04,474 DeMo.train INFO: Epoch[10] Iteration[40/54] Loss: 0.291, Acc: 0.996, Base Lr: 3.50e-04
2025-12-07 14:34:06,871 DeMo.train INFO: Epoch[10] Iteration[50/54] Loss: 0.293, Acc: 0.996, Base Lr: 3.50e-04
2025-12-07 14:34:07,720 DeMo.train INFO: Epoch 10 done. Time per batch: 0.276[s] Speed: 231.9[samples/s]
2025-12-07 14:34:07,721 DeMo.train INFO: ~~~~~~~~~~~~~~~~~~~~~~~~~~~~~~~~~~~~~~~~~~~~~~~~~~
2025-12-07 14:34:07,722 DeMo.train INFO: Current is the [moe,ori] feature testing!
2025-12-07 14:34:07,723 DeMo.train INFO: ~~~~~~~~~~~~~~~~~~~~~~~~~~~~~~~~~~~~~~~~~~~~~~~~~~
The test feature is normalized
=> Computing DistMat with euclidean_distance
2025-12-07 14:34:16,842 DeMo.train INFO: Validation Results - Epoch: 10
2025-12-07 14:34:16,843 DeMo.train INFO: mAP: 57.2%
2025-12-07 14:34:16,844 DeMo.train INFO: CMC curve, Rank-1  :61.5%
2025-12-07 14:34:16,845 DeMo.train INFO: CMC curve, Rank-5  :70.6%
2025-12-07 14:34:16,846 DeMo.train INFO: CMC curve, Rank-10 :76.7%
2025-12-07 14:34:16,847 DeMo.train INFO: ~~~~~~~~~~~~~~~~~~~~~~~~~~~~~~~~~~~~~~~~~~~~~~~~~~
2025-12-07 14:34:35,549 DeMo.train INFO: ~~~~~~~~~~~~~~~~~~~~~~~~~~~~~~~~~~~~~~~~~~~~~~~~~~
2025-12-07 14:34:35,552 DeMo.train INFO: Best mAP: 57.2%
2025-12-07 14:34:35,552 DeMo.train INFO: Best Rank-1: 61.5%
2025-12-07 14:34:35,552 DeMo.train INFO: Best Rank-5: 70.6%
2025-12-07 14:34:35,552 DeMo.train INFO: Best Rank-10: 76.7%
2025-12-07 14:34:35,552 DeMo.train INFO: ~~~~~~~~~~~~~~~~~~~~~~~~~~~~~~~~~~~~~~~~~~~~~~~~~~
2025-12-07 14:34:39,598 DeMo.train INFO: Epoch[11] Iteration[10/54] Loss: 0.273, Acc: 1.000, Base Lr: 3.50e-04
2025-12-07 14:34:42,024 DeMo.train INFO: Epoch[11] Iteration[20/54] Loss: 0.271, Acc: 0.996, Base Lr: 3.50e-04
2025-12-07 14:34:44,440 DeMo.train INFO: Epoch[11] Iteration[30/54] Loss: 0.269, Acc: 0.997, Base Lr: 3.50e-04
2025-12-07 14:34:46,842 DeMo.train INFO: Epoch[11] Iteration[40/54] Loss: 0.270, Acc: 0.998, Base Lr: 3.50e-04
2025-12-07 14:34:49,263 DeMo.train INFO: Epoch[11] Iteration[50/54] Loss: 0.276, Acc: 0.998, Base Lr: 3.50e-04
2025-12-07 14:34:50,126 DeMo.train INFO: Epoch 11 done. Time per batch: 0.275[s] Speed: 232.8[samples/s]
2025-12-07 14:34:50,127 DeMo.train INFO: ~~~~~~~~~~~~~~~~~~~~~~~~~~~~~~~~~~~~~~~~~~~~~~~~~~
2025-12-07 14:34:50,129 DeMo.train INFO: Current is the [moe,ori] feature testing!
2025-12-07 14:34:50,129 DeMo.train INFO: ~~~~~~~~~~~~~~~~~~~~~~~~~~~~~~~~~~~~~~~~~~~~~~~~~~
The test feature is normalized
=> Computing DistMat with euclidean_distance
2025-12-07 14:34:59,853 DeMo.train INFO: Validation Results - Epoch: 11
2025-12-07 14:34:59,855 DeMo.train INFO: mAP: 52.8%
2025-12-07 14:34:59,855 DeMo.train INFO: CMC curve, Rank-1  :54.1%
2025-12-07 14:34:59,857 DeMo.train INFO: CMC curve, Rank-5  :66.9%
2025-12-07 14:34:59,858 DeMo.train INFO: CMC curve, Rank-10 :75.0%
2025-12-07 14:34:59,858 DeMo.train INFO: ~~~~~~~~~~~~~~~~~~~~~~~~~~~~~~~~~~~~~~~~~~~~~~~~~~
2025-12-07 14:34:59,909 DeMo.train INFO: ~~~~~~~~~~~~~~~~~~~~~~~~~~~~~~~~~~~~~~~~~~~~~~~~~~
2025-12-07 14:34:59,910 DeMo.train INFO: Best mAP: 57.2%
2025-12-07 14:34:59,911 DeMo.train INFO: Best Rank-1: 61.5%
2025-12-07 14:34:59,912 DeMo.train INFO: Best Rank-5: 70.6%
2025-12-07 14:34:59,912 DeMo.train INFO: Best Rank-10: 76.7%
2025-12-07 14:34:59,913 DeMo.train INFO: ~~~~~~~~~~~~~~~~~~~~~~~~~~~~~~~~~~~~~~~~~~~~~~~~~~
2025-12-07 14:35:03,877 DeMo.train INFO: Epoch[12] Iteration[10/54] Loss: 0.285, Acc: 1.000, Base Lr: 3.50e-04
2025-12-07 14:35:06,310 DeMo.train INFO: Epoch[12] Iteration[20/54] Loss: 0.289, Acc: 0.999, Base Lr: 3.50e-04
2025-12-07 14:35:08,730 DeMo.train INFO: Epoch[12] Iteration[30/54] Loss: 0.280, Acc: 0.999, Base Lr: 3.50e-04
2025-12-07 14:35:11,120 DeMo.train INFO: Epoch[12] Iteration[40/54] Loss: 0.277, Acc: 1.000, Base Lr: 3.50e-04
2025-12-07 14:35:13,538 DeMo.train INFO: Epoch[12] Iteration[50/54] Loss: 0.277, Acc: 0.999, Base Lr: 3.50e-04
2025-12-07 14:35:14,404 DeMo.train INFO: Epoch 12 done. Time per batch: 0.273[s] Speed: 234.1[samples/s]
2025-12-07 14:35:14,405 DeMo.train INFO: ~~~~~~~~~~~~~~~~~~~~~~~~~~~~~~~~~~~~~~~~~~~~~~~~~~
2025-12-07 14:35:14,406 DeMo.train INFO: Current is the [moe,ori] feature testing!
2025-12-07 14:35:14,406 DeMo.train INFO: ~~~~~~~~~~~~~~~~~~~~~~~~~~~~~~~~~~~~~~~~~~~~~~~~~~
The test feature is normalized
=> Computing DistMat with euclidean_distance
2025-12-07 14:35:19,956 DeMo.train INFO: Validation Results - Epoch: 12
2025-12-07 14:35:19,957 DeMo.train INFO: mAP: 54.8%
2025-12-07 14:35:19,958 DeMo.train INFO: CMC curve, Rank-1  :54.8%
2025-12-07 14:35:19,958 DeMo.train INFO: CMC curve, Rank-5  :68.2%
2025-12-07 14:35:19,959 DeMo.train INFO: CMC curve, Rank-10 :76.3%
2025-12-07 14:35:19,960 DeMo.train INFO: ~~~~~~~~~~~~~~~~~~~~~~~~~~~~~~~~~~~~~~~~~~~~~~~~~~
2025-12-07 14:35:20,085 DeMo.train INFO: ~~~~~~~~~~~~~~~~~~~~~~~~~~~~~~~~~~~~~~~~~~~~~~~~~~
2025-12-07 14:35:20,085 DeMo.train INFO: Best mAP: 57.2%
2025-12-07 14:35:20,086 DeMo.train INFO: Best Rank-1: 61.5%
2025-12-07 14:35:20,087 DeMo.train INFO: Best Rank-5: 70.6%
2025-12-07 14:35:20,087 DeMo.train INFO: Best Rank-10: 76.7%
2025-12-07 14:35:20,088 DeMo.train INFO: ~~~~~~~~~~~~~~~~~~~~~~~~~~~~~~~~~~~~~~~~~~~~~~~~~~
2025-12-07 14:35:28,111 DeMo.train INFO: Epoch[13] Iteration[10/54] Loss: 0.254, Acc: 0.998, Base Lr: 3.50e-04
2025-12-07 14:35:32,586 DeMo.train INFO: Epoch[13] Iteration[20/54] Loss: 0.271, Acc: 0.998, Base Lr: 3.50e-04
2025-12-07 14:35:36,872 DeMo.train INFO: Epoch[13] Iteration[30/54] Loss: 0.277, Acc: 0.999, Base Lr: 3.50e-04
2025-12-07 14:35:39,270 DeMo.train INFO: Epoch[13] Iteration[40/54] Loss: 0.276, Acc: 0.999, Base Lr: 3.50e-04
2025-12-07 14:35:41,669 DeMo.train INFO: Epoch[13] Iteration[50/54] Loss: 0.276, Acc: 0.999, Base Lr: 3.50e-04
2025-12-07 14:35:42,537 DeMo.train INFO: Epoch 13 done. Time per batch: 0.424[s] Speed: 151.1[samples/s]
2025-12-07 14:35:42,539 DeMo.train INFO: ~~~~~~~~~~~~~~~~~~~~~~~~~~~~~~~~~~~~~~~~~~~~~~~~~~
2025-12-07 14:35:42,539 DeMo.train INFO: Current is the [moe,ori] feature testing!
2025-12-07 14:35:42,539 DeMo.train INFO: ~~~~~~~~~~~~~~~~~~~~~~~~~~~~~~~~~~~~~~~~~~~~~~~~~~
The test feature is normalized
=> Computing DistMat with euclidean_distance
2025-12-07 14:35:48,665 DeMo.train INFO: Validation Results - Epoch: 13
2025-12-07 14:35:48,666 DeMo.train INFO: mAP: 59.2%
2025-12-07 14:35:48,666 DeMo.train INFO: CMC curve, Rank-1  :60.0%
2025-12-07 14:35:48,666 DeMo.train INFO: CMC curve, Rank-5  :71.9%
2025-12-07 14:35:48,666 DeMo.train INFO: CMC curve, Rank-10 :80.1%
2025-12-07 14:35:48,666 DeMo.train INFO: ~~~~~~~~~~~~~~~~~~~~~~~~~~~~~~~~~~~~~~~~~~~~~~~~~~
2025-12-07 14:36:20,748 DeMo.train INFO: ~~~~~~~~~~~~~~~~~~~~~~~~~~~~~~~~~~~~~~~~~~~~~~~~~~
2025-12-07 14:36:20,749 DeMo.train INFO: Best mAP: 59.2%
2025-12-07 14:36:20,751 DeMo.train INFO: Best Rank-1: 60.0%
2025-12-07 14:36:20,752 DeMo.train INFO: Best Rank-5: 71.9%
2025-12-07 14:36:20,752 DeMo.train INFO: Best Rank-10: 80.1%
2025-12-07 14:36:20,754 DeMo.train INFO: ~~~~~~~~~~~~~~~~~~~~~~~~~~~~~~~~~~~~~~~~~~~~~~~~~~
2025-12-07 14:36:25,765 DeMo.train INFO: Epoch[14] Iteration[10/54] Loss: 0.277, Acc: 1.000, Base Lr: 3.50e-04
2025-12-07 14:36:28,178 DeMo.train INFO: Epoch[14] Iteration[20/54] Loss: 0.265, Acc: 1.000, Base Lr: 3.50e-04
2025-12-07 14:36:30,565 DeMo.train INFO: Epoch[14] Iteration[30/54] Loss: 0.266, Acc: 1.000, Base Lr: 3.50e-04
2025-12-07 14:36:32,991 DeMo.train INFO: Epoch[14] Iteration[40/54] Loss: 0.263, Acc: 1.000, Base Lr: 3.50e-04
2025-12-07 14:36:35,410 DeMo.train INFO: Epoch[14] Iteration[50/54] Loss: 0.263, Acc: 1.000, Base Lr: 3.50e-04
2025-12-07 14:36:36,270 DeMo.train INFO: Epoch 14 done. Time per batch: 0.293[s] Speed: 218.6[samples/s]
2025-12-07 14:36:36,272 DeMo.train INFO: ~~~~~~~~~~~~~~~~~~~~~~~~~~~~~~~~~~~~~~~~~~~~~~~~~~
2025-12-07 14:36:36,273 DeMo.train INFO: Current is the [moe,ori] feature testing!
2025-12-07 14:36:36,274 DeMo.train INFO: ~~~~~~~~~~~~~~~~~~~~~~~~~~~~~~~~~~~~~~~~~~~~~~~~~~
The test feature is normalized
=> Computing DistMat with euclidean_distance
2025-12-07 14:36:45,993 DeMo.train INFO: Validation Results - Epoch: 14
2025-12-07 14:36:45,993 DeMo.train INFO: mAP: 54.4%
2025-12-07 14:36:45,993 DeMo.train INFO: CMC curve, Rank-1  :56.7%
2025-12-07 14:36:45,993 DeMo.train INFO: CMC curve, Rank-5  :68.7%
2025-12-07 14:36:45,993 DeMo.train INFO: CMC curve, Rank-10 :75.4%
2025-12-07 14:36:45,994 DeMo.train INFO: ~~~~~~~~~~~~~~~~~~~~~~~~~~~~~~~~~~~~~~~~~~~~~~~~~~
2025-12-07 14:36:46,052 DeMo.train INFO: ~~~~~~~~~~~~~~~~~~~~~~~~~~~~~~~~~~~~~~~~~~~~~~~~~~
2025-12-07 14:36:46,052 DeMo.train INFO: Best mAP: 59.2%
2025-12-07 14:36:46,052 DeMo.train INFO: Best Rank-1: 60.0%
2025-12-07 14:36:46,052 DeMo.train INFO: Best Rank-5: 71.9%
2025-12-07 14:36:46,052 DeMo.train INFO: Best Rank-10: 80.1%
2025-12-07 14:36:46,053 DeMo.train INFO: ~~~~~~~~~~~~~~~~~~~~~~~~~~~~~~~~~~~~~~~~~~~~~~~~~~
2025-12-07 14:36:50,078 DeMo.train INFO: Epoch[15] Iteration[10/54] Loss: 0.252, Acc: 0.998, Base Lr: 3.50e-04
2025-12-07 14:36:52,535 DeMo.train INFO: Epoch[15] Iteration[20/54] Loss: 0.253, Acc: 0.997, Base Lr: 3.50e-04
2025-12-07 14:36:54,958 DeMo.train INFO: Epoch[15] Iteration[30/54] Loss: 0.253, Acc: 0.997, Base Lr: 3.50e-04
2025-12-07 14:36:57,359 DeMo.train INFO: Epoch[15] Iteration[40/54] Loss: 0.252, Acc: 0.998, Base Lr: 3.50e-04
2025-12-07 14:36:59,958 DeMo.train INFO: Epoch[15] Iteration[50/54] Loss: 0.252, Acc: 0.998, Base Lr: 3.50e-04
2025-12-07 14:37:00,819 DeMo.train INFO: Epoch 15 done. Time per batch: 0.279[s] Speed: 229.7[samples/s]
2025-12-07 14:37:00,821 DeMo.train INFO: ~~~~~~~~~~~~~~~~~~~~~~~~~~~~~~~~~~~~~~~~~~~~~~~~~~
2025-12-07 14:37:00,821 DeMo.train INFO: Current is the [moe,ori] feature testing!
2025-12-07 14:37:00,821 DeMo.train INFO: ~~~~~~~~~~~~~~~~~~~~~~~~~~~~~~~~~~~~~~~~~~~~~~~~~~
The test feature is normalized
=> Computing DistMat with euclidean_distance
2025-12-07 14:37:05,918 DeMo.train INFO: Validation Results - Epoch: 15
2025-12-07 14:37:05,918 DeMo.train INFO: mAP: 58.9%
2025-12-07 14:37:05,918 DeMo.train INFO: CMC curve, Rank-1  :59.1%
2025-12-07 14:37:05,919 DeMo.train INFO: CMC curve, Rank-5  :72.0%
2025-12-07 14:37:05,919 DeMo.train INFO: CMC curve, Rank-10 :78.0%
2025-12-07 14:37:05,919 DeMo.train INFO: ~~~~~~~~~~~~~~~~~~~~~~~~~~~~~~~~~~~~~~~~~~~~~~~~~~
2025-12-07 14:37:05,973 DeMo.train INFO: ~~~~~~~~~~~~~~~~~~~~~~~~~~~~~~~~~~~~~~~~~~~~~~~~~~
2025-12-07 14:37:05,973 DeMo.train INFO: Best mAP: 59.2%
2025-12-07 14:37:05,973 DeMo.train INFO: Best Rank-1: 60.0%
2025-12-07 14:37:05,973 DeMo.train INFO: Best Rank-5: 71.9%
2025-12-07 14:37:05,973 DeMo.train INFO: Best Rank-10: 80.1%
2025-12-07 14:37:05,974 DeMo.train INFO: ~~~~~~~~~~~~~~~~~~~~~~~~~~~~~~~~~~~~~~~~~~~~~~~~~~
2025-12-07 14:37:09,934 DeMo.train INFO: Epoch[16] Iteration[10/54] Loss: 0.243, Acc: 1.000, Base Lr: 3.50e-04
2025-12-07 14:37:12,375 DeMo.train INFO: Epoch[16] Iteration[20/54] Loss: 0.247, Acc: 1.000, Base Lr: 3.50e-04
2025-12-07 14:37:14,752 DeMo.train INFO: Epoch[16] Iteration[30/54] Loss: 0.245, Acc: 0.999, Base Lr: 3.50e-04
2025-12-07 14:37:17,174 DeMo.train INFO: Epoch[16] Iteration[40/54] Loss: 0.245, Acc: 1.000, Base Lr: 3.50e-04
2025-12-07 14:37:19,578 DeMo.train INFO: Epoch[16] Iteration[50/54] Loss: 0.246, Acc: 1.000, Base Lr: 3.50e-04
2025-12-07 14:37:20,436 DeMo.train INFO: Epoch 16 done. Time per batch: 0.273[s] Speed: 234.5[samples/s]
2025-12-07 14:37:20,437 DeMo.train INFO: ~~~~~~~~~~~~~~~~~~~~~~~~~~~~~~~~~~~~~~~~~~~~~~~~~~
2025-12-07 14:37:20,437 DeMo.train INFO: Current is the [moe,ori] feature testing!
2025-12-07 14:37:20,438 DeMo.train INFO: ~~~~~~~~~~~~~~~~~~~~~~~~~~~~~~~~~~~~~~~~~~~~~~~~~~
The test feature is normalized
=> Computing DistMat with euclidean_distance
2025-12-07 14:37:29,823 DeMo.train INFO: Validation Results - Epoch: 16
2025-12-07 14:37:29,825 DeMo.train INFO: mAP: 59.7%
2025-12-07 14:37:29,827 DeMo.train INFO: CMC curve, Rank-1  :60.8%
2025-12-07 14:37:29,828 DeMo.train INFO: CMC curve, Rank-5  :76.1%
2025-12-07 14:37:29,829 DeMo.train INFO: CMC curve, Rank-10 :82.5%
2025-12-07 14:37:29,830 DeMo.train INFO: ~~~~~~~~~~~~~~~~~~~~~~~~~~~~~~~~~~~~~~~~~~~~~~~~~~
2025-12-07 14:38:02,777 DeMo.train INFO: ~~~~~~~~~~~~~~~~~~~~~~~~~~~~~~~~~~~~~~~~~~~~~~~~~~
2025-12-07 14:38:02,781 DeMo.train INFO: Best mAP: 59.7%
2025-12-07 14:38:02,781 DeMo.train INFO: Best Rank-1: 60.8%
2025-12-07 14:38:02,781 DeMo.train INFO: Best Rank-5: 76.1%
2025-12-07 14:38:02,781 DeMo.train INFO: Best Rank-10: 82.5%
2025-12-07 14:38:02,781 DeMo.train INFO: ~~~~~~~~~~~~~~~~~~~~~~~~~~~~~~~~~~~~~~~~~~~~~~~~~~
2025-12-07 14:38:06,767 DeMo.train INFO: Epoch[17] Iteration[10/54] Loss: 0.246, Acc: 1.000, Base Lr: 3.50e-04
2025-12-07 14:38:09,208 DeMo.train INFO: Epoch[17] Iteration[20/54] Loss: 0.244, Acc: 1.000, Base Lr: 3.50e-04
2025-12-07 14:38:11,615 DeMo.train INFO: Epoch[17] Iteration[30/54] Loss: 0.247, Acc: 1.000, Base Lr: 3.50e-04
2025-12-07 14:38:14,035 DeMo.train INFO: Epoch[17] Iteration[40/54] Loss: 0.245, Acc: 1.000, Base Lr: 3.50e-04
2025-12-07 14:38:16,443 DeMo.train INFO: Epoch[17] Iteration[50/54] Loss: 0.245, Acc: 1.000, Base Lr: 3.50e-04
2025-12-07 14:38:17,322 DeMo.train INFO: Epoch 17 done. Time per batch: 0.274[s] Speed: 233.3[samples/s]
2025-12-07 14:38:17,324 DeMo.train INFO: ~~~~~~~~~~~~~~~~~~~~~~~~~~~~~~~~~~~~~~~~~~~~~~~~~~
2025-12-07 14:38:17,325 DeMo.train INFO: Current is the [moe,ori] feature testing!
2025-12-07 14:38:17,325 DeMo.train INFO: ~~~~~~~~~~~~~~~~~~~~~~~~~~~~~~~~~~~~~~~~~~~~~~~~~~
The test feature is normalized
=> Computing DistMat with euclidean_distance
2025-12-07 14:38:26,830 DeMo.train INFO: Validation Results - Epoch: 17
2025-12-07 14:38:26,830 DeMo.train INFO: mAP: 56.6%
2025-12-07 14:38:26,830 DeMo.train INFO: CMC curve, Rank-1  :57.5%
2025-12-07 14:38:26,830 DeMo.train INFO: CMC curve, Rank-5  :70.5%
2025-12-07 14:38:26,830 DeMo.train INFO: CMC curve, Rank-10 :76.7%
2025-12-07 14:38:26,830 DeMo.train INFO: ~~~~~~~~~~~~~~~~~~~~~~~~~~~~~~~~~~~~~~~~~~~~~~~~~~
2025-12-07 14:38:26,880 DeMo.train INFO: ~~~~~~~~~~~~~~~~~~~~~~~~~~~~~~~~~~~~~~~~~~~~~~~~~~
2025-12-07 14:38:26,880 DeMo.train INFO: Best mAP: 59.7%
2025-12-07 14:38:26,880 DeMo.train INFO: Best Rank-1: 60.8%
2025-12-07 14:38:26,880 DeMo.train INFO: Best Rank-5: 76.1%
2025-12-07 14:38:26,880 DeMo.train INFO: Best Rank-10: 82.5%
2025-12-07 14:38:26,880 DeMo.train INFO: ~~~~~~~~~~~~~~~~~~~~~~~~~~~~~~~~~~~~~~~~~~~~~~~~~~
2025-12-07 14:38:30,959 DeMo.train INFO: Epoch[18] Iteration[10/54] Loss: 0.249, Acc: 1.000, Base Lr: 3.50e-04
2025-12-07 14:38:33,400 DeMo.train INFO: Epoch[18] Iteration[20/54] Loss: 0.248, Acc: 1.000, Base Lr: 3.50e-04
2025-12-07 14:38:35,828 DeMo.train INFO: Epoch[18] Iteration[30/54] Loss: 0.245, Acc: 1.000, Base Lr: 3.50e-04
2025-12-07 14:38:38,253 DeMo.train INFO: Epoch[18] Iteration[40/54] Loss: 0.245, Acc: 1.000, Base Lr: 3.50e-04
2025-12-07 14:38:40,705 DeMo.train INFO: Epoch[18] Iteration[50/54] Loss: 0.243, Acc: 1.000, Base Lr: 3.50e-04
2025-12-07 14:38:41,581 DeMo.train INFO: Epoch 18 done. Time per batch: 0.277[s] Speed: 230.7[samples/s]
2025-12-07 14:38:41,582 DeMo.train INFO: ~~~~~~~~~~~~~~~~~~~~~~~~~~~~~~~~~~~~~~~~~~~~~~~~~~
2025-12-07 14:38:41,582 DeMo.train INFO: Current is the [moe,ori] feature testing!
2025-12-07 14:38:41,582 DeMo.train INFO: ~~~~~~~~~~~~~~~~~~~~~~~~~~~~~~~~~~~~~~~~~~~~~~~~~~
The test feature is normalized
=> Computing DistMat with euclidean_distance
2025-12-07 14:38:46,903 DeMo.train INFO: Validation Results - Epoch: 18
2025-12-07 14:38:46,903 DeMo.train INFO: mAP: 54.0%
2025-12-07 14:38:46,903 DeMo.train INFO: CMC curve, Rank-1  :55.1%
2025-12-07 14:38:46,903 DeMo.train INFO: CMC curve, Rank-5  :67.2%
2025-12-07 14:38:46,903 DeMo.train INFO: CMC curve, Rank-10 :73.2%
2025-12-07 14:38:46,903 DeMo.train INFO: ~~~~~~~~~~~~~~~~~~~~~~~~~~~~~~~~~~~~~~~~~~~~~~~~~~
2025-12-07 14:38:46,952 DeMo.train INFO: ~~~~~~~~~~~~~~~~~~~~~~~~~~~~~~~~~~~~~~~~~~~~~~~~~~
2025-12-07 14:38:46,952 DeMo.train INFO: Best mAP: 59.7%
2025-12-07 14:38:46,953 DeMo.train INFO: Best Rank-1: 60.8%
2025-12-07 14:38:46,953 DeMo.train INFO: Best Rank-5: 76.1%
2025-12-07 14:38:46,953 DeMo.train INFO: Best Rank-10: 82.5%
2025-12-07 14:38:46,953 DeMo.train INFO: ~~~~~~~~~~~~~~~~~~~~~~~~~~~~~~~~~~~~~~~~~~~~~~~~~~
2025-12-07 14:38:50,969 DeMo.train INFO: Epoch[19] Iteration[10/54] Loss: 0.240, Acc: 1.000, Base Lr: 3.50e-04
2025-12-07 14:38:53,403 DeMo.train INFO: Epoch[19] Iteration[20/54] Loss: 0.238, Acc: 1.000, Base Lr: 3.50e-04
2025-12-07 14:38:55,840 DeMo.train INFO: Epoch[19] Iteration[30/54] Loss: 0.237, Acc: 1.000, Base Lr: 3.50e-04
2025-12-07 14:38:58,284 DeMo.train INFO: Epoch[19] Iteration[40/54] Loss: 0.237, Acc: 1.000, Base Lr: 3.50e-04
2025-12-07 14:39:00,746 DeMo.train INFO: Epoch[19] Iteration[50/54] Loss: 0.236, Acc: 1.000, Base Lr: 3.50e-04
2025-12-07 14:39:01,632 DeMo.train INFO: Epoch 19 done. Time per batch: 0.277[s] Speed: 231.1[samples/s]
2025-12-07 14:39:01,633 DeMo.train INFO: ~~~~~~~~~~~~~~~~~~~~~~~~~~~~~~~~~~~~~~~~~~~~~~~~~~
2025-12-07 14:39:01,633 DeMo.train INFO: Current is the [moe,ori] feature testing!
2025-12-07 14:39:01,633 DeMo.train INFO: ~~~~~~~~~~~~~~~~~~~~~~~~~~~~~~~~~~~~~~~~~~~~~~~~~~
The test feature is normalized
=> Computing DistMat with euclidean_distance
2025-12-07 14:39:06,613 DeMo.train INFO: Validation Results - Epoch: 19
2025-12-07 14:39:06,613 DeMo.train INFO: mAP: 56.9%
2025-12-07 14:39:06,613 DeMo.train INFO: CMC curve, Rank-1  :56.9%
2025-12-07 14:39:06,613 DeMo.train INFO: CMC curve, Rank-5  :68.9%
2025-12-07 14:39:06,614 DeMo.train INFO: CMC curve, Rank-10 :76.1%
2025-12-07 14:39:06,614 DeMo.train INFO: ~~~~~~~~~~~~~~~~~~~~~~~~~~~~~~~~~~~~~~~~~~~~~~~~~~
2025-12-07 14:39:06,669 DeMo.train INFO: ~~~~~~~~~~~~~~~~~~~~~~~~~~~~~~~~~~~~~~~~~~~~~~~~~~
2025-12-07 14:39:06,669 DeMo.train INFO: Best mAP: 59.7%
2025-12-07 14:39:06,669 DeMo.train INFO: Best Rank-1: 60.8%
2025-12-07 14:39:06,669 DeMo.train INFO: Best Rank-5: 76.1%
2025-12-07 14:39:06,669 DeMo.train INFO: Best Rank-10: 82.5%
2025-12-07 14:39:06,670 DeMo.train INFO: ~~~~~~~~~~~~~~~~~~~~~~~~~~~~~~~~~~~~~~~~~~~~~~~~~~
2025-12-07 14:39:10,607 DeMo.train INFO: Epoch[20] Iteration[10/54] Loss: 0.233, Acc: 1.000, Base Lr: 3.50e-04
2025-12-07 14:39:13,046 DeMo.train INFO: Epoch[20] Iteration[20/54] Loss: 0.236, Acc: 1.000, Base Lr: 3.50e-04
2025-12-07 14:39:15,460 DeMo.train INFO: Epoch[20] Iteration[30/54] Loss: 0.236, Acc: 1.000, Base Lr: 3.50e-04
2025-12-07 14:39:17,929 DeMo.train INFO: Epoch[20] Iteration[40/54] Loss: 0.236, Acc: 1.000, Base Lr: 3.50e-04
2025-12-07 14:39:20,364 DeMo.train INFO: Epoch[20] Iteration[50/54] Loss: 0.236, Acc: 1.000, Base Lr: 3.50e-04
2025-12-07 14:39:21,219 DeMo.train INFO: Epoch 20 done. Time per batch: 0.275[s] Speed: 233.1[samples/s]
2025-12-07 14:39:21,220 DeMo.train INFO: ~~~~~~~~~~~~~~~~~~~~~~~~~~~~~~~~~~~~~~~~~~~~~~~~~~
2025-12-07 14:39:21,220 DeMo.train INFO: Current is the [moe,ori] feature testing!
2025-12-07 14:39:21,220 DeMo.train INFO: ~~~~~~~~~~~~~~~~~~~~~~~~~~~~~~~~~~~~~~~~~~~~~~~~~~
The test feature is normalized
=> Computing DistMat with euclidean_distance
2025-12-07 14:39:26,278 DeMo.train INFO: Validation Results - Epoch: 20
2025-12-07 14:39:26,278 DeMo.train INFO: mAP: 57.6%
2025-12-07 14:39:26,279 DeMo.train INFO: CMC curve, Rank-1  :58.0%
2025-12-07 14:39:26,279 DeMo.train INFO: CMC curve, Rank-5  :69.9%
2025-12-07 14:39:26,279 DeMo.train INFO: CMC curve, Rank-10 :77.3%
2025-12-07 14:39:26,279 DeMo.train INFO: ~~~~~~~~~~~~~~~~~~~~~~~~~~~~~~~~~~~~~~~~~~~~~~~~~~
2025-12-07 14:39:26,329 DeMo.train INFO: ~~~~~~~~~~~~~~~~~~~~~~~~~~~~~~~~~~~~~~~~~~~~~~~~~~
2025-12-07 14:39:26,329 DeMo.train INFO: Best mAP: 59.7%
2025-12-07 14:39:26,329 DeMo.train INFO: Best Rank-1: 60.8%
2025-12-07 14:39:26,329 DeMo.train INFO: Best Rank-5: 76.1%
2025-12-07 14:39:26,329 DeMo.train INFO: Best Rank-10: 82.5%
2025-12-07 14:39:26,329 DeMo.train INFO: ~~~~~~~~~~~~~~~~~~~~~~~~~~~~~~~~~~~~~~~~~~~~~~~~~~
2025-12-07 14:39:30,585 DeMo.train INFO: Epoch[21] Iteration[10/54] Loss: 0.258, Acc: 1.000, Base Lr: 3.50e-04
2025-12-07 14:39:33,022 DeMo.train INFO: Epoch[21] Iteration[20/54] Loss: 0.251, Acc: 1.000, Base Lr: 3.50e-04
2025-12-07 14:39:35,480 DeMo.train INFO: Epoch[21] Iteration[30/54] Loss: 0.246, Acc: 1.000, Base Lr: 3.50e-04
2025-12-07 14:39:37,923 DeMo.train INFO: Epoch[21] Iteration[40/54] Loss: 0.250, Acc: 1.000, Base Lr: 3.50e-04
2025-12-07 14:39:40,375 DeMo.train INFO: Epoch[21] Iteration[50/54] Loss: 0.248, Acc: 1.000, Base Lr: 3.50e-04
2025-12-07 14:39:41,249 DeMo.train INFO: Epoch 21 done. Time per batch: 0.281[s] Speed: 227.4[samples/s]
2025-12-07 14:39:41,250 DeMo.train INFO: ~~~~~~~~~~~~~~~~~~~~~~~~~~~~~~~~~~~~~~~~~~~~~~~~~~
2025-12-07 14:39:41,250 DeMo.train INFO: Current is the [moe,ori] feature testing!
2025-12-07 14:39:41,250 DeMo.train INFO: ~~~~~~~~~~~~~~~~~~~~~~~~~~~~~~~~~~~~~~~~~~~~~~~~~~
The test feature is normalized
=> Computing DistMat with euclidean_distance
2025-12-07 14:39:46,365 DeMo.train INFO: Validation Results - Epoch: 21
2025-12-07 14:39:46,365 DeMo.train INFO: mAP: 60.2%
2025-12-07 14:39:46,365 DeMo.train INFO: CMC curve, Rank-1  :64.4%
2025-12-07 14:39:46,365 DeMo.train INFO: CMC curve, Rank-5  :74.9%
2025-12-07 14:39:46,365 DeMo.train INFO: CMC curve, Rank-10 :80.5%
2025-12-07 14:39:46,365 DeMo.train INFO: ~~~~~~~~~~~~~~~~~~~~~~~~~~~~~~~~~~~~~~~~~~~~~~~~~~
2025-12-07 14:40:03,311 DeMo.train INFO: ~~~~~~~~~~~~~~~~~~~~~~~~~~~~~~~~~~~~~~~~~~~~~~~~~~
2025-12-07 14:40:03,315 DeMo.train INFO: Best mAP: 60.2%
2025-12-07 14:40:03,316 DeMo.train INFO: Best Rank-1: 64.4%
2025-12-07 14:40:03,316 DeMo.train INFO: Best Rank-5: 74.9%
2025-12-07 14:40:03,317 DeMo.train INFO: Best Rank-10: 80.5%
2025-12-07 14:40:03,317 DeMo.train INFO: ~~~~~~~~~~~~~~~~~~~~~~~~~~~~~~~~~~~~~~~~~~~~~~~~~~
2025-12-07 14:40:07,222 DeMo.train INFO: Epoch[22] Iteration[10/54] Loss: 0.238, Acc: 1.000, Base Lr: 3.50e-04
2025-12-07 14:40:09,749 DeMo.train INFO: Epoch[22] Iteration[20/54] Loss: 0.237, Acc: 1.000, Base Lr: 3.50e-04
2025-12-07 14:40:12,206 DeMo.train INFO: Epoch[22] Iteration[30/54] Loss: 0.238, Acc: 1.000, Base Lr: 3.50e-04
2025-12-07 14:40:14,638 DeMo.train INFO: Epoch[22] Iteration[40/54] Loss: 0.238, Acc: 1.000, Base Lr: 3.50e-04
2025-12-07 14:40:17,057 DeMo.train INFO: Epoch[22] Iteration[50/54] Loss: 0.238, Acc: 1.000, Base Lr: 3.50e-04
2025-12-07 14:40:17,912 DeMo.train INFO: Epoch 22 done. Time per batch: 0.275[s] Speed: 232.4[samples/s]
2025-12-07 14:40:17,914 DeMo.train INFO: ~~~~~~~~~~~~~~~~~~~~~~~~~~~~~~~~~~~~~~~~~~~~~~~~~~
2025-12-07 14:40:17,914 DeMo.train INFO: Current is the [moe,ori] feature testing!
2025-12-07 14:40:17,915 DeMo.train INFO: ~~~~~~~~~~~~~~~~~~~~~~~~~~~~~~~~~~~~~~~~~~~~~~~~~~
The test feature is normalized
=> Computing DistMat with euclidean_distance
2025-12-07 14:40:27,611 DeMo.train INFO: Validation Results - Epoch: 22
2025-12-07 14:40:27,612 DeMo.train INFO: mAP: 60.8%
2025-12-07 14:40:27,613 DeMo.train INFO: CMC curve, Rank-1  :62.7%
2025-12-07 14:40:27,614 DeMo.train INFO: CMC curve, Rank-5  :73.2%
2025-12-07 14:40:27,615 DeMo.train INFO: CMC curve, Rank-10 :79.4%
2025-12-07 14:40:27,616 DeMo.train INFO: ~~~~~~~~~~~~~~~~~~~~~~~~~~~~~~~~~~~~~~~~~~~~~~~~~~
2025-12-07 14:40:47,661 DeMo.train INFO: ~~~~~~~~~~~~~~~~~~~~~~~~~~~~~~~~~~~~~~~~~~~~~~~~~~
2025-12-07 14:40:47,661 DeMo.train INFO: Best mAP: 60.8%
2025-12-07 14:40:47,661 DeMo.train INFO: Best Rank-1: 62.7%
2025-12-07 14:40:47,661 DeMo.train INFO: Best Rank-5: 73.2%
2025-12-07 14:40:47,661 DeMo.train INFO: Best Rank-10: 79.4%
2025-12-07 14:40:47,662 DeMo.train INFO: ~~~~~~~~~~~~~~~~~~~~~~~~~~~~~~~~~~~~~~~~~~~~~~~~~~
2025-12-07 14:40:52,861 DeMo.train INFO: Epoch[23] Iteration[10/54] Loss: 0.235, Acc: 1.000, Base Lr: 3.50e-04
2025-12-07 14:40:55,317 DeMo.train INFO: Epoch[23] Iteration[20/54] Loss: 0.236, Acc: 1.000, Base Lr: 3.50e-04
2025-12-07 14:40:57,759 DeMo.train INFO: Epoch[23] Iteration[30/54] Loss: 0.236, Acc: 1.000, Base Lr: 3.50e-04
2025-12-07 14:41:00,231 DeMo.train INFO: Epoch[23] Iteration[40/54] Loss: 0.235, Acc: 1.000, Base Lr: 3.50e-04
2025-12-07 14:41:02,681 DeMo.train INFO: Epoch[23] Iteration[50/54] Loss: 0.236, Acc: 1.000, Base Lr: 3.50e-04
2025-12-07 14:41:03,547 DeMo.train INFO: Epoch 23 done. Time per batch: 0.300[s] Speed: 213.5[samples/s]
2025-12-07 14:41:03,548 DeMo.train INFO: ~~~~~~~~~~~~~~~~~~~~~~~~~~~~~~~~~~~~~~~~~~~~~~~~~~
2025-12-07 14:41:03,548 DeMo.train INFO: Current is the [moe,ori] feature testing!
2025-12-07 14:41:03,548 DeMo.train INFO: ~~~~~~~~~~~~~~~~~~~~~~~~~~~~~~~~~~~~~~~~~~~~~~~~~~
The test feature is normalized
=> Computing DistMat with euclidean_distance
2025-12-07 14:41:08,869 DeMo.train INFO: Validation Results - Epoch: 23
2025-12-07 14:41:08,869 DeMo.train INFO: mAP: 53.9%
2025-12-07 14:41:08,870 DeMo.train INFO: CMC curve, Rank-1  :57.4%
2025-12-07 14:41:08,870 DeMo.train INFO: CMC curve, Rank-5  :69.3%
2025-12-07 14:41:08,870 DeMo.train INFO: CMC curve, Rank-10 :76.1%
2025-12-07 14:41:08,870 DeMo.train INFO: ~~~~~~~~~~~~~~~~~~~~~~~~~~~~~~~~~~~~~~~~~~~~~~~~~~
2025-12-07 14:41:08,930 DeMo.train INFO: ~~~~~~~~~~~~~~~~~~~~~~~~~~~~~~~~~~~~~~~~~~~~~~~~~~
2025-12-07 14:41:08,930 DeMo.train INFO: Best mAP: 60.8%
2025-12-07 14:41:08,930 DeMo.train INFO: Best Rank-1: 62.7%
2025-12-07 14:41:08,930 DeMo.train INFO: Best Rank-5: 73.2%
2025-12-07 14:41:08,930 DeMo.train INFO: Best Rank-10: 79.4%
2025-12-07 14:41:08,931 DeMo.train INFO: ~~~~~~~~~~~~~~~~~~~~~~~~~~~~~~~~~~~~~~~~~~~~~~~~~~
2025-12-07 14:41:12,799 DeMo.train INFO: Epoch[24] Iteration[10/54] Loss: 0.243, Acc: 1.000, Base Lr: 3.50e-04
2025-12-07 14:41:15,232 DeMo.train INFO: Epoch[24] Iteration[20/54] Loss: 0.240, Acc: 1.000, Base Lr: 3.50e-04
2025-12-07 14:41:17,643 DeMo.train INFO: Epoch[24] Iteration[30/54] Loss: 0.238, Acc: 1.000, Base Lr: 3.50e-04
2025-12-07 14:41:20,066 DeMo.train INFO: Epoch[24] Iteration[40/54] Loss: 0.237, Acc: 1.000, Base Lr: 3.50e-04
2025-12-07 14:41:22,488 DeMo.train INFO: Epoch[24] Iteration[50/54] Loss: 0.240, Acc: 1.000, Base Lr: 3.50e-04
2025-12-07 14:41:23,336 DeMo.train INFO: Epoch 24 done. Time per batch: 0.272[s] Speed: 235.5[samples/s]
2025-12-07 14:41:23,337 DeMo.train INFO: ~~~~~~~~~~~~~~~~~~~~~~~~~~~~~~~~~~~~~~~~~~~~~~~~~~
2025-12-07 14:41:23,338 DeMo.train INFO: Current is the [moe,ori] feature testing!
2025-12-07 14:41:23,339 DeMo.train INFO: ~~~~~~~~~~~~~~~~~~~~~~~~~~~~~~~~~~~~~~~~~~~~~~~~~~
The test feature is normalized
=> Computing DistMat with euclidean_distance
2025-12-07 14:41:33,091 DeMo.train INFO: Validation Results - Epoch: 24
2025-12-07 14:41:33,092 DeMo.train INFO: mAP: 47.7%
2025-12-07 14:41:33,093 DeMo.train INFO: CMC curve, Rank-1  :46.8%
2025-12-07 14:41:33,093 DeMo.train INFO: CMC curve, Rank-5  :57.3%
2025-12-07 14:41:33,094 DeMo.train INFO: CMC curve, Rank-10 :65.2%
2025-12-07 14:41:33,095 DeMo.train INFO: ~~~~~~~~~~~~~~~~~~~~~~~~~~~~~~~~~~~~~~~~~~~~~~~~~~
2025-12-07 14:41:34,461 DeMo.train INFO: ~~~~~~~~~~~~~~~~~~~~~~~~~~~~~~~~~~~~~~~~~~~~~~~~~~
2025-12-07 14:41:34,461 DeMo.train INFO: Best mAP: 60.8%
2025-12-07 14:41:34,461 DeMo.train INFO: Best Rank-1: 62.7%
2025-12-07 14:41:34,462 DeMo.train INFO: Best Rank-5: 73.2%
2025-12-07 14:41:34,462 DeMo.train INFO: Best Rank-10: 79.4%
2025-12-07 14:41:34,462 DeMo.train INFO: ~~~~~~~~~~~~~~~~~~~~~~~~~~~~~~~~~~~~~~~~~~~~~~~~~~
2025-12-07 14:41:39,438 DeMo.train INFO: Epoch[25] Iteration[10/54] Loss: 0.250, Acc: 1.000, Base Lr: 3.50e-04
2025-12-07 14:41:41,886 DeMo.train INFO: Epoch[25] Iteration[20/54] Loss: 0.262, Acc: 0.998, Base Lr: 3.50e-04
2025-12-07 14:41:44,374 DeMo.train INFO: Epoch[25] Iteration[30/54] Loss: 0.265, Acc: 0.999, Base Lr: 3.50e-04
2025-12-07 14:41:46,785 DeMo.train INFO: Epoch[25] Iteration[40/54] Loss: 0.262, Acc: 0.999, Base Lr: 3.50e-04
2025-12-07 14:41:49,235 DeMo.train INFO: Epoch[25] Iteration[50/54] Loss: 0.263, Acc: 0.999, Base Lr: 3.50e-04
2025-12-07 14:41:50,168 DeMo.train INFO: Epoch 25 done. Time per batch: 0.296[s] Speed: 216.0[samples/s]
2025-12-07 14:41:50,169 DeMo.train INFO: ~~~~~~~~~~~~~~~~~~~~~~~~~~~~~~~~~~~~~~~~~~~~~~~~~~
2025-12-07 14:41:50,169 DeMo.train INFO: Current is the [moe,ori] feature testing!
2025-12-07 14:41:50,169 DeMo.train INFO: ~~~~~~~~~~~~~~~~~~~~~~~~~~~~~~~~~~~~~~~~~~~~~~~~~~
The test feature is normalized
=> Computing DistMat with euclidean_distance
2025-12-07 14:41:55,288 DeMo.train INFO: Validation Results - Epoch: 25
2025-12-07 14:41:55,288 DeMo.train INFO: mAP: 55.7%
2025-12-07 14:41:55,288 DeMo.train INFO: CMC curve, Rank-1  :60.9%
2025-12-07 14:41:55,288 DeMo.train INFO: CMC curve, Rank-5  :73.0%
2025-12-07 14:41:55,289 DeMo.train INFO: CMC curve, Rank-10 :78.0%
2025-12-07 14:41:55,289 DeMo.train INFO: ~~~~~~~~~~~~~~~~~~~~~~~~~~~~~~~~~~~~~~~~~~~~~~~~~~
2025-12-07 14:41:56,428 DeMo.train INFO: ~~~~~~~~~~~~~~~~~~~~~~~~~~~~~~~~~~~~~~~~~~~~~~~~~~
2025-12-07 14:41:56,428 DeMo.train INFO: Best mAP: 60.8%
2025-12-07 14:41:56,428 DeMo.train INFO: Best Rank-1: 62.7%
2025-12-07 14:41:56,429 DeMo.train INFO: Best Rank-5: 73.2%
2025-12-07 14:41:56,429 DeMo.train INFO: Best Rank-10: 79.4%
2025-12-07 14:41:56,429 DeMo.train INFO: ~~~~~~~~~~~~~~~~~~~~~~~~~~~~~~~~~~~~~~~~~~~~~~~~~~
2025-12-07 14:42:00,967 DeMo.train INFO: Epoch[26] Iteration[10/54] Loss: 0.240, Acc: 0.998, Base Lr: 3.50e-04
2025-12-07 14:42:03,391 DeMo.train INFO: Epoch[26] Iteration[20/54] Loss: 0.240, Acc: 0.999, Base Lr: 3.50e-04
2025-12-07 14:42:05,810 DeMo.train INFO: Epoch[26] Iteration[30/54] Loss: 0.240, Acc: 0.999, Base Lr: 3.50e-04
2025-12-07 14:42:08,227 DeMo.train INFO: Epoch[26] Iteration[40/54] Loss: 0.238, Acc: 1.000, Base Lr: 3.50e-04
2025-12-07 14:42:10,646 DeMo.train INFO: Epoch[26] Iteration[50/54] Loss: 0.238, Acc: 1.000, Base Lr: 3.50e-04
2025-12-07 14:42:11,509 DeMo.train INFO: Epoch 26 done. Time per batch: 0.285[s] Speed: 224.9[samples/s]
2025-12-07 14:42:11,510 DeMo.train INFO: ~~~~~~~~~~~~~~~~~~~~~~~~~~~~~~~~~~~~~~~~~~~~~~~~~~
2025-12-07 14:42:11,511 DeMo.train INFO: Current is the [moe,ori] feature testing!
2025-12-07 14:42:11,511 DeMo.train INFO: ~~~~~~~~~~~~~~~~~~~~~~~~~~~~~~~~~~~~~~~~~~~~~~~~~~
The test feature is normalized
=> Computing DistMat with euclidean_distance
2025-12-07 14:42:21,407 DeMo.train INFO: Validation Results - Epoch: 26
2025-12-07 14:42:21,408 DeMo.train INFO: mAP: 62.4%
2025-12-07 14:42:21,409 DeMo.train INFO: CMC curve, Rank-1  :67.6%
2025-12-07 14:42:21,410 DeMo.train INFO: CMC curve, Rank-5  :75.2%
2025-12-07 14:42:21,410 DeMo.train INFO: CMC curve, Rank-10 :79.2%
2025-12-07 14:42:21,412 DeMo.train INFO: ~~~~~~~~~~~~~~~~~~~~~~~~~~~~~~~~~~~~~~~~~~~~~~~~~~
2025-12-07 14:42:54,240 DeMo.train INFO: ~~~~~~~~~~~~~~~~~~~~~~~~~~~~~~~~~~~~~~~~~~~~~~~~~~
2025-12-07 14:42:54,241 DeMo.train INFO: Best mAP: 62.4%
2025-12-07 14:42:54,242 DeMo.train INFO: Best Rank-1: 67.6%
2025-12-07 14:42:54,243 DeMo.train INFO: Best Rank-5: 75.2%
2025-12-07 14:42:54,243 DeMo.train INFO: Best Rank-10: 79.2%
2025-12-07 14:42:54,244 DeMo.train INFO: ~~~~~~~~~~~~~~~~~~~~~~~~~~~~~~~~~~~~~~~~~~~~~~~~~~
2025-12-07 14:43:00,916 DeMo.train INFO: Epoch[27] Iteration[10/54] Loss: 0.240, Acc: 1.000, Base Lr: 3.50e-04
2025-12-07 14:43:03,319 DeMo.train INFO: Epoch[27] Iteration[20/54] Loss: 0.245, Acc: 1.000, Base Lr: 3.50e-04
2025-12-07 14:43:05,763 DeMo.train INFO: Epoch[27] Iteration[30/54] Loss: 0.243, Acc: 1.000, Base Lr: 3.50e-04
2025-12-07 14:43:08,177 DeMo.train INFO: Epoch[27] Iteration[40/54] Loss: 0.245, Acc: 1.000, Base Lr: 3.50e-04
2025-12-07 14:43:10,587 DeMo.train INFO: Epoch[27] Iteration[50/54] Loss: 0.246, Acc: 0.999, Base Lr: 3.50e-04
2025-12-07 14:43:11,436 DeMo.train INFO: Epoch 27 done. Time per batch: 0.324[s] Speed: 197.3[samples/s]
2025-12-07 14:43:11,437 DeMo.train INFO: ~~~~~~~~~~~~~~~~~~~~~~~~~~~~~~~~~~~~~~~~~~~~~~~~~~
2025-12-07 14:43:11,437 DeMo.train INFO: Current is the [moe,ori] feature testing!
2025-12-07 14:43:11,437 DeMo.train INFO: ~~~~~~~~~~~~~~~~~~~~~~~~~~~~~~~~~~~~~~~~~~~~~~~~~~
The test feature is normalized
=> Computing DistMat with euclidean_distance
2025-12-07 14:43:16,544 DeMo.train INFO: Validation Results - Epoch: 27
2025-12-07 14:43:16,544 DeMo.train INFO: mAP: 54.5%
2025-12-07 14:43:16,544 DeMo.train INFO: CMC curve, Rank-1  :56.5%
2025-12-07 14:43:16,544 DeMo.train INFO: CMC curve, Rank-5  :67.7%
2025-12-07 14:43:16,544 DeMo.train INFO: CMC curve, Rank-10 :72.7%
2025-12-07 14:43:16,545 DeMo.train INFO: ~~~~~~~~~~~~~~~~~~~~~~~~~~~~~~~~~~~~~~~~~~~~~~~~~~
2025-12-07 14:43:16,596 DeMo.train INFO: ~~~~~~~~~~~~~~~~~~~~~~~~~~~~~~~~~~~~~~~~~~~~~~~~~~
2025-12-07 14:43:16,596 DeMo.train INFO: Best mAP: 62.4%
2025-12-07 14:43:16,596 DeMo.train INFO: Best Rank-1: 67.6%
2025-12-07 14:43:16,596 DeMo.train INFO: Best Rank-5: 75.2%
2025-12-07 14:43:16,596 DeMo.train INFO: Best Rank-10: 79.2%
2025-12-07 14:43:16,596 DeMo.train INFO: ~~~~~~~~~~~~~~~~~~~~~~~~~~~~~~~~~~~~~~~~~~~~~~~~~~
2025-12-07 14:43:20,543 DeMo.train INFO: Epoch[28] Iteration[10/54] Loss: 0.236, Acc: 0.997, Base Lr: 3.50e-04
2025-12-07 14:43:22,960 DeMo.train INFO: Epoch[28] Iteration[20/54] Loss: 0.238, Acc: 0.998, Base Lr: 3.50e-04
2025-12-07 14:43:25,391 DeMo.train INFO: Epoch[28] Iteration[30/54] Loss: 0.238, Acc: 0.998, Base Lr: 3.50e-04
2025-12-07 14:43:27,787 DeMo.train INFO: Epoch[28] Iteration[40/54] Loss: 0.237, Acc: 0.999, Base Lr: 3.50e-04
2025-12-07 14:43:30,228 DeMo.train INFO: Epoch[28] Iteration[50/54] Loss: 0.236, Acc: 0.999, Base Lr: 3.50e-04
2025-12-07 14:43:31,085 DeMo.train INFO: Epoch 28 done. Time per batch: 0.273[s] Speed: 234.1[samples/s]
2025-12-07 14:43:31,086 DeMo.train INFO: ~~~~~~~~~~~~~~~~~~~~~~~~~~~~~~~~~~~~~~~~~~~~~~~~~~
2025-12-07 14:43:31,086 DeMo.train INFO: Current is the [moe,ori] feature testing!
2025-12-07 14:43:31,086 DeMo.train INFO: ~~~~~~~~~~~~~~~~~~~~~~~~~~~~~~~~~~~~~~~~~~~~~~~~~~
The test feature is normalized
=> Computing DistMat with euclidean_distance
2025-12-07 14:43:36,031 DeMo.train INFO: Validation Results - Epoch: 28
2025-12-07 14:43:36,032 DeMo.train INFO: mAP: 60.0%
2025-12-07 14:43:36,032 DeMo.train INFO: CMC curve, Rank-1  :60.0%
2025-12-07 14:43:36,032 DeMo.train INFO: CMC curve, Rank-5  :71.7%
2025-12-07 14:43:36,032 DeMo.train INFO: CMC curve, Rank-10 :77.6%
2025-12-07 14:43:36,032 DeMo.train INFO: ~~~~~~~~~~~~~~~~~~~~~~~~~~~~~~~~~~~~~~~~~~~~~~~~~~
2025-12-07 14:43:36,082 DeMo.train INFO: ~~~~~~~~~~~~~~~~~~~~~~~~~~~~~~~~~~~~~~~~~~~~~~~~~~
2025-12-07 14:43:36,082 DeMo.train INFO: Best mAP: 62.4%
2025-12-07 14:43:36,082 DeMo.train INFO: Best Rank-1: 67.6%
2025-12-07 14:43:36,082 DeMo.train INFO: Best Rank-5: 75.2%
2025-12-07 14:43:36,082 DeMo.train INFO: Best Rank-10: 79.2%
2025-12-07 14:43:36,082 DeMo.train INFO: ~~~~~~~~~~~~~~~~~~~~~~~~~~~~~~~~~~~~~~~~~~~~~~~~~~
2025-12-07 14:43:40,141 DeMo.train INFO: Epoch[29] Iteration[10/54] Loss: 0.233, Acc: 1.000, Base Lr: 3.50e-04
2025-12-07 14:43:42,594 DeMo.train INFO: Epoch[29] Iteration[20/54] Loss: 0.231, Acc: 1.000, Base Lr: 3.50e-04
2025-12-07 14:43:45,033 DeMo.train INFO: Epoch[29] Iteration[30/54] Loss: 0.231, Acc: 1.000, Base Lr: 3.50e-04
2025-12-07 14:43:47,435 DeMo.train INFO: Epoch[29] Iteration[40/54] Loss: 0.233, Acc: 1.000, Base Lr: 3.50e-04
2025-12-07 14:43:49,859 DeMo.train INFO: Epoch[29] Iteration[50/54] Loss: 0.233, Acc: 1.000, Base Lr: 3.50e-04
2025-12-07 14:43:50,760 DeMo.train INFO: Epoch 29 done. Time per batch: 0.277[s] Speed: 231.1[samples/s]
2025-12-07 14:43:50,761 DeMo.train INFO: ~~~~~~~~~~~~~~~~~~~~~~~~~~~~~~~~~~~~~~~~~~~~~~~~~~
2025-12-07 14:43:50,761 DeMo.train INFO: Current is the [moe,ori] feature testing!
2025-12-07 14:43:50,761 DeMo.train INFO: ~~~~~~~~~~~~~~~~~~~~~~~~~~~~~~~~~~~~~~~~~~~~~~~~~~
The test feature is normalized
=> Computing DistMat with euclidean_distance
2025-12-07 14:43:55,858 DeMo.train INFO: Validation Results - Epoch: 29
2025-12-07 14:43:55,858 DeMo.train INFO: mAP: 60.0%
2025-12-07 14:43:55,858 DeMo.train INFO: CMC curve, Rank-1  :61.0%
2025-12-07 14:43:55,858 DeMo.train INFO: CMC curve, Rank-5  :72.2%
2025-12-07 14:43:55,858 DeMo.train INFO: CMC curve, Rank-10 :79.4%
2025-12-07 14:43:55,859 DeMo.train INFO: ~~~~~~~~~~~~~~~~~~~~~~~~~~~~~~~~~~~~~~~~~~~~~~~~~~
2025-12-07 14:43:55,917 DeMo.train INFO: ~~~~~~~~~~~~~~~~~~~~~~~~~~~~~~~~~~~~~~~~~~~~~~~~~~
2025-12-07 14:43:55,917 DeMo.train INFO: Best mAP: 62.4%
2025-12-07 14:43:55,917 DeMo.train INFO: Best Rank-1: 67.6%
2025-12-07 14:43:55,917 DeMo.train INFO: Best Rank-5: 75.2%
2025-12-07 14:43:55,917 DeMo.train INFO: Best Rank-10: 79.2%
2025-12-07 14:43:55,918 DeMo.train INFO: ~~~~~~~~~~~~~~~~~~~~~~~~~~~~~~~~~~~~~~~~~~~~~~~~~~
2025-12-07 14:43:59,977 DeMo.train INFO: Epoch[30] Iteration[10/54] Loss: 0.235, Acc: 1.000, Base Lr: 3.50e-05
2025-12-07 14:44:02,402 DeMo.train INFO: Epoch[30] Iteration[20/54] Loss: 0.232, Acc: 1.000, Base Lr: 3.50e-05
2025-12-07 14:44:04,821 DeMo.train INFO: Epoch[30] Iteration[30/54] Loss: 0.232, Acc: 1.000, Base Lr: 3.50e-05
2025-12-07 14:44:07,251 DeMo.train INFO: Epoch[30] Iteration[40/54] Loss: 0.232, Acc: 1.000, Base Lr: 3.50e-05
2025-12-07 14:44:09,666 DeMo.train INFO: Epoch[30] Iteration[50/54] Loss: 0.234, Acc: 1.000, Base Lr: 3.50e-05
2025-12-07 14:44:10,520 DeMo.train INFO: Epoch 30 done. Time per batch: 0.276[s] Speed: 232.3[samples/s]
2025-12-07 14:44:10,521 DeMo.train INFO: ~~~~~~~~~~~~~~~~~~~~~~~~~~~~~~~~~~~~~~~~~~~~~~~~~~
2025-12-07 14:44:10,521 DeMo.train INFO: Current is the [moe,ori] feature testing!
2025-12-07 14:44:10,521 DeMo.train INFO: ~~~~~~~~~~~~~~~~~~~~~~~~~~~~~~~~~~~~~~~~~~~~~~~~~~
The test feature is normalized
=> Computing DistMat with euclidean_distance
2025-12-07 14:44:20,555 DeMo.train INFO: Validation Results - Epoch: 30
2025-12-07 14:44:20,556 DeMo.train INFO: mAP: 61.7%
2025-12-07 14:44:20,558 DeMo.train INFO: CMC curve, Rank-1  :62.8%
2025-12-07 14:44:20,559 DeMo.train INFO: CMC curve, Rank-5  :74.3%
2025-12-07 14:44:20,560 DeMo.train INFO: CMC curve, Rank-10 :81.1%
2025-12-07 14:44:20,561 DeMo.train INFO: ~~~~~~~~~~~~~~~~~~~~~~~~~~~~~~~~~~~~~~~~~~~~~~~~~~
2025-12-07 14:44:20,612 DeMo.train INFO: ~~~~~~~~~~~~~~~~~~~~~~~~~~~~~~~~~~~~~~~~~~~~~~~~~~
2025-12-07 14:44:20,613 DeMo.train INFO: Best mAP: 62.4%
2025-12-07 14:44:20,614 DeMo.train INFO: Best Rank-1: 67.6%
2025-12-07 14:44:20,615 DeMo.train INFO: Best Rank-5: 75.2%
2025-12-07 14:44:20,616 DeMo.train INFO: Best Rank-10: 79.2%
2025-12-07 14:44:20,617 DeMo.train INFO: ~~~~~~~~~~~~~~~~~~~~~~~~~~~~~~~~~~~~~~~~~~~~~~~~~~
2025-12-07 14:44:29,231 DeMo.train INFO: Epoch[31] Iteration[10/54] Loss: 0.234, Acc: 1.000, Base Lr: 3.50e-05
2025-12-07 14:44:31,714 DeMo.train INFO: Epoch[31] Iteration[20/54] Loss: 0.233, Acc: 1.000, Base Lr: 3.50e-05
2025-12-07 14:44:34,182 DeMo.train INFO: Epoch[31] Iteration[30/54] Loss: 0.232, Acc: 1.000, Base Lr: 3.50e-05
2025-12-07 14:44:36,574 DeMo.train INFO: Epoch[31] Iteration[40/54] Loss: 0.232, Acc: 1.000, Base Lr: 3.50e-05
2025-12-07 14:44:38,981 DeMo.train INFO: Epoch[31] Iteration[50/54] Loss: 0.232, Acc: 1.000, Base Lr: 3.50e-05
2025-12-07 14:44:39,823 DeMo.train INFO: Epoch 31 done. Time per batch: 0.362[s] Speed: 176.6[samples/s]
2025-12-07 14:44:39,824 DeMo.train INFO: ~~~~~~~~~~~~~~~~~~~~~~~~~~~~~~~~~~~~~~~~~~~~~~~~~~
2025-12-07 14:44:39,824 DeMo.train INFO: Current is the [moe,ori] feature testing!
2025-12-07 14:44:39,824 DeMo.train INFO: ~~~~~~~~~~~~~~~~~~~~~~~~~~~~~~~~~~~~~~~~~~~~~~~~~~
The test feature is normalized
=> Computing DistMat with euclidean_distance
2025-12-07 14:44:45,292 DeMo.train INFO: Validation Results - Epoch: 31
2025-12-07 14:44:45,292 DeMo.train INFO: mAP: 62.1%
2025-12-07 14:44:45,292 DeMo.train INFO: CMC curve, Rank-1  :62.9%
2025-12-07 14:44:45,293 DeMo.train INFO: CMC curve, Rank-5  :73.8%
2025-12-07 14:44:45,293 DeMo.train INFO: CMC curve, Rank-10 :80.9%
2025-12-07 14:44:45,293 DeMo.train INFO: ~~~~~~~~~~~~~~~~~~~~~~~~~~~~~~~~~~~~~~~~~~~~~~~~~~
2025-12-07 14:44:45,343 DeMo.train INFO: ~~~~~~~~~~~~~~~~~~~~~~~~~~~~~~~~~~~~~~~~~~~~~~~~~~
2025-12-07 14:44:45,343 DeMo.train INFO: Best mAP: 62.4%
2025-12-07 14:44:45,343 DeMo.train INFO: Best Rank-1: 67.6%
2025-12-07 14:44:45,343 DeMo.train INFO: Best Rank-5: 75.2%
2025-12-07 14:44:45,343 DeMo.train INFO: Best Rank-10: 79.2%
2025-12-07 14:44:45,344 DeMo.train INFO: ~~~~~~~~~~~~~~~~~~~~~~~~~~~~~~~~~~~~~~~~~~~~~~~~~~
2025-12-07 14:44:49,332 DeMo.train INFO: Epoch[32] Iteration[10/54] Loss: 0.228, Acc: 1.000, Base Lr: 3.50e-05
2025-12-07 14:44:51,776 DeMo.train INFO: Epoch[32] Iteration[20/54] Loss: 0.229, Acc: 1.000, Base Lr: 3.50e-05
2025-12-07 14:44:54,200 DeMo.train INFO: Epoch[32] Iteration[30/54] Loss: 0.229, Acc: 1.000, Base Lr: 3.50e-05
2025-12-07 14:44:56,618 DeMo.train INFO: Epoch[32] Iteration[40/54] Loss: 0.229, Acc: 1.000, Base Lr: 3.50e-05
2025-12-07 14:44:59,023 DeMo.train INFO: Epoch[32] Iteration[50/54] Loss: 0.229, Acc: 1.000, Base Lr: 3.50e-05
2025-12-07 14:44:59,888 DeMo.train INFO: Epoch 32 done. Time per batch: 0.274[s] Speed: 233.2[samples/s]
2025-12-07 14:44:59,889 DeMo.train INFO: ~~~~~~~~~~~~~~~~~~~~~~~~~~~~~~~~~~~~~~~~~~~~~~~~~~
2025-12-07 14:44:59,889 DeMo.train INFO: Current is the [moe,ori] feature testing!
2025-12-07 14:44:59,889 DeMo.train INFO: ~~~~~~~~~~~~~~~~~~~~~~~~~~~~~~~~~~~~~~~~~~~~~~~~~~
The test feature is normalized
=> Computing DistMat with euclidean_distance
2025-12-07 14:45:05,531 DeMo.train INFO: Validation Results - Epoch: 32
2025-12-07 14:45:05,532 DeMo.train INFO: mAP: 62.9%
2025-12-07 14:45:05,532 DeMo.train INFO: CMC curve, Rank-1  :64.0%
2025-12-07 14:45:05,532 DeMo.train INFO: CMC curve, Rank-5  :75.2%
2025-12-07 14:45:05,532 DeMo.train INFO: CMC curve, Rank-10 :81.6%
2025-12-07 14:45:05,532 DeMo.train INFO: ~~~~~~~~~~~~~~~~~~~~~~~~~~~~~~~~~~~~~~~~~~~~~~~~~~
2025-12-07 14:45:27,242 DeMo.train INFO: ~~~~~~~~~~~~~~~~~~~~~~~~~~~~~~~~~~~~~~~~~~~~~~~~~~
2025-12-07 14:45:27,243 DeMo.train INFO: Best mAP: 62.9%
2025-12-07 14:45:27,244 DeMo.train INFO: Best Rank-1: 64.0%
2025-12-07 14:45:27,245 DeMo.train INFO: Best Rank-5: 75.2%
2025-12-07 14:45:27,245 DeMo.train INFO: Best Rank-10: 81.6%
2025-12-07 14:45:27,247 DeMo.train INFO: ~~~~~~~~~~~~~~~~~~~~~~~~~~~~~~~~~~~~~~~~~~~~~~~~~~
2025-12-07 14:45:36,922 DeMo.train INFO: Epoch[33] Iteration[10/54] Loss: 0.229, Acc: 1.000, Base Lr: 3.50e-05
2025-12-07 14:45:42,356 DeMo.train INFO: Epoch[33] Iteration[20/54] Loss: 0.229, Acc: 1.000, Base Lr: 3.50e-05
2025-12-07 14:45:44,822 DeMo.train INFO: Epoch[33] Iteration[30/54] Loss: 0.228, Acc: 1.000, Base Lr: 3.50e-05
2025-12-07 14:45:47,404 DeMo.train INFO: Epoch[33] Iteration[40/54] Loss: 0.228, Acc: 1.000, Base Lr: 3.50e-05
2025-12-07 14:45:49,958 DeMo.train INFO: Epoch[33] Iteration[50/54] Loss: 0.227, Acc: 1.000, Base Lr: 3.50e-05
2025-12-07 14:45:50,938 DeMo.train INFO: Epoch 33 done. Time per batch: 0.447[s] Speed: 143.2[samples/s]
2025-12-07 14:45:50,939 DeMo.train INFO: ~~~~~~~~~~~~~~~~~~~~~~~~~~~~~~~~~~~~~~~~~~~~~~~~~~
2025-12-07 14:45:50,939 DeMo.train INFO: Current is the [moe,ori] feature testing!
2025-12-07 14:45:50,940 DeMo.train INFO: ~~~~~~~~~~~~~~~~~~~~~~~~~~~~~~~~~~~~~~~~~~~~~~~~~~
The test feature is normalized
=> Computing DistMat with euclidean_distance
2025-12-07 14:45:58,187 DeMo.train INFO: Validation Results - Epoch: 33
2025-12-07 14:45:58,187 DeMo.train INFO: mAP: 63.1%
2025-12-07 14:45:58,187 DeMo.train INFO: CMC curve, Rank-1  :64.4%
2025-12-07 14:45:58,187 DeMo.train INFO: CMC curve, Rank-5  :75.4%
2025-12-07 14:45:58,187 DeMo.train INFO: CMC curve, Rank-10 :81.7%
2025-12-07 14:45:58,188 DeMo.train INFO: ~~~~~~~~~~~~~~~~~~~~~~~~~~~~~~~~~~~~~~~~~~~~~~~~~~
