2025-12-07 14:24:09,026 DeMo INFO: Saving model in the path :..
2025-12-07 14:24:09,026 DeMo INFO: Namespace(config_file='configs/RGBNT201/DeMo_SDTPS_DGAF_ablation.yml', exp_name='ablation_SDTPS_DGAFv3', fea_cft=0, local_rank=0, opts=['MODEL.USE_SDTPS', 'True', 'MODEL.USE_DGAF', 'True'])
2025-12-07 14:24:09,026 DeMo INFO: Loaded configuration file configs/RGBNT201/DeMo_SDTPS_DGAF_ablation.yml
2025-12-07 14:24:09,026 DeMo INFO: 
MODEL:
  TRANSFORMER_TYPE: 'ViT-B-16'
  STRIDE_SIZE: [ 16, 16 ]
  SIE_CAMERA: True
  DIRECT: 1
  SIE_COE: 1.0
  ID_LOSS_WEIGHT: 0.25
  TRIPLET_LOSS_WEIGHT: 1.0
  GLOBAL_LOCAL: True
  # Disable HDM and ATM
  HDM: False
  ATM: False
  # SACR disabled for ablation
  USE_SACR: False
  USE_MULTIMODAL_SACR: False
  # SDTPS configuration
  USE_SDTPS: True
  SDTPS_SPARSE_RATIO: 0.7
  SDTPS_AGGR_RATIO: 0.5
  SDTPS_BETA: 0.25
  SDTPS_USE_GUMBEL: False
  SDTPS_GUMBEL_TAU: 5.0
  SDTPS_LOSS_WEIGHT: 2.0
  # LIF disabled
  USE_LIF: False
  # DGAF: Dual-Gated Adaptive Fusion
  USE_DGAF: True
  DGAF_VERSION: 'v3'
  DGAF_TAU: 1.0
  DGAF_INIT_ALPHA: 0.5
  DGAF_NUM_HEADS: 8
  HEAD: 4

INPUT:
  SIZE_TRAIN: [ 256, 128 ]
  SIZE_TEST: [ 256, 128 ]
  PROB: 0.5
  RE_PROB: 0.5
  PADDING: 10

DATALOADER:
  SAMPLER: 'softmax_triplet'
  NUM_INSTANCE: 8
  NUM_WORKERS: 14

DATASETS:
  NAMES: ('RGBNT201')
  ROOT_DIR: '..'

SOLVER:
  BASE_LR: 0.00035
  MAX_EPOCHS: 50
  STEPS: [30, 40]
  GAMMA: 0.1
  WARMUP_ITERS: 10
  WARMUP_FACTOR: 0.01
  WARMUP_METHOD: 'linear'
  OPTIMIZER_NAME: 'Adam'
  IMS_PER_BATCH: 64
  EVAL_PERIOD: 1
  CHECKPOINT_PERIOD: 10

TEST:
  IMS_PER_BATCH: 128
  RE_RANKING: 'no'
  WEIGHT: ''
  NECK_FEAT: 'before'
  FEAT_NORM: 'yes'
  MISS: "nothing"

OUTPUT_DIR: '..'

# ============================================================================
# SDTPS + DGAF Ablation Config
# ============================================================================
# - SACR: disabled
# - SDTPS: configurable via command line
# - DGAF V3: configurable via command line
# - Training: lr=0.00035, epochs=50, warmup=10
# - TF32: enabled in train_net.py
# ============================================================================

2025-12-07 14:24:09,027 DeMo INFO: Running with config:
DATALOADER:
  NUM_INSTANCE: 8
  NUM_WORKERS: 14
  SAMPLER: softmax_triplet
DATASETS:
  NAMES: RGBNT201
  ROOT_DIR: ..
INPUT:
  PADDING: 10
  PIXEL_MEAN: [0.5, 0.5, 0.5]
  PIXEL_STD: [0.5, 0.5, 0.5]
  PROB: 0.5
  RE_PROB: 0.5
  SIZE_TEST: [256, 128]
  SIZE_TRAIN: [256, 128]
MODEL:
  ADAPTER: False
  ATM: False
  ATT_DROP_RATE: 0.0
  DEVICE: cuda
  DEVICE_ID: 0
  DGAF_INIT_ALPHA: 0.5
  DGAF_NUM_HEADS: 8
  DGAF_TAU: 1.0
  DGAF_VERSION: v3
  DIRECT: 1
  DIST_TRAIN: False
  DROP_OUT: 0.0
  DROP_PATH: 0.1
  FROZEN: False
  GLOBAL_LOCAL: True
  HDM: False
  HEAD: 4
  ID_LOSS_TYPE: softmax
  ID_LOSS_WEIGHT: 0.25
  IF_LABELSMOOTH: on
  IF_WITH_CENTER: no
  LIF_BETA: 0.4
  LIF_LAYER: 3
  LIF_LOSS_WEIGHT: 0.1
  METRIC_LOSS_TYPE: triplet
  MULTIMODAL_SACR_VERSION: v1
  NAME: DeMo
  NECK: bnneck
  NO_MARGIN: True
  PRETRAIN_PATH_T: /path/to/your/vitb_16_224_21k.pth
  PROMPT: False
  SACR_DILATION_RATES: [2, 3, 4]
  SDTPS_AGGR_RATIO: 0.5
  SDTPS_BETA: 0.25
  SDTPS_GUMBEL_TAU: 5.0
  SDTPS_LOSS_WEIGHT: 2.0
  SDTPS_SPARSE_RATIO: 0.7
  SDTPS_USE_GUMBEL: False
  SIE_CAMERA: True
  SIE_COE: 1.0
  SIE_VIEW: False
  STRIDE_SIZE: [16, 16]
  TRANSFORMER_TYPE: ViT-B-16
  TRIPLET_LOSS_WEIGHT: 1.0
  USE_DGAF: True
  USE_LIF: False
  USE_MULTIMODAL_SACR: False
  USE_SACR: False
  USE_SDTPS: True
OUTPUT_DIR: ..
SOLVER:
  BASE_LR: 0.00035
  BIAS_LR_FACTOR: 2
  CENTER_LOSS_WEIGHT: 0.0005
  CENTER_LR: 0.5
  CHECKPOINT_PERIOD: 10
  CLUSTER_MARGIN: 0.3
  COSINE_MARGIN: 0.5
  COSINE_SCALE: 30
  EVAL_PERIOD: 1
  GAMMA: 0.1
  IMS_PER_BATCH: 64
  LARGE_FC_LR: False
  LOG_PERIOD: 10
  MARGIN: 0.3
  MAX_EPOCHS: 50
  MOMENTUM: 0.9
  OPTIMIZER_NAME: Adam
  RANGE_ALPHA: 0
  RANGE_BETA: 1
  RANGE_K: 2
  RANGE_LOSS_WEIGHT: 1
  RANGE_MARGIN: 0.3
  SEED: 1111
  STEPS: (30, 40)
  WARMUP_FACTOR: 0.01
  WARMUP_ITERS: 10
  WARMUP_METHOD: linear
  WEIGHT_DECAY: 0.0001
  WEIGHT_DECAY_BIAS: 0.0001
TEST:
  FEAT: 0
  FEAT_NORM: yes
  IMS_PER_BATCH: 128
  MISS: nothing
  NECK_FEAT: before
  RE_RANKING: no
  WEIGHT: 
=> RGBNT201 loaded
Dataset statistics:
  ----------------------------------------
  subset   | # ids | # images | # cameras
  ----------------------------------------
  train    |   171 |     3951 |         4
  query    |    30 |      836 |         2
  gallery  |    30 |      836 |         2
  ----------------------------------------
data is ready
using Transformer_type: ViT-B-16 as a backbone
Resized position embedding: %s to %s torch.Size([197, 768]) torch.Size([129, 768])
Position embedding resize to height:16 width: 8
Successfully load ckpt!
<All keys matched successfully>
Loading pretrained model from CLIP
camera number is : 4
[SDTPS] 参数设置:
  输入patches: 128
  sparse_ratio: 0.7 → 选中 90 patches
  aggr_ratio: 0.5 → 聚合到 44 patches
  最终比例: 0.344
===========Building DeMo===========
2025-12-07 14:24:20,313 DeMo INFO: DeMo(
  (BACKBONE): build_transformer(
    (base): VisionTransformer(
      (conv1): Conv2d(3, 768, kernel_size=(16, 16), stride=(16, 16), bias=False)
      (ln_pre): LayerNorm((768,), eps=1e-05, elementwise_affine=True)
      (transformer): Transformer(
        (resblocks): Sequential(
          (0): ResidualAttentionBlock(
            (attn): MultiheadAttention(
              (out_proj): NonDynamicallyQuantizableLinear(in_features=768, out_features=768, bias=True)
            )
            (ln_1): LayerNorm((768,), eps=1e-05, elementwise_affine=True)
            (mlp): Sequential(
              (c_fc): Linear(in_features=768, out_features=3072, bias=True)
              (gelu): QuickGELU()
              (c_proj): Linear(in_features=3072, out_features=768, bias=True)
            )
            (ln_2): LayerNorm((768,), eps=1e-05, elementwise_affine=True)
          )
          (1): ResidualAttentionBlock(
            (attn): MultiheadAttention(
              (out_proj): NonDynamicallyQuantizableLinear(in_features=768, out_features=768, bias=True)
            )
            (ln_1): LayerNorm((768,), eps=1e-05, elementwise_affine=True)
            (mlp): Sequential(
              (c_fc): Linear(in_features=768, out_features=3072, bias=True)
              (gelu): QuickGELU()
              (c_proj): Linear(in_features=3072, out_features=768, bias=True)
            )
            (ln_2): LayerNorm((768,), eps=1e-05, elementwise_affine=True)
          )
          (2): ResidualAttentionBlock(
            (attn): MultiheadAttention(
              (out_proj): NonDynamicallyQuantizableLinear(in_features=768, out_features=768, bias=True)
            )
            (ln_1): LayerNorm((768,), eps=1e-05, elementwise_affine=True)
            (mlp): Sequential(
              (c_fc): Linear(in_features=768, out_features=3072, bias=True)
              (gelu): QuickGELU()
              (c_proj): Linear(in_features=3072, out_features=768, bias=True)
            )
            (ln_2): LayerNorm((768,), eps=1e-05, elementwise_affine=True)
          )
          (3): ResidualAttentionBlock(
            (attn): MultiheadAttention(
              (out_proj): NonDynamicallyQuantizableLinear(in_features=768, out_features=768, bias=True)
            )
            (ln_1): LayerNorm((768,), eps=1e-05, elementwise_affine=True)
            (mlp): Sequential(
              (c_fc): Linear(in_features=768, out_features=3072, bias=True)
              (gelu): QuickGELU()
              (c_proj): Linear(in_features=3072, out_features=768, bias=True)
            )
            (ln_2): LayerNorm((768,), eps=1e-05, elementwise_affine=True)
          )
          (4): ResidualAttentionBlock(
            (attn): MultiheadAttention(
              (out_proj): NonDynamicallyQuantizableLinear(in_features=768, out_features=768, bias=True)
            )
            (ln_1): LayerNorm((768,), eps=1e-05, elementwise_affine=True)
            (mlp): Sequential(
              (c_fc): Linear(in_features=768, out_features=3072, bias=True)
              (gelu): QuickGELU()
              (c_proj): Linear(in_features=3072, out_features=768, bias=True)
            )
            (ln_2): LayerNorm((768,), eps=1e-05, elementwise_affine=True)
          )
          (5): ResidualAttentionBlock(
            (attn): MultiheadAttention(
              (out_proj): NonDynamicallyQuantizableLinear(in_features=768, out_features=768, bias=True)
            )
            (ln_1): LayerNorm((768,), eps=1e-05, elementwise_affine=True)
            (mlp): Sequential(
              (c_fc): Linear(in_features=768, out_features=3072, bias=True)
              (gelu): QuickGELU()
              (c_proj): Linear(in_features=3072, out_features=768, bias=True)
            )
            (ln_2): LayerNorm((768,), eps=1e-05, elementwise_affine=True)
          )
          (6): ResidualAttentionBlock(
            (attn): MultiheadAttention(
              (out_proj): NonDynamicallyQuantizableLinear(in_features=768, out_features=768, bias=True)
            )
            (ln_1): LayerNorm((768,), eps=1e-05, elementwise_affine=True)
            (mlp): Sequential(
              (c_fc): Linear(in_features=768, out_features=3072, bias=True)
              (gelu): QuickGELU()
              (c_proj): Linear(in_features=3072, out_features=768, bias=True)
            )
            (ln_2): LayerNorm((768,), eps=1e-05, elementwise_affine=True)
          )
          (7): ResidualAttentionBlock(
            (attn): MultiheadAttention(
              (out_proj): NonDynamicallyQuantizableLinear(in_features=768, out_features=768, bias=True)
            )
            (ln_1): LayerNorm((768,), eps=1e-05, elementwise_affine=True)
            (mlp): Sequential(
              (c_fc): Linear(in_features=768, out_features=3072, bias=True)
              (gelu): QuickGELU()
              (c_proj): Linear(in_features=3072, out_features=768, bias=True)
            )
            (ln_2): LayerNorm((768,), eps=1e-05, elementwise_affine=True)
          )
          (8): ResidualAttentionBlock(
            (attn): MultiheadAttention(
              (out_proj): NonDynamicallyQuantizableLinear(in_features=768, out_features=768, bias=True)
            )
            (ln_1): LayerNorm((768,), eps=1e-05, elementwise_affine=True)
            (mlp): Sequential(
              (c_fc): Linear(in_features=768, out_features=3072, bias=True)
              (gelu): QuickGELU()
              (c_proj): Linear(in_features=3072, out_features=768, bias=True)
            )
            (ln_2): LayerNorm((768,), eps=1e-05, elementwise_affine=True)
          )
          (9): ResidualAttentionBlock(
            (attn): MultiheadAttention(
              (out_proj): NonDynamicallyQuantizableLinear(in_features=768, out_features=768, bias=True)
            )
            (ln_1): LayerNorm((768,), eps=1e-05, elementwise_affine=True)
            (mlp): Sequential(
              (c_fc): Linear(in_features=768, out_features=3072, bias=True)
              (gelu): QuickGELU()
              (c_proj): Linear(in_features=3072, out_features=768, bias=True)
            )
            (ln_2): LayerNorm((768,), eps=1e-05, elementwise_affine=True)
          )
          (10): ResidualAttentionBlock(
            (attn): MultiheadAttention(
              (out_proj): NonDynamicallyQuantizableLinear(in_features=768, out_features=768, bias=True)
            )
            (ln_1): LayerNorm((768,), eps=1e-05, elementwise_affine=True)
            (mlp): Sequential(
              (c_fc): Linear(in_features=768, out_features=3072, bias=True)
              (gelu): QuickGELU()
              (c_proj): Linear(in_features=3072, out_features=768, bias=True)
            )
            (ln_2): LayerNorm((768,), eps=1e-05, elementwise_affine=True)
          )
          (11): ResidualAttentionBlock(
            (attn): MultiheadAttention(
              (out_proj): NonDynamicallyQuantizableLinear(in_features=768, out_features=768, bias=True)
            )
            (ln_1): LayerNorm((768,), eps=1e-05, elementwise_affine=True)
            (mlp): Sequential(
              (c_fc): Linear(in_features=768, out_features=3072, bias=True)
              (gelu): QuickGELU()
              (c_proj): Linear(in_features=3072, out_features=768, bias=True)
            )
            (ln_2): LayerNorm((768,), eps=1e-05, elementwise_affine=True)
          )
        )
      )
      (ln_post): LayerNorm((768,), eps=1e-05, elementwise_affine=True)
    )
  )
  (pool): AdaptiveAvgPool1d(output_size=1)
  (rgb_reduce): Sequential(
    (0): LayerNorm((1024,), eps=1e-05, elementwise_affine=True)
    (1): Linear(in_features=1024, out_features=512, bias=True)
    (2): QuickGELU()
  )
  (nir_reduce): Sequential(
    (0): LayerNorm((1024,), eps=1e-05, elementwise_affine=True)
    (1): Linear(in_features=1024, out_features=512, bias=True)
    (2): QuickGELU()
  )
  (tir_reduce): Sequential(
    (0): LayerNorm((1024,), eps=1e-05, elementwise_affine=True)
    (1): Linear(in_features=1024, out_features=512, bias=True)
    (2): QuickGELU()
  )
  (dgaf): DualGatedAdaptiveFusionV3(
    (attn_pool): MultiheadAttention(
      (out_proj): NonDynamicallyQuantizableLinear(in_features=512, out_features=512, bias=True)
    )
    (attn_norm): LayerNorm((512,), eps=1e-05, elementwise_affine=True)
    (entropy_proj): Linear(in_features=512, out_features=512, bias=True)
    (gate_net): Sequential(
      (0): Linear(in_features=1536, out_features=512, bias=True)
      (1): LayerNorm((512,), eps=1e-05, elementwise_affine=True)
      (2): ReLU(inplace=True)
      (3): Linear(in_features=512, out_features=3, bias=True)
      (4): Sigmoid()
    )
    (modal_enhance): Sequential(
      (0): Linear(in_features=512, out_features=512, bias=True)
      (1): LayerNorm((512,), eps=1e-05, elementwise_affine=True)
    )
  )
  (sdtps): MultiModalSDTPS(
    (rgb_sparse): TokenSparse(
      (score_predictor): Sequential(
        (0): Linear(in_features=512, out_features=128, bias=True)
        (1): GELU(approximate='none')
        (2): Linear(in_features=128, out_features=1, bias=True)
        (3): Sigmoid()
      )
    )
    (rgb_aggr): TokenAggregation(
      (weight): Sequential(
        (0): LayerNorm((512,), eps=1e-05, elementwise_affine=True)
        (1): Linear(in_features=512, out_features=102, bias=True)
        (2): GELU(approximate='none')
        (3): Linear(in_features=102, out_features=44, bias=True)
      )
    )
    (nir_sparse): TokenSparse(
      (score_predictor): Sequential(
        (0): Linear(in_features=512, out_features=128, bias=True)
        (1): GELU(approximate='none')
        (2): Linear(in_features=128, out_features=1, bias=True)
        (3): Sigmoid()
      )
    )
    (nir_aggr): TokenAggregation(
      (weight): Sequential(
        (0): LayerNorm((512,), eps=1e-05, elementwise_affine=True)
        (1): Linear(in_features=512, out_features=102, bias=True)
        (2): GELU(approximate='none')
        (3): Linear(in_features=102, out_features=44, bias=True)
      )
    )
    (tir_sparse): TokenSparse(
      (score_predictor): Sequential(
        (0): Linear(in_features=512, out_features=128, bias=True)
        (1): GELU(approximate='none')
        (2): Linear(in_features=128, out_features=1, bias=True)
        (3): Sigmoid()
      )
    )
    (tir_aggr): TokenAggregation(
      (weight): Sequential(
        (0): LayerNorm((512,), eps=1e-05, elementwise_affine=True)
        (1): Linear(in_features=512, out_features=102, bias=True)
        (2): GELU(approximate='none')
        (3): Linear(in_features=102, out_features=44, bias=True)
      )
    )
  )
  (classifier_sdtps): Linear(in_features=1536, out_features=171, bias=False)
  (bottleneck_sdtps): BatchNorm1d(1536, eps=1e-05, momentum=0.1, affine=True, track_running_stats=True)
  (classifier): Linear(in_features=1536, out_features=171, bias=False)
  (bottleneck): BatchNorm1d(1536, eps=1e-05, momentum=0.1, affine=True, track_running_stats=True)
)
2025-12-07 14:24:20,315 DeMo INFO: number of parameters:90.992472
/home/yij/miniconda3/envs/DeMo/lib/python3.8/site-packages/timm/models/helpers.py:7: FutureWarning: Importing from timm.models.helpers is deprecated, please import via timm.models
  warnings.warn(f"Importing from {__name__} is deprecated, please import via timm.models", FutureWarning)
/home/yij/miniconda3/envs/DeMo/lib/python3.8/site-packages/timm/models/registry.py:4: FutureWarning: Importing from timm.models.registry is deprecated, please import via timm.models
  warnings.warn(f"Importing from {__name__} is deprecated, please import via timm.models", FutureWarning)
/home/yij/miniconda3/envs/DeMo/lib/python3.8/site-packages/timm/models/layers/__init__.py:48: FutureWarning: Importing from timm.models.layers is deprecated, please import via timm.layers
  warnings.warn(f"Importing from {__name__} is deprecated, please import via timm.layers", FutureWarning)
/raid/yij/icme/demo2new/DeMo2/modeling/clip/clip.py:23: UserWarning: PyTorch version 1.7.1 or higher is recommended
  warnings.warn("PyTorch version 1.7.1 or higher is recommended")
/home/yij/miniconda3/envs/DeMo/lib/python3.8/site-packages/torchvision/transforms/transforms.py:329: UserWarning: Argument 'interpolation' of type int is deprecated since 0.13 and will be removed in 0.15. Please use InterpolationMode enum.
  warnings.warn(
Unsupported operator aten::log encountered 6 time(s)
The following submodules of the model were never called during the trace of the graph. They may be unused, or they were accessed by direct calls to .forward() or via other python methods. In the latter case they will have zeros for statistics, though their statistics will still contribute to their parent calling module.
BACKBONE.base.transformer.resblocks.0.attn.out_proj, BACKBONE.base.transformer.resblocks.1.attn.out_proj, BACKBONE.base.transformer.resblocks.10.attn.out_proj, BACKBONE.base.transformer.resblocks.11.attn.out_proj, BACKBONE.base.transformer.resblocks.2.attn.out_proj, BACKBONE.base.transformer.resblocks.3.attn.out_proj, BACKBONE.base.transformer.resblocks.4.attn.out_proj, BACKBONE.base.transformer.resblocks.5.attn.out_proj, BACKBONE.base.transformer.resblocks.6.attn.out_proj, BACKBONE.base.transformer.resblocks.7.attn.out_proj, BACKBONE.base.transformer.resblocks.8.attn.out_proj, BACKBONE.base.transformer.resblocks.9.attn.out_proj, bottleneck, bottleneck_sdtps, classifier, classifier_sdtps, dgaf.attn_pool.out_proj
~~~~~~~~~~~~~~~~~~~~~~~~~~~~~~~~~~~~~~~~~~~~~~~~~~~~~~~~~~~~~~~~~~~~~~~~~~~~~~~~~~~~~~~~~~~~~~~~
The out_proj here is called by the nn.MultiheadAttention, which has been calculated in th .forward(), so just ignore it.
~~~~~~~~~~~~~~~~~~~~~~~~~~~~~~~~~~~~~~~~~~~~~~~~~~~~~~~~~~~~~~~~~~~~~~~~~~~~~~~~~~~~~~~~~~~~~~~~
For the bottleneck or classifier, it is not calculated during inference, so just ignore it.
~~~~~~~~~~~~~~~~~~~~~~~~~~~~~~~~~~~~~~~~~~~~~~~~~~~~~~~~~~~~~~~~~~~~~~~~~~~~~~~~~~~~~~~~~~~~~~~~
2025-12-07 14:24:23,395 DeMo INFO: number of GFLOPs: 34.402042249
using soft triplet loss for training
label smooth on, numclasses: 171
2025-12-07 14:24:23,413 DeMo.train INFO: start training
/home/yij/miniconda3/envs/DeMo/lib/python3.8/site-packages/torch/optim/lr_scheduler.py:138: UserWarning: Detected call of `lr_scheduler.step()` before `optimizer.step()`. In PyTorch 1.1.0 and later, you should call them in the opposite order: `optimizer.step()` before `lr_scheduler.step()`.  Failure to do this will result in PyTorch skipping the first value of the learning rate schedule. See more details at https://pytorch.org/docs/stable/optim.html#how-to-adjust-learning-rate
  warnings.warn("Detected call of `lr_scheduler.step()` before `optimizer.step()`. "
/home/yij/miniconda3/envs/DeMo/lib/python3.8/site-packages/torch/optim/lr_scheduler.py:163: UserWarning: The epoch parameter in `scheduler.step()` was not necessary and is being deprecated where possible. Please use `scheduler.step()` to step the scheduler. During the deprecation, if epoch is different from None, the closed form is used instead of the new chainable form, where available. Please open an issue if you are unable to replicate your use case: https://github.com/pytorch/pytorch/issues/new/choose.
  warnings.warn(EPOCH_DEPRECATION_WARNING, UserWarning)
2025-12-07 14:24:28,213 DeMo.train INFO: Epoch[1] Iteration[10/54] Loss: 14.200, Acc: 0.006, Base Lr: 3.82e-05
2025-12-07 14:24:30,877 DeMo.train INFO: Epoch[1] Iteration[20/54] Loss: 12.057, Acc: 0.026, Base Lr: 3.82e-05
2025-12-07 14:24:33,537 DeMo.train INFO: Epoch[1] Iteration[30/54] Loss: 10.624, Acc: 0.047, Base Lr: 3.82e-05
2025-12-07 14:24:36,188 DeMo.train INFO: Epoch[1] Iteration[40/54] Loss: 9.811, Acc: 0.063, Base Lr: 3.82e-05
2025-12-07 14:24:38,846 DeMo.train INFO: Epoch[1] Iteration[50/54] Loss: 9.290, Acc: 0.079, Base Lr: 3.82e-05
2025-12-07 14:24:39,778 DeMo.train INFO: Epoch 1 done. Time per batch: 0.309[s] Speed: 207.4[samples/s]
2025-12-07 14:24:39,779 DeMo.train INFO: ~~~~~~~~~~~~~~~~~~~~~~~~~~~~~~~~~~~~~~~~~~~~~~~~~~
2025-12-07 14:24:39,779 DeMo.train INFO: Current is the ori feature testing!
2025-12-07 14:24:39,779 DeMo.train INFO: ~~~~~~~~~~~~~~~~~~~~~~~~~~~~~~~~~~~~~~~~~~~~~~~~~~
The test feature is normalized
=> Computing DistMat with euclidean_distance
2025-12-07 14:24:45,839 DeMo.train INFO: Validation Results - Epoch: 1
2025-12-07 14:24:45,842 DeMo.train INFO: mAP: 4.5%
2025-12-07 14:24:45,842 DeMo.train INFO: CMC curve, Rank-1  :3.1%
2025-12-07 14:24:45,842 DeMo.train INFO: CMC curve, Rank-5  :9.4%
2025-12-07 14:24:45,842 DeMo.train INFO: CMC curve, Rank-10 :15.6%
2025-12-07 14:24:45,842 DeMo.train INFO: ~~~~~~~~~~~~~~~~~~~~~~~~~~~~~~~~~~~~~~~~~~~~~~~~~~
2025-12-07 14:24:45,850 DeMo.train INFO: ~~~~~~~~~~~~~~~~~~~~~~~~~~~~~~~~~~~~~~~~~~~~~~~~~~
2025-12-07 14:24:45,855 DeMo.train INFO: Current is the moe feature testing!
2025-12-07 14:24:45,856 DeMo.train INFO: ~~~~~~~~~~~~~~~~~~~~~~~~~~~~~~~~~~~~~~~~~~~~~~~~~~
The test feature is normalized
=> Computing DistMat with euclidean_distance
2025-12-07 14:24:55,189 DeMo.train INFO: Validation Results - Epoch: 1
2025-12-07 14:24:55,190 DeMo.train INFO: mAP: 9.7%
2025-12-07 14:24:55,192 DeMo.train INFO: CMC curve, Rank-1  :9.7%
2025-12-07 14:24:55,193 DeMo.train INFO: CMC curve, Rank-5  :24.2%
2025-12-07 14:24:55,195 DeMo.train INFO: CMC curve, Rank-10 :33.3%
2025-12-07 14:24:55,196 DeMo.train INFO: ~~~~~~~~~~~~~~~~~~~~~~~~~~~~~~~~~~~~~~~~~~~~~~~~~~
2025-12-07 14:24:55,201 DeMo.train INFO: ~~~~~~~~~~~~~~~~~~~~~~~~~~~~~~~~~~~~~~~~~~~~~~~~~~
2025-12-07 14:24:55,203 DeMo.train INFO: Current is the [moe,ori] feature testing!
2025-12-07 14:24:55,204 DeMo.train INFO: ~~~~~~~~~~~~~~~~~~~~~~~~~~~~~~~~~~~~~~~~~~~~~~~~~~
The test feature is normalized
=> Computing DistMat with euclidean_distance
2025-12-07 14:25:04,527 DeMo.train INFO: Validation Results - Epoch: 1
2025-12-07 14:25:04,528 DeMo.train INFO: mAP: 8.1%
2025-12-07 14:25:04,530 DeMo.train INFO: CMC curve, Rank-1  :6.8%
2025-12-07 14:25:04,531 DeMo.train INFO: CMC curve, Rank-5  :18.7%
2025-12-07 14:25:04,533 DeMo.train INFO: CMC curve, Rank-10 :27.4%
2025-12-07 14:25:04,534 DeMo.train INFO: ~~~~~~~~~~~~~~~~~~~~~~~~~~~~~~~~~~~~~~~~~~~~~~~~~~
2025-12-07 14:25:52,719 DeMo.train INFO: ~~~~~~~~~~~~~~~~~~~~~~~~~~~~~~~~~~~~~~~~~~~~~~~~~~
2025-12-07 14:25:52,721 DeMo.train INFO: Best mAP: 8.1%
2025-12-07 14:25:52,722 DeMo.train INFO: Best Rank-1: 6.8%
2025-12-07 14:25:52,722 DeMo.train INFO: Best Rank-5: 18.7%
2025-12-07 14:25:52,722 DeMo.train INFO: Best Rank-10: 27.4%
2025-12-07 14:25:52,722 DeMo.train INFO: ~~~~~~~~~~~~~~~~~~~~~~~~~~~~~~~~~~~~~~~~~~~~~~~~~~
2025-12-07 14:25:58,180 DeMo.train INFO: Epoch[2] Iteration[10/54] Loss: 6.608, Acc: 0.508, Base Lr: 7.28e-05
2025-12-07 14:26:00,936 DeMo.train INFO: Epoch[2] Iteration[20/54] Loss: 6.485, Acc: 0.503, Base Lr: 7.28e-05
2025-12-07 14:26:03,621 DeMo.train INFO: Epoch[2] Iteration[30/54] Loss: 6.443, Acc: 0.517, Base Lr: 7.28e-05
2025-12-07 14:26:06,296 DeMo.train INFO: Epoch[2] Iteration[40/54] Loss: 6.384, Acc: 0.520, Base Lr: 7.28e-05
2025-12-07 14:26:08,977 DeMo.train INFO: Epoch[2] Iteration[50/54] Loss: 6.342, Acc: 0.496, Base Lr: 7.28e-05
2025-12-07 14:26:09,912 DeMo.train INFO: Epoch 2 done. Time per batch: 0.324[s] Speed: 197.3[samples/s]
2025-12-07 14:26:09,916 DeMo.train INFO: ~~~~~~~~~~~~~~~~~~~~~~~~~~~~~~~~~~~~~~~~~~~~~~~~~~
2025-12-07 14:26:09,917 DeMo.train INFO: Current is the ori feature testing!
2025-12-07 14:26:09,918 DeMo.train INFO: ~~~~~~~~~~~~~~~~~~~~~~~~~~~~~~~~~~~~~~~~~~~~~~~~~~
The test feature is normalized
=> Computing DistMat with euclidean_distance
2025-12-07 14:26:18,984 DeMo.train INFO: Validation Results - Epoch: 2
2025-12-07 14:26:18,986 DeMo.train INFO: mAP: 7.5%
2025-12-07 14:26:18,987 DeMo.train INFO: CMC curve, Rank-1  :5.6%
2025-12-07 14:26:18,989 DeMo.train INFO: CMC curve, Rank-5  :15.4%
2025-12-07 14:26:18,990 DeMo.train INFO: CMC curve, Rank-10 :22.2%
2025-12-07 14:26:18,991 DeMo.train INFO: ~~~~~~~~~~~~~~~~~~~~~~~~~~~~~~~~~~~~~~~~~~~~~~~~~~
2025-12-07 14:26:19,552 DeMo.train INFO: ~~~~~~~~~~~~~~~~~~~~~~~~~~~~~~~~~~~~~~~~~~~~~~~~~~
2025-12-07 14:26:19,554 DeMo.train INFO: Current is the moe feature testing!
2025-12-07 14:26:19,556 DeMo.train INFO: ~~~~~~~~~~~~~~~~~~~~~~~~~~~~~~~~~~~~~~~~~~~~~~~~~~
The test feature is normalized
=> Computing DistMat with euclidean_distance
2025-12-07 14:26:35,772 DeMo.train INFO: Validation Results - Epoch: 2
2025-12-07 14:26:35,774 DeMo.train INFO: mAP: 15.9%
2025-12-07 14:26:35,776 DeMo.train INFO: CMC curve, Rank-1  :17.9%
2025-12-07 14:26:35,777 DeMo.train INFO: CMC curve, Rank-5  :34.0%
2025-12-07 14:26:35,778 DeMo.train INFO: CMC curve, Rank-10 :43.8%
2025-12-07 14:26:35,780 DeMo.train INFO: ~~~~~~~~~~~~~~~~~~~~~~~~~~~~~~~~~~~~~~~~~~~~~~~~~~
2025-12-07 14:26:35,805 DeMo.train INFO: ~~~~~~~~~~~~~~~~~~~~~~~~~~~~~~~~~~~~~~~~~~~~~~~~~~
2025-12-07 14:26:35,806 DeMo.train INFO: Current is the [moe,ori] feature testing!
2025-12-07 14:26:35,807 DeMo.train INFO: ~~~~~~~~~~~~~~~~~~~~~~~~~~~~~~~~~~~~~~~~~~~~~~~~~~
The test feature is normalized
=> Computing DistMat with euclidean_distance
2025-12-07 14:26:42,774 DeMo.train INFO: Validation Results - Epoch: 2
2025-12-07 14:26:42,774 DeMo.train INFO: mAP: 13.0%
2025-12-07 14:26:42,774 DeMo.train INFO: CMC curve, Rank-1  :13.2%
2025-12-07 14:26:42,774 DeMo.train INFO: CMC curve, Rank-5  :26.1%
2025-12-07 14:26:42,774 DeMo.train INFO: CMC curve, Rank-10 :36.6%
2025-12-07 14:26:42,774 DeMo.train INFO: ~~~~~~~~~~~~~~~~~~~~~~~~~~~~~~~~~~~~~~~~~~~~~~~~~~
2025-12-07 14:27:31,432 DeMo.train INFO: ~~~~~~~~~~~~~~~~~~~~~~~~~~~~~~~~~~~~~~~~~~~~~~~~~~
2025-12-07 14:27:31,434 DeMo.train INFO: Best mAP: 13.0%
2025-12-07 14:27:31,434 DeMo.train INFO: Best Rank-1: 13.2%
2025-12-07 14:27:31,436 DeMo.train INFO: Best Rank-5: 26.1%
2025-12-07 14:27:31,437 DeMo.train INFO: Best Rank-10: 36.6%
2025-12-07 14:27:31,437 DeMo.train INFO: ~~~~~~~~~~~~~~~~~~~~~~~~~~~~~~~~~~~~~~~~~~~~~~~~~~
2025-12-07 14:27:42,452 DeMo.train INFO: Epoch[3] Iteration[10/54] Loss: 5.545, Acc: 0.742, Base Lr: 1.07e-04
2025-12-07 14:27:48,010 DeMo.train INFO: Epoch[3] Iteration[20/54] Loss: 5.538, Acc: 0.691, Base Lr: 1.07e-04
2025-12-07 14:27:51,847 DeMo.train INFO: Epoch[3] Iteration[30/54] Loss: 5.539, Acc: 0.661, Base Lr: 1.07e-04
2025-12-07 14:27:54,546 DeMo.train INFO: Epoch[3] Iteration[40/54] Loss: 5.488, Acc: 0.632, Base Lr: 1.07e-04
2025-12-07 14:27:57,187 DeMo.train INFO: Epoch[3] Iteration[50/54] Loss: 5.469, Acc: 0.595, Base Lr: 1.07e-04
2025-12-07 14:27:58,117 DeMo.train INFO: Epoch 3 done. Time per batch: 0.503[s] Speed: 127.1[samples/s]
2025-12-07 14:27:58,120 DeMo.train INFO: ~~~~~~~~~~~~~~~~~~~~~~~~~~~~~~~~~~~~~~~~~~~~~~~~~~
2025-12-07 14:27:58,120 DeMo.train INFO: Current is the ori feature testing!
2025-12-07 14:27:58,120 DeMo.train INFO: ~~~~~~~~~~~~~~~~~~~~~~~~~~~~~~~~~~~~~~~~~~~~~~~~~~
The test feature is normalized
=> Computing DistMat with euclidean_distance
2025-12-07 14:28:03,221 DeMo.train INFO: Validation Results - Epoch: 3
2025-12-07 14:28:03,222 DeMo.train INFO: mAP: 15.0%
2025-12-07 14:28:03,222 DeMo.train INFO: CMC curve, Rank-1  :11.6%
2025-12-07 14:28:03,222 DeMo.train INFO: CMC curve, Rank-5  :29.3%
2025-12-07 14:28:03,222 DeMo.train INFO: CMC curve, Rank-10 :41.3%
2025-12-07 14:28:03,222 DeMo.train INFO: ~~~~~~~~~~~~~~~~~~~~~~~~~~~~~~~~~~~~~~~~~~~~~~~~~~
2025-12-07 14:28:04,273 DeMo.train INFO: ~~~~~~~~~~~~~~~~~~~~~~~~~~~~~~~~~~~~~~~~~~~~~~~~~~
2025-12-07 14:28:04,273 DeMo.train INFO: Current is the moe feature testing!
2025-12-07 14:28:04,273 DeMo.train INFO: ~~~~~~~~~~~~~~~~~~~~~~~~~~~~~~~~~~~~~~~~~~~~~~~~~~
The test feature is normalized
=> Computing DistMat with euclidean_distance
2025-12-07 14:28:10,145 DeMo.train INFO: Validation Results - Epoch: 3
2025-12-07 14:28:10,145 DeMo.train INFO: mAP: 29.1%
2025-12-07 14:28:10,146 DeMo.train INFO: CMC curve, Rank-1  :31.2%
2025-12-07 14:28:10,146 DeMo.train INFO: CMC curve, Rank-5  :50.4%
2025-12-07 14:28:10,146 DeMo.train INFO: CMC curve, Rank-10 :58.5%
2025-12-07 14:28:10,146 DeMo.train INFO: ~~~~~~~~~~~~~~~~~~~~~~~~~~~~~~~~~~~~~~~~~~~~~~~~~~
2025-12-07 14:28:10,150 DeMo.train INFO: ~~~~~~~~~~~~~~~~~~~~~~~~~~~~~~~~~~~~~~~~~~~~~~~~~~
2025-12-07 14:28:10,151 DeMo.train INFO: Current is the [moe,ori] feature testing!
2025-12-07 14:28:10,151 DeMo.train INFO: ~~~~~~~~~~~~~~~~~~~~~~~~~~~~~~~~~~~~~~~~~~~~~~~~~~
The test feature is normalized
=> Computing DistMat with euclidean_distance
2025-12-07 14:28:15,283 DeMo.train INFO: Validation Results - Epoch: 3
2025-12-07 14:28:15,284 DeMo.train INFO: mAP: 26.0%
2025-12-07 14:28:15,286 DeMo.train INFO: CMC curve, Rank-1  :27.0%
2025-12-07 14:28:15,287 DeMo.train INFO: CMC curve, Rank-5  :46.2%
2025-12-07 14:28:15,289 DeMo.train INFO: CMC curve, Rank-10 :54.7%
2025-12-07 14:28:15,290 DeMo.train INFO: ~~~~~~~~~~~~~~~~~~~~~~~~~~~~~~~~~~~~~~~~~~~~~~~~~~
2025-12-07 14:29:17,261 DeMo.train INFO: ~~~~~~~~~~~~~~~~~~~~~~~~~~~~~~~~~~~~~~~~~~~~~~~~~~
2025-12-07 14:29:17,262 DeMo.train INFO: Best mAP: 26.0%
2025-12-07 14:29:17,262 DeMo.train INFO: Best Rank-1: 27.0%
2025-12-07 14:29:17,262 DeMo.train INFO: Best Rank-5: 46.2%
2025-12-07 14:29:17,262 DeMo.train INFO: Best Rank-10: 54.7%
2025-12-07 14:29:17,262 DeMo.train INFO: ~~~~~~~~~~~~~~~~~~~~~~~~~~~~~~~~~~~~~~~~~~~~~~~~~~
2025-12-07 14:29:22,480 DeMo.train INFO: Epoch[4] Iteration[10/54] Loss: 4.799, Acc: 0.769, Base Lr: 1.42e-04
2025-12-07 14:29:25,193 DeMo.train INFO: Epoch[4] Iteration[20/54] Loss: 4.605, Acc: 0.755, Base Lr: 1.42e-04
2025-12-07 14:29:27,849 DeMo.train INFO: Epoch[4] Iteration[30/54] Loss: 4.489, Acc: 0.749, Base Lr: 1.42e-04
2025-12-07 14:29:30,517 DeMo.train INFO: Epoch[4] Iteration[40/54] Loss: 4.376, Acc: 0.734, Base Lr: 1.42e-04
2025-12-07 14:29:33,160 DeMo.train INFO: Epoch[4] Iteration[50/54] Loss: 4.315, Acc: 0.704, Base Lr: 1.42e-04
2025-12-07 14:29:34,099 DeMo.train INFO: Epoch 4 done. Time per batch: 0.318[s] Speed: 201.5[samples/s]
2025-12-07 14:29:34,101 DeMo.train INFO: ~~~~~~~~~~~~~~~~~~~~~~~~~~~~~~~~~~~~~~~~~~~~~~~~~~
2025-12-07 14:29:34,101 DeMo.train INFO: Current is the ori feature testing!
2025-12-07 14:29:34,102 DeMo.train INFO: ~~~~~~~~~~~~~~~~~~~~~~~~~~~~~~~~~~~~~~~~~~~~~~~~~~
The test feature is normalized
=> Computing DistMat with euclidean_distance
2025-12-07 14:29:43,034 DeMo.train INFO: Validation Results - Epoch: 4
2025-12-07 14:29:43,035 DeMo.train INFO: mAP: 29.2%
2025-12-07 14:29:43,037 DeMo.train INFO: CMC curve, Rank-1  :29.7%
2025-12-07 14:29:43,038 DeMo.train INFO: CMC curve, Rank-5  :48.2%
2025-12-07 14:29:43,040 DeMo.train INFO: CMC curve, Rank-10 :57.4%
2025-12-07 14:29:43,041 DeMo.train INFO: ~~~~~~~~~~~~~~~~~~~~~~~~~~~~~~~~~~~~~~~~~~~~~~~~~~
2025-12-07 14:29:44,240 DeMo.train INFO: ~~~~~~~~~~~~~~~~~~~~~~~~~~~~~~~~~~~~~~~~~~~~~~~~~~
2025-12-07 14:29:44,241 DeMo.train INFO: Current is the moe feature testing!
2025-12-07 14:29:44,243 DeMo.train INFO: ~~~~~~~~~~~~~~~~~~~~~~~~~~~~~~~~~~~~~~~~~~~~~~~~~~
The test feature is normalized
=> Computing DistMat with euclidean_distance
2025-12-07 14:29:54,396 DeMo.train INFO: Validation Results - Epoch: 4
2025-12-07 14:29:54,397 DeMo.train INFO: mAP: 41.9%
2025-12-07 14:29:54,399 DeMo.train INFO: CMC curve, Rank-1  :43.4%
2025-12-07 14:29:54,400 DeMo.train INFO: CMC curve, Rank-5  :58.3%
2025-12-07 14:29:54,402 DeMo.train INFO: CMC curve, Rank-10 :65.2%
2025-12-07 14:29:54,403 DeMo.train INFO: ~~~~~~~~~~~~~~~~~~~~~~~~~~~~~~~~~~~~~~~~~~~~~~~~~~
2025-12-07 14:29:54,407 DeMo.train INFO: ~~~~~~~~~~~~~~~~~~~~~~~~~~~~~~~~~~~~~~~~~~~~~~~~~~
2025-12-07 14:29:54,409 DeMo.train INFO: Current is the [moe,ori] feature testing!
2025-12-07 14:29:54,410 DeMo.train INFO: ~~~~~~~~~~~~~~~~~~~~~~~~~~~~~~~~~~~~~~~~~~~~~~~~~~
The test feature is normalized
=> Computing DistMat with euclidean_distance
2025-12-07 14:30:11,547 DeMo.train INFO: Validation Results - Epoch: 4
2025-12-07 14:30:11,547 DeMo.train INFO: mAP: 41.2%
2025-12-07 14:30:11,548 DeMo.train INFO: CMC curve, Rank-1  :42.8%
2025-12-07 14:30:11,548 DeMo.train INFO: CMC curve, Rank-5  :56.8%
2025-12-07 14:30:11,548 DeMo.train INFO: CMC curve, Rank-10 :62.6%
2025-12-07 14:30:11,548 DeMo.train INFO: ~~~~~~~~~~~~~~~~~~~~~~~~~~~~~~~~~~~~~~~~~~~~~~~~~~
2025-12-07 14:30:53,841 DeMo.train INFO: ~~~~~~~~~~~~~~~~~~~~~~~~~~~~~~~~~~~~~~~~~~~~~~~~~~
2025-12-07 14:30:53,843 DeMo.train INFO: Best mAP: 41.2%
2025-12-07 14:30:53,845 DeMo.train INFO: Best Rank-1: 42.8%
2025-12-07 14:30:53,847 DeMo.train INFO: Best Rank-5: 56.8%
2025-12-07 14:30:53,849 DeMo.train INFO: Best Rank-10: 62.6%
2025-12-07 14:30:53,850 DeMo.train INFO: ~~~~~~~~~~~~~~~~~~~~~~~~~~~~~~~~~~~~~~~~~~~~~~~~~~
2025-12-07 14:31:05,286 DeMo.train INFO: Epoch[5] Iteration[10/54] Loss: 3.247, Acc: 0.811, Base Lr: 1.77e-04
2025-12-07 14:31:10,019 DeMo.train INFO: Epoch[5] Iteration[20/54] Loss: 3.247, Acc: 0.803, Base Lr: 1.77e-04
2025-12-07 14:31:15,903 DeMo.train INFO: Epoch[5] Iteration[30/54] Loss: 3.175, Acc: 0.778, Base Lr: 1.77e-04
2025-12-07 14:31:18,571 DeMo.train INFO: Epoch[5] Iteration[40/54] Loss: 3.099, Acc: 0.769, Base Lr: 1.77e-04
2025-12-07 14:31:22,341 DeMo.train INFO: Epoch[5] Iteration[50/54] Loss: 3.073, Acc: 0.762, Base Lr: 1.77e-04
2025-12-07 14:31:23,279 DeMo.train INFO: Epoch 5 done. Time per batch: 0.555[s] Speed: 115.3[samples/s]
2025-12-07 14:31:23,281 DeMo.train INFO: ~~~~~~~~~~~~~~~~~~~~~~~~~~~~~~~~~~~~~~~~~~~~~~~~~~
2025-12-07 14:31:23,281 DeMo.train INFO: Current is the ori feature testing!
2025-12-07 14:31:23,281 DeMo.train INFO: ~~~~~~~~~~~~~~~~~~~~~~~~~~~~~~~~~~~~~~~~~~~~~~~~~~
The test feature is normalized
=> Computing DistMat with euclidean_distance
2025-12-07 14:31:29,604 DeMo.train INFO: Validation Results - Epoch: 5
2025-12-07 14:31:29,604 DeMo.train INFO: mAP: 38.7%
2025-12-07 14:31:29,604 DeMo.train INFO: CMC curve, Rank-1  :40.4%
2025-12-07 14:31:29,604 DeMo.train INFO: CMC curve, Rank-5  :55.4%
2025-12-07 14:31:29,613 DeMo.train INFO: CMC curve, Rank-10 :64.6%
2025-12-07 14:31:29,616 DeMo.train INFO: ~~~~~~~~~~~~~~~~~~~~~~~~~~~~~~~~~~~~~~~~~~~~~~~~~~
2025-12-07 14:31:29,692 DeMo.train INFO: ~~~~~~~~~~~~~~~~~~~~~~~~~~~~~~~~~~~~~~~~~~~~~~~~~~
2025-12-07 14:31:29,693 DeMo.train INFO: Current is the moe feature testing!
2025-12-07 14:31:29,693 DeMo.train INFO: ~~~~~~~~~~~~~~~~~~~~~~~~~~~~~~~~~~~~~~~~~~~~~~~~~~
The test feature is normalized
=> Computing DistMat with euclidean_distance
2025-12-07 14:31:34,726 DeMo.train INFO: Validation Results - Epoch: 5
2025-12-07 14:31:34,726 DeMo.train INFO: mAP: 48.4%
2025-12-07 14:31:34,726 DeMo.train INFO: CMC curve, Rank-1  :50.5%
2025-12-07 14:31:34,727 DeMo.train INFO: CMC curve, Rank-5  :66.5%
2025-12-07 14:31:34,727 DeMo.train INFO: CMC curve, Rank-10 :73.4%
2025-12-07 14:31:34,727 DeMo.train INFO: ~~~~~~~~~~~~~~~~~~~~~~~~~~~~~~~~~~~~~~~~~~~~~~~~~~
2025-12-07 14:31:34,730 DeMo.train INFO: ~~~~~~~~~~~~~~~~~~~~~~~~~~~~~~~~~~~~~~~~~~~~~~~~~~
2025-12-07 14:31:34,730 DeMo.train INFO: Current is the [moe,ori] feature testing!
2025-12-07 14:31:34,731 DeMo.train INFO: ~~~~~~~~~~~~~~~~~~~~~~~~~~~~~~~~~~~~~~~~~~~~~~~~~~
The test feature is normalized
=> Computing DistMat with euclidean_distance
2025-12-07 14:31:39,873 DeMo.train INFO: Validation Results - Epoch: 5
2025-12-07 14:31:39,874 DeMo.train INFO: mAP: 48.4%
2025-12-07 14:31:39,874 DeMo.train INFO: CMC curve, Rank-1  :50.0%
2025-12-07 14:31:39,874 DeMo.train INFO: CMC curve, Rank-5  :65.4%
2025-12-07 14:31:39,874 DeMo.train INFO: CMC curve, Rank-10 :73.0%
2025-12-07 14:31:39,874 DeMo.train INFO: ~~~~~~~~~~~~~~~~~~~~~~~~~~~~~~~~~~~~~~~~~~~~~~~~~~
2025-12-07 14:32:13,853 DeMo.train INFO: ~~~~~~~~~~~~~~~~~~~~~~~~~~~~~~~~~~~~~~~~~~~~~~~~~~
2025-12-07 14:32:13,855 DeMo.train INFO: Best mAP: 48.4%
2025-12-07 14:32:13,855 DeMo.train INFO: Best Rank-1: 50.0%
2025-12-07 14:32:13,856 DeMo.train INFO: Best Rank-5: 65.4%
2025-12-07 14:32:13,859 DeMo.train INFO: Best Rank-10: 73.0%
2025-12-07 14:32:13,860 DeMo.train INFO: ~~~~~~~~~~~~~~~~~~~~~~~~~~~~~~~~~~~~~~~~~~~~~~~~~~
2025-12-07 14:32:19,212 DeMo.train INFO: Epoch[6] Iteration[10/54] Loss: 2.133, Acc: 0.802, Base Lr: 2.11e-04
2025-12-07 14:32:21,893 DeMo.train INFO: Epoch[6] Iteration[20/54] Loss: 2.048, Acc: 0.845, Base Lr: 2.11e-04
2025-12-07 14:32:24,562 DeMo.train INFO: Epoch[6] Iteration[30/54] Loss: 2.018, Acc: 0.835, Base Lr: 2.11e-04
2025-12-07 14:32:27,254 DeMo.train INFO: Epoch[6] Iteration[40/54] Loss: 2.024, Acc: 0.844, Base Lr: 2.11e-04
2025-12-07 14:32:29,920 DeMo.train INFO: Epoch[6] Iteration[50/54] Loss: 2.010, Acc: 0.846, Base Lr: 2.11e-04
2025-12-07 14:32:30,856 DeMo.train INFO: Epoch 6 done. Time per batch: 0.321[s] Speed: 199.6[samples/s]
2025-12-07 14:32:30,859 DeMo.train INFO: ~~~~~~~~~~~~~~~~~~~~~~~~~~~~~~~~~~~~~~~~~~~~~~~~~~
2025-12-07 14:32:30,860 DeMo.train INFO: Current is the ori feature testing!
2025-12-07 14:32:30,863 DeMo.train INFO: ~~~~~~~~~~~~~~~~~~~~~~~~~~~~~~~~~~~~~~~~~~~~~~~~~~
The test feature is normalized
=> Computing DistMat with euclidean_distance
2025-12-07 14:32:40,246 DeMo.train INFO: Validation Results - Epoch: 6
2025-12-07 14:32:40,246 DeMo.train INFO: mAP: 44.5%
2025-12-07 14:32:40,246 DeMo.train INFO: CMC curve, Rank-1  :44.7%
2025-12-07 14:32:40,246 DeMo.train INFO: CMC curve, Rank-5  :61.5%
2025-12-07 14:32:40,247 DeMo.train INFO: CMC curve, Rank-10 :68.7%
2025-12-07 14:32:40,247 DeMo.train INFO: ~~~~~~~~~~~~~~~~~~~~~~~~~~~~~~~~~~~~~~~~~~~~~~~~~~
2025-12-07 14:32:40,662 DeMo.train INFO: ~~~~~~~~~~~~~~~~~~~~~~~~~~~~~~~~~~~~~~~~~~~~~~~~~~
2025-12-07 14:32:40,662 DeMo.train INFO: Current is the moe feature testing!
2025-12-07 14:32:40,662 DeMo.train INFO: ~~~~~~~~~~~~~~~~~~~~~~~~~~~~~~~~~~~~~~~~~~~~~~~~~~
The test feature is normalized
=> Computing DistMat with euclidean_distance
2025-12-07 14:32:46,154 DeMo.train INFO: Validation Results - Epoch: 6
2025-12-07 14:32:46,154 DeMo.train INFO: mAP: 50.2%
2025-12-07 14:32:46,154 DeMo.train INFO: CMC curve, Rank-1  :53.0%
2025-12-07 14:32:46,154 DeMo.train INFO: CMC curve, Rank-5  :65.1%
2025-12-07 14:32:46,154 DeMo.train INFO: CMC curve, Rank-10 :73.1%
2025-12-07 14:32:46,154 DeMo.train INFO: ~~~~~~~~~~~~~~~~~~~~~~~~~~~~~~~~~~~~~~~~~~~~~~~~~~
2025-12-07 14:32:46,157 DeMo.train INFO: ~~~~~~~~~~~~~~~~~~~~~~~~~~~~~~~~~~~~~~~~~~~~~~~~~~
2025-12-07 14:32:46,158 DeMo.train INFO: Current is the [moe,ori] feature testing!
2025-12-07 14:32:46,158 DeMo.train INFO: ~~~~~~~~~~~~~~~~~~~~~~~~~~~~~~~~~~~~~~~~~~~~~~~~~~
The test feature is normalized
=> Computing DistMat with euclidean_distance
2025-12-07 14:32:55,928 DeMo.train INFO: Validation Results - Epoch: 6
2025-12-07 14:32:55,929 DeMo.train INFO: mAP: 50.8%
2025-12-07 14:32:55,931 DeMo.train INFO: CMC curve, Rank-1  :52.5%
2025-12-07 14:32:55,931 DeMo.train INFO: CMC curve, Rank-5  :64.8%
2025-12-07 14:32:55,931 DeMo.train INFO: CMC curve, Rank-10 :72.7%
2025-12-07 14:32:55,932 DeMo.train INFO: ~~~~~~~~~~~~~~~~~~~~~~~~~~~~~~~~~~~~~~~~~~~~~~~~~~
2025-12-07 14:33:49,834 DeMo.train INFO: ~~~~~~~~~~~~~~~~~~~~~~~~~~~~~~~~~~~~~~~~~~~~~~~~~~
2025-12-07 14:33:49,836 DeMo.train INFO: Best mAP: 50.8%
2025-12-07 14:33:49,836 DeMo.train INFO: Best Rank-1: 52.5%
2025-12-07 14:33:49,838 DeMo.train INFO: Best Rank-5: 64.8%
2025-12-07 14:33:49,838 DeMo.train INFO: Best Rank-10: 72.7%
2025-12-07 14:33:49,839 DeMo.train INFO: ~~~~~~~~~~~~~~~~~~~~~~~~~~~~~~~~~~~~~~~~~~~~~~~~~~
2025-12-07 14:33:56,850 DeMo.train INFO: Epoch[7] Iteration[10/54] Loss: 1.477, Acc: 0.939, Base Lr: 2.46e-04
2025-12-07 14:34:00,228 DeMo.train INFO: Epoch[7] Iteration[20/54] Loss: 1.480, Acc: 0.937, Base Lr: 2.46e-04
2025-12-07 14:34:02,872 DeMo.train INFO: Epoch[7] Iteration[30/54] Loss: 1.535, Acc: 0.928, Base Lr: 2.46e-04
2025-12-07 14:34:05,536 DeMo.train INFO: Epoch[7] Iteration[40/54] Loss: 1.563, Acc: 0.921, Base Lr: 2.46e-04
2025-12-07 14:34:08,189 DeMo.train INFO: Epoch[7] Iteration[50/54] Loss: 1.588, Acc: 0.927, Base Lr: 2.46e-04
2025-12-07 14:34:09,115 DeMo.train INFO: Epoch 7 done. Time per batch: 0.364[s] Speed: 176.0[samples/s]
2025-12-07 14:34:09,118 DeMo.train INFO: ~~~~~~~~~~~~~~~~~~~~~~~~~~~~~~~~~~~~~~~~~~~~~~~~~~
2025-12-07 14:34:09,119 DeMo.train INFO: Current is the ori feature testing!
2025-12-07 14:34:09,120 DeMo.train INFO: ~~~~~~~~~~~~~~~~~~~~~~~~~~~~~~~~~~~~~~~~~~~~~~~~~~
The test feature is normalized
=> Computing DistMat with euclidean_distance
2025-12-07 14:34:18,024 DeMo.train INFO: Validation Results - Epoch: 7
2025-12-07 14:34:18,026 DeMo.train INFO: mAP: 50.3%
2025-12-07 14:34:18,028 DeMo.train INFO: CMC curve, Rank-1  :49.6%
2025-12-07 14:34:18,029 DeMo.train INFO: CMC curve, Rank-5  :63.8%
2025-12-07 14:34:18,031 DeMo.train INFO: CMC curve, Rank-10 :72.8%
2025-12-07 14:34:18,032 DeMo.train INFO: ~~~~~~~~~~~~~~~~~~~~~~~~~~~~~~~~~~~~~~~~~~~~~~~~~~
2025-12-07 14:34:18,383 DeMo.train INFO: ~~~~~~~~~~~~~~~~~~~~~~~~~~~~~~~~~~~~~~~~~~~~~~~~~~
2025-12-07 14:34:18,386 DeMo.train INFO: Current is the moe feature testing!
2025-12-07 14:34:18,387 DeMo.train INFO: ~~~~~~~~~~~~~~~~~~~~~~~~~~~~~~~~~~~~~~~~~~~~~~~~~~
The test feature is normalized
=> Computing DistMat with euclidean_distance
2025-12-07 14:34:36,271 DeMo.train INFO: Validation Results - Epoch: 7
2025-12-07 14:34:36,271 DeMo.train INFO: mAP: 57.7%
2025-12-07 14:34:36,271 DeMo.train INFO: CMC curve, Rank-1  :60.6%
2025-12-07 14:34:36,271 DeMo.train INFO: CMC curve, Rank-5  :74.4%
2025-12-07 14:34:36,271 DeMo.train INFO: CMC curve, Rank-10 :81.2%
2025-12-07 14:34:36,271 DeMo.train INFO: ~~~~~~~~~~~~~~~~~~~~~~~~~~~~~~~~~~~~~~~~~~~~~~~~~~
2025-12-07 14:34:37,021 DeMo.train INFO: ~~~~~~~~~~~~~~~~~~~~~~~~~~~~~~~~~~~~~~~~~~~~~~~~~~
2025-12-07 14:34:37,021 DeMo.train INFO: Current is the [moe,ori] feature testing!
2025-12-07 14:34:37,021 DeMo.train INFO: ~~~~~~~~~~~~~~~~~~~~~~~~~~~~~~~~~~~~~~~~~~~~~~~~~~
The test feature is normalized
=> Computing DistMat with euclidean_distance
2025-12-07 14:34:42,979 DeMo.train INFO: Validation Results - Epoch: 7
2025-12-07 14:34:42,979 DeMo.train INFO: mAP: 57.7%
2025-12-07 14:34:42,979 DeMo.train INFO: CMC curve, Rank-1  :58.4%
2025-12-07 14:34:42,979 DeMo.train INFO: CMC curve, Rank-5  :71.8%
2025-12-07 14:34:42,979 DeMo.train INFO: CMC curve, Rank-10 :78.7%
2025-12-07 14:34:42,980 DeMo.train INFO: ~~~~~~~~~~~~~~~~~~~~~~~~~~~~~~~~~~~~~~~~~~~~~~~~~~
2025-12-07 14:35:00,510 DeMo.train INFO: ~~~~~~~~~~~~~~~~~~~~~~~~~~~~~~~~~~~~~~~~~~~~~~~~~~
2025-12-07 14:35:00,513 DeMo.train INFO: Best mAP: 57.7%
2025-12-07 14:35:00,513 DeMo.train INFO: Best Rank-1: 58.4%
2025-12-07 14:35:00,513 DeMo.train INFO: Best Rank-5: 71.8%
2025-12-07 14:35:00,513 DeMo.train INFO: Best Rank-10: 78.7%
2025-12-07 14:35:00,513 DeMo.train INFO: ~~~~~~~~~~~~~~~~~~~~~~~~~~~~~~~~~~~~~~~~~~~~~~~~~~
2025-12-07 14:35:04,722 DeMo.train INFO: Epoch[8] Iteration[10/54] Loss: 1.328, Acc: 0.953, Base Lr: 2.81e-04
2025-12-07 14:35:07,409 DeMo.train INFO: Epoch[8] Iteration[20/54] Loss: 1.410, Acc: 0.950, Base Lr: 2.81e-04
2025-12-07 14:35:10,077 DeMo.train INFO: Epoch[8] Iteration[30/54] Loss: 1.334, Acc: 0.949, Base Lr: 2.81e-04
2025-12-07 14:35:12,730 DeMo.train INFO: Epoch[8] Iteration[40/54] Loss: 1.299, Acc: 0.956, Base Lr: 2.81e-04
2025-12-07 14:35:15,409 DeMo.train INFO: Epoch[8] Iteration[50/54] Loss: 1.268, Acc: 0.959, Base Lr: 2.81e-04
2025-12-07 14:35:16,354 DeMo.train INFO: Epoch 8 done. Time per batch: 0.299[s] Speed: 214.1[samples/s]
2025-12-07 14:35:16,357 DeMo.train INFO: ~~~~~~~~~~~~~~~~~~~~~~~~~~~~~~~~~~~~~~~~~~~~~~~~~~
2025-12-07 14:35:16,357 DeMo.train INFO: Current is the ori feature testing!
2025-12-07 14:35:16,358 DeMo.train INFO: ~~~~~~~~~~~~~~~~~~~~~~~~~~~~~~~~~~~~~~~~~~~~~~~~~~
The test feature is normalized
=> Computing DistMat with euclidean_distance
2025-12-07 14:35:22,424 DeMo.train INFO: Validation Results - Epoch: 8
2025-12-07 14:35:22,425 DeMo.train INFO: mAP: 50.1%
2025-12-07 14:35:22,425 DeMo.train INFO: CMC curve, Rank-1  :51.1%
2025-12-07 14:35:22,427 DeMo.train INFO: CMC curve, Rank-5  :63.6%
2025-12-07 14:35:22,427 DeMo.train INFO: CMC curve, Rank-10 :69.5%
2025-12-07 14:35:22,428 DeMo.train INFO: ~~~~~~~~~~~~~~~~~~~~~~~~~~~~~~~~~~~~~~~~~~~~~~~~~~
2025-12-07 14:35:23,474 DeMo.train INFO: ~~~~~~~~~~~~~~~~~~~~~~~~~~~~~~~~~~~~~~~~~~~~~~~~~~
2025-12-07 14:35:23,475 DeMo.train INFO: Current is the moe feature testing!
2025-12-07 14:35:23,477 DeMo.train INFO: ~~~~~~~~~~~~~~~~~~~~~~~~~~~~~~~~~~~~~~~~~~~~~~~~~~
The test feature is normalized
=> Computing DistMat with euclidean_distance
2025-12-07 14:35:32,480 DeMo.train INFO: Validation Results - Epoch: 8
2025-12-07 14:35:32,482 DeMo.train INFO: mAP: 51.0%
2025-12-07 14:35:32,483 DeMo.train INFO: CMC curve, Rank-1  :51.0%
2025-12-07 14:35:32,483 DeMo.train INFO: CMC curve, Rank-5  :67.2%
2025-12-07 14:35:32,485 DeMo.train INFO: CMC curve, Rank-10 :74.4%
2025-12-07 14:35:32,485 DeMo.train INFO: ~~~~~~~~~~~~~~~~~~~~~~~~~~~~~~~~~~~~~~~~~~~~~~~~~~
2025-12-07 14:35:32,795 DeMo.train INFO: ~~~~~~~~~~~~~~~~~~~~~~~~~~~~~~~~~~~~~~~~~~~~~~~~~~
2025-12-07 14:35:32,795 DeMo.train INFO: Current is the [moe,ori] feature testing!
2025-12-07 14:35:32,795 DeMo.train INFO: ~~~~~~~~~~~~~~~~~~~~~~~~~~~~~~~~~~~~~~~~~~~~~~~~~~
The test feature is normalized
=> Computing DistMat with euclidean_distance
2025-12-07 14:35:41,084 DeMo.train INFO: Validation Results - Epoch: 8
2025-12-07 14:35:41,084 DeMo.train INFO: mAP: 52.4%
2025-12-07 14:35:41,084 DeMo.train INFO: CMC curve, Rank-1  :51.9%
2025-12-07 14:35:41,084 DeMo.train INFO: CMC curve, Rank-5  :66.4%
2025-12-07 14:35:41,084 DeMo.train INFO: CMC curve, Rank-10 :73.3%
2025-12-07 14:35:41,085 DeMo.train INFO: ~~~~~~~~~~~~~~~~~~~~~~~~~~~~~~~~~~~~~~~~~~~~~~~~~~
2025-12-07 14:35:41,087 DeMo.train INFO: ~~~~~~~~~~~~~~~~~~~~~~~~~~~~~~~~~~~~~~~~~~~~~~~~~~
2025-12-07 14:35:41,087 DeMo.train INFO: Best mAP: 57.7%
2025-12-07 14:35:41,087 DeMo.train INFO: Best Rank-1: 58.4%
2025-12-07 14:35:41,087 DeMo.train INFO: Best Rank-5: 71.8%
2025-12-07 14:35:41,087 DeMo.train INFO: Best Rank-10: 78.7%
2025-12-07 14:35:41,087 DeMo.train INFO: ~~~~~~~~~~~~~~~~~~~~~~~~~~~~~~~~~~~~~~~~~~~~~~~~~~
2025-12-07 14:35:45,687 DeMo.train INFO: Epoch[9] Iteration[10/54] Loss: 0.939, Acc: 0.991, Base Lr: 3.15e-04
2025-12-07 14:35:49,226 DeMo.train INFO: Epoch[9] Iteration[20/54] Loss: 0.965, Acc: 0.991, Base Lr: 3.15e-04
2025-12-07 14:35:51,874 DeMo.train INFO: Epoch[9] Iteration[30/54] Loss: 0.962, Acc: 0.992, Base Lr: 3.15e-04
2025-12-07 14:35:54,546 DeMo.train INFO: Epoch[9] Iteration[40/54] Loss: 0.975, Acc: 0.986, Base Lr: 3.15e-04
2025-12-07 14:35:57,208 DeMo.train INFO: Epoch[9] Iteration[50/54] Loss: 0.975, Acc: 0.986, Base Lr: 3.15e-04
2025-12-07 14:35:58,154 DeMo.train INFO: Epoch 9 done. Time per batch: 0.322[s] Speed: 198.8[samples/s]
2025-12-07 14:35:58,157 DeMo.train INFO: ~~~~~~~~~~~~~~~~~~~~~~~~~~~~~~~~~~~~~~~~~~~~~~~~~~
2025-12-07 14:35:58,158 DeMo.train INFO: Current is the ori feature testing!
2025-12-07 14:35:58,159 DeMo.train INFO: ~~~~~~~~~~~~~~~~~~~~~~~~~~~~~~~~~~~~~~~~~~~~~~~~~~
The test feature is normalized
=> Computing DistMat with euclidean_distance
2025-12-07 14:36:07,748 DeMo.train INFO: Validation Results - Epoch: 9
2025-12-07 14:36:07,750 DeMo.train INFO: mAP: 52.1%
2025-12-07 14:36:07,750 DeMo.train INFO: CMC curve, Rank-1  :51.2%
2025-12-07 14:36:07,752 DeMo.train INFO: CMC curve, Rank-5  :65.2%
2025-12-07 14:36:07,753 DeMo.train INFO: CMC curve, Rank-10 :73.6%
2025-12-07 14:36:07,755 DeMo.train INFO: ~~~~~~~~~~~~~~~~~~~~~~~~~~~~~~~~~~~~~~~~~~~~~~~~~~
2025-12-07 14:36:07,809 DeMo.train INFO: ~~~~~~~~~~~~~~~~~~~~~~~~~~~~~~~~~~~~~~~~~~~~~~~~~~
2025-12-07 14:36:07,810 DeMo.train INFO: Current is the moe feature testing!
2025-12-07 14:36:07,811 DeMo.train INFO: ~~~~~~~~~~~~~~~~~~~~~~~~~~~~~~~~~~~~~~~~~~~~~~~~~~
The test feature is normalized
=> Computing DistMat with euclidean_distance
2025-12-07 14:36:26,533 DeMo.train INFO: Validation Results - Epoch: 9
2025-12-07 14:36:26,534 DeMo.train INFO: mAP: 53.0%
2025-12-07 14:36:26,534 DeMo.train INFO: CMC curve, Rank-1  :55.3%
2025-12-07 14:36:26,534 DeMo.train INFO: CMC curve, Rank-5  :70.7%
2025-12-07 14:36:26,534 DeMo.train INFO: CMC curve, Rank-10 :78.1%
2025-12-07 14:36:26,534 DeMo.train INFO: ~~~~~~~~~~~~~~~~~~~~~~~~~~~~~~~~~~~~~~~~~~~~~~~~~~
2025-12-07 14:36:26,537 DeMo.train INFO: ~~~~~~~~~~~~~~~~~~~~~~~~~~~~~~~~~~~~~~~~~~~~~~~~~~
2025-12-07 14:36:26,537 DeMo.train INFO: Current is the [moe,ori] feature testing!
2025-12-07 14:36:26,537 DeMo.train INFO: ~~~~~~~~~~~~~~~~~~~~~~~~~~~~~~~~~~~~~~~~~~~~~~~~~~
The test feature is normalized
=> Computing DistMat with euclidean_distance
2025-12-07 14:36:31,398 DeMo.train INFO: Validation Results - Epoch: 9
2025-12-07 14:36:31,400 DeMo.train INFO: mAP: 54.4%
2025-12-07 14:36:31,400 DeMo.train INFO: CMC curve, Rank-1  :55.4%
2025-12-07 14:36:31,401 DeMo.train INFO: CMC curve, Rank-5  :69.9%
2025-12-07 14:36:31,402 DeMo.train INFO: CMC curve, Rank-10 :77.8%
2025-12-07 14:36:31,402 DeMo.train INFO: ~~~~~~~~~~~~~~~~~~~~~~~~~~~~~~~~~~~~~~~~~~~~~~~~~~
2025-12-07 14:36:31,406 DeMo.train INFO: ~~~~~~~~~~~~~~~~~~~~~~~~~~~~~~~~~~~~~~~~~~~~~~~~~~
2025-12-07 14:36:31,407 DeMo.train INFO: Best mAP: 57.7%
2025-12-07 14:36:31,408 DeMo.train INFO: Best Rank-1: 58.4%
2025-12-07 14:36:31,409 DeMo.train INFO: Best Rank-5: 71.8%
2025-12-07 14:36:31,409 DeMo.train INFO: Best Rank-10: 78.7%
2025-12-07 14:36:31,409 DeMo.train INFO: ~~~~~~~~~~~~~~~~~~~~~~~~~~~~~~~~~~~~~~~~~~~~~~~~~~
2025-12-07 14:36:38,321 DeMo.train INFO: Epoch[10] Iteration[10/54] Loss: 0.856, Acc: 0.998, Base Lr: 3.50e-04
2025-12-07 14:36:41,031 DeMo.train INFO: Epoch[10] Iteration[20/54] Loss: 0.851, Acc: 0.998, Base Lr: 3.50e-04
2025-12-07 14:36:43,752 DeMo.train INFO: Epoch[10] Iteration[30/54] Loss: 0.855, Acc: 0.993, Base Lr: 3.50e-04
2025-12-07 14:36:46,483 DeMo.train INFO: Epoch[10] Iteration[40/54] Loss: 0.916, Acc: 0.994, Base Lr: 3.50e-04
2025-12-07 14:36:49,186 DeMo.train INFO: Epoch[10] Iteration[50/54] Loss: 0.972, Acc: 0.993, Base Lr: 3.50e-04
2025-12-07 14:36:50,109 DeMo.train INFO: Epoch 10 done. Time per batch: 0.353[s] Speed: 181.4[samples/s]
2025-12-07 14:36:50,110 DeMo.train INFO: ~~~~~~~~~~~~~~~~~~~~~~~~~~~~~~~~~~~~~~~~~~~~~~~~~~
2025-12-07 14:36:50,110 DeMo.train INFO: Current is the ori feature testing!
2025-12-07 14:36:50,110 DeMo.train INFO: ~~~~~~~~~~~~~~~~~~~~~~~~~~~~~~~~~~~~~~~~~~~~~~~~~~
The test feature is normalized
=> Computing DistMat with euclidean_distance
2025-12-07 14:36:55,764 DeMo.train INFO: Validation Results - Epoch: 10
2025-12-07 14:36:55,764 DeMo.train INFO: mAP: 53.8%
2025-12-07 14:36:55,764 DeMo.train INFO: CMC curve, Rank-1  :54.9%
2025-12-07 14:36:55,764 DeMo.train INFO: CMC curve, Rank-5  :69.1%
2025-12-07 14:36:55,764 DeMo.train INFO: CMC curve, Rank-10 :77.2%
2025-12-07 14:36:55,764 DeMo.train INFO: ~~~~~~~~~~~~~~~~~~~~~~~~~~~~~~~~~~~~~~~~~~~~~~~~~~
2025-12-07 14:36:55,817 DeMo.train INFO: ~~~~~~~~~~~~~~~~~~~~~~~~~~~~~~~~~~~~~~~~~~~~~~~~~~
2025-12-07 14:36:55,818 DeMo.train INFO: Current is the moe feature testing!
2025-12-07 14:36:55,818 DeMo.train INFO: ~~~~~~~~~~~~~~~~~~~~~~~~~~~~~~~~~~~~~~~~~~~~~~~~~~
The test feature is normalized
=> Computing DistMat with euclidean_distance
2025-12-07 14:37:00,978 DeMo.train INFO: Validation Results - Epoch: 10
2025-12-07 14:37:00,979 DeMo.train INFO: mAP: 50.5%
2025-12-07 14:37:00,979 DeMo.train INFO: CMC curve, Rank-1  :54.7%
2025-12-07 14:37:00,979 DeMo.train INFO: CMC curve, Rank-5  :71.7%
2025-12-07 14:37:00,979 DeMo.train INFO: CMC curve, Rank-10 :79.4%
2025-12-07 14:37:00,979 DeMo.train INFO: ~~~~~~~~~~~~~~~~~~~~~~~~~~~~~~~~~~~~~~~~~~~~~~~~~~
2025-12-07 14:37:00,983 DeMo.train INFO: ~~~~~~~~~~~~~~~~~~~~~~~~~~~~~~~~~~~~~~~~~~~~~~~~~~
2025-12-07 14:37:00,983 DeMo.train INFO: Current is the [moe,ori] feature testing!
2025-12-07 14:37:00,983 DeMo.train INFO: ~~~~~~~~~~~~~~~~~~~~~~~~~~~~~~~~~~~~~~~~~~~~~~~~~~
The test feature is normalized
=> Computing DistMat with euclidean_distance
2025-12-07 14:37:05,991 DeMo.train INFO: Validation Results - Epoch: 10
2025-12-07 14:37:05,991 DeMo.train INFO: mAP: 54.6%
2025-12-07 14:37:05,992 DeMo.train INFO: CMC curve, Rank-1  :57.3%
2025-12-07 14:37:05,992 DeMo.train INFO: CMC curve, Rank-5  :72.4%
2025-12-07 14:37:05,992 DeMo.train INFO: CMC curve, Rank-10 :79.3%
2025-12-07 14:37:05,992 DeMo.train INFO: ~~~~~~~~~~~~~~~~~~~~~~~~~~~~~~~~~~~~~~~~~~~~~~~~~~
2025-12-07 14:37:05,997 DeMo.train INFO: ~~~~~~~~~~~~~~~~~~~~~~~~~~~~~~~~~~~~~~~~~~~~~~~~~~
2025-12-07 14:37:05,997 DeMo.train INFO: Best mAP: 57.7%
2025-12-07 14:37:05,997 DeMo.train INFO: Best Rank-1: 58.4%
2025-12-07 14:37:05,997 DeMo.train INFO: Best Rank-5: 71.8%
2025-12-07 14:37:05,997 DeMo.train INFO: Best Rank-10: 78.7%
2025-12-07 14:37:05,997 DeMo.train INFO: ~~~~~~~~~~~~~~~~~~~~~~~~~~~~~~~~~~~~~~~~~~~~~~~~~~
2025-12-07 14:37:10,224 DeMo.train INFO: Epoch[11] Iteration[10/54] Loss: 0.944, Acc: 0.994, Base Lr: 3.50e-04
2025-12-07 14:37:12,930 DeMo.train INFO: Epoch[11] Iteration[20/54] Loss: 0.928, Acc: 0.994, Base Lr: 3.50e-04
2025-12-07 14:37:15,576 DeMo.train INFO: Epoch[11] Iteration[30/54] Loss: 0.929, Acc: 0.993, Base Lr: 3.50e-04
2025-12-07 14:37:18,279 DeMo.train INFO: Epoch[11] Iteration[40/54] Loss: 0.923, Acc: 0.995, Base Lr: 3.50e-04
2025-12-07 14:37:20,966 DeMo.train INFO: Epoch[11] Iteration[50/54] Loss: 0.931, Acc: 0.993, Base Lr: 3.50e-04
2025-12-07 14:37:21,877 DeMo.train INFO: Epoch 11 done. Time per batch: 0.300[s] Speed: 213.6[samples/s]
2025-12-07 14:37:21,880 DeMo.train INFO: ~~~~~~~~~~~~~~~~~~~~~~~~~~~~~~~~~~~~~~~~~~~~~~~~~~
2025-12-07 14:37:21,882 DeMo.train INFO: Current is the ori feature testing!
2025-12-07 14:37:21,882 DeMo.train INFO: ~~~~~~~~~~~~~~~~~~~~~~~~~~~~~~~~~~~~~~~~~~~~~~~~~~
The test feature is normalized
=> Computing DistMat with euclidean_distance
2025-12-07 14:37:32,312 DeMo.train INFO: Validation Results - Epoch: 11
2025-12-07 14:37:32,314 DeMo.train INFO: mAP: 55.4%
2025-12-07 14:37:32,317 DeMo.train INFO: CMC curve, Rank-1  :54.8%
2025-12-07 14:37:32,319 DeMo.train INFO: CMC curve, Rank-5  :69.9%
2025-12-07 14:37:32,321 DeMo.train INFO: CMC curve, Rank-10 :76.3%
2025-12-07 14:37:32,323 DeMo.train INFO: ~~~~~~~~~~~~~~~~~~~~~~~~~~~~~~~~~~~~~~~~~~~~~~~~~~
2025-12-07 14:37:33,596 DeMo.train INFO: ~~~~~~~~~~~~~~~~~~~~~~~~~~~~~~~~~~~~~~~~~~~~~~~~~~
2025-12-07 14:37:33,598 DeMo.train INFO: Current is the moe feature testing!
2025-12-07 14:37:33,600 DeMo.train INFO: ~~~~~~~~~~~~~~~~~~~~~~~~~~~~~~~~~~~~~~~~~~~~~~~~~~
The test feature is normalized
=> Computing DistMat with euclidean_distance
2025-12-07 14:37:51,808 DeMo.train INFO: Validation Results - Epoch: 11
2025-12-07 14:37:51,809 DeMo.train INFO: mAP: 62.3%
2025-12-07 14:37:51,811 DeMo.train INFO: CMC curve, Rank-1  :65.9%
2025-12-07 14:37:51,812 DeMo.train INFO: CMC curve, Rank-5  :76.4%
2025-12-07 14:37:51,813 DeMo.train INFO: CMC curve, Rank-10 :82.9%
2025-12-07 14:37:51,815 DeMo.train INFO: ~~~~~~~~~~~~~~~~~~~~~~~~~~~~~~~~~~~~~~~~~~~~~~~~~~
2025-12-07 14:37:52,379 DeMo.train INFO: ~~~~~~~~~~~~~~~~~~~~~~~~~~~~~~~~~~~~~~~~~~~~~~~~~~
2025-12-07 14:37:52,381 DeMo.train INFO: Current is the [moe,ori] feature testing!
2025-12-07 14:37:52,383 DeMo.train INFO: ~~~~~~~~~~~~~~~~~~~~~~~~~~~~~~~~~~~~~~~~~~~~~~~~~~
The test feature is normalized
=> Computing DistMat with euclidean_distance
2025-12-07 14:38:07,858 DeMo.train INFO: Validation Results - Epoch: 11
2025-12-07 14:38:07,858 DeMo.train INFO: mAP: 62.8%
2025-12-07 14:38:07,858 DeMo.train INFO: CMC curve, Rank-1  :64.6%
2025-12-07 14:38:07,858 DeMo.train INFO: CMC curve, Rank-5  :76.4%
2025-12-07 14:38:07,858 DeMo.train INFO: CMC curve, Rank-10 :81.3%
2025-12-07 14:38:07,858 DeMo.train INFO: ~~~~~~~~~~~~~~~~~~~~~~~~~~~~~~~~~~~~~~~~~~~~~~~~~~
2025-12-07 14:38:26,701 DeMo.train INFO: ~~~~~~~~~~~~~~~~~~~~~~~~~~~~~~~~~~~~~~~~~~~~~~~~~~
2025-12-07 14:38:26,702 DeMo.train INFO: Best mAP: 62.8%
2025-12-07 14:38:26,702 DeMo.train INFO: Best Rank-1: 64.6%
2025-12-07 14:38:26,702 DeMo.train INFO: Best Rank-5: 76.4%
2025-12-07 14:38:26,702 DeMo.train INFO: Best Rank-10: 81.3%
2025-12-07 14:38:26,703 DeMo.train INFO: ~~~~~~~~~~~~~~~~~~~~~~~~~~~~~~~~~~~~~~~~~~~~~~~~~~
2025-12-07 14:38:31,156 DeMo.train INFO: Epoch[12] Iteration[10/54] Loss: 0.871, Acc: 0.998, Base Lr: 3.50e-04
2025-12-07 14:38:34,580 DeMo.train INFO: Epoch[12] Iteration[20/54] Loss: 0.881, Acc: 0.997, Base Lr: 3.50e-04
2025-12-07 14:38:37,259 DeMo.train INFO: Epoch[12] Iteration[30/54] Loss: 0.855, Acc: 0.996, Base Lr: 3.50e-04
2025-12-07 14:38:39,968 DeMo.train INFO: Epoch[12] Iteration[40/54] Loss: 0.864, Acc: 0.996, Base Lr: 3.50e-04
2025-12-07 14:38:42,655 DeMo.train INFO: Epoch[12] Iteration[50/54] Loss: 0.894, Acc: 0.995, Base Lr: 3.50e-04
2025-12-07 14:38:43,608 DeMo.train INFO: Epoch 12 done. Time per batch: 0.319[s] Speed: 200.6[samples/s]
2025-12-07 14:38:43,611 DeMo.train INFO: ~~~~~~~~~~~~~~~~~~~~~~~~~~~~~~~~~~~~~~~~~~~~~~~~~~
2025-12-07 14:38:43,612 DeMo.train INFO: Current is the ori feature testing!
2025-12-07 14:38:43,612 DeMo.train INFO: ~~~~~~~~~~~~~~~~~~~~~~~~~~~~~~~~~~~~~~~~~~~~~~~~~~
The test feature is normalized
=> Computing DistMat with euclidean_distance
2025-12-07 14:38:49,349 DeMo.train INFO: Validation Results - Epoch: 12
2025-12-07 14:38:49,349 DeMo.train INFO: mAP: 52.2%
2025-12-07 14:38:49,349 DeMo.train INFO: CMC curve, Rank-1  :52.6%
2025-12-07 14:38:49,349 DeMo.train INFO: CMC curve, Rank-5  :66.3%
2025-12-07 14:38:49,349 DeMo.train INFO: CMC curve, Rank-10 :72.8%
2025-12-07 14:38:49,349 DeMo.train INFO: ~~~~~~~~~~~~~~~~~~~~~~~~~~~~~~~~~~~~~~~~~~~~~~~~~~
2025-12-07 14:38:49,402 DeMo.train INFO: ~~~~~~~~~~~~~~~~~~~~~~~~~~~~~~~~~~~~~~~~~~~~~~~~~~
2025-12-07 14:38:49,402 DeMo.train INFO: Current is the moe feature testing!
2025-12-07 14:38:49,402 DeMo.train INFO: ~~~~~~~~~~~~~~~~~~~~~~~~~~~~~~~~~~~~~~~~~~~~~~~~~~
The test feature is normalized
=> Computing DistMat with euclidean_distance
2025-12-07 14:38:54,478 DeMo.train INFO: Validation Results - Epoch: 12
2025-12-07 14:38:54,478 DeMo.train INFO: mAP: 54.2%
2025-12-07 14:38:54,478 DeMo.train INFO: CMC curve, Rank-1  :59.4%
2025-12-07 14:38:54,478 DeMo.train INFO: CMC curve, Rank-5  :74.2%
2025-12-07 14:38:54,479 DeMo.train INFO: CMC curve, Rank-10 :79.9%
2025-12-07 14:38:54,479 DeMo.train INFO: ~~~~~~~~~~~~~~~~~~~~~~~~~~~~~~~~~~~~~~~~~~~~~~~~~~
2025-12-07 14:38:54,483 DeMo.train INFO: ~~~~~~~~~~~~~~~~~~~~~~~~~~~~~~~~~~~~~~~~~~~~~~~~~~
2025-12-07 14:38:54,483 DeMo.train INFO: Current is the [moe,ori] feature testing!
2025-12-07 14:38:54,483 DeMo.train INFO: ~~~~~~~~~~~~~~~~~~~~~~~~~~~~~~~~~~~~~~~~~~~~~~~~~~
The test feature is normalized
=> Computing DistMat with euclidean_distance
2025-12-07 14:38:59,570 DeMo.train INFO: Validation Results - Epoch: 12
2025-12-07 14:38:59,570 DeMo.train INFO: mAP: 56.1%
2025-12-07 14:38:59,570 DeMo.train INFO: CMC curve, Rank-1  :57.5%
2025-12-07 14:38:59,570 DeMo.train INFO: CMC curve, Rank-5  :73.2%
2025-12-07 14:38:59,570 DeMo.train INFO: CMC curve, Rank-10 :79.5%
2025-12-07 14:38:59,570 DeMo.train INFO: ~~~~~~~~~~~~~~~~~~~~~~~~~~~~~~~~~~~~~~~~~~~~~~~~~~
2025-12-07 14:38:59,586 DeMo.train INFO: ~~~~~~~~~~~~~~~~~~~~~~~~~~~~~~~~~~~~~~~~~~~~~~~~~~
2025-12-07 14:38:59,586 DeMo.train INFO: Best mAP: 62.8%
2025-12-07 14:38:59,586 DeMo.train INFO: Best Rank-1: 64.6%
2025-12-07 14:38:59,586 DeMo.train INFO: Best Rank-5: 76.4%
2025-12-07 14:38:59,586 DeMo.train INFO: Best Rank-10: 81.3%
2025-12-07 14:38:59,586 DeMo.train INFO: ~~~~~~~~~~~~~~~~~~~~~~~~~~~~~~~~~~~~~~~~~~~~~~~~~~
2025-12-07 14:39:03,620 DeMo.train INFO: Epoch[13] Iteration[10/54] Loss: 0.848, Acc: 0.998, Base Lr: 3.50e-04
2025-12-07 14:39:06,950 DeMo.train INFO: Epoch[13] Iteration[20/54] Loss: 0.883, Acc: 0.995, Base Lr: 3.50e-04
2025-12-07 14:39:09,702 DeMo.train INFO: Epoch[13] Iteration[30/54] Loss: 0.879, Acc: 0.996, Base Lr: 3.50e-04
2025-12-07 14:39:12,399 DeMo.train INFO: Epoch[13] Iteration[40/54] Loss: 0.890, Acc: 0.996, Base Lr: 3.50e-04
2025-12-07 14:39:15,123 DeMo.train INFO: Epoch[13] Iteration[50/54] Loss: 0.888, Acc: 0.995, Base Lr: 3.50e-04
2025-12-07 14:39:16,064 DeMo.train INFO: Epoch 13 done. Time per batch: 0.311[s] Speed: 205.9[samples/s]
2025-12-07 14:39:16,066 DeMo.train INFO: ~~~~~~~~~~~~~~~~~~~~~~~~~~~~~~~~~~~~~~~~~~~~~~~~~~
2025-12-07 14:39:16,066 DeMo.train INFO: Current is the ori feature testing!
2025-12-07 14:39:16,066 DeMo.train INFO: ~~~~~~~~~~~~~~~~~~~~~~~~~~~~~~~~~~~~~~~~~~~~~~~~~~
The test feature is normalized
=> Computing DistMat with euclidean_distance
2025-12-07 14:39:21,921 DeMo.train INFO: Validation Results - Epoch: 13
2025-12-07 14:39:21,921 DeMo.train INFO: mAP: 55.6%
2025-12-07 14:39:21,921 DeMo.train INFO: CMC curve, Rank-1  :59.0%
2025-12-07 14:39:21,921 DeMo.train INFO: CMC curve, Rank-5  :71.4%
2025-12-07 14:39:21,921 DeMo.train INFO: CMC curve, Rank-10 :79.8%
2025-12-07 14:39:21,921 DeMo.train INFO: ~~~~~~~~~~~~~~~~~~~~~~~~~~~~~~~~~~~~~~~~~~~~~~~~~~
2025-12-07 14:39:23,043 DeMo.train INFO: ~~~~~~~~~~~~~~~~~~~~~~~~~~~~~~~~~~~~~~~~~~~~~~~~~~
2025-12-07 14:39:23,043 DeMo.train INFO: Current is the moe feature testing!
2025-12-07 14:39:23,043 DeMo.train INFO: ~~~~~~~~~~~~~~~~~~~~~~~~~~~~~~~~~~~~~~~~~~~~~~~~~~
The test feature is normalized
=> Computing DistMat with euclidean_distance
2025-12-07 14:39:29,124 DeMo.train INFO: Validation Results - Epoch: 13
2025-12-07 14:39:29,125 DeMo.train INFO: mAP: 58.2%
2025-12-07 14:39:29,125 DeMo.train INFO: CMC curve, Rank-1  :60.3%
2025-12-07 14:39:29,125 DeMo.train INFO: CMC curve, Rank-5  :73.4%
2025-12-07 14:39:29,125 DeMo.train INFO: CMC curve, Rank-10 :80.5%
2025-12-07 14:39:29,125 DeMo.train INFO: ~~~~~~~~~~~~~~~~~~~~~~~~~~~~~~~~~~~~~~~~~~~~~~~~~~
2025-12-07 14:39:29,129 DeMo.train INFO: ~~~~~~~~~~~~~~~~~~~~~~~~~~~~~~~~~~~~~~~~~~~~~~~~~~
2025-12-07 14:39:29,129 DeMo.train INFO: Current is the [moe,ori] feature testing!
2025-12-07 14:39:29,129 DeMo.train INFO: ~~~~~~~~~~~~~~~~~~~~~~~~~~~~~~~~~~~~~~~~~~~~~~~~~~
The test feature is normalized
=> Computing DistMat with euclidean_distance
2025-12-07 14:39:34,076 DeMo.train INFO: Validation Results - Epoch: 13
2025-12-07 14:39:34,076 DeMo.train INFO: mAP: 60.6%
2025-12-07 14:39:34,076 DeMo.train INFO: CMC curve, Rank-1  :62.0%
2025-12-07 14:39:34,076 DeMo.train INFO: CMC curve, Rank-5  :75.0%
2025-12-07 14:39:34,076 DeMo.train INFO: CMC curve, Rank-10 :81.2%
2025-12-07 14:39:34,076 DeMo.train INFO: ~~~~~~~~~~~~~~~~~~~~~~~~~~~~~~~~~~~~~~~~~~~~~~~~~~
2025-12-07 14:39:34,079 DeMo.train INFO: ~~~~~~~~~~~~~~~~~~~~~~~~~~~~~~~~~~~~~~~~~~~~~~~~~~
2025-12-07 14:39:34,079 DeMo.train INFO: Best mAP: 62.8%
2025-12-07 14:39:34,079 DeMo.train INFO: Best Rank-1: 64.6%
2025-12-07 14:39:34,079 DeMo.train INFO: Best Rank-5: 76.4%
2025-12-07 14:39:34,079 DeMo.train INFO: Best Rank-10: 81.3%
2025-12-07 14:39:34,079 DeMo.train INFO: ~~~~~~~~~~~~~~~~~~~~~~~~~~~~~~~~~~~~~~~~~~~~~~~~~~
2025-12-07 14:39:38,383 DeMo.train INFO: Epoch[14] Iteration[10/54] Loss: 1.079, Acc: 0.998, Base Lr: 3.50e-04
2025-12-07 14:39:41,109 DeMo.train INFO: Epoch[14] Iteration[20/54] Loss: 0.969, Acc: 0.998, Base Lr: 3.50e-04
2025-12-07 14:39:43,791 DeMo.train INFO: Epoch[14] Iteration[30/54] Loss: 0.962, Acc: 0.997, Base Lr: 3.50e-04
2025-12-07 14:39:46,524 DeMo.train INFO: Epoch[14] Iteration[40/54] Loss: 0.956, Acc: 0.998, Base Lr: 3.50e-04
2025-12-07 14:39:49,210 DeMo.train INFO: Epoch[14] Iteration[50/54] Loss: 0.929, Acc: 0.998, Base Lr: 3.50e-04
2025-12-07 14:39:50,156 DeMo.train INFO: Epoch 14 done. Time per batch: 0.303[s] Speed: 211.0[samples/s]
2025-12-07 14:39:50,158 DeMo.train INFO: ~~~~~~~~~~~~~~~~~~~~~~~~~~~~~~~~~~~~~~~~~~~~~~~~~~
2025-12-07 14:39:50,158 DeMo.train INFO: Current is the ori feature testing!
2025-12-07 14:39:50,158 DeMo.train INFO: ~~~~~~~~~~~~~~~~~~~~~~~~~~~~~~~~~~~~~~~~~~~~~~~~~~
The test feature is normalized
=> Computing DistMat with euclidean_distance
2025-12-07 14:39:59,206 DeMo.train INFO: Validation Results - Epoch: 14
2025-12-07 14:39:59,207 DeMo.train INFO: mAP: 60.3%
2025-12-07 14:39:59,208 DeMo.train INFO: CMC curve, Rank-1  :63.8%
2025-12-07 14:39:59,209 DeMo.train INFO: CMC curve, Rank-5  :76.9%
2025-12-07 14:39:59,210 DeMo.train INFO: CMC curve, Rank-10 :83.4%
2025-12-07 14:39:59,211 DeMo.train INFO: ~~~~~~~~~~~~~~~~~~~~~~~~~~~~~~~~~~~~~~~~~~~~~~~~~~
2025-12-07 14:40:00,102 DeMo.train INFO: ~~~~~~~~~~~~~~~~~~~~~~~~~~~~~~~~~~~~~~~~~~~~~~~~~~
2025-12-07 14:40:00,103 DeMo.train INFO: Current is the moe feature testing!
2025-12-07 14:40:00,104 DeMo.train INFO: ~~~~~~~~~~~~~~~~~~~~~~~~~~~~~~~~~~~~~~~~~~~~~~~~~~
The test feature is normalized
=> Computing DistMat with euclidean_distance
2025-12-07 14:40:08,137 DeMo.train INFO: Validation Results - Epoch: 14
2025-12-07 14:40:08,137 DeMo.train INFO: mAP: 61.2%
2025-12-07 14:40:08,137 DeMo.train INFO: CMC curve, Rank-1  :65.8%
2025-12-07 14:40:08,137 DeMo.train INFO: CMC curve, Rank-5  :76.0%
2025-12-07 14:40:08,138 DeMo.train INFO: CMC curve, Rank-10 :82.2%
2025-12-07 14:40:08,138 DeMo.train INFO: ~~~~~~~~~~~~~~~~~~~~~~~~~~~~~~~~~~~~~~~~~~~~~~~~~~
2025-12-07 14:40:08,141 DeMo.train INFO: ~~~~~~~~~~~~~~~~~~~~~~~~~~~~~~~~~~~~~~~~~~~~~~~~~~
2025-12-07 14:40:08,141 DeMo.train INFO: Current is the [moe,ori] feature testing!
2025-12-07 14:40:08,141 DeMo.train INFO: ~~~~~~~~~~~~~~~~~~~~~~~~~~~~~~~~~~~~~~~~~~~~~~~~~~
The test feature is normalized
=> Computing DistMat with euclidean_distance
2025-12-07 14:40:13,297 DeMo.train INFO: Validation Results - Epoch: 14
2025-12-07 14:40:13,297 DeMo.train INFO: mAP: 63.7%
2025-12-07 14:40:13,297 DeMo.train INFO: CMC curve, Rank-1  :66.9%
2025-12-07 14:40:13,297 DeMo.train INFO: CMC curve, Rank-5  :77.2%
2025-12-07 14:40:13,298 DeMo.train INFO: CMC curve, Rank-10 :83.4%
2025-12-07 14:40:13,298 DeMo.train INFO: ~~~~~~~~~~~~~~~~~~~~~~~~~~~~~~~~~~~~~~~~~~~~~~~~~~
2025-12-07 14:40:33,714 DeMo.train INFO: ~~~~~~~~~~~~~~~~~~~~~~~~~~~~~~~~~~~~~~~~~~~~~~~~~~
2025-12-07 14:40:33,715 DeMo.train INFO: Best mAP: 63.7%
2025-12-07 14:40:33,716 DeMo.train INFO: Best Rank-1: 66.9%
2025-12-07 14:40:33,716 DeMo.train INFO: Best Rank-5: 77.2%
2025-12-07 14:40:33,717 DeMo.train INFO: Best Rank-10: 83.4%
2025-12-07 14:40:33,718 DeMo.train INFO: ~~~~~~~~~~~~~~~~~~~~~~~~~~~~~~~~~~~~~~~~~~~~~~~~~~
2025-12-07 14:40:43,907 DeMo.train INFO: Epoch[15] Iteration[10/54] Loss: 0.777, Acc: 1.000, Base Lr: 3.50e-04
2025-12-07 14:40:49,535 DeMo.train INFO: Epoch[15] Iteration[20/54] Loss: 0.791, Acc: 0.999, Base Lr: 3.50e-04
2025-12-07 14:40:52,242 DeMo.train INFO: Epoch[15] Iteration[30/54] Loss: 0.792, Acc: 0.999, Base Lr: 3.50e-04
2025-12-07 14:40:54,893 DeMo.train INFO: Epoch[15] Iteration[40/54] Loss: 0.789, Acc: 0.999, Base Lr: 3.50e-04
2025-12-07 14:40:57,570 DeMo.train INFO: Epoch[15] Iteration[50/54] Loss: 0.787, Acc: 0.999, Base Lr: 3.50e-04
2025-12-07 14:40:58,505 DeMo.train INFO: Epoch 15 done. Time per batch: 0.468[s] Speed: 136.8[samples/s]
2025-12-07 14:40:58,507 DeMo.train INFO: ~~~~~~~~~~~~~~~~~~~~~~~~~~~~~~~~~~~~~~~~~~~~~~~~~~
2025-12-07 14:40:58,507 DeMo.train INFO: Current is the ori feature testing!
2025-12-07 14:40:58,507 DeMo.train INFO: ~~~~~~~~~~~~~~~~~~~~~~~~~~~~~~~~~~~~~~~~~~~~~~~~~~
The test feature is normalized
=> Computing DistMat with euclidean_distance
2025-12-07 14:41:04,130 DeMo.train INFO: Validation Results - Epoch: 15
2025-12-07 14:41:04,130 DeMo.train INFO: mAP: 63.3%
2025-12-07 14:41:04,130 DeMo.train INFO: CMC curve, Rank-1  :66.0%
2025-12-07 14:41:04,130 DeMo.train INFO: CMC curve, Rank-5  :78.2%
2025-12-07 14:41:04,130 DeMo.train INFO: CMC curve, Rank-10 :83.0%
2025-12-07 14:41:04,130 DeMo.train INFO: ~~~~~~~~~~~~~~~~~~~~~~~~~~~~~~~~~~~~~~~~~~~~~~~~~~
2025-12-07 14:41:04,270 DeMo.train INFO: ~~~~~~~~~~~~~~~~~~~~~~~~~~~~~~~~~~~~~~~~~~~~~~~~~~
2025-12-07 14:41:04,271 DeMo.train INFO: Current is the moe feature testing!
2025-12-07 14:41:04,271 DeMo.train INFO: ~~~~~~~~~~~~~~~~~~~~~~~~~~~~~~~~~~~~~~~~~~~~~~~~~~
The test feature is normalized
=> Computing DistMat with euclidean_distance
2025-12-07 14:41:09,446 DeMo.train INFO: Validation Results - Epoch: 15
2025-12-07 14:41:09,452 DeMo.train INFO: mAP: 61.0%
2025-12-07 14:41:09,452 DeMo.train INFO: CMC curve, Rank-1  :61.8%
2025-12-07 14:41:09,452 DeMo.train INFO: CMC curve, Rank-5  :73.7%
2025-12-07 14:41:09,453 DeMo.train INFO: CMC curve, Rank-10 :80.4%
2025-12-07 14:41:09,453 DeMo.train INFO: ~~~~~~~~~~~~~~~~~~~~~~~~~~~~~~~~~~~~~~~~~~~~~~~~~~
2025-12-07 14:41:10,036 DeMo.train INFO: ~~~~~~~~~~~~~~~~~~~~~~~~~~~~~~~~~~~~~~~~~~~~~~~~~~
2025-12-07 14:41:10,036 DeMo.train INFO: Current is the [moe,ori] feature testing!
2025-12-07 14:41:10,036 DeMo.train INFO: ~~~~~~~~~~~~~~~~~~~~~~~~~~~~~~~~~~~~~~~~~~~~~~~~~~
The test feature is normalized
=> Computing DistMat with euclidean_distance
2025-12-07 14:41:15,985 DeMo.train INFO: Validation Results - Epoch: 15
2025-12-07 14:41:15,986 DeMo.train INFO: mAP: 63.9%
2025-12-07 14:41:15,986 DeMo.train INFO: CMC curve, Rank-1  :64.4%
2025-12-07 14:41:15,986 DeMo.train INFO: CMC curve, Rank-5  :76.4%
2025-12-07 14:41:15,986 DeMo.train INFO: CMC curve, Rank-10 :82.2%
2025-12-07 14:41:15,986 DeMo.train INFO: ~~~~~~~~~~~~~~~~~~~~~~~~~~~~~~~~~~~~~~~~~~~~~~~~~~
2025-12-07 14:41:33,398 DeMo.train INFO: ~~~~~~~~~~~~~~~~~~~~~~~~~~~~~~~~~~~~~~~~~~~~~~~~~~
2025-12-07 14:41:33,401 DeMo.train INFO: Best mAP: 63.9%
2025-12-07 14:41:33,401 DeMo.train INFO: Best Rank-1: 64.4%
2025-12-07 14:41:33,401 DeMo.train INFO: Best Rank-5: 76.4%
2025-12-07 14:41:33,401 DeMo.train INFO: Best Rank-10: 82.2%
2025-12-07 14:41:33,402 DeMo.train INFO: ~~~~~~~~~~~~~~~~~~~~~~~~~~~~~~~~~~~~~~~~~~~~~~~~~~
2025-12-07 14:41:37,561 DeMo.train INFO: Epoch[16] Iteration[10/54] Loss: 0.784, Acc: 1.000, Base Lr: 3.50e-04
2025-12-07 14:41:40,522 DeMo.train INFO: Epoch[16] Iteration[20/54] Loss: 0.777, Acc: 1.000, Base Lr: 3.50e-04
2025-12-07 14:41:43,205 DeMo.train INFO: Epoch[16] Iteration[30/54] Loss: 0.769, Acc: 0.999, Base Lr: 3.50e-04
2025-12-07 14:41:45,908 DeMo.train INFO: Epoch[16] Iteration[40/54] Loss: 0.763, Acc: 1.000, Base Lr: 3.50e-04
2025-12-07 14:41:48,597 DeMo.train INFO: Epoch[16] Iteration[50/54] Loss: 0.763, Acc: 1.000, Base Lr: 3.50e-04
2025-12-07 14:41:49,572 DeMo.train INFO: Epoch 16 done. Time per batch: 0.305[s] Speed: 209.8[samples/s]
2025-12-07 14:41:49,575 DeMo.train INFO: ~~~~~~~~~~~~~~~~~~~~~~~~~~~~~~~~~~~~~~~~~~~~~~~~~~
2025-12-07 14:41:49,576 DeMo.train INFO: Current is the ori feature testing!
2025-12-07 14:41:49,576 DeMo.train INFO: ~~~~~~~~~~~~~~~~~~~~~~~~~~~~~~~~~~~~~~~~~~~~~~~~~~
The test feature is normalized
=> Computing DistMat with euclidean_distance
2025-12-07 14:41:55,273 DeMo.train INFO: Validation Results - Epoch: 16
2025-12-07 14:41:55,274 DeMo.train INFO: mAP: 64.4%
2025-12-07 14:41:55,274 DeMo.train INFO: CMC curve, Rank-1  :67.2%
2025-12-07 14:41:55,274 DeMo.train INFO: CMC curve, Rank-5  :78.6%
2025-12-07 14:41:55,274 DeMo.train INFO: CMC curve, Rank-10 :83.9%
2025-12-07 14:41:55,274 DeMo.train INFO: ~~~~~~~~~~~~~~~~~~~~~~~~~~~~~~~~~~~~~~~~~~~~~~~~~~
2025-12-07 14:41:56,446 DeMo.train INFO: ~~~~~~~~~~~~~~~~~~~~~~~~~~~~~~~~~~~~~~~~~~~~~~~~~~
2025-12-07 14:41:56,447 DeMo.train INFO: Current is the moe feature testing!
2025-12-07 14:41:56,447 DeMo.train INFO: ~~~~~~~~~~~~~~~~~~~~~~~~~~~~~~~~~~~~~~~~~~~~~~~~~~
The test feature is normalized
=> Computing DistMat with euclidean_distance
2025-12-07 14:42:01,883 DeMo.train INFO: Validation Results - Epoch: 16
2025-12-07 14:42:01,883 DeMo.train INFO: mAP: 60.9%
2025-12-07 14:42:01,883 DeMo.train INFO: CMC curve, Rank-1  :64.8%
2025-12-07 14:42:01,883 DeMo.train INFO: CMC curve, Rank-5  :76.4%
2025-12-07 14:42:01,883 DeMo.train INFO: CMC curve, Rank-10 :82.2%
2025-12-07 14:42:01,883 DeMo.train INFO: ~~~~~~~~~~~~~~~~~~~~~~~~~~~~~~~~~~~~~~~~~~~~~~~~~~
2025-12-07 14:42:01,886 DeMo.train INFO: ~~~~~~~~~~~~~~~~~~~~~~~~~~~~~~~~~~~~~~~~~~~~~~~~~~
2025-12-07 14:42:01,887 DeMo.train INFO: Current is the [moe,ori] feature testing!
2025-12-07 14:42:01,887 DeMo.train INFO: ~~~~~~~~~~~~~~~~~~~~~~~~~~~~~~~~~~~~~~~~~~~~~~~~~~
The test feature is normalized
=> Computing DistMat with euclidean_distance
2025-12-07 14:42:07,120 DeMo.train INFO: Validation Results - Epoch: 16
2025-12-07 14:42:07,120 DeMo.train INFO: mAP: 64.2%
2025-12-07 14:42:07,120 DeMo.train INFO: CMC curve, Rank-1  :67.9%
2025-12-07 14:42:07,121 DeMo.train INFO: CMC curve, Rank-5  :77.9%
2025-12-07 14:42:07,121 DeMo.train INFO: CMC curve, Rank-10 :83.0%
2025-12-07 14:42:07,121 DeMo.train INFO: ~~~~~~~~~~~~~~~~~~~~~~~~~~~~~~~~~~~~~~~~~~~~~~~~~~
2025-12-07 14:42:27,441 DeMo.train INFO: ~~~~~~~~~~~~~~~~~~~~~~~~~~~~~~~~~~~~~~~~~~~~~~~~~~
2025-12-07 14:42:27,443 DeMo.train INFO: Best mAP: 64.2%
2025-12-07 14:42:27,444 DeMo.train INFO: Best Rank-1: 67.9%
2025-12-07 14:42:27,444 DeMo.train INFO: Best Rank-5: 77.9%
2025-12-07 14:42:27,446 DeMo.train INFO: Best Rank-10: 83.0%
2025-12-07 14:42:27,446 DeMo.train INFO: ~~~~~~~~~~~~~~~~~~~~~~~~~~~~~~~~~~~~~~~~~~~~~~~~~~
2025-12-07 14:42:37,854 DeMo.train INFO: Epoch[17] Iteration[10/54] Loss: 0.780, Acc: 0.998, Base Lr: 3.50e-04
2025-12-07 14:42:43,657 DeMo.train INFO: Epoch[17] Iteration[20/54] Loss: 0.760, Acc: 0.999, Base Lr: 3.50e-04
2025-12-07 14:42:49,546 DeMo.train INFO: Epoch[17] Iteration[30/54] Loss: 0.768, Acc: 0.999, Base Lr: 3.50e-04
2025-12-07 14:42:52,204 DeMo.train INFO: Epoch[17] Iteration[40/54] Loss: 0.766, Acc: 0.999, Base Lr: 3.50e-04
2025-12-07 14:42:58,055 DeMo.train INFO: Epoch[17] Iteration[50/54] Loss: 0.764, Acc: 0.999, Base Lr: 3.50e-04
2025-12-07 14:42:59,052 DeMo.train INFO: Epoch 17 done. Time per batch: 0.596[s] Speed: 107.3[samples/s]
2025-12-07 14:42:59,055 DeMo.train INFO: ~~~~~~~~~~~~~~~~~~~~~~~~~~~~~~~~~~~~~~~~~~~~~~~~~~
2025-12-07 14:42:59,055 DeMo.train INFO: Current is the ori feature testing!
2025-12-07 14:42:59,055 DeMo.train INFO: ~~~~~~~~~~~~~~~~~~~~~~~~~~~~~~~~~~~~~~~~~~~~~~~~~~
The test feature is normalized
=> Computing DistMat with euclidean_distance
2025-12-07 14:43:04,474 DeMo.train INFO: Validation Results - Epoch: 17
2025-12-07 14:43:04,474 DeMo.train INFO: mAP: 60.8%
2025-12-07 14:43:04,474 DeMo.train INFO: CMC curve, Rank-1  :61.4%
2025-12-07 14:43:04,474 DeMo.train INFO: CMC curve, Rank-5  :74.6%
2025-12-07 14:43:04,474 DeMo.train INFO: CMC curve, Rank-10 :80.5%
2025-12-07 14:43:04,474 DeMo.train INFO: ~~~~~~~~~~~~~~~~~~~~~~~~~~~~~~~~~~~~~~~~~~~~~~~~~~
2025-12-07 14:43:05,554 DeMo.train INFO: ~~~~~~~~~~~~~~~~~~~~~~~~~~~~~~~~~~~~~~~~~~~~~~~~~~
2025-12-07 14:43:05,554 DeMo.train INFO: Current is the moe feature testing!
2025-12-07 14:43:05,555 DeMo.train INFO: ~~~~~~~~~~~~~~~~~~~~~~~~~~~~~~~~~~~~~~~~~~~~~~~~~~
The test feature is normalized
=> Computing DistMat with euclidean_distance
2025-12-07 14:43:11,388 DeMo.train INFO: Validation Results - Epoch: 17
2025-12-07 14:43:11,388 DeMo.train INFO: mAP: 55.5%
2025-12-07 14:43:11,388 DeMo.train INFO: CMC curve, Rank-1  :58.4%
2025-12-07 14:43:11,389 DeMo.train INFO: CMC curve, Rank-5  :70.9%
2025-12-07 14:43:11,389 DeMo.train INFO: CMC curve, Rank-10 :77.2%
2025-12-07 14:43:11,389 DeMo.train INFO: ~~~~~~~~~~~~~~~~~~~~~~~~~~~~~~~~~~~~~~~~~~~~~~~~~~
2025-12-07 14:43:11,392 DeMo.train INFO: ~~~~~~~~~~~~~~~~~~~~~~~~~~~~~~~~~~~~~~~~~~~~~~~~~~
2025-12-07 14:43:11,392 DeMo.train INFO: Current is the [moe,ori] feature testing!
2025-12-07 14:43:11,392 DeMo.train INFO: ~~~~~~~~~~~~~~~~~~~~~~~~~~~~~~~~~~~~~~~~~~~~~~~~~~
The test feature is normalized
=> Computing DistMat with euclidean_distance
2025-12-07 14:43:16,460 DeMo.train INFO: Validation Results - Epoch: 17
2025-12-07 14:43:16,460 DeMo.train INFO: mAP: 59.5%
2025-12-07 14:43:16,460 DeMo.train INFO: CMC curve, Rank-1  :60.5%
2025-12-07 14:43:16,460 DeMo.train INFO: CMC curve, Rank-5  :72.4%
2025-12-07 14:43:16,460 DeMo.train INFO: CMC curve, Rank-10 :78.9%
2025-12-07 14:43:16,461 DeMo.train INFO: ~~~~~~~~~~~~~~~~~~~~~~~~~~~~~~~~~~~~~~~~~~~~~~~~~~
2025-12-07 14:43:16,464 DeMo.train INFO: ~~~~~~~~~~~~~~~~~~~~~~~~~~~~~~~~~~~~~~~~~~~~~~~~~~
2025-12-07 14:43:16,464 DeMo.train INFO: Best mAP: 64.2%
2025-12-07 14:43:16,464 DeMo.train INFO: Best Rank-1: 67.9%
2025-12-07 14:43:16,464 DeMo.train INFO: Best Rank-5: 77.9%
2025-12-07 14:43:16,464 DeMo.train INFO: Best Rank-10: 83.0%
2025-12-07 14:43:16,464 DeMo.train INFO: ~~~~~~~~~~~~~~~~~~~~~~~~~~~~~~~~~~~~~~~~~~~~~~~~~~
2025-12-07 14:43:20,799 DeMo.train INFO: Epoch[18] Iteration[10/54] Loss: 0.814, Acc: 0.997, Base Lr: 3.50e-04
2025-12-07 14:43:23,619 DeMo.train INFO: Epoch[18] Iteration[20/54] Loss: 0.792, Acc: 0.998, Base Lr: 3.50e-04
2025-12-07 14:43:26,311 DeMo.train INFO: Epoch[18] Iteration[30/54] Loss: 0.799, Acc: 0.999, Base Lr: 3.50e-04
2025-12-07 14:43:29,017 DeMo.train INFO: Epoch[18] Iteration[40/54] Loss: 0.793, Acc: 0.999, Base Lr: 3.50e-04
2025-12-07 14:43:31,715 DeMo.train INFO: Epoch[18] Iteration[50/54] Loss: 0.784, Acc: 0.999, Base Lr: 3.50e-04
2025-12-07 14:43:32,662 DeMo.train INFO: Epoch 18 done. Time per batch: 0.306[s] Speed: 209.4[samples/s]
2025-12-07 14:43:32,663 DeMo.train INFO: ~~~~~~~~~~~~~~~~~~~~~~~~~~~~~~~~~~~~~~~~~~~~~~~~~~
2025-12-07 14:43:32,663 DeMo.train INFO: Current is the ori feature testing!
2025-12-07 14:43:32,663 DeMo.train INFO: ~~~~~~~~~~~~~~~~~~~~~~~~~~~~~~~~~~~~~~~~~~~~~~~~~~
The test feature is normalized
=> Computing DistMat with euclidean_distance
2025-12-07 14:43:38,582 DeMo.train INFO: Validation Results - Epoch: 18
2025-12-07 14:43:38,582 DeMo.train INFO: mAP: 56.3%
2025-12-07 14:43:38,583 DeMo.train INFO: CMC curve, Rank-1  :60.2%
2025-12-07 14:43:38,583 DeMo.train INFO: CMC curve, Rank-5  :71.7%
2025-12-07 14:43:38,583 DeMo.train INFO: CMC curve, Rank-10 :79.1%
2025-12-07 14:43:38,583 DeMo.train INFO: ~~~~~~~~~~~~~~~~~~~~~~~~~~~~~~~~~~~~~~~~~~~~~~~~~~
2025-12-07 14:43:38,659 DeMo.train INFO: ~~~~~~~~~~~~~~~~~~~~~~~~~~~~~~~~~~~~~~~~~~~~~~~~~~
2025-12-07 14:43:38,659 DeMo.train INFO: Current is the moe feature testing!
2025-12-07 14:43:38,659 DeMo.train INFO: ~~~~~~~~~~~~~~~~~~~~~~~~~~~~~~~~~~~~~~~~~~~~~~~~~~
The test feature is normalized
=> Computing DistMat with euclidean_distance
2025-12-07 14:43:43,669 DeMo.train INFO: Validation Results - Epoch: 18
2025-12-07 14:43:43,669 DeMo.train INFO: mAP: 56.5%
2025-12-07 14:43:43,669 DeMo.train INFO: CMC curve, Rank-1  :58.1%
2025-12-07 14:43:43,669 DeMo.train INFO: CMC curve, Rank-5  :72.8%
2025-12-07 14:43:43,669 DeMo.train INFO: CMC curve, Rank-10 :78.8%
2025-12-07 14:43:43,669 DeMo.train INFO: ~~~~~~~~~~~~~~~~~~~~~~~~~~~~~~~~~~~~~~~~~~~~~~~~~~
2025-12-07 14:43:43,673 DeMo.train INFO: ~~~~~~~~~~~~~~~~~~~~~~~~~~~~~~~~~~~~~~~~~~~~~~~~~~
2025-12-07 14:43:43,673 DeMo.train INFO: Current is the [moe,ori] feature testing!
2025-12-07 14:43:43,673 DeMo.train INFO: ~~~~~~~~~~~~~~~~~~~~~~~~~~~~~~~~~~~~~~~~~~~~~~~~~~
The test feature is normalized
=> Computing DistMat with euclidean_distance
2025-12-07 14:43:48,709 DeMo.train INFO: Validation Results - Epoch: 18
2025-12-07 14:43:48,709 DeMo.train INFO: mAP: 59.1%
2025-12-07 14:43:48,709 DeMo.train INFO: CMC curve, Rank-1  :61.1%
2025-12-07 14:43:48,709 DeMo.train INFO: CMC curve, Rank-5  :74.5%
2025-12-07 14:43:48,709 DeMo.train INFO: CMC curve, Rank-10 :79.8%
2025-12-07 14:43:48,709 DeMo.train INFO: ~~~~~~~~~~~~~~~~~~~~~~~~~~~~~~~~~~~~~~~~~~~~~~~~~~
2025-12-07 14:43:48,712 DeMo.train INFO: ~~~~~~~~~~~~~~~~~~~~~~~~~~~~~~~~~~~~~~~~~~~~~~~~~~
2025-12-07 14:43:48,712 DeMo.train INFO: Best mAP: 64.2%
2025-12-07 14:43:48,712 DeMo.train INFO: Best Rank-1: 67.9%
2025-12-07 14:43:48,712 DeMo.train INFO: Best Rank-5: 77.9%
2025-12-07 14:43:48,712 DeMo.train INFO: Best Rank-10: 83.0%
2025-12-07 14:43:48,712 DeMo.train INFO: ~~~~~~~~~~~~~~~~~~~~~~~~~~~~~~~~~~~~~~~~~~~~~~~~~~
2025-12-07 14:43:52,995 DeMo.train INFO: Epoch[19] Iteration[10/54] Loss: 0.744, Acc: 1.000, Base Lr: 3.50e-04
2025-12-07 14:43:55,685 DeMo.train INFO: Epoch[19] Iteration[20/54] Loss: 0.737, Acc: 0.999, Base Lr: 3.50e-04
2025-12-07 14:43:58,404 DeMo.train INFO: Epoch[19] Iteration[30/54] Loss: 0.735, Acc: 0.999, Base Lr: 3.50e-04
2025-12-07 14:44:01,071 DeMo.train INFO: Epoch[19] Iteration[40/54] Loss: 0.739, Acc: 1.000, Base Lr: 3.50e-04
2025-12-07 14:44:03,741 DeMo.train INFO: Epoch[19] Iteration[50/54] Loss: 0.738, Acc: 1.000, Base Lr: 3.50e-04
2025-12-07 14:44:04,693 DeMo.train INFO: Epoch 19 done. Time per batch: 0.302[s] Speed: 212.3[samples/s]
2025-12-07 14:44:04,694 DeMo.train INFO: ~~~~~~~~~~~~~~~~~~~~~~~~~~~~~~~~~~~~~~~~~~~~~~~~~~
2025-12-07 14:44:04,695 DeMo.train INFO: Current is the ori feature testing!
2025-12-07 14:44:04,695 DeMo.train INFO: ~~~~~~~~~~~~~~~~~~~~~~~~~~~~~~~~~~~~~~~~~~~~~~~~~~
The test feature is normalized
=> Computing DistMat with euclidean_distance
2025-12-07 14:44:10,996 DeMo.train INFO: Validation Results - Epoch: 19
2025-12-07 14:44:10,997 DeMo.train INFO: mAP: 59.9%
2025-12-07 14:44:10,997 DeMo.train INFO: CMC curve, Rank-1  :62.8%
2025-12-07 14:44:10,997 DeMo.train INFO: CMC curve, Rank-5  :75.0%
2025-12-07 14:44:10,997 DeMo.train INFO: CMC curve, Rank-10 :81.2%
2025-12-07 14:44:10,997 DeMo.train INFO: ~~~~~~~~~~~~~~~~~~~~~~~~~~~~~~~~~~~~~~~~~~~~~~~~~~
2025-12-07 14:44:11,055 DeMo.train INFO: ~~~~~~~~~~~~~~~~~~~~~~~~~~~~~~~~~~~~~~~~~~~~~~~~~~
2025-12-07 14:44:11,055 DeMo.train INFO: Current is the moe feature testing!
2025-12-07 14:44:11,055 DeMo.train INFO: ~~~~~~~~~~~~~~~~~~~~~~~~~~~~~~~~~~~~~~~~~~~~~~~~~~
The test feature is normalized
=> Computing DistMat with euclidean_distance
2025-12-07 14:44:20,638 DeMo.train INFO: Validation Results - Epoch: 19
2025-12-07 14:44:20,639 DeMo.train INFO: mAP: 59.2%
2025-12-07 14:44:20,640 DeMo.train INFO: CMC curve, Rank-1  :64.2%
2025-12-07 14:44:20,641 DeMo.train INFO: CMC curve, Rank-5  :74.2%
2025-12-07 14:44:20,641 DeMo.train INFO: CMC curve, Rank-10 :80.0%
2025-12-07 14:44:20,641 DeMo.train INFO: ~~~~~~~~~~~~~~~~~~~~~~~~~~~~~~~~~~~~~~~~~~~~~~~~~~
2025-12-07 14:44:20,645 DeMo.train INFO: ~~~~~~~~~~~~~~~~~~~~~~~~~~~~~~~~~~~~~~~~~~~~~~~~~~
2025-12-07 14:44:20,646 DeMo.train INFO: Current is the [moe,ori] feature testing!
2025-12-07 14:44:20,647 DeMo.train INFO: ~~~~~~~~~~~~~~~~~~~~~~~~~~~~~~~~~~~~~~~~~~~~~~~~~~
The test feature is normalized
=> Computing DistMat with euclidean_distance
2025-12-07 14:44:30,907 DeMo.train INFO: Validation Results - Epoch: 19
2025-12-07 14:44:30,908 DeMo.train INFO: mAP: 62.1%
2025-12-07 14:44:30,908 DeMo.train INFO: CMC curve, Rank-1  :64.6%
2025-12-07 14:44:30,908 DeMo.train INFO: CMC curve, Rank-5  :76.1%
2025-12-07 14:44:30,908 DeMo.train INFO: CMC curve, Rank-10 :80.9%
2025-12-07 14:44:30,908 DeMo.train INFO: ~~~~~~~~~~~~~~~~~~~~~~~~~~~~~~~~~~~~~~~~~~~~~~~~~~
2025-12-07 14:44:31,665 DeMo.train INFO: ~~~~~~~~~~~~~~~~~~~~~~~~~~~~~~~~~~~~~~~~~~~~~~~~~~
2025-12-07 14:44:31,665 DeMo.train INFO: Best mAP: 64.2%
2025-12-07 14:44:31,665 DeMo.train INFO: Best Rank-1: 67.9%
2025-12-07 14:44:31,665 DeMo.train INFO: Best Rank-5: 77.9%
2025-12-07 14:44:31,665 DeMo.train INFO: Best Rank-10: 83.0%
2025-12-07 14:44:31,665 DeMo.train INFO: ~~~~~~~~~~~~~~~~~~~~~~~~~~~~~~~~~~~~~~~~~~~~~~~~~~
2025-12-07 14:44:36,778 DeMo.train INFO: Epoch[20] Iteration[10/54] Loss: 0.731, Acc: 0.997, Base Lr: 3.50e-04
2025-12-07 14:44:39,504 DeMo.train INFO: Epoch[20] Iteration[20/54] Loss: 0.729, Acc: 0.998, Base Lr: 3.50e-04
2025-12-07 14:44:42,164 DeMo.train INFO: Epoch[20] Iteration[30/54] Loss: 0.727, Acc: 0.999, Base Lr: 3.50e-04
2025-12-07 14:44:44,868 DeMo.train INFO: Epoch[20] Iteration[40/54] Loss: 0.726, Acc: 0.999, Base Lr: 3.50e-04
2025-12-07 14:44:47,609 DeMo.train INFO: Epoch[20] Iteration[50/54] Loss: 0.726, Acc: 0.999, Base Lr: 3.50e-04
2025-12-07 14:44:48,534 DeMo.train INFO: Epoch 20 done. Time per batch: 0.318[s] Speed: 201.1[samples/s]
2025-12-07 14:44:48,535 DeMo.train INFO: ~~~~~~~~~~~~~~~~~~~~~~~~~~~~~~~~~~~~~~~~~~~~~~~~~~
2025-12-07 14:44:48,535 DeMo.train INFO: Current is the ori feature testing!
2025-12-07 14:44:48,536 DeMo.train INFO: ~~~~~~~~~~~~~~~~~~~~~~~~~~~~~~~~~~~~~~~~~~~~~~~~~~
The test feature is normalized
=> Computing DistMat with euclidean_distance
2025-12-07 14:44:53,405 DeMo.train INFO: Validation Results - Epoch: 20
2025-12-07 14:44:53,406 DeMo.train INFO: mAP: 61.1%
2025-12-07 14:44:53,406 DeMo.train INFO: CMC curve, Rank-1  :64.1%
2025-12-07 14:44:53,406 DeMo.train INFO: CMC curve, Rank-5  :76.4%
2025-12-07 14:44:53,406 DeMo.train INFO: CMC curve, Rank-10 :83.5%
2025-12-07 14:44:53,406 DeMo.train INFO: ~~~~~~~~~~~~~~~~~~~~~~~~~~~~~~~~~~~~~~~~~~~~~~~~~~
2025-12-07 14:44:54,230 DeMo.train INFO: ~~~~~~~~~~~~~~~~~~~~~~~~~~~~~~~~~~~~~~~~~~~~~~~~~~
2025-12-07 14:44:54,230 DeMo.train INFO: Current is the moe feature testing!
2025-12-07 14:44:54,230 DeMo.train INFO: ~~~~~~~~~~~~~~~~~~~~~~~~~~~~~~~~~~~~~~~~~~~~~~~~~~
The test feature is normalized
=> Computing DistMat with euclidean_distance
2025-12-07 14:44:59,866 DeMo.train INFO: Validation Results - Epoch: 20
2025-12-07 14:44:59,866 DeMo.train INFO: mAP: 58.6%
2025-12-07 14:44:59,866 DeMo.train INFO: CMC curve, Rank-1  :61.1%
2025-12-07 14:44:59,866 DeMo.train INFO: CMC curve, Rank-5  :74.0%
2025-12-07 14:44:59,866 DeMo.train INFO: CMC curve, Rank-10 :81.1%
2025-12-07 14:44:59,866 DeMo.train INFO: ~~~~~~~~~~~~~~~~~~~~~~~~~~~~~~~~~~~~~~~~~~~~~~~~~~
2025-12-07 14:44:59,870 DeMo.train INFO: ~~~~~~~~~~~~~~~~~~~~~~~~~~~~~~~~~~~~~~~~~~~~~~~~~~
2025-12-07 14:44:59,870 DeMo.train INFO: Current is the [moe,ori] feature testing!
2025-12-07 14:44:59,870 DeMo.train INFO: ~~~~~~~~~~~~~~~~~~~~~~~~~~~~~~~~~~~~~~~~~~~~~~~~~~
The test feature is normalized
=> Computing DistMat with euclidean_distance
2025-12-07 14:45:05,043 DeMo.train INFO: Validation Results - Epoch: 20
2025-12-07 14:45:05,043 DeMo.train INFO: mAP: 61.9%
2025-12-07 14:45:05,043 DeMo.train INFO: CMC curve, Rank-1  :63.5%
2025-12-07 14:45:05,043 DeMo.train INFO: CMC curve, Rank-5  :75.8%
2025-12-07 14:45:05,044 DeMo.train INFO: CMC curve, Rank-10 :82.3%
2025-12-07 14:45:05,044 DeMo.train INFO: ~~~~~~~~~~~~~~~~~~~~~~~~~~~~~~~~~~~~~~~~~~~~~~~~~~
2025-12-07 14:45:06,047 DeMo.train INFO: ~~~~~~~~~~~~~~~~~~~~~~~~~~~~~~~~~~~~~~~~~~~~~~~~~~
2025-12-07 14:45:06,048 DeMo.train INFO: Best mAP: 64.2%
2025-12-07 14:45:06,048 DeMo.train INFO: Best Rank-1: 67.9%
2025-12-07 14:45:06,048 DeMo.train INFO: Best Rank-5: 77.9%
2025-12-07 14:45:06,048 DeMo.train INFO: Best Rank-10: 83.0%
2025-12-07 14:45:06,048 DeMo.train INFO: ~~~~~~~~~~~~~~~~~~~~~~~~~~~~~~~~~~~~~~~~~~~~~~~~~~
2025-12-07 14:45:13,514 DeMo.train INFO: Epoch[21] Iteration[10/54] Loss: 0.723, Acc: 1.000, Base Lr: 3.50e-04
2025-12-07 14:45:16,227 DeMo.train INFO: Epoch[21] Iteration[20/54] Loss: 0.737, Acc: 1.000, Base Lr: 3.50e-04
2025-12-07 14:45:18,903 DeMo.train INFO: Epoch[21] Iteration[30/54] Loss: 0.733, Acc: 1.000, Base Lr: 3.50e-04
2025-12-07 14:45:21,585 DeMo.train INFO: Epoch[21] Iteration[40/54] Loss: 0.752, Acc: 1.000, Base Lr: 3.50e-04
2025-12-07 14:45:26,553 DeMo.train INFO: Epoch[21] Iteration[50/54] Loss: 0.752, Acc: 0.999, Base Lr: 3.50e-04
2025-12-07 14:45:27,498 DeMo.train INFO: Epoch 21 done. Time per batch: 0.405[s] Speed: 158.1[samples/s]
2025-12-07 14:45:27,501 DeMo.train INFO: ~~~~~~~~~~~~~~~~~~~~~~~~~~~~~~~~~~~~~~~~~~~~~~~~~~
2025-12-07 14:45:27,502 DeMo.train INFO: Current is the ori feature testing!
2025-12-07 14:45:27,502 DeMo.train INFO: ~~~~~~~~~~~~~~~~~~~~~~~~~~~~~~~~~~~~~~~~~~~~~~~~~~
The test feature is normalized
=> Computing DistMat with euclidean_distance
2025-12-07 14:45:45,144 DeMo.train INFO: Validation Results - Epoch: 21
2025-12-07 14:45:45,145 DeMo.train INFO: mAP: 53.8%
2025-12-07 14:45:45,145 DeMo.train INFO: CMC curve, Rank-1  :57.1%
2025-12-07 14:45:45,145 DeMo.train INFO: CMC curve, Rank-5  :70.2%
2025-12-07 14:45:45,145 DeMo.train INFO: CMC curve, Rank-10 :77.2%
2025-12-07 14:45:45,145 DeMo.train INFO: ~~~~~~~~~~~~~~~~~~~~~~~~~~~~~~~~~~~~~~~~~~~~~~~~~~
2025-12-07 14:45:45,218 DeMo.train INFO: ~~~~~~~~~~~~~~~~~~~~~~~~~~~~~~~~~~~~~~~~~~~~~~~~~~
2025-12-07 14:45:45,218 DeMo.train INFO: Current is the moe feature testing!
2025-12-07 14:45:45,218 DeMo.train INFO: ~~~~~~~~~~~~~~~~~~~~~~~~~~~~~~~~~~~~~~~~~~~~~~~~~~
The test feature is normalized
=> Computing DistMat with euclidean_distance
2025-12-07 14:45:51,958 DeMo.train INFO: Validation Results - Epoch: 21
2025-12-07 14:45:51,958 DeMo.train INFO: mAP: 47.2%
2025-12-07 14:45:51,959 DeMo.train INFO: CMC curve, Rank-1  :53.7%
2025-12-07 14:45:51,959 DeMo.train INFO: CMC curve, Rank-5  :67.1%
2025-12-07 14:45:51,959 DeMo.train INFO: CMC curve, Rank-10 :72.7%
2025-12-07 14:45:51,959 DeMo.train INFO: ~~~~~~~~~~~~~~~~~~~~~~~~~~~~~~~~~~~~~~~~~~~~~~~~~~
2025-12-07 14:45:52,016 DeMo.train INFO: ~~~~~~~~~~~~~~~~~~~~~~~~~~~~~~~~~~~~~~~~~~~~~~~~~~
2025-12-07 14:45:52,016 DeMo.train INFO: Current is the [moe,ori] feature testing!
2025-12-07 14:45:52,016 DeMo.train INFO: ~~~~~~~~~~~~~~~~~~~~~~~~~~~~~~~~~~~~~~~~~~~~~~~~~~
The test feature is normalized
=> Computing DistMat with euclidean_distance
2025-12-07 14:45:58,662 DeMo.train INFO: Validation Results - Epoch: 21
2025-12-07 14:45:58,662 DeMo.train INFO: mAP: 52.7%
2025-12-07 14:45:58,662 DeMo.train INFO: CMC curve, Rank-1  :57.7%
2025-12-07 14:45:58,662 DeMo.train INFO: CMC curve, Rank-5  :69.4%
2025-12-07 14:45:58,662 DeMo.train INFO: CMC curve, Rank-10 :76.0%
2025-12-07 14:45:58,663 DeMo.train INFO: ~~~~~~~~~~~~~~~~~~~~~~~~~~~~~~~~~~~~~~~~~~~~~~~~~~
2025-12-07 14:45:59,285 DeMo.train INFO: ~~~~~~~~~~~~~~~~~~~~~~~~~~~~~~~~~~~~~~~~~~~~~~~~~~
2025-12-07 14:45:59,286 DeMo.train INFO: Best mAP: 64.2%
2025-12-07 14:45:59,286 DeMo.train INFO: Best Rank-1: 67.9%
2025-12-07 14:45:59,286 DeMo.train INFO: Best Rank-5: 77.9%
2025-12-07 14:45:59,286 DeMo.train INFO: Best Rank-10: 83.0%
2025-12-07 14:45:59,286 DeMo.train INFO: ~~~~~~~~~~~~~~~~~~~~~~~~~~~~~~~~~~~~~~~~~~~~~~~~~~
