2025-12-07 14:24:09,025 DeMo INFO: Saving model in the path :..
2025-12-07 14:24:09,025 DeMo INFO: Namespace(config_file='configs/RGBNT201/DeMo_SDTPS_DGAF_ablation.yml', exp_name='ablation_SDTPS_only', fea_cft=0, local_rank=0, opts=['MODEL.USE_SDTPS', 'True', 'MODEL.USE_DGAF', 'False'])
2025-12-07 14:24:09,025 DeMo INFO: Loaded configuration file configs/RGBNT201/DeMo_SDTPS_DGAF_ablation.yml
2025-12-07 14:24:09,025 DeMo INFO: 
MODEL:
  TRANSFORMER_TYPE: 'ViT-B-16'
  STRIDE_SIZE: [ 16, 16 ]
  SIE_CAMERA: True
  DIRECT: 1
  SIE_COE: 1.0
  ID_LOSS_WEIGHT: 0.25
  TRIPLET_LOSS_WEIGHT: 1.0
  GLOBAL_LOCAL: True
  # Disable HDM and ATM
  HDM: False
  ATM: False
  # SACR disabled for ablation
  USE_SACR: False
  USE_MULTIMODAL_SACR: False
  # SDTPS configuration
  USE_SDTPS: True
  SDTPS_SPARSE_RATIO: 0.7
  SDTPS_AGGR_RATIO: 0.5
  SDTPS_BETA: 0.25
  SDTPS_USE_GUMBEL: False
  SDTPS_GUMBEL_TAU: 5.0
  SDTPS_LOSS_WEIGHT: 2.0
  # LIF disabled
  USE_LIF: False
  # DGAF: Dual-Gated Adaptive Fusion
  USE_DGAF: True
  DGAF_VERSION: 'v3'
  DGAF_TAU: 1.0
  DGAF_INIT_ALPHA: 0.5
  DGAF_NUM_HEADS: 8
  HEAD: 4

INPUT:
  SIZE_TRAIN: [ 256, 128 ]
  SIZE_TEST: [ 256, 128 ]
  PROB: 0.5
  RE_PROB: 0.5
  PADDING: 10

DATALOADER:
  SAMPLER: 'softmax_triplet'
  NUM_INSTANCE: 8
  NUM_WORKERS: 14

DATASETS:
  NAMES: ('RGBNT201')
  ROOT_DIR: '..'

SOLVER:
  BASE_LR: 0.00035
  MAX_EPOCHS: 50
  STEPS: [30, 40]
  GAMMA: 0.1
  WARMUP_ITERS: 10
  WARMUP_FACTOR: 0.01
  WARMUP_METHOD: 'linear'
  OPTIMIZER_NAME: 'Adam'
  IMS_PER_BATCH: 64
  EVAL_PERIOD: 1
  CHECKPOINT_PERIOD: 10

TEST:
  IMS_PER_BATCH: 128
  RE_RANKING: 'no'
  WEIGHT: ''
  NECK_FEAT: 'before'
  FEAT_NORM: 'yes'
  MISS: "nothing"

OUTPUT_DIR: '..'

# ============================================================================
# SDTPS + DGAF Ablation Config
# ============================================================================
# - SACR: disabled
# - SDTPS: configurable via command line
# - DGAF V3: configurable via command line
# - Training: lr=0.00035, epochs=50, warmup=10
# - TF32: enabled in train_net.py
# ============================================================================

2025-12-07 14:24:09,026 DeMo INFO: Running with config:
DATALOADER:
  NUM_INSTANCE: 8
  NUM_WORKERS: 14
  SAMPLER: softmax_triplet
DATASETS:
  NAMES: RGBNT201
  ROOT_DIR: ..
INPUT:
  PADDING: 10
  PIXEL_MEAN: [0.5, 0.5, 0.5]
  PIXEL_STD: [0.5, 0.5, 0.5]
  PROB: 0.5
  RE_PROB: 0.5
  SIZE_TEST: [256, 128]
  SIZE_TRAIN: [256, 128]
MODEL:
  ADAPTER: False
  ATM: False
  ATT_DROP_RATE: 0.0
  DEVICE: cuda
  DEVICE_ID: 0
  DGAF_INIT_ALPHA: 0.5
  DGAF_NUM_HEADS: 8
  DGAF_TAU: 1.0
  DGAF_VERSION: v3
  DIRECT: 1
  DIST_TRAIN: False
  DROP_OUT: 0.0
  DROP_PATH: 0.1
  FROZEN: False
  GLOBAL_LOCAL: True
  HDM: False
  HEAD: 4
  ID_LOSS_TYPE: softmax
  ID_LOSS_WEIGHT: 0.25
  IF_LABELSMOOTH: on
  IF_WITH_CENTER: no
  LIF_BETA: 0.4
  LIF_LAYER: 3
  LIF_LOSS_WEIGHT: 0.1
  METRIC_LOSS_TYPE: triplet
  MULTIMODAL_SACR_VERSION: v1
  NAME: DeMo
  NECK: bnneck
  NO_MARGIN: True
  PRETRAIN_PATH_T: /path/to/your/vitb_16_224_21k.pth
  PROMPT: False
  SACR_DILATION_RATES: [2, 3, 4]
  SDTPS_AGGR_RATIO: 0.5
  SDTPS_BETA: 0.25
  SDTPS_GUMBEL_TAU: 5.0
  SDTPS_LOSS_WEIGHT: 2.0
  SDTPS_SPARSE_RATIO: 0.7
  SDTPS_USE_GUMBEL: False
  SIE_CAMERA: True
  SIE_COE: 1.0
  SIE_VIEW: False
  STRIDE_SIZE: [16, 16]
  TRANSFORMER_TYPE: ViT-B-16
  TRIPLET_LOSS_WEIGHT: 1.0
  USE_DGAF: False
  USE_LIF: False
  USE_MULTIMODAL_SACR: False
  USE_SACR: False
  USE_SDTPS: True
OUTPUT_DIR: ..
SOLVER:
  BASE_LR: 0.00035
  BIAS_LR_FACTOR: 2
  CENTER_LOSS_WEIGHT: 0.0005
  CENTER_LR: 0.5
  CHECKPOINT_PERIOD: 10
  CLUSTER_MARGIN: 0.3
  COSINE_MARGIN: 0.5
  COSINE_SCALE: 30
  EVAL_PERIOD: 1
  GAMMA: 0.1
  IMS_PER_BATCH: 64
  LARGE_FC_LR: False
  LOG_PERIOD: 10
  MARGIN: 0.3
  MAX_EPOCHS: 50
  MOMENTUM: 0.9
  OPTIMIZER_NAME: Adam
  RANGE_ALPHA: 0
  RANGE_BETA: 1
  RANGE_K: 2
  RANGE_LOSS_WEIGHT: 1
  RANGE_MARGIN: 0.3
  SEED: 1111
  STEPS: (30, 40)
  WARMUP_FACTOR: 0.01
  WARMUP_ITERS: 10
  WARMUP_METHOD: linear
  WEIGHT_DECAY: 0.0001
  WEIGHT_DECAY_BIAS: 0.0001
TEST:
  FEAT: 0
  FEAT_NORM: yes
  IMS_PER_BATCH: 128
  MISS: nothing
  NECK_FEAT: before
  RE_RANKING: no
  WEIGHT: 
=> RGBNT201 loaded
Dataset statistics:
  ----------------------------------------
  subset   | # ids | # images | # cameras
  ----------------------------------------
  train    |   171 |     3951 |         4
  query    |    30 |      836 |         2
  gallery  |    30 |      836 |         2
  ----------------------------------------
data is ready
using Transformer_type: ViT-B-16 as a backbone
Resized position embedding: %s to %s torch.Size([197, 768]) torch.Size([129, 768])
Position embedding resize to height:16 width: 8
Successfully load ckpt!
<All keys matched successfully>
Loading pretrained model from CLIP
camera number is : 4
[SDTPS] 参数设置:
  输入patches: 128
  sparse_ratio: 0.7 → 选中 90 patches
  aggr_ratio: 0.5 → 聚合到 44 patches
  最终比例: 0.344
===========Building DeMo===========
2025-12-07 14:24:20,289 DeMo INFO: DeMo(
  (BACKBONE): build_transformer(
    (base): VisionTransformer(
      (conv1): Conv2d(3, 768, kernel_size=(16, 16), stride=(16, 16), bias=False)
      (ln_pre): LayerNorm((768,), eps=1e-05, elementwise_affine=True)
      (transformer): Transformer(
        (resblocks): Sequential(
          (0): ResidualAttentionBlock(
            (attn): MultiheadAttention(
              (out_proj): NonDynamicallyQuantizableLinear(in_features=768, out_features=768, bias=True)
            )
            (ln_1): LayerNorm((768,), eps=1e-05, elementwise_affine=True)
            (mlp): Sequential(
              (c_fc): Linear(in_features=768, out_features=3072, bias=True)
              (gelu): QuickGELU()
              (c_proj): Linear(in_features=3072, out_features=768, bias=True)
            )
            (ln_2): LayerNorm((768,), eps=1e-05, elementwise_affine=True)
          )
          (1): ResidualAttentionBlock(
            (attn): MultiheadAttention(
              (out_proj): NonDynamicallyQuantizableLinear(in_features=768, out_features=768, bias=True)
            )
            (ln_1): LayerNorm((768,), eps=1e-05, elementwise_affine=True)
            (mlp): Sequential(
              (c_fc): Linear(in_features=768, out_features=3072, bias=True)
              (gelu): QuickGELU()
              (c_proj): Linear(in_features=3072, out_features=768, bias=True)
            )
            (ln_2): LayerNorm((768,), eps=1e-05, elementwise_affine=True)
          )
          (2): ResidualAttentionBlock(
            (attn): MultiheadAttention(
              (out_proj): NonDynamicallyQuantizableLinear(in_features=768, out_features=768, bias=True)
            )
            (ln_1): LayerNorm((768,), eps=1e-05, elementwise_affine=True)
            (mlp): Sequential(
              (c_fc): Linear(in_features=768, out_features=3072, bias=True)
              (gelu): QuickGELU()
              (c_proj): Linear(in_features=3072, out_features=768, bias=True)
            )
            (ln_2): LayerNorm((768,), eps=1e-05, elementwise_affine=True)
          )
          (3): ResidualAttentionBlock(
            (attn): MultiheadAttention(
              (out_proj): NonDynamicallyQuantizableLinear(in_features=768, out_features=768, bias=True)
            )
            (ln_1): LayerNorm((768,), eps=1e-05, elementwise_affine=True)
            (mlp): Sequential(
              (c_fc): Linear(in_features=768, out_features=3072, bias=True)
              (gelu): QuickGELU()
              (c_proj): Linear(in_features=3072, out_features=768, bias=True)
            )
            (ln_2): LayerNorm((768,), eps=1e-05, elementwise_affine=True)
          )
          (4): ResidualAttentionBlock(
            (attn): MultiheadAttention(
              (out_proj): NonDynamicallyQuantizableLinear(in_features=768, out_features=768, bias=True)
            )
            (ln_1): LayerNorm((768,), eps=1e-05, elementwise_affine=True)
            (mlp): Sequential(
              (c_fc): Linear(in_features=768, out_features=3072, bias=True)
              (gelu): QuickGELU()
              (c_proj): Linear(in_features=3072, out_features=768, bias=True)
            )
            (ln_2): LayerNorm((768,), eps=1e-05, elementwise_affine=True)
          )
          (5): ResidualAttentionBlock(
            (attn): MultiheadAttention(
              (out_proj): NonDynamicallyQuantizableLinear(in_features=768, out_features=768, bias=True)
            )
            (ln_1): LayerNorm((768,), eps=1e-05, elementwise_affine=True)
            (mlp): Sequential(
              (c_fc): Linear(in_features=768, out_features=3072, bias=True)
              (gelu): QuickGELU()
              (c_proj): Linear(in_features=3072, out_features=768, bias=True)
            )
            (ln_2): LayerNorm((768,), eps=1e-05, elementwise_affine=True)
          )
          (6): ResidualAttentionBlock(
            (attn): MultiheadAttention(
              (out_proj): NonDynamicallyQuantizableLinear(in_features=768, out_features=768, bias=True)
            )
            (ln_1): LayerNorm((768,), eps=1e-05, elementwise_affine=True)
            (mlp): Sequential(
              (c_fc): Linear(in_features=768, out_features=3072, bias=True)
              (gelu): QuickGELU()
              (c_proj): Linear(in_features=3072, out_features=768, bias=True)
            )
            (ln_2): LayerNorm((768,), eps=1e-05, elementwise_affine=True)
          )
          (7): ResidualAttentionBlock(
            (attn): MultiheadAttention(
              (out_proj): NonDynamicallyQuantizableLinear(in_features=768, out_features=768, bias=True)
            )
            (ln_1): LayerNorm((768,), eps=1e-05, elementwise_affine=True)
            (mlp): Sequential(
              (c_fc): Linear(in_features=768, out_features=3072, bias=True)
              (gelu): QuickGELU()
              (c_proj): Linear(in_features=3072, out_features=768, bias=True)
            )
            (ln_2): LayerNorm((768,), eps=1e-05, elementwise_affine=True)
          )
          (8): ResidualAttentionBlock(
            (attn): MultiheadAttention(
              (out_proj): NonDynamicallyQuantizableLinear(in_features=768, out_features=768, bias=True)
            )
            (ln_1): LayerNorm((768,), eps=1e-05, elementwise_affine=True)
            (mlp): Sequential(
              (c_fc): Linear(in_features=768, out_features=3072, bias=True)
              (gelu): QuickGELU()
              (c_proj): Linear(in_features=3072, out_features=768, bias=True)
            )
            (ln_2): LayerNorm((768,), eps=1e-05, elementwise_affine=True)
          )
          (9): ResidualAttentionBlock(
            (attn): MultiheadAttention(
              (out_proj): NonDynamicallyQuantizableLinear(in_features=768, out_features=768, bias=True)
            )
            (ln_1): LayerNorm((768,), eps=1e-05, elementwise_affine=True)
            (mlp): Sequential(
              (c_fc): Linear(in_features=768, out_features=3072, bias=True)
              (gelu): QuickGELU()
              (c_proj): Linear(in_features=3072, out_features=768, bias=True)
            )
            (ln_2): LayerNorm((768,), eps=1e-05, elementwise_affine=True)
          )
          (10): ResidualAttentionBlock(
            (attn): MultiheadAttention(
              (out_proj): NonDynamicallyQuantizableLinear(in_features=768, out_features=768, bias=True)
            )
            (ln_1): LayerNorm((768,), eps=1e-05, elementwise_affine=True)
            (mlp): Sequential(
              (c_fc): Linear(in_features=768, out_features=3072, bias=True)
              (gelu): QuickGELU()
              (c_proj): Linear(in_features=3072, out_features=768, bias=True)
            )
            (ln_2): LayerNorm((768,), eps=1e-05, elementwise_affine=True)
          )
          (11): ResidualAttentionBlock(
            (attn): MultiheadAttention(
              (out_proj): NonDynamicallyQuantizableLinear(in_features=768, out_features=768, bias=True)
            )
            (ln_1): LayerNorm((768,), eps=1e-05, elementwise_affine=True)
            (mlp): Sequential(
              (c_fc): Linear(in_features=768, out_features=3072, bias=True)
              (gelu): QuickGELU()
              (c_proj): Linear(in_features=3072, out_features=768, bias=True)
            )
            (ln_2): LayerNorm((768,), eps=1e-05, elementwise_affine=True)
          )
        )
      )
      (ln_post): LayerNorm((768,), eps=1e-05, elementwise_affine=True)
    )
  )
  (pool): AdaptiveAvgPool1d(output_size=1)
  (rgb_reduce): Sequential(
    (0): LayerNorm((1024,), eps=1e-05, elementwise_affine=True)
    (1): Linear(in_features=1024, out_features=512, bias=True)
    (2): QuickGELU()
  )
  (nir_reduce): Sequential(
    (0): LayerNorm((1024,), eps=1e-05, elementwise_affine=True)
    (1): Linear(in_features=1024, out_features=512, bias=True)
    (2): QuickGELU()
  )
  (tir_reduce): Sequential(
    (0): LayerNorm((1024,), eps=1e-05, elementwise_affine=True)
    (1): Linear(in_features=1024, out_features=512, bias=True)
    (2): QuickGELU()
  )
  (sdtps): MultiModalSDTPS(
    (rgb_sparse): TokenSparse(
      (score_predictor): Sequential(
        (0): Linear(in_features=512, out_features=128, bias=True)
        (1): GELU(approximate='none')
        (2): Linear(in_features=128, out_features=1, bias=True)
        (3): Sigmoid()
      )
    )
    (rgb_aggr): TokenAggregation(
      (weight): Sequential(
        (0): LayerNorm((512,), eps=1e-05, elementwise_affine=True)
        (1): Linear(in_features=512, out_features=102, bias=True)
        (2): GELU(approximate='none')
        (3): Linear(in_features=102, out_features=44, bias=True)
      )
    )
    (nir_sparse): TokenSparse(
      (score_predictor): Sequential(
        (0): Linear(in_features=512, out_features=128, bias=True)
        (1): GELU(approximate='none')
        (2): Linear(in_features=128, out_features=1, bias=True)
        (3): Sigmoid()
      )
    )
    (nir_aggr): TokenAggregation(
      (weight): Sequential(
        (0): LayerNorm((512,), eps=1e-05, elementwise_affine=True)
        (1): Linear(in_features=512, out_features=102, bias=True)
        (2): GELU(approximate='none')
        (3): Linear(in_features=102, out_features=44, bias=True)
      )
    )
    (tir_sparse): TokenSparse(
      (score_predictor): Sequential(
        (0): Linear(in_features=512, out_features=128, bias=True)
        (1): GELU(approximate='none')
        (2): Linear(in_features=128, out_features=1, bias=True)
        (3): Sigmoid()
      )
    )
    (tir_aggr): TokenAggregation(
      (weight): Sequential(
        (0): LayerNorm((512,), eps=1e-05, elementwise_affine=True)
        (1): Linear(in_features=512, out_features=102, bias=True)
        (2): GELU(approximate='none')
        (3): Linear(in_features=102, out_features=44, bias=True)
      )
    )
  )
  (classifier_sdtps): Linear(in_features=1536, out_features=171, bias=False)
  (bottleneck_sdtps): BatchNorm1d(1536, eps=1e-05, momentum=0.1, affine=True, track_running_stats=True)
  (classifier): Linear(in_features=1536, out_features=171, bias=False)
  (bottleneck): BatchNorm1d(1536, eps=1e-05, momentum=0.1, affine=True, track_running_stats=True)
)
2025-12-07 14:24:20,290 DeMo INFO: number of parameters:88.623444
/home/yij/miniconda3/envs/DeMo/lib/python3.8/site-packages/timm/models/helpers.py:7: FutureWarning: Importing from timm.models.helpers is deprecated, please import via timm.models
  warnings.warn(f"Importing from {__name__} is deprecated, please import via timm.models", FutureWarning)
/home/yij/miniconda3/envs/DeMo/lib/python3.8/site-packages/timm/models/registry.py:4: FutureWarning: Importing from timm.models.registry is deprecated, please import via timm.models
  warnings.warn(f"Importing from {__name__} is deprecated, please import via timm.models", FutureWarning)
/home/yij/miniconda3/envs/DeMo/lib/python3.8/site-packages/timm/models/layers/__init__.py:48: FutureWarning: Importing from timm.models.layers is deprecated, please import via timm.layers
  warnings.warn(f"Importing from {__name__} is deprecated, please import via timm.layers", FutureWarning)
/raid/yij/icme/demo2new/DeMo2/modeling/clip/clip.py:23: UserWarning: PyTorch version 1.7.1 or higher is recommended
  warnings.warn("PyTorch version 1.7.1 or higher is recommended")
/home/yij/miniconda3/envs/DeMo/lib/python3.8/site-packages/torchvision/transforms/transforms.py:329: UserWarning: Argument 'interpolation' of type int is deprecated since 0.13 and will be removed in 0.15. Please use InterpolationMode enum.
  warnings.warn(
Unsupported operator aten::log encountered 3 time(s)
The following submodules of the model were never called during the trace of the graph. They may be unused, or they were accessed by direct calls to .forward() or via other python methods. In the latter case they will have zeros for statistics, though their statistics will still contribute to their parent calling module.
BACKBONE.base.transformer.resblocks.0.attn.out_proj, BACKBONE.base.transformer.resblocks.1.attn.out_proj, BACKBONE.base.transformer.resblocks.10.attn.out_proj, BACKBONE.base.transformer.resblocks.11.attn.out_proj, BACKBONE.base.transformer.resblocks.2.attn.out_proj, BACKBONE.base.transformer.resblocks.3.attn.out_proj, BACKBONE.base.transformer.resblocks.4.attn.out_proj, BACKBONE.base.transformer.resblocks.5.attn.out_proj, BACKBONE.base.transformer.resblocks.6.attn.out_proj, BACKBONE.base.transformer.resblocks.7.attn.out_proj, BACKBONE.base.transformer.resblocks.8.attn.out_proj, BACKBONE.base.transformer.resblocks.9.attn.out_proj, bottleneck, bottleneck_sdtps, classifier, classifier_sdtps
~~~~~~~~~~~~~~~~~~~~~~~~~~~~~~~~~~~~~~~~~~~~~~~~~~~~~~~~~~~~~~~~~~~~~~~~~~~~~~~~~~~~~~~~~~~~~~~~
The out_proj here is called by the nn.MultiheadAttention, which has been calculated in th .forward(), so just ignore it.
~~~~~~~~~~~~~~~~~~~~~~~~~~~~~~~~~~~~~~~~~~~~~~~~~~~~~~~~~~~~~~~~~~~~~~~~~~~~~~~~~~~~~~~~~~~~~~~~
For the bottleneck or classifier, it is not calculated during inference, so just ignore it.
~~~~~~~~~~~~~~~~~~~~~~~~~~~~~~~~~~~~~~~~~~~~~~~~~~~~~~~~~~~~~~~~~~~~~~~~~~~~~~~~~~~~~~~~~~~~~~~~
2025-12-07 14:24:23,266 DeMo INFO: number of GFLOPs: 34.327747818000006
using soft triplet loss for training
label smooth on, numclasses: 171
2025-12-07 14:24:23,288 DeMo.train INFO: start training
/home/yij/miniconda3/envs/DeMo/lib/python3.8/site-packages/torch/optim/lr_scheduler.py:138: UserWarning: Detected call of `lr_scheduler.step()` before `optimizer.step()`. In PyTorch 1.1.0 and later, you should call them in the opposite order: `optimizer.step()` before `lr_scheduler.step()`.  Failure to do this will result in PyTorch skipping the first value of the learning rate schedule. See more details at https://pytorch.org/docs/stable/optim.html#how-to-adjust-learning-rate
  warnings.warn("Detected call of `lr_scheduler.step()` before `optimizer.step()`. "
/home/yij/miniconda3/envs/DeMo/lib/python3.8/site-packages/torch/optim/lr_scheduler.py:163: UserWarning: The epoch parameter in `scheduler.step()` was not necessary and is being deprecated where possible. Please use `scheduler.step()` to step the scheduler. During the deprecation, if epoch is different from None, the closed form is used instead of the new chainable form, where available. Please open an issue if you are unable to replicate your use case: https://github.com/pytorch/pytorch/issues/new/choose.
  warnings.warn(EPOCH_DEPRECATION_WARNING, UserWarning)
2025-12-07 14:24:28,685 DeMo.train INFO: Epoch[1] Iteration[10/54] Loss: 8.307, Acc: 0.005, Base Lr: 3.82e-05
2025-12-07 14:24:31,285 DeMo.train INFO: Epoch[1] Iteration[20/54] Loss: 7.790, Acc: 0.023, Base Lr: 3.82e-05
2025-12-07 14:24:33,837 DeMo.train INFO: Epoch[1] Iteration[30/54] Loss: 7.428, Acc: 0.042, Base Lr: 3.82e-05
2025-12-07 14:24:36,422 DeMo.train INFO: Epoch[1] Iteration[40/54] Loss: 7.211, Acc: 0.059, Base Lr: 3.82e-05
2025-12-07 14:24:39,005 DeMo.train INFO: Epoch[1] Iteration[50/54] Loss: 7.067, Acc: 0.078, Base Lr: 3.82e-05
2025-12-07 14:24:39,941 DeMo.train INFO: Epoch 1 done. Time per batch: 0.314[s] Speed: 203.8[samples/s]
2025-12-07 14:24:39,942 DeMo.train INFO: ~~~~~~~~~~~~~~~~~~~~~~~~~~~~~~~~~~~~~~~~~~~~~~~~~~
2025-12-07 14:24:39,942 DeMo.train INFO: Current is the ori feature testing!
2025-12-07 14:24:39,943 DeMo.train INFO: ~~~~~~~~~~~~~~~~~~~~~~~~~~~~~~~~~~~~~~~~~~~~~~~~~~
The test feature is normalized
=> Computing DistMat with euclidean_distance
2025-12-07 14:24:45,803 DeMo.train INFO: Validation Results - Epoch: 1
2025-12-07 14:24:45,805 DeMo.train INFO: mAP: 4.4%
2025-12-07 14:24:45,806 DeMo.train INFO: CMC curve, Rank-1  :2.8%
2025-12-07 14:24:45,806 DeMo.train INFO: CMC curve, Rank-5  :9.7%
2025-12-07 14:24:45,807 DeMo.train INFO: CMC curve, Rank-10 :15.4%
2025-12-07 14:24:45,808 DeMo.train INFO: ~~~~~~~~~~~~~~~~~~~~~~~~~~~~~~~~~~~~~~~~~~~~~~~~~~
2025-12-07 14:24:45,810 DeMo.train INFO: ~~~~~~~~~~~~~~~~~~~~~~~~~~~~~~~~~~~~~~~~~~~~~~~~~~
2025-12-07 14:24:45,815 DeMo.train INFO: Current is the moe feature testing!
2025-12-07 14:24:45,815 DeMo.train INFO: ~~~~~~~~~~~~~~~~~~~~~~~~~~~~~~~~~~~~~~~~~~~~~~~~~~
The test feature is normalized
=> Computing DistMat with euclidean_distance
2025-12-07 14:24:55,165 DeMo.train INFO: Validation Results - Epoch: 1
2025-12-07 14:24:55,166 DeMo.train INFO: mAP: 9.3%
2025-12-07 14:24:55,168 DeMo.train INFO: CMC curve, Rank-1  :9.3%
2025-12-07 14:24:55,170 DeMo.train INFO: CMC curve, Rank-5  :21.1%
2025-12-07 14:24:55,172 DeMo.train INFO: CMC curve, Rank-10 :28.6%
2025-12-07 14:24:55,173 DeMo.train INFO: ~~~~~~~~~~~~~~~~~~~~~~~~~~~~~~~~~~~~~~~~~~~~~~~~~~
2025-12-07 14:24:55,178 DeMo.train INFO: ~~~~~~~~~~~~~~~~~~~~~~~~~~~~~~~~~~~~~~~~~~~~~~~~~~
2025-12-07 14:24:55,180 DeMo.train INFO: Current is the [moe,ori] feature testing!
2025-12-07 14:24:55,181 DeMo.train INFO: ~~~~~~~~~~~~~~~~~~~~~~~~~~~~~~~~~~~~~~~~~~~~~~~~~~
The test feature is normalized
=> Computing DistMat with euclidean_distance
2025-12-07 14:25:04,654 DeMo.train INFO: Validation Results - Epoch: 1
2025-12-07 14:25:04,660 DeMo.train INFO: mAP: 5.3%
2025-12-07 14:25:04,660 DeMo.train INFO: CMC curve, Rank-1  :3.7%
2025-12-07 14:25:04,660 DeMo.train INFO: CMC curve, Rank-5  :11.0%
2025-12-07 14:25:04,660 DeMo.train INFO: CMC curve, Rank-10 :17.7%
2025-12-07 14:25:04,660 DeMo.train INFO: ~~~~~~~~~~~~~~~~~~~~~~~~~~~~~~~~~~~~~~~~~~~~~~~~~~
2025-12-07 14:25:51,822 DeMo.train INFO: ~~~~~~~~~~~~~~~~~~~~~~~~~~~~~~~~~~~~~~~~~~~~~~~~~~
2025-12-07 14:25:51,824 DeMo.train INFO: Best mAP: 5.3%
2025-12-07 14:25:51,825 DeMo.train INFO: Best Rank-1: 3.7%
2025-12-07 14:25:51,826 DeMo.train INFO: Best Rank-5: 11.0%
2025-12-07 14:25:51,826 DeMo.train INFO: Best Rank-10: 17.7%
2025-12-07 14:25:51,828 DeMo.train INFO: ~~~~~~~~~~~~~~~~~~~~~~~~~~~~~~~~~~~~~~~~~~~~~~~~~~
2025-12-07 14:25:56,978 DeMo.train INFO: Epoch[2] Iteration[10/54] Loss: 6.217, Acc: 0.553, Base Lr: 7.28e-05
2025-12-07 14:25:59,561 DeMo.train INFO: Epoch[2] Iteration[20/54] Loss: 6.134, Acc: 0.546, Base Lr: 7.28e-05
2025-12-07 14:26:02,201 DeMo.train INFO: Epoch[2] Iteration[30/54] Loss: 6.096, Acc: 0.550, Base Lr: 7.28e-05
2025-12-07 14:26:04,768 DeMo.train INFO: Epoch[2] Iteration[40/54] Loss: 6.054, Acc: 0.547, Base Lr: 7.28e-05
2025-12-07 14:26:07,343 DeMo.train INFO: Epoch[2] Iteration[50/54] Loss: 6.018, Acc: 0.525, Base Lr: 7.28e-05
2025-12-07 14:26:08,217 DeMo.train INFO: Epoch 2 done. Time per batch: 0.309[s] Speed: 207.0[samples/s]
2025-12-07 14:26:08,219 DeMo.train INFO: ~~~~~~~~~~~~~~~~~~~~~~~~~~~~~~~~~~~~~~~~~~~~~~~~~~
2025-12-07 14:26:08,220 DeMo.train INFO: Current is the ori feature testing!
2025-12-07 14:26:08,221 DeMo.train INFO: ~~~~~~~~~~~~~~~~~~~~~~~~~~~~~~~~~~~~~~~~~~~~~~~~~~
The test feature is normalized
=> Computing DistMat with euclidean_distance
2025-12-07 14:26:18,060 DeMo.train INFO: Validation Results - Epoch: 2
2025-12-07 14:26:18,061 DeMo.train INFO: mAP: 10.5%
2025-12-07 14:26:18,062 DeMo.train INFO: CMC curve, Rank-1  :8.5%
2025-12-07 14:26:18,064 DeMo.train INFO: CMC curve, Rank-5  :22.2%
2025-12-07 14:26:18,065 DeMo.train INFO: CMC curve, Rank-10 :32.2%
2025-12-07 14:26:18,066 DeMo.train INFO: ~~~~~~~~~~~~~~~~~~~~~~~~~~~~~~~~~~~~~~~~~~~~~~~~~~
2025-12-07 14:26:18,121 DeMo.train INFO: ~~~~~~~~~~~~~~~~~~~~~~~~~~~~~~~~~~~~~~~~~~~~~~~~~~
2025-12-07 14:26:18,122 DeMo.train INFO: Current is the moe feature testing!
2025-12-07 14:26:18,124 DeMo.train INFO: ~~~~~~~~~~~~~~~~~~~~~~~~~~~~~~~~~~~~~~~~~~~~~~~~~~
The test feature is normalized
=> Computing DistMat with euclidean_distance
2025-12-07 14:26:32,085 DeMo.train INFO: Validation Results - Epoch: 2
2025-12-07 14:26:32,087 DeMo.train INFO: mAP: 15.0%
2025-12-07 14:26:32,089 DeMo.train INFO: CMC curve, Rank-1  :16.1%
2025-12-07 14:26:32,090 DeMo.train INFO: CMC curve, Rank-5  :30.9%
2025-12-07 14:26:32,092 DeMo.train INFO: CMC curve, Rank-10 :38.8%
2025-12-07 14:26:32,092 DeMo.train INFO: ~~~~~~~~~~~~~~~~~~~~~~~~~~~~~~~~~~~~~~~~~~~~~~~~~~
2025-12-07 14:26:32,097 DeMo.train INFO: ~~~~~~~~~~~~~~~~~~~~~~~~~~~~~~~~~~~~~~~~~~~~~~~~~~
2025-12-07 14:26:32,098 DeMo.train INFO: Current is the [moe,ori] feature testing!
2025-12-07 14:26:32,098 DeMo.train INFO: ~~~~~~~~~~~~~~~~~~~~~~~~~~~~~~~~~~~~~~~~~~~~~~~~~~
The test feature is normalized
=> Computing DistMat with euclidean_distance
2025-12-07 14:26:42,755 DeMo.train INFO: Validation Results - Epoch: 2
2025-12-07 14:26:42,755 DeMo.train INFO: mAP: 12.4%
2025-12-07 14:26:42,755 DeMo.train INFO: CMC curve, Rank-1  :12.1%
2025-12-07 14:26:42,756 DeMo.train INFO: CMC curve, Rank-5  :24.9%
2025-12-07 14:26:42,756 DeMo.train INFO: CMC curve, Rank-10 :34.7%
2025-12-07 14:26:42,756 DeMo.train INFO: ~~~~~~~~~~~~~~~~~~~~~~~~~~~~~~~~~~~~~~~~~~~~~~~~~~
2025-12-07 14:27:29,791 DeMo.train INFO: ~~~~~~~~~~~~~~~~~~~~~~~~~~~~~~~~~~~~~~~~~~~~~~~~~~
2025-12-07 14:27:29,793 DeMo.train INFO: Best mAP: 12.4%
2025-12-07 14:27:29,796 DeMo.train INFO: Best Rank-1: 12.1%
2025-12-07 14:27:29,799 DeMo.train INFO: Best Rank-5: 24.9%
2025-12-07 14:27:29,802 DeMo.train INFO: Best Rank-10: 34.7%
2025-12-07 14:27:29,803 DeMo.train INFO: ~~~~~~~~~~~~~~~~~~~~~~~~~~~~~~~~~~~~~~~~~~~~~~~~~~
2025-12-07 14:27:40,268 DeMo.train INFO: Epoch[3] Iteration[10/54] Loss: 5.434, Acc: 0.803, Base Lr: 1.07e-04
2025-12-07 14:27:47,024 DeMo.train INFO: Epoch[3] Iteration[20/54] Loss: 5.383, Acc: 0.755, Base Lr: 1.07e-04
2025-12-07 14:27:51,712 DeMo.train INFO: Epoch[3] Iteration[30/54] Loss: 5.360, Acc: 0.735, Base Lr: 1.07e-04
2025-12-07 14:27:54,464 DeMo.train INFO: Epoch[3] Iteration[40/54] Loss: 5.311, Acc: 0.721, Base Lr: 1.07e-04
2025-12-07 14:27:57,034 DeMo.train INFO: Epoch[3] Iteration[50/54] Loss: 5.292, Acc: 0.688, Base Lr: 1.07e-04
2025-12-07 14:27:57,936 DeMo.train INFO: Epoch 3 done. Time per batch: 0.531[s] Speed: 120.6[samples/s]
2025-12-07 14:27:57,938 DeMo.train INFO: ~~~~~~~~~~~~~~~~~~~~~~~~~~~~~~~~~~~~~~~~~~~~~~~~~~
2025-12-07 14:27:57,938 DeMo.train INFO: Current is the ori feature testing!
2025-12-07 14:27:57,938 DeMo.train INFO: ~~~~~~~~~~~~~~~~~~~~~~~~~~~~~~~~~~~~~~~~~~~~~~~~~~
The test feature is normalized
=> Computing DistMat with euclidean_distance
2025-12-07 14:28:03,122 DeMo.train INFO: Validation Results - Epoch: 3
2025-12-07 14:28:03,123 DeMo.train INFO: mAP: 25.1%
2025-12-07 14:28:03,123 DeMo.train INFO: CMC curve, Rank-1  :25.1%
2025-12-07 14:28:03,123 DeMo.train INFO: CMC curve, Rank-5  :42.3%
2025-12-07 14:28:03,123 DeMo.train INFO: CMC curve, Rank-10 :51.6%
2025-12-07 14:28:03,123 DeMo.train INFO: ~~~~~~~~~~~~~~~~~~~~~~~~~~~~~~~~~~~~~~~~~~~~~~~~~~
2025-12-07 14:28:04,273 DeMo.train INFO: ~~~~~~~~~~~~~~~~~~~~~~~~~~~~~~~~~~~~~~~~~~~~~~~~~~
2025-12-07 14:28:04,273 DeMo.train INFO: Current is the moe feature testing!
2025-12-07 14:28:04,273 DeMo.train INFO: ~~~~~~~~~~~~~~~~~~~~~~~~~~~~~~~~~~~~~~~~~~~~~~~~~~
The test feature is normalized
=> Computing DistMat with euclidean_distance
2025-12-07 14:28:10,130 DeMo.train INFO: Validation Results - Epoch: 3
2025-12-07 14:28:10,130 DeMo.train INFO: mAP: 28.8%
2025-12-07 14:28:10,131 DeMo.train INFO: CMC curve, Rank-1  :30.0%
2025-12-07 14:28:10,131 DeMo.train INFO: CMC curve, Rank-5  :48.6%
2025-12-07 14:28:10,131 DeMo.train INFO: CMC curve, Rank-10 :55.0%
2025-12-07 14:28:10,131 DeMo.train INFO: ~~~~~~~~~~~~~~~~~~~~~~~~~~~~~~~~~~~~~~~~~~~~~~~~~~
2025-12-07 14:28:10,142 DeMo.train INFO: ~~~~~~~~~~~~~~~~~~~~~~~~~~~~~~~~~~~~~~~~~~~~~~~~~~
2025-12-07 14:28:10,142 DeMo.train INFO: Current is the [moe,ori] feature testing!
2025-12-07 14:28:10,142 DeMo.train INFO: ~~~~~~~~~~~~~~~~~~~~~~~~~~~~~~~~~~~~~~~~~~~~~~~~~~
The test feature is normalized
=> Computing DistMat with euclidean_distance
2025-12-07 14:28:15,165 DeMo.train INFO: Validation Results - Epoch: 3
2025-12-07 14:28:15,167 DeMo.train INFO: mAP: 27.4%
2025-12-07 14:28:15,170 DeMo.train INFO: CMC curve, Rank-1  :28.1%
2025-12-07 14:28:15,172 DeMo.train INFO: CMC curve, Rank-5  :45.3%
2025-12-07 14:28:15,172 DeMo.train INFO: CMC curve, Rank-10 :53.7%
2025-12-07 14:28:15,174 DeMo.train INFO: ~~~~~~~~~~~~~~~~~~~~~~~~~~~~~~~~~~~~~~~~~~~~~~~~~~
2025-12-07 14:29:17,734 DeMo.train INFO: ~~~~~~~~~~~~~~~~~~~~~~~~~~~~~~~~~~~~~~~~~~~~~~~~~~
2025-12-07 14:29:17,738 DeMo.train INFO: Best mAP: 27.4%
2025-12-07 14:29:17,738 DeMo.train INFO: Best Rank-1: 28.1%
2025-12-07 14:29:17,738 DeMo.train INFO: Best Rank-5: 45.3%
2025-12-07 14:29:17,738 DeMo.train INFO: Best Rank-10: 53.7%
2025-12-07 14:29:17,738 DeMo.train INFO: ~~~~~~~~~~~~~~~~~~~~~~~~~~~~~~~~~~~~~~~~~~~~~~~~~~
2025-12-07 14:29:22,808 DeMo.train INFO: Epoch[4] Iteration[10/54] Loss: 4.599, Acc: 0.855, Base Lr: 1.42e-04
2025-12-07 14:29:25,436 DeMo.train INFO: Epoch[4] Iteration[20/54] Loss: 4.493, Acc: 0.867, Base Lr: 1.42e-04
2025-12-07 14:29:27,989 DeMo.train INFO: Epoch[4] Iteration[30/54] Loss: 4.388, Acc: 0.847, Base Lr: 1.42e-04
2025-12-07 14:29:30,584 DeMo.train INFO: Epoch[4] Iteration[40/54] Loss: 4.307, Acc: 0.828, Base Lr: 1.42e-04
2025-12-07 14:29:33,152 DeMo.train INFO: Epoch[4] Iteration[50/54] Loss: 4.250, Acc: 0.812, Base Lr: 1.42e-04
2025-12-07 14:29:34,082 DeMo.train INFO: Epoch 4 done. Time per batch: 0.308[s] Speed: 207.5[samples/s]
2025-12-07 14:29:34,084 DeMo.train INFO: ~~~~~~~~~~~~~~~~~~~~~~~~~~~~~~~~~~~~~~~~~~~~~~~~~~
2025-12-07 14:29:34,085 DeMo.train INFO: Current is the ori feature testing!
2025-12-07 14:29:34,085 DeMo.train INFO: ~~~~~~~~~~~~~~~~~~~~~~~~~~~~~~~~~~~~~~~~~~~~~~~~~~
The test feature is normalized
=> Computing DistMat with euclidean_distance
2025-12-07 14:29:43,279 DeMo.train INFO: Validation Results - Epoch: 4
2025-12-07 14:29:43,281 DeMo.train INFO: mAP: 44.9%
2025-12-07 14:29:43,282 DeMo.train INFO: CMC curve, Rank-1  :45.7%
2025-12-07 14:29:43,284 DeMo.train INFO: CMC curve, Rank-5  :59.2%
2025-12-07 14:29:43,285 DeMo.train INFO: CMC curve, Rank-10 :66.7%
2025-12-07 14:29:43,287 DeMo.train INFO: ~~~~~~~~~~~~~~~~~~~~~~~~~~~~~~~~~~~~~~~~~~~~~~~~~~
2025-12-07 14:29:44,247 DeMo.train INFO: ~~~~~~~~~~~~~~~~~~~~~~~~~~~~~~~~~~~~~~~~~~~~~~~~~~
2025-12-07 14:29:44,248 DeMo.train INFO: Current is the moe feature testing!
2025-12-07 14:29:44,250 DeMo.train INFO: ~~~~~~~~~~~~~~~~~~~~~~~~~~~~~~~~~~~~~~~~~~~~~~~~~~
The test feature is normalized
=> Computing DistMat with euclidean_distance
2025-12-07 14:29:54,374 DeMo.train INFO: Validation Results - Epoch: 4
2025-12-07 14:29:54,376 DeMo.train INFO: mAP: 42.2%
2025-12-07 14:29:54,377 DeMo.train INFO: CMC curve, Rank-1  :43.2%
2025-12-07 14:29:54,379 DeMo.train INFO: CMC curve, Rank-5  :57.1%
2025-12-07 14:29:54,380 DeMo.train INFO: CMC curve, Rank-10 :63.9%
2025-12-07 14:29:54,382 DeMo.train INFO: ~~~~~~~~~~~~~~~~~~~~~~~~~~~~~~~~~~~~~~~~~~~~~~~~~~
2025-12-07 14:29:54,386 DeMo.train INFO: ~~~~~~~~~~~~~~~~~~~~~~~~~~~~~~~~~~~~~~~~~~~~~~~~~~
2025-12-07 14:29:54,388 DeMo.train INFO: Current is the [moe,ori] feature testing!
2025-12-07 14:29:54,389 DeMo.train INFO: ~~~~~~~~~~~~~~~~~~~~~~~~~~~~~~~~~~~~~~~~~~~~~~~~~~
The test feature is normalized
=> Computing DistMat with euclidean_distance
2025-12-07 14:30:11,720 DeMo.train INFO: Validation Results - Epoch: 4
2025-12-07 14:30:11,720 DeMo.train INFO: mAP: 45.6%
2025-12-07 14:30:11,720 DeMo.train INFO: CMC curve, Rank-1  :46.5%
2025-12-07 14:30:11,720 DeMo.train INFO: CMC curve, Rank-5  :58.4%
2025-12-07 14:30:11,720 DeMo.train INFO: CMC curve, Rank-10 :67.0%
2025-12-07 14:30:11,720 DeMo.train INFO: ~~~~~~~~~~~~~~~~~~~~~~~~~~~~~~~~~~~~~~~~~~~~~~~~~~
2025-12-07 14:30:52,442 DeMo.train INFO: ~~~~~~~~~~~~~~~~~~~~~~~~~~~~~~~~~~~~~~~~~~~~~~~~~~
2025-12-07 14:30:52,443 DeMo.train INFO: Best mAP: 45.6%
2025-12-07 14:30:52,444 DeMo.train INFO: Best Rank-1: 46.5%
2025-12-07 14:30:52,447 DeMo.train INFO: Best Rank-5: 58.4%
2025-12-07 14:30:52,450 DeMo.train INFO: Best Rank-10: 67.0%
2025-12-07 14:30:52,453 DeMo.train INFO: ~~~~~~~~~~~~~~~~~~~~~~~~~~~~~~~~~~~~~~~~~~~~~~~~~~
2025-12-07 14:31:02,780 DeMo.train INFO: Epoch[5] Iteration[10/54] Loss: 3.271, Acc: 0.903, Base Lr: 1.77e-04
2025-12-07 14:31:08,665 DeMo.train INFO: Epoch[5] Iteration[20/54] Loss: 3.267, Acc: 0.893, Base Lr: 1.77e-04
2025-12-07 14:31:14,512 DeMo.train INFO: Epoch[5] Iteration[30/54] Loss: 3.211, Acc: 0.864, Base Lr: 1.77e-04
2025-12-07 14:31:17,088 DeMo.train INFO: Epoch[5] Iteration[40/54] Loss: 3.126, Acc: 0.865, Base Lr: 1.77e-04
2025-12-07 14:31:22,390 DeMo.train INFO: Epoch[5] Iteration[50/54] Loss: 3.099, Acc: 0.852, Base Lr: 1.77e-04
2025-12-07 14:31:23,315 DeMo.train INFO: Epoch 5 done. Time per batch: 0.582[s] Speed: 109.9[samples/s]
2025-12-07 14:31:23,317 DeMo.train INFO: ~~~~~~~~~~~~~~~~~~~~~~~~~~~~~~~~~~~~~~~~~~~~~~~~~~
2025-12-07 14:31:23,317 DeMo.train INFO: Current is the ori feature testing!
2025-12-07 14:31:23,317 DeMo.train INFO: ~~~~~~~~~~~~~~~~~~~~~~~~~~~~~~~~~~~~~~~~~~~~~~~~~~
The test feature is normalized
=> Computing DistMat with euclidean_distance
2025-12-07 14:31:28,978 DeMo.train INFO: Validation Results - Epoch: 5
2025-12-07 14:31:28,978 DeMo.train INFO: mAP: 50.8%
2025-12-07 14:31:28,978 DeMo.train INFO: CMC curve, Rank-1  :52.0%
2025-12-07 14:31:28,978 DeMo.train INFO: CMC curve, Rank-5  :66.3%
2025-12-07 14:31:28,978 DeMo.train INFO: CMC curve, Rank-10 :72.8%
2025-12-07 14:31:28,978 DeMo.train INFO: ~~~~~~~~~~~~~~~~~~~~~~~~~~~~~~~~~~~~~~~~~~~~~~~~~~
2025-12-07 14:31:29,031 DeMo.train INFO: ~~~~~~~~~~~~~~~~~~~~~~~~~~~~~~~~~~~~~~~~~~~~~~~~~~
2025-12-07 14:31:29,031 DeMo.train INFO: Current is the moe feature testing!
2025-12-07 14:31:29,031 DeMo.train INFO: ~~~~~~~~~~~~~~~~~~~~~~~~~~~~~~~~~~~~~~~~~~~~~~~~~~
The test feature is normalized
=> Computing DistMat with euclidean_distance
2025-12-07 14:31:34,701 DeMo.train INFO: Validation Results - Epoch: 5
2025-12-07 14:31:34,701 DeMo.train INFO: mAP: 49.9%
2025-12-07 14:31:34,701 DeMo.train INFO: CMC curve, Rank-1  :50.7%
2025-12-07 14:31:34,701 DeMo.train INFO: CMC curve, Rank-5  :63.2%
2025-12-07 14:31:34,701 DeMo.train INFO: CMC curve, Rank-10 :72.2%
2025-12-07 14:31:34,701 DeMo.train INFO: ~~~~~~~~~~~~~~~~~~~~~~~~~~~~~~~~~~~~~~~~~~~~~~~~~~
2025-12-07 14:31:34,705 DeMo.train INFO: ~~~~~~~~~~~~~~~~~~~~~~~~~~~~~~~~~~~~~~~~~~~~~~~~~~
2025-12-07 14:31:34,705 DeMo.train INFO: Current is the [moe,ori] feature testing!
2025-12-07 14:31:34,705 DeMo.train INFO: ~~~~~~~~~~~~~~~~~~~~~~~~~~~~~~~~~~~~~~~~~~~~~~~~~~
The test feature is normalized
=> Computing DistMat with euclidean_distance
2025-12-07 14:31:40,007 DeMo.train INFO: Validation Results - Epoch: 5
2025-12-07 14:31:40,007 DeMo.train INFO: mAP: 51.5%
2025-12-07 14:31:40,007 DeMo.train INFO: CMC curve, Rank-1  :52.9%
2025-12-07 14:31:40,007 DeMo.train INFO: CMC curve, Rank-5  :66.0%
2025-12-07 14:31:40,007 DeMo.train INFO: CMC curve, Rank-10 :73.0%
2025-12-07 14:31:40,007 DeMo.train INFO: ~~~~~~~~~~~~~~~~~~~~~~~~~~~~~~~~~~~~~~~~~~~~~~~~~~
2025-12-07 14:32:13,907 DeMo.train INFO: ~~~~~~~~~~~~~~~~~~~~~~~~~~~~~~~~~~~~~~~~~~~~~~~~~~
2025-12-07 14:32:13,910 DeMo.train INFO: Best mAP: 51.5%
2025-12-07 14:32:13,910 DeMo.train INFO: Best Rank-1: 52.9%
2025-12-07 14:32:13,910 DeMo.train INFO: Best Rank-5: 66.0%
2025-12-07 14:32:13,910 DeMo.train INFO: Best Rank-10: 73.0%
2025-12-07 14:32:13,910 DeMo.train INFO: ~~~~~~~~~~~~~~~~~~~~~~~~~~~~~~~~~~~~~~~~~~~~~~~~~~
2025-12-07 14:32:18,897 DeMo.train INFO: Epoch[6] Iteration[10/54] Loss: 2.327, Acc: 0.881, Base Lr: 2.11e-04
2025-12-07 14:32:21,957 DeMo.train INFO: Epoch[6] Iteration[20/54] Loss: 2.217, Acc: 0.911, Base Lr: 2.11e-04
2025-12-07 14:32:24,561 DeMo.train INFO: Epoch[6] Iteration[30/54] Loss: 2.159, Acc: 0.910, Base Lr: 2.11e-04
2025-12-07 14:32:27,200 DeMo.train INFO: Epoch[6] Iteration[40/54] Loss: 2.132, Acc: 0.914, Base Lr: 2.11e-04
2025-12-07 14:32:29,839 DeMo.train INFO: Epoch[6] Iteration[50/54] Loss: 2.120, Acc: 0.912, Base Lr: 2.11e-04
2025-12-07 14:32:30,762 DeMo.train INFO: Epoch 6 done. Time per batch: 0.318[s] Speed: 201.3[samples/s]
2025-12-07 14:32:30,765 DeMo.train INFO: ~~~~~~~~~~~~~~~~~~~~~~~~~~~~~~~~~~~~~~~~~~~~~~~~~~
2025-12-07 14:32:30,765 DeMo.train INFO: Current is the ori feature testing!
2025-12-07 14:32:30,766 DeMo.train INFO: ~~~~~~~~~~~~~~~~~~~~~~~~~~~~~~~~~~~~~~~~~~~~~~~~~~
The test feature is normalized
=> Computing DistMat with euclidean_distance
2025-12-07 14:32:40,185 DeMo.train INFO: Validation Results - Epoch: 6
2025-12-07 14:32:40,185 DeMo.train INFO: mAP: 56.0%
2025-12-07 14:32:40,185 DeMo.train INFO: CMC curve, Rank-1  :55.9%
2025-12-07 14:32:40,185 DeMo.train INFO: CMC curve, Rank-5  :70.0%
2025-12-07 14:32:40,185 DeMo.train INFO: CMC curve, Rank-10 :77.9%
2025-12-07 14:32:40,185 DeMo.train INFO: ~~~~~~~~~~~~~~~~~~~~~~~~~~~~~~~~~~~~~~~~~~~~~~~~~~
2025-12-07 14:32:40,667 DeMo.train INFO: ~~~~~~~~~~~~~~~~~~~~~~~~~~~~~~~~~~~~~~~~~~~~~~~~~~
2025-12-07 14:32:40,667 DeMo.train INFO: Current is the moe feature testing!
2025-12-07 14:32:40,667 DeMo.train INFO: ~~~~~~~~~~~~~~~~~~~~~~~~~~~~~~~~~~~~~~~~~~~~~~~~~~
The test feature is normalized
=> Computing DistMat with euclidean_distance
2025-12-07 14:32:46,193 DeMo.train INFO: Validation Results - Epoch: 6
2025-12-07 14:32:46,195 DeMo.train INFO: mAP: 56.4%
2025-12-07 14:32:46,195 DeMo.train INFO: CMC curve, Rank-1  :56.7%
2025-12-07 14:32:46,196 DeMo.train INFO: CMC curve, Rank-5  :68.5%
2025-12-07 14:32:46,197 DeMo.train INFO: CMC curve, Rank-10 :76.4%
2025-12-07 14:32:46,198 DeMo.train INFO: ~~~~~~~~~~~~~~~~~~~~~~~~~~~~~~~~~~~~~~~~~~~~~~~~~~
2025-12-07 14:32:46,202 DeMo.train INFO: ~~~~~~~~~~~~~~~~~~~~~~~~~~~~~~~~~~~~~~~~~~~~~~~~~~
2025-12-07 14:32:46,203 DeMo.train INFO: Current is the [moe,ori] feature testing!
2025-12-07 14:32:46,203 DeMo.train INFO: ~~~~~~~~~~~~~~~~~~~~~~~~~~~~~~~~~~~~~~~~~~~~~~~~~~
The test feature is normalized
=> Computing DistMat with euclidean_distance
2025-12-07 14:32:55,973 DeMo.train INFO: Validation Results - Epoch: 6
2025-12-07 14:32:55,973 DeMo.train INFO: mAP: 56.8%
2025-12-07 14:32:55,974 DeMo.train INFO: CMC curve, Rank-1  :56.0%
2025-12-07 14:32:55,975 DeMo.train INFO: CMC curve, Rank-5  :70.2%
2025-12-07 14:32:55,975 DeMo.train INFO: CMC curve, Rank-10 :78.1%
2025-12-07 14:32:55,977 DeMo.train INFO: ~~~~~~~~~~~~~~~~~~~~~~~~~~~~~~~~~~~~~~~~~~~~~~~~~~
2025-12-07 14:33:51,296 DeMo.train INFO: ~~~~~~~~~~~~~~~~~~~~~~~~~~~~~~~~~~~~~~~~~~~~~~~~~~
2025-12-07 14:33:51,297 DeMo.train INFO: Best mAP: 56.8%
2025-12-07 14:33:51,298 DeMo.train INFO: Best Rank-1: 56.0%
2025-12-07 14:33:51,299 DeMo.train INFO: Best Rank-5: 70.2%
2025-12-07 14:33:51,300 DeMo.train INFO: Best Rank-10: 78.1%
2025-12-07 14:33:51,300 DeMo.train INFO: ~~~~~~~~~~~~~~~~~~~~~~~~~~~~~~~~~~~~~~~~~~~~~~~~~~
2025-12-07 14:33:56,905 DeMo.train INFO: Epoch[7] Iteration[10/54] Loss: 1.569, Acc: 0.977, Base Lr: 2.46e-04
2025-12-07 14:34:00,215 DeMo.train INFO: Epoch[7] Iteration[20/54] Loss: 1.516, Acc: 0.973, Base Lr: 2.46e-04
2025-12-07 14:34:02,783 DeMo.train INFO: Epoch[7] Iteration[30/54] Loss: 1.514, Acc: 0.964, Base Lr: 2.46e-04
2025-12-07 14:34:05,363 DeMo.train INFO: Epoch[7] Iteration[40/54] Loss: 1.536, Acc: 0.959, Base Lr: 2.46e-04
2025-12-07 14:34:07,936 DeMo.train INFO: Epoch[7] Iteration[50/54] Loss: 1.523, Acc: 0.965, Base Lr: 2.46e-04
2025-12-07 14:34:08,856 DeMo.train INFO: Epoch 7 done. Time per batch: 0.331[s] Speed: 193.2[samples/s]
2025-12-07 14:34:08,858 DeMo.train INFO: ~~~~~~~~~~~~~~~~~~~~~~~~~~~~~~~~~~~~~~~~~~~~~~~~~~
2025-12-07 14:34:08,858 DeMo.train INFO: Current is the ori feature testing!
2025-12-07 14:34:08,859 DeMo.train INFO: ~~~~~~~~~~~~~~~~~~~~~~~~~~~~~~~~~~~~~~~~~~~~~~~~~~
The test feature is normalized
=> Computing DistMat with euclidean_distance
2025-12-07 14:34:17,802 DeMo.train INFO: Validation Results - Epoch: 7
2025-12-07 14:34:17,805 DeMo.train INFO: mAP: 55.2%
2025-12-07 14:34:17,806 DeMo.train INFO: CMC curve, Rank-1  :53.9%
2025-12-07 14:34:17,807 DeMo.train INFO: CMC curve, Rank-5  :68.8%
2025-12-07 14:34:17,809 DeMo.train INFO: CMC curve, Rank-10 :77.9%
2025-12-07 14:34:17,810 DeMo.train INFO: ~~~~~~~~~~~~~~~~~~~~~~~~~~~~~~~~~~~~~~~~~~~~~~~~~~
2025-12-07 14:34:18,383 DeMo.train INFO: ~~~~~~~~~~~~~~~~~~~~~~~~~~~~~~~~~~~~~~~~~~~~~~~~~~
2025-12-07 14:34:18,386 DeMo.train INFO: Current is the moe feature testing!
2025-12-07 14:34:18,387 DeMo.train INFO: ~~~~~~~~~~~~~~~~~~~~~~~~~~~~~~~~~~~~~~~~~~~~~~~~~~
The test feature is normalized
=> Computing DistMat with euclidean_distance
2025-12-07 14:34:36,202 DeMo.train INFO: Validation Results - Epoch: 7
2025-12-07 14:34:36,202 DeMo.train INFO: mAP: 59.4%
2025-12-07 14:34:36,202 DeMo.train INFO: CMC curve, Rank-1  :59.0%
2025-12-07 14:34:36,202 DeMo.train INFO: CMC curve, Rank-5  :70.7%
2025-12-07 14:34:36,202 DeMo.train INFO: CMC curve, Rank-10 :79.2%
2025-12-07 14:34:36,203 DeMo.train INFO: ~~~~~~~~~~~~~~~~~~~~~~~~~~~~~~~~~~~~~~~~~~~~~~~~~~
2025-12-07 14:34:37,023 DeMo.train INFO: ~~~~~~~~~~~~~~~~~~~~~~~~~~~~~~~~~~~~~~~~~~~~~~~~~~
2025-12-07 14:34:37,023 DeMo.train INFO: Current is the [moe,ori] feature testing!
2025-12-07 14:34:37,023 DeMo.train INFO: ~~~~~~~~~~~~~~~~~~~~~~~~~~~~~~~~~~~~~~~~~~~~~~~~~~
The test feature is normalized
=> Computing DistMat with euclidean_distance
2025-12-07 14:34:43,001 DeMo.train INFO: Validation Results - Epoch: 7
2025-12-07 14:34:43,002 DeMo.train INFO: mAP: 56.7%
2025-12-07 14:34:43,002 DeMo.train INFO: CMC curve, Rank-1  :54.5%
2025-12-07 14:34:43,002 DeMo.train INFO: CMC curve, Rank-5  :69.4%
2025-12-07 14:34:43,002 DeMo.train INFO: CMC curve, Rank-10 :78.3%
2025-12-07 14:34:43,002 DeMo.train INFO: ~~~~~~~~~~~~~~~~~~~~~~~~~~~~~~~~~~~~~~~~~~~~~~~~~~
2025-12-07 14:34:43,005 DeMo.train INFO: ~~~~~~~~~~~~~~~~~~~~~~~~~~~~~~~~~~~~~~~~~~~~~~~~~~
2025-12-07 14:34:43,005 DeMo.train INFO: Best mAP: 56.8%
2025-12-07 14:34:43,005 DeMo.train INFO: Best Rank-1: 56.0%
2025-12-07 14:34:43,005 DeMo.train INFO: Best Rank-5: 70.2%
2025-12-07 14:34:43,005 DeMo.train INFO: Best Rank-10: 78.1%
2025-12-07 14:34:43,005 DeMo.train INFO: ~~~~~~~~~~~~~~~~~~~~~~~~~~~~~~~~~~~~~~~~~~~~~~~~~~
2025-12-07 14:34:50,258 DeMo.train INFO: Epoch[8] Iteration[10/54] Loss: 1.353, Acc: 0.989, Base Lr: 2.81e-04
2025-12-07 14:34:52,924 DeMo.train INFO: Epoch[8] Iteration[20/54] Loss: 1.370, Acc: 0.988, Base Lr: 2.81e-04
2025-12-07 14:34:55,552 DeMo.train INFO: Epoch[8] Iteration[30/54] Loss: 1.338, Acc: 0.986, Base Lr: 2.81e-04
2025-12-07 14:34:58,166 DeMo.train INFO: Epoch[8] Iteration[40/54] Loss: 1.292, Acc: 0.987, Base Lr: 2.81e-04
2025-12-07 14:35:00,771 DeMo.train INFO: Epoch[8] Iteration[50/54] Loss: 1.271, Acc: 0.988, Base Lr: 2.81e-04
2025-12-07 14:35:01,737 DeMo.train INFO: Epoch 8 done. Time per batch: 0.353[s] Speed: 181.1[samples/s]
2025-12-07 14:35:01,738 DeMo.train INFO: ~~~~~~~~~~~~~~~~~~~~~~~~~~~~~~~~~~~~~~~~~~~~~~~~~~
2025-12-07 14:35:01,738 DeMo.train INFO: Current is the ori feature testing!
2025-12-07 14:35:01,738 DeMo.train INFO: ~~~~~~~~~~~~~~~~~~~~~~~~~~~~~~~~~~~~~~~~~~~~~~~~~~
The test feature is normalized
=> Computing DistMat with euclidean_distance
2025-12-07 14:35:07,258 DeMo.train INFO: Validation Results - Epoch: 8
2025-12-07 14:35:07,258 DeMo.train INFO: mAP: 55.1%
2025-12-07 14:35:07,258 DeMo.train INFO: CMC curve, Rank-1  :56.2%
2025-12-07 14:35:07,259 DeMo.train INFO: CMC curve, Rank-5  :70.6%
2025-12-07 14:35:07,259 DeMo.train INFO: CMC curve, Rank-10 :78.1%
2025-12-07 14:35:07,259 DeMo.train INFO: ~~~~~~~~~~~~~~~~~~~~~~~~~~~~~~~~~~~~~~~~~~~~~~~~~~
2025-12-07 14:35:07,311 DeMo.train INFO: ~~~~~~~~~~~~~~~~~~~~~~~~~~~~~~~~~~~~~~~~~~~~~~~~~~
2025-12-07 14:35:07,312 DeMo.train INFO: Current is the moe feature testing!
2025-12-07 14:35:07,312 DeMo.train INFO: ~~~~~~~~~~~~~~~~~~~~~~~~~~~~~~~~~~~~~~~~~~~~~~~~~~
The test feature is normalized
=> Computing DistMat with euclidean_distance
2025-12-07 14:35:12,502 DeMo.train INFO: Validation Results - Epoch: 8
2025-12-07 14:35:12,502 DeMo.train INFO: mAP: 60.0%
2025-12-07 14:35:12,503 DeMo.train INFO: CMC curve, Rank-1  :59.9%
2025-12-07 14:35:12,503 DeMo.train INFO: CMC curve, Rank-5  :72.2%
2025-12-07 14:35:12,503 DeMo.train INFO: CMC curve, Rank-10 :81.1%
2025-12-07 14:35:12,503 DeMo.train INFO: ~~~~~~~~~~~~~~~~~~~~~~~~~~~~~~~~~~~~~~~~~~~~~~~~~~
2025-12-07 14:35:12,506 DeMo.train INFO: ~~~~~~~~~~~~~~~~~~~~~~~~~~~~~~~~~~~~~~~~~~~~~~~~~~
2025-12-07 14:35:12,506 DeMo.train INFO: Current is the [moe,ori] feature testing!
2025-12-07 14:35:12,506 DeMo.train INFO: ~~~~~~~~~~~~~~~~~~~~~~~~~~~~~~~~~~~~~~~~~~~~~~~~~~
The test feature is normalized
=> Computing DistMat with euclidean_distance
2025-12-07 14:35:17,795 DeMo.train INFO: Validation Results - Epoch: 8
2025-12-07 14:35:17,795 DeMo.train INFO: mAP: 57.1%
2025-12-07 14:35:17,795 DeMo.train INFO: CMC curve, Rank-1  :58.0%
2025-12-07 14:35:17,795 DeMo.train INFO: CMC curve, Rank-5  :71.1%
2025-12-07 14:35:17,795 DeMo.train INFO: CMC curve, Rank-10 :79.1%
2025-12-07 14:35:17,795 DeMo.train INFO: ~~~~~~~~~~~~~~~~~~~~~~~~~~~~~~~~~~~~~~~~~~~~~~~~~~
2025-12-07 14:35:36,149 DeMo.train INFO: ~~~~~~~~~~~~~~~~~~~~~~~~~~~~~~~~~~~~~~~~~~~~~~~~~~
2025-12-07 14:35:36,152 DeMo.train INFO: Best mAP: 57.1%
2025-12-07 14:35:36,152 DeMo.train INFO: Best Rank-1: 58.0%
2025-12-07 14:35:36,152 DeMo.train INFO: Best Rank-5: 71.1%
2025-12-07 14:35:36,152 DeMo.train INFO: Best Rank-10: 79.1%
2025-12-07 14:35:36,152 DeMo.train INFO: ~~~~~~~~~~~~~~~~~~~~~~~~~~~~~~~~~~~~~~~~~~~~~~~~~~
2025-12-07 14:35:40,568 DeMo.train INFO: Epoch[9] Iteration[10/54] Loss: 1.019, Acc: 1.000, Base Lr: 3.15e-04
2025-12-07 14:35:43,200 DeMo.train INFO: Epoch[9] Iteration[20/54] Loss: 1.014, Acc: 0.999, Base Lr: 3.15e-04
2025-12-07 14:35:45,895 DeMo.train INFO: Epoch[9] Iteration[30/54] Loss: 0.999, Acc: 0.999, Base Lr: 3.15e-04
2025-12-07 14:35:48,505 DeMo.train INFO: Epoch[9] Iteration[40/54] Loss: 1.012, Acc: 0.993, Base Lr: 3.15e-04
2025-12-07 14:35:51,111 DeMo.train INFO: Epoch[9] Iteration[50/54] Loss: 1.014, Acc: 0.993, Base Lr: 3.15e-04
2025-12-07 14:35:52,014 DeMo.train INFO: Epoch 9 done. Time per batch: 0.299[s] Speed: 213.8[samples/s]
2025-12-07 14:35:52,019 DeMo.train INFO: ~~~~~~~~~~~~~~~~~~~~~~~~~~~~~~~~~~~~~~~~~~~~~~~~~~
2025-12-07 14:35:52,020 DeMo.train INFO: Current is the ori feature testing!
2025-12-07 14:35:52,021 DeMo.train INFO: ~~~~~~~~~~~~~~~~~~~~~~~~~~~~~~~~~~~~~~~~~~~~~~~~~~
The test feature is normalized
=> Computing DistMat with euclidean_distance
2025-12-07 14:36:01,278 DeMo.train INFO: Validation Results - Epoch: 9
2025-12-07 14:36:01,280 DeMo.train INFO: mAP: 58.1%
2025-12-07 14:36:01,282 DeMo.train INFO: CMC curve, Rank-1  :58.1%
2025-12-07 14:36:01,283 DeMo.train INFO: CMC curve, Rank-5  :71.1%
2025-12-07 14:36:01,285 DeMo.train INFO: CMC curve, Rank-10 :77.6%
2025-12-07 14:36:01,285 DeMo.train INFO: ~~~~~~~~~~~~~~~~~~~~~~~~~~~~~~~~~~~~~~~~~~~~~~~~~~
2025-12-07 14:36:02,243 DeMo.train INFO: ~~~~~~~~~~~~~~~~~~~~~~~~~~~~~~~~~~~~~~~~~~~~~~~~~~
2025-12-07 14:36:02,244 DeMo.train INFO: Current is the moe feature testing!
2025-12-07 14:36:02,245 DeMo.train INFO: ~~~~~~~~~~~~~~~~~~~~~~~~~~~~~~~~~~~~~~~~~~~~~~~~~~
The test feature is normalized
=> Computing DistMat with euclidean_distance
2025-12-07 14:36:14,778 DeMo.train INFO: Validation Results - Epoch: 9
2025-12-07 14:36:14,780 DeMo.train INFO: mAP: 61.7%
2025-12-07 14:36:14,782 DeMo.train INFO: CMC curve, Rank-1  :60.6%
2025-12-07 14:36:14,783 DeMo.train INFO: CMC curve, Rank-5  :74.3%
2025-12-07 14:36:14,785 DeMo.train INFO: CMC curve, Rank-10 :82.8%
2025-12-07 14:36:14,785 DeMo.train INFO: ~~~~~~~~~~~~~~~~~~~~~~~~~~~~~~~~~~~~~~~~~~~~~~~~~~
2025-12-07 14:36:14,790 DeMo.train INFO: ~~~~~~~~~~~~~~~~~~~~~~~~~~~~~~~~~~~~~~~~~~~~~~~~~~
2025-12-07 14:36:14,791 DeMo.train INFO: Current is the [moe,ori] feature testing!
2025-12-07 14:36:14,793 DeMo.train INFO: ~~~~~~~~~~~~~~~~~~~~~~~~~~~~~~~~~~~~~~~~~~~~~~~~~~
The test feature is normalized
=> Computing DistMat with euclidean_distance
2025-12-07 14:36:26,841 DeMo.train INFO: Validation Results - Epoch: 9
2025-12-07 14:36:26,841 DeMo.train INFO: mAP: 59.8%
2025-12-07 14:36:26,842 DeMo.train INFO: CMC curve, Rank-1  :59.2%
2025-12-07 14:36:26,842 DeMo.train INFO: CMC curve, Rank-5  :72.1%
2025-12-07 14:36:26,842 DeMo.train INFO: CMC curve, Rank-10 :79.2%
2025-12-07 14:36:26,842 DeMo.train INFO: ~~~~~~~~~~~~~~~~~~~~~~~~~~~~~~~~~~~~~~~~~~~~~~~~~~
2025-12-07 14:36:45,062 DeMo.train INFO: ~~~~~~~~~~~~~~~~~~~~~~~~~~~~~~~~~~~~~~~~~~~~~~~~~~
2025-12-07 14:36:45,063 DeMo.train INFO: Best mAP: 59.8%
2025-12-07 14:36:45,063 DeMo.train INFO: Best Rank-1: 59.2%
2025-12-07 14:36:45,063 DeMo.train INFO: Best Rank-5: 72.1%
2025-12-07 14:36:45,063 DeMo.train INFO: Best Rank-10: 79.2%
2025-12-07 14:36:45,063 DeMo.train INFO: ~~~~~~~~~~~~~~~~~~~~~~~~~~~~~~~~~~~~~~~~~~~~~~~~~~
2025-12-07 14:36:50,629 DeMo.train INFO: Epoch[10] Iteration[10/54] Loss: 0.898, Acc: 1.000, Base Lr: 3.50e-04
2025-12-07 14:36:53,424 DeMo.train INFO: Epoch[10] Iteration[20/54] Loss: 0.870, Acc: 1.000, Base Lr: 3.50e-04
2025-12-07 14:36:56,023 DeMo.train INFO: Epoch[10] Iteration[30/54] Loss: 0.891, Acc: 0.994, Base Lr: 3.50e-04
2025-12-07 14:36:58,661 DeMo.train INFO: Epoch[10] Iteration[40/54] Loss: 0.923, Acc: 0.995, Base Lr: 3.50e-04
2025-12-07 14:37:01,249 DeMo.train INFO: Epoch[10] Iteration[50/54] Loss: 0.937, Acc: 0.995, Base Lr: 3.50e-04
2025-12-07 14:37:02,196 DeMo.train INFO: Epoch 10 done. Time per batch: 0.323[s] Speed: 198.0[samples/s]
2025-12-07 14:37:02,197 DeMo.train INFO: ~~~~~~~~~~~~~~~~~~~~~~~~~~~~~~~~~~~~~~~~~~~~~~~~~~
2025-12-07 14:37:02,198 DeMo.train INFO: Current is the ori feature testing!
2025-12-07 14:37:02,198 DeMo.train INFO: ~~~~~~~~~~~~~~~~~~~~~~~~~~~~~~~~~~~~~~~~~~~~~~~~~~
The test feature is normalized
=> Computing DistMat with euclidean_distance
2025-12-07 14:37:08,620 DeMo.train INFO: Validation Results - Epoch: 10
2025-12-07 14:37:08,620 DeMo.train INFO: mAP: 64.6%
2025-12-07 14:37:08,620 DeMo.train INFO: CMC curve, Rank-1  :67.5%
2025-12-07 14:37:08,620 DeMo.train INFO: CMC curve, Rank-5  :79.2%
2025-12-07 14:37:08,620 DeMo.train INFO: CMC curve, Rank-10 :84.8%
2025-12-07 14:37:08,620 DeMo.train INFO: ~~~~~~~~~~~~~~~~~~~~~~~~~~~~~~~~~~~~~~~~~~~~~~~~~~
2025-12-07 14:37:09,881 DeMo.train INFO: ~~~~~~~~~~~~~~~~~~~~~~~~~~~~~~~~~~~~~~~~~~~~~~~~~~
2025-12-07 14:37:09,881 DeMo.train INFO: Current is the moe feature testing!
2025-12-07 14:37:09,881 DeMo.train INFO: ~~~~~~~~~~~~~~~~~~~~~~~~~~~~~~~~~~~~~~~~~~~~~~~~~~
The test feature is normalized
=> Computing DistMat with euclidean_distance
2025-12-07 14:37:15,460 DeMo.train INFO: Validation Results - Epoch: 10
2025-12-07 14:37:15,462 DeMo.train INFO: mAP: 67.9%
2025-12-07 14:37:15,463 DeMo.train INFO: CMC curve, Rank-1  :67.8%
2025-12-07 14:37:15,463 DeMo.train INFO: CMC curve, Rank-5  :81.0%
2025-12-07 14:37:15,465 DeMo.train INFO: CMC curve, Rank-10 :86.7%
2025-12-07 14:37:15,466 DeMo.train INFO: ~~~~~~~~~~~~~~~~~~~~~~~~~~~~~~~~~~~~~~~~~~~~~~~~~~
2025-12-07 14:37:15,469 DeMo.train INFO: ~~~~~~~~~~~~~~~~~~~~~~~~~~~~~~~~~~~~~~~~~~~~~~~~~~
2025-12-07 14:37:15,470 DeMo.train INFO: Current is the [moe,ori] feature testing!
2025-12-07 14:37:15,471 DeMo.train INFO: ~~~~~~~~~~~~~~~~~~~~~~~~~~~~~~~~~~~~~~~~~~~~~~~~~~
The test feature is normalized
=> Computing DistMat with euclidean_distance
2025-12-07 14:37:25,314 DeMo.train INFO: Validation Results - Epoch: 10
2025-12-07 14:37:25,316 DeMo.train INFO: mAP: 66.5%
2025-12-07 14:37:25,317 DeMo.train INFO: CMC curve, Rank-1  :68.8%
2025-12-07 14:37:25,317 DeMo.train INFO: CMC curve, Rank-5  :80.1%
2025-12-07 14:37:25,317 DeMo.train INFO: CMC curve, Rank-10 :86.2%
2025-12-07 14:37:25,318 DeMo.train INFO: ~~~~~~~~~~~~~~~~~~~~~~~~~~~~~~~~~~~~~~~~~~~~~~~~~~
2025-12-07 14:38:00,359 DeMo.train INFO: ~~~~~~~~~~~~~~~~~~~~~~~~~~~~~~~~~~~~~~~~~~~~~~~~~~
2025-12-07 14:38:00,360 DeMo.train INFO: Best mAP: 66.5%
2025-12-07 14:38:00,361 DeMo.train INFO: Best Rank-1: 68.8%
2025-12-07 14:38:00,362 DeMo.train INFO: Best Rank-5: 80.1%
2025-12-07 14:38:00,363 DeMo.train INFO: Best Rank-10: 86.2%
2025-12-07 14:38:00,364 DeMo.train INFO: ~~~~~~~~~~~~~~~~~~~~~~~~~~~~~~~~~~~~~~~~~~~~~~~~~~
2025-12-07 14:38:07,159 DeMo.train INFO: Epoch[11] Iteration[10/54] Loss: 0.922, Acc: 0.994, Base Lr: 3.50e-04
2025-12-07 14:38:09,821 DeMo.train INFO: Epoch[11] Iteration[20/54] Loss: 0.935, Acc: 0.994, Base Lr: 3.50e-04
2025-12-07 14:38:12,447 DeMo.train INFO: Epoch[11] Iteration[30/54] Loss: 0.905, Acc: 0.996, Base Lr: 3.50e-04
2025-12-07 14:38:15,093 DeMo.train INFO: Epoch[11] Iteration[40/54] Loss: 0.903, Acc: 0.996, Base Lr: 3.50e-04
2025-12-07 14:38:17,735 DeMo.train INFO: Epoch[11] Iteration[50/54] Loss: 0.914, Acc: 0.997, Base Lr: 3.50e-04
2025-12-07 14:38:18,637 DeMo.train INFO: Epoch 11 done. Time per batch: 0.345[s] Speed: 185.6[samples/s]
2025-12-07 14:38:18,642 DeMo.train INFO: ~~~~~~~~~~~~~~~~~~~~~~~~~~~~~~~~~~~~~~~~~~~~~~~~~~
2025-12-07 14:38:18,642 DeMo.train INFO: Current is the ori feature testing!
2025-12-07 14:38:18,643 DeMo.train INFO: ~~~~~~~~~~~~~~~~~~~~~~~~~~~~~~~~~~~~~~~~~~~~~~~~~~
The test feature is normalized
=> Computing DistMat with euclidean_distance
2025-12-07 14:38:27,745 DeMo.train INFO: Validation Results - Epoch: 11
2025-12-07 14:38:27,746 DeMo.train INFO: mAP: 60.6%
2025-12-07 14:38:27,746 DeMo.train INFO: CMC curve, Rank-1  :63.5%
2025-12-07 14:38:27,746 DeMo.train INFO: CMC curve, Rank-5  :75.1%
2025-12-07 14:38:27,746 DeMo.train INFO: CMC curve, Rank-10 :82.5%
2025-12-07 14:38:27,746 DeMo.train INFO: ~~~~~~~~~~~~~~~~~~~~~~~~~~~~~~~~~~~~~~~~~~~~~~~~~~
2025-12-07 14:38:28,429 DeMo.train INFO: ~~~~~~~~~~~~~~~~~~~~~~~~~~~~~~~~~~~~~~~~~~~~~~~~~~
2025-12-07 14:38:28,430 DeMo.train INFO: Current is the moe feature testing!
2025-12-07 14:38:28,430 DeMo.train INFO: ~~~~~~~~~~~~~~~~~~~~~~~~~~~~~~~~~~~~~~~~~~~~~~~~~~
The test feature is normalized
=> Computing DistMat with euclidean_distance
2025-12-07 14:38:34,285 DeMo.train INFO: Validation Results - Epoch: 11
2025-12-07 14:38:34,285 DeMo.train INFO: mAP: 61.2%
2025-12-07 14:38:34,285 DeMo.train INFO: CMC curve, Rank-1  :60.2%
2025-12-07 14:38:34,285 DeMo.train INFO: CMC curve, Rank-5  :75.5%
2025-12-07 14:38:34,285 DeMo.train INFO: CMC curve, Rank-10 :84.7%
2025-12-07 14:38:34,285 DeMo.train INFO: ~~~~~~~~~~~~~~~~~~~~~~~~~~~~~~~~~~~~~~~~~~~~~~~~~~
2025-12-07 14:38:34,289 DeMo.train INFO: ~~~~~~~~~~~~~~~~~~~~~~~~~~~~~~~~~~~~~~~~~~~~~~~~~~
2025-12-07 14:38:34,289 DeMo.train INFO: Current is the [moe,ori] feature testing!
2025-12-07 14:38:34,289 DeMo.train INFO: ~~~~~~~~~~~~~~~~~~~~~~~~~~~~~~~~~~~~~~~~~~~~~~~~~~
The test feature is normalized
=> Computing DistMat with euclidean_distance
2025-12-07 14:38:39,375 DeMo.train INFO: Validation Results - Epoch: 11
2025-12-07 14:38:39,375 DeMo.train INFO: mAP: 62.3%
2025-12-07 14:38:39,375 DeMo.train INFO: CMC curve, Rank-1  :63.4%
2025-12-07 14:38:39,375 DeMo.train INFO: CMC curve, Rank-5  :76.4%
2025-12-07 14:38:39,375 DeMo.train INFO: CMC curve, Rank-10 :82.9%
2025-12-07 14:38:39,375 DeMo.train INFO: ~~~~~~~~~~~~~~~~~~~~~~~~~~~~~~~~~~~~~~~~~~~~~~~~~~
2025-12-07 14:38:39,382 DeMo.train INFO: ~~~~~~~~~~~~~~~~~~~~~~~~~~~~~~~~~~~~~~~~~~~~~~~~~~
2025-12-07 14:38:39,382 DeMo.train INFO: Best mAP: 66.5%
2025-12-07 14:38:39,382 DeMo.train INFO: Best Rank-1: 68.8%
2025-12-07 14:38:39,382 DeMo.train INFO: Best Rank-5: 80.1%
2025-12-07 14:38:39,382 DeMo.train INFO: Best Rank-10: 86.2%
2025-12-07 14:38:39,382 DeMo.train INFO: ~~~~~~~~~~~~~~~~~~~~~~~~~~~~~~~~~~~~~~~~~~~~~~~~~~
2025-12-07 14:38:43,667 DeMo.train INFO: Epoch[12] Iteration[10/54] Loss: 0.818, Acc: 1.000, Base Lr: 3.50e-04
2025-12-07 14:38:46,451 DeMo.train INFO: Epoch[12] Iteration[20/54] Loss: 0.820, Acc: 0.999, Base Lr: 3.50e-04
2025-12-07 14:38:49,048 DeMo.train INFO: Epoch[12] Iteration[30/54] Loss: 0.809, Acc: 0.999, Base Lr: 3.50e-04
2025-12-07 14:38:51,646 DeMo.train INFO: Epoch[12] Iteration[40/54] Loss: 0.822, Acc: 0.999, Base Lr: 3.50e-04
2025-12-07 14:38:54,362 DeMo.train INFO: Epoch[12] Iteration[50/54] Loss: 0.823, Acc: 0.999, Base Lr: 3.50e-04
2025-12-07 14:38:55,286 DeMo.train INFO: Epoch 12 done. Time per batch: 0.300[s] Speed: 213.3[samples/s]
2025-12-07 14:38:55,287 DeMo.train INFO: ~~~~~~~~~~~~~~~~~~~~~~~~~~~~~~~~~~~~~~~~~~~~~~~~~~
2025-12-07 14:38:55,287 DeMo.train INFO: Current is the ori feature testing!
2025-12-07 14:38:55,287 DeMo.train INFO: ~~~~~~~~~~~~~~~~~~~~~~~~~~~~~~~~~~~~~~~~~~~~~~~~~~
The test feature is normalized
=> Computing DistMat with euclidean_distance
2025-12-07 14:39:00,217 DeMo.train INFO: Validation Results - Epoch: 12
2025-12-07 14:39:00,218 DeMo.train INFO: mAP: 60.9%
2025-12-07 14:39:00,218 DeMo.train INFO: CMC curve, Rank-1  :63.8%
2025-12-07 14:39:00,224 DeMo.train INFO: CMC curve, Rank-5  :76.8%
2025-12-07 14:39:00,225 DeMo.train INFO: CMC curve, Rank-10 :84.3%
2025-12-07 14:39:00,225 DeMo.train INFO: ~~~~~~~~~~~~~~~~~~~~~~~~~~~~~~~~~~~~~~~~~~~~~~~~~~
2025-12-07 14:39:00,764 DeMo.train INFO: ~~~~~~~~~~~~~~~~~~~~~~~~~~~~~~~~~~~~~~~~~~~~~~~~~~
2025-12-07 14:39:00,764 DeMo.train INFO: Current is the moe feature testing!
2025-12-07 14:39:00,764 DeMo.train INFO: ~~~~~~~~~~~~~~~~~~~~~~~~~~~~~~~~~~~~~~~~~~~~~~~~~~
The test feature is normalized
=> Computing DistMat with euclidean_distance
2025-12-07 14:39:06,436 DeMo.train INFO: Validation Results - Epoch: 12
2025-12-07 14:39:06,436 DeMo.train INFO: mAP: 63.0%
2025-12-07 14:39:06,437 DeMo.train INFO: CMC curve, Rank-1  :62.2%
2025-12-07 14:39:06,437 DeMo.train INFO: CMC curve, Rank-5  :76.2%
2025-12-07 14:39:06,437 DeMo.train INFO: CMC curve, Rank-10 :83.9%
2025-12-07 14:39:06,437 DeMo.train INFO: ~~~~~~~~~~~~~~~~~~~~~~~~~~~~~~~~~~~~~~~~~~~~~~~~~~
2025-12-07 14:39:06,440 DeMo.train INFO: ~~~~~~~~~~~~~~~~~~~~~~~~~~~~~~~~~~~~~~~~~~~~~~~~~~
2025-12-07 14:39:06,440 DeMo.train INFO: Current is the [moe,ori] feature testing!
2025-12-07 14:39:06,440 DeMo.train INFO: ~~~~~~~~~~~~~~~~~~~~~~~~~~~~~~~~~~~~~~~~~~~~~~~~~~
The test feature is normalized
=> Computing DistMat with euclidean_distance
2025-12-07 14:39:11,532 DeMo.train INFO: Validation Results - Epoch: 12
2025-12-07 14:39:11,532 DeMo.train INFO: mAP: 62.3%
2025-12-07 14:39:11,532 DeMo.train INFO: CMC curve, Rank-1  :63.4%
2025-12-07 14:39:11,532 DeMo.train INFO: CMC curve, Rank-5  :77.8%
2025-12-07 14:39:11,533 DeMo.train INFO: CMC curve, Rank-10 :84.8%
2025-12-07 14:39:11,533 DeMo.train INFO: ~~~~~~~~~~~~~~~~~~~~~~~~~~~~~~~~~~~~~~~~~~~~~~~~~~
2025-12-07 14:39:11,535 DeMo.train INFO: ~~~~~~~~~~~~~~~~~~~~~~~~~~~~~~~~~~~~~~~~~~~~~~~~~~
2025-12-07 14:39:11,535 DeMo.train INFO: Best mAP: 66.5%
2025-12-07 14:39:11,535 DeMo.train INFO: Best Rank-1: 68.8%
2025-12-07 14:39:11,535 DeMo.train INFO: Best Rank-5: 80.1%
2025-12-07 14:39:11,535 DeMo.train INFO: Best Rank-10: 86.2%
2025-12-07 14:39:11,535 DeMo.train INFO: ~~~~~~~~~~~~~~~~~~~~~~~~~~~~~~~~~~~~~~~~~~~~~~~~~~
2025-12-07 14:39:15,941 DeMo.train INFO: Epoch[13] Iteration[10/54] Loss: 0.788, Acc: 1.000, Base Lr: 3.50e-04
2025-12-07 14:39:18,547 DeMo.train INFO: Epoch[13] Iteration[20/54] Loss: 0.805, Acc: 0.999, Base Lr: 3.50e-04
2025-12-07 14:39:21,151 DeMo.train INFO: Epoch[13] Iteration[30/54] Loss: 0.816, Acc: 0.999, Base Lr: 3.50e-04
2025-12-07 14:39:23,860 DeMo.train INFO: Epoch[13] Iteration[40/54] Loss: 0.811, Acc: 0.999, Base Lr: 3.50e-04
2025-12-07 14:39:26,486 DeMo.train INFO: Epoch[13] Iteration[50/54] Loss: 0.802, Acc: 0.999, Base Lr: 3.50e-04
2025-12-07 14:39:27,408 DeMo.train INFO: Epoch 13 done. Time per batch: 0.299[s] Speed: 213.7[samples/s]
2025-12-07 14:39:27,409 DeMo.train INFO: ~~~~~~~~~~~~~~~~~~~~~~~~~~~~~~~~~~~~~~~~~~~~~~~~~~
2025-12-07 14:39:27,410 DeMo.train INFO: Current is the ori feature testing!
2025-12-07 14:39:27,410 DeMo.train INFO: ~~~~~~~~~~~~~~~~~~~~~~~~~~~~~~~~~~~~~~~~~~~~~~~~~~
The test feature is normalized
=> Computing DistMat with euclidean_distance
2025-12-07 14:39:32,536 DeMo.train INFO: Validation Results - Epoch: 13
2025-12-07 14:39:32,536 DeMo.train INFO: mAP: 63.2%
2025-12-07 14:39:32,536 DeMo.train INFO: CMC curve, Rank-1  :64.0%
2025-12-07 14:39:32,537 DeMo.train INFO: CMC curve, Rank-5  :77.4%
2025-12-07 14:39:32,537 DeMo.train INFO: CMC curve, Rank-10 :83.7%
2025-12-07 14:39:32,537 DeMo.train INFO: ~~~~~~~~~~~~~~~~~~~~~~~~~~~~~~~~~~~~~~~~~~~~~~~~~~
2025-12-07 14:39:33,294 DeMo.train INFO: ~~~~~~~~~~~~~~~~~~~~~~~~~~~~~~~~~~~~~~~~~~~~~~~~~~
2025-12-07 14:39:33,294 DeMo.train INFO: Current is the moe feature testing!
2025-12-07 14:39:33,295 DeMo.train INFO: ~~~~~~~~~~~~~~~~~~~~~~~~~~~~~~~~~~~~~~~~~~~~~~~~~~
The test feature is normalized
=> Computing DistMat with euclidean_distance
2025-12-07 14:39:39,097 DeMo.train INFO: Validation Results - Epoch: 13
2025-12-07 14:39:39,097 DeMo.train INFO: mAP: 63.6%
2025-12-07 14:39:39,097 DeMo.train INFO: CMC curve, Rank-1  :63.9%
2025-12-07 14:39:39,098 DeMo.train INFO: CMC curve, Rank-5  :77.5%
2025-12-07 14:39:39,098 DeMo.train INFO: CMC curve, Rank-10 :84.4%
2025-12-07 14:39:39,098 DeMo.train INFO: ~~~~~~~~~~~~~~~~~~~~~~~~~~~~~~~~~~~~~~~~~~~~~~~~~~
2025-12-07 14:39:39,102 DeMo.train INFO: ~~~~~~~~~~~~~~~~~~~~~~~~~~~~~~~~~~~~~~~~~~~~~~~~~~
2025-12-07 14:39:39,102 DeMo.train INFO: Current is the [moe,ori] feature testing!
2025-12-07 14:39:39,102 DeMo.train INFO: ~~~~~~~~~~~~~~~~~~~~~~~~~~~~~~~~~~~~~~~~~~~~~~~~~~
The test feature is normalized
=> Computing DistMat with euclidean_distance
2025-12-07 14:39:44,098 DeMo.train INFO: Validation Results - Epoch: 13
2025-12-07 14:39:44,098 DeMo.train INFO: mAP: 64.3%
2025-12-07 14:39:44,098 DeMo.train INFO: CMC curve, Rank-1  :63.8%
2025-12-07 14:39:44,098 DeMo.train INFO: CMC curve, Rank-5  :78.1%
2025-12-07 14:39:44,098 DeMo.train INFO: CMC curve, Rank-10 :84.8%
2025-12-07 14:39:44,098 DeMo.train INFO: ~~~~~~~~~~~~~~~~~~~~~~~~~~~~~~~~~~~~~~~~~~~~~~~~~~
2025-12-07 14:39:44,104 DeMo.train INFO: ~~~~~~~~~~~~~~~~~~~~~~~~~~~~~~~~~~~~~~~~~~~~~~~~~~
2025-12-07 14:39:44,104 DeMo.train INFO: Best mAP: 66.5%
2025-12-07 14:39:44,104 DeMo.train INFO: Best Rank-1: 68.8%
2025-12-07 14:39:44,104 DeMo.train INFO: Best Rank-5: 80.1%
2025-12-07 14:39:44,104 DeMo.train INFO: Best Rank-10: 86.2%
2025-12-07 14:39:44,104 DeMo.train INFO: ~~~~~~~~~~~~~~~~~~~~~~~~~~~~~~~~~~~~~~~~~~~~~~~~~~
2025-12-07 14:39:48,610 DeMo.train INFO: Epoch[14] Iteration[10/54] Loss: 0.804, Acc: 1.000, Base Lr: 3.50e-04
2025-12-07 14:39:51,207 DeMo.train INFO: Epoch[14] Iteration[20/54] Loss: 0.789, Acc: 1.000, Base Lr: 3.50e-04
2025-12-07 14:39:53,791 DeMo.train INFO: Epoch[14] Iteration[30/54] Loss: 0.791, Acc: 1.000, Base Lr: 3.50e-04
2025-12-07 14:39:56,413 DeMo.train INFO: Epoch[14] Iteration[40/54] Loss: 0.789, Acc: 1.000, Base Lr: 3.50e-04
2025-12-07 14:39:59,005 DeMo.train INFO: Epoch[14] Iteration[50/54] Loss: 0.786, Acc: 0.999, Base Lr: 3.50e-04
2025-12-07 14:39:59,922 DeMo.train INFO: Epoch 14 done. Time per batch: 0.298[s] Speed: 214.4[samples/s]
2025-12-07 14:39:59,925 DeMo.train INFO: ~~~~~~~~~~~~~~~~~~~~~~~~~~~~~~~~~~~~~~~~~~~~~~~~~~
2025-12-07 14:39:59,925 DeMo.train INFO: Current is the ori feature testing!
2025-12-07 14:39:59,927 DeMo.train INFO: ~~~~~~~~~~~~~~~~~~~~~~~~~~~~~~~~~~~~~~~~~~~~~~~~~~
The test feature is normalized
=> Computing DistMat with euclidean_distance
2025-12-07 14:40:08,168 DeMo.train INFO: Validation Results - Epoch: 14
2025-12-07 14:40:08,168 DeMo.train INFO: mAP: 60.9%
2025-12-07 14:40:08,168 DeMo.train INFO: CMC curve, Rank-1  :63.9%
2025-12-07 14:40:08,168 DeMo.train INFO: CMC curve, Rank-5  :75.7%
2025-12-07 14:40:08,168 DeMo.train INFO: CMC curve, Rank-10 :81.2%
2025-12-07 14:40:08,169 DeMo.train INFO: ~~~~~~~~~~~~~~~~~~~~~~~~~~~~~~~~~~~~~~~~~~~~~~~~~~
2025-12-07 14:40:08,223 DeMo.train INFO: ~~~~~~~~~~~~~~~~~~~~~~~~~~~~~~~~~~~~~~~~~~~~~~~~~~
2025-12-07 14:40:08,223 DeMo.train INFO: Current is the moe feature testing!
2025-12-07 14:40:08,223 DeMo.train INFO: ~~~~~~~~~~~~~~~~~~~~~~~~~~~~~~~~~~~~~~~~~~~~~~~~~~
The test feature is normalized
=> Computing DistMat with euclidean_distance
2025-12-07 14:40:13,566 DeMo.train INFO: Validation Results - Epoch: 14
2025-12-07 14:40:13,567 DeMo.train INFO: mAP: 63.6%
2025-12-07 14:40:13,568 DeMo.train INFO: CMC curve, Rank-1  :63.5%
2025-12-07 14:40:13,569 DeMo.train INFO: CMC curve, Rank-5  :77.2%
2025-12-07 14:40:13,570 DeMo.train INFO: CMC curve, Rank-10 :84.8%
2025-12-07 14:40:13,571 DeMo.train INFO: ~~~~~~~~~~~~~~~~~~~~~~~~~~~~~~~~~~~~~~~~~~~~~~~~~~
2025-12-07 14:40:14,589 DeMo.train INFO: ~~~~~~~~~~~~~~~~~~~~~~~~~~~~~~~~~~~~~~~~~~~~~~~~~~
2025-12-07 14:40:14,590 DeMo.train INFO: Current is the [moe,ori] feature testing!
2025-12-07 14:40:14,591 DeMo.train INFO: ~~~~~~~~~~~~~~~~~~~~~~~~~~~~~~~~~~~~~~~~~~~~~~~~~~
The test feature is normalized
=> Computing DistMat with euclidean_distance
2025-12-07 14:40:23,871 DeMo.train INFO: Validation Results - Epoch: 14
2025-12-07 14:40:23,883 DeMo.train INFO: mAP: 62.9%
2025-12-07 14:40:23,884 DeMo.train INFO: CMC curve, Rank-1  :65.8%
2025-12-07 14:40:23,886 DeMo.train INFO: CMC curve, Rank-5  :76.7%
2025-12-07 14:40:23,887 DeMo.train INFO: CMC curve, Rank-10 :82.9%
2025-12-07 14:40:23,887 DeMo.train INFO: ~~~~~~~~~~~~~~~~~~~~~~~~~~~~~~~~~~~~~~~~~~~~~~~~~~
2025-12-07 14:40:24,167 DeMo.train INFO: ~~~~~~~~~~~~~~~~~~~~~~~~~~~~~~~~~~~~~~~~~~~~~~~~~~
2025-12-07 14:40:24,169 DeMo.train INFO: Best mAP: 66.5%
2025-12-07 14:40:24,170 DeMo.train INFO: Best Rank-1: 68.8%
2025-12-07 14:40:24,170 DeMo.train INFO: Best Rank-5: 80.1%
2025-12-07 14:40:24,171 DeMo.train INFO: Best Rank-10: 86.2%
2025-12-07 14:40:24,172 DeMo.train INFO: ~~~~~~~~~~~~~~~~~~~~~~~~~~~~~~~~~~~~~~~~~~~~~~~~~~
2025-12-07 14:40:31,567 DeMo.train INFO: Epoch[15] Iteration[10/54] Loss: 0.767, Acc: 1.000, Base Lr: 3.50e-04
2025-12-07 14:40:34,458 DeMo.train INFO: Epoch[15] Iteration[20/54] Loss: 0.761, Acc: 1.000, Base Lr: 3.50e-04
2025-12-07 14:40:40,203 DeMo.train INFO: Epoch[15] Iteration[30/54] Loss: 0.761, Acc: 1.000, Base Lr: 3.50e-04
2025-12-07 14:40:42,813 DeMo.train INFO: Epoch[15] Iteration[40/54] Loss: 0.762, Acc: 1.000, Base Lr: 3.50e-04
2025-12-07 14:40:48,518 DeMo.train INFO: Epoch[15] Iteration[50/54] Loss: 0.765, Acc: 1.000, Base Lr: 3.50e-04
2025-12-07 14:40:49,493 DeMo.train INFO: Epoch 15 done. Time per batch: 0.478[s] Speed: 134.0[samples/s]
2025-12-07 14:40:49,495 DeMo.train INFO: ~~~~~~~~~~~~~~~~~~~~~~~~~~~~~~~~~~~~~~~~~~~~~~~~~~
2025-12-07 14:40:49,495 DeMo.train INFO: Current is the ori feature testing!
2025-12-07 14:40:49,495 DeMo.train INFO: ~~~~~~~~~~~~~~~~~~~~~~~~~~~~~~~~~~~~~~~~~~~~~~~~~~
The test feature is normalized
=> Computing DistMat with euclidean_distance
2025-12-07 14:40:54,369 DeMo.train INFO: Validation Results - Epoch: 15
2025-12-07 14:40:54,369 DeMo.train INFO: mAP: 63.6%
2025-12-07 14:40:54,369 DeMo.train INFO: CMC curve, Rank-1  :66.4%
2025-12-07 14:40:54,369 DeMo.train INFO: CMC curve, Rank-5  :77.0%
2025-12-07 14:40:54,369 DeMo.train INFO: CMC curve, Rank-10 :83.6%
2025-12-07 14:40:54,369 DeMo.train INFO: ~~~~~~~~~~~~~~~~~~~~~~~~~~~~~~~~~~~~~~~~~~~~~~~~~~
2025-12-07 14:40:55,677 DeMo.train INFO: ~~~~~~~~~~~~~~~~~~~~~~~~~~~~~~~~~~~~~~~~~~~~~~~~~~
2025-12-07 14:40:55,677 DeMo.train INFO: Current is the moe feature testing!
2025-12-07 14:40:55,677 DeMo.train INFO: ~~~~~~~~~~~~~~~~~~~~~~~~~~~~~~~~~~~~~~~~~~~~~~~~~~
The test feature is normalized
=> Computing DistMat with euclidean_distance
2025-12-07 14:41:01,474 DeMo.train INFO: Validation Results - Epoch: 15
2025-12-07 14:41:01,474 DeMo.train INFO: mAP: 63.4%
2025-12-07 14:41:01,475 DeMo.train INFO: CMC curve, Rank-1  :64.2%
2025-12-07 14:41:01,475 DeMo.train INFO: CMC curve, Rank-5  :76.9%
2025-12-07 14:41:01,475 DeMo.train INFO: CMC curve, Rank-10 :85.9%
2025-12-07 14:41:01,475 DeMo.train INFO: ~~~~~~~~~~~~~~~~~~~~~~~~~~~~~~~~~~~~~~~~~~~~~~~~~~
2025-12-07 14:41:01,479 DeMo.train INFO: ~~~~~~~~~~~~~~~~~~~~~~~~~~~~~~~~~~~~~~~~~~~~~~~~~~
2025-12-07 14:41:01,479 DeMo.train INFO: Current is the [moe,ori] feature testing!
2025-12-07 14:41:01,479 DeMo.train INFO: ~~~~~~~~~~~~~~~~~~~~~~~~~~~~~~~~~~~~~~~~~~~~~~~~~~
The test feature is normalized
=> Computing DistMat with euclidean_distance
2025-12-07 14:41:06,700 DeMo.train INFO: Validation Results - Epoch: 15
2025-12-07 14:41:06,700 DeMo.train INFO: mAP: 64.6%
2025-12-07 14:41:06,700 DeMo.train INFO: CMC curve, Rank-1  :65.8%
2025-12-07 14:41:06,700 DeMo.train INFO: CMC curve, Rank-5  :78.0%
2025-12-07 14:41:06,700 DeMo.train INFO: CMC curve, Rank-10 :85.4%
2025-12-07 14:41:06,700 DeMo.train INFO: ~~~~~~~~~~~~~~~~~~~~~~~~~~~~~~~~~~~~~~~~~~~~~~~~~~
2025-12-07 14:41:07,934 DeMo.train INFO: ~~~~~~~~~~~~~~~~~~~~~~~~~~~~~~~~~~~~~~~~~~~~~~~~~~
2025-12-07 14:41:07,934 DeMo.train INFO: Best mAP: 66.5%
2025-12-07 14:41:07,935 DeMo.train INFO: Best Rank-1: 68.8%
2025-12-07 14:41:07,935 DeMo.train INFO: Best Rank-5: 80.1%
2025-12-07 14:41:07,935 DeMo.train INFO: Best Rank-10: 86.2%
2025-12-07 14:41:07,935 DeMo.train INFO: ~~~~~~~~~~~~~~~~~~~~~~~~~~~~~~~~~~~~~~~~~~~~~~~~~~
2025-12-07 14:41:13,213 DeMo.train INFO: Epoch[16] Iteration[10/54] Loss: 0.752, Acc: 1.000, Base Lr: 3.50e-04
2025-12-07 14:41:16,336 DeMo.train INFO: Epoch[16] Iteration[20/54] Loss: 0.760, Acc: 0.998, Base Lr: 3.50e-04
2025-12-07 14:41:18,933 DeMo.train INFO: Epoch[16] Iteration[30/54] Loss: 0.752, Acc: 0.999, Base Lr: 3.50e-04
2025-12-07 14:41:21,579 DeMo.train INFO: Epoch[16] Iteration[40/54] Loss: 0.750, Acc: 0.999, Base Lr: 3.50e-04
2025-12-07 14:41:24,209 DeMo.train INFO: Epoch[16] Iteration[50/54] Loss: 0.757, Acc: 0.999, Base Lr: 3.50e-04
2025-12-07 14:41:25,121 DeMo.train INFO: Epoch 16 done. Time per batch: 0.324[s] Speed: 197.4[samples/s]
2025-12-07 14:41:25,123 DeMo.train INFO: ~~~~~~~~~~~~~~~~~~~~~~~~~~~~~~~~~~~~~~~~~~~~~~~~~~
2025-12-07 14:41:25,125 DeMo.train INFO: Current is the ori feature testing!
2025-12-07 14:41:25,125 DeMo.train INFO: ~~~~~~~~~~~~~~~~~~~~~~~~~~~~~~~~~~~~~~~~~~~~~~~~~~
The test feature is normalized
=> Computing DistMat with euclidean_distance
2025-12-07 14:41:35,620 DeMo.train INFO: Validation Results - Epoch: 16
2025-12-07 14:41:35,620 DeMo.train INFO: mAP: 63.8%
2025-12-07 14:41:35,620 DeMo.train INFO: CMC curve, Rank-1  :67.2%
2025-12-07 14:41:35,620 DeMo.train INFO: CMC curve, Rank-5  :78.5%
2025-12-07 14:41:35,620 DeMo.train INFO: CMC curve, Rank-10 :84.8%
2025-12-07 14:41:35,620 DeMo.train INFO: ~~~~~~~~~~~~~~~~~~~~~~~~~~~~~~~~~~~~~~~~~~~~~~~~~~
2025-12-07 14:41:36,955 DeMo.train INFO: ~~~~~~~~~~~~~~~~~~~~~~~~~~~~~~~~~~~~~~~~~~~~~~~~~~
2025-12-07 14:41:36,956 DeMo.train INFO: Current is the moe feature testing!
2025-12-07 14:41:36,956 DeMo.train INFO: ~~~~~~~~~~~~~~~~~~~~~~~~~~~~~~~~~~~~~~~~~~~~~~~~~~
The test feature is normalized
=> Computing DistMat with euclidean_distance
2025-12-07 14:41:42,543 DeMo.train INFO: Validation Results - Epoch: 16
2025-12-07 14:41:42,543 DeMo.train INFO: mAP: 62.3%
2025-12-07 14:41:42,543 DeMo.train INFO: CMC curve, Rank-1  :63.5%
2025-12-07 14:41:42,543 DeMo.train INFO: CMC curve, Rank-5  :77.0%
2025-12-07 14:41:42,543 DeMo.train INFO: CMC curve, Rank-10 :84.3%
2025-12-07 14:41:42,543 DeMo.train INFO: ~~~~~~~~~~~~~~~~~~~~~~~~~~~~~~~~~~~~~~~~~~~~~~~~~~
2025-12-07 14:41:42,551 DeMo.train INFO: ~~~~~~~~~~~~~~~~~~~~~~~~~~~~~~~~~~~~~~~~~~~~~~~~~~
2025-12-07 14:41:42,551 DeMo.train INFO: Current is the [moe,ori] feature testing!
2025-12-07 14:41:42,551 DeMo.train INFO: ~~~~~~~~~~~~~~~~~~~~~~~~~~~~~~~~~~~~~~~~~~~~~~~~~~
The test feature is normalized
=> Computing DistMat with euclidean_distance
2025-12-07 14:41:47,735 DeMo.train INFO: Validation Results - Epoch: 16
2025-12-07 14:41:47,735 DeMo.train INFO: mAP: 64.4%
2025-12-07 14:41:47,735 DeMo.train INFO: CMC curve, Rank-1  :67.1%
2025-12-07 14:41:47,735 DeMo.train INFO: CMC curve, Rank-5  :78.8%
2025-12-07 14:41:47,735 DeMo.train INFO: CMC curve, Rank-10 :85.9%
2025-12-07 14:41:47,736 DeMo.train INFO: ~~~~~~~~~~~~~~~~~~~~~~~~~~~~~~~~~~~~~~~~~~~~~~~~~~
2025-12-07 14:41:47,738 DeMo.train INFO: ~~~~~~~~~~~~~~~~~~~~~~~~~~~~~~~~~~~~~~~~~~~~~~~~~~
2025-12-07 14:41:47,738 DeMo.train INFO: Best mAP: 66.5%
2025-12-07 14:41:47,738 DeMo.train INFO: Best Rank-1: 68.8%
2025-12-07 14:41:47,738 DeMo.train INFO: Best Rank-5: 80.1%
2025-12-07 14:41:47,739 DeMo.train INFO: Best Rank-10: 86.2%
2025-12-07 14:41:47,739 DeMo.train INFO: ~~~~~~~~~~~~~~~~~~~~~~~~~~~~~~~~~~~~~~~~~~~~~~~~~~
2025-12-07 14:41:52,191 DeMo.train INFO: Epoch[17] Iteration[10/54] Loss: 0.757, Acc: 1.000, Base Lr: 3.50e-04
2025-12-07 14:41:55,331 DeMo.train INFO: Epoch[17] Iteration[20/54] Loss: 0.755, Acc: 1.000, Base Lr: 3.50e-04
2025-12-07 14:41:57,974 DeMo.train INFO: Epoch[17] Iteration[30/54] Loss: 0.756, Acc: 1.000, Base Lr: 3.50e-04
2025-12-07 14:42:00,601 DeMo.train INFO: Epoch[17] Iteration[40/54] Loss: 0.756, Acc: 1.000, Base Lr: 3.50e-04
2025-12-07 14:42:03,233 DeMo.train INFO: Epoch[17] Iteration[50/54] Loss: 0.751, Acc: 1.000, Base Lr: 3.50e-04
2025-12-07 14:42:04,150 DeMo.train INFO: Epoch 17 done. Time per batch: 0.310[s] Speed: 206.7[samples/s]
2025-12-07 14:42:04,152 DeMo.train INFO: ~~~~~~~~~~~~~~~~~~~~~~~~~~~~~~~~~~~~~~~~~~~~~~~~~~
2025-12-07 14:42:04,152 DeMo.train INFO: Current is the ori feature testing!
2025-12-07 14:42:04,152 DeMo.train INFO: ~~~~~~~~~~~~~~~~~~~~~~~~~~~~~~~~~~~~~~~~~~~~~~~~~~
The test feature is normalized
=> Computing DistMat with euclidean_distance
2025-12-07 14:42:09,538 DeMo.train INFO: Validation Results - Epoch: 17
2025-12-07 14:42:09,538 DeMo.train INFO: mAP: 65.6%
2025-12-07 14:42:09,539 DeMo.train INFO: CMC curve, Rank-1  :69.5%
2025-12-07 14:42:09,540 DeMo.train INFO: CMC curve, Rank-5  :80.0%
2025-12-07 14:42:09,541 DeMo.train INFO: CMC curve, Rank-10 :85.4%
2025-12-07 14:42:09,542 DeMo.train INFO: ~~~~~~~~~~~~~~~~~~~~~~~~~~~~~~~~~~~~~~~~~~~~~~~~~~
2025-12-07 14:42:09,597 DeMo.train INFO: ~~~~~~~~~~~~~~~~~~~~~~~~~~~~~~~~~~~~~~~~~~~~~~~~~~
2025-12-07 14:42:09,597 DeMo.train INFO: Current is the moe feature testing!
2025-12-07 14:42:09,598 DeMo.train INFO: ~~~~~~~~~~~~~~~~~~~~~~~~~~~~~~~~~~~~~~~~~~~~~~~~~~
The test feature is normalized
=> Computing DistMat with euclidean_distance
2025-12-07 14:42:19,105 DeMo.train INFO: Validation Results - Epoch: 17
2025-12-07 14:42:19,105 DeMo.train INFO: mAP: 65.6%
2025-12-07 14:42:19,106 DeMo.train INFO: CMC curve, Rank-1  :67.3%
2025-12-07 14:42:19,107 DeMo.train INFO: CMC curve, Rank-5  :79.2%
2025-12-07 14:42:19,108 DeMo.train INFO: CMC curve, Rank-10 :83.7%
2025-12-07 14:42:19,108 DeMo.train INFO: ~~~~~~~~~~~~~~~~~~~~~~~~~~~~~~~~~~~~~~~~~~~~~~~~~~
2025-12-07 14:42:19,118 DeMo.train INFO: ~~~~~~~~~~~~~~~~~~~~~~~~~~~~~~~~~~~~~~~~~~~~~~~~~~
2025-12-07 14:42:19,118 DeMo.train INFO: Current is the [moe,ori] feature testing!
2025-12-07 14:42:19,119 DeMo.train INFO: ~~~~~~~~~~~~~~~~~~~~~~~~~~~~~~~~~~~~~~~~~~~~~~~~~~
The test feature is normalized
=> Computing DistMat with euclidean_distance
2025-12-07 14:42:28,504 DeMo.train INFO: Validation Results - Epoch: 17
2025-12-07 14:42:28,505 DeMo.train INFO: mAP: 66.7%
2025-12-07 14:42:28,506 DeMo.train INFO: CMC curve, Rank-1  :69.4%
2025-12-07 14:42:28,506 DeMo.train INFO: CMC curve, Rank-5  :80.0%
2025-12-07 14:42:28,508 DeMo.train INFO: CMC curve, Rank-10 :86.0%
2025-12-07 14:42:28,508 DeMo.train INFO: ~~~~~~~~~~~~~~~~~~~~~~~~~~~~~~~~~~~~~~~~~~~~~~~~~~
2025-12-07 14:42:57,981 DeMo.train INFO: ~~~~~~~~~~~~~~~~~~~~~~~~~~~~~~~~~~~~~~~~~~~~~~~~~~
2025-12-07 14:42:57,981 DeMo.train INFO: Best mAP: 66.7%
2025-12-07 14:42:57,981 DeMo.train INFO: Best Rank-1: 69.4%
2025-12-07 14:42:57,982 DeMo.train INFO: Best Rank-5: 80.0%
2025-12-07 14:42:57,982 DeMo.train INFO: Best Rank-10: 86.0%
2025-12-07 14:42:57,982 DeMo.train INFO: ~~~~~~~~~~~~~~~~~~~~~~~~~~~~~~~~~~~~~~~~~~~~~~~~~~
2025-12-07 14:43:03,322 DeMo.train INFO: Epoch[18] Iteration[10/54] Loss: 0.797, Acc: 1.000, Base Lr: 3.50e-04
2025-12-07 14:43:06,623 DeMo.train INFO: Epoch[18] Iteration[20/54] Loss: 0.797, Acc: 1.000, Base Lr: 3.50e-04
2025-12-07 14:43:09,218 DeMo.train INFO: Epoch[18] Iteration[30/54] Loss: 0.786, Acc: 1.000, Base Lr: 3.50e-04
2025-12-07 14:43:11,836 DeMo.train INFO: Epoch[18] Iteration[40/54] Loss: 0.778, Acc: 1.000, Base Lr: 3.50e-04
2025-12-07 14:43:14,590 DeMo.train INFO: Epoch[18] Iteration[50/54] Loss: 0.768, Acc: 1.000, Base Lr: 3.50e-04
2025-12-07 14:43:15,488 DeMo.train INFO: Epoch 18 done. Time per batch: 0.330[s] Speed: 193.8[samples/s]
2025-12-07 14:43:15,490 DeMo.train INFO: ~~~~~~~~~~~~~~~~~~~~~~~~~~~~~~~~~~~~~~~~~~~~~~~~~~
2025-12-07 14:43:15,490 DeMo.train INFO: Current is the ori feature testing!
2025-12-07 14:43:15,490 DeMo.train INFO: ~~~~~~~~~~~~~~~~~~~~~~~~~~~~~~~~~~~~~~~~~~~~~~~~~~
The test feature is normalized
=> Computing DistMat with euclidean_distance
2025-12-07 14:43:21,478 DeMo.train INFO: Validation Results - Epoch: 18
2025-12-07 14:43:21,479 DeMo.train INFO: mAP: 61.1%
2025-12-07 14:43:21,479 DeMo.train INFO: CMC curve, Rank-1  :62.9%
2025-12-07 14:43:21,479 DeMo.train INFO: CMC curve, Rank-5  :75.4%
2025-12-07 14:43:21,479 DeMo.train INFO: CMC curve, Rank-10 :81.5%
2025-12-07 14:43:21,479 DeMo.train INFO: ~~~~~~~~~~~~~~~~~~~~~~~~~~~~~~~~~~~~~~~~~~~~~~~~~~
2025-12-07 14:43:22,999 DeMo.train INFO: ~~~~~~~~~~~~~~~~~~~~~~~~~~~~~~~~~~~~~~~~~~~~~~~~~~
2025-12-07 14:43:22,999 DeMo.train INFO: Current is the moe feature testing!
2025-12-07 14:43:22,999 DeMo.train INFO: ~~~~~~~~~~~~~~~~~~~~~~~~~~~~~~~~~~~~~~~~~~~~~~~~~~
The test feature is normalized
=> Computing DistMat with euclidean_distance
2025-12-07 14:43:28,690 DeMo.train INFO: Validation Results - Epoch: 18
2025-12-07 14:43:28,690 DeMo.train INFO: mAP: 62.5%
2025-12-07 14:43:28,690 DeMo.train INFO: CMC curve, Rank-1  :62.4%
2025-12-07 14:43:28,690 DeMo.train INFO: CMC curve, Rank-5  :73.8%
2025-12-07 14:43:28,690 DeMo.train INFO: CMC curve, Rank-10 :82.9%
2025-12-07 14:43:28,690 DeMo.train INFO: ~~~~~~~~~~~~~~~~~~~~~~~~~~~~~~~~~~~~~~~~~~~~~~~~~~
2025-12-07 14:43:28,694 DeMo.train INFO: ~~~~~~~~~~~~~~~~~~~~~~~~~~~~~~~~~~~~~~~~~~~~~~~~~~
2025-12-07 14:43:28,694 DeMo.train INFO: Current is the [moe,ori] feature testing!
2025-12-07 14:43:28,694 DeMo.train INFO: ~~~~~~~~~~~~~~~~~~~~~~~~~~~~~~~~~~~~~~~~~~~~~~~~~~
The test feature is normalized
=> Computing DistMat with euclidean_distance
2025-12-07 14:43:33,720 DeMo.train INFO: Validation Results - Epoch: 18
2025-12-07 14:43:33,720 DeMo.train INFO: mAP: 62.7%
2025-12-07 14:43:33,720 DeMo.train INFO: CMC curve, Rank-1  :64.1%
2025-12-07 14:43:33,721 DeMo.train INFO: CMC curve, Rank-5  :75.6%
2025-12-07 14:43:33,721 DeMo.train INFO: CMC curve, Rank-10 :82.4%
2025-12-07 14:43:33,721 DeMo.train INFO: ~~~~~~~~~~~~~~~~~~~~~~~~~~~~~~~~~~~~~~~~~~~~~~~~~~
2025-12-07 14:43:33,723 DeMo.train INFO: ~~~~~~~~~~~~~~~~~~~~~~~~~~~~~~~~~~~~~~~~~~~~~~~~~~
2025-12-07 14:43:33,723 DeMo.train INFO: Best mAP: 66.7%
2025-12-07 14:43:33,723 DeMo.train INFO: Best Rank-1: 69.4%
2025-12-07 14:43:33,723 DeMo.train INFO: Best Rank-5: 80.0%
2025-12-07 14:43:33,723 DeMo.train INFO: Best Rank-10: 86.0%
2025-12-07 14:43:33,724 DeMo.train INFO: ~~~~~~~~~~~~~~~~~~~~~~~~~~~~~~~~~~~~~~~~~~~~~~~~~~
2025-12-07 14:43:38,448 DeMo.train INFO: Epoch[19] Iteration[10/54] Loss: 0.723, Acc: 1.000, Base Lr: 3.50e-04
2025-12-07 14:43:41,090 DeMo.train INFO: Epoch[19] Iteration[20/54] Loss: 0.719, Acc: 1.000, Base Lr: 3.50e-04
2025-12-07 14:43:43,795 DeMo.train INFO: Epoch[19] Iteration[30/54] Loss: 0.721, Acc: 1.000, Base Lr: 3.50e-04
2025-12-07 14:43:46,412 DeMo.train INFO: Epoch[19] Iteration[40/54] Loss: 0.719, Acc: 1.000, Base Lr: 3.50e-04
2025-12-07 14:43:49,034 DeMo.train INFO: Epoch[19] Iteration[50/54] Loss: 0.723, Acc: 1.000, Base Lr: 3.50e-04
2025-12-07 14:43:49,948 DeMo.train INFO: Epoch 19 done. Time per batch: 0.306[s] Speed: 209.1[samples/s]
2025-12-07 14:43:49,950 DeMo.train INFO: ~~~~~~~~~~~~~~~~~~~~~~~~~~~~~~~~~~~~~~~~~~~~~~~~~~
2025-12-07 14:43:49,950 DeMo.train INFO: Current is the ori feature testing!
2025-12-07 14:43:49,950 DeMo.train INFO: ~~~~~~~~~~~~~~~~~~~~~~~~~~~~~~~~~~~~~~~~~~~~~~~~~~
The test feature is normalized
=> Computing DistMat with euclidean_distance
2025-12-07 14:43:55,895 DeMo.train INFO: Validation Results - Epoch: 19
2025-12-07 14:43:55,895 DeMo.train INFO: mAP: 61.4%
2025-12-07 14:43:55,895 DeMo.train INFO: CMC curve, Rank-1  :62.7%
2025-12-07 14:43:55,895 DeMo.train INFO: CMC curve, Rank-5  :74.5%
2025-12-07 14:43:55,895 DeMo.train INFO: CMC curve, Rank-10 :80.1%
2025-12-07 14:43:55,895 DeMo.train INFO: ~~~~~~~~~~~~~~~~~~~~~~~~~~~~~~~~~~~~~~~~~~~~~~~~~~
2025-12-07 14:43:55,957 DeMo.train INFO: ~~~~~~~~~~~~~~~~~~~~~~~~~~~~~~~~~~~~~~~~~~~~~~~~~~
2025-12-07 14:43:55,957 DeMo.train INFO: Current is the moe feature testing!
2025-12-07 14:43:55,957 DeMo.train INFO: ~~~~~~~~~~~~~~~~~~~~~~~~~~~~~~~~~~~~~~~~~~~~~~~~~~
The test feature is normalized
=> Computing DistMat with euclidean_distance
2025-12-07 14:44:01,014 DeMo.train INFO: Validation Results - Epoch: 19
2025-12-07 14:44:01,014 DeMo.train INFO: mAP: 62.3%
2025-12-07 14:44:01,014 DeMo.train INFO: CMC curve, Rank-1  :62.7%
2025-12-07 14:44:01,014 DeMo.train INFO: CMC curve, Rank-5  :73.2%
2025-12-07 14:44:01,015 DeMo.train INFO: CMC curve, Rank-10 :81.1%
2025-12-07 14:44:01,015 DeMo.train INFO: ~~~~~~~~~~~~~~~~~~~~~~~~~~~~~~~~~~~~~~~~~~~~~~~~~~
2025-12-07 14:44:01,018 DeMo.train INFO: ~~~~~~~~~~~~~~~~~~~~~~~~~~~~~~~~~~~~~~~~~~~~~~~~~~
2025-12-07 14:44:01,018 DeMo.train INFO: Current is the [moe,ori] feature testing!
2025-12-07 14:44:01,018 DeMo.train INFO: ~~~~~~~~~~~~~~~~~~~~~~~~~~~~~~~~~~~~~~~~~~~~~~~~~~
The test feature is normalized
=> Computing DistMat with euclidean_distance
2025-12-07 14:44:06,203 DeMo.train INFO: Validation Results - Epoch: 19
2025-12-07 14:44:06,203 DeMo.train INFO: mAP: 63.1%
2025-12-07 14:44:06,203 DeMo.train INFO: CMC curve, Rank-1  :62.9%
2025-12-07 14:44:06,203 DeMo.train INFO: CMC curve, Rank-5  :75.4%
2025-12-07 14:44:06,204 DeMo.train INFO: CMC curve, Rank-10 :80.6%
2025-12-07 14:44:06,204 DeMo.train INFO: ~~~~~~~~~~~~~~~~~~~~~~~~~~~~~~~~~~~~~~~~~~~~~~~~~~
2025-12-07 14:44:06,213 DeMo.train INFO: ~~~~~~~~~~~~~~~~~~~~~~~~~~~~~~~~~~~~~~~~~~~~~~~~~~
2025-12-07 14:44:06,214 DeMo.train INFO: Best mAP: 66.7%
2025-12-07 14:44:06,214 DeMo.train INFO: Best Rank-1: 69.4%
2025-12-07 14:44:06,214 DeMo.train INFO: Best Rank-5: 80.0%
2025-12-07 14:44:06,214 DeMo.train INFO: Best Rank-10: 86.0%
2025-12-07 14:44:06,214 DeMo.train INFO: ~~~~~~~~~~~~~~~~~~~~~~~~~~~~~~~~~~~~~~~~~~~~~~~~~~
2025-12-07 14:44:10,305 DeMo.train INFO: Epoch[20] Iteration[10/54] Loss: 0.718, Acc: 1.000, Base Lr: 3.50e-04
2025-12-07 14:44:12,953 DeMo.train INFO: Epoch[20] Iteration[20/54] Loss: 0.717, Acc: 1.000, Base Lr: 3.50e-04
2025-12-07 14:44:15,553 DeMo.train INFO: Epoch[20] Iteration[30/54] Loss: 0.714, Acc: 1.000, Base Lr: 3.50e-04
2025-12-07 14:44:18,188 DeMo.train INFO: Epoch[20] Iteration[40/54] Loss: 0.712, Acc: 1.000, Base Lr: 3.50e-04
2025-12-07 14:44:20,775 DeMo.train INFO: Epoch[20] Iteration[50/54] Loss: 0.715, Acc: 1.000, Base Lr: 3.50e-04
2025-12-07 14:44:21,688 DeMo.train INFO: Epoch 20 done. Time per batch: 0.292[s] Speed: 219.2[samples/s]
2025-12-07 14:44:21,689 DeMo.train INFO: ~~~~~~~~~~~~~~~~~~~~~~~~~~~~~~~~~~~~~~~~~~~~~~~~~~
2025-12-07 14:44:21,689 DeMo.train INFO: Current is the ori feature testing!
2025-12-07 14:44:21,689 DeMo.train INFO: ~~~~~~~~~~~~~~~~~~~~~~~~~~~~~~~~~~~~~~~~~~~~~~~~~~
The test feature is normalized
=> Computing DistMat with euclidean_distance
2025-12-07 14:44:30,687 DeMo.train INFO: Validation Results - Epoch: 20
2025-12-07 14:44:30,687 DeMo.train INFO: mAP: 64.0%
2025-12-07 14:44:30,687 DeMo.train INFO: CMC curve, Rank-1  :65.2%
2025-12-07 14:44:30,687 DeMo.train INFO: CMC curve, Rank-5  :76.9%
2025-12-07 14:44:30,688 DeMo.train INFO: CMC curve, Rank-10 :83.4%
2025-12-07 14:44:30,688 DeMo.train INFO: ~~~~~~~~~~~~~~~~~~~~~~~~~~~~~~~~~~~~~~~~~~~~~~~~~~
2025-12-07 14:44:31,760 DeMo.train INFO: ~~~~~~~~~~~~~~~~~~~~~~~~~~~~~~~~~~~~~~~~~~~~~~~~~~
2025-12-07 14:44:31,760 DeMo.train INFO: Current is the moe feature testing!
2025-12-07 14:44:31,760 DeMo.train INFO: ~~~~~~~~~~~~~~~~~~~~~~~~~~~~~~~~~~~~~~~~~~~~~~~~~~
The test feature is normalized
=> Computing DistMat with euclidean_distance
2025-12-07 14:44:37,462 DeMo.train INFO: Validation Results - Epoch: 20
2025-12-07 14:44:37,462 DeMo.train INFO: mAP: 62.6%
2025-12-07 14:44:37,462 DeMo.train INFO: CMC curve, Rank-1  :63.0%
2025-12-07 14:44:37,463 DeMo.train INFO: CMC curve, Rank-5  :75.1%
2025-12-07 14:44:37,463 DeMo.train INFO: CMC curve, Rank-10 :81.7%
2025-12-07 14:44:37,463 DeMo.train INFO: ~~~~~~~~~~~~~~~~~~~~~~~~~~~~~~~~~~~~~~~~~~~~~~~~~~
2025-12-07 14:44:37,466 DeMo.train INFO: ~~~~~~~~~~~~~~~~~~~~~~~~~~~~~~~~~~~~~~~~~~~~~~~~~~
2025-12-07 14:44:37,466 DeMo.train INFO: Current is the [moe,ori] feature testing!
2025-12-07 14:44:37,466 DeMo.train INFO: ~~~~~~~~~~~~~~~~~~~~~~~~~~~~~~~~~~~~~~~~~~~~~~~~~~
The test feature is normalized
=> Computing DistMat with euclidean_distance
2025-12-07 14:44:42,746 DeMo.train INFO: Validation Results - Epoch: 20
2025-12-07 14:44:42,746 DeMo.train INFO: mAP: 64.7%
2025-12-07 14:44:42,746 DeMo.train INFO: CMC curve, Rank-1  :65.6%
2025-12-07 14:44:42,746 DeMo.train INFO: CMC curve, Rank-5  :76.2%
2025-12-07 14:44:42,747 DeMo.train INFO: CMC curve, Rank-10 :83.3%
2025-12-07 14:44:42,747 DeMo.train INFO: ~~~~~~~~~~~~~~~~~~~~~~~~~~~~~~~~~~~~~~~~~~~~~~~~~~
2025-12-07 14:44:42,749 DeMo.train INFO: ~~~~~~~~~~~~~~~~~~~~~~~~~~~~~~~~~~~~~~~~~~~~~~~~~~
2025-12-07 14:44:42,749 DeMo.train INFO: Best mAP: 66.7%
2025-12-07 14:44:42,749 DeMo.train INFO: Best Rank-1: 69.4%
2025-12-07 14:44:42,750 DeMo.train INFO: Best Rank-5: 80.0%
2025-12-07 14:44:42,750 DeMo.train INFO: Best Rank-10: 86.0%
2025-12-07 14:44:42,750 DeMo.train INFO: ~~~~~~~~~~~~~~~~~~~~~~~~~~~~~~~~~~~~~~~~~~~~~~~~~~
2025-12-07 14:44:47,227 DeMo.train INFO: Epoch[21] Iteration[10/54] Loss: 0.721, Acc: 1.000, Base Lr: 3.50e-04
2025-12-07 14:44:50,603 DeMo.train INFO: Epoch[21] Iteration[20/54] Loss: 0.721, Acc: 1.000, Base Lr: 3.50e-04
2025-12-07 14:44:53,284 DeMo.train INFO: Epoch[21] Iteration[30/54] Loss: 0.719, Acc: 1.000, Base Lr: 3.50e-04
2025-12-07 14:44:55,924 DeMo.train INFO: Epoch[21] Iteration[40/54] Loss: 0.722, Acc: 1.000, Base Lr: 3.50e-04
2025-12-07 14:44:58,540 DeMo.train INFO: Epoch[21] Iteration[50/54] Loss: 0.718, Acc: 1.000, Base Lr: 3.50e-04
2025-12-07 14:44:59,454 DeMo.train INFO: Epoch 21 done. Time per batch: 0.315[s] Speed: 203.1[samples/s]
2025-12-07 14:44:59,456 DeMo.train INFO: ~~~~~~~~~~~~~~~~~~~~~~~~~~~~~~~~~~~~~~~~~~~~~~~~~~
2025-12-07 14:44:59,457 DeMo.train INFO: Current is the ori feature testing!
2025-12-07 14:44:59,457 DeMo.train INFO: ~~~~~~~~~~~~~~~~~~~~~~~~~~~~~~~~~~~~~~~~~~~~~~~~~~
The test feature is normalized
=> Computing DistMat with euclidean_distance
2025-12-07 14:45:04,689 DeMo.train INFO: Validation Results - Epoch: 21
2025-12-07 14:45:04,689 DeMo.train INFO: mAP: 64.3%
2025-12-07 14:45:04,690 DeMo.train INFO: CMC curve, Rank-1  :67.1%
2025-12-07 14:45:04,690 DeMo.train INFO: CMC curve, Rank-5  :78.8%
2025-12-07 14:45:04,690 DeMo.train INFO: CMC curve, Rank-10 :85.0%
2025-12-07 14:45:04,690 DeMo.train INFO: ~~~~~~~~~~~~~~~~~~~~~~~~~~~~~~~~~~~~~~~~~~~~~~~~~~
2025-12-07 14:45:04,751 DeMo.train INFO: ~~~~~~~~~~~~~~~~~~~~~~~~~~~~~~~~~~~~~~~~~~~~~~~~~~
2025-12-07 14:45:04,751 DeMo.train INFO: Current is the moe feature testing!
2025-12-07 14:45:04,751 DeMo.train INFO: ~~~~~~~~~~~~~~~~~~~~~~~~~~~~~~~~~~~~~~~~~~~~~~~~~~
The test feature is normalized
=> Computing DistMat with euclidean_distance
2025-12-07 14:45:09,729 DeMo.train INFO: Validation Results - Epoch: 21
2025-12-07 14:45:09,729 DeMo.train INFO: mAP: 64.2%
2025-12-07 14:45:09,730 DeMo.train INFO: CMC curve, Rank-1  :65.4%
2025-12-07 14:45:09,731 DeMo.train INFO: CMC curve, Rank-5  :76.6%
2025-12-07 14:45:09,731 DeMo.train INFO: CMC curve, Rank-10 :83.0%
2025-12-07 14:45:09,732 DeMo.train INFO: ~~~~~~~~~~~~~~~~~~~~~~~~~~~~~~~~~~~~~~~~~~~~~~~~~~
2025-12-07 14:45:10,728 DeMo.train INFO: ~~~~~~~~~~~~~~~~~~~~~~~~~~~~~~~~~~~~~~~~~~~~~~~~~~
2025-12-07 14:45:10,729 DeMo.train INFO: Current is the [moe,ori] feature testing!
2025-12-07 14:45:10,730 DeMo.train INFO: ~~~~~~~~~~~~~~~~~~~~~~~~~~~~~~~~~~~~~~~~~~~~~~~~~~
The test feature is normalized
=> Computing DistMat with euclidean_distance
2025-12-07 14:45:19,662 DeMo.train INFO: Validation Results - Epoch: 21
2025-12-07 14:45:19,663 DeMo.train INFO: mAP: 65.4%
2025-12-07 14:45:19,664 DeMo.train INFO: CMC curve, Rank-1  :67.0%
2025-12-07 14:45:19,666 DeMo.train INFO: CMC curve, Rank-5  :78.1%
2025-12-07 14:45:19,667 DeMo.train INFO: CMC curve, Rank-10 :84.6%
2025-12-07 14:45:19,669 DeMo.train INFO: ~~~~~~~~~~~~~~~~~~~~~~~~~~~~~~~~~~~~~~~~~~~~~~~~~~
2025-12-07 14:45:20,456 DeMo.train INFO: ~~~~~~~~~~~~~~~~~~~~~~~~~~~~~~~~~~~~~~~~~~~~~~~~~~
2025-12-07 14:45:20,458 DeMo.train INFO: Best mAP: 66.7%
2025-12-07 14:45:20,460 DeMo.train INFO: Best Rank-1: 69.4%
2025-12-07 14:45:20,461 DeMo.train INFO: Best Rank-5: 80.0%
2025-12-07 14:45:20,463 DeMo.train INFO: Best Rank-10: 86.0%
2025-12-07 14:45:20,464 DeMo.train INFO: ~~~~~~~~~~~~~~~~~~~~~~~~~~~~~~~~~~~~~~~~~~~~~~~~~~
2025-12-07 14:45:30,814 DeMo.train INFO: Epoch[22] Iteration[10/54] Loss: 0.710, Acc: 0.998, Base Lr: 3.50e-04
2025-12-07 14:45:36,155 DeMo.train INFO: Epoch[22] Iteration[20/54] Loss: 0.721, Acc: 0.999, Base Lr: 3.50e-04
2025-12-07 14:45:41,354 DeMo.train INFO: Epoch[22] Iteration[30/54] Loss: 0.716, Acc: 0.999, Base Lr: 3.50e-04
2025-12-07 14:45:44,028 DeMo.train INFO: Epoch[22] Iteration[40/54] Loss: 0.716, Acc: 1.000, Base Lr: 3.50e-04
2025-12-07 14:45:46,796 DeMo.train INFO: Epoch[22] Iteration[50/54] Loss: 0.718, Acc: 1.000, Base Lr: 3.50e-04
2025-12-07 14:45:47,866 DeMo.train INFO: Epoch 22 done. Time per batch: 0.517[s] Speed: 123.8[samples/s]
2025-12-07 14:45:47,868 DeMo.train INFO: ~~~~~~~~~~~~~~~~~~~~~~~~~~~~~~~~~~~~~~~~~~~~~~~~~~
2025-12-07 14:45:47,868 DeMo.train INFO: Current is the ori feature testing!
2025-12-07 14:45:47,869 DeMo.train INFO: ~~~~~~~~~~~~~~~~~~~~~~~~~~~~~~~~~~~~~~~~~~~~~~~~~~
The test feature is normalized
=> Computing DistMat with euclidean_distance
2025-12-07 14:45:54,336 DeMo.train INFO: Validation Results - Epoch: 22
2025-12-07 14:45:54,337 DeMo.train INFO: mAP: 69.3%
2025-12-07 14:45:54,337 DeMo.train INFO: CMC curve, Rank-1  :74.6%
2025-12-07 14:45:54,337 DeMo.train INFO: CMC curve, Rank-5  :83.4%
2025-12-07 14:45:54,337 DeMo.train INFO: CMC curve, Rank-10 :87.7%
2025-12-07 14:45:54,337 DeMo.train INFO: ~~~~~~~~~~~~~~~~~~~~~~~~~~~~~~~~~~~~~~~~~~~~~~~~~~
2025-12-07 14:45:55,372 DeMo.train INFO: ~~~~~~~~~~~~~~~~~~~~~~~~~~~~~~~~~~~~~~~~~~~~~~~~~~
2025-12-07 14:45:55,372 DeMo.train INFO: Current is the moe feature testing!
2025-12-07 14:45:55,372 DeMo.train INFO: ~~~~~~~~~~~~~~~~~~~~~~~~~~~~~~~~~~~~~~~~~~~~~~~~~~
The test feature is normalized
=> Computing DistMat with euclidean_distance
2025-12-07 14:46:00,877 DeMo.train INFO: Validation Results - Epoch: 22
2025-12-07 14:46:00,879 DeMo.train INFO: mAP: 68.2%
2025-12-07 14:46:00,880 DeMo.train INFO: CMC curve, Rank-1  :71.7%
2025-12-07 14:46:00,881 DeMo.train INFO: CMC curve, Rank-5  :80.3%
2025-12-07 14:46:00,883 DeMo.train INFO: CMC curve, Rank-10 :84.7%
2025-12-07 14:46:00,883 DeMo.train INFO: ~~~~~~~~~~~~~~~~~~~~~~~~~~~~~~~~~~~~~~~~~~~~~~~~~~
2025-12-07 14:46:01,485 DeMo.train INFO: ~~~~~~~~~~~~~~~~~~~~~~~~~~~~~~~~~~~~~~~~~~~~~~~~~~
2025-12-07 14:46:01,486 DeMo.train INFO: Current is the [moe,ori] feature testing!
2025-12-07 14:46:01,487 DeMo.train INFO: ~~~~~~~~~~~~~~~~~~~~~~~~~~~~~~~~~~~~~~~~~~~~~~~~~~
