2025-12-09 12:34:30,494 DeMo INFO: Saving model in the path :..
2025-12-09 12:34:30,495 DeMo INFO: Namespace(config_file='configs/RGBNT201/DeMo_SDTPS_DGAF_ablation.yml', exp_name=None, fea_cft=0, local_rank=0, opts=['MODEL.USE_SDTPS', 'False', 'MODEL.USE_DGAF', 'False', 'MODEL.GLOBAL_LOCAL', 'False'])
2025-12-09 12:34:30,495 DeMo INFO: Loaded configuration file configs/RGBNT201/DeMo_SDTPS_DGAF_ablation.yml
2025-12-09 12:34:30,495 DeMo INFO: 
MODEL:
  TRANSFORMER_TYPE: 'ViT-B-16'
  STRIDE_SIZE: [ 16, 16 ]
  SIE_CAMERA: True
  DIRECT: 1
  SIE_COE: 1.0
  ID_LOSS_WEIGHT: 0.25
  TRIPLET_LOSS_WEIGHT: 1.0
  GLOBAL_LOCAL: False  # DGAF V3 直接用 tokens，不需要 GLOBAL_LOCAL
  # Disable HDM and ATM
  HDM: False
  ATM: False
  # SACR disabled for ablation
  USE_SACR: False
  USE_MULTIMODAL_SACR: False
  # LIF disabled
  USE_LIF: False
  # SDTPS configuration
  USE_SDTPS: True
  SDTPS_SPARSE_RATIO: 0.7  # token 保留比例（70%）
  SDTPS_USE_GUMBEL: False  # 禁用 Gumbel（训练稳定性）
  SDTPS_GUMBEL_TAU: 5.0
  SDTPS_CROSS_ATTN_TYPE: 'attention'  # 使用 Cross-Attention（推荐）
  SDTPS_CROSS_ATTN_HEADS: 4  # Cross-Attention 头数
  # 已废弃参数（保留兼容性）
  SDTPS_BETA: 0.25         # 已不使用（原 MLP predictor 权重）
  SDTPS_AGGR_RATIO: 0.5    # 已不使用（原 TokenAggregation）
  SDTPS_LOSS_WEIGHT: 2.0   # SDTPS 分支的损失权重
  # DGAF: Dual-Gated Adaptive Fusion
  USE_DGAF: True
  DGAF_VERSION: 'v3'  # V3 接受 (B,N,C) tokens
  DGAF_TAU: 1.0
  DGAF_INIT_ALPHA: 0.5
  DGAF_NUM_HEADS: 8
  HEAD: 4

INPUT:
  SIZE_TRAIN: [ 256, 128 ]
  SIZE_TEST: [ 256, 128 ]
  PROB: 0.5
  RE_PROB: 0.5
  PADDING: 10

DATALOADER:
  SAMPLER: 'softmax_triplet'
  NUM_INSTANCE: 8
  NUM_WORKERS: 14

DATASETS:
  NAMES: ('RGBNT201')
  ROOT_DIR: '..'

SOLVER:
  BASE_LR: 0.000005
  LR_SCHEDULER: 'linear'
  MAX_EPOCHS: 50
  STEPS: [30, 40]
  GAMMA: 0.1
  WARMUP_ITERS: 0
  WARMUP_FACTOR: 0.01
  WARMUP_METHOD: 'linear'
  OPTIMIZER_NAME: 'Adam'
  IMS_PER_BATCH: 64
  EVAL_PERIOD: 1
  CHECKPOINT_PERIOD: 10

TEST:
  IMS_PER_BATCH: 128
  RE_RANKING: 'no'
  WEIGHT: ''
  NECK_FEAT: 'before'
  FEAT_NORM: 'yes'
  MISS: "nothing"

OUTPUT_DIR: '..'

# ============================================================================
# SDTPS + DGAF Ablation Config
# ============================================================================
# - SACR: disabled
# - SDTPS: configurable via command line
# - DGAF V3: configurable via command line
# - Training: lr=0.00035, epochs=50, warmup=10
# - TF32: enabled in train_net.py
# ============================================================================

2025-12-09 12:34:30,496 DeMo INFO: Running with config:
DATALOADER:
  NUM_INSTANCE: 8
  NUM_WORKERS: 14
  SAMPLER: softmax_triplet
DATASETS:
  NAMES: RGBNT201
  ROOT_DIR: ..
INPUT:
  PADDING: 10
  PIXEL_MEAN: [0.5, 0.5, 0.5]
  PIXEL_STD: [0.5, 0.5, 0.5]
  PROB: 0.5
  RE_PROB: 0.5
  SIZE_TEST: [256, 128]
  SIZE_TRAIN: [256, 128]
MODEL:
  ADAPTER: False
  ATM: False
  ATT_DROP_RATE: 0.0
  DEVICE: cuda
  DEVICE_ID: 0
  DGAF_INIT_ALPHA: 0.5
  DGAF_NUM_HEADS: 8
  DGAF_TAU: 1.0
  DGAF_VERSION: v3
  DIRECT: 1
  DIST_TRAIN: False
  DROP_OUT: 0.0
  DROP_PATH: 0.1
  FROZEN: False
  GLOBAL_LOCAL: False
  HDM: False
  HEAD: 4
  ID_LOSS_TYPE: softmax
  ID_LOSS_WEIGHT: 0.25
  IF_LABELSMOOTH: on
  IF_WITH_CENTER: no
  LIF_BETA: 0.4
  LIF_LAYER: 3
  LIF_LOSS_WEIGHT: 0.1
  METRIC_LOSS_TYPE: triplet
  MULTIMODAL_SACR_VERSION: v1
  NAME: DeMo
  NECK: bnneck
  NO_MARGIN: True
  PRETRAIN_PATH_T: /path/to/your/vitb_16_224_21k.pth
  PROMPT: False
  SACR_DILATION_RATES: [2, 3, 4]
  SDTPS_AGGR_RATIO: 0.5
  SDTPS_BETA: 0.25
  SDTPS_CROSS_ATTN_HEADS: 4
  SDTPS_CROSS_ATTN_TYPE: attention
  SDTPS_GUMBEL_TAU: 5.0
  SDTPS_LOSS_WEIGHT: 2.0
  SDTPS_SPARSE_RATIO: 0.7
  SDTPS_USE_GUMBEL: False
  SIE_CAMERA: True
  SIE_COE: 1.0
  SIE_VIEW: False
  STRIDE_SIZE: [16, 16]
  TRANSFORMER_TYPE: ViT-B-16
  TRIPLET_LOSS_WEIGHT: 1.0
  USE_DGAF: False
  USE_LIF: False
  USE_MULTIMODAL_SACR: False
  USE_SACR: False
  USE_SDTPS: False
OUTPUT_DIR: ..
SOLVER:
  BASE_LR: 5e-06
  CENTER_LOSS_WEIGHT: 0.0005
  CENTER_LR: 0.5
  CHECKPOINT_PERIOD: 10
  CLUSTER_MARGIN: 0.3
  COSINE_MARGIN: 0.5
  COSINE_SCALE: 30
  EVAL_PERIOD: 1
  GAMMA: 0.1
  IMS_PER_BATCH: 64
  LARGE_FC_LR: False
  LOG_PERIOD: 10
  LR_SCHEDULER: linear
  MARGIN: 0.3
  MAX_EPOCHS: 50
  MOMENTUM: 0.9
  OPTIMIZER_NAME: Adam
  RANGE_ALPHA: 0
  RANGE_BETA: 1
  RANGE_K: 2
  RANGE_LOSS_WEIGHT: 1
  RANGE_MARGIN: 0.3
  SEED: 1234
  STEPS: (30, 40)
  WARMUP_FACTOR: 0.01
  WARMUP_ITERS: 0
  WARMUP_METHOD: linear
  WEIGHT_DECAY: 0.0001
  WEIGHT_DECAY_BIAS: 0.0001
TEST:
  FEAT: 0
  FEAT_NORM: yes
  IMS_PER_BATCH: 128
  MISS: nothing
  NECK_FEAT: before
  RE_RANKING: no
  WEIGHT: 
=> RGBNT201 loaded
Dataset statistics:
  ----------------------------------------
  subset   | # ids | # images | # cameras
  ----------------------------------------
  train    |   171 |     3951 |         4
  query    |    30 |      836 |         2
  gallery  |    30 |      836 |         2
  ----------------------------------------
data is ready
using Transformer_type: ViT-B-16 as a backbone
Resized position embedding: %s to %s torch.Size([197, 768]) torch.Size([129, 768])
Position embedding resize to height:16 width: 8
Successfully load ckpt!
<All keys matched successfully>
Loading pretrained model from CLIP
camera number is : 4
===========Building DeMo===========
2025-12-09 12:34:43,726 DeMo INFO: DeMo(
  (BACKBONE): build_transformer(
    (base): VisionTransformer(
      (conv1): Conv2d(3, 768, kernel_size=(16, 16), stride=(16, 16), bias=False)
      (ln_pre): LayerNorm((768,), eps=1e-05, elementwise_affine=True)
      (transformer): Transformer(
        (resblocks): Sequential(
          (0): ResidualAttentionBlock(
            (attn): MultiheadAttention(
              (out_proj): NonDynamicallyQuantizableLinear(in_features=768, out_features=768, bias=True)
            )
            (ln_1): LayerNorm((768,), eps=1e-05, elementwise_affine=True)
            (mlp): Sequential(
              (c_fc): Linear(in_features=768, out_features=3072, bias=True)
              (gelu): QuickGELU()
              (c_proj): Linear(in_features=3072, out_features=768, bias=True)
            )
            (ln_2): LayerNorm((768,), eps=1e-05, elementwise_affine=True)
          )
          (1): ResidualAttentionBlock(
            (attn): MultiheadAttention(
              (out_proj): NonDynamicallyQuantizableLinear(in_features=768, out_features=768, bias=True)
            )
            (ln_1): LayerNorm((768,), eps=1e-05, elementwise_affine=True)
            (mlp): Sequential(
              (c_fc): Linear(in_features=768, out_features=3072, bias=True)
              (gelu): QuickGELU()
              (c_proj): Linear(in_features=3072, out_features=768, bias=True)
            )
            (ln_2): LayerNorm((768,), eps=1e-05, elementwise_affine=True)
          )
          (2): ResidualAttentionBlock(
            (attn): MultiheadAttention(
              (out_proj): NonDynamicallyQuantizableLinear(in_features=768, out_features=768, bias=True)
            )
            (ln_1): LayerNorm((768,), eps=1e-05, elementwise_affine=True)
            (mlp): Sequential(
              (c_fc): Linear(in_features=768, out_features=3072, bias=True)
              (gelu): QuickGELU()
              (c_proj): Linear(in_features=3072, out_features=768, bias=True)
            )
            (ln_2): LayerNorm((768,), eps=1e-05, elementwise_affine=True)
          )
          (3): ResidualAttentionBlock(
            (attn): MultiheadAttention(
              (out_proj): NonDynamicallyQuantizableLinear(in_features=768, out_features=768, bias=True)
            )
            (ln_1): LayerNorm((768,), eps=1e-05, elementwise_affine=True)
            (mlp): Sequential(
              (c_fc): Linear(in_features=768, out_features=3072, bias=True)
              (gelu): QuickGELU()
              (c_proj): Linear(in_features=3072, out_features=768, bias=True)
            )
            (ln_2): LayerNorm((768,), eps=1e-05, elementwise_affine=True)
          )
          (4): ResidualAttentionBlock(
            (attn): MultiheadAttention(
              (out_proj): NonDynamicallyQuantizableLinear(in_features=768, out_features=768, bias=True)
            )
            (ln_1): LayerNorm((768,), eps=1e-05, elementwise_affine=True)
            (mlp): Sequential(
              (c_fc): Linear(in_features=768, out_features=3072, bias=True)
              (gelu): QuickGELU()
              (c_proj): Linear(in_features=3072, out_features=768, bias=True)
            )
            (ln_2): LayerNorm((768,), eps=1e-05, elementwise_affine=True)
          )
          (5): ResidualAttentionBlock(
            (attn): MultiheadAttention(
              (out_proj): NonDynamicallyQuantizableLinear(in_features=768, out_features=768, bias=True)
            )
            (ln_1): LayerNorm((768,), eps=1e-05, elementwise_affine=True)
            (mlp): Sequential(
              (c_fc): Linear(in_features=768, out_features=3072, bias=True)
              (gelu): QuickGELU()
              (c_proj): Linear(in_features=3072, out_features=768, bias=True)
            )
            (ln_2): LayerNorm((768,), eps=1e-05, elementwise_affine=True)
          )
          (6): ResidualAttentionBlock(
            (attn): MultiheadAttention(
              (out_proj): NonDynamicallyQuantizableLinear(in_features=768, out_features=768, bias=True)
            )
            (ln_1): LayerNorm((768,), eps=1e-05, elementwise_affine=True)
            (mlp): Sequential(
              (c_fc): Linear(in_features=768, out_features=3072, bias=True)
              (gelu): QuickGELU()
              (c_proj): Linear(in_features=3072, out_features=768, bias=True)
            )
            (ln_2): LayerNorm((768,), eps=1e-05, elementwise_affine=True)
          )
          (7): ResidualAttentionBlock(
            (attn): MultiheadAttention(
              (out_proj): NonDynamicallyQuantizableLinear(in_features=768, out_features=768, bias=True)
            )
            (ln_1): LayerNorm((768,), eps=1e-05, elementwise_affine=True)
            (mlp): Sequential(
              (c_fc): Linear(in_features=768, out_features=3072, bias=True)
              (gelu): QuickGELU()
              (c_proj): Linear(in_features=3072, out_features=768, bias=True)
            )
            (ln_2): LayerNorm((768,), eps=1e-05, elementwise_affine=True)
          )
          (8): ResidualAttentionBlock(
            (attn): MultiheadAttention(
              (out_proj): NonDynamicallyQuantizableLinear(in_features=768, out_features=768, bias=True)
            )
            (ln_1): LayerNorm((768,), eps=1e-05, elementwise_affine=True)
            (mlp): Sequential(
              (c_fc): Linear(in_features=768, out_features=3072, bias=True)
              (gelu): QuickGELU()
              (c_proj): Linear(in_features=3072, out_features=768, bias=True)
            )
            (ln_2): LayerNorm((768,), eps=1e-05, elementwise_affine=True)
          )
          (9): ResidualAttentionBlock(
            (attn): MultiheadAttention(
              (out_proj): NonDynamicallyQuantizableLinear(in_features=768, out_features=768, bias=True)
            )
            (ln_1): LayerNorm((768,), eps=1e-05, elementwise_affine=True)
            (mlp): Sequential(
              (c_fc): Linear(in_features=768, out_features=3072, bias=True)
              (gelu): QuickGELU()
              (c_proj): Linear(in_features=3072, out_features=768, bias=True)
            )
            (ln_2): LayerNorm((768,), eps=1e-05, elementwise_affine=True)
          )
          (10): ResidualAttentionBlock(
            (attn): MultiheadAttention(
              (out_proj): NonDynamicallyQuantizableLinear(in_features=768, out_features=768, bias=True)
            )
            (ln_1): LayerNorm((768,), eps=1e-05, elementwise_affine=True)
            (mlp): Sequential(
              (c_fc): Linear(in_features=768, out_features=3072, bias=True)
              (gelu): QuickGELU()
              (c_proj): Linear(in_features=3072, out_features=768, bias=True)
            )
            (ln_2): LayerNorm((768,), eps=1e-05, elementwise_affine=True)
          )
          (11): ResidualAttentionBlock(
            (attn): MultiheadAttention(
              (out_proj): NonDynamicallyQuantizableLinear(in_features=768, out_features=768, bias=True)
            )
            (ln_1): LayerNorm((768,), eps=1e-05, elementwise_affine=True)
            (mlp): Sequential(
              (c_fc): Linear(in_features=768, out_features=3072, bias=True)
              (gelu): QuickGELU()
              (c_proj): Linear(in_features=3072, out_features=768, bias=True)
            )
            (ln_2): LayerNorm((768,), eps=1e-05, elementwise_affine=True)
          )
        )
      )
      (ln_post): LayerNorm((768,), eps=1e-05, elementwise_affine=True)
    )
  )
  (pool): AdaptiveAvgPool1d(output_size=1)
  (rgb_reduce): Sequential(
    (0): LayerNorm((1024,), eps=1e-05, elementwise_affine=True)
    (1): Linear(in_features=1024, out_features=512, bias=True)
    (2): QuickGELU()
  )
  (nir_reduce): Sequential(
    (0): LayerNorm((1024,), eps=1e-05, elementwise_affine=True)
    (1): Linear(in_features=1024, out_features=512, bias=True)
    (2): QuickGELU()
  )
  (tir_reduce): Sequential(
    (0): LayerNorm((1024,), eps=1e-05, elementwise_affine=True)
    (1): Linear(in_features=1024, out_features=512, bias=True)
    (2): QuickGELU()
  )
  (classifier): Linear(in_features=1536, out_features=171, bias=False)
  (bottleneck): BatchNorm1d(1536, eps=1e-05, momentum=0.1, affine=True, track_running_stats=True)
)
2025-12-09 12:34:43,728 DeMo INFO: number of parameters:87.988224
/home/yij/miniconda3/envs/DeMo/lib/python3.8/site-packages/timm/models/helpers.py:7: FutureWarning: Importing from timm.models.helpers is deprecated, please import via timm.models
  warnings.warn(f"Importing from {__name__} is deprecated, please import via timm.models", FutureWarning)
/home/yij/miniconda3/envs/DeMo/lib/python3.8/site-packages/timm/models/registry.py:4: FutureWarning: Importing from timm.models.registry is deprecated, please import via timm.models
  warnings.warn(f"Importing from {__name__} is deprecated, please import via timm.models", FutureWarning)
/home/yij/miniconda3/envs/DeMo/lib/python3.8/site-packages/timm/models/layers/__init__.py:48: FutureWarning: Importing from timm.models.layers is deprecated, please import via timm.layers
  warnings.warn(f"Importing from {__name__} is deprecated, please import via timm.layers", FutureWarning)
/raid/yij/icme/demo2new/DeMo2/modeling/clip/clip.py:23: UserWarning: PyTorch version 1.7.1 or higher is recommended
  warnings.warn("PyTorch version 1.7.1 or higher is recommended")
/home/yij/miniconda3/envs/DeMo/lib/python3.8/site-packages/torchvision/transforms/transforms.py:329: UserWarning: Argument 'interpolation' of type int is deprecated since 0.13 and will be removed in 0.15. Please use InterpolationMode enum.
  warnings.warn(
The following submodules of the model were never called during the trace of the graph. They may be unused, or they were accessed by direct calls to .forward() or via other python methods. In the latter case they will have zeros for statistics, though their statistics will still contribute to their parent calling module.
BACKBONE.base.transformer.resblocks.0.attn.out_proj, BACKBONE.base.transformer.resblocks.1.attn.out_proj, BACKBONE.base.transformer.resblocks.10.attn.out_proj, BACKBONE.base.transformer.resblocks.11.attn.out_proj, BACKBONE.base.transformer.resblocks.2.attn.out_proj, BACKBONE.base.transformer.resblocks.3.attn.out_proj, BACKBONE.base.transformer.resblocks.4.attn.out_proj, BACKBONE.base.transformer.resblocks.5.attn.out_proj, BACKBONE.base.transformer.resblocks.6.attn.out_proj, BACKBONE.base.transformer.resblocks.7.attn.out_proj, BACKBONE.base.transformer.resblocks.8.attn.out_proj, BACKBONE.base.transformer.resblocks.9.attn.out_proj, bottleneck, classifier, nir_reduce, nir_reduce.0, nir_reduce.1, nir_reduce.2, pool, rgb_reduce, rgb_reduce.0, rgb_reduce.1, rgb_reduce.2, tir_reduce, tir_reduce.0, tir_reduce.1, tir_reduce.2
~~~~~~~~~~~~~~~~~~~~~~~~~~~~~~~~~~~~~~~~~~~~~~~~~~~~~~~~~~~~~~~~~~~~~~~~~~~~~~~~~~~~~~~~~~~~~~~~
The out_proj here is called by the nn.MultiheadAttention, which has been calculated in th .forward(), so just ignore it.
~~~~~~~~~~~~~~~~~~~~~~~~~~~~~~~~~~~~~~~~~~~~~~~~~~~~~~~~~~~~~~~~~~~~~~~~~~~~~~~~~~~~~~~~~~~~~~~~
For the bottleneck or classifier, it is not calculated during inference, so just ignore it.
~~~~~~~~~~~~~~~~~~~~~~~~~~~~~~~~~~~~~~~~~~~~~~~~~~~~~~~~~~~~~~~~~~~~~~~~~~~~~~~~~~~~~~~~~~~~~~~~
2025-12-09 12:34:55,272 DeMo INFO: number of GFLOPs: 34.275378708000005
using soft triplet loss for training
label smooth on, numclasses: 171
2025-12-09 12:34:55,285 DeMo.train INFO: start training
/home/yij/miniconda3/envs/DeMo/lib/python3.8/site-packages/torch/optim/lr_scheduler.py:138: UserWarning: Detected call of `lr_scheduler.step()` before `optimizer.step()`. In PyTorch 1.1.0 and later, you should call them in the opposite order: `optimizer.step()` before `lr_scheduler.step()`.  Failure to do this will result in PyTorch skipping the first value of the learning rate schedule. See more details at https://pytorch.org/docs/stable/optim.html#how-to-adjust-learning-rate
  warnings.warn("Detected call of `lr_scheduler.step()` before `optimizer.step()`. "
/home/yij/miniconda3/envs/DeMo/lib/python3.8/site-packages/torch/optim/lr_scheduler.py:163: UserWarning: The epoch parameter in `scheduler.step()` was not necessary and is being deprecated where possible. Please use `scheduler.step()` to step the scheduler. During the deprecation, if epoch is different from None, the closed form is used instead of the new chainable form, where available. Please open an issue if you are unable to replicate your use case: https://github.com/pytorch/pytorch/issues/new/choose.
  warnings.warn(EPOCH_DEPRECATION_WARNING, UserWarning)
2025-12-09 12:35:06,018 DeMo.train INFO: Epoch[1] Iteration[10/54] Loss: 3.436, Acc: 0.003, Base Lr: 5.00e-06
2025-12-09 12:35:08,375 DeMo.train INFO: Epoch[1] Iteration[20/54] Loss: 2.875, Acc: 0.007, Base Lr: 5.00e-06
2025-12-09 12:35:10,733 DeMo.train INFO: Epoch[1] Iteration[30/54] Loss: 2.647, Acc: 0.006, Base Lr: 5.00e-06
2025-12-09 12:35:13,073 DeMo.train INFO: Epoch[1] Iteration[40/54] Loss: 2.500, Acc: 0.009, Base Lr: 5.00e-06
2025-12-09 12:35:15,584 DeMo.train INFO: Epoch[1] Iteration[50/54] Loss: 2.403, Acc: 0.010, Base Lr: 5.00e-06
2025-12-09 12:35:16,443 DeMo.train INFO: Epoch 1 done. Time per batch: 0.399[s] Speed: 160.3[samples/s]
2025-12-09 12:35:16,444 DeMo.train INFO: ~~~~~~~~~~~~~~~~~~~~~~~~~~~~~~~~~~~~~~~~~~~~~~~~~~
2025-12-09 12:35:16,444 DeMo.train INFO: Current is the [moe,ori] feature testing!
2025-12-09 12:35:16,444 DeMo.train INFO: ~~~~~~~~~~~~~~~~~~~~~~~~~~~~~~~~~~~~~~~~~~~~~~~~~~
The test feature is normalized
=> Computing DistMat with euclidean_distance
2025-12-09 12:35:24,203 DeMo.train INFO: Validation Results - Epoch: 1
2025-12-09 12:35:24,203 DeMo.train INFO: mAP: 11.6%
2025-12-09 12:35:24,203 DeMo.train INFO: CMC curve, Rank-1  :8.6%
2025-12-09 12:35:24,203 DeMo.train INFO: CMC curve, Rank-5  :16.6%
2025-12-09 12:35:24,204 DeMo.train INFO: CMC curve, Rank-10 :25.0%
2025-12-09 12:35:24,204 DeMo.train INFO: ~~~~~~~~~~~~~~~~~~~~~~~~~~~~~~~~~~~~~~~~~~~~~~~~~~
2025-12-09 12:36:02,447 DeMo.train INFO: ~~~~~~~~~~~~~~~~~~~~~~~~~~~~~~~~~~~~~~~~~~~~~~~~~~
2025-12-09 12:36:02,448 DeMo.train INFO: Best mAP: 11.6%
2025-12-09 12:36:02,451 DeMo.train INFO: Best Rank-1: 8.6%
2025-12-09 12:36:02,453 DeMo.train INFO: Best Rank-5: 16.6%
2025-12-09 12:36:02,453 DeMo.train INFO: Best Rank-10: 25.0%
2025-12-09 12:36:02,455 DeMo.train INFO: ~~~~~~~~~~~~~~~~~~~~~~~~~~~~~~~~~~~~~~~~~~~~~~~~~~
2025-12-09 12:36:14,232 DeMo.train INFO: Epoch[2] Iteration[10/54] Loss: 1.926, Acc: 0.044, Base Lr: 4.90e-06
2025-12-09 12:36:18,505 DeMo.train INFO: Epoch[2] Iteration[20/54] Loss: 1.894, Acc: 0.045, Base Lr: 4.90e-06
2025-12-09 12:36:24,109 DeMo.train INFO: Epoch[2] Iteration[30/54] Loss: 1.878, Acc: 0.057, Base Lr: 4.90e-06
2025-12-09 12:36:26,458 DeMo.train INFO: Epoch[2] Iteration[40/54] Loss: 1.859, Acc: 0.062, Base Lr: 4.90e-06
2025-12-09 12:36:32,327 DeMo.train INFO: Epoch[2] Iteration[50/54] Loss: 1.834, Acc: 0.070, Base Lr: 4.90e-06
2025-12-09 12:36:33,166 DeMo.train INFO: Epoch 2 done. Time per batch: 0.579[s] Speed: 110.5[samples/s]
2025-12-09 12:36:33,168 DeMo.train INFO: ~~~~~~~~~~~~~~~~~~~~~~~~~~~~~~~~~~~~~~~~~~~~~~~~~~
2025-12-09 12:36:33,168 DeMo.train INFO: Current is the [moe,ori] feature testing!
2025-12-09 12:36:33,169 DeMo.train INFO: ~~~~~~~~~~~~~~~~~~~~~~~~~~~~~~~~~~~~~~~~~~~~~~~~~~
The test feature is normalized
=> Computing DistMat with euclidean_distance
2025-12-09 12:36:38,588 DeMo.train INFO: Validation Results - Epoch: 2
2025-12-09 12:36:38,588 DeMo.train INFO: mAP: 31.3%
2025-12-09 12:36:38,589 DeMo.train INFO: CMC curve, Rank-1  :28.1%
2025-12-09 12:36:38,589 DeMo.train INFO: CMC curve, Rank-5  :44.1%
2025-12-09 12:36:38,589 DeMo.train INFO: CMC curve, Rank-10 :54.1%
2025-12-09 12:36:38,589 DeMo.train INFO: ~~~~~~~~~~~~~~~~~~~~~~~~~~~~~~~~~~~~~~~~~~~~~~~~~~
2025-12-09 12:37:00,513 DeMo.train INFO: ~~~~~~~~~~~~~~~~~~~~~~~~~~~~~~~~~~~~~~~~~~~~~~~~~~
2025-12-09 12:37:00,515 DeMo.train INFO: Best mAP: 31.3%
2025-12-09 12:37:00,516 DeMo.train INFO: Best Rank-1: 28.1%
2025-12-09 12:37:00,516 DeMo.train INFO: Best Rank-5: 44.1%
2025-12-09 12:37:00,517 DeMo.train INFO: Best Rank-10: 54.1%
2025-12-09 12:37:00,518 DeMo.train INFO: ~~~~~~~~~~~~~~~~~~~~~~~~~~~~~~~~~~~~~~~~~~~~~~~~~~
2025-12-09 12:37:12,688 DeMo.train INFO: Epoch[3] Iteration[10/54] Loss: 1.632, Acc: 0.173, Base Lr: 4.80e-06
2025-12-09 12:37:16,011 DeMo.train INFO: Epoch[3] Iteration[20/54] Loss: 1.645, Acc: 0.192, Base Lr: 4.80e-06
2025-12-09 12:37:18,388 DeMo.train INFO: Epoch[3] Iteration[30/54] Loss: 1.620, Acc: 0.209, Base Lr: 4.80e-06
2025-12-09 12:37:20,802 DeMo.train INFO: Epoch[3] Iteration[40/54] Loss: 1.609, Acc: 0.207, Base Lr: 4.80e-06
2025-12-09 12:37:23,164 DeMo.train INFO: Epoch[3] Iteration[50/54] Loss: 1.590, Acc: 0.214, Base Lr: 4.80e-06
2025-12-09 12:37:24,009 DeMo.train INFO: Epoch 3 done. Time per batch: 0.443[s] Speed: 144.4[samples/s]
2025-12-09 12:37:24,010 DeMo.train INFO: ~~~~~~~~~~~~~~~~~~~~~~~~~~~~~~~~~~~~~~~~~~~~~~~~~~
2025-12-09 12:37:24,011 DeMo.train INFO: Current is the [moe,ori] feature testing!
2025-12-09 12:37:24,011 DeMo.train INFO: ~~~~~~~~~~~~~~~~~~~~~~~~~~~~~~~~~~~~~~~~~~~~~~~~~~
The test feature is normalized
=> Computing DistMat with euclidean_distance
2025-12-09 12:37:29,448 DeMo.train INFO: Validation Results - Epoch: 3
2025-12-09 12:37:29,448 DeMo.train INFO: mAP: 50.2%
2025-12-09 12:37:29,450 DeMo.train INFO: CMC curve, Rank-1  :50.8%
2025-12-09 12:37:29,451 DeMo.train INFO: CMC curve, Rank-5  :65.6%
2025-12-09 12:37:29,451 DeMo.train INFO: CMC curve, Rank-10 :73.3%
2025-12-09 12:37:29,453 DeMo.train INFO: ~~~~~~~~~~~~~~~~~~~~~~~~~~~~~~~~~~~~~~~~~~~~~~~~~~
2025-12-09 12:38:23,386 DeMo.train INFO: ~~~~~~~~~~~~~~~~~~~~~~~~~~~~~~~~~~~~~~~~~~~~~~~~~~
2025-12-09 12:38:23,387 DeMo.train INFO: Best mAP: 50.2%
2025-12-09 12:38:23,389 DeMo.train INFO: Best Rank-1: 50.8%
2025-12-09 12:38:23,389 DeMo.train INFO: Best Rank-5: 65.6%
2025-12-09 12:38:23,389 DeMo.train INFO: Best Rank-10: 73.3%
2025-12-09 12:38:23,389 DeMo.train INFO: ~~~~~~~~~~~~~~~~~~~~~~~~~~~~~~~~~~~~~~~~~~~~~~~~~~
2025-12-09 12:38:36,001 DeMo.train INFO: Epoch[4] Iteration[10/54] Loss: 1.552, Acc: 0.347, Base Lr: 4.69e-06
2025-12-09 12:38:38,348 DeMo.train INFO: Epoch[4] Iteration[20/54] Loss: 1.492, Acc: 0.425, Base Lr: 4.69e-06
2025-12-09 12:38:40,704 DeMo.train INFO: Epoch[4] Iteration[30/54] Loss: 1.484, Acc: 0.425, Base Lr: 4.69e-06
2025-12-09 12:38:43,049 DeMo.train INFO: Epoch[4] Iteration[40/54] Loss: 1.469, Acc: 0.416, Base Lr: 4.69e-06
2025-12-09 12:38:45,399 DeMo.train INFO: Epoch[4] Iteration[50/54] Loss: 1.453, Acc: 0.432, Base Lr: 4.69e-06
2025-12-09 12:38:46,234 DeMo.train INFO: Epoch 4 done. Time per batch: 0.431[s] Speed: 148.5[samples/s]
2025-12-09 12:38:46,236 DeMo.train INFO: ~~~~~~~~~~~~~~~~~~~~~~~~~~~~~~~~~~~~~~~~~~~~~~~~~~
2025-12-09 12:38:46,236 DeMo.train INFO: Current is the [moe,ori] feature testing!
2025-12-09 12:38:46,236 DeMo.train INFO: ~~~~~~~~~~~~~~~~~~~~~~~~~~~~~~~~~~~~~~~~~~~~~~~~~~
The test feature is normalized
=> Computing DistMat with euclidean_distance
2025-12-09 12:38:51,404 DeMo.train INFO: Validation Results - Epoch: 4
2025-12-09 12:38:51,405 DeMo.train INFO: mAP: 55.8%
2025-12-09 12:38:51,405 DeMo.train INFO: CMC curve, Rank-1  :56.5%
2025-12-09 12:38:51,405 DeMo.train INFO: CMC curve, Rank-5  :68.3%
2025-12-09 12:38:51,405 DeMo.train INFO: CMC curve, Rank-10 :74.2%
2025-12-09 12:38:51,405 DeMo.train INFO: ~~~~~~~~~~~~~~~~~~~~~~~~~~~~~~~~~~~~~~~~~~~~~~~~~~
2025-12-09 12:39:15,802 DeMo.train INFO: ~~~~~~~~~~~~~~~~~~~~~~~~~~~~~~~~~~~~~~~~~~~~~~~~~~
2025-12-09 12:39:15,804 DeMo.train INFO: Best mAP: 55.8%
2025-12-09 12:39:15,805 DeMo.train INFO: Best Rank-1: 56.5%
2025-12-09 12:39:15,806 DeMo.train INFO: Best Rank-5: 68.3%
2025-12-09 12:39:15,807 DeMo.train INFO: Best Rank-10: 74.2%
2025-12-09 12:39:15,808 DeMo.train INFO: ~~~~~~~~~~~~~~~~~~~~~~~~~~~~~~~~~~~~~~~~~~~~~~~~~~
2025-12-09 12:39:27,911 DeMo.train INFO: Epoch[5] Iteration[10/54] Loss: 1.403, Acc: 0.500, Base Lr: 4.59e-06
2025-12-09 12:39:31,715 DeMo.train INFO: Epoch[5] Iteration[20/54] Loss: 1.419, Acc: 0.530, Base Lr: 4.59e-06
2025-12-09 12:39:37,421 DeMo.train INFO: Epoch[5] Iteration[30/54] Loss: 1.413, Acc: 0.588, Base Lr: 4.59e-06
2025-12-09 12:39:39,804 DeMo.train INFO: Epoch[5] Iteration[40/54] Loss: 1.398, Acc: 0.602, Base Lr: 4.59e-06
2025-12-09 12:39:45,417 DeMo.train INFO: Epoch[5] Iteration[50/54] Loss: 1.386, Acc: 0.622, Base Lr: 4.59e-06
2025-12-09 12:39:46,243 DeMo.train INFO: Epoch 5 done. Time per batch: 0.574[s] Speed: 111.5[samples/s]
2025-12-09 12:39:46,245 DeMo.train INFO: ~~~~~~~~~~~~~~~~~~~~~~~~~~~~~~~~~~~~~~~~~~~~~~~~~~
2025-12-09 12:39:46,245 DeMo.train INFO: Current is the [moe,ori] feature testing!
2025-12-09 12:39:46,246 DeMo.train INFO: ~~~~~~~~~~~~~~~~~~~~~~~~~~~~~~~~~~~~~~~~~~~~~~~~~~
The test feature is normalized
=> Computing DistMat with euclidean_distance
2025-12-09 12:40:04,883 DeMo.train INFO: Validation Results - Epoch: 5
2025-12-09 12:40:04,883 DeMo.train INFO: mAP: 57.3%
2025-12-09 12:40:04,883 DeMo.train INFO: CMC curve, Rank-1  :56.6%
2025-12-09 12:40:04,883 DeMo.train INFO: CMC curve, Rank-5  :70.8%
2025-12-09 12:40:04,883 DeMo.train INFO: CMC curve, Rank-10 :77.4%
2025-12-09 12:40:04,883 DeMo.train INFO: ~~~~~~~~~~~~~~~~~~~~~~~~~~~~~~~~~~~~~~~~~~~~~~~~~~
2025-12-09 12:40:23,637 DeMo.train INFO: ~~~~~~~~~~~~~~~~~~~~~~~~~~~~~~~~~~~~~~~~~~~~~~~~~~
2025-12-09 12:40:23,638 DeMo.train INFO: Best mAP: 57.3%
2025-12-09 12:40:23,638 DeMo.train INFO: Best Rank-1: 56.6%
2025-12-09 12:40:23,638 DeMo.train INFO: Best Rank-5: 70.8%
2025-12-09 12:40:23,639 DeMo.train INFO: Best Rank-10: 77.4%
2025-12-09 12:40:23,639 DeMo.train INFO: ~~~~~~~~~~~~~~~~~~~~~~~~~~~~~~~~~~~~~~~~~~~~~~~~~~
2025-12-09 12:40:30,822 DeMo.train INFO: Epoch[6] Iteration[10/54] Loss: 1.333, Acc: 0.700, Base Lr: 4.49e-06
2025-12-09 12:40:33,209 DeMo.train INFO: Epoch[6] Iteration[20/54] Loss: 1.335, Acc: 0.700, Base Lr: 4.49e-06
2025-12-09 12:40:35,763 DeMo.train INFO: Epoch[6] Iteration[30/54] Loss: 1.332, Acc: 0.707, Base Lr: 4.49e-06
2025-12-09 12:40:38,107 DeMo.train INFO: Epoch[6] Iteration[40/54] Loss: 1.328, Acc: 0.725, Base Lr: 4.49e-06
2025-12-09 12:40:43,502 DeMo.train INFO: Epoch[6] Iteration[50/54] Loss: 1.331, Acc: 0.733, Base Lr: 4.49e-06
2025-12-09 12:40:44,436 DeMo.train INFO: Epoch 6 done. Time per batch: 0.392[s] Speed: 163.1[samples/s]
2025-12-09 12:40:44,437 DeMo.train INFO: ~~~~~~~~~~~~~~~~~~~~~~~~~~~~~~~~~~~~~~~~~~~~~~~~~~
2025-12-09 12:40:44,437 DeMo.train INFO: Current is the [moe,ori] feature testing!
2025-12-09 12:40:44,437 DeMo.train INFO: ~~~~~~~~~~~~~~~~~~~~~~~~~~~~~~~~~~~~~~~~~~~~~~~~~~
The test feature is normalized
=> Computing DistMat with euclidean_distance
2025-12-09 12:40:49,715 DeMo.train INFO: Validation Results - Epoch: 6
2025-12-09 12:40:49,716 DeMo.train INFO: mAP: 61.3%
2025-12-09 12:40:49,717 DeMo.train INFO: CMC curve, Rank-1  :60.6%
2025-12-09 12:40:49,718 DeMo.train INFO: CMC curve, Rank-5  :72.4%
2025-12-09 12:40:49,719 DeMo.train INFO: CMC curve, Rank-10 :79.3%
2025-12-09 12:40:49,719 DeMo.train INFO: ~~~~~~~~~~~~~~~~~~~~~~~~~~~~~~~~~~~~~~~~~~~~~~~~~~
2025-12-09 12:41:37,357 DeMo.train INFO: ~~~~~~~~~~~~~~~~~~~~~~~~~~~~~~~~~~~~~~~~~~~~~~~~~~
2025-12-09 12:41:37,360 DeMo.train INFO: Best mAP: 61.3%
2025-12-09 12:41:37,361 DeMo.train INFO: Best Rank-1: 60.6%
2025-12-09 12:41:37,362 DeMo.train INFO: Best Rank-5: 72.4%
2025-12-09 12:41:37,363 DeMo.train INFO: Best Rank-10: 79.3%
2025-12-09 12:41:37,364 DeMo.train INFO: ~~~~~~~~~~~~~~~~~~~~~~~~~~~~~~~~~~~~~~~~~~~~~~~~~~
2025-12-09 12:41:49,266 DeMo.train INFO: Epoch[7] Iteration[10/54] Loss: 1.304, Acc: 0.770, Base Lr: 4.39e-06
2025-12-09 12:41:53,059 DeMo.train INFO: Epoch[7] Iteration[20/54] Loss: 1.304, Acc: 0.785, Base Lr: 4.39e-06
2025-12-09 12:41:57,929 DeMo.train INFO: Epoch[7] Iteration[30/54] Loss: 1.321, Acc: 0.803, Base Lr: 4.39e-06
2025-12-09 12:42:00,337 DeMo.train INFO: Epoch[7] Iteration[40/54] Loss: 1.321, Acc: 0.811, Base Lr: 4.39e-06
2025-12-09 12:42:02,685 DeMo.train INFO: Epoch[7] Iteration[50/54] Loss: 1.315, Acc: 0.804, Base Lr: 4.39e-06
2025-12-09 12:42:03,520 DeMo.train INFO: Epoch 7 done. Time per batch: 0.493[s] Speed: 129.7[samples/s]
2025-12-09 12:42:03,521 DeMo.train INFO: ~~~~~~~~~~~~~~~~~~~~~~~~~~~~~~~~~~~~~~~~~~~~~~~~~~
2025-12-09 12:42:03,521 DeMo.train INFO: Current is the [moe,ori] feature testing!
2025-12-09 12:42:03,521 DeMo.train INFO: ~~~~~~~~~~~~~~~~~~~~~~~~~~~~~~~~~~~~~~~~~~~~~~~~~~
The test feature is normalized
=> Computing DistMat with euclidean_distance
2025-12-09 12:42:09,099 DeMo.train INFO: Validation Results - Epoch: 7
2025-12-09 12:42:09,099 DeMo.train INFO: mAP: 62.3%
2025-12-09 12:42:09,099 DeMo.train INFO: CMC curve, Rank-1  :63.5%
2025-12-09 12:42:09,099 DeMo.train INFO: CMC curve, Rank-5  :74.0%
2025-12-09 12:42:09,099 DeMo.train INFO: CMC curve, Rank-10 :80.0%
2025-12-09 12:42:09,099 DeMo.train INFO: ~~~~~~~~~~~~~~~~~~~~~~~~~~~~~~~~~~~~~~~~~~~~~~~~~~
2025-12-09 12:42:30,029 DeMo.train INFO: ~~~~~~~~~~~~~~~~~~~~~~~~~~~~~~~~~~~~~~~~~~~~~~~~~~
2025-12-09 12:42:30,029 DeMo.train INFO: Best mAP: 62.3%
2025-12-09 12:42:30,030 DeMo.train INFO: Best Rank-1: 63.5%
2025-12-09 12:42:30,031 DeMo.train INFO: Best Rank-5: 74.0%
2025-12-09 12:42:30,032 DeMo.train INFO: Best Rank-10: 80.0%
2025-12-09 12:42:30,032 DeMo.train INFO: ~~~~~~~~~~~~~~~~~~~~~~~~~~~~~~~~~~~~~~~~~~~~~~~~~~
2025-12-09 12:42:41,816 DeMo.train INFO: Epoch[8] Iteration[10/54] Loss: 1.336, Acc: 0.784, Base Lr: 4.29e-06
2025-12-09 12:42:45,890 DeMo.train INFO: Epoch[8] Iteration[20/54] Loss: 1.299, Acc: 0.794, Base Lr: 4.29e-06
2025-12-09 12:42:51,541 DeMo.train INFO: Epoch[8] Iteration[30/54] Loss: 1.292, Acc: 0.815, Base Lr: 4.29e-06
2025-12-09 12:42:53,912 DeMo.train INFO: Epoch[8] Iteration[40/54] Loss: 1.282, Acc: 0.837, Base Lr: 4.29e-06
2025-12-09 12:42:59,817 DeMo.train INFO: Epoch[8] Iteration[50/54] Loss: 1.284, Acc: 0.842, Base Lr: 4.29e-06
2025-12-09 12:43:00,650 DeMo.train INFO: Epoch 8 done. Time per batch: 0.578[s] Speed: 110.8[samples/s]
2025-12-09 12:43:00,652 DeMo.train INFO: ~~~~~~~~~~~~~~~~~~~~~~~~~~~~~~~~~~~~~~~~~~~~~~~~~~
2025-12-09 12:43:00,653 DeMo.train INFO: Current is the [moe,ori] feature testing!
2025-12-09 12:43:00,653 DeMo.train INFO: ~~~~~~~~~~~~~~~~~~~~~~~~~~~~~~~~~~~~~~~~~~~~~~~~~~
The test feature is normalized
=> Computing DistMat with euclidean_distance
2025-12-09 12:43:18,622 DeMo.train INFO: Validation Results - Epoch: 8
2025-12-09 12:43:18,624 DeMo.train INFO: mAP: 60.2%
2025-12-09 12:43:18,625 DeMo.train INFO: CMC curve, Rank-1  :59.6%
2025-12-09 12:43:18,625 DeMo.train INFO: CMC curve, Rank-5  :74.2%
2025-12-09 12:43:18,626 DeMo.train INFO: CMC curve, Rank-10 :80.1%
2025-12-09 12:43:18,627 DeMo.train INFO: ~~~~~~~~~~~~~~~~~~~~~~~~~~~~~~~~~~~~~~~~~~~~~~~~~~
2025-12-09 12:43:19,055 DeMo.train INFO: ~~~~~~~~~~~~~~~~~~~~~~~~~~~~~~~~~~~~~~~~~~~~~~~~~~
2025-12-09 12:43:19,055 DeMo.train INFO: Best mAP: 62.3%
2025-12-09 12:43:19,056 DeMo.train INFO: Best Rank-1: 63.5%
2025-12-09 12:43:19,057 DeMo.train INFO: Best Rank-5: 74.0%
2025-12-09 12:43:19,057 DeMo.train INFO: Best Rank-10: 80.0%
2025-12-09 12:43:19,058 DeMo.train INFO: ~~~~~~~~~~~~~~~~~~~~~~~~~~~~~~~~~~~~~~~~~~~~~~~~~~
2025-12-09 12:43:26,451 DeMo.train INFO: Epoch[9] Iteration[10/54] Loss: 1.273, Acc: 0.838, Base Lr: 4.18e-06
2025-12-09 12:43:28,826 DeMo.train INFO: Epoch[9] Iteration[20/54] Loss: 1.265, Acc: 0.845, Base Lr: 4.18e-06
2025-12-09 12:43:31,182 DeMo.train INFO: Epoch[9] Iteration[30/54] Loss: 1.266, Acc: 0.841, Base Lr: 4.18e-06
2025-12-09 12:43:33,574 DeMo.train INFO: Epoch[9] Iteration[40/54] Loss: 1.260, Acc: 0.859, Base Lr: 4.18e-06
2025-12-09 12:43:35,936 DeMo.train INFO: Epoch[9] Iteration[50/54] Loss: 1.257, Acc: 0.876, Base Lr: 4.18e-06
2025-12-09 12:43:36,770 DeMo.train INFO: Epoch 9 done. Time per batch: 0.334[s] Speed: 191.5[samples/s]
2025-12-09 12:43:36,771 DeMo.train INFO: ~~~~~~~~~~~~~~~~~~~~~~~~~~~~~~~~~~~~~~~~~~~~~~~~~~
2025-12-09 12:43:36,771 DeMo.train INFO: Current is the [moe,ori] feature testing!
2025-12-09 12:43:36,771 DeMo.train INFO: ~~~~~~~~~~~~~~~~~~~~~~~~~~~~~~~~~~~~~~~~~~~~~~~~~~
The test feature is normalized
=> Computing DistMat with euclidean_distance
2025-12-09 12:43:42,592 DeMo.train INFO: Validation Results - Epoch: 9
2025-12-09 12:43:42,592 DeMo.train INFO: mAP: 66.4%
2025-12-09 12:43:42,592 DeMo.train INFO: CMC curve, Rank-1  :67.3%
2025-12-09 12:43:42,592 DeMo.train INFO: CMC curve, Rank-5  :78.6%
2025-12-09 12:43:42,592 DeMo.train INFO: CMC curve, Rank-10 :84.8%
2025-12-09 12:43:42,593 DeMo.train INFO: ~~~~~~~~~~~~~~~~~~~~~~~~~~~~~~~~~~~~~~~~~~~~~~~~~~
2025-12-09 12:44:04,571 DeMo.train INFO: ~~~~~~~~~~~~~~~~~~~~~~~~~~~~~~~~~~~~~~~~~~~~~~~~~~
2025-12-09 12:44:04,572 DeMo.train INFO: Best mAP: 66.4%
2025-12-09 12:44:04,573 DeMo.train INFO: Best Rank-1: 67.3%
2025-12-09 12:44:04,574 DeMo.train INFO: Best Rank-5: 78.6%
2025-12-09 12:44:04,575 DeMo.train INFO: Best Rank-10: 84.8%
2025-12-09 12:44:04,576 DeMo.train INFO: ~~~~~~~~~~~~~~~~~~~~~~~~~~~~~~~~~~~~~~~~~~~~~~~~~~
2025-12-09 12:44:16,505 DeMo.train INFO: Epoch[10] Iteration[10/54] Loss: 1.246, Acc: 0.855, Base Lr: 4.08e-06
2025-12-09 12:44:20,553 DeMo.train INFO: Epoch[10] Iteration[20/54] Loss: 1.235, Acc: 0.856, Base Lr: 4.08e-06
2025-12-09 12:44:26,599 DeMo.train INFO: Epoch[10] Iteration[30/54] Loss: 1.243, Acc: 0.874, Base Lr: 4.08e-06
2025-12-09 12:44:28,977 DeMo.train INFO: Epoch[10] Iteration[40/54] Loss: 1.242, Acc: 0.886, Base Lr: 4.08e-06
2025-12-09 12:44:34,541 DeMo.train INFO: Epoch[10] Iteration[50/54] Loss: 1.239, Acc: 0.897, Base Lr: 4.08e-06
2025-12-09 12:44:35,378 DeMo.train INFO: Epoch 10 done. Time per batch: 0.581[s] Speed: 110.1[samples/s]
2025-12-09 12:44:35,379 DeMo.train INFO: ~~~~~~~~~~~~~~~~~~~~~~~~~~~~~~~~~~~~~~~~~~~~~~~~~~
2025-12-09 12:44:35,379 DeMo.train INFO: Current is the [moe,ori] feature testing!
2025-12-09 12:44:35,379 DeMo.train INFO: ~~~~~~~~~~~~~~~~~~~~~~~~~~~~~~~~~~~~~~~~~~~~~~~~~~
The test feature is normalized
=> Computing DistMat with euclidean_distance
2025-12-09 12:44:43,747 DeMo.train INFO: Validation Results - Epoch: 10
2025-12-09 12:44:43,748 DeMo.train INFO: mAP: 61.8%
2025-12-09 12:44:43,748 DeMo.train INFO: CMC curve, Rank-1  :63.2%
2025-12-09 12:44:43,748 DeMo.train INFO: CMC curve, Rank-5  :75.5%
2025-12-09 12:44:43,748 DeMo.train INFO: CMC curve, Rank-10 :82.1%
2025-12-09 12:44:43,748 DeMo.train INFO: ~~~~~~~~~~~~~~~~~~~~~~~~~~~~~~~~~~~~~~~~~~~~~~~~~~
2025-12-09 12:44:45,571 DeMo.train INFO: ~~~~~~~~~~~~~~~~~~~~~~~~~~~~~~~~~~~~~~~~~~~~~~~~~~
2025-12-09 12:44:45,572 DeMo.train INFO: Best mAP: 66.4%
2025-12-09 12:44:45,572 DeMo.train INFO: Best Rank-1: 67.3%
2025-12-09 12:44:45,572 DeMo.train INFO: Best Rank-5: 78.6%
2025-12-09 12:44:45,572 DeMo.train INFO: Best Rank-10: 84.8%
2025-12-09 12:44:45,572 DeMo.train INFO: ~~~~~~~~~~~~~~~~~~~~~~~~~~~~~~~~~~~~~~~~~~~~~~~~~~
2025-12-09 12:44:52,788 DeMo.train INFO: Epoch[11] Iteration[10/54] Loss: 1.216, Acc: 0.852, Base Lr: 3.98e-06
2025-12-09 12:44:55,175 DeMo.train INFO: Epoch[11] Iteration[20/54] Loss: 1.212, Acc: 0.874, Base Lr: 3.98e-06
2025-12-09 12:44:57,599 DeMo.train INFO: Epoch[11] Iteration[30/54] Loss: 1.219, Acc: 0.882, Base Lr: 3.98e-06
2025-12-09 12:44:59,966 DeMo.train INFO: Epoch[11] Iteration[40/54] Loss: 1.216, Acc: 0.893, Base Lr: 3.98e-06
2025-12-09 12:45:02,343 DeMo.train INFO: Epoch[11] Iteration[50/54] Loss: 1.215, Acc: 0.897, Base Lr: 3.98e-06
2025-12-09 12:45:03,175 DeMo.train INFO: Epoch 11 done. Time per batch: 0.332[s] Speed: 192.7[samples/s]
2025-12-09 12:45:03,176 DeMo.train INFO: ~~~~~~~~~~~~~~~~~~~~~~~~~~~~~~~~~~~~~~~~~~~~~~~~~~
2025-12-09 12:45:03,177 DeMo.train INFO: Current is the [moe,ori] feature testing!
2025-12-09 12:45:03,177 DeMo.train INFO: ~~~~~~~~~~~~~~~~~~~~~~~~~~~~~~~~~~~~~~~~~~~~~~~~~~
The test feature is normalized
=> Computing DistMat with euclidean_distance
2025-12-09 12:45:13,642 DeMo.train INFO: Validation Results - Epoch: 11
2025-12-09 12:45:13,643 DeMo.train INFO: mAP: 64.3%
2025-12-09 12:45:13,644 DeMo.train INFO: CMC curve, Rank-1  :65.7%
2025-12-09 12:45:13,646 DeMo.train INFO: CMC curve, Rank-5  :79.2%
2025-12-09 12:45:13,646 DeMo.train INFO: CMC curve, Rank-10 :85.8%
2025-12-09 12:45:13,647 DeMo.train INFO: ~~~~~~~~~~~~~~~~~~~~~~~~~~~~~~~~~~~~~~~~~~~~~~~~~~
2025-12-09 12:45:15,166 DeMo.train INFO: ~~~~~~~~~~~~~~~~~~~~~~~~~~~~~~~~~~~~~~~~~~~~~~~~~~
2025-12-09 12:45:15,167 DeMo.train INFO: Best mAP: 66.4%
2025-12-09 12:45:15,168 DeMo.train INFO: Best Rank-1: 67.3%
2025-12-09 12:45:15,169 DeMo.train INFO: Best Rank-5: 78.6%
2025-12-09 12:45:15,170 DeMo.train INFO: Best Rank-10: 84.8%
2025-12-09 12:45:15,170 DeMo.train INFO: ~~~~~~~~~~~~~~~~~~~~~~~~~~~~~~~~~~~~~~~~~~~~~~~~~~
2025-12-09 12:45:26,836 DeMo.train INFO: Epoch[12] Iteration[10/54] Loss: 1.202, Acc: 0.917, Base Lr: 3.88e-06
2025-12-09 12:45:30,762 DeMo.train INFO: Epoch[12] Iteration[20/54] Loss: 1.212, Acc: 0.902, Base Lr: 3.88e-06
2025-12-09 12:45:35,733 DeMo.train INFO: Epoch[12] Iteration[30/54] Loss: 1.209, Acc: 0.903, Base Lr: 3.88e-06
2025-12-09 12:45:38,132 DeMo.train INFO: Epoch[12] Iteration[40/54] Loss: 1.204, Acc: 0.908, Base Lr: 3.88e-06
2025-12-09 12:45:40,500 DeMo.train INFO: Epoch[12] Iteration[50/54] Loss: 1.212, Acc: 0.907, Base Lr: 3.88e-06
2025-12-09 12:45:41,341 DeMo.train INFO: Epoch 12 done. Time per batch: 0.494[s] Speed: 129.6[samples/s]
2025-12-09 12:45:41,343 DeMo.train INFO: ~~~~~~~~~~~~~~~~~~~~~~~~~~~~~~~~~~~~~~~~~~~~~~~~~~
2025-12-09 12:45:41,343 DeMo.train INFO: Current is the [moe,ori] feature testing!
2025-12-09 12:45:41,343 DeMo.train INFO: ~~~~~~~~~~~~~~~~~~~~~~~~~~~~~~~~~~~~~~~~~~~~~~~~~~
The test feature is normalized
=> Computing DistMat with euclidean_distance
2025-12-09 12:45:47,458 DeMo.train INFO: Validation Results - Epoch: 12
2025-12-09 12:45:47,459 DeMo.train INFO: mAP: 60.3%
2025-12-09 12:45:47,459 DeMo.train INFO: CMC curve, Rank-1  :63.8%
2025-12-09 12:45:47,459 DeMo.train INFO: CMC curve, Rank-5  :74.4%
2025-12-09 12:45:47,459 DeMo.train INFO: CMC curve, Rank-10 :82.1%
2025-12-09 12:45:47,459 DeMo.train INFO: ~~~~~~~~~~~~~~~~~~~~~~~~~~~~~~~~~~~~~~~~~~~~~~~~~~
2025-12-09 12:45:48,923 DeMo.train INFO: ~~~~~~~~~~~~~~~~~~~~~~~~~~~~~~~~~~~~~~~~~~~~~~~~~~
2025-12-09 12:45:48,923 DeMo.train INFO: Best mAP: 66.4%
2025-12-09 12:45:48,923 DeMo.train INFO: Best Rank-1: 67.3%
2025-12-09 12:45:48,923 DeMo.train INFO: Best Rank-5: 78.6%
2025-12-09 12:45:48,924 DeMo.train INFO: Best Rank-10: 84.8%
2025-12-09 12:45:48,924 DeMo.train INFO: ~~~~~~~~~~~~~~~~~~~~~~~~~~~~~~~~~~~~~~~~~~~~~~~~~~
2025-12-09 12:45:55,086 DeMo.train INFO: Epoch[13] Iteration[10/54] Loss: 1.194, Acc: 0.903, Base Lr: 3.78e-06
2025-12-09 12:45:57,485 DeMo.train INFO: Epoch[13] Iteration[20/54] Loss: 1.208, Acc: 0.921, Base Lr: 3.78e-06
2025-12-09 12:45:59,836 DeMo.train INFO: Epoch[13] Iteration[30/54] Loss: 1.204, Acc: 0.910, Base Lr: 3.78e-06
2025-12-09 12:46:02,251 DeMo.train INFO: Epoch[13] Iteration[40/54] Loss: 1.203, Acc: 0.914, Base Lr: 3.78e-06
2025-12-09 12:46:04,637 DeMo.train INFO: Epoch[13] Iteration[50/54] Loss: 1.203, Acc: 0.920, Base Lr: 3.78e-06
2025-12-09 12:46:05,468 DeMo.train INFO: Epoch 13 done. Time per batch: 0.312[s] Speed: 205.0[samples/s]
2025-12-09 12:46:05,470 DeMo.train INFO: ~~~~~~~~~~~~~~~~~~~~~~~~~~~~~~~~~~~~~~~~~~~~~~~~~~
2025-12-09 12:46:05,470 DeMo.train INFO: Current is the [moe,ori] feature testing!
2025-12-09 12:46:05,471 DeMo.train INFO: ~~~~~~~~~~~~~~~~~~~~~~~~~~~~~~~~~~~~~~~~~~~~~~~~~~
The test feature is normalized
=> Computing DistMat with euclidean_distance
2025-12-09 12:46:15,238 DeMo.train INFO: Validation Results - Epoch: 13
2025-12-09 12:46:15,238 DeMo.train INFO: mAP: 64.4%
2025-12-09 12:46:15,238 DeMo.train INFO: CMC curve, Rank-1  :65.3%
2025-12-09 12:46:15,238 DeMo.train INFO: CMC curve, Rank-5  :78.9%
2025-12-09 12:46:15,238 DeMo.train INFO: CMC curve, Rank-10 :85.3%
2025-12-09 12:46:15,238 DeMo.train INFO: ~~~~~~~~~~~~~~~~~~~~~~~~~~~~~~~~~~~~~~~~~~~~~~~~~~
2025-12-09 12:46:15,702 DeMo.train INFO: ~~~~~~~~~~~~~~~~~~~~~~~~~~~~~~~~~~~~~~~~~~~~~~~~~~
2025-12-09 12:46:15,703 DeMo.train INFO: Best mAP: 66.4%
2025-12-09 12:46:15,703 DeMo.train INFO: Best Rank-1: 67.3%
2025-12-09 12:46:15,703 DeMo.train INFO: Best Rank-5: 78.6%
2025-12-09 12:46:15,703 DeMo.train INFO: Best Rank-10: 84.8%
2025-12-09 12:46:15,703 DeMo.train INFO: ~~~~~~~~~~~~~~~~~~~~~~~~~~~~~~~~~~~~~~~~~~~~~~~~~~
2025-12-09 12:46:21,403 DeMo.train INFO: Epoch[14] Iteration[10/54] Loss: 1.187, Acc: 0.931, Base Lr: 3.67e-06
2025-12-09 12:46:23,797 DeMo.train INFO: Epoch[14] Iteration[20/54] Loss: 1.181, Acc: 0.902, Base Lr: 3.67e-06
2025-12-09 12:46:26,982 DeMo.train INFO: Epoch[14] Iteration[30/54] Loss: 1.182, Acc: 0.910, Base Lr: 3.67e-06
2025-12-09 12:46:29,802 DeMo.train INFO: Epoch[14] Iteration[40/54] Loss: 1.183, Acc: 0.918, Base Lr: 3.67e-06
2025-12-09 12:46:32,777 DeMo.train INFO: Epoch[14] Iteration[50/54] Loss: 1.181, Acc: 0.919, Base Lr: 3.67e-06
2025-12-09 12:46:33,614 DeMo.train INFO: Epoch 14 done. Time per batch: 0.338[s] Speed: 189.4[samples/s]
2025-12-09 12:46:33,616 DeMo.train INFO: ~~~~~~~~~~~~~~~~~~~~~~~~~~~~~~~~~~~~~~~~~~~~~~~~~~
2025-12-09 12:46:33,617 DeMo.train INFO: Current is the [moe,ori] feature testing!
2025-12-09 12:46:33,618 DeMo.train INFO: ~~~~~~~~~~~~~~~~~~~~~~~~~~~~~~~~~~~~~~~~~~~~~~~~~~
The test feature is normalized
=> Computing DistMat with euclidean_distance
2025-12-09 12:46:39,764 DeMo.train INFO: Validation Results - Epoch: 14
2025-12-09 12:46:39,765 DeMo.train INFO: mAP: 69.5%
2025-12-09 12:46:39,765 DeMo.train INFO: CMC curve, Rank-1  :71.7%
2025-12-09 12:46:39,765 DeMo.train INFO: CMC curve, Rank-5  :82.2%
2025-12-09 12:46:39,765 DeMo.train INFO: CMC curve, Rank-10 :87.0%
2025-12-09 12:46:39,765 DeMo.train INFO: ~~~~~~~~~~~~~~~~~~~~~~~~~~~~~~~~~~~~~~~~~~~~~~~~~~
2025-12-09 12:46:58,042 DeMo.train INFO: ~~~~~~~~~~~~~~~~~~~~~~~~~~~~~~~~~~~~~~~~~~~~~~~~~~
2025-12-09 12:46:58,043 DeMo.train INFO: Best mAP: 69.5%
2025-12-09 12:46:58,043 DeMo.train INFO: Best Rank-1: 71.7%
2025-12-09 12:46:58,043 DeMo.train INFO: Best Rank-5: 82.2%
2025-12-09 12:46:58,043 DeMo.train INFO: Best Rank-10: 87.0%
2025-12-09 12:46:58,043 DeMo.train INFO: ~~~~~~~~~~~~~~~~~~~~~~~~~~~~~~~~~~~~~~~~~~~~~~~~~~
2025-12-09 12:47:04,604 DeMo.train INFO: Epoch[15] Iteration[10/54] Loss: 1.173, Acc: 0.889, Base Lr: 3.57e-06
2025-12-09 12:47:06,990 DeMo.train INFO: Epoch[15] Iteration[20/54] Loss: 1.172, Acc: 0.905, Base Lr: 3.57e-06
2025-12-09 12:47:09,340 DeMo.train INFO: Epoch[15] Iteration[30/54] Loss: 1.167, Acc: 0.914, Base Lr: 3.57e-06
2025-12-09 12:47:11,719 DeMo.train INFO: Epoch[15] Iteration[40/54] Loss: 1.164, Acc: 0.924, Base Lr: 3.57e-06
2025-12-09 12:47:14,081 DeMo.train INFO: Epoch[15] Iteration[50/54] Loss: 1.161, Acc: 0.931, Base Lr: 3.57e-06
2025-12-09 12:47:14,932 DeMo.train INFO: Epoch 15 done. Time per batch: 0.319[s] Speed: 200.9[samples/s]
2025-12-09 12:47:14,934 DeMo.train INFO: ~~~~~~~~~~~~~~~~~~~~~~~~~~~~~~~~~~~~~~~~~~~~~~~~~~
2025-12-09 12:47:14,934 DeMo.train INFO: Current is the [moe,ori] feature testing!
2025-12-09 12:47:14,936 DeMo.train INFO: ~~~~~~~~~~~~~~~~~~~~~~~~~~~~~~~~~~~~~~~~~~~~~~~~~~
The test feature is normalized
=> Computing DistMat with euclidean_distance
2025-12-09 12:47:23,996 DeMo.train INFO: Validation Results - Epoch: 15
2025-12-09 12:47:23,998 DeMo.train INFO: mAP: 69.4%
2025-12-09 12:47:23,998 DeMo.train INFO: CMC curve, Rank-1  :72.0%
2025-12-09 12:47:23,998 DeMo.train INFO: CMC curve, Rank-5  :82.1%
2025-12-09 12:47:23,999 DeMo.train INFO: CMC curve, Rank-10 :87.6%
2025-12-09 12:47:24,000 DeMo.train INFO: ~~~~~~~~~~~~~~~~~~~~~~~~~~~~~~~~~~~~~~~~~~~~~~~~~~
2025-12-09 12:47:25,787 DeMo.train INFO: ~~~~~~~~~~~~~~~~~~~~~~~~~~~~~~~~~~~~~~~~~~~~~~~~~~
2025-12-09 12:47:25,788 DeMo.train INFO: Best mAP: 69.5%
2025-12-09 12:47:25,790 DeMo.train INFO: Best Rank-1: 71.7%
2025-12-09 12:47:25,790 DeMo.train INFO: Best Rank-5: 82.2%
2025-12-09 12:47:25,790 DeMo.train INFO: Best Rank-10: 87.0%
2025-12-09 12:47:25,791 DeMo.train INFO: ~~~~~~~~~~~~~~~~~~~~~~~~~~~~~~~~~~~~~~~~~~~~~~~~~~
2025-12-09 12:47:32,741 DeMo.train INFO: Epoch[16] Iteration[10/54] Loss: 1.150, Acc: 0.853, Base Lr: 3.47e-06
2025-12-09 12:47:35,315 DeMo.train INFO: Epoch[16] Iteration[20/54] Loss: 1.151, Acc: 0.909, Base Lr: 3.47e-06
2025-12-09 12:47:37,682 DeMo.train INFO: Epoch[16] Iteration[30/54] Loss: 1.151, Acc: 0.916, Base Lr: 3.47e-06
2025-12-09 12:47:40,059 DeMo.train INFO: Epoch[16] Iteration[40/54] Loss: 1.149, Acc: 0.929, Base Lr: 3.47e-06
2025-12-09 12:47:42,453 DeMo.train INFO: Epoch[16] Iteration[50/54] Loss: 1.147, Acc: 0.934, Base Lr: 3.47e-06
2025-12-09 12:47:43,303 DeMo.train INFO: Epoch 16 done. Time per batch: 0.330[s] Speed: 193.7[samples/s]
2025-12-09 12:47:43,305 DeMo.train INFO: ~~~~~~~~~~~~~~~~~~~~~~~~~~~~~~~~~~~~~~~~~~~~~~~~~~
2025-12-09 12:47:43,305 DeMo.train INFO: Current is the [moe,ori] feature testing!
2025-12-09 12:47:43,306 DeMo.train INFO: ~~~~~~~~~~~~~~~~~~~~~~~~~~~~~~~~~~~~~~~~~~~~~~~~~~
The test feature is normalized
=> Computing DistMat with euclidean_distance
2025-12-09 12:47:53,055 DeMo.train INFO: Validation Results - Epoch: 16
2025-12-09 12:47:53,057 DeMo.train INFO: mAP: 71.7%
2025-12-09 12:47:53,058 DeMo.train INFO: CMC curve, Rank-1  :75.5%
2025-12-09 12:47:53,058 DeMo.train INFO: CMC curve, Rank-5  :85.5%
2025-12-09 12:47:53,060 DeMo.train INFO: CMC curve, Rank-10 :90.7%
2025-12-09 12:47:53,060 DeMo.train INFO: ~~~~~~~~~~~~~~~~~~~~~~~~~~~~~~~~~~~~~~~~~~~~~~~~~~
2025-12-09 12:48:12,389 DeMo.train INFO: ~~~~~~~~~~~~~~~~~~~~~~~~~~~~~~~~~~~~~~~~~~~~~~~~~~
2025-12-09 12:48:12,390 DeMo.train INFO: Best mAP: 71.7%
2025-12-09 12:48:12,390 DeMo.train INFO: Best Rank-1: 75.5%
2025-12-09 12:48:12,390 DeMo.train INFO: Best Rank-5: 85.5%
2025-12-09 12:48:12,390 DeMo.train INFO: Best Rank-10: 90.7%
2025-12-09 12:48:12,390 DeMo.train INFO: ~~~~~~~~~~~~~~~~~~~~~~~~~~~~~~~~~~~~~~~~~~~~~~~~~~
2025-12-09 12:48:19,460 DeMo.train INFO: Epoch[17] Iteration[10/54] Loss: 1.161, Acc: 0.886, Base Lr: 3.37e-06
2025-12-09 12:48:21,894 DeMo.train INFO: Epoch[17] Iteration[20/54] Loss: 1.160, Acc: 0.897, Base Lr: 3.37e-06
2025-12-09 12:48:24,297 DeMo.train INFO: Epoch[17] Iteration[30/54] Loss: 1.164, Acc: 0.916, Base Lr: 3.37e-06
2025-12-09 12:48:26,716 DeMo.train INFO: Epoch[17] Iteration[40/54] Loss: 1.160, Acc: 0.927, Base Lr: 3.37e-06
2025-12-09 12:48:29,102 DeMo.train INFO: Epoch[17] Iteration[50/54] Loss: 1.159, Acc: 0.939, Base Lr: 3.37e-06
2025-12-09 12:48:29,954 DeMo.train INFO: Epoch 17 done. Time per batch: 0.331[s] Speed: 193.1[samples/s]
2025-12-09 12:48:29,955 DeMo.train INFO: ~~~~~~~~~~~~~~~~~~~~~~~~~~~~~~~~~~~~~~~~~~~~~~~~~~
2025-12-09 12:48:29,956 DeMo.train INFO: Current is the [moe,ori] feature testing!
2025-12-09 12:48:29,957 DeMo.train INFO: ~~~~~~~~~~~~~~~~~~~~~~~~~~~~~~~~~~~~~~~~~~~~~~~~~~
The test feature is normalized
=> Computing DistMat with euclidean_distance
2025-12-09 12:48:40,246 DeMo.train INFO: Validation Results - Epoch: 17
2025-12-09 12:48:40,247 DeMo.train INFO: mAP: 69.5%
2025-12-09 12:48:40,247 DeMo.train INFO: CMC curve, Rank-1  :70.8%
2025-12-09 12:48:40,247 DeMo.train INFO: CMC curve, Rank-5  :82.3%
2025-12-09 12:48:40,247 DeMo.train INFO: CMC curve, Rank-10 :87.2%
2025-12-09 12:48:40,247 DeMo.train INFO: ~~~~~~~~~~~~~~~~~~~~~~~~~~~~~~~~~~~~~~~~~~~~~~~~~~
2025-12-09 12:48:41,679 DeMo.train INFO: ~~~~~~~~~~~~~~~~~~~~~~~~~~~~~~~~~~~~~~~~~~~~~~~~~~
2025-12-09 12:48:41,680 DeMo.train INFO: Best mAP: 71.7%
2025-12-09 12:48:41,680 DeMo.train INFO: Best Rank-1: 75.5%
2025-12-09 12:48:41,680 DeMo.train INFO: Best Rank-5: 85.5%
2025-12-09 12:48:41,680 DeMo.train INFO: Best Rank-10: 90.7%
2025-12-09 12:48:41,680 DeMo.train INFO: ~~~~~~~~~~~~~~~~~~~~~~~~~~~~~~~~~~~~~~~~~~~~~~~~~~
2025-12-09 12:48:48,176 DeMo.train INFO: Epoch[18] Iteration[10/54] Loss: 1.143, Acc: 0.887, Base Lr: 3.27e-06
2025-12-09 12:48:50,641 DeMo.train INFO: Epoch[18] Iteration[20/54] Loss: 1.155, Acc: 0.911, Base Lr: 3.27e-06
2025-12-09 12:48:53,009 DeMo.train INFO: Epoch[18] Iteration[30/54] Loss: 1.148, Acc: 0.920, Base Lr: 3.27e-06
2025-12-09 12:48:55,406 DeMo.train INFO: Epoch[18] Iteration[40/54] Loss: 1.144, Acc: 0.930, Base Lr: 3.27e-06
2025-12-09 12:48:57,856 DeMo.train INFO: Epoch[18] Iteration[50/54] Loss: 1.142, Acc: 0.938, Base Lr: 3.27e-06
2025-12-09 12:48:58,705 DeMo.train INFO: Epoch 18 done. Time per batch: 0.321[s] Speed: 199.2[samples/s]
2025-12-09 12:48:58,706 DeMo.train INFO: ~~~~~~~~~~~~~~~~~~~~~~~~~~~~~~~~~~~~~~~~~~~~~~~~~~
2025-12-09 12:48:58,706 DeMo.train INFO: Current is the [moe,ori] feature testing!
2025-12-09 12:48:58,706 DeMo.train INFO: ~~~~~~~~~~~~~~~~~~~~~~~~~~~~~~~~~~~~~~~~~~~~~~~~~~
The test feature is normalized
=> Computing DistMat with euclidean_distance
2025-12-09 12:49:03,858 DeMo.train INFO: Validation Results - Epoch: 18
2025-12-09 12:49:03,859 DeMo.train INFO: mAP: 70.7%
2025-12-09 12:49:03,859 DeMo.train INFO: CMC curve, Rank-1  :74.3%
2025-12-09 12:49:03,859 DeMo.train INFO: CMC curve, Rank-5  :83.3%
2025-12-09 12:49:03,859 DeMo.train INFO: CMC curve, Rank-10 :88.0%
2025-12-09 12:49:03,859 DeMo.train INFO: ~~~~~~~~~~~~~~~~~~~~~~~~~~~~~~~~~~~~~~~~~~~~~~~~~~
2025-12-09 12:49:04,223 DeMo.train INFO: ~~~~~~~~~~~~~~~~~~~~~~~~~~~~~~~~~~~~~~~~~~~~~~~~~~
2025-12-09 12:49:04,224 DeMo.train INFO: Best mAP: 71.7%
2025-12-09 12:49:04,224 DeMo.train INFO: Best Rank-1: 75.5%
2025-12-09 12:49:04,224 DeMo.train INFO: Best Rank-5: 85.5%
2025-12-09 12:49:04,224 DeMo.train INFO: Best Rank-10: 90.7%
2025-12-09 12:49:04,224 DeMo.train INFO: ~~~~~~~~~~~~~~~~~~~~~~~~~~~~~~~~~~~~~~~~~~~~~~~~~~
2025-12-09 12:49:10,251 DeMo.train INFO: Epoch[19] Iteration[10/54] Loss: 1.137, Acc: 0.903, Base Lr: 3.16e-06
2025-12-09 12:49:12,636 DeMo.train INFO: Epoch[19] Iteration[20/54] Loss: 1.128, Acc: 0.915, Base Lr: 3.16e-06
2025-12-09 12:49:14,998 DeMo.train INFO: Epoch[19] Iteration[30/54] Loss: 1.132, Acc: 0.926, Base Lr: 3.16e-06
2025-12-09 12:49:17,375 DeMo.train INFO: Epoch[19] Iteration[40/54] Loss: 1.127, Acc: 0.936, Base Lr: 3.16e-06
2025-12-09 12:49:19,733 DeMo.train INFO: Epoch[19] Iteration[50/54] Loss: 1.133, Acc: 0.942, Base Lr: 3.16e-06
2025-12-09 12:49:20,613 DeMo.train INFO: Epoch 19 done. Time per batch: 0.309[s] Speed: 207.0[samples/s]
2025-12-09 12:49:20,615 DeMo.train INFO: ~~~~~~~~~~~~~~~~~~~~~~~~~~~~~~~~~~~~~~~~~~~~~~~~~~
2025-12-09 12:49:20,615 DeMo.train INFO: Current is the [moe,ori] feature testing!
2025-12-09 12:49:20,615 DeMo.train INFO: ~~~~~~~~~~~~~~~~~~~~~~~~~~~~~~~~~~~~~~~~~~~~~~~~~~
The test feature is normalized
=> Computing DistMat with euclidean_distance
2025-12-09 12:49:26,357 DeMo.train INFO: Validation Results - Epoch: 19
2025-12-09 12:49:26,357 DeMo.train INFO: mAP: 64.9%
2025-12-09 12:49:26,358 DeMo.train INFO: CMC curve, Rank-1  :68.3%
2025-12-09 12:49:26,358 DeMo.train INFO: CMC curve, Rank-5  :79.9%
2025-12-09 12:49:26,358 DeMo.train INFO: CMC curve, Rank-10 :85.4%
2025-12-09 12:49:26,358 DeMo.train INFO: ~~~~~~~~~~~~~~~~~~~~~~~~~~~~~~~~~~~~~~~~~~~~~~~~~~
2025-12-09 12:49:27,359 DeMo.train INFO: ~~~~~~~~~~~~~~~~~~~~~~~~~~~~~~~~~~~~~~~~~~~~~~~~~~
2025-12-09 12:49:27,359 DeMo.train INFO: Best mAP: 71.7%
2025-12-09 12:49:27,360 DeMo.train INFO: Best Rank-1: 75.5%
2025-12-09 12:49:27,360 DeMo.train INFO: Best Rank-5: 85.5%
2025-12-09 12:49:27,360 DeMo.train INFO: Best Rank-10: 90.7%
2025-12-09 12:49:27,360 DeMo.train INFO: ~~~~~~~~~~~~~~~~~~~~~~~~~~~~~~~~~~~~~~~~~~~~~~~~~~
2025-12-09 12:49:33,309 DeMo.train INFO: Epoch[20] Iteration[10/54] Loss: 1.158, Acc: 0.902, Base Lr: 3.06e-06
2025-12-09 12:49:35,730 DeMo.train INFO: Epoch[20] Iteration[20/54] Loss: 1.142, Acc: 0.920, Base Lr: 3.06e-06
2025-12-09 12:49:38,092 DeMo.train INFO: Epoch[20] Iteration[30/54] Loss: 1.140, Acc: 0.925, Base Lr: 3.06e-06
2025-12-09 12:49:40,487 DeMo.train INFO: Epoch[20] Iteration[40/54] Loss: 1.135, Acc: 0.934, Base Lr: 3.06e-06
2025-12-09 12:49:42,851 DeMo.train INFO: Epoch[20] Iteration[50/54] Loss: 1.130, Acc: 0.944, Base Lr: 3.06e-06
2025-12-09 12:49:43,680 DeMo.train INFO: Epoch 20 done. Time per batch: 0.308[s] Speed: 207.8[samples/s]
2025-12-09 12:49:43,682 DeMo.train INFO: ~~~~~~~~~~~~~~~~~~~~~~~~~~~~~~~~~~~~~~~~~~~~~~~~~~
2025-12-09 12:49:43,683 DeMo.train INFO: Current is the [moe,ori] feature testing!
2025-12-09 12:49:43,684 DeMo.train INFO: ~~~~~~~~~~~~~~~~~~~~~~~~~~~~~~~~~~~~~~~~~~~~~~~~~~
The test feature is normalized
=> Computing DistMat with euclidean_distance
2025-12-09 12:49:53,556 DeMo.train INFO: Validation Results - Epoch: 20
2025-12-09 12:49:53,556 DeMo.train INFO: mAP: 73.9%
2025-12-09 12:49:53,557 DeMo.train INFO: CMC curve, Rank-1  :77.6%
2025-12-09 12:49:53,558 DeMo.train INFO: CMC curve, Rank-5  :86.0%
2025-12-09 12:49:53,558 DeMo.train INFO: CMC curve, Rank-10 :89.5%
2025-12-09 12:49:53,559 DeMo.train INFO: ~~~~~~~~~~~~~~~~~~~~~~~~~~~~~~~~~~~~~~~~~~~~~~~~~~
2025-12-09 12:50:28,739 DeMo.train INFO: ~~~~~~~~~~~~~~~~~~~~~~~~~~~~~~~~~~~~~~~~~~~~~~~~~~
2025-12-09 12:50:28,740 DeMo.train INFO: Best mAP: 73.9%
2025-12-09 12:50:28,742 DeMo.train INFO: Best Rank-1: 77.6%
2025-12-09 12:50:28,743 DeMo.train INFO: Best Rank-5: 86.0%
2025-12-09 12:50:28,744 DeMo.train INFO: Best Rank-10: 89.5%
2025-12-09 12:50:28,745 DeMo.train INFO: ~~~~~~~~~~~~~~~~~~~~~~~~~~~~~~~~~~~~~~~~~~~~~~~~~~
2025-12-09 12:50:37,699 DeMo.train INFO: Epoch[21] Iteration[10/54] Loss: 1.120, Acc: 0.928, Base Lr: 2.96e-06
2025-12-09 12:50:40,091 DeMo.train INFO: Epoch[21] Iteration[20/54] Loss: 1.119, Acc: 0.927, Base Lr: 2.96e-06
2025-12-09 12:50:42,472 DeMo.train INFO: Epoch[21] Iteration[30/54] Loss: 1.113, Acc: 0.948, Base Lr: 2.96e-06
2025-12-09 12:50:44,864 DeMo.train INFO: Epoch[21] Iteration[40/54] Loss: 1.109, Acc: 0.946, Base Lr: 2.96e-06
2025-12-09 12:50:47,272 DeMo.train INFO: Epoch[21] Iteration[50/54] Loss: 1.109, Acc: 0.947, Base Lr: 2.96e-06
2025-12-09 12:50:48,113 DeMo.train INFO: Epoch 21 done. Time per batch: 0.365[s] Speed: 175.2[samples/s]
2025-12-09 12:50:48,114 DeMo.train INFO: ~~~~~~~~~~~~~~~~~~~~~~~~~~~~~~~~~~~~~~~~~~~~~~~~~~
2025-12-09 12:50:48,114 DeMo.train INFO: Current is the [moe,ori] feature testing!
2025-12-09 12:50:48,114 DeMo.train INFO: ~~~~~~~~~~~~~~~~~~~~~~~~~~~~~~~~~~~~~~~~~~~~~~~~~~
The test feature is normalized
=> Computing DistMat with euclidean_distance
2025-12-09 12:50:53,303 DeMo.train INFO: Validation Results - Epoch: 21
2025-12-09 12:50:53,304 DeMo.train INFO: mAP: 72.5%
2025-12-09 12:50:53,304 DeMo.train INFO: CMC curve, Rank-1  :75.7%
2025-12-09 12:50:53,304 DeMo.train INFO: CMC curve, Rank-5  :84.9%
2025-12-09 12:50:53,304 DeMo.train INFO: CMC curve, Rank-10 :89.1%
2025-12-09 12:50:53,304 DeMo.train INFO: ~~~~~~~~~~~~~~~~~~~~~~~~~~~~~~~~~~~~~~~~~~~~~~~~~~
2025-12-09 12:50:54,763 DeMo.train INFO: ~~~~~~~~~~~~~~~~~~~~~~~~~~~~~~~~~~~~~~~~~~~~~~~~~~
2025-12-09 12:50:54,763 DeMo.train INFO: Best mAP: 73.9%
2025-12-09 12:50:54,763 DeMo.train INFO: Best Rank-1: 77.6%
2025-12-09 12:50:54,763 DeMo.train INFO: Best Rank-5: 86.0%
2025-12-09 12:50:54,764 DeMo.train INFO: Best Rank-10: 89.5%
2025-12-09 12:50:54,764 DeMo.train INFO: ~~~~~~~~~~~~~~~~~~~~~~~~~~~~~~~~~~~~~~~~~~~~~~~~~~
2025-12-09 12:51:00,859 DeMo.train INFO: Epoch[22] Iteration[10/54] Loss: 1.101, Acc: 0.916, Base Lr: 2.86e-06
2025-12-09 12:51:04,125 DeMo.train INFO: Epoch[22] Iteration[20/54] Loss: 1.098, Acc: 0.923, Base Lr: 2.86e-06
2025-12-09 12:51:06,501 DeMo.train INFO: Epoch[22] Iteration[30/54] Loss: 1.099, Acc: 0.931, Base Lr: 2.86e-06
2025-12-09 12:51:08,887 DeMo.train INFO: Epoch[22] Iteration[40/54] Loss: 1.100, Acc: 0.933, Base Lr: 2.86e-06
2025-12-09 12:51:11,309 DeMo.train INFO: Epoch[22] Iteration[50/54] Loss: 1.097, Acc: 0.940, Base Lr: 2.86e-06
2025-12-09 12:51:12,143 DeMo.train INFO: Epoch 22 done. Time per batch: 0.328[s] Speed: 195.2[samples/s]
2025-12-09 12:51:12,145 DeMo.train INFO: ~~~~~~~~~~~~~~~~~~~~~~~~~~~~~~~~~~~~~~~~~~~~~~~~~~
2025-12-09 12:51:12,145 DeMo.train INFO: Current is the [moe,ori] feature testing!
2025-12-09 12:51:12,145 DeMo.train INFO: ~~~~~~~~~~~~~~~~~~~~~~~~~~~~~~~~~~~~~~~~~~~~~~~~~~
The test feature is normalized
=> Computing DistMat with euclidean_distance
2025-12-09 12:51:17,297 DeMo.train INFO: Validation Results - Epoch: 22
2025-12-09 12:51:17,297 DeMo.train INFO: mAP: 71.0%
2025-12-09 12:51:17,298 DeMo.train INFO: CMC curve, Rank-1  :73.8%
2025-12-09 12:51:17,298 DeMo.train INFO: CMC curve, Rank-5  :83.4%
2025-12-09 12:51:17,298 DeMo.train INFO: CMC curve, Rank-10 :87.9%
2025-12-09 12:51:17,298 DeMo.train INFO: ~~~~~~~~~~~~~~~~~~~~~~~~~~~~~~~~~~~~~~~~~~~~~~~~~~
2025-12-09 12:51:19,034 DeMo.train INFO: ~~~~~~~~~~~~~~~~~~~~~~~~~~~~~~~~~~~~~~~~~~~~~~~~~~
2025-12-09 12:51:19,035 DeMo.train INFO: Best mAP: 73.9%
2025-12-09 12:51:19,035 DeMo.train INFO: Best Rank-1: 77.6%
2025-12-09 12:51:19,035 DeMo.train INFO: Best Rank-5: 86.0%
2025-12-09 12:51:19,035 DeMo.train INFO: Best Rank-10: 89.5%
2025-12-09 12:51:19,035 DeMo.train INFO: ~~~~~~~~~~~~~~~~~~~~~~~~~~~~~~~~~~~~~~~~~~~~~~~~~~
2025-12-09 12:51:23,981 DeMo.train INFO: Epoch[23] Iteration[10/54] Loss: 1.103, Acc: 0.873, Base Lr: 2.76e-06
2025-12-09 12:51:26,388 DeMo.train INFO: Epoch[23] Iteration[20/54] Loss: 1.108, Acc: 0.911, Base Lr: 2.76e-06
2025-12-09 12:51:28,828 DeMo.train INFO: Epoch[23] Iteration[30/54] Loss: 1.101, Acc: 0.930, Base Lr: 2.76e-06
2025-12-09 12:51:31,232 DeMo.train INFO: Epoch[23] Iteration[40/54] Loss: 1.096, Acc: 0.938, Base Lr: 2.76e-06
2025-12-09 12:51:35,499 DeMo.train INFO: Epoch[23] Iteration[50/54] Loss: 1.093, Acc: 0.949, Base Lr: 2.76e-06
2025-12-09 12:51:36,905 DeMo.train INFO: Epoch 23 done. Time per batch: 0.337[s] Speed: 189.8[samples/s]
2025-12-09 12:51:36,907 DeMo.train INFO: ~~~~~~~~~~~~~~~~~~~~~~~~~~~~~~~~~~~~~~~~~~~~~~~~~~
2025-12-09 12:51:36,907 DeMo.train INFO: Current is the [moe,ori] feature testing!
2025-12-09 12:51:36,908 DeMo.train INFO: ~~~~~~~~~~~~~~~~~~~~~~~~~~~~~~~~~~~~~~~~~~~~~~~~~~
The test feature is normalized
=> Computing DistMat with euclidean_distance
2025-12-09 12:51:55,013 DeMo.train INFO: Validation Results - Epoch: 23
2025-12-09 12:51:55,014 DeMo.train INFO: mAP: 70.6%
2025-12-09 12:51:55,016 DeMo.train INFO: CMC curve, Rank-1  :72.7%
2025-12-09 12:51:55,016 DeMo.train INFO: CMC curve, Rank-5  :83.4%
2025-12-09 12:51:55,017 DeMo.train INFO: CMC curve, Rank-10 :88.0%
2025-12-09 12:51:55,017 DeMo.train INFO: ~~~~~~~~~~~~~~~~~~~~~~~~~~~~~~~~~~~~~~~~~~~~~~~~~~
2025-12-09 12:51:56,192 DeMo.train INFO: ~~~~~~~~~~~~~~~~~~~~~~~~~~~~~~~~~~~~~~~~~~~~~~~~~~
2025-12-09 12:51:56,194 DeMo.train INFO: Best mAP: 73.9%
2025-12-09 12:51:56,194 DeMo.train INFO: Best Rank-1: 77.6%
2025-12-09 12:51:56,195 DeMo.train INFO: Best Rank-5: 86.0%
2025-12-09 12:51:56,196 DeMo.train INFO: Best Rank-10: 89.5%
2025-12-09 12:51:56,197 DeMo.train INFO: ~~~~~~~~~~~~~~~~~~~~~~~~~~~~~~~~~~~~~~~~~~~~~~~~~~
2025-12-09 12:52:07,987 DeMo.train INFO: Epoch[24] Iteration[10/54] Loss: 1.082, Acc: 0.911, Base Lr: 2.65e-06
2025-12-09 12:52:11,632 DeMo.train INFO: Epoch[24] Iteration[20/54] Loss: 1.086, Acc: 0.920, Base Lr: 2.65e-06
2025-12-09 12:52:15,222 DeMo.train INFO: Epoch[24] Iteration[30/54] Loss: 1.081, Acc: 0.930, Base Lr: 2.65e-06
2025-12-09 12:52:17,616 DeMo.train INFO: Epoch[24] Iteration[40/54] Loss: 1.082, Acc: 0.937, Base Lr: 2.65e-06
2025-12-09 12:52:19,970 DeMo.train INFO: Epoch[24] Iteration[50/54] Loss: 1.081, Acc: 0.943, Base Lr: 2.65e-06
2025-12-09 12:52:20,844 DeMo.train INFO: Epoch 24 done. Time per batch: 0.465[s] Speed: 137.6[samples/s]
2025-12-09 12:52:20,845 DeMo.train INFO: ~~~~~~~~~~~~~~~~~~~~~~~~~~~~~~~~~~~~~~~~~~~~~~~~~~
2025-12-09 12:52:20,845 DeMo.train INFO: Current is the [moe,ori] feature testing!
2025-12-09 12:52:20,845 DeMo.train INFO: ~~~~~~~~~~~~~~~~~~~~~~~~~~~~~~~~~~~~~~~~~~~~~~~~~~
The test feature is normalized
=> Computing DistMat with euclidean_distance
2025-12-09 12:52:25,754 DeMo.train INFO: Validation Results - Epoch: 24
2025-12-09 12:52:25,754 DeMo.train INFO: mAP: 73.8%
2025-12-09 12:52:25,754 DeMo.train INFO: CMC curve, Rank-1  :77.4%
2025-12-09 12:52:25,754 DeMo.train INFO: CMC curve, Rank-5  :87.3%
2025-12-09 12:52:25,754 DeMo.train INFO: CMC curve, Rank-10 :91.4%
2025-12-09 12:52:25,754 DeMo.train INFO: ~~~~~~~~~~~~~~~~~~~~~~~~~~~~~~~~~~~~~~~~~~~~~~~~~~
2025-12-09 12:52:27,018 DeMo.train INFO: ~~~~~~~~~~~~~~~~~~~~~~~~~~~~~~~~~~~~~~~~~~~~~~~~~~
2025-12-09 12:52:27,018 DeMo.train INFO: Best mAP: 73.9%
2025-12-09 12:52:27,018 DeMo.train INFO: Best Rank-1: 77.6%
2025-12-09 12:52:27,018 DeMo.train INFO: Best Rank-5: 86.0%
2025-12-09 12:52:27,018 DeMo.train INFO: Best Rank-10: 89.5%
2025-12-09 12:52:27,018 DeMo.train INFO: ~~~~~~~~~~~~~~~~~~~~~~~~~~~~~~~~~~~~~~~~~~~~~~~~~~
2025-12-09 12:52:34,696 DeMo.train INFO: Epoch[25] Iteration[10/54] Loss: 1.082, Acc: 0.900, Base Lr: 2.55e-06
2025-12-09 12:52:37,109 DeMo.train INFO: Epoch[25] Iteration[20/54] Loss: 1.081, Acc: 0.920, Base Lr: 2.55e-06
2025-12-09 12:52:39,472 DeMo.train INFO: Epoch[25] Iteration[30/54] Loss: 1.076, Acc: 0.929, Base Lr: 2.55e-06
2025-12-09 12:52:41,893 DeMo.train INFO: Epoch[25] Iteration[40/54] Loss: 1.074, Acc: 0.932, Base Lr: 2.55e-06
2025-12-09 12:52:44,321 DeMo.train INFO: Epoch[25] Iteration[50/54] Loss: 1.074, Acc: 0.945, Base Lr: 2.55e-06
2025-12-09 12:52:45,158 DeMo.train INFO: Epoch 25 done. Time per batch: 0.342[s] Speed: 187.0[samples/s]
2025-12-09 12:52:45,160 DeMo.train INFO: ~~~~~~~~~~~~~~~~~~~~~~~~~~~~~~~~~~~~~~~~~~~~~~~~~~
2025-12-09 12:52:45,160 DeMo.train INFO: Current is the [moe,ori] feature testing!
2025-12-09 12:52:45,160 DeMo.train INFO: ~~~~~~~~~~~~~~~~~~~~~~~~~~~~~~~~~~~~~~~~~~~~~~~~~~
The test feature is normalized
=> Computing DistMat with euclidean_distance
2025-12-09 12:52:50,902 DeMo.train INFO: Validation Results - Epoch: 25
2025-12-09 12:52:50,903 DeMo.train INFO: mAP: 69.0%
2025-12-09 12:52:50,903 DeMo.train INFO: CMC curve, Rank-1  :70.8%
2025-12-09 12:52:50,903 DeMo.train INFO: CMC curve, Rank-5  :82.8%
2025-12-09 12:52:50,903 DeMo.train INFO: CMC curve, Rank-10 :87.2%
2025-12-09 12:52:50,903 DeMo.train INFO: ~~~~~~~~~~~~~~~~~~~~~~~~~~~~~~~~~~~~~~~~~~~~~~~~~~
2025-12-09 12:52:53,047 DeMo.train INFO: ~~~~~~~~~~~~~~~~~~~~~~~~~~~~~~~~~~~~~~~~~~~~~~~~~~
2025-12-09 12:52:53,049 DeMo.train INFO: Best mAP: 73.9%
2025-12-09 12:52:53,049 DeMo.train INFO: Best Rank-1: 77.6%
2025-12-09 12:52:53,050 DeMo.train INFO: Best Rank-5: 86.0%
2025-12-09 12:52:53,050 DeMo.train INFO: Best Rank-10: 89.5%
2025-12-09 12:52:53,050 DeMo.train INFO: ~~~~~~~~~~~~~~~~~~~~~~~~~~~~~~~~~~~~~~~~~~~~~~~~~~
2025-12-09 12:53:04,671 DeMo.train INFO: Epoch[26] Iteration[10/54] Loss: 1.089, Acc: 0.870, Base Lr: 2.45e-06
2025-12-09 12:53:07,945 DeMo.train INFO: Epoch[26] Iteration[20/54] Loss: 1.076, Acc: 0.921, Base Lr: 2.45e-06
2025-12-09 12:53:13,847 DeMo.train INFO: Epoch[26] Iteration[30/54] Loss: 1.074, Acc: 0.934, Base Lr: 2.45e-06
2025-12-09 12:53:16,226 DeMo.train INFO: Epoch[26] Iteration[40/54] Loss: 1.071, Acc: 0.942, Base Lr: 2.45e-06
2025-12-09 12:53:21,969 DeMo.train INFO: Epoch[26] Iteration[50/54] Loss: 1.070, Acc: 0.948, Base Lr: 2.45e-06
2025-12-09 12:53:22,828 DeMo.train INFO: Epoch 26 done. Time per batch: 0.562[s] Speed: 113.9[samples/s]
2025-12-09 12:53:22,831 DeMo.train INFO: ~~~~~~~~~~~~~~~~~~~~~~~~~~~~~~~~~~~~~~~~~~~~~~~~~~
2025-12-09 12:53:22,832 DeMo.train INFO: Current is the [moe,ori] feature testing!
2025-12-09 12:53:22,833 DeMo.train INFO: ~~~~~~~~~~~~~~~~~~~~~~~~~~~~~~~~~~~~~~~~~~~~~~~~~~
The test feature is normalized
=> Computing DistMat with euclidean_distance
2025-12-09 12:53:32,267 DeMo.train INFO: Validation Results - Epoch: 26
2025-12-09 12:53:32,267 DeMo.train INFO: mAP: 71.6%
2025-12-09 12:53:32,267 DeMo.train INFO: CMC curve, Rank-1  :72.6%
2025-12-09 12:53:32,267 DeMo.train INFO: CMC curve, Rank-5  :83.4%
2025-12-09 12:53:32,267 DeMo.train INFO: CMC curve, Rank-10 :87.6%
2025-12-09 12:53:32,267 DeMo.train INFO: ~~~~~~~~~~~~~~~~~~~~~~~~~~~~~~~~~~~~~~~~~~~~~~~~~~
2025-12-09 12:53:34,793 DeMo.train INFO: ~~~~~~~~~~~~~~~~~~~~~~~~~~~~~~~~~~~~~~~~~~~~~~~~~~
2025-12-09 12:53:34,794 DeMo.train INFO: Best mAP: 73.9%
2025-12-09 12:53:34,794 DeMo.train INFO: Best Rank-1: 77.6%
2025-12-09 12:53:34,794 DeMo.train INFO: Best Rank-5: 86.0%
2025-12-09 12:53:34,794 DeMo.train INFO: Best Rank-10: 89.5%
2025-12-09 12:53:34,794 DeMo.train INFO: ~~~~~~~~~~~~~~~~~~~~~~~~~~~~~~~~~~~~~~~~~~~~~~~~~~
2025-12-09 12:53:42,750 DeMo.train INFO: Epoch[27] Iteration[10/54] Loss: 1.072, Acc: 0.923, Base Lr: 2.35e-06
2025-12-09 12:53:45,175 DeMo.train INFO: Epoch[27] Iteration[20/54] Loss: 1.069, Acc: 0.917, Base Lr: 2.35e-06
2025-12-09 12:53:47,543 DeMo.train INFO: Epoch[27] Iteration[30/54] Loss: 1.070, Acc: 0.935, Base Lr: 2.35e-06
2025-12-09 12:53:49,939 DeMo.train INFO: Epoch[27] Iteration[40/54] Loss: 1.071, Acc: 0.943, Base Lr: 2.35e-06
2025-12-09 12:53:52,326 DeMo.train INFO: Epoch[27] Iteration[50/54] Loss: 1.068, Acc: 0.945, Base Lr: 2.35e-06
2025-12-09 12:53:53,187 DeMo.train INFO: Epoch 27 done. Time per batch: 0.347[s] Speed: 184.4[samples/s]
2025-12-09 12:53:53,189 DeMo.train INFO: ~~~~~~~~~~~~~~~~~~~~~~~~~~~~~~~~~~~~~~~~~~~~~~~~~~
2025-12-09 12:53:53,189 DeMo.train INFO: Current is the [moe,ori] feature testing!
2025-12-09 12:53:53,190 DeMo.train INFO: ~~~~~~~~~~~~~~~~~~~~~~~~~~~~~~~~~~~~~~~~~~~~~~~~~~
The test feature is normalized
=> Computing DistMat with euclidean_distance
2025-12-09 12:54:02,753 DeMo.train INFO: Validation Results - Epoch: 27
2025-12-09 12:54:02,754 DeMo.train INFO: mAP: 71.6%
2025-12-09 12:54:02,755 DeMo.train INFO: CMC curve, Rank-1  :73.8%
2025-12-09 12:54:02,756 DeMo.train INFO: CMC curve, Rank-5  :84.4%
2025-12-09 12:54:02,756 DeMo.train INFO: CMC curve, Rank-10 :88.9%
2025-12-09 12:54:02,757 DeMo.train INFO: ~~~~~~~~~~~~~~~~~~~~~~~~~~~~~~~~~~~~~~~~~~~~~~~~~~
2025-12-09 12:54:03,668 DeMo.train INFO: ~~~~~~~~~~~~~~~~~~~~~~~~~~~~~~~~~~~~~~~~~~~~~~~~~~
2025-12-09 12:54:03,670 DeMo.train INFO: Best mAP: 73.9%
2025-12-09 12:54:03,670 DeMo.train INFO: Best Rank-1: 77.6%
2025-12-09 12:54:03,672 DeMo.train INFO: Best Rank-5: 86.0%
2025-12-09 12:54:03,673 DeMo.train INFO: Best Rank-10: 89.5%
2025-12-09 12:54:03,673 DeMo.train INFO: ~~~~~~~~~~~~~~~~~~~~~~~~~~~~~~~~~~~~~~~~~~~~~~~~~~
2025-12-09 12:54:12,932 DeMo.train INFO: Epoch[28] Iteration[10/54] Loss: 1.083, Acc: 0.897, Base Lr: 2.24e-06
2025-12-09 12:54:15,326 DeMo.train INFO: Epoch[28] Iteration[20/54] Loss: 1.072, Acc: 0.929, Base Lr: 2.24e-06
2025-12-09 12:54:17,704 DeMo.train INFO: Epoch[28] Iteration[30/54] Loss: 1.066, Acc: 0.941, Base Lr: 2.24e-06
2025-12-09 12:54:20,100 DeMo.train INFO: Epoch[28] Iteration[40/54] Loss: 1.061, Acc: 0.946, Base Lr: 2.24e-06
2025-12-09 12:54:22,523 DeMo.train INFO: Epoch[28] Iteration[50/54] Loss: 1.056, Acc: 0.956, Base Lr: 2.24e-06
2025-12-09 12:54:23,376 DeMo.train INFO: Epoch 28 done. Time per batch: 0.372[s] Speed: 172.2[samples/s]
2025-12-09 12:54:23,378 DeMo.train INFO: ~~~~~~~~~~~~~~~~~~~~~~~~~~~~~~~~~~~~~~~~~~~~~~~~~~
2025-12-09 12:54:23,378 DeMo.train INFO: Current is the [moe,ori] feature testing!
2025-12-09 12:54:23,379 DeMo.train INFO: ~~~~~~~~~~~~~~~~~~~~~~~~~~~~~~~~~~~~~~~~~~~~~~~~~~
The test feature is normalized
=> Computing DistMat with euclidean_distance
2025-12-09 12:54:32,812 DeMo.train INFO: Validation Results - Epoch: 28
2025-12-09 12:54:32,812 DeMo.train INFO: mAP: 71.4%
2025-12-09 12:54:32,812 DeMo.train INFO: CMC curve, Rank-1  :74.9%
2025-12-09 12:54:32,812 DeMo.train INFO: CMC curve, Rank-5  :84.1%
2025-12-09 12:54:32,812 DeMo.train INFO: CMC curve, Rank-10 :88.9%
2025-12-09 12:54:32,812 DeMo.train INFO: ~~~~~~~~~~~~~~~~~~~~~~~~~~~~~~~~~~~~~~~~~~~~~~~~~~
2025-12-09 12:54:34,576 DeMo.train INFO: ~~~~~~~~~~~~~~~~~~~~~~~~~~~~~~~~~~~~~~~~~~~~~~~~~~
2025-12-09 12:54:34,577 DeMo.train INFO: Best mAP: 73.9%
2025-12-09 12:54:34,577 DeMo.train INFO: Best Rank-1: 77.6%
2025-12-09 12:54:34,577 DeMo.train INFO: Best Rank-5: 86.0%
2025-12-09 12:54:34,577 DeMo.train INFO: Best Rank-10: 89.5%
2025-12-09 12:54:34,577 DeMo.train INFO: ~~~~~~~~~~~~~~~~~~~~~~~~~~~~~~~~~~~~~~~~~~~~~~~~~~
2025-12-09 12:54:41,565 DeMo.train INFO: Epoch[29] Iteration[10/54] Loss: 1.066, Acc: 0.927, Base Lr: 2.14e-06
2025-12-09 12:54:43,970 DeMo.train INFO: Epoch[29] Iteration[20/54] Loss: 1.059, Acc: 0.925, Base Lr: 2.14e-06
2025-12-09 12:54:46,343 DeMo.train INFO: Epoch[29] Iteration[30/54] Loss: 1.052, Acc: 0.943, Base Lr: 2.14e-06
2025-12-09 12:54:48,719 DeMo.train INFO: Epoch[29] Iteration[40/54] Loss: 1.049, Acc: 0.948, Base Lr: 2.14e-06
2025-12-09 12:54:51,070 DeMo.train INFO: Epoch[29] Iteration[50/54] Loss: 1.045, Acc: 0.954, Base Lr: 2.14e-06
2025-12-09 12:54:51,668 DeMo.train INFO: Epoch 29 done. Time per batch: 0.329[s] Speed: 194.7[samples/s]
2025-12-09 12:54:51,669 DeMo.train INFO: ~~~~~~~~~~~~~~~~~~~~~~~~~~~~~~~~~~~~~~~~~~~~~~~~~~
2025-12-09 12:54:51,669 DeMo.train INFO: Current is the [moe,ori] feature testing!
2025-12-09 12:54:51,669 DeMo.train INFO: ~~~~~~~~~~~~~~~~~~~~~~~~~~~~~~~~~~~~~~~~~~~~~~~~~~
The test feature is normalized
=> Computing DistMat with euclidean_distance
2025-12-09 12:54:56,723 DeMo.train INFO: Validation Results - Epoch: 29
2025-12-09 12:54:56,723 DeMo.train INFO: mAP: 70.9%
2025-12-09 12:54:56,723 DeMo.train INFO: CMC curve, Rank-1  :73.0%
2025-12-09 12:54:56,723 DeMo.train INFO: CMC curve, Rank-5  :82.5%
2025-12-09 12:54:56,723 DeMo.train INFO: CMC curve, Rank-10 :87.6%
2025-12-09 12:54:56,723 DeMo.train INFO: ~~~~~~~~~~~~~~~~~~~~~~~~~~~~~~~~~~~~~~~~~~~~~~~~~~
2025-12-09 12:54:58,548 DeMo.train INFO: ~~~~~~~~~~~~~~~~~~~~~~~~~~~~~~~~~~~~~~~~~~~~~~~~~~
2025-12-09 12:54:58,549 DeMo.train INFO: Best mAP: 73.9%
2025-12-09 12:54:58,549 DeMo.train INFO: Best Rank-1: 77.6%
2025-12-09 12:54:58,549 DeMo.train INFO: Best Rank-5: 86.0%
2025-12-09 12:54:58,549 DeMo.train INFO: Best Rank-10: 89.5%
2025-12-09 12:54:58,549 DeMo.train INFO: ~~~~~~~~~~~~~~~~~~~~~~~~~~~~~~~~~~~~~~~~~~~~~~~~~~
2025-12-09 12:55:03,355 DeMo.train INFO: Epoch[30] Iteration[10/54] Loss: 1.053, Acc: 0.903, Base Lr: 2.04e-06
2025-12-09 12:55:05,744 DeMo.train INFO: Epoch[30] Iteration[20/54] Loss: 1.051, Acc: 0.917, Base Lr: 2.04e-06
2025-12-09 12:55:08,111 DeMo.train INFO: Epoch[30] Iteration[30/54] Loss: 1.050, Acc: 0.936, Base Lr: 2.04e-06
2025-12-09 12:55:10,594 DeMo.train INFO: Epoch[30] Iteration[40/54] Loss: 1.048, Acc: 0.942, Base Lr: 2.04e-06
2025-12-09 12:55:12,957 DeMo.train INFO: Epoch[30] Iteration[50/54] Loss: 1.047, Acc: 0.947, Base Lr: 2.04e-06
2025-12-09 12:55:13,872 DeMo.train INFO: Epoch 30 done. Time per batch: 0.289[s] Speed: 221.4[samples/s]
2025-12-09 12:55:13,876 DeMo.train INFO: ~~~~~~~~~~~~~~~~~~~~~~~~~~~~~~~~~~~~~~~~~~~~~~~~~~
2025-12-09 12:55:13,876 DeMo.train INFO: Current is the [moe,ori] feature testing!
2025-12-09 12:55:13,876 DeMo.train INFO: ~~~~~~~~~~~~~~~~~~~~~~~~~~~~~~~~~~~~~~~~~~~~~~~~~~
The test feature is normalized
=> Computing DistMat with euclidean_distance
2025-12-09 12:55:19,581 DeMo.train INFO: Validation Results - Epoch: 30
2025-12-09 12:55:19,581 DeMo.train INFO: mAP: 72.5%
2025-12-09 12:55:19,581 DeMo.train INFO: CMC curve, Rank-1  :74.8%
2025-12-09 12:55:19,581 DeMo.train INFO: CMC curve, Rank-5  :85.0%
2025-12-09 12:55:19,581 DeMo.train INFO: CMC curve, Rank-10 :90.1%
2025-12-09 12:55:19,581 DeMo.train INFO: ~~~~~~~~~~~~~~~~~~~~~~~~~~~~~~~~~~~~~~~~~~~~~~~~~~
2025-12-09 12:55:21,863 DeMo.train INFO: ~~~~~~~~~~~~~~~~~~~~~~~~~~~~~~~~~~~~~~~~~~~~~~~~~~
2025-12-09 12:55:21,863 DeMo.train INFO: Best mAP: 73.9%
2025-12-09 12:55:21,863 DeMo.train INFO: Best Rank-1: 77.6%
2025-12-09 12:55:21,863 DeMo.train INFO: Best Rank-5: 86.0%
2025-12-09 12:55:21,864 DeMo.train INFO: Best Rank-10: 89.5%
2025-12-09 12:55:21,864 DeMo.train INFO: ~~~~~~~~~~~~~~~~~~~~~~~~~~~~~~~~~~~~~~~~~~~~~~~~~~
2025-12-09 12:55:27,979 DeMo.train INFO: Epoch[31] Iteration[10/54] Loss: 1.059, Acc: 0.906, Base Lr: 1.94e-06
2025-12-09 12:55:30,321 DeMo.train INFO: Epoch[31] Iteration[20/54] Loss: 1.053, Acc: 0.933, Base Lr: 1.94e-06
2025-12-09 12:55:32,665 DeMo.train INFO: Epoch[31] Iteration[30/54] Loss: 1.046, Acc: 0.942, Base Lr: 1.94e-06
2025-12-09 12:55:35,091 DeMo.train INFO: Epoch[31] Iteration[40/54] Loss: 1.043, Acc: 0.953, Base Lr: 1.94e-06
2025-12-09 12:55:37,525 DeMo.train INFO: Epoch[31] Iteration[50/54] Loss: 1.043, Acc: 0.953, Base Lr: 1.94e-06
2025-12-09 12:55:38,379 DeMo.train INFO: Epoch 31 done. Time per batch: 0.312[s] Speed: 205.4[samples/s]
2025-12-09 12:55:38,381 DeMo.train INFO: ~~~~~~~~~~~~~~~~~~~~~~~~~~~~~~~~~~~~~~~~~~~~~~~~~~
2025-12-09 12:55:38,381 DeMo.train INFO: Current is the [moe,ori] feature testing!
2025-12-09 12:55:38,381 DeMo.train INFO: ~~~~~~~~~~~~~~~~~~~~~~~~~~~~~~~~~~~~~~~~~~~~~~~~~~
The test feature is normalized
=> Computing DistMat with euclidean_distance
2025-12-09 12:55:43,868 DeMo.train INFO: Validation Results - Epoch: 31
2025-12-09 12:55:43,869 DeMo.train INFO: mAP: 72.3%
2025-12-09 12:55:43,870 DeMo.train INFO: CMC curve, Rank-1  :74.4%
2025-12-09 12:55:43,872 DeMo.train INFO: CMC curve, Rank-5  :86.1%
2025-12-09 12:55:43,873 DeMo.train INFO: CMC curve, Rank-10 :90.9%
2025-12-09 12:55:43,873 DeMo.train INFO: ~~~~~~~~~~~~~~~~~~~~~~~~~~~~~~~~~~~~~~~~~~~~~~~~~~
2025-12-09 12:55:45,948 DeMo.train INFO: ~~~~~~~~~~~~~~~~~~~~~~~~~~~~~~~~~~~~~~~~~~~~~~~~~~
2025-12-09 12:55:45,949 DeMo.train INFO: Best mAP: 73.9%
2025-12-09 12:55:45,950 DeMo.train INFO: Best Rank-1: 77.6%
2025-12-09 12:55:45,950 DeMo.train INFO: Best Rank-5: 86.0%
2025-12-09 12:55:45,951 DeMo.train INFO: Best Rank-10: 89.5%
2025-12-09 12:55:45,952 DeMo.train INFO: ~~~~~~~~~~~~~~~~~~~~~~~~~~~~~~~~~~~~~~~~~~~~~~~~~~
2025-12-09 12:55:55,360 DeMo.train INFO: Epoch[32] Iteration[10/54] Loss: 1.053, Acc: 0.922, Base Lr: 1.84e-06
2025-12-09 12:56:00,412 DeMo.train INFO: Epoch[32] Iteration[20/54] Loss: 1.044, Acc: 0.932, Base Lr: 1.84e-06
2025-12-09 12:56:06,012 DeMo.train INFO: Epoch[32] Iteration[30/54] Loss: 1.041, Acc: 0.935, Base Lr: 1.84e-06
2025-12-09 12:56:08,380 DeMo.train INFO: Epoch[32] Iteration[40/54] Loss: 1.038, Acc: 0.943, Base Lr: 1.84e-06
2025-12-09 12:56:14,185 DeMo.train INFO: Epoch[32] Iteration[50/54] Loss: 1.035, Acc: 0.952, Base Lr: 1.84e-06
2025-12-09 12:56:15,017 DeMo.train INFO: Epoch 32 done. Time per batch: 0.548[s] Speed: 116.7[samples/s]
2025-12-09 12:56:15,020 DeMo.train INFO: ~~~~~~~~~~~~~~~~~~~~~~~~~~~~~~~~~~~~~~~~~~~~~~~~~~
2025-12-09 12:56:15,020 DeMo.train INFO: Current is the [moe,ori] feature testing!
2025-12-09 12:56:15,021 DeMo.train INFO: ~~~~~~~~~~~~~~~~~~~~~~~~~~~~~~~~~~~~~~~~~~~~~~~~~~
The test feature is normalized
=> Computing DistMat with euclidean_distance
2025-12-09 12:56:23,406 DeMo.train INFO: Validation Results - Epoch: 32
2025-12-09 12:56:23,406 DeMo.train INFO: mAP: 71.7%
2025-12-09 12:56:23,406 DeMo.train INFO: CMC curve, Rank-1  :73.8%
2025-12-09 12:56:23,406 DeMo.train INFO: CMC curve, Rank-5  :85.0%
2025-12-09 12:56:23,406 DeMo.train INFO: CMC curve, Rank-10 :89.7%
2025-12-09 12:56:23,406 DeMo.train INFO: ~~~~~~~~~~~~~~~~~~~~~~~~~~~~~~~~~~~~~~~~~~~~~~~~~~
2025-12-09 12:56:25,778 DeMo.train INFO: ~~~~~~~~~~~~~~~~~~~~~~~~~~~~~~~~~~~~~~~~~~~~~~~~~~
2025-12-09 12:56:25,779 DeMo.train INFO: Best mAP: 73.9%
2025-12-09 12:56:25,779 DeMo.train INFO: Best Rank-1: 77.6%
2025-12-09 12:56:25,779 DeMo.train INFO: Best Rank-5: 86.0%
2025-12-09 12:56:25,779 DeMo.train INFO: Best Rank-10: 89.5%
2025-12-09 12:56:25,779 DeMo.train INFO: ~~~~~~~~~~~~~~~~~~~~~~~~~~~~~~~~~~~~~~~~~~~~~~~~~~
2025-12-09 12:56:32,385 DeMo.train INFO: Epoch[33] Iteration[10/54] Loss: 1.044, Acc: 0.917, Base Lr: 1.73e-06
2025-12-09 12:56:34,799 DeMo.train INFO: Epoch[33] Iteration[20/54] Loss: 1.040, Acc: 0.926, Base Lr: 1.73e-06
2025-12-09 12:56:37,191 DeMo.train INFO: Epoch[33] Iteration[30/54] Loss: 1.038, Acc: 0.941, Base Lr: 1.73e-06
2025-12-09 12:56:39,622 DeMo.train INFO: Epoch[33] Iteration[40/54] Loss: 1.036, Acc: 0.946, Base Lr: 1.73e-06
2025-12-09 12:56:42,044 DeMo.train INFO: Epoch[33] Iteration[50/54] Loss: 1.032, Acc: 0.948, Base Lr: 1.73e-06
2025-12-09 12:56:42,885 DeMo.train INFO: Epoch 33 done. Time per batch: 0.323[s] Speed: 198.3[samples/s]
2025-12-09 12:56:42,886 DeMo.train INFO: ~~~~~~~~~~~~~~~~~~~~~~~~~~~~~~~~~~~~~~~~~~~~~~~~~~
2025-12-09 12:56:42,887 DeMo.train INFO: Current is the [moe,ori] feature testing!
2025-12-09 12:56:42,887 DeMo.train INFO: ~~~~~~~~~~~~~~~~~~~~~~~~~~~~~~~~~~~~~~~~~~~~~~~~~~
The test feature is normalized
=> Computing DistMat with euclidean_distance
2025-12-09 12:56:51,510 DeMo.train INFO: Validation Results - Epoch: 33
2025-12-09 12:56:51,511 DeMo.train INFO: mAP: 70.8%
2025-12-09 12:56:51,512 DeMo.train INFO: CMC curve, Rank-1  :74.0%
2025-12-09 12:56:51,513 DeMo.train INFO: CMC curve, Rank-5  :83.3%
2025-12-09 12:56:51,515 DeMo.train INFO: CMC curve, Rank-10 :88.6%
2025-12-09 12:56:51,515 DeMo.train INFO: ~~~~~~~~~~~~~~~~~~~~~~~~~~~~~~~~~~~~~~~~~~~~~~~~~~
2025-12-09 12:56:53,313 DeMo.train INFO: ~~~~~~~~~~~~~~~~~~~~~~~~~~~~~~~~~~~~~~~~~~~~~~~~~~
2025-12-09 12:56:53,314 DeMo.train INFO: Best mAP: 73.9%
2025-12-09 12:56:53,315 DeMo.train INFO: Best Rank-1: 77.6%
2025-12-09 12:56:53,316 DeMo.train INFO: Best Rank-5: 86.0%
2025-12-09 12:56:53,317 DeMo.train INFO: Best Rank-10: 89.5%
2025-12-09 12:56:53,318 DeMo.train INFO: ~~~~~~~~~~~~~~~~~~~~~~~~~~~~~~~~~~~~~~~~~~~~~~~~~~
2025-12-09 12:57:04,976 DeMo.train INFO: Epoch[34] Iteration[10/54] Loss: 1.019, Acc: 0.948, Base Lr: 1.63e-06
2025-12-09 12:57:08,322 DeMo.train INFO: Epoch[34] Iteration[20/54] Loss: 1.031, Acc: 0.949, Base Lr: 1.63e-06
2025-12-09 12:57:10,703 DeMo.train INFO: Epoch[34] Iteration[30/54] Loss: 1.033, Acc: 0.942, Base Lr: 1.63e-06
2025-12-09 12:57:13,070 DeMo.train INFO: Epoch[34] Iteration[40/54] Loss: 1.029, Acc: 0.949, Base Lr: 1.63e-06
2025-12-09 12:57:15,430 DeMo.train INFO: Epoch[34] Iteration[50/54] Loss: 1.030, Acc: 0.955, Base Lr: 1.63e-06
2025-12-09 12:57:16,290 DeMo.train INFO: Epoch 34 done. Time per batch: 0.433[s] Speed: 147.7[samples/s]
2025-12-09 12:57:16,291 DeMo.train INFO: ~~~~~~~~~~~~~~~~~~~~~~~~~~~~~~~~~~~~~~~~~~~~~~~~~~
2025-12-09 12:57:16,291 DeMo.train INFO: Current is the [moe,ori] feature testing!
2025-12-09 12:57:16,291 DeMo.train INFO: ~~~~~~~~~~~~~~~~~~~~~~~~~~~~~~~~~~~~~~~~~~~~~~~~~~
The test feature is normalized
=> Computing DistMat with euclidean_distance
2025-12-09 12:57:22,298 DeMo.train INFO: Validation Results - Epoch: 34
2025-12-09 12:57:22,298 DeMo.train INFO: mAP: 69.2%
2025-12-09 12:57:22,299 DeMo.train INFO: CMC curve, Rank-1  :71.7%
2025-12-09 12:57:22,299 DeMo.train INFO: CMC curve, Rank-5  :80.9%
2025-12-09 12:57:22,299 DeMo.train INFO: CMC curve, Rank-10 :87.4%
2025-12-09 12:57:22,299 DeMo.train INFO: ~~~~~~~~~~~~~~~~~~~~~~~~~~~~~~~~~~~~~~~~~~~~~~~~~~
2025-12-09 12:57:23,977 DeMo.train INFO: ~~~~~~~~~~~~~~~~~~~~~~~~~~~~~~~~~~~~~~~~~~~~~~~~~~
2025-12-09 12:57:23,978 DeMo.train INFO: Best mAP: 73.9%
2025-12-09 12:57:23,978 DeMo.train INFO: Best Rank-1: 77.6%
2025-12-09 12:57:23,978 DeMo.train INFO: Best Rank-5: 86.0%
2025-12-09 12:57:23,978 DeMo.train INFO: Best Rank-10: 89.5%
2025-12-09 12:57:23,978 DeMo.train INFO: ~~~~~~~~~~~~~~~~~~~~~~~~~~~~~~~~~~~~~~~~~~~~~~~~~~
2025-12-09 12:57:30,019 DeMo.train INFO: Epoch[35] Iteration[10/54] Loss: 1.030, Acc: 0.931, Base Lr: 1.53e-06
2025-12-09 12:57:32,403 DeMo.train INFO: Epoch[35] Iteration[20/54] Loss: 1.028, Acc: 0.927, Base Lr: 1.53e-06
2025-12-09 12:57:34,772 DeMo.train INFO: Epoch[35] Iteration[30/54] Loss: 1.028, Acc: 0.941, Base Lr: 1.53e-06
2025-12-09 12:57:37,167 DeMo.train INFO: Epoch[35] Iteration[40/54] Loss: 1.023, Acc: 0.948, Base Lr: 1.53e-06
2025-12-09 12:57:41,706 DeMo.train INFO: Epoch[35] Iteration[50/54] Loss: 1.022, Acc: 0.953, Base Lr: 1.53e-06
2025-12-09 12:57:42,895 DeMo.train INFO: Epoch 35 done. Time per batch: 0.357[s] Speed: 179.3[samples/s]
2025-12-09 12:57:42,898 DeMo.train INFO: ~~~~~~~~~~~~~~~~~~~~~~~~~~~~~~~~~~~~~~~~~~~~~~~~~~
2025-12-09 12:57:42,898 DeMo.train INFO: Current is the [moe,ori] feature testing!
2025-12-09 12:57:42,900 DeMo.train INFO: ~~~~~~~~~~~~~~~~~~~~~~~~~~~~~~~~~~~~~~~~~~~~~~~~~~
The test feature is normalized
=> Computing DistMat with euclidean_distance
2025-12-09 12:57:53,409 DeMo.train INFO: Validation Results - Epoch: 35
2025-12-09 12:57:53,410 DeMo.train INFO: mAP: 71.0%
2025-12-09 12:57:53,411 DeMo.train INFO: CMC curve, Rank-1  :72.0%
2025-12-09 12:57:53,411 DeMo.train INFO: CMC curve, Rank-5  :82.7%
2025-12-09 12:57:53,412 DeMo.train INFO: CMC curve, Rank-10 :89.4%
2025-12-09 12:57:53,414 DeMo.train INFO: ~~~~~~~~~~~~~~~~~~~~~~~~~~~~~~~~~~~~~~~~~~~~~~~~~~
2025-12-09 12:57:54,666 DeMo.train INFO: ~~~~~~~~~~~~~~~~~~~~~~~~~~~~~~~~~~~~~~~~~~~~~~~~~~
2025-12-09 12:57:54,667 DeMo.train INFO: Best mAP: 73.9%
2025-12-09 12:57:54,669 DeMo.train INFO: Best Rank-1: 77.6%
2025-12-09 12:57:54,670 DeMo.train INFO: Best Rank-5: 86.0%
2025-12-09 12:57:54,671 DeMo.train INFO: Best Rank-10: 89.5%
2025-12-09 12:57:54,672 DeMo.train INFO: ~~~~~~~~~~~~~~~~~~~~~~~~~~~~~~~~~~~~~~~~~~~~~~~~~~
2025-12-09 12:58:05,791 DeMo.train INFO: Epoch[36] Iteration[10/54] Loss: 1.026, Acc: 0.931, Base Lr: 1.43e-06
2025-12-09 12:58:08,220 DeMo.train INFO: Epoch[36] Iteration[20/54] Loss: 1.023, Acc: 0.924, Base Lr: 1.43e-06
2025-12-09 12:58:10,585 DeMo.train INFO: Epoch[36] Iteration[30/54] Loss: 1.020, Acc: 0.938, Base Lr: 1.43e-06
2025-12-09 12:58:12,956 DeMo.train INFO: Epoch[36] Iteration[40/54] Loss: 1.016, Acc: 0.949, Base Lr: 1.43e-06
2025-12-09 12:58:15,332 DeMo.train INFO: Epoch[36] Iteration[50/54] Loss: 1.015, Acc: 0.954, Base Lr: 1.43e-06
2025-12-09 12:58:16,171 DeMo.train INFO: Epoch 36 done. Time per batch: 0.406[s] Speed: 157.8[samples/s]
2025-12-09 12:58:16,172 DeMo.train INFO: ~~~~~~~~~~~~~~~~~~~~~~~~~~~~~~~~~~~~~~~~~~~~~~~~~~
2025-12-09 12:58:16,173 DeMo.train INFO: Current is the [moe,ori] feature testing!
2025-12-09 12:58:16,173 DeMo.train INFO: ~~~~~~~~~~~~~~~~~~~~~~~~~~~~~~~~~~~~~~~~~~~~~~~~~~
The test feature is normalized
=> Computing DistMat with euclidean_distance
2025-12-09 12:58:21,367 DeMo.train INFO: Validation Results - Epoch: 36
2025-12-09 12:58:21,367 DeMo.train INFO: mAP: 72.2%
2025-12-09 12:58:21,367 DeMo.train INFO: CMC curve, Rank-1  :74.2%
2025-12-09 12:58:21,367 DeMo.train INFO: CMC curve, Rank-5  :83.3%
2025-12-09 12:58:21,367 DeMo.train INFO: CMC curve, Rank-10 :90.2%
2025-12-09 12:58:21,367 DeMo.train INFO: ~~~~~~~~~~~~~~~~~~~~~~~~~~~~~~~~~~~~~~~~~~~~~~~~~~
2025-12-09 12:58:22,424 DeMo.train INFO: ~~~~~~~~~~~~~~~~~~~~~~~~~~~~~~~~~~~~~~~~~~~~~~~~~~
2025-12-09 12:58:22,425 DeMo.train INFO: Best mAP: 73.9%
2025-12-09 12:58:22,425 DeMo.train INFO: Best Rank-1: 77.6%
2025-12-09 12:58:22,425 DeMo.train INFO: Best Rank-5: 86.0%
2025-12-09 12:58:22,425 DeMo.train INFO: Best Rank-10: 89.5%
2025-12-09 12:58:22,425 DeMo.train INFO: ~~~~~~~~~~~~~~~~~~~~~~~~~~~~~~~~~~~~~~~~~~~~~~~~~~
2025-12-09 12:58:29,702 DeMo.train INFO: Epoch[37] Iteration[10/54] Loss: 1.024, Acc: 0.952, Base Lr: 1.33e-06
2025-12-09 12:58:32,066 DeMo.train INFO: Epoch[37] Iteration[20/54] Loss: 1.020, Acc: 0.945, Base Lr: 1.33e-06
2025-12-09 12:58:34,440 DeMo.train INFO: Epoch[37] Iteration[30/54] Loss: 1.016, Acc: 0.946, Base Lr: 1.33e-06
2025-12-09 12:58:36,865 DeMo.train INFO: Epoch[37] Iteration[40/54] Loss: 1.015, Acc: 0.943, Base Lr: 1.33e-06
2025-12-09 12:58:39,232 DeMo.train INFO: Epoch[37] Iteration[50/54] Loss: 1.012, Acc: 0.951, Base Lr: 1.33e-06
2025-12-09 12:58:40,073 DeMo.train INFO: Epoch 37 done. Time per batch: 0.333[s] Speed: 192.2[samples/s]
2025-12-09 12:58:40,075 DeMo.train INFO: ~~~~~~~~~~~~~~~~~~~~~~~~~~~~~~~~~~~~~~~~~~~~~~~~~~
2025-12-09 12:58:40,075 DeMo.train INFO: Current is the [moe,ori] feature testing!
2025-12-09 12:58:40,076 DeMo.train INFO: ~~~~~~~~~~~~~~~~~~~~~~~~~~~~~~~~~~~~~~~~~~~~~~~~~~
The test feature is normalized
=> Computing DistMat with euclidean_distance
2025-12-09 12:58:49,445 DeMo.train INFO: Validation Results - Epoch: 37
2025-12-09 12:58:49,445 DeMo.train INFO: mAP: 72.6%
2025-12-09 12:58:49,446 DeMo.train INFO: CMC curve, Rank-1  :74.5%
2025-12-09 12:58:49,446 DeMo.train INFO: CMC curve, Rank-5  :84.4%
2025-12-09 12:58:49,446 DeMo.train INFO: CMC curve, Rank-10 :89.7%
2025-12-09 12:58:49,446 DeMo.train INFO: ~~~~~~~~~~~~~~~~~~~~~~~~~~~~~~~~~~~~~~~~~~~~~~~~~~
2025-12-09 12:58:50,913 DeMo.train INFO: ~~~~~~~~~~~~~~~~~~~~~~~~~~~~~~~~~~~~~~~~~~~~~~~~~~
2025-12-09 12:58:50,913 DeMo.train INFO: Best mAP: 73.9%
2025-12-09 12:58:50,913 DeMo.train INFO: Best Rank-1: 77.6%
2025-12-09 12:58:50,914 DeMo.train INFO: Best Rank-5: 86.0%
2025-12-09 12:58:50,914 DeMo.train INFO: Best Rank-10: 89.5%
2025-12-09 12:58:50,914 DeMo.train INFO: ~~~~~~~~~~~~~~~~~~~~~~~~~~~~~~~~~~~~~~~~~~~~~~~~~~
2025-12-09 12:58:58,091 DeMo.train INFO: Epoch[38] Iteration[10/54] Loss: 1.018, Acc: 0.922, Base Lr: 1.22e-06
2025-12-09 12:59:00,488 DeMo.train INFO: Epoch[38] Iteration[20/54] Loss: 1.010, Acc: 0.932, Base Lr: 1.22e-06
2025-12-09 12:59:02,862 DeMo.train INFO: Epoch[38] Iteration[30/54] Loss: 1.010, Acc: 0.934, Base Lr: 1.22e-06
2025-12-09 12:59:05,228 DeMo.train INFO: Epoch[38] Iteration[40/54] Loss: 1.008, Acc: 0.949, Base Lr: 1.22e-06
2025-12-09 12:59:07,605 DeMo.train INFO: Epoch[38] Iteration[50/54] Loss: 1.005, Acc: 0.956, Base Lr: 1.22e-06
2025-12-09 12:59:08,427 DeMo.train INFO: Epoch 38 done. Time per batch: 0.330[s] Speed: 193.7[samples/s]
2025-12-09 12:59:08,428 DeMo.train INFO: ~~~~~~~~~~~~~~~~~~~~~~~~~~~~~~~~~~~~~~~~~~~~~~~~~~
2025-12-09 12:59:08,428 DeMo.train INFO: Current is the [moe,ori] feature testing!
2025-12-09 12:59:08,428 DeMo.train INFO: ~~~~~~~~~~~~~~~~~~~~~~~~~~~~~~~~~~~~~~~~~~~~~~~~~~
The test feature is normalized
=> Computing DistMat with euclidean_distance
2025-12-09 12:59:13,961 DeMo.train INFO: Validation Results - Epoch: 38
2025-12-09 12:59:13,961 DeMo.train INFO: mAP: 73.2%
2025-12-09 12:59:13,961 DeMo.train INFO: CMC curve, Rank-1  :74.6%
2025-12-09 12:59:13,962 DeMo.train INFO: CMC curve, Rank-5  :83.9%
2025-12-09 12:59:13,962 DeMo.train INFO: CMC curve, Rank-10 :89.6%
2025-12-09 12:59:13,962 DeMo.train INFO: ~~~~~~~~~~~~~~~~~~~~~~~~~~~~~~~~~~~~~~~~~~~~~~~~~~
2025-12-09 12:59:16,215 DeMo.train INFO: ~~~~~~~~~~~~~~~~~~~~~~~~~~~~~~~~~~~~~~~~~~~~~~~~~~
2025-12-09 12:59:16,215 DeMo.train INFO: Best mAP: 73.9%
2025-12-09 12:59:16,216 DeMo.train INFO: Best Rank-1: 77.6%
2025-12-09 12:59:16,216 DeMo.train INFO: Best Rank-5: 86.0%
2025-12-09 12:59:16,216 DeMo.train INFO: Best Rank-10: 89.5%
2025-12-09 12:59:16,216 DeMo.train INFO: ~~~~~~~~~~~~~~~~~~~~~~~~~~~~~~~~~~~~~~~~~~~~~~~~~~
2025-12-09 12:59:22,043 DeMo.train INFO: Epoch[39] Iteration[10/54] Loss: 1.022, Acc: 0.920, Base Lr: 1.12e-06
2025-12-09 12:59:24,408 DeMo.train INFO: Epoch[39] Iteration[20/54] Loss: 1.016, Acc: 0.938, Base Lr: 1.12e-06
2025-12-09 12:59:26,772 DeMo.train INFO: Epoch[39] Iteration[30/54] Loss: 1.012, Acc: 0.949, Base Lr: 1.12e-06
2025-12-09 12:59:29,171 DeMo.train INFO: Epoch[39] Iteration[40/54] Loss: 1.006, Acc: 0.951, Base Lr: 1.12e-06
2025-12-09 12:59:34,322 DeMo.train INFO: Epoch[39] Iteration[50/54] Loss: 1.004, Acc: 0.958, Base Lr: 1.12e-06
2025-12-09 12:59:35,177 DeMo.train INFO: Epoch 39 done. Time per batch: 0.358[s] Speed: 178.9[samples/s]
2025-12-09 12:59:35,179 DeMo.train INFO: ~~~~~~~~~~~~~~~~~~~~~~~~~~~~~~~~~~~~~~~~~~~~~~~~~~
2025-12-09 12:59:35,179 DeMo.train INFO: Current is the [moe,ori] feature testing!
2025-12-09 12:59:35,180 DeMo.train INFO: ~~~~~~~~~~~~~~~~~~~~~~~~~~~~~~~~~~~~~~~~~~~~~~~~~~
The test feature is normalized
=> Computing DistMat with euclidean_distance
2025-12-09 12:59:48,002 DeMo.train INFO: Validation Results - Epoch: 39
2025-12-09 12:59:48,003 DeMo.train INFO: mAP: 72.4%
2025-12-09 12:59:48,003 DeMo.train INFO: CMC curve, Rank-1  :73.6%
2025-12-09 12:59:48,005 DeMo.train INFO: CMC curve, Rank-5  :84.1%
2025-12-09 12:59:48,005 DeMo.train INFO: CMC curve, Rank-10 :89.2%
2025-12-09 12:59:48,005 DeMo.train INFO: ~~~~~~~~~~~~~~~~~~~~~~~~~~~~~~~~~~~~~~~~~~~~~~~~~~
2025-12-09 12:59:48,597 DeMo.train INFO: ~~~~~~~~~~~~~~~~~~~~~~~~~~~~~~~~~~~~~~~~~~~~~~~~~~
2025-12-09 12:59:48,601 DeMo.train INFO: Best mAP: 73.9%
2025-12-09 12:59:48,602 DeMo.train INFO: Best Rank-1: 77.6%
2025-12-09 12:59:48,603 DeMo.train INFO: Best Rank-5: 86.0%
2025-12-09 12:59:48,603 DeMo.train INFO: Best Rank-10: 89.5%
2025-12-09 12:59:48,605 DeMo.train INFO: ~~~~~~~~~~~~~~~~~~~~~~~~~~~~~~~~~~~~~~~~~~~~~~~~~~
2025-12-09 13:00:00,704 DeMo.train INFO: Epoch[40] Iteration[10/54] Loss: 1.001, Acc: 0.944, Base Lr: 1.02e-06
2025-12-09 13:00:03,970 DeMo.train INFO: Epoch[40] Iteration[20/54] Loss: 1.002, Acc: 0.955, Base Lr: 1.02e-06
2025-12-09 13:00:06,391 DeMo.train INFO: Epoch[40] Iteration[30/54] Loss: 1.002, Acc: 0.955, Base Lr: 1.02e-06
2025-12-09 13:00:08,771 DeMo.train INFO: Epoch[40] Iteration[40/54] Loss: 1.004, Acc: 0.960, Base Lr: 1.02e-06
2025-12-09 13:00:11,141 DeMo.train INFO: Epoch[40] Iteration[50/54] Loss: 1.001, Acc: 0.957, Base Lr: 1.02e-06
2025-12-09 13:00:11,976 DeMo.train INFO: Epoch 40 done. Time per batch: 0.441[s] Speed: 145.1[samples/s]
2025-12-09 13:00:11,977 DeMo.train INFO: ~~~~~~~~~~~~~~~~~~~~~~~~~~~~~~~~~~~~~~~~~~~~~~~~~~
2025-12-09 13:00:11,977 DeMo.train INFO: Current is the [moe,ori] feature testing!
2025-12-09 13:00:11,977 DeMo.train INFO: ~~~~~~~~~~~~~~~~~~~~~~~~~~~~~~~~~~~~~~~~~~~~~~~~~~
The test feature is normalized
=> Computing DistMat with euclidean_distance
2025-12-09 13:00:17,670 DeMo.train INFO: Validation Results - Epoch: 40
2025-12-09 13:00:17,670 DeMo.train INFO: mAP: 73.3%
2025-12-09 13:00:17,671 DeMo.train INFO: CMC curve, Rank-1  :75.1%
2025-12-09 13:00:17,671 DeMo.train INFO: CMC curve, Rank-5  :86.5%
2025-12-09 13:00:17,671 DeMo.train INFO: CMC curve, Rank-10 :90.3%
2025-12-09 13:00:17,671 DeMo.train INFO: ~~~~~~~~~~~~~~~~~~~~~~~~~~~~~~~~~~~~~~~~~~~~~~~~~~
2025-12-09 13:00:19,687 DeMo.train INFO: ~~~~~~~~~~~~~~~~~~~~~~~~~~~~~~~~~~~~~~~~~~~~~~~~~~
2025-12-09 13:00:19,688 DeMo.train INFO: Best mAP: 73.9%
2025-12-09 13:00:19,690 DeMo.train INFO: Best Rank-1: 77.6%
2025-12-09 13:00:19,691 DeMo.train INFO: Best Rank-5: 86.0%
2025-12-09 13:00:19,691 DeMo.train INFO: Best Rank-10: 89.5%
2025-12-09 13:00:19,692 DeMo.train INFO: ~~~~~~~~~~~~~~~~~~~~~~~~~~~~~~~~~~~~~~~~~~~~~~~~~~
2025-12-09 13:00:28,130 DeMo.train INFO: Epoch[41] Iteration[10/54] Loss: 1.014, Acc: 0.945, Base Lr: 9.18e-07
2025-12-09 13:00:32,610 DeMo.train INFO: Epoch[41] Iteration[20/54] Loss: 1.012, Acc: 0.935, Base Lr: 9.18e-07
