2025-12-09 12:34:30,454 DeMo INFO: Saving model in the path :..
2025-12-09 12:34:30,454 DeMo INFO: Namespace(config_file='configs/RGBNT201/DeMo_SDTPS_DGAF_ablation.yml', exp_name=None, fea_cft=0, local_rank=0, opts=['MODEL.USE_SDTPS', 'True', 'MODEL.USE_DGAF', 'False', 'MODEL.GLOBAL_LOCAL', 'False', 'MODEL.SDTPS_CROSS_ATTN_TYPE', 'attention', 'MODEL.SDTPS_CROSS_ATTN_HEADS', '4'])
2025-12-09 12:34:30,454 DeMo INFO: Loaded configuration file configs/RGBNT201/DeMo_SDTPS_DGAF_ablation.yml
2025-12-09 12:34:30,455 DeMo INFO: 
MODEL:
  TRANSFORMER_TYPE: 'ViT-B-16'
  STRIDE_SIZE: [ 16, 16 ]
  SIE_CAMERA: True
  DIRECT: 1
  SIE_COE: 1.0
  ID_LOSS_WEIGHT: 0.25
  TRIPLET_LOSS_WEIGHT: 1.0
  GLOBAL_LOCAL: False  # DGAF V3 直接用 tokens，不需要 GLOBAL_LOCAL
  # Disable HDM and ATM
  HDM: False
  ATM: False
  # SACR disabled for ablation
  USE_SACR: False
  USE_MULTIMODAL_SACR: False
  # LIF disabled
  USE_LIF: False
  # SDTPS configuration
  USE_SDTPS: True
  SDTPS_SPARSE_RATIO: 0.7  # token 保留比例（70%）
  SDTPS_USE_GUMBEL: False  # 禁用 Gumbel（训练稳定性）
  SDTPS_GUMBEL_TAU: 5.0
  SDTPS_CROSS_ATTN_TYPE: 'attention'  # 使用 Cross-Attention（推荐）
  SDTPS_CROSS_ATTN_HEADS: 4  # Cross-Attention 头数
  # 已废弃参数（保留兼容性）
  SDTPS_BETA: 0.25         # 已不使用（原 MLP predictor 权重）
  SDTPS_AGGR_RATIO: 0.5    # 已不使用（原 TokenAggregation）
  SDTPS_LOSS_WEIGHT: 2.0   # SDTPS 分支的损失权重
  # DGAF: Dual-Gated Adaptive Fusion
  USE_DGAF: True
  DGAF_VERSION: 'v3'  # V3 接受 (B,N,C) tokens
  DGAF_TAU: 1.0
  DGAF_INIT_ALPHA: 0.5
  DGAF_NUM_HEADS: 8
  HEAD: 4

INPUT:
  SIZE_TRAIN: [ 256, 128 ]
  SIZE_TEST: [ 256, 128 ]
  PROB: 0.5
  RE_PROB: 0.5
  PADDING: 10

DATALOADER:
  SAMPLER: 'softmax_triplet'
  NUM_INSTANCE: 8
  NUM_WORKERS: 14

DATASETS:
  NAMES: ('RGBNT201')
  ROOT_DIR: '..'

SOLVER:
  BASE_LR: 0.000005
  LR_SCHEDULER: 'linear'
  MAX_EPOCHS: 50
  STEPS: [30, 40]
  GAMMA: 0.1
  WARMUP_ITERS: 0
  WARMUP_FACTOR: 0.01
  WARMUP_METHOD: 'linear'
  OPTIMIZER_NAME: 'Adam'
  IMS_PER_BATCH: 64
  EVAL_PERIOD: 1
  CHECKPOINT_PERIOD: 10

TEST:
  IMS_PER_BATCH: 128
  RE_RANKING: 'no'
  WEIGHT: ''
  NECK_FEAT: 'before'
  FEAT_NORM: 'yes'
  MISS: "nothing"

OUTPUT_DIR: '..'

# ============================================================================
# SDTPS + DGAF Ablation Config
# ============================================================================
# - SACR: disabled
# - SDTPS: configurable via command line
# - DGAF V3: configurable via command line
# - Training: lr=0.00035, epochs=50, warmup=10
# - TF32: enabled in train_net.py
# ============================================================================

2025-12-09 12:34:30,455 DeMo INFO: Running with config:
DATALOADER:
  NUM_INSTANCE: 8
  NUM_WORKERS: 14
  SAMPLER: softmax_triplet
DATASETS:
  NAMES: RGBNT201
  ROOT_DIR: ..
INPUT:
  PADDING: 10
  PIXEL_MEAN: [0.5, 0.5, 0.5]
  PIXEL_STD: [0.5, 0.5, 0.5]
  PROB: 0.5
  RE_PROB: 0.5
  SIZE_TEST: [256, 128]
  SIZE_TRAIN: [256, 128]
MODEL:
  ADAPTER: False
  ATM: False
  ATT_DROP_RATE: 0.0
  DEVICE: cuda
  DEVICE_ID: 0
  DGAF_INIT_ALPHA: 0.5
  DGAF_NUM_HEADS: 8
  DGAF_TAU: 1.0
  DGAF_VERSION: v3
  DIRECT: 1
  DIST_TRAIN: False
  DROP_OUT: 0.0
  DROP_PATH: 0.1
  FROZEN: False
  GLOBAL_LOCAL: False
  HDM: False
  HEAD: 4
  ID_LOSS_TYPE: softmax
  ID_LOSS_WEIGHT: 0.25
  IF_LABELSMOOTH: on
  IF_WITH_CENTER: no
  LIF_BETA: 0.4
  LIF_LAYER: 3
  LIF_LOSS_WEIGHT: 0.1
  METRIC_LOSS_TYPE: triplet
  MULTIMODAL_SACR_VERSION: v1
  NAME: DeMo
  NECK: bnneck
  NO_MARGIN: True
  PRETRAIN_PATH_T: /path/to/your/vitb_16_224_21k.pth
  PROMPT: False
  SACR_DILATION_RATES: [2, 3, 4]
  SDTPS_AGGR_RATIO: 0.5
  SDTPS_BETA: 0.25
  SDTPS_CROSS_ATTN_HEADS: 4
  SDTPS_CROSS_ATTN_TYPE: attention
  SDTPS_GUMBEL_TAU: 5.0
  SDTPS_LOSS_WEIGHT: 2.0
  SDTPS_SPARSE_RATIO: 0.7
  SDTPS_USE_GUMBEL: False
  SIE_CAMERA: True
  SIE_COE: 1.0
  SIE_VIEW: False
  STRIDE_SIZE: [16, 16]
  TRANSFORMER_TYPE: ViT-B-16
  TRIPLET_LOSS_WEIGHT: 1.0
  USE_DGAF: False
  USE_LIF: False
  USE_MULTIMODAL_SACR: False
  USE_SACR: False
  USE_SDTPS: True
OUTPUT_DIR: ..
SOLVER:
  BASE_LR: 5e-06
  CENTER_LOSS_WEIGHT: 0.0005
  CENTER_LR: 0.5
  CHECKPOINT_PERIOD: 10
  CLUSTER_MARGIN: 0.3
  COSINE_MARGIN: 0.5
  COSINE_SCALE: 30
  EVAL_PERIOD: 1
  GAMMA: 0.1
  IMS_PER_BATCH: 64
  LARGE_FC_LR: False
  LOG_PERIOD: 10
  LR_SCHEDULER: linear
  MARGIN: 0.3
  MAX_EPOCHS: 50
  MOMENTUM: 0.9
  OPTIMIZER_NAME: Adam
  RANGE_ALPHA: 0
  RANGE_BETA: 1
  RANGE_K: 2
  RANGE_LOSS_WEIGHT: 1
  RANGE_MARGIN: 0.3
  SEED: 1234
  STEPS: (30, 40)
  WARMUP_FACTOR: 0.01
  WARMUP_ITERS: 0
  WARMUP_METHOD: linear
  WEIGHT_DECAY: 0.0001
  WEIGHT_DECAY_BIAS: 0.0001
TEST:
  FEAT: 0
  FEAT_NORM: yes
  IMS_PER_BATCH: 128
  MISS: nothing
  NECK_FEAT: before
  RE_RANKING: no
  WEIGHT: 
=> RGBNT201 loaded
Dataset statistics:
  ----------------------------------------
  subset   | # ids | # images | # cameras
  ----------------------------------------
  train    |   171 |     3951 |         4
  query    |    30 |      836 |         2
  gallery  |    30 |      836 |         2
  ----------------------------------------
data is ready
using Transformer_type: ViT-B-16 as a backbone
Resized position embedding: %s to %s torch.Size([197, 768]) torch.Size([129, 768])
Position embedding resize to height:16 width: 8
Successfully load ckpt!
<All keys matched successfully>
Loading pretrained model from CLIP
camera number is : 4
===========Building DeMo===========
2025-12-09 12:34:45,028 DeMo INFO: DeMo(
  (BACKBONE): build_transformer(
    (base): VisionTransformer(
      (conv1): Conv2d(3, 768, kernel_size=(16, 16), stride=(16, 16), bias=False)
      (ln_pre): LayerNorm((768,), eps=1e-05, elementwise_affine=True)
      (transformer): Transformer(
        (resblocks): Sequential(
          (0): ResidualAttentionBlock(
            (attn): MultiheadAttention(
              (out_proj): NonDynamicallyQuantizableLinear(in_features=768, out_features=768, bias=True)
            )
            (ln_1): LayerNorm((768,), eps=1e-05, elementwise_affine=True)
            (mlp): Sequential(
              (c_fc): Linear(in_features=768, out_features=3072, bias=True)
              (gelu): QuickGELU()
              (c_proj): Linear(in_features=3072, out_features=768, bias=True)
            )
            (ln_2): LayerNorm((768,), eps=1e-05, elementwise_affine=True)
          )
          (1): ResidualAttentionBlock(
            (attn): MultiheadAttention(
              (out_proj): NonDynamicallyQuantizableLinear(in_features=768, out_features=768, bias=True)
            )
            (ln_1): LayerNorm((768,), eps=1e-05, elementwise_affine=True)
            (mlp): Sequential(
              (c_fc): Linear(in_features=768, out_features=3072, bias=True)
              (gelu): QuickGELU()
              (c_proj): Linear(in_features=3072, out_features=768, bias=True)
            )
            (ln_2): LayerNorm((768,), eps=1e-05, elementwise_affine=True)
          )
          (2): ResidualAttentionBlock(
            (attn): MultiheadAttention(
              (out_proj): NonDynamicallyQuantizableLinear(in_features=768, out_features=768, bias=True)
            )
            (ln_1): LayerNorm((768,), eps=1e-05, elementwise_affine=True)
            (mlp): Sequential(
              (c_fc): Linear(in_features=768, out_features=3072, bias=True)
              (gelu): QuickGELU()
              (c_proj): Linear(in_features=3072, out_features=768, bias=True)
            )
            (ln_2): LayerNorm((768,), eps=1e-05, elementwise_affine=True)
          )
          (3): ResidualAttentionBlock(
            (attn): MultiheadAttention(
              (out_proj): NonDynamicallyQuantizableLinear(in_features=768, out_features=768, bias=True)
            )
            (ln_1): LayerNorm((768,), eps=1e-05, elementwise_affine=True)
            (mlp): Sequential(
              (c_fc): Linear(in_features=768, out_features=3072, bias=True)
              (gelu): QuickGELU()
              (c_proj): Linear(in_features=3072, out_features=768, bias=True)
            )
            (ln_2): LayerNorm((768,), eps=1e-05, elementwise_affine=True)
          )
          (4): ResidualAttentionBlock(
            (attn): MultiheadAttention(
              (out_proj): NonDynamicallyQuantizableLinear(in_features=768, out_features=768, bias=True)
            )
            (ln_1): LayerNorm((768,), eps=1e-05, elementwise_affine=True)
            (mlp): Sequential(
              (c_fc): Linear(in_features=768, out_features=3072, bias=True)
              (gelu): QuickGELU()
              (c_proj): Linear(in_features=3072, out_features=768, bias=True)
            )
            (ln_2): LayerNorm((768,), eps=1e-05, elementwise_affine=True)
          )
          (5): ResidualAttentionBlock(
            (attn): MultiheadAttention(
              (out_proj): NonDynamicallyQuantizableLinear(in_features=768, out_features=768, bias=True)
            )
            (ln_1): LayerNorm((768,), eps=1e-05, elementwise_affine=True)
            (mlp): Sequential(
              (c_fc): Linear(in_features=768, out_features=3072, bias=True)
              (gelu): QuickGELU()
              (c_proj): Linear(in_features=3072, out_features=768, bias=True)
            )
            (ln_2): LayerNorm((768,), eps=1e-05, elementwise_affine=True)
          )
          (6): ResidualAttentionBlock(
            (attn): MultiheadAttention(
              (out_proj): NonDynamicallyQuantizableLinear(in_features=768, out_features=768, bias=True)
            )
            (ln_1): LayerNorm((768,), eps=1e-05, elementwise_affine=True)
            (mlp): Sequential(
              (c_fc): Linear(in_features=768, out_features=3072, bias=True)
              (gelu): QuickGELU()
              (c_proj): Linear(in_features=3072, out_features=768, bias=True)
            )
            (ln_2): LayerNorm((768,), eps=1e-05, elementwise_affine=True)
          )
          (7): ResidualAttentionBlock(
            (attn): MultiheadAttention(
              (out_proj): NonDynamicallyQuantizableLinear(in_features=768, out_features=768, bias=True)
            )
            (ln_1): LayerNorm((768,), eps=1e-05, elementwise_affine=True)
            (mlp): Sequential(
              (c_fc): Linear(in_features=768, out_features=3072, bias=True)
              (gelu): QuickGELU()
              (c_proj): Linear(in_features=3072, out_features=768, bias=True)
            )
            (ln_2): LayerNorm((768,), eps=1e-05, elementwise_affine=True)
          )
          (8): ResidualAttentionBlock(
            (attn): MultiheadAttention(
              (out_proj): NonDynamicallyQuantizableLinear(in_features=768, out_features=768, bias=True)
            )
            (ln_1): LayerNorm((768,), eps=1e-05, elementwise_affine=True)
            (mlp): Sequential(
              (c_fc): Linear(in_features=768, out_features=3072, bias=True)
              (gelu): QuickGELU()
              (c_proj): Linear(in_features=3072, out_features=768, bias=True)
            )
            (ln_2): LayerNorm((768,), eps=1e-05, elementwise_affine=True)
          )
          (9): ResidualAttentionBlock(
            (attn): MultiheadAttention(
              (out_proj): NonDynamicallyQuantizableLinear(in_features=768, out_features=768, bias=True)
            )
            (ln_1): LayerNorm((768,), eps=1e-05, elementwise_affine=True)
            (mlp): Sequential(
              (c_fc): Linear(in_features=768, out_features=3072, bias=True)
              (gelu): QuickGELU()
              (c_proj): Linear(in_features=3072, out_features=768, bias=True)
            )
            (ln_2): LayerNorm((768,), eps=1e-05, elementwise_affine=True)
          )
          (10): ResidualAttentionBlock(
            (attn): MultiheadAttention(
              (out_proj): NonDynamicallyQuantizableLinear(in_features=768, out_features=768, bias=True)
            )
            (ln_1): LayerNorm((768,), eps=1e-05, elementwise_affine=True)
            (mlp): Sequential(
              (c_fc): Linear(in_features=768, out_features=3072, bias=True)
              (gelu): QuickGELU()
              (c_proj): Linear(in_features=3072, out_features=768, bias=True)
            )
            (ln_2): LayerNorm((768,), eps=1e-05, elementwise_affine=True)
          )
          (11): ResidualAttentionBlock(
            (attn): MultiheadAttention(
              (out_proj): NonDynamicallyQuantizableLinear(in_features=768, out_features=768, bias=True)
            )
            (ln_1): LayerNorm((768,), eps=1e-05, elementwise_affine=True)
            (mlp): Sequential(
              (c_fc): Linear(in_features=768, out_features=3072, bias=True)
              (gelu): QuickGELU()
              (c_proj): Linear(in_features=3072, out_features=768, bias=True)
            )
            (ln_2): LayerNorm((768,), eps=1e-05, elementwise_affine=True)
          )
        )
      )
      (ln_post): LayerNorm((768,), eps=1e-05, elementwise_affine=True)
    )
  )
  (pool): AdaptiveAvgPool1d(output_size=1)
  (rgb_reduce): Sequential(
    (0): LayerNorm((1024,), eps=1e-05, elementwise_affine=True)
    (1): Linear(in_features=1024, out_features=512, bias=True)
    (2): QuickGELU()
  )
  (nir_reduce): Sequential(
    (0): LayerNorm((1024,), eps=1e-05, elementwise_affine=True)
    (1): Linear(in_features=1024, out_features=512, bias=True)
    (2): QuickGELU()
  )
  (tir_reduce): Sequential(
    (0): LayerNorm((1024,), eps=1e-05, elementwise_affine=True)
    (1): Linear(in_features=1024, out_features=512, bias=True)
    (2): QuickGELU()
  )
  (sdtps): MultiModalSDTPS(
    (rgb_sparse): TokenSparse()
    (nir_sparse): TokenSparse()
    (tir_sparse): TokenSparse()
    (rgb_self_attn): CrossModalAttention(
      (q_proj): Linear(in_features=512, out_features=512, bias=True)
      (k_proj): Linear(in_features=512, out_features=512, bias=True)
      (attn_drop): Dropout(p=0.0, inplace=False)
    )
    (rgb_cross_nir): CrossModalAttention(
      (q_proj): Linear(in_features=512, out_features=512, bias=True)
      (k_proj): Linear(in_features=512, out_features=512, bias=True)
      (attn_drop): Dropout(p=0.0, inplace=False)
    )
    (rgb_cross_tir): CrossModalAttention(
      (q_proj): Linear(in_features=512, out_features=512, bias=True)
      (k_proj): Linear(in_features=512, out_features=512, bias=True)
      (attn_drop): Dropout(p=0.0, inplace=False)
    )
    (nir_self_attn): CrossModalAttention(
      (q_proj): Linear(in_features=512, out_features=512, bias=True)
      (k_proj): Linear(in_features=512, out_features=512, bias=True)
      (attn_drop): Dropout(p=0.0, inplace=False)
    )
    (nir_cross_rgb): CrossModalAttention(
      (q_proj): Linear(in_features=512, out_features=512, bias=True)
      (k_proj): Linear(in_features=512, out_features=512, bias=True)
      (attn_drop): Dropout(p=0.0, inplace=False)
    )
    (nir_cross_tir): CrossModalAttention(
      (q_proj): Linear(in_features=512, out_features=512, bias=True)
      (k_proj): Linear(in_features=512, out_features=512, bias=True)
      (attn_drop): Dropout(p=0.0, inplace=False)
    )
    (tir_self_attn): CrossModalAttention(
      (q_proj): Linear(in_features=512, out_features=512, bias=True)
      (k_proj): Linear(in_features=512, out_features=512, bias=True)
      (attn_drop): Dropout(p=0.0, inplace=False)
    )
    (tir_cross_rgb): CrossModalAttention(
      (q_proj): Linear(in_features=512, out_features=512, bias=True)
      (k_proj): Linear(in_features=512, out_features=512, bias=True)
      (attn_drop): Dropout(p=0.0, inplace=False)
    )
    (tir_cross_nir): CrossModalAttention(
      (q_proj): Linear(in_features=512, out_features=512, bias=True)
      (k_proj): Linear(in_features=512, out_features=512, bias=True)
      (attn_drop): Dropout(p=0.0, inplace=False)
    )
  )
  (classifier_sdtps): Linear(in_features=1536, out_features=171, bias=False)
  (bottleneck_sdtps): BatchNorm1d(1536, eps=1e-05, momentum=0.1, affine=True, track_running_stats=True)
  (classifier): Linear(in_features=1536, out_features=171, bias=False)
  (bottleneck): BatchNorm1d(1536, eps=1e-05, momentum=0.1, affine=True, track_running_stats=True)
)
2025-12-09 12:34:45,029 DeMo INFO: number of parameters:92.980305
/home/yij/miniconda3/envs/DeMo/lib/python3.8/site-packages/timm/models/helpers.py:7: FutureWarning: Importing from timm.models.helpers is deprecated, please import via timm.models
  warnings.warn(f"Importing from {__name__} is deprecated, please import via timm.models", FutureWarning)
/home/yij/miniconda3/envs/DeMo/lib/python3.8/site-packages/timm/models/registry.py:4: FutureWarning: Importing from timm.models.registry is deprecated, please import via timm.models
  warnings.warn(f"Importing from {__name__} is deprecated, please import via timm.models", FutureWarning)
/home/yij/miniconda3/envs/DeMo/lib/python3.8/site-packages/timm/models/layers/__init__.py:48: FutureWarning: Importing from timm.models.layers is deprecated, please import via timm.layers
  warnings.warn(f"Importing from {__name__} is deprecated, please import via timm.layers", FutureWarning)
/raid/yij/icme/demo2new/DeMo2/modeling/clip/clip.py:23: UserWarning: PyTorch version 1.7.1 or higher is recommended
  warnings.warn("PyTorch version 1.7.1 or higher is recommended")
/home/yij/miniconda3/envs/DeMo/lib/python3.8/site-packages/torchvision/transforms/transforms.py:329: UserWarning: Argument 'interpolation' of type int is deprecated since 0.13 and will be removed in 0.15. Please use InterpolationMode enum.
  warnings.warn(
The following submodules of the model were never called during the trace of the graph. They may be unused, or they were accessed by direct calls to .forward() or via other python methods. In the latter case they will have zeros for statistics, though their statistics will still contribute to their parent calling module.
BACKBONE.base.transformer.resblocks.0.attn.out_proj, BACKBONE.base.transformer.resblocks.1.attn.out_proj, BACKBONE.base.transformer.resblocks.10.attn.out_proj, BACKBONE.base.transformer.resblocks.11.attn.out_proj, BACKBONE.base.transformer.resblocks.2.attn.out_proj, BACKBONE.base.transformer.resblocks.3.attn.out_proj, BACKBONE.base.transformer.resblocks.4.attn.out_proj, BACKBONE.base.transformer.resblocks.5.attn.out_proj, BACKBONE.base.transformer.resblocks.6.attn.out_proj, BACKBONE.base.transformer.resblocks.7.attn.out_proj, BACKBONE.base.transformer.resblocks.8.attn.out_proj, BACKBONE.base.transformer.resblocks.9.attn.out_proj, bottleneck, bottleneck_sdtps, classifier, classifier_sdtps
~~~~~~~~~~~~~~~~~~~~~~~~~~~~~~~~~~~~~~~~~~~~~~~~~~~~~~~~~~~~~~~~~~~~~~~~~~~~~~~~~~~~~~~~~~~~~~~~
The out_proj here is called by the nn.MultiheadAttention, which has been calculated in th .forward(), so just ignore it.
~~~~~~~~~~~~~~~~~~~~~~~~~~~~~~~~~~~~~~~~~~~~~~~~~~~~~~~~~~~~~~~~~~~~~~~~~~~~~~~~~~~~~~~~~~~~~~~~
For the bottleneck or classifier, it is not calculated during inference, so just ignore it.
~~~~~~~~~~~~~~~~~~~~~~~~~~~~~~~~~~~~~~~~~~~~~~~~~~~~~~~~~~~~~~~~~~~~~~~~~~~~~~~~~~~~~~~~~~~~~~~~
2025-12-09 12:34:56,339 DeMo INFO: number of GFLOPs: 34.58413796399999
using soft triplet loss for training
label smooth on, numclasses: 171
2025-12-09 12:34:56,353 DeMo.train INFO: start training
/home/yij/miniconda3/envs/DeMo/lib/python3.8/site-packages/torch/optim/lr_scheduler.py:138: UserWarning: Detected call of `lr_scheduler.step()` before `optimizer.step()`. In PyTorch 1.1.0 and later, you should call them in the opposite order: `optimizer.step()` before `lr_scheduler.step()`.  Failure to do this will result in PyTorch skipping the first value of the learning rate schedule. See more details at https://pytorch.org/docs/stable/optim.html#how-to-adjust-learning-rate
  warnings.warn("Detected call of `lr_scheduler.step()` before `optimizer.step()`. "
/home/yij/miniconda3/envs/DeMo/lib/python3.8/site-packages/torch/optim/lr_scheduler.py:163: UserWarning: The epoch parameter in `scheduler.step()` was not necessary and is being deprecated where possible. Please use `scheduler.step()` to step the scheduler. During the deprecation, if epoch is different from None, the closed form is used instead of the new chainable form, where available. Please open an issue if you are unable to replicate your use case: https://github.com/pytorch/pytorch/issues/new/choose.
  warnings.warn(EPOCH_DEPRECATION_WARNING, UserWarning)
2025-12-09 12:35:05,929 DeMo.train INFO: Epoch[1] Iteration[10/54] Loss: 5.813, Acc: 0.008, Base Lr: 5.00e-06
2025-12-09 12:35:08,372 DeMo.train INFO: Epoch[1] Iteration[20/54] Loss: 5.063, Acc: 0.012, Base Lr: 5.00e-06
2025-12-09 12:35:10,795 DeMo.train INFO: Epoch[1] Iteration[30/54] Loss: 4.755, Acc: 0.014, Base Lr: 5.00e-06
2025-12-09 12:35:13,223 DeMo.train INFO: Epoch[1] Iteration[40/54] Loss: 4.566, Acc: 0.011, Base Lr: 5.00e-06
2025-12-09 12:35:15,651 DeMo.train INFO: Epoch[1] Iteration[50/54] Loss: 4.439, Acc: 0.012, Base Lr: 5.00e-06
2025-12-09 12:35:16,504 DeMo.train INFO: Epoch 1 done. Time per batch: 0.380[s] Speed: 168.5[samples/s]
2025-12-09 12:35:16,506 DeMo.train INFO: ~~~~~~~~~~~~~~~~~~~~~~~~~~~~~~~~~~~~~~~~~~~~~~~~~~
2025-12-09 12:35:16,506 DeMo.train INFO: Current is the ori feature testing!
2025-12-09 12:35:16,506 DeMo.train INFO: ~~~~~~~~~~~~~~~~~~~~~~~~~~~~~~~~~~~~~~~~~~~~~~~~~~
The test feature is normalized
=> Computing DistMat with euclidean_distance
2025-12-09 12:35:24,234 DeMo.train INFO: Validation Results - Epoch: 1
2025-12-09 12:35:24,234 DeMo.train INFO: mAP: 20.6%
2025-12-09 12:35:24,235 DeMo.train INFO: CMC curve, Rank-1  :18.8%
2025-12-09 12:35:24,235 DeMo.train INFO: CMC curve, Rank-5  :33.5%
2025-12-09 12:35:24,235 DeMo.train INFO: CMC curve, Rank-10 :41.7%
2025-12-09 12:35:24,235 DeMo.train INFO: ~~~~~~~~~~~~~~~~~~~~~~~~~~~~~~~~~~~~~~~~~~~~~~~~~~
2025-12-09 12:35:24,236 DeMo.train INFO: ~~~~~~~~~~~~~~~~~~~~~~~~~~~~~~~~~~~~~~~~~~~~~~~~~~
2025-12-09 12:35:24,236 DeMo.train INFO: Current is the moe feature testing!
2025-12-09 12:35:24,236 DeMo.train INFO: ~~~~~~~~~~~~~~~~~~~~~~~~~~~~~~~~~~~~~~~~~~~~~~~~~~
The test feature is normalized
=> Computing DistMat with euclidean_distance
2025-12-09 12:35:33,398 DeMo.train INFO: Validation Results - Epoch: 1
2025-12-09 12:35:33,400 DeMo.train INFO: mAP: 20.6%
2025-12-09 12:35:33,401 DeMo.train INFO: CMC curve, Rank-1  :18.8%
2025-12-09 12:35:33,402 DeMo.train INFO: CMC curve, Rank-5  :33.5%
2025-12-09 12:35:33,403 DeMo.train INFO: CMC curve, Rank-10 :41.7%
2025-12-09 12:35:33,403 DeMo.train INFO: ~~~~~~~~~~~~~~~~~~~~~~~~~~~~~~~~~~~~~~~~~~~~~~~~~~
2025-12-09 12:35:33,564 DeMo.train INFO: ~~~~~~~~~~~~~~~~~~~~~~~~~~~~~~~~~~~~~~~~~~~~~~~~~~
2025-12-09 12:35:33,564 DeMo.train INFO: Current is the [moe,ori] feature testing!
2025-12-09 12:35:33,565 DeMo.train INFO: ~~~~~~~~~~~~~~~~~~~~~~~~~~~~~~~~~~~~~~~~~~~~~~~~~~
The test feature is normalized
=> Computing DistMat with euclidean_distance
2025-12-09 12:35:43,048 DeMo.train INFO: Validation Results - Epoch: 1
2025-12-09 12:35:43,049 DeMo.train INFO: mAP: 20.6%
2025-12-09 12:35:43,049 DeMo.train INFO: CMC curve, Rank-1  :18.8%
2025-12-09 12:35:43,050 DeMo.train INFO: CMC curve, Rank-5  :33.5%
2025-12-09 12:35:43,051 DeMo.train INFO: CMC curve, Rank-10 :41.7%
2025-12-09 12:35:43,052 DeMo.train INFO: ~~~~~~~~~~~~~~~~~~~~~~~~~~~~~~~~~~~~~~~~~~~~~~~~~~
2025-12-09 12:36:29,661 DeMo.train INFO: ~~~~~~~~~~~~~~~~~~~~~~~~~~~~~~~~~~~~~~~~~~~~~~~~~~
2025-12-09 12:36:29,663 DeMo.train INFO: Best mAP: 20.6%
2025-12-09 12:36:29,664 DeMo.train INFO: Best Rank-1: 18.8%
2025-12-09 12:36:29,665 DeMo.train INFO: Best Rank-5: 33.5%
2025-12-09 12:36:29,666 DeMo.train INFO: Best Rank-10: 41.7%
2025-12-09 12:36:29,666 DeMo.train INFO: ~~~~~~~~~~~~~~~~~~~~~~~~~~~~~~~~~~~~~~~~~~~~~~~~~~
2025-12-09 12:36:41,306 DeMo.train INFO: Epoch[2] Iteration[10/54] Loss: 3.744, Acc: 0.050, Base Lr: 4.90e-06
2025-12-09 12:36:43,768 DeMo.train INFO: Epoch[2] Iteration[20/54] Loss: 3.704, Acc: 0.048, Base Lr: 4.90e-06
2025-12-09 12:36:46,223 DeMo.train INFO: Epoch[2] Iteration[30/54] Loss: 3.649, Acc: 0.046, Base Lr: 4.90e-06
2025-12-09 12:36:48,701 DeMo.train INFO: Epoch[2] Iteration[40/54] Loss: 3.617, Acc: 0.050, Base Lr: 4.90e-06
2025-12-09 12:36:51,127 DeMo.train INFO: Epoch[2] Iteration[50/54] Loss: 3.557, Acc: 0.055, Base Lr: 4.90e-06
2025-12-09 12:36:51,976 DeMo.train INFO: Epoch 2 done. Time per batch: 0.421[s] Speed: 152.0[samples/s]
2025-12-09 12:36:51,978 DeMo.train INFO: ~~~~~~~~~~~~~~~~~~~~~~~~~~~~~~~~~~~~~~~~~~~~~~~~~~
2025-12-09 12:36:51,978 DeMo.train INFO: Current is the ori feature testing!
2025-12-09 12:36:51,980 DeMo.train INFO: ~~~~~~~~~~~~~~~~~~~~~~~~~~~~~~~~~~~~~~~~~~~~~~~~~~
The test feature is normalized
=> Computing DistMat with euclidean_distance
2025-12-09 12:37:04,811 DeMo.train INFO: Validation Results - Epoch: 2
2025-12-09 12:37:04,812 DeMo.train INFO: mAP: 43.9%
2025-12-09 12:37:04,813 DeMo.train INFO: CMC curve, Rank-1  :43.7%
2025-12-09 12:37:04,814 DeMo.train INFO: CMC curve, Rank-5  :59.8%
2025-12-09 12:37:04,815 DeMo.train INFO: CMC curve, Rank-10 :67.1%
2025-12-09 12:37:04,815 DeMo.train INFO: ~~~~~~~~~~~~~~~~~~~~~~~~~~~~~~~~~~~~~~~~~~~~~~~~~~
2025-12-09 12:37:06,384 DeMo.train INFO: ~~~~~~~~~~~~~~~~~~~~~~~~~~~~~~~~~~~~~~~~~~~~~~~~~~
2025-12-09 12:37:06,385 DeMo.train INFO: Current is the moe feature testing!
2025-12-09 12:37:06,386 DeMo.train INFO: ~~~~~~~~~~~~~~~~~~~~~~~~~~~~~~~~~~~~~~~~~~~~~~~~~~
The test feature is normalized
=> Computing DistMat with euclidean_distance
2025-12-09 12:37:18,645 DeMo.train INFO: Validation Results - Epoch: 2
2025-12-09 12:37:18,646 DeMo.train INFO: mAP: 43.9%
2025-12-09 12:37:18,646 DeMo.train INFO: CMC curve, Rank-1  :43.7%
2025-12-09 12:37:18,646 DeMo.train INFO: CMC curve, Rank-5  :59.8%
2025-12-09 12:37:18,646 DeMo.train INFO: CMC curve, Rank-10 :67.1%
2025-12-09 12:37:18,646 DeMo.train INFO: ~~~~~~~~~~~~~~~~~~~~~~~~~~~~~~~~~~~~~~~~~~~~~~~~~~
2025-12-09 12:37:19,207 DeMo.train INFO: ~~~~~~~~~~~~~~~~~~~~~~~~~~~~~~~~~~~~~~~~~~~~~~~~~~
2025-12-09 12:37:19,207 DeMo.train INFO: Current is the [moe,ori] feature testing!
2025-12-09 12:37:19,207 DeMo.train INFO: ~~~~~~~~~~~~~~~~~~~~~~~~~~~~~~~~~~~~~~~~~~~~~~~~~~
The test feature is normalized
=> Computing DistMat with euclidean_distance
2025-12-09 12:37:25,288 DeMo.train INFO: Validation Results - Epoch: 2
2025-12-09 12:37:25,289 DeMo.train INFO: mAP: 43.9%
2025-12-09 12:37:25,289 DeMo.train INFO: CMC curve, Rank-1  :43.7%
2025-12-09 12:37:25,289 DeMo.train INFO: CMC curve, Rank-5  :59.8%
2025-12-09 12:37:25,289 DeMo.train INFO: CMC curve, Rank-10 :67.1%
2025-12-09 12:37:25,289 DeMo.train INFO: ~~~~~~~~~~~~~~~~~~~~~~~~~~~~~~~~~~~~~~~~~~~~~~~~~~
2025-12-09 12:38:26,565 DeMo.train INFO: ~~~~~~~~~~~~~~~~~~~~~~~~~~~~~~~~~~~~~~~~~~~~~~~~~~
2025-12-09 12:38:26,566 DeMo.train INFO: Best mAP: 43.9%
2025-12-09 12:38:26,569 DeMo.train INFO: Best Rank-1: 43.7%
2025-12-09 12:38:26,569 DeMo.train INFO: Best Rank-5: 59.8%
2025-12-09 12:38:26,569 DeMo.train INFO: Best Rank-10: 67.1%
2025-12-09 12:38:26,570 DeMo.train INFO: ~~~~~~~~~~~~~~~~~~~~~~~~~~~~~~~~~~~~~~~~~~~~~~~~~~
2025-12-09 12:38:39,539 DeMo.train INFO: Epoch[3] Iteration[10/54] Loss: 3.133, Acc: 0.141, Base Lr: 4.80e-06
2025-12-09 12:38:42,546 DeMo.train INFO: Epoch[3] Iteration[20/54] Loss: 3.125, Acc: 0.141, Base Lr: 4.80e-06
2025-12-09 12:38:44,984 DeMo.train INFO: Epoch[3] Iteration[30/54] Loss: 3.066, Acc: 0.144, Base Lr: 4.80e-06
2025-12-09 12:38:47,417 DeMo.train INFO: Epoch[3] Iteration[40/54] Loss: 3.041, Acc: 0.156, Base Lr: 4.80e-06
2025-12-09 12:38:49,847 DeMo.train INFO: Epoch[3] Iteration[50/54] Loss: 3.013, Acc: 0.162, Base Lr: 4.80e-06
2025-12-09 12:38:50,675 DeMo.train INFO: Epoch 3 done. Time per batch: 0.455[s] Speed: 140.7[samples/s]
2025-12-09 12:38:50,677 DeMo.train INFO: ~~~~~~~~~~~~~~~~~~~~~~~~~~~~~~~~~~~~~~~~~~~~~~~~~~
2025-12-09 12:38:50,677 DeMo.train INFO: Current is the ori feature testing!
2025-12-09 12:38:50,677 DeMo.train INFO: ~~~~~~~~~~~~~~~~~~~~~~~~~~~~~~~~~~~~~~~~~~~~~~~~~~
The test feature is normalized
=> Computing DistMat with euclidean_distance
2025-12-09 12:38:55,713 DeMo.train INFO: Validation Results - Epoch: 3
2025-12-09 12:38:55,713 DeMo.train INFO: mAP: 52.6%
2025-12-09 12:38:55,715 DeMo.train INFO: CMC curve, Rank-1  :50.7%
2025-12-09 12:38:55,715 DeMo.train INFO: CMC curve, Rank-5  :65.9%
2025-12-09 12:38:55,715 DeMo.train INFO: CMC curve, Rank-10 :72.8%
2025-12-09 12:38:55,716 DeMo.train INFO: ~~~~~~~~~~~~~~~~~~~~~~~~~~~~~~~~~~~~~~~~~~~~~~~~~~
2025-12-09 12:38:57,085 DeMo.train INFO: ~~~~~~~~~~~~~~~~~~~~~~~~~~~~~~~~~~~~~~~~~~~~~~~~~~
2025-12-09 12:38:57,087 DeMo.train INFO: Current is the moe feature testing!
2025-12-09 12:38:57,088 DeMo.train INFO: ~~~~~~~~~~~~~~~~~~~~~~~~~~~~~~~~~~~~~~~~~~~~~~~~~~
The test feature is normalized
=> Computing DistMat with euclidean_distance
2025-12-09 12:39:06,195 DeMo.train INFO: Validation Results - Epoch: 3
2025-12-09 12:39:06,196 DeMo.train INFO: mAP: 52.6%
2025-12-09 12:39:06,197 DeMo.train INFO: CMC curve, Rank-1  :50.7%
2025-12-09 12:39:06,198 DeMo.train INFO: CMC curve, Rank-5  :65.9%
2025-12-09 12:39:06,198 DeMo.train INFO: CMC curve, Rank-10 :72.8%
2025-12-09 12:39:06,199 DeMo.train INFO: ~~~~~~~~~~~~~~~~~~~~~~~~~~~~~~~~~~~~~~~~~~~~~~~~~~
2025-12-09 12:39:07,077 DeMo.train INFO: ~~~~~~~~~~~~~~~~~~~~~~~~~~~~~~~~~~~~~~~~~~~~~~~~~~
2025-12-09 12:39:07,078 DeMo.train INFO: Current is the [moe,ori] feature testing!
2025-12-09 12:39:07,079 DeMo.train INFO: ~~~~~~~~~~~~~~~~~~~~~~~~~~~~~~~~~~~~~~~~~~~~~~~~~~
The test feature is normalized
=> Computing DistMat with euclidean_distance
2025-12-09 12:39:16,918 DeMo.train INFO: Validation Results - Epoch: 3
2025-12-09 12:39:16,919 DeMo.train INFO: mAP: 52.6%
2025-12-09 12:39:16,920 DeMo.train INFO: CMC curve, Rank-1  :50.7%
2025-12-09 12:39:16,920 DeMo.train INFO: CMC curve, Rank-5  :65.9%
2025-12-09 12:39:16,921 DeMo.train INFO: CMC curve, Rank-10 :72.8%
2025-12-09 12:39:16,922 DeMo.train INFO: ~~~~~~~~~~~~~~~~~~~~~~~~~~~~~~~~~~~~~~~~~~~~~~~~~~
2025-12-09 12:39:57,051 DeMo.train INFO: ~~~~~~~~~~~~~~~~~~~~~~~~~~~~~~~~~~~~~~~~~~~~~~~~~~
2025-12-09 12:39:57,052 DeMo.train INFO: Best mAP: 52.6%
2025-12-09 12:39:57,053 DeMo.train INFO: Best Rank-1: 50.7%
2025-12-09 12:39:57,054 DeMo.train INFO: Best Rank-5: 65.9%
2025-12-09 12:39:57,055 DeMo.train INFO: Best Rank-10: 72.8%
2025-12-09 12:39:57,056 DeMo.train INFO: ~~~~~~~~~~~~~~~~~~~~~~~~~~~~~~~~~~~~~~~~~~~~~~~~~~
2025-12-09 12:40:09,051 DeMo.train INFO: Epoch[4] Iteration[10/54] Loss: 2.876, Acc: 0.330, Base Lr: 4.69e-06
2025-12-09 12:40:11,519 DeMo.train INFO: Epoch[4] Iteration[20/54] Loss: 2.788, Acc: 0.366, Base Lr: 4.69e-06
2025-12-09 12:40:13,986 DeMo.train INFO: Epoch[4] Iteration[30/54] Loss: 2.773, Acc: 0.357, Base Lr: 4.69e-06
2025-12-09 12:40:16,464 DeMo.train INFO: Epoch[4] Iteration[40/54] Loss: 2.772, Acc: 0.348, Base Lr: 4.69e-06
2025-12-09 12:40:21,429 DeMo.train INFO: Epoch[4] Iteration[50/54] Loss: 2.754, Acc: 0.361, Base Lr: 4.69e-06
2025-12-09 12:40:22,268 DeMo.train INFO: Epoch 4 done. Time per batch: 0.476[s] Speed: 134.5[samples/s]
2025-12-09 12:40:22,269 DeMo.train INFO: ~~~~~~~~~~~~~~~~~~~~~~~~~~~~~~~~~~~~~~~~~~~~~~~~~~
2025-12-09 12:40:22,270 DeMo.train INFO: Current is the ori feature testing!
2025-12-09 12:40:22,271 DeMo.train INFO: ~~~~~~~~~~~~~~~~~~~~~~~~~~~~~~~~~~~~~~~~~~~~~~~~~~
The test feature is normalized
=> Computing DistMat with euclidean_distance
2025-12-09 12:40:28,175 DeMo.train INFO: Validation Results - Epoch: 4
2025-12-09 12:40:28,176 DeMo.train INFO: mAP: 59.5%
2025-12-09 12:40:28,177 DeMo.train INFO: CMC curve, Rank-1  :62.2%
2025-12-09 12:40:28,178 DeMo.train INFO: CMC curve, Rank-5  :75.7%
2025-12-09 12:40:28,179 DeMo.train INFO: CMC curve, Rank-10 :81.5%
2025-12-09 12:40:28,180 DeMo.train INFO: ~~~~~~~~~~~~~~~~~~~~~~~~~~~~~~~~~~~~~~~~~~~~~~~~~~
2025-12-09 12:40:29,755 DeMo.train INFO: ~~~~~~~~~~~~~~~~~~~~~~~~~~~~~~~~~~~~~~~~~~~~~~~~~~
2025-12-09 12:40:29,756 DeMo.train INFO: Current is the moe feature testing!
2025-12-09 12:40:29,757 DeMo.train INFO: ~~~~~~~~~~~~~~~~~~~~~~~~~~~~~~~~~~~~~~~~~~~~~~~~~~
The test feature is normalized
=> Computing DistMat with euclidean_distance
2025-12-09 12:40:38,855 DeMo.train INFO: Validation Results - Epoch: 4
2025-12-09 12:40:38,857 DeMo.train INFO: mAP: 59.5%
2025-12-09 12:40:38,857 DeMo.train INFO: CMC curve, Rank-1  :62.2%
2025-12-09 12:40:38,858 DeMo.train INFO: CMC curve, Rank-5  :75.7%
2025-12-09 12:40:38,859 DeMo.train INFO: CMC curve, Rank-10 :81.5%
2025-12-09 12:40:38,860 DeMo.train INFO: ~~~~~~~~~~~~~~~~~~~~~~~~~~~~~~~~~~~~~~~~~~~~~~~~~~
2025-12-09 12:40:39,648 DeMo.train INFO: ~~~~~~~~~~~~~~~~~~~~~~~~~~~~~~~~~~~~~~~~~~~~~~~~~~
2025-12-09 12:40:39,650 DeMo.train INFO: Current is the [moe,ori] feature testing!
2025-12-09 12:40:39,650 DeMo.train INFO: ~~~~~~~~~~~~~~~~~~~~~~~~~~~~~~~~~~~~~~~~~~~~~~~~~~
The test feature is normalized
=> Computing DistMat with euclidean_distance
2025-12-09 12:40:48,304 DeMo.train INFO: Validation Results - Epoch: 4
2025-12-09 12:40:48,304 DeMo.train INFO: mAP: 59.5%
2025-12-09 12:40:48,304 DeMo.train INFO: CMC curve, Rank-1  :62.2%
2025-12-09 12:40:48,305 DeMo.train INFO: CMC curve, Rank-5  :75.7%
2025-12-09 12:40:48,305 DeMo.train INFO: CMC curve, Rank-10 :81.5%
2025-12-09 12:40:48,305 DeMo.train INFO: ~~~~~~~~~~~~~~~~~~~~~~~~~~~~~~~~~~~~~~~~~~~~~~~~~~
2025-12-09 12:41:43,713 DeMo.train INFO: ~~~~~~~~~~~~~~~~~~~~~~~~~~~~~~~~~~~~~~~~~~~~~~~~~~
2025-12-09 12:41:43,714 DeMo.train INFO: Best mAP: 59.5%
2025-12-09 12:41:43,715 DeMo.train INFO: Best Rank-1: 62.2%
2025-12-09 12:41:43,716 DeMo.train INFO: Best Rank-5: 75.7%
2025-12-09 12:41:43,717 DeMo.train INFO: Best Rank-10: 81.5%
2025-12-09 12:41:43,719 DeMo.train INFO: ~~~~~~~~~~~~~~~~~~~~~~~~~~~~~~~~~~~~~~~~~~~~~~~~~~
2025-12-09 12:41:54,213 DeMo.train INFO: Epoch[5] Iteration[10/54] Loss: 2.710, Acc: 0.503, Base Lr: 4.59e-06
2025-12-09 12:41:58,994 DeMo.train INFO: Epoch[5] Iteration[20/54] Loss: 2.733, Acc: 0.505, Base Lr: 4.59e-06
2025-12-09 12:42:01,452 DeMo.train INFO: Epoch[5] Iteration[30/54] Loss: 2.724, Acc: 0.541, Base Lr: 4.59e-06
2025-12-09 12:42:03,882 DeMo.train INFO: Epoch[5] Iteration[40/54] Loss: 2.726, Acc: 0.552, Base Lr: 4.59e-06
2025-12-09 12:42:06,333 DeMo.train INFO: Epoch[5] Iteration[50/54] Loss: 2.702, Acc: 0.575, Base Lr: 4.59e-06
2025-12-09 12:42:07,170 DeMo.train INFO: Epoch 5 done. Time per batch: 0.442[s] Speed: 144.6[samples/s]
2025-12-09 12:42:07,172 DeMo.train INFO: ~~~~~~~~~~~~~~~~~~~~~~~~~~~~~~~~~~~~~~~~~~~~~~~~~~
2025-12-09 12:42:07,172 DeMo.train INFO: Current is the ori feature testing!
2025-12-09 12:42:07,172 DeMo.train INFO: ~~~~~~~~~~~~~~~~~~~~~~~~~~~~~~~~~~~~~~~~~~~~~~~~~~
The test feature is normalized
=> Computing DistMat with euclidean_distance
2025-12-09 12:42:12,692 DeMo.train INFO: Validation Results - Epoch: 5
2025-12-09 12:42:12,693 DeMo.train INFO: mAP: 63.8%
2025-12-09 12:42:12,694 DeMo.train INFO: CMC curve, Rank-1  :64.7%
2025-12-09 12:42:12,694 DeMo.train INFO: CMC curve, Rank-5  :77.0%
2025-12-09 12:42:12,695 DeMo.train INFO: CMC curve, Rank-10 :84.4%
2025-12-09 12:42:12,696 DeMo.train INFO: ~~~~~~~~~~~~~~~~~~~~~~~~~~~~~~~~~~~~~~~~~~~~~~~~~~
2025-12-09 12:42:14,364 DeMo.train INFO: ~~~~~~~~~~~~~~~~~~~~~~~~~~~~~~~~~~~~~~~~~~~~~~~~~~
2025-12-09 12:42:14,365 DeMo.train INFO: Current is the moe feature testing!
2025-12-09 12:42:14,367 DeMo.train INFO: ~~~~~~~~~~~~~~~~~~~~~~~~~~~~~~~~~~~~~~~~~~~~~~~~~~
The test feature is normalized
=> Computing DistMat with euclidean_distance
2025-12-09 12:42:24,479 DeMo.train INFO: Validation Results - Epoch: 5
2025-12-09 12:42:24,480 DeMo.train INFO: mAP: 63.8%
2025-12-09 12:42:24,480 DeMo.train INFO: CMC curve, Rank-1  :64.7%
2025-12-09 12:42:24,481 DeMo.train INFO: CMC curve, Rank-5  :77.0%
2025-12-09 12:42:24,482 DeMo.train INFO: CMC curve, Rank-10 :84.4%
2025-12-09 12:42:24,484 DeMo.train INFO: ~~~~~~~~~~~~~~~~~~~~~~~~~~~~~~~~~~~~~~~~~~~~~~~~~~
2025-12-09 12:42:24,652 DeMo.train INFO: ~~~~~~~~~~~~~~~~~~~~~~~~~~~~~~~~~~~~~~~~~~~~~~~~~~
2025-12-09 12:42:24,654 DeMo.train INFO: Current is the [moe,ori] feature testing!
2025-12-09 12:42:24,654 DeMo.train INFO: ~~~~~~~~~~~~~~~~~~~~~~~~~~~~~~~~~~~~~~~~~~~~~~~~~~
The test feature is normalized
=> Computing DistMat with euclidean_distance
2025-12-09 12:42:36,585 DeMo.train INFO: Validation Results - Epoch: 5
2025-12-09 12:42:36,585 DeMo.train INFO: mAP: 63.8%
2025-12-09 12:42:36,586 DeMo.train INFO: CMC curve, Rank-1  :64.7%
2025-12-09 12:42:36,586 DeMo.train INFO: CMC curve, Rank-5  :77.0%
2025-12-09 12:42:36,587 DeMo.train INFO: CMC curve, Rank-10 :84.4%
2025-12-09 12:42:36,588 DeMo.train INFO: ~~~~~~~~~~~~~~~~~~~~~~~~~~~~~~~~~~~~~~~~~~~~~~~~~~
2025-12-09 12:43:13,276 DeMo.train INFO: ~~~~~~~~~~~~~~~~~~~~~~~~~~~~~~~~~~~~~~~~~~~~~~~~~~
2025-12-09 12:43:13,276 DeMo.train INFO: Best mAP: 63.8%
2025-12-09 12:43:13,277 DeMo.train INFO: Best Rank-1: 64.7%
2025-12-09 12:43:13,278 DeMo.train INFO: Best Rank-5: 77.0%
2025-12-09 12:43:13,278 DeMo.train INFO: Best Rank-10: 84.4%
2025-12-09 12:43:13,279 DeMo.train INFO: ~~~~~~~~~~~~~~~~~~~~~~~~~~~~~~~~~~~~~~~~~~~~~~~~~~
2025-12-09 12:43:26,293 DeMo.train INFO: Epoch[6] Iteration[10/54] Loss: 2.583, Acc: 0.686, Base Lr: 4.49e-06
2025-12-09 12:43:28,867 DeMo.train INFO: Epoch[6] Iteration[20/54] Loss: 2.594, Acc: 0.693, Base Lr: 4.49e-06
2025-12-09 12:43:31,307 DeMo.train INFO: Epoch[6] Iteration[30/54] Loss: 2.604, Acc: 0.701, Base Lr: 4.49e-06
2025-12-09 12:43:33,745 DeMo.train INFO: Epoch[6] Iteration[40/54] Loss: 2.599, Acc: 0.696, Base Lr: 4.49e-06
2025-12-09 12:43:36,181 DeMo.train INFO: Epoch[6] Iteration[50/54] Loss: 2.593, Acc: 0.710, Base Lr: 4.49e-06
2025-12-09 12:43:37,016 DeMo.train INFO: Epoch 6 done. Time per batch: 0.448[s] Speed: 142.9[samples/s]
2025-12-09 12:43:37,017 DeMo.train INFO: ~~~~~~~~~~~~~~~~~~~~~~~~~~~~~~~~~~~~~~~~~~~~~~~~~~
2025-12-09 12:43:37,017 DeMo.train INFO: Current is the ori feature testing!
2025-12-09 12:43:37,017 DeMo.train INFO: ~~~~~~~~~~~~~~~~~~~~~~~~~~~~~~~~~~~~~~~~~~~~~~~~~~
The test feature is normalized
=> Computing DistMat with euclidean_distance
2025-12-09 12:43:42,425 DeMo.train INFO: Validation Results - Epoch: 6
2025-12-09 12:43:42,425 DeMo.train INFO: mAP: 65.3%
2025-12-09 12:43:42,425 DeMo.train INFO: CMC curve, Rank-1  :67.0%
2025-12-09 12:43:42,425 DeMo.train INFO: CMC curve, Rank-5  :79.3%
2025-12-09 12:43:42,426 DeMo.train INFO: CMC curve, Rank-10 :85.3%
2025-12-09 12:43:42,426 DeMo.train INFO: ~~~~~~~~~~~~~~~~~~~~~~~~~~~~~~~~~~~~~~~~~~~~~~~~~~
2025-12-09 12:43:44,788 DeMo.train INFO: ~~~~~~~~~~~~~~~~~~~~~~~~~~~~~~~~~~~~~~~~~~~~~~~~~~
2025-12-09 12:43:44,788 DeMo.train INFO: Current is the moe feature testing!
2025-12-09 12:43:44,789 DeMo.train INFO: ~~~~~~~~~~~~~~~~~~~~~~~~~~~~~~~~~~~~~~~~~~~~~~~~~~
The test feature is normalized
=> Computing DistMat with euclidean_distance
2025-12-09 12:43:54,897 DeMo.train INFO: Validation Results - Epoch: 6
2025-12-09 12:43:54,898 DeMo.train INFO: mAP: 65.3%
2025-12-09 12:43:54,898 DeMo.train INFO: CMC curve, Rank-1  :67.0%
2025-12-09 12:43:54,900 DeMo.train INFO: CMC curve, Rank-5  :79.3%
2025-12-09 12:43:54,901 DeMo.train INFO: CMC curve, Rank-10 :85.3%
2025-12-09 12:43:54,901 DeMo.train INFO: ~~~~~~~~~~~~~~~~~~~~~~~~~~~~~~~~~~~~~~~~~~~~~~~~~~
2025-12-09 12:43:56,142 DeMo.train INFO: ~~~~~~~~~~~~~~~~~~~~~~~~~~~~~~~~~~~~~~~~~~~~~~~~~~
2025-12-09 12:43:56,143 DeMo.train INFO: Current is the [moe,ori] feature testing!
2025-12-09 12:43:56,143 DeMo.train INFO: ~~~~~~~~~~~~~~~~~~~~~~~~~~~~~~~~~~~~~~~~~~~~~~~~~~
The test feature is normalized
=> Computing DistMat with euclidean_distance
2025-12-09 12:44:06,944 DeMo.train INFO: Validation Results - Epoch: 6
2025-12-09 12:44:06,945 DeMo.train INFO: mAP: 65.3%
2025-12-09 12:44:06,947 DeMo.train INFO: CMC curve, Rank-1  :67.0%
2025-12-09 12:44:06,948 DeMo.train INFO: CMC curve, Rank-5  :79.3%
2025-12-09 12:44:06,949 DeMo.train INFO: CMC curve, Rank-10 :85.3%
2025-12-09 12:44:06,949 DeMo.train INFO: ~~~~~~~~~~~~~~~~~~~~~~~~~~~~~~~~~~~~~~~~~~~~~~~~~~
2025-12-09 12:44:37,354 DeMo.train INFO: ~~~~~~~~~~~~~~~~~~~~~~~~~~~~~~~~~~~~~~~~~~~~~~~~~~
2025-12-09 12:44:37,354 DeMo.train INFO: Best mAP: 65.3%
2025-12-09 12:44:37,355 DeMo.train INFO: Best Rank-1: 67.0%
2025-12-09 12:44:37,355 DeMo.train INFO: Best Rank-5: 79.3%
2025-12-09 12:44:37,355 DeMo.train INFO: Best Rank-10: 85.3%
2025-12-09 12:44:37,355 DeMo.train INFO: ~~~~~~~~~~~~~~~~~~~~~~~~~~~~~~~~~~~~~~~~~~~~~~~~~~
2025-12-09 12:44:44,724 DeMo.train INFO: Epoch[7] Iteration[10/54] Loss: 2.549, Acc: 0.748, Base Lr: 4.39e-06
2025-12-09 12:44:47,816 DeMo.train INFO: Epoch[7] Iteration[20/54] Loss: 2.568, Acc: 0.759, Base Lr: 4.39e-06
2025-12-09 12:44:50,313 DeMo.train INFO: Epoch[7] Iteration[30/54] Loss: 2.589, Acc: 0.769, Base Lr: 4.39e-06
2025-12-09 12:44:52,782 DeMo.train INFO: Epoch[7] Iteration[40/54] Loss: 2.601, Acc: 0.780, Base Lr: 4.39e-06
2025-12-09 12:44:55,240 DeMo.train INFO: Epoch[7] Iteration[50/54] Loss: 2.592, Acc: 0.784, Base Lr: 4.39e-06
2025-12-09 12:44:56,086 DeMo.train INFO: Epoch 7 done. Time per batch: 0.353[s] Speed: 181.1[samples/s]
2025-12-09 12:44:56,087 DeMo.train INFO: ~~~~~~~~~~~~~~~~~~~~~~~~~~~~~~~~~~~~~~~~~~~~~~~~~~
2025-12-09 12:44:56,087 DeMo.train INFO: Current is the ori feature testing!
2025-12-09 12:44:56,087 DeMo.train INFO: ~~~~~~~~~~~~~~~~~~~~~~~~~~~~~~~~~~~~~~~~~~~~~~~~~~
The test feature is normalized
=> Computing DistMat with euclidean_distance
2025-12-09 12:45:01,199 DeMo.train INFO: Validation Results - Epoch: 7
2025-12-09 12:45:01,201 DeMo.train INFO: mAP: 64.8%
2025-12-09 12:45:01,201 DeMo.train INFO: CMC curve, Rank-1  :65.2%
2025-12-09 12:45:01,202 DeMo.train INFO: CMC curve, Rank-5  :78.1%
2025-12-09 12:45:01,203 DeMo.train INFO: CMC curve, Rank-10 :83.6%
2025-12-09 12:45:01,204 DeMo.train INFO: ~~~~~~~~~~~~~~~~~~~~~~~~~~~~~~~~~~~~~~~~~~~~~~~~~~
2025-12-09 12:45:03,097 DeMo.train INFO: ~~~~~~~~~~~~~~~~~~~~~~~~~~~~~~~~~~~~~~~~~~~~~~~~~~
2025-12-09 12:45:03,098 DeMo.train INFO: Current is the moe feature testing!
2025-12-09 12:45:03,099 DeMo.train INFO: ~~~~~~~~~~~~~~~~~~~~~~~~~~~~~~~~~~~~~~~~~~~~~~~~~~
The test feature is normalized
=> Computing DistMat with euclidean_distance
2025-12-09 12:45:12,784 DeMo.train INFO: Validation Results - Epoch: 7
2025-12-09 12:45:12,786 DeMo.train INFO: mAP: 64.8%
2025-12-09 12:45:12,787 DeMo.train INFO: CMC curve, Rank-1  :65.2%
2025-12-09 12:45:12,787 DeMo.train INFO: CMC curve, Rank-5  :78.1%
2025-12-09 12:45:12,788 DeMo.train INFO: CMC curve, Rank-10 :83.6%
2025-12-09 12:45:12,789 DeMo.train INFO: ~~~~~~~~~~~~~~~~~~~~~~~~~~~~~~~~~~~~~~~~~~~~~~~~~~
2025-12-09 12:45:12,941 DeMo.train INFO: ~~~~~~~~~~~~~~~~~~~~~~~~~~~~~~~~~~~~~~~~~~~~~~~~~~
2025-12-09 12:45:12,942 DeMo.train INFO: Current is the [moe,ori] feature testing!
2025-12-09 12:45:12,943 DeMo.train INFO: ~~~~~~~~~~~~~~~~~~~~~~~~~~~~~~~~~~~~~~~~~~~~~~~~~~
The test feature is normalized
=> Computing DistMat with euclidean_distance
2025-12-09 12:45:23,582 DeMo.train INFO: Validation Results - Epoch: 7
2025-12-09 12:45:23,583 DeMo.train INFO: mAP: 64.8%
2025-12-09 12:45:23,584 DeMo.train INFO: CMC curve, Rank-1  :65.2%
2025-12-09 12:45:23,585 DeMo.train INFO: CMC curve, Rank-5  :78.1%
2025-12-09 12:45:23,586 DeMo.train INFO: CMC curve, Rank-10 :83.6%
2025-12-09 12:45:23,587 DeMo.train INFO: ~~~~~~~~~~~~~~~~~~~~~~~~~~~~~~~~~~~~~~~~~~~~~~~~~~
2025-12-09 12:45:24,505 DeMo.train INFO: ~~~~~~~~~~~~~~~~~~~~~~~~~~~~~~~~~~~~~~~~~~~~~~~~~~
2025-12-09 12:45:24,506 DeMo.train INFO: Best mAP: 65.3%
2025-12-09 12:45:24,507 DeMo.train INFO: Best Rank-1: 67.0%
2025-12-09 12:45:24,508 DeMo.train INFO: Best Rank-5: 79.3%
2025-12-09 12:45:24,508 DeMo.train INFO: Best Rank-10: 85.3%
2025-12-09 12:45:24,508 DeMo.train INFO: ~~~~~~~~~~~~~~~~~~~~~~~~~~~~~~~~~~~~~~~~~~~~~~~~~~
2025-12-09 12:45:37,479 DeMo.train INFO: Epoch[8] Iteration[10/54] Loss: 2.626, Acc: 0.819, Base Lr: 4.29e-06
2025-12-09 12:45:40,614 DeMo.train INFO: Epoch[8] Iteration[20/54] Loss: 2.586, Acc: 0.815, Base Lr: 4.29e-06
2025-12-09 12:45:43,099 DeMo.train INFO: Epoch[8] Iteration[30/54] Loss: 2.562, Acc: 0.832, Base Lr: 4.29e-06
2025-12-09 12:45:45,542 DeMo.train INFO: Epoch[8] Iteration[40/54] Loss: 2.543, Acc: 0.850, Base Lr: 4.29e-06
2025-12-09 12:45:47,979 DeMo.train INFO: Epoch[8] Iteration[50/54] Loss: 2.540, Acc: 0.855, Base Lr: 4.29e-06
2025-12-09 12:45:48,815 DeMo.train INFO: Epoch 8 done. Time per batch: 0.459[s] Speed: 139.6[samples/s]
2025-12-09 12:45:48,816 DeMo.train INFO: ~~~~~~~~~~~~~~~~~~~~~~~~~~~~~~~~~~~~~~~~~~~~~~~~~~
2025-12-09 12:45:48,816 DeMo.train INFO: Current is the ori feature testing!
2025-12-09 12:45:48,816 DeMo.train INFO: ~~~~~~~~~~~~~~~~~~~~~~~~~~~~~~~~~~~~~~~~~~~~~~~~~~
The test feature is normalized
=> Computing DistMat with euclidean_distance
2025-12-09 12:45:54,725 DeMo.train INFO: Validation Results - Epoch: 8
2025-12-09 12:45:54,725 DeMo.train INFO: mAP: 65.6%
2025-12-09 12:45:54,725 DeMo.train INFO: CMC curve, Rank-1  :67.7%
2025-12-09 12:45:54,725 DeMo.train INFO: CMC curve, Rank-5  :77.6%
2025-12-09 12:45:54,725 DeMo.train INFO: CMC curve, Rank-10 :82.8%
2025-12-09 12:45:54,725 DeMo.train INFO: ~~~~~~~~~~~~~~~~~~~~~~~~~~~~~~~~~~~~~~~~~~~~~~~~~~
2025-12-09 12:45:56,800 DeMo.train INFO: ~~~~~~~~~~~~~~~~~~~~~~~~~~~~~~~~~~~~~~~~~~~~~~~~~~
2025-12-09 12:45:56,801 DeMo.train INFO: Current is the moe feature testing!
2025-12-09 12:45:56,801 DeMo.train INFO: ~~~~~~~~~~~~~~~~~~~~~~~~~~~~~~~~~~~~~~~~~~~~~~~~~~
The test feature is normalized
=> Computing DistMat with euclidean_distance
2025-12-09 12:46:06,262 DeMo.train INFO: Validation Results - Epoch: 8
2025-12-09 12:46:06,264 DeMo.train INFO: mAP: 65.6%
2025-12-09 12:46:06,264 DeMo.train INFO: CMC curve, Rank-1  :67.7%
2025-12-09 12:46:06,266 DeMo.train INFO: CMC curve, Rank-5  :77.6%
2025-12-09 12:46:06,267 DeMo.train INFO: CMC curve, Rank-10 :82.8%
2025-12-09 12:46:06,268 DeMo.train INFO: ~~~~~~~~~~~~~~~~~~~~~~~~~~~~~~~~~~~~~~~~~~~~~~~~~~
2025-12-09 12:46:06,444 DeMo.train INFO: ~~~~~~~~~~~~~~~~~~~~~~~~~~~~~~~~~~~~~~~~~~~~~~~~~~
2025-12-09 12:46:06,445 DeMo.train INFO: Current is the [moe,ori] feature testing!
2025-12-09 12:46:06,446 DeMo.train INFO: ~~~~~~~~~~~~~~~~~~~~~~~~~~~~~~~~~~~~~~~~~~~~~~~~~~
The test feature is normalized
=> Computing DistMat with euclidean_distance
2025-12-09 12:46:16,479 DeMo.train INFO: Validation Results - Epoch: 8
2025-12-09 12:46:16,479 DeMo.train INFO: mAP: 65.6%
2025-12-09 12:46:16,479 DeMo.train INFO: CMC curve, Rank-1  :67.7%
2025-12-09 12:46:16,479 DeMo.train INFO: CMC curve, Rank-5  :77.6%
2025-12-09 12:46:16,479 DeMo.train INFO: CMC curve, Rank-10 :82.8%
2025-12-09 12:46:16,479 DeMo.train INFO: ~~~~~~~~~~~~~~~~~~~~~~~~~~~~~~~~~~~~~~~~~~~~~~~~~~
2025-12-09 12:46:34,914 DeMo.train INFO: ~~~~~~~~~~~~~~~~~~~~~~~~~~~~~~~~~~~~~~~~~~~~~~~~~~
2025-12-09 12:46:34,914 DeMo.train INFO: Best mAP: 65.6%
2025-12-09 12:46:34,915 DeMo.train INFO: Best Rank-1: 67.7%
2025-12-09 12:46:34,916 DeMo.train INFO: Best Rank-5: 77.6%
2025-12-09 12:46:34,917 DeMo.train INFO: Best Rank-10: 82.8%
2025-12-09 12:46:34,917 DeMo.train INFO: ~~~~~~~~~~~~~~~~~~~~~~~~~~~~~~~~~~~~~~~~~~~~~~~~~~
2025-12-09 12:46:42,688 DeMo.train INFO: Epoch[9] Iteration[10/54] Loss: 2.505, Acc: 0.836, Base Lr: 4.18e-06
2025-12-09 12:46:45,162 DeMo.train INFO: Epoch[9] Iteration[20/54] Loss: 2.507, Acc: 0.830, Base Lr: 4.18e-06
2025-12-09 12:46:47,619 DeMo.train INFO: Epoch[9] Iteration[30/54] Loss: 2.508, Acc: 0.843, Base Lr: 4.18e-06
2025-12-09 12:46:50,120 DeMo.train INFO: Epoch[9] Iteration[40/54] Loss: 2.506, Acc: 0.867, Base Lr: 4.18e-06
2025-12-09 12:46:54,990 DeMo.train INFO: Epoch[9] Iteration[50/54] Loss: 2.499, Acc: 0.878, Base Lr: 4.18e-06
2025-12-09 12:46:55,820 DeMo.train INFO: Epoch 9 done. Time per batch: 0.394[s] Speed: 162.3[samples/s]
2025-12-09 12:46:55,823 DeMo.train INFO: ~~~~~~~~~~~~~~~~~~~~~~~~~~~~~~~~~~~~~~~~~~~~~~~~~~
2025-12-09 12:46:55,823 DeMo.train INFO: Current is the ori feature testing!
2025-12-09 12:46:55,824 DeMo.train INFO: ~~~~~~~~~~~~~~~~~~~~~~~~~~~~~~~~~~~~~~~~~~~~~~~~~~
The test feature is normalized
=> Computing DistMat with euclidean_distance
2025-12-09 12:47:03,195 DeMo.train INFO: Validation Results - Epoch: 9
2025-12-09 12:47:03,195 DeMo.train INFO: mAP: 63.9%
2025-12-09 12:47:03,195 DeMo.train INFO: CMC curve, Rank-1  :65.6%
2025-12-09 12:47:03,195 DeMo.train INFO: CMC curve, Rank-5  :76.7%
2025-12-09 12:47:03,195 DeMo.train INFO: CMC curve, Rank-10 :84.0%
2025-12-09 12:47:03,195 DeMo.train INFO: ~~~~~~~~~~~~~~~~~~~~~~~~~~~~~~~~~~~~~~~~~~~~~~~~~~
2025-12-09 12:47:03,916 DeMo.train INFO: ~~~~~~~~~~~~~~~~~~~~~~~~~~~~~~~~~~~~~~~~~~~~~~~~~~
2025-12-09 12:47:03,916 DeMo.train INFO: Current is the moe feature testing!
2025-12-09 12:47:03,916 DeMo.train INFO: ~~~~~~~~~~~~~~~~~~~~~~~~~~~~~~~~~~~~~~~~~~~~~~~~~~
The test feature is normalized
=> Computing DistMat with euclidean_distance
2025-12-09 12:47:09,803 DeMo.train INFO: Validation Results - Epoch: 9
2025-12-09 12:47:09,805 DeMo.train INFO: mAP: 63.9%
2025-12-09 12:47:09,805 DeMo.train INFO: CMC curve, Rank-1  :65.6%
2025-12-09 12:47:09,807 DeMo.train INFO: CMC curve, Rank-5  :76.7%
2025-12-09 12:47:09,808 DeMo.train INFO: CMC curve, Rank-10 :84.0%
2025-12-09 12:47:09,808 DeMo.train INFO: ~~~~~~~~~~~~~~~~~~~~~~~~~~~~~~~~~~~~~~~~~~~~~~~~~~
2025-12-09 12:47:10,225 DeMo.train INFO: ~~~~~~~~~~~~~~~~~~~~~~~~~~~~~~~~~~~~~~~~~~~~~~~~~~
2025-12-09 12:47:10,225 DeMo.train INFO: Current is the [moe,ori] feature testing!
2025-12-09 12:47:10,226 DeMo.train INFO: ~~~~~~~~~~~~~~~~~~~~~~~~~~~~~~~~~~~~~~~~~~~~~~~~~~
The test feature is normalized
=> Computing DistMat with euclidean_distance
2025-12-09 12:47:20,181 DeMo.train INFO: Validation Results - Epoch: 9
2025-12-09 12:47:20,182 DeMo.train INFO: mAP: 63.9%
2025-12-09 12:47:20,184 DeMo.train INFO: CMC curve, Rank-1  :65.6%
2025-12-09 12:47:20,185 DeMo.train INFO: CMC curve, Rank-5  :76.7%
2025-12-09 12:47:20,185 DeMo.train INFO: CMC curve, Rank-10 :84.0%
2025-12-09 12:47:20,187 DeMo.train INFO: ~~~~~~~~~~~~~~~~~~~~~~~~~~~~~~~~~~~~~~~~~~~~~~~~~~
2025-12-09 12:47:20,665 DeMo.train INFO: ~~~~~~~~~~~~~~~~~~~~~~~~~~~~~~~~~~~~~~~~~~~~~~~~~~
2025-12-09 12:47:20,666 DeMo.train INFO: Best mAP: 65.6%
2025-12-09 12:47:20,667 DeMo.train INFO: Best Rank-1: 67.7%
2025-12-09 12:47:20,668 DeMo.train INFO: Best Rank-5: 77.6%
2025-12-09 12:47:20,669 DeMo.train INFO: Best Rank-10: 82.8%
2025-12-09 12:47:20,669 DeMo.train INFO: ~~~~~~~~~~~~~~~~~~~~~~~~~~~~~~~~~~~~~~~~~~~~~~~~~~
2025-12-09 12:47:31,653 DeMo.train INFO: Epoch[10] Iteration[10/54] Loss: 2.488, Acc: 0.866, Base Lr: 4.08e-06
2025-12-09 12:47:34,126 DeMo.train INFO: Epoch[10] Iteration[20/54] Loss: 2.467, Acc: 0.866, Base Lr: 4.08e-06
2025-12-09 12:47:36,571 DeMo.train INFO: Epoch[10] Iteration[30/54] Loss: 2.465, Acc: 0.875, Base Lr: 4.08e-06
2025-12-09 12:47:39,020 DeMo.train INFO: Epoch[10] Iteration[40/54] Loss: 2.456, Acc: 0.885, Base Lr: 4.08e-06
2025-12-09 12:47:41,471 DeMo.train INFO: Epoch[10] Iteration[50/54] Loss: 2.455, Acc: 0.894, Base Lr: 4.08e-06
2025-12-09 12:47:42,317 DeMo.train INFO: Epoch 10 done. Time per batch: 0.408[s] Speed: 156.7[samples/s]
2025-12-09 12:47:42,320 DeMo.train INFO: ~~~~~~~~~~~~~~~~~~~~~~~~~~~~~~~~~~~~~~~~~~~~~~~~~~
2025-12-09 12:47:42,321 DeMo.train INFO: Current is the ori feature testing!
2025-12-09 12:47:42,322 DeMo.train INFO: ~~~~~~~~~~~~~~~~~~~~~~~~~~~~~~~~~~~~~~~~~~~~~~~~~~
The test feature is normalized
=> Computing DistMat with euclidean_distance
2025-12-09 12:47:52,053 DeMo.train INFO: Validation Results - Epoch: 10
2025-12-09 12:47:52,055 DeMo.train INFO: mAP: 66.7%
2025-12-09 12:47:52,056 DeMo.train INFO: CMC curve, Rank-1  :69.5%
2025-12-09 12:47:52,056 DeMo.train INFO: CMC curve, Rank-5  :79.5%
2025-12-09 12:47:52,058 DeMo.train INFO: CMC curve, Rank-10 :84.6%
2025-12-09 12:47:52,058 DeMo.train INFO: ~~~~~~~~~~~~~~~~~~~~~~~~~~~~~~~~~~~~~~~~~~~~~~~~~~
2025-12-09 12:47:53,867 DeMo.train INFO: ~~~~~~~~~~~~~~~~~~~~~~~~~~~~~~~~~~~~~~~~~~~~~~~~~~
2025-12-09 12:47:53,869 DeMo.train INFO: Current is the moe feature testing!
2025-12-09 12:47:53,869 DeMo.train INFO: ~~~~~~~~~~~~~~~~~~~~~~~~~~~~~~~~~~~~~~~~~~~~~~~~~~
The test feature is normalized
=> Computing DistMat with euclidean_distance
2025-12-09 12:48:12,990 DeMo.train INFO: Validation Results - Epoch: 10
2025-12-09 12:48:12,991 DeMo.train INFO: mAP: 66.7%
2025-12-09 12:48:12,991 DeMo.train INFO: CMC curve, Rank-1  :69.5%
2025-12-09 12:48:12,991 DeMo.train INFO: CMC curve, Rank-5  :79.5%
2025-12-09 12:48:12,991 DeMo.train INFO: CMC curve, Rank-10 :84.6%
2025-12-09 12:48:12,991 DeMo.train INFO: ~~~~~~~~~~~~~~~~~~~~~~~~~~~~~~~~~~~~~~~~~~~~~~~~~~
2025-12-09 12:48:13,390 DeMo.train INFO: ~~~~~~~~~~~~~~~~~~~~~~~~~~~~~~~~~~~~~~~~~~~~~~~~~~
2025-12-09 12:48:13,390 DeMo.train INFO: Current is the [moe,ori] feature testing!
2025-12-09 12:48:13,391 DeMo.train INFO: ~~~~~~~~~~~~~~~~~~~~~~~~~~~~~~~~~~~~~~~~~~~~~~~~~~
The test feature is normalized
=> Computing DistMat with euclidean_distance
2025-12-09 12:48:19,117 DeMo.train INFO: Validation Results - Epoch: 10
2025-12-09 12:48:19,118 DeMo.train INFO: mAP: 66.7%
2025-12-09 12:48:19,118 DeMo.train INFO: CMC curve, Rank-1  :69.5%
2025-12-09 12:48:19,118 DeMo.train INFO: CMC curve, Rank-5  :79.5%
2025-12-09 12:48:19,118 DeMo.train INFO: CMC curve, Rank-10 :84.6%
2025-12-09 12:48:19,118 DeMo.train INFO: ~~~~~~~~~~~~~~~~~~~~~~~~~~~~~~~~~~~~~~~~~~~~~~~~~~
2025-12-09 12:48:38,398 DeMo.train INFO: ~~~~~~~~~~~~~~~~~~~~~~~~~~~~~~~~~~~~~~~~~~~~~~~~~~
2025-12-09 12:48:38,400 DeMo.train INFO: Best mAP: 66.7%
2025-12-09 12:48:38,400 DeMo.train INFO: Best Rank-1: 69.5%
2025-12-09 12:48:38,400 DeMo.train INFO: Best Rank-5: 79.5%
2025-12-09 12:48:38,400 DeMo.train INFO: Best Rank-10: 84.6%
2025-12-09 12:48:38,400 DeMo.train INFO: ~~~~~~~~~~~~~~~~~~~~~~~~~~~~~~~~~~~~~~~~~~~~~~~~~~
2025-12-09 12:48:44,158 DeMo.train INFO: Epoch[11] Iteration[10/54] Loss: 2.422, Acc: 0.863, Base Lr: 3.98e-06
2025-12-09 12:48:46,635 DeMo.train INFO: Epoch[11] Iteration[20/54] Loss: 2.421, Acc: 0.887, Base Lr: 3.98e-06
2025-12-09 12:48:49,125 DeMo.train INFO: Epoch[11] Iteration[30/54] Loss: 2.416, Acc: 0.890, Base Lr: 3.98e-06
2025-12-09 12:48:51,597 DeMo.train INFO: Epoch[11] Iteration[40/54] Loss: 2.410, Acc: 0.895, Base Lr: 3.98e-06
2025-12-09 12:48:54,049 DeMo.train INFO: Epoch[11] Iteration[50/54] Loss: 2.412, Acc: 0.897, Base Lr: 3.98e-06
2025-12-09 12:48:54,887 DeMo.train INFO: Epoch 11 done. Time per batch: 0.311[s] Speed: 205.7[samples/s]
2025-12-09 12:48:54,889 DeMo.train INFO: ~~~~~~~~~~~~~~~~~~~~~~~~~~~~~~~~~~~~~~~~~~~~~~~~~~
2025-12-09 12:48:54,889 DeMo.train INFO: Current is the ori feature testing!
2025-12-09 12:48:54,889 DeMo.train INFO: ~~~~~~~~~~~~~~~~~~~~~~~~~~~~~~~~~~~~~~~~~~~~~~~~~~
The test feature is normalized
=> Computing DistMat with euclidean_distance
2025-12-09 12:49:00,831 DeMo.train INFO: Validation Results - Epoch: 11
2025-12-09 12:49:00,831 DeMo.train INFO: mAP: 66.2%
2025-12-09 12:49:00,831 DeMo.train INFO: CMC curve, Rank-1  :69.4%
2025-12-09 12:49:00,831 DeMo.train INFO: CMC curve, Rank-5  :78.2%
2025-12-09 12:49:00,831 DeMo.train INFO: CMC curve, Rank-10 :84.1%
2025-12-09 12:49:00,831 DeMo.train INFO: ~~~~~~~~~~~~~~~~~~~~~~~~~~~~~~~~~~~~~~~~~~~~~~~~~~
2025-12-09 12:49:01,895 DeMo.train INFO: ~~~~~~~~~~~~~~~~~~~~~~~~~~~~~~~~~~~~~~~~~~~~~~~~~~
2025-12-09 12:49:01,895 DeMo.train INFO: Current is the moe feature testing!
2025-12-09 12:49:01,896 DeMo.train INFO: ~~~~~~~~~~~~~~~~~~~~~~~~~~~~~~~~~~~~~~~~~~~~~~~~~~
The test feature is normalized
=> Computing DistMat with euclidean_distance
2025-12-09 12:49:07,651 DeMo.train INFO: Validation Results - Epoch: 11
2025-12-09 12:49:07,651 DeMo.train INFO: mAP: 66.2%
2025-12-09 12:49:07,651 DeMo.train INFO: CMC curve, Rank-1  :69.4%
2025-12-09 12:49:07,651 DeMo.train INFO: CMC curve, Rank-5  :78.2%
2025-12-09 12:49:07,651 DeMo.train INFO: CMC curve, Rank-10 :84.1%
2025-12-09 12:49:07,651 DeMo.train INFO: ~~~~~~~~~~~~~~~~~~~~~~~~~~~~~~~~~~~~~~~~~~~~~~~~~~
2025-12-09 12:49:07,843 DeMo.train INFO: ~~~~~~~~~~~~~~~~~~~~~~~~~~~~~~~~~~~~~~~~~~~~~~~~~~
2025-12-09 12:49:07,843 DeMo.train INFO: Current is the [moe,ori] feature testing!
2025-12-09 12:49:07,843 DeMo.train INFO: ~~~~~~~~~~~~~~~~~~~~~~~~~~~~~~~~~~~~~~~~~~~~~~~~~~
The test feature is normalized
=> Computing DistMat with euclidean_distance
2025-12-09 12:49:12,610 DeMo.train INFO: Validation Results - Epoch: 11
2025-12-09 12:49:12,611 DeMo.train INFO: mAP: 66.2%
2025-12-09 12:49:12,611 DeMo.train INFO: CMC curve, Rank-1  :69.4%
2025-12-09 12:49:12,611 DeMo.train INFO: CMC curve, Rank-5  :78.2%
2025-12-09 12:49:12,611 DeMo.train INFO: CMC curve, Rank-10 :84.1%
2025-12-09 12:49:12,611 DeMo.train INFO: ~~~~~~~~~~~~~~~~~~~~~~~~~~~~~~~~~~~~~~~~~~~~~~~~~~
2025-12-09 12:49:13,954 DeMo.train INFO: ~~~~~~~~~~~~~~~~~~~~~~~~~~~~~~~~~~~~~~~~~~~~~~~~~~
2025-12-09 12:49:13,954 DeMo.train INFO: Best mAP: 66.7%
2025-12-09 12:49:13,954 DeMo.train INFO: Best Rank-1: 69.5%
2025-12-09 12:49:13,954 DeMo.train INFO: Best Rank-5: 79.5%
2025-12-09 12:49:13,955 DeMo.train INFO: Best Rank-10: 84.6%
2025-12-09 12:49:13,955 DeMo.train INFO: ~~~~~~~~~~~~~~~~~~~~~~~~~~~~~~~~~~~~~~~~~~~~~~~~~~
2025-12-09 12:49:20,821 DeMo.train INFO: Epoch[12] Iteration[10/54] Loss: 2.403, Acc: 0.903, Base Lr: 3.88e-06
2025-12-09 12:49:23,325 DeMo.train INFO: Epoch[12] Iteration[20/54] Loss: 2.413, Acc: 0.895, Base Lr: 3.88e-06
2025-12-09 12:49:25,775 DeMo.train INFO: Epoch[12] Iteration[30/54] Loss: 2.409, Acc: 0.902, Base Lr: 3.88e-06
2025-12-09 12:49:28,274 DeMo.train INFO: Epoch[12] Iteration[40/54] Loss: 2.399, Acc: 0.912, Base Lr: 3.88e-06
2025-12-09 12:49:30,764 DeMo.train INFO: Epoch[12] Iteration[50/54] Loss: 2.402, Acc: 0.912, Base Lr: 3.88e-06
2025-12-09 12:49:31,602 DeMo.train INFO: Epoch 12 done. Time per batch: 0.333[s] Speed: 192.2[samples/s]
2025-12-09 12:49:31,603 DeMo.train INFO: ~~~~~~~~~~~~~~~~~~~~~~~~~~~~~~~~~~~~~~~~~~~~~~~~~~
2025-12-09 12:49:31,603 DeMo.train INFO: Current is the ori feature testing!
2025-12-09 12:49:31,603 DeMo.train INFO: ~~~~~~~~~~~~~~~~~~~~~~~~~~~~~~~~~~~~~~~~~~~~~~~~~~
The test feature is normalized
=> Computing DistMat with euclidean_distance
2025-12-09 12:49:36,880 DeMo.train INFO: Validation Results - Epoch: 12
2025-12-09 12:49:36,880 DeMo.train INFO: mAP: 65.8%
2025-12-09 12:49:36,880 DeMo.train INFO: CMC curve, Rank-1  :68.2%
2025-12-09 12:49:36,880 DeMo.train INFO: CMC curve, Rank-5  :78.5%
2025-12-09 12:49:36,880 DeMo.train INFO: CMC curve, Rank-10 :85.8%
2025-12-09 12:49:36,881 DeMo.train INFO: ~~~~~~~~~~~~~~~~~~~~~~~~~~~~~~~~~~~~~~~~~~~~~~~~~~
2025-12-09 12:49:39,394 DeMo.train INFO: ~~~~~~~~~~~~~~~~~~~~~~~~~~~~~~~~~~~~~~~~~~~~~~~~~~
2025-12-09 12:49:39,395 DeMo.train INFO: Current is the moe feature testing!
2025-12-09 12:49:39,395 DeMo.train INFO: ~~~~~~~~~~~~~~~~~~~~~~~~~~~~~~~~~~~~~~~~~~~~~~~~~~
The test feature is normalized
=> Computing DistMat with euclidean_distance
2025-12-09 12:49:49,072 DeMo.train INFO: Validation Results - Epoch: 12
2025-12-09 12:49:49,073 DeMo.train INFO: mAP: 65.8%
2025-12-09 12:49:49,075 DeMo.train INFO: CMC curve, Rank-1  :68.2%
2025-12-09 12:49:49,076 DeMo.train INFO: CMC curve, Rank-5  :78.5%
2025-12-09 12:49:49,076 DeMo.train INFO: CMC curve, Rank-10 :85.8%
2025-12-09 12:49:49,077 DeMo.train INFO: ~~~~~~~~~~~~~~~~~~~~~~~~~~~~~~~~~~~~~~~~~~~~~~~~~~
2025-12-09 12:49:49,240 DeMo.train INFO: ~~~~~~~~~~~~~~~~~~~~~~~~~~~~~~~~~~~~~~~~~~~~~~~~~~
2025-12-09 12:49:49,242 DeMo.train INFO: Current is the [moe,ori] feature testing!
2025-12-09 12:49:49,242 DeMo.train INFO: ~~~~~~~~~~~~~~~~~~~~~~~~~~~~~~~~~~~~~~~~~~~~~~~~~~
The test feature is normalized
=> Computing DistMat with euclidean_distance
2025-12-09 12:49:59,434 DeMo.train INFO: Validation Results - Epoch: 12
2025-12-09 12:49:59,435 DeMo.train INFO: mAP: 65.8%
2025-12-09 12:49:59,436 DeMo.train INFO: CMC curve, Rank-1  :68.2%
2025-12-09 12:49:59,436 DeMo.train INFO: CMC curve, Rank-5  :78.5%
2025-12-09 12:49:59,437 DeMo.train INFO: CMC curve, Rank-10 :85.8%
2025-12-09 12:49:59,437 DeMo.train INFO: ~~~~~~~~~~~~~~~~~~~~~~~~~~~~~~~~~~~~~~~~~~~~~~~~~~
2025-12-09 12:49:59,565 DeMo.train INFO: ~~~~~~~~~~~~~~~~~~~~~~~~~~~~~~~~~~~~~~~~~~~~~~~~~~
2025-12-09 12:49:59,566 DeMo.train INFO: Best mAP: 66.7%
2025-12-09 12:49:59,566 DeMo.train INFO: Best Rank-1: 69.5%
2025-12-09 12:49:59,567 DeMo.train INFO: Best Rank-5: 79.5%
2025-12-09 12:49:59,569 DeMo.train INFO: Best Rank-10: 84.6%
2025-12-09 12:49:59,569 DeMo.train INFO: ~~~~~~~~~~~~~~~~~~~~~~~~~~~~~~~~~~~~~~~~~~~~~~~~~~
2025-12-09 12:50:10,959 DeMo.train INFO: Epoch[13] Iteration[10/54] Loss: 2.382, Acc: 0.897, Base Lr: 3.78e-06
2025-12-09 12:50:15,322 DeMo.train INFO: Epoch[13] Iteration[20/54] Loss: 2.394, Acc: 0.927, Base Lr: 3.78e-06
2025-12-09 12:50:21,029 DeMo.train INFO: Epoch[13] Iteration[30/54] Loss: 2.386, Acc: 0.922, Base Lr: 3.78e-06
2025-12-09 12:50:23,496 DeMo.train INFO: Epoch[13] Iteration[40/54] Loss: 2.377, Acc: 0.929, Base Lr: 3.78e-06
2025-12-09 12:50:29,204 DeMo.train INFO: Epoch[13] Iteration[50/54] Loss: 2.373, Acc: 0.929, Base Lr: 3.78e-06
2025-12-09 12:50:30,048 DeMo.train INFO: Epoch 13 done. Time per batch: 0.575[s] Speed: 111.3[samples/s]
2025-12-09 12:50:30,051 DeMo.train INFO: ~~~~~~~~~~~~~~~~~~~~~~~~~~~~~~~~~~~~~~~~~~~~~~~~~~
2025-12-09 12:50:30,051 DeMo.train INFO: Current is the ori feature testing!
2025-12-09 12:50:30,052 DeMo.train INFO: ~~~~~~~~~~~~~~~~~~~~~~~~~~~~~~~~~~~~~~~~~~~~~~~~~~
The test feature is normalized
=> Computing DistMat with euclidean_distance
2025-12-09 12:50:36,229 DeMo.train INFO: Validation Results - Epoch: 13
2025-12-09 12:50:36,230 DeMo.train INFO: mAP: 65.2%
2025-12-09 12:50:36,230 DeMo.train INFO: CMC curve, Rank-1  :66.5%
2025-12-09 12:50:36,230 DeMo.train INFO: CMC curve, Rank-5  :78.5%
2025-12-09 12:50:36,230 DeMo.train INFO: CMC curve, Rank-10 :84.1%
2025-12-09 12:50:36,230 DeMo.train INFO: ~~~~~~~~~~~~~~~~~~~~~~~~~~~~~~~~~~~~~~~~~~~~~~~~~~
2025-12-09 12:50:38,069 DeMo.train INFO: ~~~~~~~~~~~~~~~~~~~~~~~~~~~~~~~~~~~~~~~~~~~~~~~~~~
2025-12-09 12:50:38,070 DeMo.train INFO: Current is the moe feature testing!
2025-12-09 12:50:38,070 DeMo.train INFO: ~~~~~~~~~~~~~~~~~~~~~~~~~~~~~~~~~~~~~~~~~~~~~~~~~~
The test feature is normalized
=> Computing DistMat with euclidean_distance
2025-12-09 12:50:43,038 DeMo.train INFO: Validation Results - Epoch: 13
2025-12-09 12:50:43,038 DeMo.train INFO: mAP: 65.2%
2025-12-09 12:50:43,038 DeMo.train INFO: CMC curve, Rank-1  :66.5%
2025-12-09 12:50:43,038 DeMo.train INFO: CMC curve, Rank-5  :78.5%
2025-12-09 12:50:43,038 DeMo.train INFO: CMC curve, Rank-10 :84.1%
2025-12-09 12:50:43,038 DeMo.train INFO: ~~~~~~~~~~~~~~~~~~~~~~~~~~~~~~~~~~~~~~~~~~~~~~~~~~
2025-12-09 12:50:43,964 DeMo.train INFO: ~~~~~~~~~~~~~~~~~~~~~~~~~~~~~~~~~~~~~~~~~~~~~~~~~~
2025-12-09 12:50:43,965 DeMo.train INFO: Current is the [moe,ori] feature testing!
2025-12-09 12:50:43,965 DeMo.train INFO: ~~~~~~~~~~~~~~~~~~~~~~~~~~~~~~~~~~~~~~~~~~~~~~~~~~
The test feature is normalized
=> Computing DistMat with euclidean_distance
2025-12-09 12:50:48,872 DeMo.train INFO: Validation Results - Epoch: 13
2025-12-09 12:50:48,872 DeMo.train INFO: mAP: 65.2%
2025-12-09 12:50:48,873 DeMo.train INFO: CMC curve, Rank-1  :66.5%
2025-12-09 12:50:48,873 DeMo.train INFO: CMC curve, Rank-5  :78.5%
2025-12-09 12:50:48,873 DeMo.train INFO: CMC curve, Rank-10 :84.1%
2025-12-09 12:50:48,873 DeMo.train INFO: ~~~~~~~~~~~~~~~~~~~~~~~~~~~~~~~~~~~~~~~~~~~~~~~~~~
2025-12-09 12:50:49,865 DeMo.train INFO: ~~~~~~~~~~~~~~~~~~~~~~~~~~~~~~~~~~~~~~~~~~~~~~~~~~
2025-12-09 12:50:49,866 DeMo.train INFO: Best mAP: 66.7%
2025-12-09 12:50:49,866 DeMo.train INFO: Best Rank-1: 69.5%
2025-12-09 12:50:49,866 DeMo.train INFO: Best Rank-5: 79.5%
2025-12-09 12:50:49,866 DeMo.train INFO: Best Rank-10: 84.6%
2025-12-09 12:50:49,866 DeMo.train INFO: ~~~~~~~~~~~~~~~~~~~~~~~~~~~~~~~~~~~~~~~~~~~~~~~~~~
2025-12-09 12:50:57,177 DeMo.train INFO: Epoch[14] Iteration[10/54] Loss: 2.346, Acc: 0.919, Base Lr: 3.67e-06
2025-12-09 12:50:59,659 DeMo.train INFO: Epoch[14] Iteration[20/54] Loss: 2.346, Acc: 0.898, Base Lr: 3.67e-06
2025-12-09 12:51:02,107 DeMo.train INFO: Epoch[14] Iteration[30/54] Loss: 2.343, Acc: 0.915, Base Lr: 3.67e-06
2025-12-09 12:51:04,567 DeMo.train INFO: Epoch[14] Iteration[40/54] Loss: 2.342, Acc: 0.927, Base Lr: 3.67e-06
2025-12-09 12:51:07,011 DeMo.train INFO: Epoch[14] Iteration[50/54] Loss: 2.339, Acc: 0.928, Base Lr: 3.67e-06
2025-12-09 12:51:07,844 DeMo.train INFO: Epoch 14 done. Time per batch: 0.339[s] Speed: 188.7[samples/s]
2025-12-09 12:51:07,845 DeMo.train INFO: ~~~~~~~~~~~~~~~~~~~~~~~~~~~~~~~~~~~~~~~~~~~~~~~~~~
2025-12-09 12:51:07,845 DeMo.train INFO: Current is the ori feature testing!
2025-12-09 12:51:07,846 DeMo.train INFO: ~~~~~~~~~~~~~~~~~~~~~~~~~~~~~~~~~~~~~~~~~~~~~~~~~~
The test feature is normalized
=> Computing DistMat with euclidean_distance
2025-12-09 12:51:12,888 DeMo.train INFO: Validation Results - Epoch: 14
2025-12-09 12:51:12,888 DeMo.train INFO: mAP: 69.0%
2025-12-09 12:51:12,888 DeMo.train INFO: CMC curve, Rank-1  :71.9%
2025-12-09 12:51:12,888 DeMo.train INFO: CMC curve, Rank-5  :82.1%
2025-12-09 12:51:12,889 DeMo.train INFO: CMC curve, Rank-10 :87.1%
2025-12-09 12:51:12,889 DeMo.train INFO: ~~~~~~~~~~~~~~~~~~~~~~~~~~~~~~~~~~~~~~~~~~~~~~~~~~
2025-12-09 12:51:15,200 DeMo.train INFO: ~~~~~~~~~~~~~~~~~~~~~~~~~~~~~~~~~~~~~~~~~~~~~~~~~~
2025-12-09 12:51:15,202 DeMo.train INFO: Current is the moe feature testing!
2025-12-09 12:51:15,203 DeMo.train INFO: ~~~~~~~~~~~~~~~~~~~~~~~~~~~~~~~~~~~~~~~~~~~~~~~~~~
The test feature is normalized
=> Computing DistMat with euclidean_distance
2025-12-09 12:51:20,988 DeMo.train INFO: Validation Results - Epoch: 14
2025-12-09 12:51:20,988 DeMo.train INFO: mAP: 69.0%
2025-12-09 12:51:20,988 DeMo.train INFO: CMC curve, Rank-1  :71.9%
2025-12-09 12:51:20,988 DeMo.train INFO: CMC curve, Rank-5  :82.1%
2025-12-09 12:51:20,989 DeMo.train INFO: CMC curve, Rank-10 :87.1%
2025-12-09 12:51:20,989 DeMo.train INFO: ~~~~~~~~~~~~~~~~~~~~~~~~~~~~~~~~~~~~~~~~~~~~~~~~~~
2025-12-09 12:51:21,505 DeMo.train INFO: ~~~~~~~~~~~~~~~~~~~~~~~~~~~~~~~~~~~~~~~~~~~~~~~~~~
2025-12-09 12:51:21,505 DeMo.train INFO: Current is the [moe,ori] feature testing!
2025-12-09 12:51:21,505 DeMo.train INFO: ~~~~~~~~~~~~~~~~~~~~~~~~~~~~~~~~~~~~~~~~~~~~~~~~~~
The test feature is normalized
=> Computing DistMat with euclidean_distance
2025-12-09 12:51:30,692 DeMo.train INFO: Validation Results - Epoch: 14
2025-12-09 12:51:30,693 DeMo.train INFO: mAP: 69.0%
2025-12-09 12:51:30,694 DeMo.train INFO: CMC curve, Rank-1  :71.9%
2025-12-09 12:51:30,694 DeMo.train INFO: CMC curve, Rank-5  :82.1%
2025-12-09 12:51:30,695 DeMo.train INFO: CMC curve, Rank-10 :87.1%
2025-12-09 12:51:30,696 DeMo.train INFO: ~~~~~~~~~~~~~~~~~~~~~~~~~~~~~~~~~~~~~~~~~~~~~~~~~~
2025-12-09 12:52:12,979 DeMo.train INFO: ~~~~~~~~~~~~~~~~~~~~~~~~~~~~~~~~~~~~~~~~~~~~~~~~~~
2025-12-09 12:52:12,980 DeMo.train INFO: Best mAP: 69.0%
2025-12-09 12:52:12,980 DeMo.train INFO: Best Rank-1: 71.9%
2025-12-09 12:52:12,981 DeMo.train INFO: Best Rank-5: 82.1%
2025-12-09 12:52:12,982 DeMo.train INFO: Best Rank-10: 87.1%
2025-12-09 12:52:12,983 DeMo.train INFO: ~~~~~~~~~~~~~~~~~~~~~~~~~~~~~~~~~~~~~~~~~~~~~~~~~~
2025-12-09 12:52:20,548 DeMo.train INFO: Epoch[15] Iteration[10/54] Loss: 2.335, Acc: 0.866, Base Lr: 3.57e-06
2025-12-09 12:52:23,687 DeMo.train INFO: Epoch[15] Iteration[20/54] Loss: 2.345, Acc: 0.892, Base Lr: 3.57e-06
2025-12-09 12:52:26,168 DeMo.train INFO: Epoch[15] Iteration[30/54] Loss: 2.329, Acc: 0.917, Base Lr: 3.57e-06
2025-12-09 12:52:28,644 DeMo.train INFO: Epoch[15] Iteration[40/54] Loss: 2.325, Acc: 0.932, Base Lr: 3.57e-06
2025-12-09 12:52:31,089 DeMo.train INFO: Epoch[15] Iteration[50/54] Loss: 2.322, Acc: 0.936, Base Lr: 3.57e-06
2025-12-09 12:52:31,932 DeMo.train INFO: Epoch 15 done. Time per batch: 0.358[s] Speed: 179.0[samples/s]
2025-12-09 12:52:31,933 DeMo.train INFO: ~~~~~~~~~~~~~~~~~~~~~~~~~~~~~~~~~~~~~~~~~~~~~~~~~~
2025-12-09 12:52:31,933 DeMo.train INFO: Current is the ori feature testing!
2025-12-09 12:52:31,934 DeMo.train INFO: ~~~~~~~~~~~~~~~~~~~~~~~~~~~~~~~~~~~~~~~~~~~~~~~~~~
The test feature is normalized
=> Computing DistMat with euclidean_distance
2025-12-09 12:52:37,098 DeMo.train INFO: Validation Results - Epoch: 15
2025-12-09 12:52:37,098 DeMo.train INFO: mAP: 70.7%
2025-12-09 12:52:37,098 DeMo.train INFO: CMC curve, Rank-1  :73.3%
2025-12-09 12:52:37,098 DeMo.train INFO: CMC curve, Rank-5  :84.2%
2025-12-09 12:52:37,098 DeMo.train INFO: CMC curve, Rank-10 :89.0%
2025-12-09 12:52:37,099 DeMo.train INFO: ~~~~~~~~~~~~~~~~~~~~~~~~~~~~~~~~~~~~~~~~~~~~~~~~~~
2025-12-09 12:52:39,737 DeMo.train INFO: ~~~~~~~~~~~~~~~~~~~~~~~~~~~~~~~~~~~~~~~~~~~~~~~~~~
2025-12-09 12:52:39,737 DeMo.train INFO: Current is the moe feature testing!
2025-12-09 12:52:39,737 DeMo.train INFO: ~~~~~~~~~~~~~~~~~~~~~~~~~~~~~~~~~~~~~~~~~~~~~~~~~~
The test feature is normalized
=> Computing DistMat with euclidean_distance
2025-12-09 12:52:44,588 DeMo.train INFO: Validation Results - Epoch: 15
2025-12-09 12:52:44,589 DeMo.train INFO: mAP: 70.7%
2025-12-09 12:52:44,589 DeMo.train INFO: CMC curve, Rank-1  :73.3%
2025-12-09 12:52:44,589 DeMo.train INFO: CMC curve, Rank-5  :84.2%
2025-12-09 12:52:44,589 DeMo.train INFO: CMC curve, Rank-10 :89.0%
2025-12-09 12:52:44,589 DeMo.train INFO: ~~~~~~~~~~~~~~~~~~~~~~~~~~~~~~~~~~~~~~~~~~~~~~~~~~
2025-12-09 12:52:45,482 DeMo.train INFO: ~~~~~~~~~~~~~~~~~~~~~~~~~~~~~~~~~~~~~~~~~~~~~~~~~~
2025-12-09 12:52:45,483 DeMo.train INFO: Current is the [moe,ori] feature testing!
2025-12-09 12:52:45,483 DeMo.train INFO: ~~~~~~~~~~~~~~~~~~~~~~~~~~~~~~~~~~~~~~~~~~~~~~~~~~
The test feature is normalized
=> Computing DistMat with euclidean_distance
2025-12-09 12:52:51,126 DeMo.train INFO: Validation Results - Epoch: 15
2025-12-09 12:52:51,127 DeMo.train INFO: mAP: 70.7%
2025-12-09 12:52:51,127 DeMo.train INFO: CMC curve, Rank-1  :73.3%
2025-12-09 12:52:51,127 DeMo.train INFO: CMC curve, Rank-5  :84.2%
2025-12-09 12:52:51,127 DeMo.train INFO: CMC curve, Rank-10 :89.0%
2025-12-09 12:52:51,127 DeMo.train INFO: ~~~~~~~~~~~~~~~~~~~~~~~~~~~~~~~~~~~~~~~~~~~~~~~~~~
2025-12-09 12:53:27,494 DeMo.train INFO: ~~~~~~~~~~~~~~~~~~~~~~~~~~~~~~~~~~~~~~~~~~~~~~~~~~
2025-12-09 12:53:27,495 DeMo.train INFO: Best mAP: 70.7%
2025-12-09 12:53:27,495 DeMo.train INFO: Best Rank-1: 73.3%
2025-12-09 12:53:27,495 DeMo.train INFO: Best Rank-5: 84.2%
2025-12-09 12:53:27,495 DeMo.train INFO: Best Rank-10: 89.0%
2025-12-09 12:53:27,495 DeMo.train INFO: ~~~~~~~~~~~~~~~~~~~~~~~~~~~~~~~~~~~~~~~~~~~~~~~~~~
2025-12-09 12:53:34,525 DeMo.train INFO: Epoch[16] Iteration[10/54] Loss: 2.297, Acc: 0.883, Base Lr: 3.47e-06
2025-12-09 12:53:37,035 DeMo.train INFO: Epoch[16] Iteration[20/54] Loss: 2.292, Acc: 0.925, Base Lr: 3.47e-06
2025-12-09 12:53:39,484 DeMo.train INFO: Epoch[16] Iteration[30/54] Loss: 2.294, Acc: 0.932, Base Lr: 3.47e-06
2025-12-09 12:53:41,954 DeMo.train INFO: Epoch[16] Iteration[40/54] Loss: 2.293, Acc: 0.942, Base Lr: 3.47e-06
2025-12-09 12:53:44,441 DeMo.train INFO: Epoch[16] Iteration[50/54] Loss: 2.287, Acc: 0.943, Base Lr: 3.47e-06
2025-12-09 12:53:45,283 DeMo.train INFO: Epoch 16 done. Time per batch: 0.336[s] Speed: 190.7[samples/s]
2025-12-09 12:53:45,284 DeMo.train INFO: ~~~~~~~~~~~~~~~~~~~~~~~~~~~~~~~~~~~~~~~~~~~~~~~~~~
2025-12-09 12:53:45,284 DeMo.train INFO: Current is the ori feature testing!
2025-12-09 12:53:45,284 DeMo.train INFO: ~~~~~~~~~~~~~~~~~~~~~~~~~~~~~~~~~~~~~~~~~~~~~~~~~~
The test feature is normalized
=> Computing DistMat with euclidean_distance
2025-12-09 12:53:51,015 DeMo.train INFO: Validation Results - Epoch: 16
2025-12-09 12:53:51,015 DeMo.train INFO: mAP: 70.8%
2025-12-09 12:53:51,015 DeMo.train INFO: CMC curve, Rank-1  :74.0%
2025-12-09 12:53:51,015 DeMo.train INFO: CMC curve, Rank-5  :84.0%
2025-12-09 12:53:51,015 DeMo.train INFO: CMC curve, Rank-10 :89.5%
2025-12-09 12:53:51,015 DeMo.train INFO: ~~~~~~~~~~~~~~~~~~~~~~~~~~~~~~~~~~~~~~~~~~~~~~~~~~
2025-12-09 12:53:52,729 DeMo.train INFO: ~~~~~~~~~~~~~~~~~~~~~~~~~~~~~~~~~~~~~~~~~~~~~~~~~~
2025-12-09 12:53:52,730 DeMo.train INFO: Current is the moe feature testing!
2025-12-09 12:53:52,731 DeMo.train INFO: ~~~~~~~~~~~~~~~~~~~~~~~~~~~~~~~~~~~~~~~~~~~~~~~~~~
The test feature is normalized
=> Computing DistMat with euclidean_distance
2025-12-09 12:54:03,060 DeMo.train INFO: Validation Results - Epoch: 16
2025-12-09 12:54:03,062 DeMo.train INFO: mAP: 70.8%
2025-12-09 12:54:03,062 DeMo.train INFO: CMC curve, Rank-1  :74.0%
2025-12-09 12:54:03,063 DeMo.train INFO: CMC curve, Rank-5  :84.0%
2025-12-09 12:54:03,063 DeMo.train INFO: CMC curve, Rank-10 :89.5%
2025-12-09 12:54:03,064 DeMo.train INFO: ~~~~~~~~~~~~~~~~~~~~~~~~~~~~~~~~~~~~~~~~~~~~~~~~~~
2025-12-09 12:54:03,581 DeMo.train INFO: ~~~~~~~~~~~~~~~~~~~~~~~~~~~~~~~~~~~~~~~~~~~~~~~~~~
2025-12-09 12:54:03,582 DeMo.train INFO: Current is the [moe,ori] feature testing!
2025-12-09 12:54:03,583 DeMo.train INFO: ~~~~~~~~~~~~~~~~~~~~~~~~~~~~~~~~~~~~~~~~~~~~~~~~~~
The test feature is normalized
=> Computing DistMat with euclidean_distance
2025-12-09 12:54:11,955 DeMo.train INFO: Validation Results - Epoch: 16
2025-12-09 12:54:11,955 DeMo.train INFO: mAP: 70.8%
2025-12-09 12:54:11,955 DeMo.train INFO: CMC curve, Rank-1  :74.0%
2025-12-09 12:54:11,955 DeMo.train INFO: CMC curve, Rank-5  :84.0%
2025-12-09 12:54:11,955 DeMo.train INFO: CMC curve, Rank-10 :89.5%
2025-12-09 12:54:11,956 DeMo.train INFO: ~~~~~~~~~~~~~~~~~~~~~~~~~~~~~~~~~~~~~~~~~~~~~~~~~~
2025-12-09 12:54:30,496 DeMo.train INFO: ~~~~~~~~~~~~~~~~~~~~~~~~~~~~~~~~~~~~~~~~~~~~~~~~~~
2025-12-09 12:54:30,499 DeMo.train INFO: Best mAP: 70.8%
2025-12-09 12:54:30,499 DeMo.train INFO: Best Rank-1: 74.0%
2025-12-09 12:54:30,499 DeMo.train INFO: Best Rank-5: 84.0%
2025-12-09 12:54:30,499 DeMo.train INFO: Best Rank-10: 89.5%
2025-12-09 12:54:30,499 DeMo.train INFO: ~~~~~~~~~~~~~~~~~~~~~~~~~~~~~~~~~~~~~~~~~~~~~~~~~~
2025-12-09 12:54:37,030 DeMo.train INFO: Epoch[17] Iteration[10/54] Loss: 2.304, Acc: 0.877, Base Lr: 3.37e-06
2025-12-09 12:54:39,498 DeMo.train INFO: Epoch[17] Iteration[20/54] Loss: 2.299, Acc: 0.894, Base Lr: 3.37e-06
2025-12-09 12:54:41,952 DeMo.train INFO: Epoch[17] Iteration[30/54] Loss: 2.294, Acc: 0.910, Base Lr: 3.37e-06
2025-12-09 12:54:44,420 DeMo.train INFO: Epoch[17] Iteration[40/54] Loss: 2.286, Acc: 0.927, Base Lr: 3.37e-06
2025-12-09 12:54:46,871 DeMo.train INFO: Epoch[17] Iteration[50/54] Loss: 2.282, Acc: 0.938, Base Lr: 3.37e-06
2025-12-09 12:54:47,709 DeMo.train INFO: Epoch 17 done. Time per batch: 0.325[s] Speed: 197.1[samples/s]
2025-12-09 12:54:47,710 DeMo.train INFO: ~~~~~~~~~~~~~~~~~~~~~~~~~~~~~~~~~~~~~~~~~~~~~~~~~~
2025-12-09 12:54:47,711 DeMo.train INFO: Current is the ori feature testing!
2025-12-09 12:54:47,711 DeMo.train INFO: ~~~~~~~~~~~~~~~~~~~~~~~~~~~~~~~~~~~~~~~~~~~~~~~~~~
The test feature is normalized
=> Computing DistMat with euclidean_distance
2025-12-09 12:54:53,716 DeMo.train INFO: Validation Results - Epoch: 17
2025-12-09 12:54:53,716 DeMo.train INFO: mAP: 68.6%
2025-12-09 12:54:53,716 DeMo.train INFO: CMC curve, Rank-1  :70.6%
2025-12-09 12:54:53,716 DeMo.train INFO: CMC curve, Rank-5  :81.2%
2025-12-09 12:54:53,717 DeMo.train INFO: CMC curve, Rank-10 :85.9%
2025-12-09 12:54:53,717 DeMo.train INFO: ~~~~~~~~~~~~~~~~~~~~~~~~~~~~~~~~~~~~~~~~~~~~~~~~~~
2025-12-09 12:54:54,624 DeMo.train INFO: ~~~~~~~~~~~~~~~~~~~~~~~~~~~~~~~~~~~~~~~~~~~~~~~~~~
2025-12-09 12:54:54,624 DeMo.train INFO: Current is the moe feature testing!
2025-12-09 12:54:54,624 DeMo.train INFO: ~~~~~~~~~~~~~~~~~~~~~~~~~~~~~~~~~~~~~~~~~~~~~~~~~~
The test feature is normalized
=> Computing DistMat with euclidean_distance
2025-12-09 12:55:00,851 DeMo.train INFO: Validation Results - Epoch: 17
2025-12-09 12:55:00,851 DeMo.train INFO: mAP: 68.6%
2025-12-09 12:55:00,851 DeMo.train INFO: CMC curve, Rank-1  :70.6%
2025-12-09 12:55:00,851 DeMo.train INFO: CMC curve, Rank-5  :81.2%
2025-12-09 12:55:00,851 DeMo.train INFO: CMC curve, Rank-10 :85.9%
2025-12-09 12:55:00,851 DeMo.train INFO: ~~~~~~~~~~~~~~~~~~~~~~~~~~~~~~~~~~~~~~~~~~~~~~~~~~
2025-12-09 12:55:00,980 DeMo.train INFO: ~~~~~~~~~~~~~~~~~~~~~~~~~~~~~~~~~~~~~~~~~~~~~~~~~~
2025-12-09 12:55:00,981 DeMo.train INFO: Current is the [moe,ori] feature testing!
2025-12-09 12:55:00,981 DeMo.train INFO: ~~~~~~~~~~~~~~~~~~~~~~~~~~~~~~~~~~~~~~~~~~~~~~~~~~
The test feature is normalized
=> Computing DistMat with euclidean_distance
2025-12-09 12:55:06,739 DeMo.train INFO: Validation Results - Epoch: 17
2025-12-09 12:55:06,739 DeMo.train INFO: mAP: 68.6%
2025-12-09 12:55:06,739 DeMo.train INFO: CMC curve, Rank-1  :70.6%
2025-12-09 12:55:06,739 DeMo.train INFO: CMC curve, Rank-5  :81.2%
2025-12-09 12:55:06,739 DeMo.train INFO: CMC curve, Rank-10 :85.9%
2025-12-09 12:55:06,739 DeMo.train INFO: ~~~~~~~~~~~~~~~~~~~~~~~~~~~~~~~~~~~~~~~~~~~~~~~~~~
2025-12-09 12:55:07,887 DeMo.train INFO: ~~~~~~~~~~~~~~~~~~~~~~~~~~~~~~~~~~~~~~~~~~~~~~~~~~
2025-12-09 12:55:07,887 DeMo.train INFO: Best mAP: 70.8%
2025-12-09 12:55:07,888 DeMo.train INFO: Best Rank-1: 74.0%
2025-12-09 12:55:07,888 DeMo.train INFO: Best Rank-5: 84.0%
2025-12-09 12:55:07,888 DeMo.train INFO: Best Rank-10: 89.5%
2025-12-09 12:55:07,888 DeMo.train INFO: ~~~~~~~~~~~~~~~~~~~~~~~~~~~~~~~~~~~~~~~~~~~~~~~~~~
2025-12-09 12:55:14,363 DeMo.train INFO: Epoch[18] Iteration[10/54] Loss: 2.266, Acc: 0.889, Base Lr: 3.27e-06
2025-12-09 12:55:16,870 DeMo.train INFO: Epoch[18] Iteration[20/54] Loss: 2.266, Acc: 0.914, Base Lr: 3.27e-06
2025-12-09 12:55:19,365 DeMo.train INFO: Epoch[18] Iteration[30/54] Loss: 2.257, Acc: 0.918, Base Lr: 3.27e-06
2025-12-09 12:55:21,932 DeMo.train INFO: Epoch[18] Iteration[40/54] Loss: 2.256, Acc: 0.930, Base Lr: 3.27e-06
2025-12-09 12:55:24,413 DeMo.train INFO: Epoch[18] Iteration[50/54] Loss: 2.252, Acc: 0.939, Base Lr: 3.27e-06
2025-12-09 12:55:25,254 DeMo.train INFO: Epoch 18 done. Time per batch: 0.328[s] Speed: 195.3[samples/s]
2025-12-09 12:55:25,256 DeMo.train INFO: ~~~~~~~~~~~~~~~~~~~~~~~~~~~~~~~~~~~~~~~~~~~~~~~~~~
2025-12-09 12:55:25,256 DeMo.train INFO: Current is the ori feature testing!
2025-12-09 12:55:25,256 DeMo.train INFO: ~~~~~~~~~~~~~~~~~~~~~~~~~~~~~~~~~~~~~~~~~~~~~~~~~~
The test feature is normalized
=> Computing DistMat with euclidean_distance
2025-12-09 12:55:30,264 DeMo.train INFO: Validation Results - Epoch: 18
2025-12-09 12:55:30,264 DeMo.train INFO: mAP: 71.0%
2025-12-09 12:55:30,264 DeMo.train INFO: CMC curve, Rank-1  :73.1%
2025-12-09 12:55:30,264 DeMo.train INFO: CMC curve, Rank-5  :83.9%
2025-12-09 12:55:30,264 DeMo.train INFO: CMC curve, Rank-10 :88.2%
2025-12-09 12:55:30,264 DeMo.train INFO: ~~~~~~~~~~~~~~~~~~~~~~~~~~~~~~~~~~~~~~~~~~~~~~~~~~
2025-12-09 12:55:31,801 DeMo.train INFO: ~~~~~~~~~~~~~~~~~~~~~~~~~~~~~~~~~~~~~~~~~~~~~~~~~~
2025-12-09 12:55:31,801 DeMo.train INFO: Current is the moe feature testing!
2025-12-09 12:55:31,802 DeMo.train INFO: ~~~~~~~~~~~~~~~~~~~~~~~~~~~~~~~~~~~~~~~~~~~~~~~~~~
The test feature is normalized
=> Computing DistMat with euclidean_distance
2025-12-09 12:55:36,669 DeMo.train INFO: Validation Results - Epoch: 18
2025-12-09 12:55:36,669 DeMo.train INFO: mAP: 71.0%
2025-12-09 12:55:36,669 DeMo.train INFO: CMC curve, Rank-1  :73.1%
2025-12-09 12:55:36,670 DeMo.train INFO: CMC curve, Rank-5  :83.9%
2025-12-09 12:55:36,670 DeMo.train INFO: CMC curve, Rank-10 :88.2%
2025-12-09 12:55:36,670 DeMo.train INFO: ~~~~~~~~~~~~~~~~~~~~~~~~~~~~~~~~~~~~~~~~~~~~~~~~~~
2025-12-09 12:55:37,661 DeMo.train INFO: ~~~~~~~~~~~~~~~~~~~~~~~~~~~~~~~~~~~~~~~~~~~~~~~~~~
2025-12-09 12:55:37,661 DeMo.train INFO: Current is the [moe,ori] feature testing!
2025-12-09 12:55:37,661 DeMo.train INFO: ~~~~~~~~~~~~~~~~~~~~~~~~~~~~~~~~~~~~~~~~~~~~~~~~~~
The test feature is normalized
=> Computing DistMat with euclidean_distance
2025-12-09 12:55:42,599 DeMo.train INFO: Validation Results - Epoch: 18
2025-12-09 12:55:42,600 DeMo.train INFO: mAP: 71.0%
2025-12-09 12:55:42,600 DeMo.train INFO: CMC curve, Rank-1  :73.1%
2025-12-09 12:55:42,600 DeMo.train INFO: CMC curve, Rank-5  :83.9%
2025-12-09 12:55:42,600 DeMo.train INFO: CMC curve, Rank-10 :88.2%
2025-12-09 12:55:42,600 DeMo.train INFO: ~~~~~~~~~~~~~~~~~~~~~~~~~~~~~~~~~~~~~~~~~~~~~~~~~~
2025-12-09 12:56:16,864 DeMo.train INFO: ~~~~~~~~~~~~~~~~~~~~~~~~~~~~~~~~~~~~~~~~~~~~~~~~~~
2025-12-09 12:56:16,865 DeMo.train INFO: Best mAP: 71.0%
2025-12-09 12:56:16,866 DeMo.train INFO: Best Rank-1: 73.1%
2025-12-09 12:56:16,866 DeMo.train INFO: Best Rank-5: 83.9%
2025-12-09 12:56:16,867 DeMo.train INFO: Best Rank-10: 88.2%
2025-12-09 12:56:16,868 DeMo.train INFO: ~~~~~~~~~~~~~~~~~~~~~~~~~~~~~~~~~~~~~~~~~~~~~~~~~~
2025-12-09 12:56:23,860 DeMo.train INFO: Epoch[19] Iteration[10/54] Loss: 2.294, Acc: 0.922, Base Lr: 3.16e-06
2025-12-09 12:56:26,340 DeMo.train INFO: Epoch[19] Iteration[20/54] Loss: 2.270, Acc: 0.918, Base Lr: 3.16e-06
2025-12-09 12:56:28,802 DeMo.train INFO: Epoch[19] Iteration[30/54] Loss: 2.267, Acc: 0.932, Base Lr: 3.16e-06
2025-12-09 12:56:31,279 DeMo.train INFO: Epoch[19] Iteration[40/54] Loss: 2.256, Acc: 0.941, Base Lr: 3.16e-06
2025-12-09 12:56:33,748 DeMo.train INFO: Epoch[19] Iteration[50/54] Loss: 2.260, Acc: 0.946, Base Lr: 3.16e-06
2025-12-09 12:56:34,620 DeMo.train INFO: Epoch 19 done. Time per batch: 0.335[s] Speed: 191.1[samples/s]
2025-12-09 12:56:34,622 DeMo.train INFO: ~~~~~~~~~~~~~~~~~~~~~~~~~~~~~~~~~~~~~~~~~~~~~~~~~~
2025-12-09 12:56:34,622 DeMo.train INFO: Current is the ori feature testing!
2025-12-09 12:56:34,622 DeMo.train INFO: ~~~~~~~~~~~~~~~~~~~~~~~~~~~~~~~~~~~~~~~~~~~~~~~~~~
The test feature is normalized
=> Computing DistMat with euclidean_distance
2025-12-09 12:56:40,582 DeMo.train INFO: Validation Results - Epoch: 19
2025-12-09 12:56:40,582 DeMo.train INFO: mAP: 70.1%
2025-12-09 12:56:40,582 DeMo.train INFO: CMC curve, Rank-1  :72.2%
2025-12-09 12:56:40,583 DeMo.train INFO: CMC curve, Rank-5  :83.7%
2025-12-09 12:56:40,583 DeMo.train INFO: CMC curve, Rank-10 :88.0%
2025-12-09 12:56:40,583 DeMo.train INFO: ~~~~~~~~~~~~~~~~~~~~~~~~~~~~~~~~~~~~~~~~~~~~~~~~~~
2025-12-09 12:56:42,928 DeMo.train INFO: ~~~~~~~~~~~~~~~~~~~~~~~~~~~~~~~~~~~~~~~~~~~~~~~~~~
2025-12-09 12:56:42,928 DeMo.train INFO: Current is the moe feature testing!
2025-12-09 12:56:42,928 DeMo.train INFO: ~~~~~~~~~~~~~~~~~~~~~~~~~~~~~~~~~~~~~~~~~~~~~~~~~~
The test feature is normalized
=> Computing DistMat with euclidean_distance
2025-12-09 12:56:50,373 DeMo.train INFO: Validation Results - Epoch: 19
2025-12-09 12:56:50,374 DeMo.train INFO: mAP: 70.1%
2025-12-09 12:56:50,375 DeMo.train INFO: CMC curve, Rank-1  :72.2%
2025-12-09 12:56:50,376 DeMo.train INFO: CMC curve, Rank-5  :83.7%
2025-12-09 12:56:50,376 DeMo.train INFO: CMC curve, Rank-10 :88.0%
2025-12-09 12:56:50,378 DeMo.train INFO: ~~~~~~~~~~~~~~~~~~~~~~~~~~~~~~~~~~~~~~~~~~~~~~~~~~
2025-12-09 12:56:50,787 DeMo.train INFO: ~~~~~~~~~~~~~~~~~~~~~~~~~~~~~~~~~~~~~~~~~~~~~~~~~~
2025-12-09 12:56:50,787 DeMo.train INFO: Current is the [moe,ori] feature testing!
2025-12-09 12:56:50,787 DeMo.train INFO: ~~~~~~~~~~~~~~~~~~~~~~~~~~~~~~~~~~~~~~~~~~~~~~~~~~
The test feature is normalized
=> Computing DistMat with euclidean_distance
2025-12-09 12:57:00,113 DeMo.train INFO: Validation Results - Epoch: 19
2025-12-09 12:57:00,113 DeMo.train INFO: mAP: 70.1%
2025-12-09 12:57:00,114 DeMo.train INFO: CMC curve, Rank-1  :72.2%
2025-12-09 12:57:00,115 DeMo.train INFO: CMC curve, Rank-5  :83.7%
2025-12-09 12:57:00,116 DeMo.train INFO: CMC curve, Rank-10 :88.0%
2025-12-09 12:57:00,116 DeMo.train INFO: ~~~~~~~~~~~~~~~~~~~~~~~~~~~~~~~~~~~~~~~~~~~~~~~~~~
2025-12-09 12:57:00,371 DeMo.train INFO: ~~~~~~~~~~~~~~~~~~~~~~~~~~~~~~~~~~~~~~~~~~~~~~~~~~
2025-12-09 12:57:00,371 DeMo.train INFO: Best mAP: 71.0%
2025-12-09 12:57:00,372 DeMo.train INFO: Best Rank-1: 73.1%
2025-12-09 12:57:00,373 DeMo.train INFO: Best Rank-5: 83.9%
2025-12-09 12:57:00,373 DeMo.train INFO: Best Rank-10: 88.2%
2025-12-09 12:57:00,374 DeMo.train INFO: ~~~~~~~~~~~~~~~~~~~~~~~~~~~~~~~~~~~~~~~~~~~~~~~~~~
2025-12-09 12:57:07,788 DeMo.train INFO: Epoch[20] Iteration[10/54] Loss: 2.256, Acc: 0.916, Base Lr: 3.06e-06
2025-12-09 12:57:11,187 DeMo.train INFO: Epoch[20] Iteration[20/54] Loss: 2.244, Acc: 0.918, Base Lr: 3.06e-06
2025-12-09 12:57:13,640 DeMo.train INFO: Epoch[20] Iteration[30/54] Loss: 2.239, Acc: 0.926, Base Lr: 3.06e-06
2025-12-09 12:57:16,106 DeMo.train INFO: Epoch[20] Iteration[40/54] Loss: 2.231, Acc: 0.938, Base Lr: 3.06e-06
2025-12-09 12:57:18,614 DeMo.train INFO: Epoch[20] Iteration[50/54] Loss: 2.225, Acc: 0.945, Base Lr: 3.06e-06
2025-12-09 12:57:19,444 DeMo.train INFO: Epoch 20 done. Time per batch: 0.360[s] Speed: 177.9[samples/s]
2025-12-09 12:57:19,446 DeMo.train INFO: ~~~~~~~~~~~~~~~~~~~~~~~~~~~~~~~~~~~~~~~~~~~~~~~~~~
2025-12-09 12:57:19,446 DeMo.train INFO: Current is the ori feature testing!
2025-12-09 12:57:19,446 DeMo.train INFO: ~~~~~~~~~~~~~~~~~~~~~~~~~~~~~~~~~~~~~~~~~~~~~~~~~~
The test feature is normalized
=> Computing DistMat with euclidean_distance
2025-12-09 12:57:24,953 DeMo.train INFO: Validation Results - Epoch: 20
2025-12-09 12:57:24,953 DeMo.train INFO: mAP: 69.8%
2025-12-09 12:57:24,953 DeMo.train INFO: CMC curve, Rank-1  :71.3%
2025-12-09 12:57:24,953 DeMo.train INFO: CMC curve, Rank-5  :82.5%
2025-12-09 12:57:24,953 DeMo.train INFO: CMC curve, Rank-10 :87.9%
2025-12-09 12:57:24,953 DeMo.train INFO: ~~~~~~~~~~~~~~~~~~~~~~~~~~~~~~~~~~~~~~~~~~~~~~~~~~
2025-12-09 12:57:26,750 DeMo.train INFO: ~~~~~~~~~~~~~~~~~~~~~~~~~~~~~~~~~~~~~~~~~~~~~~~~~~
2025-12-09 12:57:26,751 DeMo.train INFO: Current is the moe feature testing!
2025-12-09 12:57:26,751 DeMo.train INFO: ~~~~~~~~~~~~~~~~~~~~~~~~~~~~~~~~~~~~~~~~~~~~~~~~~~
The test feature is normalized
=> Computing DistMat with euclidean_distance
2025-12-09 12:57:33,452 DeMo.train INFO: Validation Results - Epoch: 20
2025-12-09 12:57:33,454 DeMo.train INFO: mAP: 69.8%
2025-12-09 12:57:33,455 DeMo.train INFO: CMC curve, Rank-1  :71.3%
2025-12-09 12:57:33,455 DeMo.train INFO: CMC curve, Rank-5  :82.5%
2025-12-09 12:57:33,456 DeMo.train INFO: CMC curve, Rank-10 :87.9%
2025-12-09 12:57:33,457 DeMo.train INFO: ~~~~~~~~~~~~~~~~~~~~~~~~~~~~~~~~~~~~~~~~~~~~~~~~~~
2025-12-09 12:57:33,878 DeMo.train INFO: ~~~~~~~~~~~~~~~~~~~~~~~~~~~~~~~~~~~~~~~~~~~~~~~~~~
2025-12-09 12:57:33,879 DeMo.train INFO: Current is the [moe,ori] feature testing!
2025-12-09 12:57:33,879 DeMo.train INFO: ~~~~~~~~~~~~~~~~~~~~~~~~~~~~~~~~~~~~~~~~~~~~~~~~~~
The test feature is normalized
=> Computing DistMat with euclidean_distance
2025-12-09 12:57:43,873 DeMo.train INFO: Validation Results - Epoch: 20
2025-12-09 12:57:43,875 DeMo.train INFO: mAP: 69.8%
2025-12-09 12:57:43,875 DeMo.train INFO: CMC curve, Rank-1  :71.3%
2025-12-09 12:57:43,876 DeMo.train INFO: CMC curve, Rank-5  :82.5%
2025-12-09 12:57:43,877 DeMo.train INFO: CMC curve, Rank-10 :87.9%
2025-12-09 12:57:43,878 DeMo.train INFO: ~~~~~~~~~~~~~~~~~~~~~~~~~~~~~~~~~~~~~~~~~~~~~~~~~~
2025-12-09 12:57:44,157 DeMo.train INFO: ~~~~~~~~~~~~~~~~~~~~~~~~~~~~~~~~~~~~~~~~~~~~~~~~~~
2025-12-09 12:57:44,159 DeMo.train INFO: Best mAP: 71.0%
2025-12-09 12:57:44,159 DeMo.train INFO: Best Rank-1: 73.1%
2025-12-09 12:57:44,161 DeMo.train INFO: Best Rank-5: 83.9%
2025-12-09 12:57:44,162 DeMo.train INFO: Best Rank-10: 88.2%
2025-12-09 12:57:44,162 DeMo.train INFO: ~~~~~~~~~~~~~~~~~~~~~~~~~~~~~~~~~~~~~~~~~~~~~~~~~~
2025-12-09 12:57:55,903 DeMo.train INFO: Epoch[21] Iteration[10/54] Loss: 2.222, Acc: 0.920, Base Lr: 2.96e-06
2025-12-09 12:57:59,467 DeMo.train INFO: Epoch[21] Iteration[20/54] Loss: 2.219, Acc: 0.927, Base Lr: 2.96e-06
2025-12-09 12:58:04,106 DeMo.train INFO: Epoch[21] Iteration[30/54] Loss: 2.213, Acc: 0.944, Base Lr: 2.96e-06
2025-12-09 12:58:06,589 DeMo.train INFO: Epoch[21] Iteration[40/54] Loss: 2.207, Acc: 0.943, Base Lr: 2.96e-06
2025-12-09 12:58:09,050 DeMo.train INFO: Epoch[21] Iteration[50/54] Loss: 2.206, Acc: 0.940, Base Lr: 2.96e-06
2025-12-09 12:58:09,885 DeMo.train INFO: Epoch 21 done. Time per batch: 0.485[s] Speed: 131.9[samples/s]
2025-12-09 12:58:09,887 DeMo.train INFO: ~~~~~~~~~~~~~~~~~~~~~~~~~~~~~~~~~~~~~~~~~~~~~~~~~~
2025-12-09 12:58:09,887 DeMo.train INFO: Current is the ori feature testing!
2025-12-09 12:58:09,887 DeMo.train INFO: ~~~~~~~~~~~~~~~~~~~~~~~~~~~~~~~~~~~~~~~~~~~~~~~~~~
The test feature is normalized
=> Computing DistMat with euclidean_distance
2025-12-09 12:58:15,241 DeMo.train INFO: Validation Results - Epoch: 21
2025-12-09 12:58:15,241 DeMo.train INFO: mAP: 74.1%
2025-12-09 12:58:15,241 DeMo.train INFO: CMC curve, Rank-1  :75.7%
2025-12-09 12:58:15,241 DeMo.train INFO: CMC curve, Rank-5  :87.3%
2025-12-09 12:58:15,241 DeMo.train INFO: CMC curve, Rank-10 :91.0%
2025-12-09 12:58:15,241 DeMo.train INFO: ~~~~~~~~~~~~~~~~~~~~~~~~~~~~~~~~~~~~~~~~~~~~~~~~~~
2025-12-09 12:58:16,662 DeMo.train INFO: ~~~~~~~~~~~~~~~~~~~~~~~~~~~~~~~~~~~~~~~~~~~~~~~~~~
2025-12-09 12:58:16,662 DeMo.train INFO: Current is the moe feature testing!
2025-12-09 12:58:16,662 DeMo.train INFO: ~~~~~~~~~~~~~~~~~~~~~~~~~~~~~~~~~~~~~~~~~~~~~~~~~~
The test feature is normalized
=> Computing DistMat with euclidean_distance
2025-12-09 12:58:23,624 DeMo.train INFO: Validation Results - Epoch: 21
2025-12-09 12:58:23,624 DeMo.train INFO: mAP: 74.1%
2025-12-09 12:58:23,624 DeMo.train INFO: CMC curve, Rank-1  :75.7%
2025-12-09 12:58:23,624 DeMo.train INFO: CMC curve, Rank-5  :87.3%
2025-12-09 12:58:23,624 DeMo.train INFO: CMC curve, Rank-10 :91.0%
2025-12-09 12:58:23,624 DeMo.train INFO: ~~~~~~~~~~~~~~~~~~~~~~~~~~~~~~~~~~~~~~~~~~~~~~~~~~
2025-12-09 12:58:24,698 DeMo.train INFO: ~~~~~~~~~~~~~~~~~~~~~~~~~~~~~~~~~~~~~~~~~~~~~~~~~~
2025-12-09 12:58:24,698 DeMo.train INFO: Current is the [moe,ori] feature testing!
2025-12-09 12:58:24,698 DeMo.train INFO: ~~~~~~~~~~~~~~~~~~~~~~~~~~~~~~~~~~~~~~~~~~~~~~~~~~
The test feature is normalized
=> Computing DistMat with euclidean_distance
2025-12-09 12:58:29,446 DeMo.train INFO: Validation Results - Epoch: 21
2025-12-09 12:58:29,446 DeMo.train INFO: mAP: 74.1%
2025-12-09 12:58:29,446 DeMo.train INFO: CMC curve, Rank-1  :75.7%
2025-12-09 12:58:29,446 DeMo.train INFO: CMC curve, Rank-5  :87.3%
2025-12-09 12:58:29,446 DeMo.train INFO: CMC curve, Rank-10 :91.0%
2025-12-09 12:58:29,446 DeMo.train INFO: ~~~~~~~~~~~~~~~~~~~~~~~~~~~~~~~~~~~~~~~~~~~~~~~~~~
2025-12-09 12:58:47,769 DeMo.train INFO: ~~~~~~~~~~~~~~~~~~~~~~~~~~~~~~~~~~~~~~~~~~~~~~~~~~
2025-12-09 12:58:47,770 DeMo.train INFO: Best mAP: 74.1%
2025-12-09 12:58:47,770 DeMo.train INFO: Best Rank-1: 75.7%
2025-12-09 12:58:47,770 DeMo.train INFO: Best Rank-5: 87.3%
2025-12-09 12:58:47,771 DeMo.train INFO: Best Rank-10: 91.0%
2025-12-09 12:58:47,771 DeMo.train INFO: ~~~~~~~~~~~~~~~~~~~~~~~~~~~~~~~~~~~~~~~~~~~~~~~~~~
2025-12-09 12:58:53,397 DeMo.train INFO: Epoch[22] Iteration[10/54] Loss: 2.195, Acc: 0.913, Base Lr: 2.86e-06
2025-12-09 12:58:55,868 DeMo.train INFO: Epoch[22] Iteration[20/54] Loss: 2.191, Acc: 0.926, Base Lr: 2.86e-06
2025-12-09 12:58:58,329 DeMo.train INFO: Epoch[22] Iteration[30/54] Loss: 2.193, Acc: 0.932, Base Lr: 2.86e-06
2025-12-09 12:59:00,790 DeMo.train INFO: Epoch[22] Iteration[40/54] Loss: 2.194, Acc: 0.939, Base Lr: 2.86e-06
2025-12-09 12:59:03,236 DeMo.train INFO: Epoch[22] Iteration[50/54] Loss: 2.191, Acc: 0.946, Base Lr: 2.86e-06
2025-12-09 12:59:04,069 DeMo.train INFO: Epoch 22 done. Time per batch: 0.308[s] Speed: 208.1[samples/s]
2025-12-09 12:59:04,070 DeMo.train INFO: ~~~~~~~~~~~~~~~~~~~~~~~~~~~~~~~~~~~~~~~~~~~~~~~~~~
2025-12-09 12:59:04,070 DeMo.train INFO: Current is the ori feature testing!
2025-12-09 12:59:04,070 DeMo.train INFO: ~~~~~~~~~~~~~~~~~~~~~~~~~~~~~~~~~~~~~~~~~~~~~~~~~~
The test feature is normalized
=> Computing DistMat with euclidean_distance
2025-12-09 12:59:09,886 DeMo.train INFO: Validation Results - Epoch: 22
2025-12-09 12:59:09,886 DeMo.train INFO: mAP: 74.4%
2025-12-09 12:59:09,886 DeMo.train INFO: CMC curve, Rank-1  :77.0%
2025-12-09 12:59:09,887 DeMo.train INFO: CMC curve, Rank-5  :87.1%
2025-12-09 12:59:09,887 DeMo.train INFO: CMC curve, Rank-10 :90.6%
2025-12-09 12:59:09,887 DeMo.train INFO: ~~~~~~~~~~~~~~~~~~~~~~~~~~~~~~~~~~~~~~~~~~~~~~~~~~
2025-12-09 12:59:11,940 DeMo.train INFO: ~~~~~~~~~~~~~~~~~~~~~~~~~~~~~~~~~~~~~~~~~~~~~~~~~~
2025-12-09 12:59:11,941 DeMo.train INFO: Current is the moe feature testing!
2025-12-09 12:59:11,941 DeMo.train INFO: ~~~~~~~~~~~~~~~~~~~~~~~~~~~~~~~~~~~~~~~~~~~~~~~~~~
The test feature is normalized
=> Computing DistMat with euclidean_distance
2025-12-09 12:59:17,023 DeMo.train INFO: Validation Results - Epoch: 22
2025-12-09 12:59:17,023 DeMo.train INFO: mAP: 74.4%
2025-12-09 12:59:17,023 DeMo.train INFO: CMC curve, Rank-1  :77.0%
2025-12-09 12:59:17,023 DeMo.train INFO: CMC curve, Rank-5  :87.1%
2025-12-09 12:59:17,023 DeMo.train INFO: CMC curve, Rank-10 :90.6%
2025-12-09 12:59:17,024 DeMo.train INFO: ~~~~~~~~~~~~~~~~~~~~~~~~~~~~~~~~~~~~~~~~~~~~~~~~~~
2025-12-09 12:59:17,485 DeMo.train INFO: ~~~~~~~~~~~~~~~~~~~~~~~~~~~~~~~~~~~~~~~~~~~~~~~~~~
2025-12-09 12:59:17,486 DeMo.train INFO: Current is the [moe,ori] feature testing!
2025-12-09 12:59:17,486 DeMo.train INFO: ~~~~~~~~~~~~~~~~~~~~~~~~~~~~~~~~~~~~~~~~~~~~~~~~~~
The test feature is normalized
=> Computing DistMat with euclidean_distance
2025-12-09 12:59:23,200 DeMo.train INFO: Validation Results - Epoch: 22
2025-12-09 12:59:23,201 DeMo.train INFO: mAP: 74.4%
2025-12-09 12:59:23,201 DeMo.train INFO: CMC curve, Rank-1  :77.0%
2025-12-09 12:59:23,202 DeMo.train INFO: CMC curve, Rank-5  :87.1%
2025-12-09 12:59:23,203 DeMo.train INFO: CMC curve, Rank-10 :90.6%
2025-12-09 12:59:23,204 DeMo.train INFO: ~~~~~~~~~~~~~~~~~~~~~~~~~~~~~~~~~~~~~~~~~~~~~~~~~~
2025-12-09 12:59:54,814 DeMo.train INFO: ~~~~~~~~~~~~~~~~~~~~~~~~~~~~~~~~~~~~~~~~~~~~~~~~~~
2025-12-09 12:59:54,815 DeMo.train INFO: Best mAP: 74.4%
2025-12-09 12:59:54,816 DeMo.train INFO: Best Rank-1: 77.0%
2025-12-09 12:59:54,816 DeMo.train INFO: Best Rank-5: 87.1%
2025-12-09 12:59:54,816 DeMo.train INFO: Best Rank-10: 90.6%
2025-12-09 12:59:54,816 DeMo.train INFO: ~~~~~~~~~~~~~~~~~~~~~~~~~~~~~~~~~~~~~~~~~~~~~~~~~~
2025-12-09 13:00:02,075 DeMo.train INFO: Epoch[23] Iteration[10/54] Loss: 2.189, Acc: 0.898, Base Lr: 2.76e-06
2025-12-09 13:00:04,540 DeMo.train INFO: Epoch[23] Iteration[20/54] Loss: 2.202, Acc: 0.916, Base Lr: 2.76e-06
2025-12-09 13:00:06,995 DeMo.train INFO: Epoch[23] Iteration[30/54] Loss: 2.194, Acc: 0.935, Base Lr: 2.76e-06
2025-12-09 13:00:09,428 DeMo.train INFO: Epoch[23] Iteration[40/54] Loss: 2.188, Acc: 0.939, Base Lr: 2.76e-06
2025-12-09 13:00:11,884 DeMo.train INFO: Epoch[23] Iteration[50/54] Loss: 2.182, Acc: 0.947, Base Lr: 2.76e-06
2025-12-09 13:00:12,791 DeMo.train INFO: Epoch 23 done. Time per batch: 0.339[s] Speed: 188.7[samples/s]
2025-12-09 13:00:12,793 DeMo.train INFO: ~~~~~~~~~~~~~~~~~~~~~~~~~~~~~~~~~~~~~~~~~~~~~~~~~~
2025-12-09 13:00:12,793 DeMo.train INFO: Current is the ori feature testing!
2025-12-09 13:00:12,793 DeMo.train INFO: ~~~~~~~~~~~~~~~~~~~~~~~~~~~~~~~~~~~~~~~~~~~~~~~~~~
The test feature is normalized
=> Computing DistMat with euclidean_distance
2025-12-09 13:00:19,231 DeMo.train INFO: Validation Results - Epoch: 23
2025-12-09 13:00:19,233 DeMo.train INFO: mAP: 74.7%
2025-12-09 13:00:19,233 DeMo.train INFO: CMC curve, Rank-1  :75.8%
2025-12-09 13:00:19,235 DeMo.train INFO: CMC curve, Rank-5  :84.9%
2025-12-09 13:00:19,235 DeMo.train INFO: CMC curve, Rank-10 :89.7%
2025-12-09 13:00:19,235 DeMo.train INFO: ~~~~~~~~~~~~~~~~~~~~~~~~~~~~~~~~~~~~~~~~~~~~~~~~~~
2025-12-09 13:00:19,778 DeMo.train INFO: ~~~~~~~~~~~~~~~~~~~~~~~~~~~~~~~~~~~~~~~~~~~~~~~~~~
2025-12-09 13:00:19,779 DeMo.train INFO: Current is the moe feature testing!
2025-12-09 13:00:19,780 DeMo.train INFO: ~~~~~~~~~~~~~~~~~~~~~~~~~~~~~~~~~~~~~~~~~~~~~~~~~~
The test feature is normalized
=> Computing DistMat with euclidean_distance
2025-12-09 13:00:29,184 DeMo.train INFO: Validation Results - Epoch: 23
2025-12-09 13:00:29,185 DeMo.train INFO: mAP: 74.7%
2025-12-09 13:00:29,186 DeMo.train INFO: CMC curve, Rank-1  :75.8%
2025-12-09 13:00:29,187 DeMo.train INFO: CMC curve, Rank-5  :84.9%
2025-12-09 13:00:29,188 DeMo.train INFO: CMC curve, Rank-10 :89.7%
2025-12-09 13:00:29,189 DeMo.train INFO: ~~~~~~~~~~~~~~~~~~~~~~~~~~~~~~~~~~~~~~~~~~~~~~~~~~
2025-12-09 13:00:29,864 DeMo.train INFO: ~~~~~~~~~~~~~~~~~~~~~~~~~~~~~~~~~~~~~~~~~~~~~~~~~~
2025-12-09 13:00:29,864 DeMo.train INFO: Current is the [moe,ori] feature testing!
2025-12-09 13:00:29,866 DeMo.train INFO: ~~~~~~~~~~~~~~~~~~~~~~~~~~~~~~~~~~~~~~~~~~~~~~~~~~
