2025-12-09 12:34:30,493 DeMo INFO: Saving model in the path :..
2025-12-09 12:34:30,493 DeMo INFO: Namespace(config_file='configs/RGBNT201/DeMo_SDTPS_DGAF_ablation.yml', exp_name=None, fea_cft=0, local_rank=0, opts=['MODEL.USE_SDTPS', 'False', 'MODEL.USE_DGAF', 'True', 'MODEL.DGAF_VERSION', 'v3', 'MODEL.GLOBAL_LOCAL', 'False'])
2025-12-09 12:34:30,493 DeMo INFO: Loaded configuration file configs/RGBNT201/DeMo_SDTPS_DGAF_ablation.yml
2025-12-09 12:34:30,494 DeMo INFO: 
MODEL:
  TRANSFORMER_TYPE: 'ViT-B-16'
  STRIDE_SIZE: [ 16, 16 ]
  SIE_CAMERA: True
  DIRECT: 1
  SIE_COE: 1.0
  ID_LOSS_WEIGHT: 0.25
  TRIPLET_LOSS_WEIGHT: 1.0
  GLOBAL_LOCAL: False  # DGAF V3 直接用 tokens，不需要 GLOBAL_LOCAL
  # Disable HDM and ATM
  HDM: False
  ATM: False
  # SACR disabled for ablation
  USE_SACR: False
  USE_MULTIMODAL_SACR: False
  # LIF disabled
  USE_LIF: False
  # SDTPS configuration
  USE_SDTPS: True
  SDTPS_SPARSE_RATIO: 0.7  # token 保留比例（70%）
  SDTPS_USE_GUMBEL: False  # 禁用 Gumbel（训练稳定性）
  SDTPS_GUMBEL_TAU: 5.0
  SDTPS_CROSS_ATTN_TYPE: 'attention'  # 使用 Cross-Attention（推荐）
  SDTPS_CROSS_ATTN_HEADS: 4  # Cross-Attention 头数
  # 已废弃参数（保留兼容性）
  SDTPS_BETA: 0.25         # 已不使用（原 MLP predictor 权重）
  SDTPS_AGGR_RATIO: 0.5    # 已不使用（原 TokenAggregation）
  SDTPS_LOSS_WEIGHT: 2.0   # SDTPS 分支的损失权重
  # DGAF: Dual-Gated Adaptive Fusion
  USE_DGAF: True
  DGAF_VERSION: 'v3'  # V3 接受 (B,N,C) tokens
  DGAF_TAU: 1.0
  DGAF_INIT_ALPHA: 0.5
  DGAF_NUM_HEADS: 8
  HEAD: 4

INPUT:
  SIZE_TRAIN: [ 256, 128 ]
  SIZE_TEST: [ 256, 128 ]
  PROB: 0.5
  RE_PROB: 0.5
  PADDING: 10

DATALOADER:
  SAMPLER: 'softmax_triplet'
  NUM_INSTANCE: 8
  NUM_WORKERS: 14

DATASETS:
  NAMES: ('RGBNT201')
  ROOT_DIR: '..'

SOLVER:
  BASE_LR: 0.000005
  LR_SCHEDULER: 'linear'
  MAX_EPOCHS: 50
  STEPS: [30, 40]
  GAMMA: 0.1
  WARMUP_ITERS: 0
  WARMUP_FACTOR: 0.01
  WARMUP_METHOD: 'linear'
  OPTIMIZER_NAME: 'Adam'
  IMS_PER_BATCH: 64
  EVAL_PERIOD: 1
  CHECKPOINT_PERIOD: 10

TEST:
  IMS_PER_BATCH: 128
  RE_RANKING: 'no'
  WEIGHT: ''
  NECK_FEAT: 'before'
  FEAT_NORM: 'yes'
  MISS: "nothing"

OUTPUT_DIR: '..'

# ============================================================================
# SDTPS + DGAF Ablation Config
# ============================================================================
# - SACR: disabled
# - SDTPS: configurable via command line
# - DGAF V3: configurable via command line
# - Training: lr=0.00035, epochs=50, warmup=10
# - TF32: enabled in train_net.py
# ============================================================================

2025-12-09 12:34:30,495 DeMo INFO: Running with config:
DATALOADER:
  NUM_INSTANCE: 8
  NUM_WORKERS: 14
  SAMPLER: softmax_triplet
DATASETS:
  NAMES: RGBNT201
  ROOT_DIR: ..
INPUT:
  PADDING: 10
  PIXEL_MEAN: [0.5, 0.5, 0.5]
  PIXEL_STD: [0.5, 0.5, 0.5]
  PROB: 0.5
  RE_PROB: 0.5
  SIZE_TEST: [256, 128]
  SIZE_TRAIN: [256, 128]
MODEL:
  ADAPTER: False
  ATM: False
  ATT_DROP_RATE: 0.0
  DEVICE: cuda
  DEVICE_ID: 0
  DGAF_INIT_ALPHA: 0.5
  DGAF_NUM_HEADS: 8
  DGAF_TAU: 1.0
  DGAF_VERSION: v3
  DIRECT: 1
  DIST_TRAIN: False
  DROP_OUT: 0.0
  DROP_PATH: 0.1
  FROZEN: False
  GLOBAL_LOCAL: False
  HDM: False
  HEAD: 4
  ID_LOSS_TYPE: softmax
  ID_LOSS_WEIGHT: 0.25
  IF_LABELSMOOTH: on
  IF_WITH_CENTER: no
  LIF_BETA: 0.4
  LIF_LAYER: 3
  LIF_LOSS_WEIGHT: 0.1
  METRIC_LOSS_TYPE: triplet
  MULTIMODAL_SACR_VERSION: v1
  NAME: DeMo
  NECK: bnneck
  NO_MARGIN: True
  PRETRAIN_PATH_T: /path/to/your/vitb_16_224_21k.pth
  PROMPT: False
  SACR_DILATION_RATES: [2, 3, 4]
  SDTPS_AGGR_RATIO: 0.5
  SDTPS_BETA: 0.25
  SDTPS_CROSS_ATTN_HEADS: 4
  SDTPS_CROSS_ATTN_TYPE: attention
  SDTPS_GUMBEL_TAU: 5.0
  SDTPS_LOSS_WEIGHT: 2.0
  SDTPS_SPARSE_RATIO: 0.7
  SDTPS_USE_GUMBEL: False
  SIE_CAMERA: True
  SIE_COE: 1.0
  SIE_VIEW: False
  STRIDE_SIZE: [16, 16]
  TRANSFORMER_TYPE: ViT-B-16
  TRIPLET_LOSS_WEIGHT: 1.0
  USE_DGAF: True
  USE_LIF: False
  USE_MULTIMODAL_SACR: False
  USE_SACR: False
  USE_SDTPS: False
OUTPUT_DIR: ..
SOLVER:
  BASE_LR: 5e-06
  CENTER_LOSS_WEIGHT: 0.0005
  CENTER_LR: 0.5
  CHECKPOINT_PERIOD: 10
  CLUSTER_MARGIN: 0.3
  COSINE_MARGIN: 0.5
  COSINE_SCALE: 30
  EVAL_PERIOD: 1
  GAMMA: 0.1
  IMS_PER_BATCH: 64
  LARGE_FC_LR: False
  LOG_PERIOD: 10
  LR_SCHEDULER: linear
  MARGIN: 0.3
  MAX_EPOCHS: 50
  MOMENTUM: 0.9
  OPTIMIZER_NAME: Adam
  RANGE_ALPHA: 0
  RANGE_BETA: 1
  RANGE_K: 2
  RANGE_LOSS_WEIGHT: 1
  RANGE_MARGIN: 0.3
  SEED: 1234
  STEPS: (30, 40)
  WARMUP_FACTOR: 0.01
  WARMUP_ITERS: 0
  WARMUP_METHOD: linear
  WEIGHT_DECAY: 0.0001
  WEIGHT_DECAY_BIAS: 0.0001
TEST:
  FEAT: 0
  FEAT_NORM: yes
  IMS_PER_BATCH: 128
  MISS: nothing
  NECK_FEAT: before
  RE_RANKING: no
  WEIGHT: 
=> RGBNT201 loaded
Dataset statistics:
  ----------------------------------------
  subset   | # ids | # images | # cameras
  ----------------------------------------
  train    |   171 |     3951 |         4
  query    |    30 |      836 |         2
  gallery  |    30 |      836 |         2
  ----------------------------------------
data is ready
using Transformer_type: ViT-B-16 as a backbone
Resized position embedding: %s to %s torch.Size([197, 768]) torch.Size([129, 768])
Position embedding resize to height:16 width: 8
Successfully load ckpt!
<All keys matched successfully>
Loading pretrained model from CLIP
camera number is : 4
===========Building DeMo===========
2025-12-09 12:34:45,031 DeMo INFO: DeMo(
  (BACKBONE): build_transformer(
    (base): VisionTransformer(
      (conv1): Conv2d(3, 768, kernel_size=(16, 16), stride=(16, 16), bias=False)
      (ln_pre): LayerNorm((768,), eps=1e-05, elementwise_affine=True)
      (transformer): Transformer(
        (resblocks): Sequential(
          (0): ResidualAttentionBlock(
            (attn): MultiheadAttention(
              (out_proj): NonDynamicallyQuantizableLinear(in_features=768, out_features=768, bias=True)
            )
            (ln_1): LayerNorm((768,), eps=1e-05, elementwise_affine=True)
            (mlp): Sequential(
              (c_fc): Linear(in_features=768, out_features=3072, bias=True)
              (gelu): QuickGELU()
              (c_proj): Linear(in_features=3072, out_features=768, bias=True)
            )
            (ln_2): LayerNorm((768,), eps=1e-05, elementwise_affine=True)
          )
          (1): ResidualAttentionBlock(
            (attn): MultiheadAttention(
              (out_proj): NonDynamicallyQuantizableLinear(in_features=768, out_features=768, bias=True)
            )
            (ln_1): LayerNorm((768,), eps=1e-05, elementwise_affine=True)
            (mlp): Sequential(
              (c_fc): Linear(in_features=768, out_features=3072, bias=True)
              (gelu): QuickGELU()
              (c_proj): Linear(in_features=3072, out_features=768, bias=True)
            )
            (ln_2): LayerNorm((768,), eps=1e-05, elementwise_affine=True)
          )
          (2): ResidualAttentionBlock(
            (attn): MultiheadAttention(
              (out_proj): NonDynamicallyQuantizableLinear(in_features=768, out_features=768, bias=True)
            )
            (ln_1): LayerNorm((768,), eps=1e-05, elementwise_affine=True)
            (mlp): Sequential(
              (c_fc): Linear(in_features=768, out_features=3072, bias=True)
              (gelu): QuickGELU()
              (c_proj): Linear(in_features=3072, out_features=768, bias=True)
            )
            (ln_2): LayerNorm((768,), eps=1e-05, elementwise_affine=True)
          )
          (3): ResidualAttentionBlock(
            (attn): MultiheadAttention(
              (out_proj): NonDynamicallyQuantizableLinear(in_features=768, out_features=768, bias=True)
            )
            (ln_1): LayerNorm((768,), eps=1e-05, elementwise_affine=True)
            (mlp): Sequential(
              (c_fc): Linear(in_features=768, out_features=3072, bias=True)
              (gelu): QuickGELU()
              (c_proj): Linear(in_features=3072, out_features=768, bias=True)
            )
            (ln_2): LayerNorm((768,), eps=1e-05, elementwise_affine=True)
          )
          (4): ResidualAttentionBlock(
            (attn): MultiheadAttention(
              (out_proj): NonDynamicallyQuantizableLinear(in_features=768, out_features=768, bias=True)
            )
            (ln_1): LayerNorm((768,), eps=1e-05, elementwise_affine=True)
            (mlp): Sequential(
              (c_fc): Linear(in_features=768, out_features=3072, bias=True)
              (gelu): QuickGELU()
              (c_proj): Linear(in_features=3072, out_features=768, bias=True)
            )
            (ln_2): LayerNorm((768,), eps=1e-05, elementwise_affine=True)
          )
          (5): ResidualAttentionBlock(
            (attn): MultiheadAttention(
              (out_proj): NonDynamicallyQuantizableLinear(in_features=768, out_features=768, bias=True)
            )
            (ln_1): LayerNorm((768,), eps=1e-05, elementwise_affine=True)
            (mlp): Sequential(
              (c_fc): Linear(in_features=768, out_features=3072, bias=True)
              (gelu): QuickGELU()
              (c_proj): Linear(in_features=3072, out_features=768, bias=True)
            )
            (ln_2): LayerNorm((768,), eps=1e-05, elementwise_affine=True)
          )
          (6): ResidualAttentionBlock(
            (attn): MultiheadAttention(
              (out_proj): NonDynamicallyQuantizableLinear(in_features=768, out_features=768, bias=True)
            )
            (ln_1): LayerNorm((768,), eps=1e-05, elementwise_affine=True)
            (mlp): Sequential(
              (c_fc): Linear(in_features=768, out_features=3072, bias=True)
              (gelu): QuickGELU()
              (c_proj): Linear(in_features=3072, out_features=768, bias=True)
            )
            (ln_2): LayerNorm((768,), eps=1e-05, elementwise_affine=True)
          )
          (7): ResidualAttentionBlock(
            (attn): MultiheadAttention(
              (out_proj): NonDynamicallyQuantizableLinear(in_features=768, out_features=768, bias=True)
            )
            (ln_1): LayerNorm((768,), eps=1e-05, elementwise_affine=True)
            (mlp): Sequential(
              (c_fc): Linear(in_features=768, out_features=3072, bias=True)
              (gelu): QuickGELU()
              (c_proj): Linear(in_features=3072, out_features=768, bias=True)
            )
            (ln_2): LayerNorm((768,), eps=1e-05, elementwise_affine=True)
          )
          (8): ResidualAttentionBlock(
            (attn): MultiheadAttention(
              (out_proj): NonDynamicallyQuantizableLinear(in_features=768, out_features=768, bias=True)
            )
            (ln_1): LayerNorm((768,), eps=1e-05, elementwise_affine=True)
            (mlp): Sequential(
              (c_fc): Linear(in_features=768, out_features=3072, bias=True)
              (gelu): QuickGELU()
              (c_proj): Linear(in_features=3072, out_features=768, bias=True)
            )
            (ln_2): LayerNorm((768,), eps=1e-05, elementwise_affine=True)
          )
          (9): ResidualAttentionBlock(
            (attn): MultiheadAttention(
              (out_proj): NonDynamicallyQuantizableLinear(in_features=768, out_features=768, bias=True)
            )
            (ln_1): LayerNorm((768,), eps=1e-05, elementwise_affine=True)
            (mlp): Sequential(
              (c_fc): Linear(in_features=768, out_features=3072, bias=True)
              (gelu): QuickGELU()
              (c_proj): Linear(in_features=3072, out_features=768, bias=True)
            )
            (ln_2): LayerNorm((768,), eps=1e-05, elementwise_affine=True)
          )
          (10): ResidualAttentionBlock(
            (attn): MultiheadAttention(
              (out_proj): NonDynamicallyQuantizableLinear(in_features=768, out_features=768, bias=True)
            )
            (ln_1): LayerNorm((768,), eps=1e-05, elementwise_affine=True)
            (mlp): Sequential(
              (c_fc): Linear(in_features=768, out_features=3072, bias=True)
              (gelu): QuickGELU()
              (c_proj): Linear(in_features=3072, out_features=768, bias=True)
            )
            (ln_2): LayerNorm((768,), eps=1e-05, elementwise_affine=True)
          )
          (11): ResidualAttentionBlock(
            (attn): MultiheadAttention(
              (out_proj): NonDynamicallyQuantizableLinear(in_features=768, out_features=768, bias=True)
            )
            (ln_1): LayerNorm((768,), eps=1e-05, elementwise_affine=True)
            (mlp): Sequential(
              (c_fc): Linear(in_features=768, out_features=3072, bias=True)
              (gelu): QuickGELU()
              (c_proj): Linear(in_features=3072, out_features=768, bias=True)
            )
            (ln_2): LayerNorm((768,), eps=1e-05, elementwise_affine=True)
          )
        )
      )
      (ln_post): LayerNorm((768,), eps=1e-05, elementwise_affine=True)
    )
  )
  (pool): AdaptiveAvgPool1d(output_size=1)
  (rgb_reduce): Sequential(
    (0): LayerNorm((1024,), eps=1e-05, elementwise_affine=True)
    (1): Linear(in_features=1024, out_features=512, bias=True)
    (2): QuickGELU()
  )
  (nir_reduce): Sequential(
    (0): LayerNorm((1024,), eps=1e-05, elementwise_affine=True)
    (1): Linear(in_features=1024, out_features=512, bias=True)
    (2): QuickGELU()
  )
  (tir_reduce): Sequential(
    (0): LayerNorm((1024,), eps=1e-05, elementwise_affine=True)
    (1): Linear(in_features=1024, out_features=512, bias=True)
    (2): QuickGELU()
  )
  (dgaf): DualGatedAdaptiveFusionV3(
    (attn_pool): MultiheadAttention(
      (out_proj): NonDynamicallyQuantizableLinear(in_features=512, out_features=512, bias=True)
    )
    (attn_norm): LayerNorm((512,), eps=1e-05, elementwise_affine=True)
    (entropy_proj): Linear(in_features=512, out_features=512, bias=True)
    (gate_net): Sequential(
      (0): Linear(in_features=1536, out_features=512, bias=True)
      (1): LayerNorm((512,), eps=1e-05, elementwise_affine=True)
      (2): ReLU(inplace=True)
      (3): Linear(in_features=512, out_features=3, bias=True)
      (4): Sigmoid()
    )
    (modal_enhance): Sequential(
      (0): Linear(in_features=512, out_features=512, bias=True)
      (1): LayerNorm((512,), eps=1e-05, elementwise_affine=True)
    )
  )
  (classifier_dgaf): Linear(in_features=1536, out_features=171, bias=False)
  (bottleneck_dgaf): BatchNorm1d(1536, eps=1e-05, momentum=0.1, affine=True, track_running_stats=True)
  (classifier): Linear(in_features=1536, out_features=171, bias=False)
  (bottleneck): BatchNorm1d(1536, eps=1e-05, momentum=0.1, affine=True, track_running_stats=True)
)
2025-12-09 12:34:45,032 DeMo INFO: number of parameters:90.621444
/home/yij/miniconda3/envs/DeMo/lib/python3.8/site-packages/timm/models/helpers.py:7: FutureWarning: Importing from timm.models.helpers is deprecated, please import via timm.models
  warnings.warn(f"Importing from {__name__} is deprecated, please import via timm.models", FutureWarning)
/home/yij/miniconda3/envs/DeMo/lib/python3.8/site-packages/timm/models/registry.py:4: FutureWarning: Importing from timm.models.registry is deprecated, please import via timm.models
  warnings.warn(f"Importing from {__name__} is deprecated, please import via timm.models", FutureWarning)
/home/yij/miniconda3/envs/DeMo/lib/python3.8/site-packages/timm/models/layers/__init__.py:48: FutureWarning: Importing from timm.models.layers is deprecated, please import via timm.layers
  warnings.warn(f"Importing from {__name__} is deprecated, please import via timm.layers", FutureWarning)
/raid/yij/icme/demo2new/DeMo2/modeling/clip/clip.py:23: UserWarning: PyTorch version 1.7.1 or higher is recommended
  warnings.warn("PyTorch version 1.7.1 or higher is recommended")
/home/yij/miniconda3/envs/DeMo/lib/python3.8/site-packages/torchvision/transforms/transforms.py:329: UserWarning: Argument 'interpolation' of type int is deprecated since 0.13 and will be removed in 0.15. Please use InterpolationMode enum.
  warnings.warn(
Unsupported operator aten::log encountered 3 time(s)
The following submodules of the model were never called during the trace of the graph. They may be unused, or they were accessed by direct calls to .forward() or via other python methods. In the latter case they will have zeros for statistics, though their statistics will still contribute to their parent calling module.
BACKBONE.base.transformer.resblocks.0.attn.out_proj, BACKBONE.base.transformer.resblocks.1.attn.out_proj, BACKBONE.base.transformer.resblocks.10.attn.out_proj, BACKBONE.base.transformer.resblocks.11.attn.out_proj, BACKBONE.base.transformer.resblocks.2.attn.out_proj, BACKBONE.base.transformer.resblocks.3.attn.out_proj, BACKBONE.base.transformer.resblocks.4.attn.out_proj, BACKBONE.base.transformer.resblocks.5.attn.out_proj, BACKBONE.base.transformer.resblocks.6.attn.out_proj, BACKBONE.base.transformer.resblocks.7.attn.out_proj, BACKBONE.base.transformer.resblocks.8.attn.out_proj, BACKBONE.base.transformer.resblocks.9.attn.out_proj, bottleneck, bottleneck_dgaf, classifier, classifier_dgaf, dgaf.attn_pool.out_proj, nir_reduce, nir_reduce.0, nir_reduce.1, nir_reduce.2, pool, rgb_reduce, rgb_reduce.0, rgb_reduce.1, rgb_reduce.2, tir_reduce, tir_reduce.0, tir_reduce.1, tir_reduce.2
~~~~~~~~~~~~~~~~~~~~~~~~~~~~~~~~~~~~~~~~~~~~~~~~~~~~~~~~~~~~~~~~~~~~~~~~~~~~~~~~~~~~~~~~~~~~~~~~
The out_proj here is called by the nn.MultiheadAttention, which has been calculated in th .forward(), so just ignore it.
~~~~~~~~~~~~~~~~~~~~~~~~~~~~~~~~~~~~~~~~~~~~~~~~~~~~~~~~~~~~~~~~~~~~~~~~~~~~~~~~~~~~~~~~~~~~~~~~
For the bottleneck or classifier, it is not calculated during inference, so just ignore it.
~~~~~~~~~~~~~~~~~~~~~~~~~~~~~~~~~~~~~~~~~~~~~~~~~~~~~~~~~~~~~~~~~~~~~~~~~~~~~~~~~~~~~~~~~~~~~~~~
2025-12-09 12:34:56,302 DeMo INFO: number of GFLOPs: 34.48054893099999
using soft triplet loss for training
label smooth on, numclasses: 171
2025-12-09 12:34:56,314 DeMo.train INFO: start training
/home/yij/miniconda3/envs/DeMo/lib/python3.8/site-packages/torch/optim/lr_scheduler.py:138: UserWarning: Detected call of `lr_scheduler.step()` before `optimizer.step()`. In PyTorch 1.1.0 and later, you should call them in the opposite order: `optimizer.step()` before `lr_scheduler.step()`.  Failure to do this will result in PyTorch skipping the first value of the learning rate schedule. See more details at https://pytorch.org/docs/stable/optim.html#how-to-adjust-learning-rate
  warnings.warn("Detected call of `lr_scheduler.step()` before `optimizer.step()`. "
/home/yij/miniconda3/envs/DeMo/lib/python3.8/site-packages/torch/optim/lr_scheduler.py:163: UserWarning: The epoch parameter in `scheduler.step()` was not necessary and is being deprecated where possible. Please use `scheduler.step()` to step the scheduler. During the deprecation, if epoch is different from None, the closed form is used instead of the new chainable form, where available. Please open an issue if you are unable to replicate your use case: https://github.com/pytorch/pytorch/issues/new/choose.
  warnings.warn(EPOCH_DEPRECATION_WARNING, UserWarning)
2025-12-09 12:35:07,309 DeMo.train INFO: Epoch[1] Iteration[10/54] Loss: 8.472, Acc: 0.008, Base Lr: 5.00e-06
2025-12-09 12:35:09,777 DeMo.train INFO: Epoch[1] Iteration[20/54] Loss: 6.714, Acc: 0.008, Base Lr: 5.00e-06
2025-12-09 12:35:12,391 DeMo.train INFO: Epoch[1] Iteration[30/54] Loss: 5.954, Acc: 0.007, Base Lr: 5.00e-06
2025-12-09 12:35:14,874 DeMo.train INFO: Epoch[1] Iteration[40/54] Loss: 5.504, Acc: 0.006, Base Lr: 5.00e-06
2025-12-09 12:35:17,356 DeMo.train INFO: Epoch[1] Iteration[50/54] Loss: 5.215, Acc: 0.007, Base Lr: 5.00e-06
2025-12-09 12:35:18,300 DeMo.train INFO: Epoch 1 done. Time per batch: 0.415[s] Speed: 154.4[samples/s]
2025-12-09 12:35:18,301 DeMo.train INFO: ~~~~~~~~~~~~~~~~~~~~~~~~~~~~~~~~~~~~~~~~~~~~~~~~~~
2025-12-09 12:35:18,301 DeMo.train INFO: Current is the [moe,ori] feature testing!
2025-12-09 12:35:18,301 DeMo.train INFO: ~~~~~~~~~~~~~~~~~~~~~~~~~~~~~~~~~~~~~~~~~~~~~~~~~~
The test feature is normalized
=> Computing DistMat with euclidean_distance
2025-12-09 12:35:26,430 DeMo.train INFO: Validation Results - Epoch: 1
2025-12-09 12:35:26,432 DeMo.train INFO: mAP: 21.6%
2025-12-09 12:35:26,433 DeMo.train INFO: CMC curve, Rank-1  :19.6%
2025-12-09 12:35:26,434 DeMo.train INFO: CMC curve, Rank-5  :37.1%
2025-12-09 12:35:26,435 DeMo.train INFO: CMC curve, Rank-10 :46.1%
2025-12-09 12:35:26,436 DeMo.train INFO: ~~~~~~~~~~~~~~~~~~~~~~~~~~~~~~~~~~~~~~~~~~~~~~~~~~
2025-12-09 12:36:12,057 DeMo.train INFO: ~~~~~~~~~~~~~~~~~~~~~~~~~~~~~~~~~~~~~~~~~~~~~~~~~~
2025-12-09 12:36:12,057 DeMo.train INFO: Best mAP: 21.6%
2025-12-09 12:36:12,058 DeMo.train INFO: Best Rank-1: 19.6%
2025-12-09 12:36:12,059 DeMo.train INFO: Best Rank-5: 37.1%
2025-12-09 12:36:12,059 DeMo.train INFO: Best Rank-10: 46.1%
2025-12-09 12:36:12,060 DeMo.train INFO: ~~~~~~~~~~~~~~~~~~~~~~~~~~~~~~~~~~~~~~~~~~~~~~~~~~
2025-12-09 12:36:24,921 DeMo.train INFO: Epoch[2] Iteration[10/54] Loss: 3.713, Acc: 0.025, Base Lr: 4.90e-06
2025-12-09 12:36:27,772 DeMo.train INFO: Epoch[2] Iteration[20/54] Loss: 3.697, Acc: 0.039, Base Lr: 4.90e-06
2025-12-09 12:36:33,460 DeMo.train INFO: Epoch[2] Iteration[30/54] Loss: 3.641, Acc: 0.040, Base Lr: 4.90e-06
2025-12-09 12:36:36,045 DeMo.train INFO: Epoch[2] Iteration[40/54] Loss: 3.610, Acc: 0.045, Base Lr: 4.90e-06
2025-12-09 12:36:38,531 DeMo.train INFO: Epoch[2] Iteration[50/54] Loss: 3.566, Acc: 0.054, Base Lr: 4.90e-06
2025-12-09 12:36:39,393 DeMo.train INFO: Epoch 2 done. Time per batch: 0.516[s] Speed: 124.1[samples/s]
2025-12-09 12:36:39,394 DeMo.train INFO: ~~~~~~~~~~~~~~~~~~~~~~~~~~~~~~~~~~~~~~~~~~~~~~~~~~
2025-12-09 12:36:39,394 DeMo.train INFO: Current is the [moe,ori] feature testing!
2025-12-09 12:36:39,394 DeMo.train INFO: ~~~~~~~~~~~~~~~~~~~~~~~~~~~~~~~~~~~~~~~~~~~~~~~~~~
The test feature is normalized
=> Computing DistMat with euclidean_distance
2025-12-09 12:36:49,668 DeMo.train INFO: Validation Results - Epoch: 2
2025-12-09 12:36:49,669 DeMo.train INFO: mAP: 45.9%
2025-12-09 12:36:49,670 DeMo.train INFO: CMC curve, Rank-1  :45.8%
2025-12-09 12:36:49,671 DeMo.train INFO: CMC curve, Rank-5  :60.4%
2025-12-09 12:36:49,672 DeMo.train INFO: CMC curve, Rank-10 :68.9%
2025-12-09 12:36:49,672 DeMo.train INFO: ~~~~~~~~~~~~~~~~~~~~~~~~~~~~~~~~~~~~~~~~~~~~~~~~~~
2025-12-09 12:37:14,069 DeMo.train INFO: ~~~~~~~~~~~~~~~~~~~~~~~~~~~~~~~~~~~~~~~~~~~~~~~~~~
2025-12-09 12:37:14,073 DeMo.train INFO: Best mAP: 45.9%
2025-12-09 12:37:14,074 DeMo.train INFO: Best Rank-1: 45.8%
2025-12-09 12:37:14,075 DeMo.train INFO: Best Rank-5: 60.4%
2025-12-09 12:37:14,075 DeMo.train INFO: Best Rank-10: 68.9%
2025-12-09 12:37:14,075 DeMo.train INFO: ~~~~~~~~~~~~~~~~~~~~~~~~~~~~~~~~~~~~~~~~~~~~~~~~~~
2025-12-09 12:37:21,637 DeMo.train INFO: Epoch[3] Iteration[10/54] Loss: 3.177, Acc: 0.223, Base Lr: 4.80e-06
2025-12-09 12:37:24,517 DeMo.train INFO: Epoch[3] Iteration[20/54] Loss: 3.169, Acc: 0.198, Base Lr: 4.80e-06
2025-12-09 12:37:27,001 DeMo.train INFO: Epoch[3] Iteration[30/54] Loss: 3.119, Acc: 0.202, Base Lr: 4.80e-06
2025-12-09 12:37:29,495 DeMo.train INFO: Epoch[3] Iteration[40/54] Loss: 3.114, Acc: 0.218, Base Lr: 4.80e-06
2025-12-09 12:37:32,061 DeMo.train INFO: Epoch[3] Iteration[50/54] Loss: 3.080, Acc: 0.226, Base Lr: 4.80e-06
2025-12-09 12:37:32,953 DeMo.train INFO: Epoch 3 done. Time per batch: 0.356[s] Speed: 179.7[samples/s]
2025-12-09 12:37:32,957 DeMo.train INFO: ~~~~~~~~~~~~~~~~~~~~~~~~~~~~~~~~~~~~~~~~~~~~~~~~~~
2025-12-09 12:37:32,957 DeMo.train INFO: Current is the [moe,ori] feature testing!
2025-12-09 12:37:32,958 DeMo.train INFO: ~~~~~~~~~~~~~~~~~~~~~~~~~~~~~~~~~~~~~~~~~~~~~~~~~~
The test feature is normalized
=> Computing DistMat with euclidean_distance
2025-12-09 12:37:42,539 DeMo.train INFO: Validation Results - Epoch: 3
2025-12-09 12:37:42,542 DeMo.train INFO: mAP: 57.3%
2025-12-09 12:37:42,542 DeMo.train INFO: CMC curve, Rank-1  :58.6%
2025-12-09 12:37:42,542 DeMo.train INFO: CMC curve, Rank-5  :74.3%
2025-12-09 12:37:42,543 DeMo.train INFO: CMC curve, Rank-10 :80.1%
2025-12-09 12:37:42,544 DeMo.train INFO: ~~~~~~~~~~~~~~~~~~~~~~~~~~~~~~~~~~~~~~~~~~~~~~~~~~
2025-12-09 12:38:33,881 DeMo.train INFO: ~~~~~~~~~~~~~~~~~~~~~~~~~~~~~~~~~~~~~~~~~~~~~~~~~~
2025-12-09 12:38:33,881 DeMo.train INFO: Best mAP: 57.3%
2025-12-09 12:38:33,881 DeMo.train INFO: Best Rank-1: 58.6%
2025-12-09 12:38:33,882 DeMo.train INFO: Best Rank-5: 74.3%
2025-12-09 12:38:33,882 DeMo.train INFO: Best Rank-10: 80.1%
2025-12-09 12:38:33,882 DeMo.train INFO: ~~~~~~~~~~~~~~~~~~~~~~~~~~~~~~~~~~~~~~~~~~~~~~~~~~
2025-12-09 12:38:41,056 DeMo.train INFO: Epoch[4] Iteration[10/54] Loss: 2.991, Acc: 0.408, Base Lr: 4.69e-06
2025-12-09 12:38:43,785 DeMo.train INFO: Epoch[4] Iteration[20/54] Loss: 2.882, Acc: 0.423, Base Lr: 4.69e-06
2025-12-09 12:38:46,253 DeMo.train INFO: Epoch[4] Iteration[30/54] Loss: 2.851, Acc: 0.397, Base Lr: 4.69e-06
2025-12-09 12:38:48,759 DeMo.train INFO: Epoch[4] Iteration[40/54] Loss: 2.834, Acc: 0.405, Base Lr: 4.69e-06
2025-12-09 12:38:51,262 DeMo.train INFO: Epoch[4] Iteration[50/54] Loss: 2.806, Acc: 0.407, Base Lr: 4.69e-06
2025-12-09 12:38:52,194 DeMo.train INFO: Epoch 4 done. Time per batch: 0.346[s] Speed: 185.2[samples/s]
2025-12-09 12:38:52,197 DeMo.train INFO: ~~~~~~~~~~~~~~~~~~~~~~~~~~~~~~~~~~~~~~~~~~~~~~~~~~
2025-12-09 12:38:52,197 DeMo.train INFO: Current is the [moe,ori] feature testing!
2025-12-09 12:38:52,197 DeMo.train INFO: ~~~~~~~~~~~~~~~~~~~~~~~~~~~~~~~~~~~~~~~~~~~~~~~~~~
The test feature is normalized
=> Computing DistMat with euclidean_distance
2025-12-09 12:39:01,592 DeMo.train INFO: Validation Results - Epoch: 4
2025-12-09 12:39:01,593 DeMo.train INFO: mAP: 59.8%
2025-12-09 12:39:01,594 DeMo.train INFO: CMC curve, Rank-1  :59.0%
2025-12-09 12:39:01,594 DeMo.train INFO: CMC curve, Rank-5  :71.9%
2025-12-09 12:39:01,594 DeMo.train INFO: CMC curve, Rank-10 :78.1%
2025-12-09 12:39:01,595 DeMo.train INFO: ~~~~~~~~~~~~~~~~~~~~~~~~~~~~~~~~~~~~~~~~~~~~~~~~~~
2025-12-09 12:39:37,604 DeMo.train INFO: ~~~~~~~~~~~~~~~~~~~~~~~~~~~~~~~~~~~~~~~~~~~~~~~~~~
2025-12-09 12:39:37,605 DeMo.train INFO: Best mAP: 59.8%
2025-12-09 12:39:37,607 DeMo.train INFO: Best Rank-1: 59.0%
2025-12-09 12:39:37,609 DeMo.train INFO: Best Rank-5: 71.9%
2025-12-09 12:39:37,609 DeMo.train INFO: Best Rank-10: 78.1%
2025-12-09 12:39:37,610 DeMo.train INFO: ~~~~~~~~~~~~~~~~~~~~~~~~~~~~~~~~~~~~~~~~~~~~~~~~~~
2025-12-09 12:39:49,536 DeMo.train INFO: Epoch[5] Iteration[10/54] Loss: 2.832, Acc: 0.494, Base Lr: 4.59e-06
2025-12-09 12:39:53,662 DeMo.train INFO: Epoch[5] Iteration[20/54] Loss: 2.843, Acc: 0.518, Base Lr: 4.59e-06
2025-12-09 12:39:59,433 DeMo.train INFO: Epoch[5] Iteration[30/54] Loss: 2.808, Acc: 0.519, Base Lr: 4.59e-06
2025-12-09 12:40:01,911 DeMo.train INFO: Epoch[5] Iteration[40/54] Loss: 2.775, Acc: 0.536, Base Lr: 4.59e-06
2025-12-09 12:40:04,775 DeMo.train INFO: Epoch[5] Iteration[50/54] Loss: 2.743, Acc: 0.556, Base Lr: 4.59e-06
2025-12-09 12:40:05,667 DeMo.train INFO: Epoch 5 done. Time per batch: 0.529[s] Speed: 120.9[samples/s]
2025-12-09 12:40:05,670 DeMo.train INFO: ~~~~~~~~~~~~~~~~~~~~~~~~~~~~~~~~~~~~~~~~~~~~~~~~~~
2025-12-09 12:40:05,670 DeMo.train INFO: Current is the [moe,ori] feature testing!
2025-12-09 12:40:05,671 DeMo.train INFO: ~~~~~~~~~~~~~~~~~~~~~~~~~~~~~~~~~~~~~~~~~~~~~~~~~~
The test feature is normalized
=> Computing DistMat with euclidean_distance
2025-12-09 12:40:24,725 DeMo.train INFO: Validation Results - Epoch: 5
2025-12-09 12:40:24,725 DeMo.train INFO: mAP: 63.7%
2025-12-09 12:40:24,725 DeMo.train INFO: CMC curve, Rank-1  :66.3%
2025-12-09 12:40:24,726 DeMo.train INFO: CMC curve, Rank-5  :79.7%
2025-12-09 12:40:24,726 DeMo.train INFO: CMC curve, Rank-10 :84.8%
2025-12-09 12:40:24,726 DeMo.train INFO: ~~~~~~~~~~~~~~~~~~~~~~~~~~~~~~~~~~~~~~~~~~~~~~~~~~
2025-12-09 12:40:43,687 DeMo.train INFO: ~~~~~~~~~~~~~~~~~~~~~~~~~~~~~~~~~~~~~~~~~~~~~~~~~~
2025-12-09 12:40:43,687 DeMo.train INFO: Best mAP: 63.7%
2025-12-09 12:40:43,687 DeMo.train INFO: Best Rank-1: 66.3%
2025-12-09 12:40:43,688 DeMo.train INFO: Best Rank-5: 79.7%
2025-12-09 12:40:43,688 DeMo.train INFO: Best Rank-10: 84.8%
2025-12-09 12:40:43,688 DeMo.train INFO: ~~~~~~~~~~~~~~~~~~~~~~~~~~~~~~~~~~~~~~~~~~~~~~~~~~
2025-12-09 12:40:51,303 DeMo.train INFO: Epoch[6] Iteration[10/54] Loss: 2.600, Acc: 0.641, Base Lr: 4.49e-06
2025-12-09 12:40:53,810 DeMo.train INFO: Epoch[6] Iteration[20/54] Loss: 2.616, Acc: 0.652, Base Lr: 4.49e-06
2025-12-09 12:40:56,299 DeMo.train INFO: Epoch[6] Iteration[30/54] Loss: 2.617, Acc: 0.669, Base Lr: 4.49e-06
2025-12-09 12:40:58,824 DeMo.train INFO: Epoch[6] Iteration[40/54] Loss: 2.625, Acc: 0.664, Base Lr: 4.49e-06
2025-12-09 12:41:03,703 DeMo.train INFO: Epoch[6] Iteration[50/54] Loss: 2.625, Acc: 0.684, Base Lr: 4.49e-06
2025-12-09 12:41:04,580 DeMo.train INFO: Epoch 6 done. Time per batch: 0.394[s] Speed: 162.4[samples/s]
2025-12-09 12:41:04,584 DeMo.train INFO: ~~~~~~~~~~~~~~~~~~~~~~~~~~~~~~~~~~~~~~~~~~~~~~~~~~
2025-12-09 12:41:04,585 DeMo.train INFO: Current is the [moe,ori] feature testing!
2025-12-09 12:41:04,585 DeMo.train INFO: ~~~~~~~~~~~~~~~~~~~~~~~~~~~~~~~~~~~~~~~~~~~~~~~~~~
The test feature is normalized
=> Computing DistMat with euclidean_distance
2025-12-09 12:41:21,958 DeMo.train INFO: Validation Results - Epoch: 6
2025-12-09 12:41:21,960 DeMo.train INFO: mAP: 65.1%
2025-12-09 12:41:21,961 DeMo.train INFO: CMC curve, Rank-1  :65.3%
2025-12-09 12:41:21,962 DeMo.train INFO: CMC curve, Rank-5  :77.3%
2025-12-09 12:41:21,963 DeMo.train INFO: CMC curve, Rank-10 :83.7%
2025-12-09 12:41:21,964 DeMo.train INFO: ~~~~~~~~~~~~~~~~~~~~~~~~~~~~~~~~~~~~~~~~~~~~~~~~~~
2025-12-09 12:41:57,128 DeMo.train INFO: ~~~~~~~~~~~~~~~~~~~~~~~~~~~~~~~~~~~~~~~~~~~~~~~~~~
2025-12-09 12:41:57,128 DeMo.train INFO: Best mAP: 65.1%
2025-12-09 12:41:57,128 DeMo.train INFO: Best Rank-1: 65.3%
2025-12-09 12:41:57,128 DeMo.train INFO: Best Rank-5: 77.3%
2025-12-09 12:41:57,129 DeMo.train INFO: Best Rank-10: 83.7%
2025-12-09 12:41:57,129 DeMo.train INFO: ~~~~~~~~~~~~~~~~~~~~~~~~~~~~~~~~~~~~~~~~~~~~~~~~~~
2025-12-09 12:42:04,078 DeMo.train INFO: Epoch[7] Iteration[10/54] Loss: 2.581, Acc: 0.711, Base Lr: 4.39e-06
2025-12-09 12:42:06,577 DeMo.train INFO: Epoch[7] Iteration[20/54] Loss: 2.573, Acc: 0.691, Base Lr: 4.39e-06
2025-12-09 12:42:09,067 DeMo.train INFO: Epoch[7] Iteration[30/54] Loss: 2.627, Acc: 0.725, Base Lr: 4.39e-06
2025-12-09 12:42:11,558 DeMo.train INFO: Epoch[7] Iteration[40/54] Loss: 2.644, Acc: 0.739, Base Lr: 4.39e-06
2025-12-09 12:42:14,052 DeMo.train INFO: Epoch[7] Iteration[50/54] Loss: 2.635, Acc: 0.739, Base Lr: 4.39e-06
2025-12-09 12:42:14,940 DeMo.train INFO: Epoch 7 done. Time per batch: 0.336[s] Speed: 190.4[samples/s]
2025-12-09 12:42:14,944 DeMo.train INFO: ~~~~~~~~~~~~~~~~~~~~~~~~~~~~~~~~~~~~~~~~~~~~~~~~~~
2025-12-09 12:42:14,944 DeMo.train INFO: Current is the [moe,ori] feature testing!
2025-12-09 12:42:14,944 DeMo.train INFO: ~~~~~~~~~~~~~~~~~~~~~~~~~~~~~~~~~~~~~~~~~~~~~~~~~~
The test feature is normalized
=> Computing DistMat with euclidean_distance
2025-12-09 12:42:24,503 DeMo.train INFO: Validation Results - Epoch: 7
2025-12-09 12:42:24,504 DeMo.train INFO: mAP: 67.9%
2025-12-09 12:42:24,505 DeMo.train INFO: CMC curve, Rank-1  :70.2%
2025-12-09 12:42:24,507 DeMo.train INFO: CMC curve, Rank-5  :79.9%
2025-12-09 12:42:24,507 DeMo.train INFO: CMC curve, Rank-10 :85.0%
2025-12-09 12:42:24,509 DeMo.train INFO: ~~~~~~~~~~~~~~~~~~~~~~~~~~~~~~~~~~~~~~~~~~~~~~~~~~
2025-12-09 12:42:53,491 DeMo.train INFO: ~~~~~~~~~~~~~~~~~~~~~~~~~~~~~~~~~~~~~~~~~~~~~~~~~~
2025-12-09 12:42:53,491 DeMo.train INFO: Best mAP: 67.9%
2025-12-09 12:42:53,493 DeMo.train INFO: Best Rank-1: 70.2%
2025-12-09 12:42:53,494 DeMo.train INFO: Best Rank-5: 79.9%
2025-12-09 12:42:53,495 DeMo.train INFO: Best Rank-10: 85.0%
2025-12-09 12:42:53,496 DeMo.train INFO: ~~~~~~~~~~~~~~~~~~~~~~~~~~~~~~~~~~~~~~~~~~~~~~~~~~
2025-12-09 12:43:04,765 DeMo.train INFO: Epoch[8] Iteration[10/54] Loss: 2.637, Acc: 0.720, Base Lr: 4.29e-06
2025-12-09 12:43:09,318 DeMo.train INFO: Epoch[8] Iteration[20/54] Loss: 2.582, Acc: 0.752, Base Lr: 4.29e-06
2025-12-09 12:43:15,124 DeMo.train INFO: Epoch[8] Iteration[30/54] Loss: 2.566, Acc: 0.776, Base Lr: 4.29e-06
2025-12-09 12:43:17,604 DeMo.train INFO: Epoch[8] Iteration[40/54] Loss: 2.549, Acc: 0.790, Base Lr: 4.29e-06
2025-12-09 12:43:22,732 DeMo.train INFO: Epoch[8] Iteration[50/54] Loss: 2.554, Acc: 0.799, Base Lr: 4.29e-06
2025-12-09 12:43:23,600 DeMo.train INFO: Epoch 8 done. Time per batch: 0.568[s] Speed: 112.7[samples/s]
2025-12-09 12:43:23,604 DeMo.train INFO: ~~~~~~~~~~~~~~~~~~~~~~~~~~~~~~~~~~~~~~~~~~~~~~~~~~
2025-12-09 12:43:23,604 DeMo.train INFO: Current is the [moe,ori] feature testing!
2025-12-09 12:43:23,604 DeMo.train INFO: ~~~~~~~~~~~~~~~~~~~~~~~~~~~~~~~~~~~~~~~~~~~~~~~~~~
The test feature is normalized
=> Computing DistMat with euclidean_distance
2025-12-09 12:43:29,067 DeMo.train INFO: Validation Results - Epoch: 8
2025-12-09 12:43:29,067 DeMo.train INFO: mAP: 66.1%
2025-12-09 12:43:29,068 DeMo.train INFO: CMC curve, Rank-1  :69.6%
2025-12-09 12:43:29,068 DeMo.train INFO: CMC curve, Rank-5  :78.6%
2025-12-09 12:43:29,068 DeMo.train INFO: CMC curve, Rank-10 :82.2%
2025-12-09 12:43:29,068 DeMo.train INFO: ~~~~~~~~~~~~~~~~~~~~~~~~~~~~~~~~~~~~~~~~~~~~~~~~~~
2025-12-09 12:43:30,553 DeMo.train INFO: ~~~~~~~~~~~~~~~~~~~~~~~~~~~~~~~~~~~~~~~~~~~~~~~~~~
2025-12-09 12:43:30,554 DeMo.train INFO: Best mAP: 67.9%
2025-12-09 12:43:30,554 DeMo.train INFO: Best Rank-1: 70.2%
2025-12-09 12:43:30,554 DeMo.train INFO: Best Rank-5: 79.9%
2025-12-09 12:43:30,554 DeMo.train INFO: Best Rank-10: 85.0%
2025-12-09 12:43:30,554 DeMo.train INFO: ~~~~~~~~~~~~~~~~~~~~~~~~~~~~~~~~~~~~~~~~~~~~~~~~~~
2025-12-09 12:43:37,338 DeMo.train INFO: Epoch[9] Iteration[10/54] Loss: 2.539, Acc: 0.755, Base Lr: 4.18e-06
2025-12-09 12:43:39,872 DeMo.train INFO: Epoch[9] Iteration[20/54] Loss: 2.543, Acc: 0.752, Base Lr: 4.18e-06
2025-12-09 12:43:42,386 DeMo.train INFO: Epoch[9] Iteration[30/54] Loss: 2.543, Acc: 0.777, Base Lr: 4.18e-06
2025-12-09 12:43:44,911 DeMo.train INFO: Epoch[9] Iteration[40/54] Loss: 2.534, Acc: 0.800, Base Lr: 4.18e-06
2025-12-09 12:43:47,418 DeMo.train INFO: Epoch[9] Iteration[50/54] Loss: 2.527, Acc: 0.824, Base Lr: 4.18e-06
2025-12-09 12:43:48,291 DeMo.train INFO: Epoch 9 done. Time per batch: 0.335[s] Speed: 191.2[samples/s]
2025-12-09 12:43:48,294 DeMo.train INFO: ~~~~~~~~~~~~~~~~~~~~~~~~~~~~~~~~~~~~~~~~~~~~~~~~~~
2025-12-09 12:43:48,295 DeMo.train INFO: Current is the [moe,ori] feature testing!
2025-12-09 12:43:48,295 DeMo.train INFO: ~~~~~~~~~~~~~~~~~~~~~~~~~~~~~~~~~~~~~~~~~~~~~~~~~~
The test feature is normalized
=> Computing DistMat with euclidean_distance
2025-12-09 12:43:58,168 DeMo.train INFO: Validation Results - Epoch: 9
2025-12-09 12:43:58,169 DeMo.train INFO: mAP: 68.1%
2025-12-09 12:43:58,169 DeMo.train INFO: CMC curve, Rank-1  :71.2%
2025-12-09 12:43:58,170 DeMo.train INFO: CMC curve, Rank-5  :79.9%
2025-12-09 12:43:58,171 DeMo.train INFO: CMC curve, Rank-10 :84.4%
2025-12-09 12:43:58,172 DeMo.train INFO: ~~~~~~~~~~~~~~~~~~~~~~~~~~~~~~~~~~~~~~~~~~~~~~~~~~
2025-12-09 12:44:28,801 DeMo.train INFO: ~~~~~~~~~~~~~~~~~~~~~~~~~~~~~~~~~~~~~~~~~~~~~~~~~~
2025-12-09 12:44:28,801 DeMo.train INFO: Best mAP: 68.1%
2025-12-09 12:44:28,802 DeMo.train INFO: Best Rank-1: 71.2%
2025-12-09 12:44:28,803 DeMo.train INFO: Best Rank-5: 79.9%
2025-12-09 12:44:28,804 DeMo.train INFO: Best Rank-10: 84.4%
2025-12-09 12:44:28,804 DeMo.train INFO: ~~~~~~~~~~~~~~~~~~~~~~~~~~~~~~~~~~~~~~~~~~~~~~~~~~
2025-12-09 12:44:39,736 DeMo.train INFO: Epoch[10] Iteration[10/54] Loss: 2.480, Acc: 0.823, Base Lr: 4.08e-06
2025-12-09 12:44:42,565 DeMo.train INFO: Epoch[10] Iteration[20/54] Loss: 2.474, Acc: 0.823, Base Lr: 4.08e-06
2025-12-09 12:44:45,050 DeMo.train INFO: Epoch[10] Iteration[30/54] Loss: 2.491, Acc: 0.835, Base Lr: 4.08e-06
2025-12-09 12:44:47,537 DeMo.train INFO: Epoch[10] Iteration[40/54] Loss: 2.491, Acc: 0.845, Base Lr: 4.08e-06
2025-12-09 12:44:50,054 DeMo.train INFO: Epoch[10] Iteration[50/54] Loss: 2.485, Acc: 0.848, Base Lr: 4.08e-06
2025-12-09 12:44:50,933 DeMo.train INFO: Epoch 10 done. Time per batch: 0.418[s] Speed: 153.3[samples/s]
2025-12-09 12:44:50,934 DeMo.train INFO: ~~~~~~~~~~~~~~~~~~~~~~~~~~~~~~~~~~~~~~~~~~~~~~~~~~
2025-12-09 12:44:50,934 DeMo.train INFO: Current is the [moe,ori] feature testing!
2025-12-09 12:44:50,934 DeMo.train INFO: ~~~~~~~~~~~~~~~~~~~~~~~~~~~~~~~~~~~~~~~~~~~~~~~~~~
The test feature is normalized
=> Computing DistMat with euclidean_distance
2025-12-09 12:44:57,103 DeMo.train INFO: Validation Results - Epoch: 10
2025-12-09 12:44:57,103 DeMo.train INFO: mAP: 68.9%
2025-12-09 12:44:57,103 DeMo.train INFO: CMC curve, Rank-1  :72.2%
2025-12-09 12:44:57,104 DeMo.train INFO: CMC curve, Rank-5  :82.5%
2025-12-09 12:44:57,104 DeMo.train INFO: CMC curve, Rank-10 :86.6%
2025-12-09 12:44:57,104 DeMo.train INFO: ~~~~~~~~~~~~~~~~~~~~~~~~~~~~~~~~~~~~~~~~~~~~~~~~~~
2025-12-09 12:45:27,931 DeMo.train INFO: ~~~~~~~~~~~~~~~~~~~~~~~~~~~~~~~~~~~~~~~~~~~~~~~~~~
2025-12-09 12:45:27,933 DeMo.train INFO: Best mAP: 68.9%
2025-12-09 12:45:27,933 DeMo.train INFO: Best Rank-1: 72.2%
2025-12-09 12:45:27,936 DeMo.train INFO: Best Rank-5: 82.5%
2025-12-09 12:45:27,936 DeMo.train INFO: Best Rank-10: 86.6%
2025-12-09 12:45:27,936 DeMo.train INFO: ~~~~~~~~~~~~~~~~~~~~~~~~~~~~~~~~~~~~~~~~~~~~~~~~~~
2025-12-09 12:45:39,324 DeMo.train INFO: Epoch[11] Iteration[10/54] Loss: 2.447, Acc: 0.786, Base Lr: 3.98e-06
2025-12-09 12:45:41,838 DeMo.train INFO: Epoch[11] Iteration[20/54] Loss: 2.440, Acc: 0.836, Base Lr: 3.98e-06
2025-12-09 12:45:44,352 DeMo.train INFO: Epoch[11] Iteration[30/54] Loss: 2.439, Acc: 0.841, Base Lr: 3.98e-06
2025-12-09 12:45:46,842 DeMo.train INFO: Epoch[11] Iteration[40/54] Loss: 2.439, Acc: 0.858, Base Lr: 3.98e-06
2025-12-09 12:45:49,361 DeMo.train INFO: Epoch[11] Iteration[50/54] Loss: 2.436, Acc: 0.864, Base Lr: 3.98e-06
2025-12-09 12:45:50,371 DeMo.train INFO: Epoch 11 done. Time per batch: 0.423[s] Speed: 151.2[samples/s]
2025-12-09 12:45:50,373 DeMo.train INFO: ~~~~~~~~~~~~~~~~~~~~~~~~~~~~~~~~~~~~~~~~~~~~~~~~~~
2025-12-09 12:45:50,373 DeMo.train INFO: Current is the [moe,ori] feature testing!
2025-12-09 12:45:50,373 DeMo.train INFO: ~~~~~~~~~~~~~~~~~~~~~~~~~~~~~~~~~~~~~~~~~~~~~~~~~~
The test feature is normalized
=> Computing DistMat with euclidean_distance
2025-12-09 12:45:56,048 DeMo.train INFO: Validation Results - Epoch: 11
2025-12-09 12:45:56,048 DeMo.train INFO: mAP: 70.6%
2025-12-09 12:45:56,048 DeMo.train INFO: CMC curve, Rank-1  :74.4%
2025-12-09 12:45:56,048 DeMo.train INFO: CMC curve, Rank-5  :83.0%
2025-12-09 12:45:56,048 DeMo.train INFO: CMC curve, Rank-10 :87.0%
2025-12-09 12:45:56,048 DeMo.train INFO: ~~~~~~~~~~~~~~~~~~~~~~~~~~~~~~~~~~~~~~~~~~~~~~~~~~
2025-12-09 12:46:14,570 DeMo.train INFO: ~~~~~~~~~~~~~~~~~~~~~~~~~~~~~~~~~~~~~~~~~~~~~~~~~~
2025-12-09 12:46:14,570 DeMo.train INFO: Best mAP: 70.6%
2025-12-09 12:46:14,570 DeMo.train INFO: Best Rank-1: 74.4%
2025-12-09 12:46:14,570 DeMo.train INFO: Best Rank-5: 83.0%
2025-12-09 12:46:14,570 DeMo.train INFO: Best Rank-10: 87.0%
2025-12-09 12:46:14,570 DeMo.train INFO: ~~~~~~~~~~~~~~~~~~~~~~~~~~~~~~~~~~~~~~~~~~~~~~~~~~
2025-12-09 12:46:21,434 DeMo.train INFO: Epoch[12] Iteration[10/54] Loss: 2.416, Acc: 0.877, Base Lr: 3.88e-06
2025-12-09 12:46:23,964 DeMo.train INFO: Epoch[12] Iteration[20/54] Loss: 2.434, Acc: 0.865, Base Lr: 3.88e-06
2025-12-09 12:46:26,486 DeMo.train INFO: Epoch[12] Iteration[30/54] Loss: 2.421, Acc: 0.858, Base Lr: 3.88e-06
2025-12-09 12:46:29,004 DeMo.train INFO: Epoch[12] Iteration[40/54] Loss: 2.409, Acc: 0.873, Base Lr: 3.88e-06
2025-12-09 12:46:32,659 DeMo.train INFO: Epoch[12] Iteration[50/54] Loss: 2.412, Acc: 0.871, Base Lr: 3.88e-06
2025-12-09 12:46:33,543 DeMo.train INFO: Epoch 12 done. Time per batch: 0.358[s] Speed: 178.8[samples/s]
2025-12-09 12:46:33,547 DeMo.train INFO: ~~~~~~~~~~~~~~~~~~~~~~~~~~~~~~~~~~~~~~~~~~~~~~~~~~
2025-12-09 12:46:33,548 DeMo.train INFO: Current is the [moe,ori] feature testing!
2025-12-09 12:46:33,548 DeMo.train INFO: ~~~~~~~~~~~~~~~~~~~~~~~~~~~~~~~~~~~~~~~~~~~~~~~~~~
The test feature is normalized
=> Computing DistMat with euclidean_distance
2025-12-09 12:46:39,620 DeMo.train INFO: Validation Results - Epoch: 12
2025-12-09 12:46:39,621 DeMo.train INFO: mAP: 69.5%
2025-12-09 12:46:39,621 DeMo.train INFO: CMC curve, Rank-1  :71.1%
2025-12-09 12:46:39,621 DeMo.train INFO: CMC curve, Rank-5  :80.9%
2025-12-09 12:46:39,621 DeMo.train INFO: CMC curve, Rank-10 :86.2%
2025-12-09 12:46:39,621 DeMo.train INFO: ~~~~~~~~~~~~~~~~~~~~~~~~~~~~~~~~~~~~~~~~~~~~~~~~~~
2025-12-09 12:46:40,460 DeMo.train INFO: ~~~~~~~~~~~~~~~~~~~~~~~~~~~~~~~~~~~~~~~~~~~~~~~~~~
2025-12-09 12:46:40,461 DeMo.train INFO: Best mAP: 70.6%
2025-12-09 12:46:40,461 DeMo.train INFO: Best Rank-1: 74.4%
2025-12-09 12:46:40,461 DeMo.train INFO: Best Rank-5: 83.0%
2025-12-09 12:46:40,461 DeMo.train INFO: Best Rank-10: 87.0%
2025-12-09 12:46:40,461 DeMo.train INFO: ~~~~~~~~~~~~~~~~~~~~~~~~~~~~~~~~~~~~~~~~~~~~~~~~~~
2025-12-09 12:46:50,998 DeMo.train INFO: Epoch[13] Iteration[10/54] Loss: 2.379, Acc: 0.875, Base Lr: 3.78e-06
2025-12-09 12:46:53,511 DeMo.train INFO: Epoch[13] Iteration[20/54] Loss: 2.409, Acc: 0.889, Base Lr: 3.78e-06
2025-12-09 12:46:56,009 DeMo.train INFO: Epoch[13] Iteration[30/54] Loss: 2.410, Acc: 0.873, Base Lr: 3.78e-06
2025-12-09 12:46:58,528 DeMo.train INFO: Epoch[13] Iteration[40/54] Loss: 2.400, Acc: 0.883, Base Lr: 3.78e-06
2025-12-09 12:47:01,031 DeMo.train INFO: Epoch[13] Iteration[50/54] Loss: 2.396, Acc: 0.881, Base Lr: 3.78e-06
2025-12-09 12:47:01,916 DeMo.train INFO: Epoch 13 done. Time per batch: 0.405[s] Speed: 158.1[samples/s]
2025-12-09 12:47:01,917 DeMo.train INFO: ~~~~~~~~~~~~~~~~~~~~~~~~~~~~~~~~~~~~~~~~~~~~~~~~~~
2025-12-09 12:47:01,917 DeMo.train INFO: Current is the [moe,ori] feature testing!
2025-12-09 12:47:01,917 DeMo.train INFO: ~~~~~~~~~~~~~~~~~~~~~~~~~~~~~~~~~~~~~~~~~~~~~~~~~~
The test feature is normalized
=> Computing DistMat with euclidean_distance
2025-12-09 12:47:08,037 DeMo.train INFO: Validation Results - Epoch: 13
2025-12-09 12:47:08,037 DeMo.train INFO: mAP: 69.6%
2025-12-09 12:47:08,037 DeMo.train INFO: CMC curve, Rank-1  :71.5%
2025-12-09 12:47:08,037 DeMo.train INFO: CMC curve, Rank-5  :81.3%
2025-12-09 12:47:08,037 DeMo.train INFO: CMC curve, Rank-10 :86.4%
2025-12-09 12:47:08,037 DeMo.train INFO: ~~~~~~~~~~~~~~~~~~~~~~~~~~~~~~~~~~~~~~~~~~~~~~~~~~
2025-12-09 12:47:10,241 DeMo.train INFO: ~~~~~~~~~~~~~~~~~~~~~~~~~~~~~~~~~~~~~~~~~~~~~~~~~~
2025-12-09 12:47:10,243 DeMo.train INFO: Best mAP: 70.6%
2025-12-09 12:47:10,244 DeMo.train INFO: Best Rank-1: 74.4%
2025-12-09 12:47:10,244 DeMo.train INFO: Best Rank-5: 83.0%
2025-12-09 12:47:10,245 DeMo.train INFO: Best Rank-10: 87.0%
2025-12-09 12:47:10,246 DeMo.train INFO: ~~~~~~~~~~~~~~~~~~~~~~~~~~~~~~~~~~~~~~~~~~~~~~~~~~
2025-12-09 12:47:18,925 DeMo.train INFO: Epoch[14] Iteration[10/54] Loss: 2.368, Acc: 0.877, Base Lr: 3.67e-06
2025-12-09 12:47:21,443 DeMo.train INFO: Epoch[14] Iteration[20/54] Loss: 2.357, Acc: 0.870, Base Lr: 3.67e-06
2025-12-09 12:47:23,958 DeMo.train INFO: Epoch[14] Iteration[30/54] Loss: 2.363, Acc: 0.885, Base Lr: 3.67e-06
2025-12-09 12:47:26,493 DeMo.train INFO: Epoch[14] Iteration[40/54] Loss: 2.365, Acc: 0.890, Base Lr: 3.67e-06
2025-12-09 12:47:29,012 DeMo.train INFO: Epoch[14] Iteration[50/54] Loss: 2.365, Acc: 0.891, Base Lr: 3.67e-06
2025-12-09 12:47:29,902 DeMo.train INFO: Epoch 14 done. Time per batch: 0.371[s] Speed: 172.6[samples/s]
2025-12-09 12:47:29,903 DeMo.train INFO: ~~~~~~~~~~~~~~~~~~~~~~~~~~~~~~~~~~~~~~~~~~~~~~~~~~
2025-12-09 12:47:29,903 DeMo.train INFO: Current is the [moe,ori] feature testing!
2025-12-09 12:47:29,903 DeMo.train INFO: ~~~~~~~~~~~~~~~~~~~~~~~~~~~~~~~~~~~~~~~~~~~~~~~~~~
The test feature is normalized
=> Computing DistMat with euclidean_distance
2025-12-09 12:47:35,048 DeMo.train INFO: Validation Results - Epoch: 14
2025-12-09 12:47:35,048 DeMo.train INFO: mAP: 72.3%
2025-12-09 12:47:35,048 DeMo.train INFO: CMC curve, Rank-1  :73.7%
2025-12-09 12:47:35,048 DeMo.train INFO: CMC curve, Rank-5  :82.2%
2025-12-09 12:47:35,049 DeMo.train INFO: CMC curve, Rank-10 :85.6%
2025-12-09 12:47:35,049 DeMo.train INFO: ~~~~~~~~~~~~~~~~~~~~~~~~~~~~~~~~~~~~~~~~~~~~~~~~~~
2025-12-09 12:47:55,881 DeMo.train INFO: ~~~~~~~~~~~~~~~~~~~~~~~~~~~~~~~~~~~~~~~~~~~~~~~~~~
2025-12-09 12:47:55,882 DeMo.train INFO: Best mAP: 72.3%
2025-12-09 12:47:55,883 DeMo.train INFO: Best Rank-1: 73.7%
2025-12-09 12:47:55,884 DeMo.train INFO: Best Rank-5: 82.2%
2025-12-09 12:47:55,885 DeMo.train INFO: Best Rank-10: 85.6%
2025-12-09 12:47:55,885 DeMo.train INFO: ~~~~~~~~~~~~~~~~~~~~~~~~~~~~~~~~~~~~~~~~~~~~~~~~~~
2025-12-09 12:48:06,309 DeMo.train INFO: Epoch[15] Iteration[10/54] Loss: 2.355, Acc: 0.844, Base Lr: 3.57e-06
2025-12-09 12:48:11,999 DeMo.train INFO: Epoch[15] Iteration[20/54] Loss: 2.369, Acc: 0.873, Base Lr: 3.57e-06
2025-12-09 12:48:14,619 DeMo.train INFO: Epoch[15] Iteration[30/54] Loss: 2.348, Acc: 0.888, Base Lr: 3.57e-06
2025-12-09 12:48:17,154 DeMo.train INFO: Epoch[15] Iteration[40/54] Loss: 2.342, Acc: 0.896, Base Lr: 3.57e-06
2025-12-09 12:48:19,672 DeMo.train INFO: Epoch[15] Iteration[50/54] Loss: 2.343, Acc: 0.903, Base Lr: 3.57e-06
2025-12-09 12:48:20,533 DeMo.train INFO: Epoch 15 done. Time per batch: 0.465[s] Speed: 137.6[samples/s]
2025-12-09 12:48:20,535 DeMo.train INFO: ~~~~~~~~~~~~~~~~~~~~~~~~~~~~~~~~~~~~~~~~~~~~~~~~~~
2025-12-09 12:48:20,536 DeMo.train INFO: Current is the [moe,ori] feature testing!
2025-12-09 12:48:20,538 DeMo.train INFO: ~~~~~~~~~~~~~~~~~~~~~~~~~~~~~~~~~~~~~~~~~~~~~~~~~~
The test feature is normalized
=> Computing DistMat with euclidean_distance
2025-12-09 12:48:30,271 DeMo.train INFO: Validation Results - Epoch: 15
2025-12-09 12:48:30,273 DeMo.train INFO: mAP: 70.3%
2025-12-09 12:48:30,274 DeMo.train INFO: CMC curve, Rank-1  :72.4%
2025-12-09 12:48:30,274 DeMo.train INFO: CMC curve, Rank-5  :82.5%
2025-12-09 12:48:30,275 DeMo.train INFO: CMC curve, Rank-10 :86.7%
2025-12-09 12:48:30,276 DeMo.train INFO: ~~~~~~~~~~~~~~~~~~~~~~~~~~~~~~~~~~~~~~~~~~~~~~~~~~
2025-12-09 12:48:32,180 DeMo.train INFO: ~~~~~~~~~~~~~~~~~~~~~~~~~~~~~~~~~~~~~~~~~~~~~~~~~~
2025-12-09 12:48:32,182 DeMo.train INFO: Best mAP: 72.3%
2025-12-09 12:48:32,182 DeMo.train INFO: Best Rank-1: 73.7%
2025-12-09 12:48:32,183 DeMo.train INFO: Best Rank-5: 82.2%
2025-12-09 12:48:32,183 DeMo.train INFO: Best Rank-10: 85.6%
2025-12-09 12:48:32,185 DeMo.train INFO: ~~~~~~~~~~~~~~~~~~~~~~~~~~~~~~~~~~~~~~~~~~~~~~~~~~
2025-12-09 12:48:44,098 DeMo.train INFO: Epoch[16] Iteration[10/54] Loss: 2.333, Acc: 0.848, Base Lr: 3.47e-06
2025-12-09 12:48:47,371 DeMo.train INFO: Epoch[16] Iteration[20/54] Loss: 2.316, Acc: 0.894, Base Lr: 3.47e-06
2025-12-09 12:48:49,879 DeMo.train INFO: Epoch[16] Iteration[30/54] Loss: 2.313, Acc: 0.902, Base Lr: 3.47e-06
2025-12-09 12:48:52,370 DeMo.train INFO: Epoch[16] Iteration[40/54] Loss: 2.311, Acc: 0.910, Base Lr: 3.47e-06
2025-12-09 12:48:54,848 DeMo.train INFO: Epoch[16] Iteration[50/54] Loss: 2.304, Acc: 0.913, Base Lr: 3.47e-06
2025-12-09 12:48:55,754 DeMo.train INFO: Epoch 16 done. Time per batch: 0.445[s] Speed: 143.9[samples/s]
2025-12-09 12:48:55,755 DeMo.train INFO: ~~~~~~~~~~~~~~~~~~~~~~~~~~~~~~~~~~~~~~~~~~~~~~~~~~
2025-12-09 12:48:55,756 DeMo.train INFO: Current is the [moe,ori] feature testing!
2025-12-09 12:48:55,756 DeMo.train INFO: ~~~~~~~~~~~~~~~~~~~~~~~~~~~~~~~~~~~~~~~~~~~~~~~~~~
The test feature is normalized
=> Computing DistMat with euclidean_distance
2025-12-09 12:49:02,313 DeMo.train INFO: Validation Results - Epoch: 16
2025-12-09 12:49:02,313 DeMo.train INFO: mAP: 72.3%
2025-12-09 12:49:02,313 DeMo.train INFO: CMC curve, Rank-1  :73.8%
2025-12-09 12:49:02,313 DeMo.train INFO: CMC curve, Rank-5  :83.1%
2025-12-09 12:49:02,313 DeMo.train INFO: CMC curve, Rank-10 :87.6%
2025-12-09 12:49:02,314 DeMo.train INFO: ~~~~~~~~~~~~~~~~~~~~~~~~~~~~~~~~~~~~~~~~~~~~~~~~~~
2025-12-09 12:49:04,126 DeMo.train INFO: ~~~~~~~~~~~~~~~~~~~~~~~~~~~~~~~~~~~~~~~~~~~~~~~~~~
2025-12-09 12:49:04,127 DeMo.train INFO: Best mAP: 72.3%
2025-12-09 12:49:04,127 DeMo.train INFO: Best Rank-1: 73.7%
2025-12-09 12:49:04,127 DeMo.train INFO: Best Rank-5: 82.2%
2025-12-09 12:49:04,127 DeMo.train INFO: Best Rank-10: 85.6%
2025-12-09 12:49:04,127 DeMo.train INFO: ~~~~~~~~~~~~~~~~~~~~~~~~~~~~~~~~~~~~~~~~~~~~~~~~~~
2025-12-09 12:49:11,142 DeMo.train INFO: Epoch[17] Iteration[10/54] Loss: 2.349, Acc: 0.828, Base Lr: 3.37e-06
2025-12-09 12:49:14,023 DeMo.train INFO: Epoch[17] Iteration[20/54] Loss: 2.333, Acc: 0.846, Base Lr: 3.37e-06
2025-12-09 12:49:16,529 DeMo.train INFO: Epoch[17] Iteration[30/54] Loss: 2.329, Acc: 0.865, Base Lr: 3.37e-06
2025-12-09 12:49:19,033 DeMo.train INFO: Epoch[17] Iteration[40/54] Loss: 2.320, Acc: 0.890, Base Lr: 3.37e-06
2025-12-09 12:49:21,539 DeMo.train INFO: Epoch[17] Iteration[50/54] Loss: 2.323, Acc: 0.907, Base Lr: 3.37e-06
2025-12-09 12:49:22,433 DeMo.train INFO: Epoch 17 done. Time per batch: 0.345[s] Speed: 185.3[samples/s]
2025-12-09 12:49:22,435 DeMo.train INFO: ~~~~~~~~~~~~~~~~~~~~~~~~~~~~~~~~~~~~~~~~~~~~~~~~~~
2025-12-09 12:49:22,435 DeMo.train INFO: Current is the [moe,ori] feature testing!
2025-12-09 12:49:22,435 DeMo.train INFO: ~~~~~~~~~~~~~~~~~~~~~~~~~~~~~~~~~~~~~~~~~~~~~~~~~~
The test feature is normalized
=> Computing DistMat with euclidean_distance
2025-12-09 12:49:27,815 DeMo.train INFO: Validation Results - Epoch: 17
2025-12-09 12:49:27,816 DeMo.train INFO: mAP: 70.1%
2025-12-09 12:49:27,816 DeMo.train INFO: CMC curve, Rank-1  :72.2%
2025-12-09 12:49:27,816 DeMo.train INFO: CMC curve, Rank-5  :83.0%
2025-12-09 12:49:27,816 DeMo.train INFO: CMC curve, Rank-10 :87.3%
2025-12-09 12:49:27,816 DeMo.train INFO: ~~~~~~~~~~~~~~~~~~~~~~~~~~~~~~~~~~~~~~~~~~~~~~~~~~
2025-12-09 12:49:29,576 DeMo.train INFO: ~~~~~~~~~~~~~~~~~~~~~~~~~~~~~~~~~~~~~~~~~~~~~~~~~~
2025-12-09 12:49:29,576 DeMo.train INFO: Best mAP: 72.3%
2025-12-09 12:49:29,577 DeMo.train INFO: Best Rank-1: 73.7%
2025-12-09 12:49:29,577 DeMo.train INFO: Best Rank-5: 82.2%
2025-12-09 12:49:29,577 DeMo.train INFO: Best Rank-10: 85.6%
2025-12-09 12:49:29,577 DeMo.train INFO: ~~~~~~~~~~~~~~~~~~~~~~~~~~~~~~~~~~~~~~~~~~~~~~~~~~
2025-12-09 12:49:35,959 DeMo.train INFO: Epoch[18] Iteration[10/54] Loss: 2.304, Acc: 0.858, Base Lr: 3.27e-06
2025-12-09 12:49:39,132 DeMo.train INFO: Epoch[18] Iteration[20/54] Loss: 2.305, Acc: 0.866, Base Lr: 3.27e-06
2025-12-09 12:49:41,628 DeMo.train INFO: Epoch[18] Iteration[30/54] Loss: 2.291, Acc: 0.887, Base Lr: 3.27e-06
2025-12-09 12:49:44,173 DeMo.train INFO: Epoch[18] Iteration[40/54] Loss: 2.290, Acc: 0.896, Base Lr: 3.27e-06
2025-12-09 12:49:46,693 DeMo.train INFO: Epoch[18] Iteration[50/54] Loss: 2.288, Acc: 0.907, Base Lr: 3.27e-06
2025-12-09 12:49:47,595 DeMo.train INFO: Epoch 18 done. Time per batch: 0.340[s] Speed: 188.3[samples/s]
2025-12-09 12:49:47,596 DeMo.train INFO: ~~~~~~~~~~~~~~~~~~~~~~~~~~~~~~~~~~~~~~~~~~~~~~~~~~
2025-12-09 12:49:47,597 DeMo.train INFO: Current is the [moe,ori] feature testing!
2025-12-09 12:49:47,598 DeMo.train INFO: ~~~~~~~~~~~~~~~~~~~~~~~~~~~~~~~~~~~~~~~~~~~~~~~~~~
The test feature is normalized
=> Computing DistMat with euclidean_distance
2025-12-09 12:49:57,078 DeMo.train INFO: Validation Results - Epoch: 18
2025-12-09 12:49:57,079 DeMo.train INFO: mAP: 72.4%
2025-12-09 12:49:57,080 DeMo.train INFO: CMC curve, Rank-1  :73.2%
2025-12-09 12:49:57,082 DeMo.train INFO: CMC curve, Rank-5  :82.7%
2025-12-09 12:49:57,082 DeMo.train INFO: CMC curve, Rank-10 :88.5%
2025-12-09 12:49:57,083 DeMo.train INFO: ~~~~~~~~~~~~~~~~~~~~~~~~~~~~~~~~~~~~~~~~~~~~~~~~~~
2025-12-09 12:50:31,743 DeMo.train INFO: ~~~~~~~~~~~~~~~~~~~~~~~~~~~~~~~~~~~~~~~~~~~~~~~~~~
2025-12-09 12:50:31,743 DeMo.train INFO: Best mAP: 72.4%
2025-12-09 12:50:31,743 DeMo.train INFO: Best Rank-1: 73.2%
2025-12-09 12:50:31,743 DeMo.train INFO: Best Rank-5: 82.7%
2025-12-09 12:50:31,743 DeMo.train INFO: Best Rank-10: 88.5%
2025-12-09 12:50:31,743 DeMo.train INFO: ~~~~~~~~~~~~~~~~~~~~~~~~~~~~~~~~~~~~~~~~~~~~~~~~~~
2025-12-09 12:50:39,139 DeMo.train INFO: Epoch[19] Iteration[10/54] Loss: 2.298, Acc: 0.873, Base Lr: 3.16e-06
2025-12-09 12:50:41,749 DeMo.train INFO: Epoch[19] Iteration[20/54] Loss: 2.277, Acc: 0.877, Base Lr: 3.16e-06
2025-12-09 12:50:44,233 DeMo.train INFO: Epoch[19] Iteration[30/54] Loss: 2.284, Acc: 0.896, Base Lr: 3.16e-06
2025-12-09 12:50:46,764 DeMo.train INFO: Epoch[19] Iteration[40/54] Loss: 2.274, Acc: 0.909, Base Lr: 3.16e-06
2025-12-09 12:50:49,265 DeMo.train INFO: Epoch[19] Iteration[50/54] Loss: 2.303, Acc: 0.914, Base Lr: 3.16e-06
2025-12-09 12:50:50,158 DeMo.train INFO: Epoch 19 done. Time per batch: 0.347[s] Speed: 184.2[samples/s]
2025-12-09 12:50:50,160 DeMo.train INFO: ~~~~~~~~~~~~~~~~~~~~~~~~~~~~~~~~~~~~~~~~~~~~~~~~~~
2025-12-09 12:50:50,160 DeMo.train INFO: Current is the [moe,ori] feature testing!
2025-12-09 12:50:50,160 DeMo.train INFO: ~~~~~~~~~~~~~~~~~~~~~~~~~~~~~~~~~~~~~~~~~~~~~~~~~~
The test feature is normalized
=> Computing DistMat with euclidean_distance
2025-12-09 12:50:55,528 DeMo.train INFO: Validation Results - Epoch: 19
2025-12-09 12:50:55,528 DeMo.train INFO: mAP: 69.5%
2025-12-09 12:50:55,528 DeMo.train INFO: CMC curve, Rank-1  :71.2%
2025-12-09 12:50:55,528 DeMo.train INFO: CMC curve, Rank-5  :81.3%
2025-12-09 12:50:55,528 DeMo.train INFO: CMC curve, Rank-10 :85.9%
2025-12-09 12:50:55,528 DeMo.train INFO: ~~~~~~~~~~~~~~~~~~~~~~~~~~~~~~~~~~~~~~~~~~~~~~~~~~
2025-12-09 12:50:57,259 DeMo.train INFO: ~~~~~~~~~~~~~~~~~~~~~~~~~~~~~~~~~~~~~~~~~~~~~~~~~~
2025-12-09 12:50:57,259 DeMo.train INFO: Best mAP: 72.4%
2025-12-09 12:50:57,259 DeMo.train INFO: Best Rank-1: 73.2%
2025-12-09 12:50:57,259 DeMo.train INFO: Best Rank-5: 82.7%
2025-12-09 12:50:57,259 DeMo.train INFO: Best Rank-10: 88.5%
2025-12-09 12:50:57,259 DeMo.train INFO: ~~~~~~~~~~~~~~~~~~~~~~~~~~~~~~~~~~~~~~~~~~~~~~~~~~
2025-12-09 12:51:03,950 DeMo.train INFO: Epoch[20] Iteration[10/54] Loss: 2.338, Acc: 0.855, Base Lr: 3.06e-06
2025-12-09 12:51:06,469 DeMo.train INFO: Epoch[20] Iteration[20/54] Loss: 2.320, Acc: 0.872, Base Lr: 3.06e-06
2025-12-09 12:51:08,995 DeMo.train INFO: Epoch[20] Iteration[30/54] Loss: 2.320, Acc: 0.887, Base Lr: 3.06e-06
2025-12-09 12:51:11,516 DeMo.train INFO: Epoch[20] Iteration[40/54] Loss: 2.303, Acc: 0.905, Base Lr: 3.06e-06
2025-12-09 12:51:14,041 DeMo.train INFO: Epoch[20] Iteration[50/54] Loss: 2.290, Acc: 0.919, Base Lr: 3.06e-06
2025-12-09 12:51:14,915 DeMo.train INFO: Epoch 20 done. Time per batch: 0.333[s] Speed: 192.1[samples/s]
2025-12-09 12:51:14,917 DeMo.train INFO: ~~~~~~~~~~~~~~~~~~~~~~~~~~~~~~~~~~~~~~~~~~~~~~~~~~
2025-12-09 12:51:14,917 DeMo.train INFO: Current is the [moe,ori] feature testing!
2025-12-09 12:51:14,917 DeMo.train INFO: ~~~~~~~~~~~~~~~~~~~~~~~~~~~~~~~~~~~~~~~~~~~~~~~~~~
The test feature is normalized
=> Computing DistMat with euclidean_distance
2025-12-09 12:51:20,681 DeMo.train INFO: Validation Results - Epoch: 20
2025-12-09 12:51:20,681 DeMo.train INFO: mAP: 74.1%
2025-12-09 12:51:20,681 DeMo.train INFO: CMC curve, Rank-1  :75.7%
2025-12-09 12:51:20,681 DeMo.train INFO: CMC curve, Rank-5  :83.3%
2025-12-09 12:51:20,681 DeMo.train INFO: CMC curve, Rank-10 :86.2%
2025-12-09 12:51:20,681 DeMo.train INFO: ~~~~~~~~~~~~~~~~~~~~~~~~~~~~~~~~~~~~~~~~~~~~~~~~~~
2025-12-09 12:51:51,752 DeMo.train INFO: ~~~~~~~~~~~~~~~~~~~~~~~~~~~~~~~~~~~~~~~~~~~~~~~~~~
2025-12-09 12:51:51,754 DeMo.train INFO: Best mAP: 74.1%
2025-12-09 12:51:51,755 DeMo.train INFO: Best Rank-1: 75.7%
2025-12-09 12:51:51,756 DeMo.train INFO: Best Rank-5: 83.3%
2025-12-09 12:51:51,756 DeMo.train INFO: Best Rank-10: 86.2%
2025-12-09 12:51:51,758 DeMo.train INFO: ~~~~~~~~~~~~~~~~~~~~~~~~~~~~~~~~~~~~~~~~~~~~~~~~~~
2025-12-09 12:52:03,591 DeMo.train INFO: Epoch[21] Iteration[10/54] Loss: 2.269, Acc: 0.897, Base Lr: 2.96e-06
2025-12-09 12:52:07,679 DeMo.train INFO: Epoch[21] Iteration[20/54] Loss: 2.261, Acc: 0.891, Base Lr: 2.96e-06
2025-12-09 12:52:13,337 DeMo.train INFO: Epoch[21] Iteration[30/54] Loss: 2.253, Acc: 0.918, Base Lr: 2.96e-06
2025-12-09 12:52:15,895 DeMo.train INFO: Epoch[21] Iteration[40/54] Loss: 2.246, Acc: 0.914, Base Lr: 2.96e-06
2025-12-09 12:52:18,372 DeMo.train INFO: Epoch[21] Iteration[50/54] Loss: 2.247, Acc: 0.912, Base Lr: 2.96e-06
2025-12-09 12:52:19,236 DeMo.train INFO: Epoch 21 done. Time per batch: 0.518[s] Speed: 123.4[samples/s]
2025-12-09 12:52:19,239 DeMo.train INFO: ~~~~~~~~~~~~~~~~~~~~~~~~~~~~~~~~~~~~~~~~~~~~~~~~~~
2025-12-09 12:52:19,239 DeMo.train INFO: Current is the [moe,ori] feature testing!
2025-12-09 12:52:19,240 DeMo.train INFO: ~~~~~~~~~~~~~~~~~~~~~~~~~~~~~~~~~~~~~~~~~~~~~~~~~~
The test feature is normalized
=> Computing DistMat with euclidean_distance
2025-12-09 12:52:24,630 DeMo.train INFO: Validation Results - Epoch: 21
2025-12-09 12:52:24,630 DeMo.train INFO: mAP: 73.3%
2025-12-09 12:52:24,630 DeMo.train INFO: CMC curve, Rank-1  :75.1%
2025-12-09 12:52:24,630 DeMo.train INFO: CMC curve, Rank-5  :83.4%
2025-12-09 12:52:24,630 DeMo.train INFO: CMC curve, Rank-10 :87.7%
2025-12-09 12:52:24,630 DeMo.train INFO: ~~~~~~~~~~~~~~~~~~~~~~~~~~~~~~~~~~~~~~~~~~~~~~~~~~
2025-12-09 12:52:26,932 DeMo.train INFO: ~~~~~~~~~~~~~~~~~~~~~~~~~~~~~~~~~~~~~~~~~~~~~~~~~~
2025-12-09 12:52:26,932 DeMo.train INFO: Best mAP: 74.1%
2025-12-09 12:52:26,932 DeMo.train INFO: Best Rank-1: 75.7%
2025-12-09 12:52:26,932 DeMo.train INFO: Best Rank-5: 83.3%
2025-12-09 12:52:26,932 DeMo.train INFO: Best Rank-10: 86.2%
2025-12-09 12:52:26,933 DeMo.train INFO: ~~~~~~~~~~~~~~~~~~~~~~~~~~~~~~~~~~~~~~~~~~~~~~~~~~
2025-12-09 12:52:33,400 DeMo.train INFO: Epoch[22] Iteration[10/54] Loss: 2.215, Acc: 0.902, Base Lr: 2.86e-06
2025-12-09 12:52:35,924 DeMo.train INFO: Epoch[22] Iteration[20/54] Loss: 2.215, Acc: 0.898, Base Lr: 2.86e-06
2025-12-09 12:52:38,427 DeMo.train INFO: Epoch[22] Iteration[30/54] Loss: 2.227, Acc: 0.906, Base Lr: 2.86e-06
2025-12-09 12:52:41,186 DeMo.train INFO: Epoch[22] Iteration[40/54] Loss: 2.228, Acc: 0.907, Base Lr: 2.86e-06
2025-12-09 12:52:43,675 DeMo.train INFO: Epoch[22] Iteration[50/54] Loss: 2.222, Acc: 0.918, Base Lr: 2.86e-06
2025-12-09 12:52:44,578 DeMo.train INFO: Epoch 22 done. Time per batch: 0.333[s] Speed: 192.2[samples/s]
2025-12-09 12:52:44,579 DeMo.train INFO: ~~~~~~~~~~~~~~~~~~~~~~~~~~~~~~~~~~~~~~~~~~~~~~~~~~
2025-12-09 12:52:44,579 DeMo.train INFO: Current is the [moe,ori] feature testing!
2025-12-09 12:52:44,579 DeMo.train INFO: ~~~~~~~~~~~~~~~~~~~~~~~~~~~~~~~~~~~~~~~~~~~~~~~~~~
The test feature is normalized
=> Computing DistMat with euclidean_distance
2025-12-09 12:52:49,884 DeMo.train INFO: Validation Results - Epoch: 22
2025-12-09 12:52:49,884 DeMo.train INFO: mAP: 75.3%
2025-12-09 12:52:49,884 DeMo.train INFO: CMC curve, Rank-1  :78.3%
2025-12-09 12:52:49,884 DeMo.train INFO: CMC curve, Rank-5  :85.0%
2025-12-09 12:52:49,884 DeMo.train INFO: CMC curve, Rank-10 :88.4%
2025-12-09 12:52:49,885 DeMo.train INFO: ~~~~~~~~~~~~~~~~~~~~~~~~~~~~~~~~~~~~~~~~~~~~~~~~~~
2025-12-09 12:53:25,135 DeMo.train INFO: ~~~~~~~~~~~~~~~~~~~~~~~~~~~~~~~~~~~~~~~~~~~~~~~~~~
2025-12-09 12:53:25,136 DeMo.train INFO: Best mAP: 75.3%
2025-12-09 12:53:25,137 DeMo.train INFO: Best Rank-1: 78.3%
2025-12-09 12:53:25,137 DeMo.train INFO: Best Rank-5: 85.0%
2025-12-09 12:53:25,138 DeMo.train INFO: Best Rank-10: 88.4%
2025-12-09 12:53:25,139 DeMo.train INFO: ~~~~~~~~~~~~~~~~~~~~~~~~~~~~~~~~~~~~~~~~~~~~~~~~~~
2025-12-09 12:53:31,628 DeMo.train INFO: Epoch[23] Iteration[10/54] Loss: 2.220, Acc: 0.839, Base Lr: 2.76e-06
2025-12-09 12:53:34,150 DeMo.train INFO: Epoch[23] Iteration[20/54] Loss: 2.232, Acc: 0.877, Base Lr: 2.76e-06
2025-12-09 12:53:36,693 DeMo.train INFO: Epoch[23] Iteration[30/54] Loss: 2.226, Acc: 0.894, Base Lr: 2.76e-06
2025-12-09 12:53:39,197 DeMo.train INFO: Epoch[23] Iteration[40/54] Loss: 2.217, Acc: 0.908, Base Lr: 2.76e-06
2025-12-09 12:53:41,700 DeMo.train INFO: Epoch[23] Iteration[50/54] Loss: 2.209, Acc: 0.921, Base Lr: 2.76e-06
2025-12-09 12:53:42,591 DeMo.train INFO: Epoch 23 done. Time per batch: 0.329[s] Speed: 194.4[samples/s]
2025-12-09 12:53:42,595 DeMo.train INFO: ~~~~~~~~~~~~~~~~~~~~~~~~~~~~~~~~~~~~~~~~~~~~~~~~~~
2025-12-09 12:53:42,595 DeMo.train INFO: Current is the [moe,ori] feature testing!
2025-12-09 12:53:42,595 DeMo.train INFO: ~~~~~~~~~~~~~~~~~~~~~~~~~~~~~~~~~~~~~~~~~~~~~~~~~~
The test feature is normalized
=> Computing DistMat with euclidean_distance
2025-12-09 12:53:47,956 DeMo.train INFO: Validation Results - Epoch: 23
2025-12-09 12:53:47,956 DeMo.train INFO: mAP: 75.4%
2025-12-09 12:53:47,956 DeMo.train INFO: CMC curve, Rank-1  :78.9%
2025-12-09 12:53:47,956 DeMo.train INFO: CMC curve, Rank-5  :84.7%
2025-12-09 12:53:47,956 DeMo.train INFO: CMC curve, Rank-10 :88.0%
2025-12-09 12:53:47,956 DeMo.train INFO: ~~~~~~~~~~~~~~~~~~~~~~~~~~~~~~~~~~~~~~~~~~~~~~~~~~
2025-12-09 12:54:06,783 DeMo.train INFO: ~~~~~~~~~~~~~~~~~~~~~~~~~~~~~~~~~~~~~~~~~~~~~~~~~~
2025-12-09 12:54:06,786 DeMo.train INFO: Best mAP: 75.4%
2025-12-09 12:54:06,786 DeMo.train INFO: Best Rank-1: 78.9%
2025-12-09 12:54:06,786 DeMo.train INFO: Best Rank-5: 84.7%
2025-12-09 12:54:06,786 DeMo.train INFO: Best Rank-10: 88.0%
2025-12-09 12:54:06,787 DeMo.train INFO: ~~~~~~~~~~~~~~~~~~~~~~~~~~~~~~~~~~~~~~~~~~~~~~~~~~
2025-12-09 12:54:13,109 DeMo.train INFO: Epoch[24] Iteration[10/54] Loss: 2.209, Acc: 0.875, Base Lr: 2.65e-06
2025-12-09 12:54:15,619 DeMo.train INFO: Epoch[24] Iteration[20/54] Loss: 2.214, Acc: 0.889, Base Lr: 2.65e-06
2025-12-09 12:54:18,139 DeMo.train INFO: Epoch[24] Iteration[30/54] Loss: 2.199, Acc: 0.905, Base Lr: 2.65e-06
2025-12-09 12:54:20,676 DeMo.train INFO: Epoch[24] Iteration[40/54] Loss: 2.196, Acc: 0.916, Base Lr: 2.65e-06
2025-12-09 12:54:23,175 DeMo.train INFO: Epoch[24] Iteration[50/54] Loss: 2.192, Acc: 0.923, Base Lr: 2.65e-06
2025-12-09 12:54:24,074 DeMo.train INFO: Epoch 24 done. Time per batch: 0.326[s] Speed: 196.2[samples/s]
2025-12-09 12:54:24,077 DeMo.train INFO: ~~~~~~~~~~~~~~~~~~~~~~~~~~~~~~~~~~~~~~~~~~~~~~~~~~
2025-12-09 12:54:24,077 DeMo.train INFO: Current is the [moe,ori] feature testing!
2025-12-09 12:54:24,079 DeMo.train INFO: ~~~~~~~~~~~~~~~~~~~~~~~~~~~~~~~~~~~~~~~~~~~~~~~~~~
The test feature is normalized
=> Computing DistMat with euclidean_distance
2025-12-09 12:54:33,916 DeMo.train INFO: Validation Results - Epoch: 24
2025-12-09 12:54:33,916 DeMo.train INFO: mAP: 74.9%
2025-12-09 12:54:33,916 DeMo.train INFO: CMC curve, Rank-1  :78.3%
2025-12-09 12:54:33,916 DeMo.train INFO: CMC curve, Rank-5  :85.6%
2025-12-09 12:54:33,917 DeMo.train INFO: CMC curve, Rank-10 :89.2%
2025-12-09 12:54:33,917 DeMo.train INFO: ~~~~~~~~~~~~~~~~~~~~~~~~~~~~~~~~~~~~~~~~~~~~~~~~~~
2025-12-09 12:54:34,670 DeMo.train INFO: ~~~~~~~~~~~~~~~~~~~~~~~~~~~~~~~~~~~~~~~~~~~~~~~~~~
2025-12-09 12:54:34,671 DeMo.train INFO: Best mAP: 75.4%
2025-12-09 12:54:34,671 DeMo.train INFO: Best Rank-1: 78.9%
2025-12-09 12:54:34,671 DeMo.train INFO: Best Rank-5: 84.7%
2025-12-09 12:54:34,671 DeMo.train INFO: Best Rank-10: 88.0%
2025-12-09 12:54:34,671 DeMo.train INFO: ~~~~~~~~~~~~~~~~~~~~~~~~~~~~~~~~~~~~~~~~~~~~~~~~~~
2025-12-09 12:54:41,677 DeMo.train INFO: Epoch[25] Iteration[10/54] Loss: 2.192, Acc: 0.870, Base Lr: 2.55e-06
2025-12-09 12:54:44,201 DeMo.train INFO: Epoch[25] Iteration[20/54] Loss: 2.182, Acc: 0.893, Base Lr: 2.55e-06
2025-12-09 12:54:46,703 DeMo.train INFO: Epoch[25] Iteration[30/54] Loss: 2.174, Acc: 0.905, Base Lr: 2.55e-06
2025-12-09 12:54:49,216 DeMo.train INFO: Epoch[25] Iteration[40/54] Loss: 2.171, Acc: 0.911, Base Lr: 2.55e-06
2025-12-09 12:54:51,705 DeMo.train INFO: Epoch[25] Iteration[50/54] Loss: 2.169, Acc: 0.926, Base Lr: 2.55e-06
2025-12-09 12:54:52,563 DeMo.train INFO: Epoch 25 done. Time per batch: 0.338[s] Speed: 189.6[samples/s]
2025-12-09 12:54:52,565 DeMo.train INFO: ~~~~~~~~~~~~~~~~~~~~~~~~~~~~~~~~~~~~~~~~~~~~~~~~~~
2025-12-09 12:54:52,565 DeMo.train INFO: Current is the [moe,ori] feature testing!
2025-12-09 12:54:52,565 DeMo.train INFO: ~~~~~~~~~~~~~~~~~~~~~~~~~~~~~~~~~~~~~~~~~~~~~~~~~~
The test feature is normalized
=> Computing DistMat with euclidean_distance
2025-12-09 12:54:57,883 DeMo.train INFO: Validation Results - Epoch: 25
2025-12-09 12:54:57,883 DeMo.train INFO: mAP: 74.7%
2025-12-09 12:54:57,883 DeMo.train INFO: CMC curve, Rank-1  :77.9%
2025-12-09 12:54:57,883 DeMo.train INFO: CMC curve, Rank-5  :85.0%
2025-12-09 12:54:57,884 DeMo.train INFO: CMC curve, Rank-10 :88.6%
2025-12-09 12:54:57,884 DeMo.train INFO: ~~~~~~~~~~~~~~~~~~~~~~~~~~~~~~~~~~~~~~~~~~~~~~~~~~
2025-12-09 12:54:59,885 DeMo.train INFO: ~~~~~~~~~~~~~~~~~~~~~~~~~~~~~~~~~~~~~~~~~~~~~~~~~~
2025-12-09 12:54:59,885 DeMo.train INFO: Best mAP: 75.4%
2025-12-09 12:54:59,886 DeMo.train INFO: Best Rank-1: 78.9%
2025-12-09 12:54:59,886 DeMo.train INFO: Best Rank-5: 84.7%
2025-12-09 12:54:59,886 DeMo.train INFO: Best Rank-10: 88.0%
2025-12-09 12:54:59,886 DeMo.train INFO: ~~~~~~~~~~~~~~~~~~~~~~~~~~~~~~~~~~~~~~~~~~~~~~~~~~
2025-12-09 12:55:05,822 DeMo.train INFO: Epoch[26] Iteration[10/54] Loss: 2.198, Acc: 0.855, Base Lr: 2.45e-06
2025-12-09 12:55:08,352 DeMo.train INFO: Epoch[26] Iteration[20/54] Loss: 2.171, Acc: 0.909, Base Lr: 2.45e-06
2025-12-09 12:55:10,885 DeMo.train INFO: Epoch[26] Iteration[30/54] Loss: 2.172, Acc: 0.920, Base Lr: 2.45e-06
2025-12-09 12:55:13,398 DeMo.train INFO: Epoch[26] Iteration[40/54] Loss: 2.167, Acc: 0.924, Base Lr: 2.45e-06
2025-12-09 12:55:15,944 DeMo.train INFO: Epoch[26] Iteration[50/54] Loss: 2.164, Acc: 0.932, Base Lr: 2.45e-06
2025-12-09 12:55:16,829 DeMo.train INFO: Epoch 26 done. Time per batch: 0.320[s] Speed: 200.2[samples/s]
2025-12-09 12:55:16,830 DeMo.train INFO: ~~~~~~~~~~~~~~~~~~~~~~~~~~~~~~~~~~~~~~~~~~~~~~~~~~
2025-12-09 12:55:16,830 DeMo.train INFO: Current is the [moe,ori] feature testing!
2025-12-09 12:55:16,831 DeMo.train INFO: ~~~~~~~~~~~~~~~~~~~~~~~~~~~~~~~~~~~~~~~~~~~~~~~~~~
The test feature is normalized
=> Computing DistMat with euclidean_distance
2025-12-09 12:55:22,170 DeMo.train INFO: Validation Results - Epoch: 26
2025-12-09 12:55:22,170 DeMo.train INFO: mAP: 74.4%
2025-12-09 12:55:22,170 DeMo.train INFO: CMC curve, Rank-1  :78.1%
2025-12-09 12:55:22,170 DeMo.train INFO: CMC curve, Rank-5  :85.6%
2025-12-09 12:55:22,170 DeMo.train INFO: CMC curve, Rank-10 :89.5%
2025-12-09 12:55:22,170 DeMo.train INFO: ~~~~~~~~~~~~~~~~~~~~~~~~~~~~~~~~~~~~~~~~~~~~~~~~~~
2025-12-09 12:55:24,313 DeMo.train INFO: ~~~~~~~~~~~~~~~~~~~~~~~~~~~~~~~~~~~~~~~~~~~~~~~~~~
2025-12-09 12:55:24,314 DeMo.train INFO: Best mAP: 75.4%
2025-12-09 12:55:24,314 DeMo.train INFO: Best Rank-1: 78.9%
2025-12-09 12:55:24,314 DeMo.train INFO: Best Rank-5: 84.7%
2025-12-09 12:55:24,314 DeMo.train INFO: Best Rank-10: 88.0%
2025-12-09 12:55:24,314 DeMo.train INFO: ~~~~~~~~~~~~~~~~~~~~~~~~~~~~~~~~~~~~~~~~~~~~~~~~~~
2025-12-09 12:55:29,401 DeMo.train INFO: Epoch[27] Iteration[10/54] Loss: 2.174, Acc: 0.898, Base Lr: 2.35e-06
2025-12-09 12:55:31,918 DeMo.train INFO: Epoch[27] Iteration[20/54] Loss: 2.162, Acc: 0.887, Base Lr: 2.35e-06
2025-12-09 12:55:34,434 DeMo.train INFO: Epoch[27] Iteration[30/54] Loss: 2.162, Acc: 0.911, Base Lr: 2.35e-06
2025-12-09 12:55:36,955 DeMo.train INFO: Epoch[27] Iteration[40/54] Loss: 2.159, Acc: 0.923, Base Lr: 2.35e-06
2025-12-09 12:55:39,468 DeMo.train INFO: Epoch[27] Iteration[50/54] Loss: 2.152, Acc: 0.928, Base Lr: 2.35e-06
2025-12-09 12:55:40,364 DeMo.train INFO: Epoch 27 done. Time per batch: 0.303[s] Speed: 211.3[samples/s]
2025-12-09 12:55:40,366 DeMo.train INFO: ~~~~~~~~~~~~~~~~~~~~~~~~~~~~~~~~~~~~~~~~~~~~~~~~~~
2025-12-09 12:55:40,366 DeMo.train INFO: Current is the [moe,ori] feature testing!
2025-12-09 12:55:40,366 DeMo.train INFO: ~~~~~~~~~~~~~~~~~~~~~~~~~~~~~~~~~~~~~~~~~~~~~~~~~~
The test feature is normalized
=> Computing DistMat with euclidean_distance
2025-12-09 12:55:46,460 DeMo.train INFO: Validation Results - Epoch: 27
2025-12-09 12:55:46,461 DeMo.train INFO: mAP: 76.2%
2025-12-09 12:55:46,462 DeMo.train INFO: CMC curve, Rank-1  :79.7%
2025-12-09 12:55:46,463 DeMo.train INFO: CMC curve, Rank-5  :85.8%
2025-12-09 12:55:46,464 DeMo.train INFO: CMC curve, Rank-10 :88.8%
2025-12-09 12:55:46,465 DeMo.train INFO: ~~~~~~~~~~~~~~~~~~~~~~~~~~~~~~~~~~~~~~~~~~~~~~~~~~
2025-12-09 12:56:18,409 DeMo.train INFO: ~~~~~~~~~~~~~~~~~~~~~~~~~~~~~~~~~~~~~~~~~~~~~~~~~~
2025-12-09 12:56:18,409 DeMo.train INFO: Best mAP: 76.2%
2025-12-09 12:56:18,409 DeMo.train INFO: Best Rank-1: 79.7%
2025-12-09 12:56:18,409 DeMo.train INFO: Best Rank-5: 85.8%
2025-12-09 12:56:18,409 DeMo.train INFO: Best Rank-10: 88.8%
2025-12-09 12:56:18,410 DeMo.train INFO: ~~~~~~~~~~~~~~~~~~~~~~~~~~~~~~~~~~~~~~~~~~~~~~~~~~
2025-12-09 12:56:25,390 DeMo.train INFO: Epoch[28] Iteration[10/54] Loss: 2.165, Acc: 0.856, Base Lr: 2.24e-06
2025-12-09 12:56:27,943 DeMo.train INFO: Epoch[28] Iteration[20/54] Loss: 2.147, Acc: 0.896, Base Lr: 2.24e-06
2025-12-09 12:56:30,443 DeMo.train INFO: Epoch[28] Iteration[30/54] Loss: 2.136, Acc: 0.919, Base Lr: 2.24e-06
2025-12-09 12:56:32,936 DeMo.train INFO: Epoch[28] Iteration[40/54] Loss: 2.131, Acc: 0.924, Base Lr: 2.24e-06
2025-12-09 12:56:35,433 DeMo.train INFO: Epoch[28] Iteration[50/54] Loss: 2.123, Acc: 0.937, Base Lr: 2.24e-06
2025-12-09 12:56:36,322 DeMo.train INFO: Epoch 28 done. Time per batch: 0.338[s] Speed: 189.4[samples/s]
2025-12-09 12:56:36,323 DeMo.train INFO: ~~~~~~~~~~~~~~~~~~~~~~~~~~~~~~~~~~~~~~~~~~~~~~~~~~
2025-12-09 12:56:36,323 DeMo.train INFO: Current is the [moe,ori] feature testing!
2025-12-09 12:56:36,324 DeMo.train INFO: ~~~~~~~~~~~~~~~~~~~~~~~~~~~~~~~~~~~~~~~~~~~~~~~~~~
The test feature is normalized
=> Computing DistMat with euclidean_distance
2025-12-09 12:56:41,899 DeMo.train INFO: Validation Results - Epoch: 28
2025-12-09 12:56:41,899 DeMo.train INFO: mAP: 76.5%
2025-12-09 12:56:41,900 DeMo.train INFO: CMC curve, Rank-1  :80.1%
2025-12-09 12:56:41,900 DeMo.train INFO: CMC curve, Rank-5  :85.6%
2025-12-09 12:56:41,900 DeMo.train INFO: CMC curve, Rank-10 :88.8%
2025-12-09 12:56:41,900 DeMo.train INFO: ~~~~~~~~~~~~~~~~~~~~~~~~~~~~~~~~~~~~~~~~~~~~~~~~~~
2025-12-09 12:57:01,547 DeMo.train INFO: ~~~~~~~~~~~~~~~~~~~~~~~~~~~~~~~~~~~~~~~~~~~~~~~~~~
2025-12-09 12:57:01,551 DeMo.train INFO: Best mAP: 76.5%
2025-12-09 12:57:01,551 DeMo.train INFO: Best Rank-1: 80.1%
2025-12-09 12:57:01,551 DeMo.train INFO: Best Rank-5: 85.6%
2025-12-09 12:57:01,552 DeMo.train INFO: Best Rank-10: 88.8%
2025-12-09 12:57:01,552 DeMo.train INFO: ~~~~~~~~~~~~~~~~~~~~~~~~~~~~~~~~~~~~~~~~~~~~~~~~~~
2025-12-09 12:57:09,304 DeMo.train INFO: Epoch[29] Iteration[10/54] Loss: 2.136, Acc: 0.902, Base Lr: 2.14e-06
2025-12-09 12:57:12,247 DeMo.train INFO: Epoch[29] Iteration[20/54] Loss: 2.125, Acc: 0.906, Base Lr: 2.14e-06
2025-12-09 12:57:14,729 DeMo.train INFO: Epoch[29] Iteration[30/54] Loss: 2.117, Acc: 0.927, Base Lr: 2.14e-06
2025-12-09 12:57:17,282 DeMo.train INFO: Epoch[29] Iteration[40/54] Loss: 2.114, Acc: 0.937, Base Lr: 2.14e-06
2025-12-09 12:57:19,789 DeMo.train INFO: Epoch[29] Iteration[50/54] Loss: 2.110, Acc: 0.942, Base Lr: 2.14e-06
2025-12-09 12:57:20,443 DeMo.train INFO: Epoch 29 done. Time per batch: 0.363[s] Speed: 176.2[samples/s]
2025-12-09 12:57:20,445 DeMo.train INFO: ~~~~~~~~~~~~~~~~~~~~~~~~~~~~~~~~~~~~~~~~~~~~~~~~~~
2025-12-09 12:57:20,445 DeMo.train INFO: Current is the [moe,ori] feature testing!
2025-12-09 12:57:20,445 DeMo.train INFO: ~~~~~~~~~~~~~~~~~~~~~~~~~~~~~~~~~~~~~~~~~~~~~~~~~~
The test feature is normalized
=> Computing DistMat with euclidean_distance
2025-12-09 12:57:26,045 DeMo.train INFO: Validation Results - Epoch: 29
2025-12-09 12:57:26,045 DeMo.train INFO: mAP: 76.6%
2025-12-09 12:57:26,045 DeMo.train INFO: CMC curve, Rank-1  :80.7%
2025-12-09 12:57:26,045 DeMo.train INFO: CMC curve, Rank-5  :85.6%
2025-12-09 12:57:26,045 DeMo.train INFO: CMC curve, Rank-10 :89.1%
2025-12-09 12:57:26,045 DeMo.train INFO: ~~~~~~~~~~~~~~~~~~~~~~~~~~~~~~~~~~~~~~~~~~~~~~~~~~
2025-12-09 12:57:58,713 DeMo.train INFO: ~~~~~~~~~~~~~~~~~~~~~~~~~~~~~~~~~~~~~~~~~~~~~~~~~~
2025-12-09 12:57:58,714 DeMo.train INFO: Best mAP: 76.6%
2025-12-09 12:57:58,716 DeMo.train INFO: Best Rank-1: 80.7%
2025-12-09 12:57:58,716 DeMo.train INFO: Best Rank-5: 85.6%
2025-12-09 12:57:58,717 DeMo.train INFO: Best Rank-10: 89.1%
2025-12-09 12:57:58,718 DeMo.train INFO: ~~~~~~~~~~~~~~~~~~~~~~~~~~~~~~~~~~~~~~~~~~~~~~~~~~
2025-12-09 12:58:09,701 DeMo.train INFO: Epoch[30] Iteration[10/54] Loss: 2.125, Acc: 0.864, Base Lr: 2.04e-06
2025-12-09 12:58:12,653 DeMo.train INFO: Epoch[30] Iteration[20/54] Loss: 2.119, Acc: 0.889, Base Lr: 2.04e-06
2025-12-09 12:58:15,148 DeMo.train INFO: Epoch[30] Iteration[30/54] Loss: 2.108, Acc: 0.919, Base Lr: 2.04e-06
2025-12-09 12:58:17,671 DeMo.train INFO: Epoch[30] Iteration[40/54] Loss: 2.104, Acc: 0.921, Base Lr: 2.04e-06
2025-12-09 12:58:20,197 DeMo.train INFO: Epoch[30] Iteration[50/54] Loss: 2.104, Acc: 0.927, Base Lr: 2.04e-06
2025-12-09 12:58:21,075 DeMo.train INFO: Epoch 30 done. Time per batch: 0.422[s] Speed: 151.7[samples/s]
2025-12-09 12:58:21,076 DeMo.train INFO: ~~~~~~~~~~~~~~~~~~~~~~~~~~~~~~~~~~~~~~~~~~~~~~~~~~
2025-12-09 12:58:21,076 DeMo.train INFO: Current is the [moe,ori] feature testing!
2025-12-09 12:58:21,077 DeMo.train INFO: ~~~~~~~~~~~~~~~~~~~~~~~~~~~~~~~~~~~~~~~~~~~~~~~~~~
The test feature is normalized
=> Computing DistMat with euclidean_distance
2025-12-09 12:58:26,330 DeMo.train INFO: Validation Results - Epoch: 30
2025-12-09 12:58:26,330 DeMo.train INFO: mAP: 75.8%
2025-12-09 12:58:26,330 DeMo.train INFO: CMC curve, Rank-1  :80.3%
2025-12-09 12:58:26,330 DeMo.train INFO: CMC curve, Rank-5  :85.6%
2025-12-09 12:58:26,331 DeMo.train INFO: CMC curve, Rank-10 :89.0%
2025-12-09 12:58:26,331 DeMo.train INFO: ~~~~~~~~~~~~~~~~~~~~~~~~~~~~~~~~~~~~~~~~~~~~~~~~~~
2025-12-09 12:58:27,499 DeMo.train INFO: ~~~~~~~~~~~~~~~~~~~~~~~~~~~~~~~~~~~~~~~~~~~~~~~~~~
2025-12-09 12:58:27,499 DeMo.train INFO: Best mAP: 76.6%
2025-12-09 12:58:27,499 DeMo.train INFO: Best Rank-1: 80.7%
2025-12-09 12:58:27,499 DeMo.train INFO: Best Rank-5: 85.6%
2025-12-09 12:58:27,499 DeMo.train INFO: Best Rank-10: 89.1%
2025-12-09 12:58:27,499 DeMo.train INFO: ~~~~~~~~~~~~~~~~~~~~~~~~~~~~~~~~~~~~~~~~~~~~~~~~~~
2025-12-09 12:58:33,564 DeMo.train INFO: Epoch[31] Iteration[10/54] Loss: 2.115, Acc: 0.870, Base Lr: 1.94e-06
2025-12-09 12:58:36,090 DeMo.train INFO: Epoch[31] Iteration[20/54] Loss: 2.112, Acc: 0.905, Base Lr: 1.94e-06
2025-12-09 12:58:38,576 DeMo.train INFO: Epoch[31] Iteration[30/54] Loss: 2.108, Acc: 0.918, Base Lr: 1.94e-06
2025-12-09 12:58:41,086 DeMo.train INFO: Epoch[31] Iteration[40/54] Loss: 2.101, Acc: 0.930, Base Lr: 1.94e-06
2025-12-09 12:58:43,595 DeMo.train INFO: Epoch[31] Iteration[50/54] Loss: 2.097, Acc: 0.931, Base Lr: 1.94e-06
2025-12-09 12:58:44,484 DeMo.train INFO: Epoch 31 done. Time per batch: 0.320[s] Speed: 199.7[samples/s]
2025-12-09 12:58:44,487 DeMo.train INFO: ~~~~~~~~~~~~~~~~~~~~~~~~~~~~~~~~~~~~~~~~~~~~~~~~~~
2025-12-09 12:58:44,487 DeMo.train INFO: Current is the [moe,ori] feature testing!
2025-12-09 12:58:44,488 DeMo.train INFO: ~~~~~~~~~~~~~~~~~~~~~~~~~~~~~~~~~~~~~~~~~~~~~~~~~~
The test feature is normalized
=> Computing DistMat with euclidean_distance
2025-12-09 12:58:53,304 DeMo.train INFO: Validation Results - Epoch: 31
2025-12-09 12:58:53,304 DeMo.train INFO: mAP: 75.2%
2025-12-09 12:58:53,305 DeMo.train INFO: CMC curve, Rank-1  :78.8%
2025-12-09 12:58:53,305 DeMo.train INFO: CMC curve, Rank-5  :84.7%
2025-12-09 12:58:53,305 DeMo.train INFO: CMC curve, Rank-10 :88.4%
2025-12-09 12:58:53,305 DeMo.train INFO: ~~~~~~~~~~~~~~~~~~~~~~~~~~~~~~~~~~~~~~~~~~~~~~~~~~
2025-12-09 12:58:54,649 DeMo.train INFO: ~~~~~~~~~~~~~~~~~~~~~~~~~~~~~~~~~~~~~~~~~~~~~~~~~~
2025-12-09 12:58:54,649 DeMo.train INFO: Best mAP: 76.6%
2025-12-09 12:58:54,649 DeMo.train INFO: Best Rank-1: 80.7%
2025-12-09 12:58:54,649 DeMo.train INFO: Best Rank-5: 85.6%
2025-12-09 12:58:54,650 DeMo.train INFO: Best Rank-10: 89.1%
2025-12-09 12:58:54,650 DeMo.train INFO: ~~~~~~~~~~~~~~~~~~~~~~~~~~~~~~~~~~~~~~~~~~~~~~~~~~
2025-12-09 12:59:02,152 DeMo.train INFO: Epoch[32] Iteration[10/54] Loss: 2.129, Acc: 0.883, Base Lr: 1.84e-06
2025-12-09 12:59:04,687 DeMo.train INFO: Epoch[32] Iteration[20/54] Loss: 2.114, Acc: 0.898, Base Lr: 1.84e-06
2025-12-09 12:59:07,208 DeMo.train INFO: Epoch[32] Iteration[30/54] Loss: 2.109, Acc: 0.908, Base Lr: 1.84e-06
2025-12-09 12:59:09,725 DeMo.train INFO: Epoch[32] Iteration[40/54] Loss: 2.102, Acc: 0.918, Base Lr: 1.84e-06
2025-12-09 12:59:12,277 DeMo.train INFO: Epoch[32] Iteration[50/54] Loss: 2.096, Acc: 0.930, Base Lr: 1.84e-06
2025-12-09 12:59:13,186 DeMo.train INFO: Epoch 32 done. Time per batch: 0.350[s] Speed: 183.0[samples/s]
2025-12-09 12:59:13,188 DeMo.train INFO: ~~~~~~~~~~~~~~~~~~~~~~~~~~~~~~~~~~~~~~~~~~~~~~~~~~
2025-12-09 12:59:13,188 DeMo.train INFO: Current is the [moe,ori] feature testing!
2025-12-09 12:59:13,188 DeMo.train INFO: ~~~~~~~~~~~~~~~~~~~~~~~~~~~~~~~~~~~~~~~~~~~~~~~~~~
The test feature is normalized
=> Computing DistMat with euclidean_distance
2025-12-09 12:59:18,452 DeMo.train INFO: Validation Results - Epoch: 32
2025-12-09 12:59:18,453 DeMo.train INFO: mAP: 77.1%
2025-12-09 12:59:18,453 DeMo.train INFO: CMC curve, Rank-1  :81.8%
2025-12-09 12:59:18,453 DeMo.train INFO: CMC curve, Rank-5  :87.1%
2025-12-09 12:59:18,453 DeMo.train INFO: CMC curve, Rank-10 :89.5%
2025-12-09 12:59:18,453 DeMo.train INFO: ~~~~~~~~~~~~~~~~~~~~~~~~~~~~~~~~~~~~~~~~~~~~~~~~~~
2025-12-09 12:59:48,014 DeMo.train INFO: ~~~~~~~~~~~~~~~~~~~~~~~~~~~~~~~~~~~~~~~~~~~~~~~~~~
2025-12-09 12:59:48,015 DeMo.train INFO: Best mAP: 77.1%
2025-12-09 12:59:48,016 DeMo.train INFO: Best Rank-1: 81.8%
2025-12-09 12:59:48,017 DeMo.train INFO: Best Rank-5: 87.1%
2025-12-09 12:59:48,018 DeMo.train INFO: Best Rank-10: 89.5%
2025-12-09 12:59:48,018 DeMo.train INFO: ~~~~~~~~~~~~~~~~~~~~~~~~~~~~~~~~~~~~~~~~~~~~~~~~~~
2025-12-09 13:00:00,834 DeMo.train INFO: Epoch[33] Iteration[10/54] Loss: 2.094, Acc: 0.905, Base Lr: 1.73e-06
2025-12-09 13:00:03,693 DeMo.train INFO: Epoch[33] Iteration[20/54] Loss: 2.090, Acc: 0.911, Base Lr: 1.73e-06
2025-12-09 13:00:06,200 DeMo.train INFO: Epoch[33] Iteration[30/54] Loss: 2.089, Acc: 0.922, Base Lr: 1.73e-06
2025-12-09 13:00:08,696 DeMo.train INFO: Epoch[33] Iteration[40/54] Loss: 2.085, Acc: 0.930, Base Lr: 1.73e-06
2025-12-09 13:00:11,189 DeMo.train INFO: Epoch[33] Iteration[50/54] Loss: 2.080, Acc: 0.933, Base Lr: 1.73e-06
2025-12-09 13:00:12,080 DeMo.train INFO: Epoch 33 done. Time per batch: 0.454[s] Speed: 141.0[samples/s]
2025-12-09 13:00:12,084 DeMo.train INFO: ~~~~~~~~~~~~~~~~~~~~~~~~~~~~~~~~~~~~~~~~~~~~~~~~~~
2025-12-09 13:00:12,084 DeMo.train INFO: Current is the [moe,ori] feature testing!
2025-12-09 13:00:12,084 DeMo.train INFO: ~~~~~~~~~~~~~~~~~~~~~~~~~~~~~~~~~~~~~~~~~~~~~~~~~~
The test feature is normalized
=> Computing DistMat with euclidean_distance
2025-12-09 13:00:17,630 DeMo.train INFO: Validation Results - Epoch: 33
2025-12-09 13:00:17,630 DeMo.train INFO: mAP: 78.2%
2025-12-09 13:00:17,630 DeMo.train INFO: CMC curve, Rank-1  :82.5%
2025-12-09 13:00:17,631 DeMo.train INFO: CMC curve, Rank-5  :87.3%
2025-12-09 13:00:17,631 DeMo.train INFO: CMC curve, Rank-10 :89.5%
2025-12-09 13:00:17,631 DeMo.train INFO: ~~~~~~~~~~~~~~~~~~~~~~~~~~~~~~~~~~~~~~~~~~~~~~~~~~
