2025-12-09 09:30:08,499 DeMo INFO: Saving model in the path :..
2025-12-09 09:30:08,499 DeMo INFO: Namespace(config_file='configs/MSVR310/DeMo_SDTPS_DGAF_ablation.yml', exp_name=None, fea_cft=0, local_rank=0, opts=['MODEL.USE_SDTPS', 'False', 'MODEL.USE_DGAF', 'False', 'MODEL.GLOBAL_LOCAL', 'False'])
2025-12-09 09:30:08,499 DeMo INFO: Loaded configuration file configs/MSVR310/DeMo_SDTPS_DGAF_ablation.yml
2025-12-09 09:30:08,500 DeMo INFO: 
MODEL:
  TRANSFORMER_TYPE: 'ViT-B-16'
  STRIDE_SIZE: [ 16, 16 ]
  SIE_CAMERA: True
  DIRECT: 1
  SIE_COE: 1.0
  ID_LOSS_WEIGHT: 0.25
  TRIPLET_LOSS_WEIGHT: 1.0
  GLOBAL_LOCAL: False  # DGAF V3 直接用 tokens，不需要 GLOBAL_LOCAL
  # Disable HDM and ATM
  HDM: False
  ATM: False
  # SACR disabled for ablation
  USE_SACR: False
  USE_MULTIMODAL_SACR: False
  # LIF disabled
  USE_LIF: False
  # SDTPS configuration
  USE_SDTPS: True
  SDTPS_SPARSE_RATIO: 0.7  # token 保留比例（70%）
  SDTPS_USE_GUMBEL: False  # 禁用 Gumbel
  SDTPS_GUMBEL_TAU: 5.0
  SDTPS_CROSS_ATTN_TYPE: 'attention'  # 使用 Cross-Attention
  SDTPS_CROSS_ATTN_HEADS: 4  # Cross-Attention 头数
  # 已废弃参数（保留兼容性）
  SDTPS_BETA: 0.25         # 已不使用
  SDTPS_AGGR_RATIO: 0.5    # 已不使用
  SDTPS_LOSS_WEIGHT: 2.0
  # DGAF: Dual-Gated Adaptive Fusion
  USE_DGAF: True
  DGAF_VERSION: 'v3'  # V3 接受 (B,N,C) tokens
  DGAF_TAU: 1.0
  DGAF_INIT_ALPHA: 0.5
  DGAF_NUM_HEADS: 8
  HEAD: 4

INPUT:
  SIZE_TRAIN: [ 128, 256 ]
  SIZE_TEST: [ 128, 256 ]
  PROB: 0.5
  RE_PROB: 0.5
  PADDING: 10

DATALOADER:
  SAMPLER: 'softmax_triplet'
  NUM_INSTANCE: 4
  NUM_WORKERS: 14

DATASETS:
  NAMES: ('MSVR310')
  ROOT_DIR: '..'

SOLVER:
  BASE_LR: 0.00035
  MAX_EPOCHS: 50
  STEPS: [30, 40]
  GAMMA: 0.1
  WARMUP_ITERS: 10
  WARMUP_FACTOR: 0.01
  WARMUP_METHOD: 'linear'
  OPTIMIZER_NAME: 'Adam'
  IMS_PER_BATCH: 64
  EVAL_PERIOD: 1
  CHECKPOINT_PERIOD: 10

TEST:
  IMS_PER_BATCH: 64
  RE_RANKING: 'no'
  WEIGHT: ''
  NECK_FEAT: 'before'
  FEAT_NORM: 'yes'
  MISS: "nothing"

OUTPUT_DIR: '..'

# ============================================================================
# MSVR310 SDTPS + DGAF Ablation Config
# ============================================================================
# - Based on original DeMo.yml for MSVR310
# - SACR: disabled
# - HDM/ATM: disabled, DIRECT: 1
# - SDTPS: configurable via command line
# - DGAF V3: configurable via command line
# - Training: lr=0.00035, epochs=50, warmup=10 (same as original)
# ============================================================================

2025-12-09 09:30:08,500 DeMo INFO: Running with config:
DATALOADER:
  NUM_INSTANCE: 4
  NUM_WORKERS: 14
  SAMPLER: softmax_triplet
DATASETS:
  NAMES: MSVR310
  ROOT_DIR: ..
INPUT:
  PADDING: 10
  PIXEL_MEAN: [0.5, 0.5, 0.5]
  PIXEL_STD: [0.5, 0.5, 0.5]
  PROB: 0.5
  RE_PROB: 0.5
  SIZE_TEST: [128, 256]
  SIZE_TRAIN: [128, 256]
MODEL:
  ADAPTER: False
  ATM: False
  ATT_DROP_RATE: 0.0
  DEVICE: cuda
  DEVICE_ID: 0
  DGAF_INIT_ALPHA: 0.5
  DGAF_NUM_HEADS: 8
  DGAF_TAU: 1.0
  DGAF_VERSION: v3
  DIRECT: 1
  DIST_TRAIN: False
  DROP_OUT: 0.0
  DROP_PATH: 0.1
  FROZEN: False
  GLOBAL_LOCAL: False
  HDM: False
  HEAD: 4
  ID_LOSS_TYPE: softmax
  ID_LOSS_WEIGHT: 0.25
  IF_LABELSMOOTH: on
  IF_WITH_CENTER: no
  LIF_BETA: 0.4
  LIF_LAYER: 3
  LIF_LOSS_WEIGHT: 0.1
  METRIC_LOSS_TYPE: triplet
  MULTIMODAL_SACR_VERSION: v1
  NAME: DeMo
  NECK: bnneck
  NO_MARGIN: True
  PRETRAIN_PATH_T: /path/to/your/vitb_16_224_21k.pth
  PROMPT: False
  SACR_DILATION_RATES: [2, 3, 4]
  SDTPS_AGGR_RATIO: 0.5
  SDTPS_BETA: 0.25
  SDTPS_CROSS_ATTN_HEADS: 4
  SDTPS_CROSS_ATTN_TYPE: attention
  SDTPS_GUMBEL_TAU: 5.0
  SDTPS_LOSS_WEIGHT: 2.0
  SDTPS_SPARSE_RATIO: 0.7
  SDTPS_USE_GUMBEL: False
  SIE_CAMERA: True
  SIE_COE: 1.0
  SIE_VIEW: False
  STRIDE_SIZE: [16, 16]
  TRANSFORMER_TYPE: ViT-B-16
  TRIPLET_LOSS_WEIGHT: 1.0
  USE_DGAF: False
  USE_LIF: False
  USE_MULTIMODAL_SACR: False
  USE_SACR: False
  USE_SDTPS: False
OUTPUT_DIR: ..
SOLVER:
  BASE_LR: 0.00035
  CENTER_LOSS_WEIGHT: 0.0005
  CENTER_LR: 0.5
  CHECKPOINT_PERIOD: 10
  CLUSTER_MARGIN: 0.3
  COSINE_MARGIN: 0.5
  COSINE_SCALE: 30
  EVAL_PERIOD: 1
  GAMMA: 0.1
  IMS_PER_BATCH: 64
  LARGE_FC_LR: False
  LOG_PERIOD: 10
  LR_SCHEDULER: cosine
  MARGIN: 0.3
  MAX_EPOCHS: 50
  MOMENTUM: 0.9
  OPTIMIZER_NAME: Adam
  RANGE_ALPHA: 0
  RANGE_BETA: 1
  RANGE_K: 2
  RANGE_LOSS_WEIGHT: 1
  RANGE_MARGIN: 0.3
  SEED: 1234
  STEPS: (30, 40)
  WARMUP_FACTOR: 0.01
  WARMUP_ITERS: 10
  WARMUP_METHOD: linear
  WEIGHT_DECAY: 0.0001
  WEIGHT_DECAY_BIAS: 0.0001
TEST:
  FEAT: 0
  FEAT_NORM: yes
  IMS_PER_BATCH: 64
  MISS: nothing
  NECK_FEAT: before
  RE_RANKING: no
  WEIGHT: 
=> RGB_IR loaded
Dataset statistics:
  ----------------------------------------
  subset   | # ids | # images | # cameras
  ----------------------------------------
  train    |   155 |     1032 |         8
  query    |    52 |      591 |         8
  gallery  |   155 |     1055 |         8
  ----------------------------------------
data is ready
using Transformer_type: ViT-B-16 as a backbone
Resized position embedding: %s to %s torch.Size([197, 768]) torch.Size([129, 768])
Position embedding resize to height:8 width: 16
Successfully load ckpt!
<All keys matched successfully>
Loading pretrained model from CLIP
camera number is : 8
===========Building DeMo===========
2025-12-09 09:30:20,206 DeMo INFO: DeMo(
  (BACKBONE): build_transformer(
    (base): VisionTransformer(
      (conv1): Conv2d(3, 768, kernel_size=(16, 16), stride=(16, 16), bias=False)
      (ln_pre): LayerNorm((768,), eps=1e-05, elementwise_affine=True)
      (transformer): Transformer(
        (resblocks): Sequential(
          (0): ResidualAttentionBlock(
            (attn): MultiheadAttention(
              (out_proj): NonDynamicallyQuantizableLinear(in_features=768, out_features=768, bias=True)
            )
            (ln_1): LayerNorm((768,), eps=1e-05, elementwise_affine=True)
            (mlp): Sequential(
              (c_fc): Linear(in_features=768, out_features=3072, bias=True)
              (gelu): QuickGELU()
              (c_proj): Linear(in_features=3072, out_features=768, bias=True)
            )
            (ln_2): LayerNorm((768,), eps=1e-05, elementwise_affine=True)
          )
          (1): ResidualAttentionBlock(
            (attn): MultiheadAttention(
              (out_proj): NonDynamicallyQuantizableLinear(in_features=768, out_features=768, bias=True)
            )
            (ln_1): LayerNorm((768,), eps=1e-05, elementwise_affine=True)
            (mlp): Sequential(
              (c_fc): Linear(in_features=768, out_features=3072, bias=True)
              (gelu): QuickGELU()
              (c_proj): Linear(in_features=3072, out_features=768, bias=True)
            )
            (ln_2): LayerNorm((768,), eps=1e-05, elementwise_affine=True)
          )
          (2): ResidualAttentionBlock(
            (attn): MultiheadAttention(
              (out_proj): NonDynamicallyQuantizableLinear(in_features=768, out_features=768, bias=True)
            )
            (ln_1): LayerNorm((768,), eps=1e-05, elementwise_affine=True)
            (mlp): Sequential(
              (c_fc): Linear(in_features=768, out_features=3072, bias=True)
              (gelu): QuickGELU()
              (c_proj): Linear(in_features=3072, out_features=768, bias=True)
            )
            (ln_2): LayerNorm((768,), eps=1e-05, elementwise_affine=True)
          )
          (3): ResidualAttentionBlock(
            (attn): MultiheadAttention(
              (out_proj): NonDynamicallyQuantizableLinear(in_features=768, out_features=768, bias=True)
            )
            (ln_1): LayerNorm((768,), eps=1e-05, elementwise_affine=True)
            (mlp): Sequential(
              (c_fc): Linear(in_features=768, out_features=3072, bias=True)
              (gelu): QuickGELU()
              (c_proj): Linear(in_features=3072, out_features=768, bias=True)
            )
            (ln_2): LayerNorm((768,), eps=1e-05, elementwise_affine=True)
          )
          (4): ResidualAttentionBlock(
            (attn): MultiheadAttention(
              (out_proj): NonDynamicallyQuantizableLinear(in_features=768, out_features=768, bias=True)
            )
            (ln_1): LayerNorm((768,), eps=1e-05, elementwise_affine=True)
            (mlp): Sequential(
              (c_fc): Linear(in_features=768, out_features=3072, bias=True)
              (gelu): QuickGELU()
              (c_proj): Linear(in_features=3072, out_features=768, bias=True)
            )
            (ln_2): LayerNorm((768,), eps=1e-05, elementwise_affine=True)
          )
          (5): ResidualAttentionBlock(
            (attn): MultiheadAttention(
              (out_proj): NonDynamicallyQuantizableLinear(in_features=768, out_features=768, bias=True)
            )
            (ln_1): LayerNorm((768,), eps=1e-05, elementwise_affine=True)
            (mlp): Sequential(
              (c_fc): Linear(in_features=768, out_features=3072, bias=True)
              (gelu): QuickGELU()
              (c_proj): Linear(in_features=3072, out_features=768, bias=True)
            )
            (ln_2): LayerNorm((768,), eps=1e-05, elementwise_affine=True)
          )
          (6): ResidualAttentionBlock(
            (attn): MultiheadAttention(
              (out_proj): NonDynamicallyQuantizableLinear(in_features=768, out_features=768, bias=True)
            )
            (ln_1): LayerNorm((768,), eps=1e-05, elementwise_affine=True)
            (mlp): Sequential(
              (c_fc): Linear(in_features=768, out_features=3072, bias=True)
              (gelu): QuickGELU()
              (c_proj): Linear(in_features=3072, out_features=768, bias=True)
            )
            (ln_2): LayerNorm((768,), eps=1e-05, elementwise_affine=True)
          )
          (7): ResidualAttentionBlock(
            (attn): MultiheadAttention(
              (out_proj): NonDynamicallyQuantizableLinear(in_features=768, out_features=768, bias=True)
            )
            (ln_1): LayerNorm((768,), eps=1e-05, elementwise_affine=True)
            (mlp): Sequential(
              (c_fc): Linear(in_features=768, out_features=3072, bias=True)
              (gelu): QuickGELU()
              (c_proj): Linear(in_features=3072, out_features=768, bias=True)
            )
            (ln_2): LayerNorm((768,), eps=1e-05, elementwise_affine=True)
          )
          (8): ResidualAttentionBlock(
            (attn): MultiheadAttention(
              (out_proj): NonDynamicallyQuantizableLinear(in_features=768, out_features=768, bias=True)
            )
            (ln_1): LayerNorm((768,), eps=1e-05, elementwise_affine=True)
            (mlp): Sequential(
              (c_fc): Linear(in_features=768, out_features=3072, bias=True)
              (gelu): QuickGELU()
              (c_proj): Linear(in_features=3072, out_features=768, bias=True)
            )
            (ln_2): LayerNorm((768,), eps=1e-05, elementwise_affine=True)
          )
          (9): ResidualAttentionBlock(
            (attn): MultiheadAttention(
              (out_proj): NonDynamicallyQuantizableLinear(in_features=768, out_features=768, bias=True)
            )
            (ln_1): LayerNorm((768,), eps=1e-05, elementwise_affine=True)
            (mlp): Sequential(
              (c_fc): Linear(in_features=768, out_features=3072, bias=True)
              (gelu): QuickGELU()
              (c_proj): Linear(in_features=3072, out_features=768, bias=True)
            )
            (ln_2): LayerNorm((768,), eps=1e-05, elementwise_affine=True)
          )
          (10): ResidualAttentionBlock(
            (attn): MultiheadAttention(
              (out_proj): NonDynamicallyQuantizableLinear(in_features=768, out_features=768, bias=True)
            )
            (ln_1): LayerNorm((768,), eps=1e-05, elementwise_affine=True)
            (mlp): Sequential(
              (c_fc): Linear(in_features=768, out_features=3072, bias=True)
              (gelu): QuickGELU()
              (c_proj): Linear(in_features=3072, out_features=768, bias=True)
            )
            (ln_2): LayerNorm((768,), eps=1e-05, elementwise_affine=True)
          )
          (11): ResidualAttentionBlock(
            (attn): MultiheadAttention(
              (out_proj): NonDynamicallyQuantizableLinear(in_features=768, out_features=768, bias=True)
            )
            (ln_1): LayerNorm((768,), eps=1e-05, elementwise_affine=True)
            (mlp): Sequential(
              (c_fc): Linear(in_features=768, out_features=3072, bias=True)
              (gelu): QuickGELU()
              (c_proj): Linear(in_features=3072, out_features=768, bias=True)
            )
            (ln_2): LayerNorm((768,), eps=1e-05, elementwise_affine=True)
          )
        )
      )
      (ln_post): LayerNorm((768,), eps=1e-05, elementwise_affine=True)
    )
  )
  (classifier): Linear(in_features=1536, out_features=155, bias=False)
  (bottleneck): BatchNorm1d(1536, eps=1e-05, momentum=0.1, affine=True, track_running_stats=True)
)
2025-12-09 09:30:20,207 DeMo INFO: number of parameters:86.386176
/home/yij/miniconda3/envs/DeMo/lib/python3.8/site-packages/timm/models/helpers.py:7: FutureWarning: Importing from timm.models.helpers is deprecated, please import via timm.models
  warnings.warn(f"Importing from {__name__} is deprecated, please import via timm.models", FutureWarning)
/home/yij/miniconda3/envs/DeMo/lib/python3.8/site-packages/timm/models/registry.py:4: FutureWarning: Importing from timm.models.registry is deprecated, please import via timm.models
  warnings.warn(f"Importing from {__name__} is deprecated, please import via timm.models", FutureWarning)
/home/yij/miniconda3/envs/DeMo/lib/python3.8/site-packages/timm/models/layers/__init__.py:48: FutureWarning: Importing from timm.models.layers is deprecated, please import via timm.layers
  warnings.warn(f"Importing from {__name__} is deprecated, please import via timm.layers", FutureWarning)
/raid/yij/icme/demo2new/DeMo2/modeling/clip/clip.py:23: UserWarning: PyTorch version 1.7.1 or higher is recommended
  warnings.warn("PyTorch version 1.7.1 or higher is recommended")
/home/yij/miniconda3/envs/DeMo/lib/python3.8/site-packages/torchvision/transforms/transforms.py:329: UserWarning: Argument 'interpolation' of type int is deprecated since 0.13 and will be removed in 0.15. Please use InterpolationMode enum.
  warnings.warn(
The following submodules of the model were never called during the trace of the graph. They may be unused, or they were accessed by direct calls to .forward() or via other python methods. In the latter case they will have zeros for statistics, though their statistics will still contribute to their parent calling module.
BACKBONE.base.transformer.resblocks.0.attn.out_proj, BACKBONE.base.transformer.resblocks.1.attn.out_proj, BACKBONE.base.transformer.resblocks.10.attn.out_proj, BACKBONE.base.transformer.resblocks.11.attn.out_proj, BACKBONE.base.transformer.resblocks.2.attn.out_proj, BACKBONE.base.transformer.resblocks.3.attn.out_proj, BACKBONE.base.transformer.resblocks.4.attn.out_proj, BACKBONE.base.transformer.resblocks.5.attn.out_proj, BACKBONE.base.transformer.resblocks.6.attn.out_proj, BACKBONE.base.transformer.resblocks.7.attn.out_proj, BACKBONE.base.transformer.resblocks.8.attn.out_proj, BACKBONE.base.transformer.resblocks.9.attn.out_proj, bottleneck, classifier
~~~~~~~~~~~~~~~~~~~~~~~~~~~~~~~~~~~~~~~~~~~~~~~~~~~~~~~~~~~~~~~~~~~~~~~~~~~~~~~~~~~~~~~~~~~~~~~~
The out_proj here is called by the nn.MultiheadAttention, which has been calculated in th .forward(), so just ignore it.
~~~~~~~~~~~~~~~~~~~~~~~~~~~~~~~~~~~~~~~~~~~~~~~~~~~~~~~~~~~~~~~~~~~~~~~~~~~~~~~~~~~~~~~~~~~~~~~~
For the bottleneck or classifier, it is not calculated during inference, so just ignore it.
~~~~~~~~~~~~~~~~~~~~~~~~~~~~~~~~~~~~~~~~~~~~~~~~~~~~~~~~~~~~~~~~~~~~~~~~~~~~~~~~~~~~~~~~~~~~~~~~
2025-12-09 09:30:22,939 DeMo INFO: number of GFLOPs: 34.275378708000005
using soft triplet loss for training
label smooth on, numclasses: 155
2025-12-09 09:30:22,949 DeMo.train INFO: start training
2025-12-09 09:30:28,357 DeMo.train INFO: Epoch[1] Iteration[10/16] Loss: 3.018, Acc: 0.005, Base Lr: 6.65e-05
2025-12-09 09:30:29,409 DeMo.train INFO: Epoch 1 done. Time per batch: 0.461[s] Speed: 138.7[samples/s]
2025-12-09 09:30:29,410 DeMo.train INFO: ~~~~~~~~~~~~~~~~~~~~~~~~~~~~~~~~~~~~~~~~~~~~~~~~~~
2025-12-09 09:30:29,411 DeMo.train INFO: Current is the [moe,ori] feature testing!
2025-12-09 09:30:29,411 DeMo.train INFO: ~~~~~~~~~~~~~~~~~~~~~~~~~~~~~~~~~~~~~~~~~~~~~~~~~~
The test feature is normalized
2025-12-09 09:30:38,727 DeMo.train INFO: Validation Results - Epoch: 1
2025-12-09 09:30:38,728 DeMo.train INFO: mAP: 10.2%
2025-12-09 09:30:38,728 DeMo.train INFO: CMC curve, Rank-1  :21.3%
2025-12-09 09:30:38,728 DeMo.train INFO: CMC curve, Rank-5  :41.6%
2025-12-09 09:30:38,728 DeMo.train INFO: CMC curve, Rank-10 :47.5%
2025-12-09 09:30:38,728 DeMo.train INFO: ~~~~~~~~~~~~~~~~~~~~~~~~~~~~~~~~~~~~~~~~~~~~~~~~~~
2025-12-09 09:31:05,756 DeMo.train INFO: ~~~~~~~~~~~~~~~~~~~~~~~~~~~~~~~~~~~~~~~~~~~~~~~~~~
2025-12-09 09:31:05,756 DeMo.train INFO: Best mAP: 10.2%
2025-12-09 09:31:05,758 DeMo.train INFO: Best Rank-1: 21.3%
2025-12-09 09:31:05,758 DeMo.train INFO: Best Rank-5: 41.6%
2025-12-09 09:31:05,759 DeMo.train INFO: Best Rank-10: 47.5%
2025-12-09 09:31:05,759 DeMo.train INFO: ~~~~~~~~~~~~~~~~~~~~~~~~~~~~~~~~~~~~~~~~~~~~~~~~~~
2025-12-09 09:31:14,251 DeMo.train INFO: Epoch[2] Iteration[10/16] Loss: 2.070, Acc: 0.025, Base Lr: 9.80e-05
2025-12-09 09:31:15,301 DeMo.train INFO: Epoch 2 done. Time per batch: 0.681[s] Speed: 93.9[samples/s]
2025-12-09 09:31:15,302 DeMo.train INFO: ~~~~~~~~~~~~~~~~~~~~~~~~~~~~~~~~~~~~~~~~~~~~~~~~~~
2025-12-09 09:31:15,302 DeMo.train INFO: Current is the [moe,ori] feature testing!
2025-12-09 09:31:15,302 DeMo.train INFO: ~~~~~~~~~~~~~~~~~~~~~~~~~~~~~~~~~~~~~~~~~~~~~~~~~~
The test feature is normalized
2025-12-09 09:31:31,907 DeMo.train INFO: Validation Results - Epoch: 2
2025-12-09 09:31:31,908 DeMo.train INFO: mAP: 7.1%
2025-12-09 09:31:31,909 DeMo.train INFO: CMC curve, Rank-1  :12.4%
2025-12-09 09:31:31,909 DeMo.train INFO: CMC curve, Rank-5  :28.3%
2025-12-09 09:31:31,910 DeMo.train INFO: CMC curve, Rank-10 :36.2%
2025-12-09 09:31:31,911 DeMo.train INFO: ~~~~~~~~~~~~~~~~~~~~~~~~~~~~~~~~~~~~~~~~~~~~~~~~~~
2025-12-09 09:31:32,888 DeMo.train INFO: ~~~~~~~~~~~~~~~~~~~~~~~~~~~~~~~~~~~~~~~~~~~~~~~~~~
2025-12-09 09:31:32,890 DeMo.train INFO: Best mAP: 10.2%
2025-12-09 09:31:32,891 DeMo.train INFO: Best Rank-1: 21.3%
2025-12-09 09:31:32,891 DeMo.train INFO: Best Rank-5: 41.6%
2025-12-09 09:31:32,892 DeMo.train INFO: Best Rank-10: 47.5%
2025-12-09 09:31:32,894 DeMo.train INFO: ~~~~~~~~~~~~~~~~~~~~~~~~~~~~~~~~~~~~~~~~~~~~~~~~~~
2025-12-09 09:31:42,417 DeMo.train INFO: Epoch[3] Iteration[10/16] Loss: 2.017, Acc: 0.103, Base Lr: 1.30e-04
2025-12-09 09:31:43,471 DeMo.train INFO: Epoch 3 done. Time per batch: 0.755[s] Speed: 84.7[samples/s]
2025-12-09 09:31:43,473 DeMo.train INFO: ~~~~~~~~~~~~~~~~~~~~~~~~~~~~~~~~~~~~~~~~~~~~~~~~~~
2025-12-09 09:31:43,474 DeMo.train INFO: Current is the [moe,ori] feature testing!
2025-12-09 09:31:43,474 DeMo.train INFO: ~~~~~~~~~~~~~~~~~~~~~~~~~~~~~~~~~~~~~~~~~~~~~~~~~~
The test feature is normalized
2025-12-09 09:32:15,114 DeMo.train INFO: Validation Results - Epoch: 3
2025-12-09 09:32:15,114 DeMo.train INFO: mAP: 9.2%
2025-12-09 09:32:15,114 DeMo.train INFO: CMC curve, Rank-1  :16.6%
2025-12-09 09:32:15,115 DeMo.train INFO: CMC curve, Rank-5  :32.1%
2025-12-09 09:32:15,115 DeMo.train INFO: CMC curve, Rank-10 :38.9%
2025-12-09 09:32:15,115 DeMo.train INFO: ~~~~~~~~~~~~~~~~~~~~~~~~~~~~~~~~~~~~~~~~~~~~~~~~~~
2025-12-09 09:32:15,203 DeMo.train INFO: ~~~~~~~~~~~~~~~~~~~~~~~~~~~~~~~~~~~~~~~~~~~~~~~~~~
2025-12-09 09:32:15,203 DeMo.train INFO: Best mAP: 10.2%
2025-12-09 09:32:15,203 DeMo.train INFO: Best Rank-1: 21.3%
2025-12-09 09:32:15,203 DeMo.train INFO: Best Rank-5: 41.6%
2025-12-09 09:32:15,203 DeMo.train INFO: Best Rank-10: 47.5%
2025-12-09 09:32:15,203 DeMo.train INFO: ~~~~~~~~~~~~~~~~~~~~~~~~~~~~~~~~~~~~~~~~~~~~~~~~~~
2025-12-09 09:32:19,711 DeMo.train INFO: Epoch[4] Iteration[10/16] Loss: 1.942, Acc: 0.184, Base Lr: 1.61e-04
2025-12-09 09:32:20,751 DeMo.train INFO: Epoch 4 done. Time per batch: 0.396[s] Speed: 161.5[samples/s]
2025-12-09 09:32:20,752 DeMo.train INFO: ~~~~~~~~~~~~~~~~~~~~~~~~~~~~~~~~~~~~~~~~~~~~~~~~~~
2025-12-09 09:32:20,752 DeMo.train INFO: Current is the [moe,ori] feature testing!
2025-12-09 09:32:20,752 DeMo.train INFO: ~~~~~~~~~~~~~~~~~~~~~~~~~~~~~~~~~~~~~~~~~~~~~~~~~~
The test feature is normalized
2025-12-09 09:32:37,372 DeMo.train INFO: Validation Results - Epoch: 4
2025-12-09 09:32:37,373 DeMo.train INFO: mAP: 11.7%
2025-12-09 09:32:37,374 DeMo.train INFO: CMC curve, Rank-1  :17.9%
2025-12-09 09:32:37,375 DeMo.train INFO: CMC curve, Rank-5  :37.1%
2025-12-09 09:32:37,375 DeMo.train INFO: CMC curve, Rank-10 :45.5%
2025-12-09 09:32:37,376 DeMo.train INFO: ~~~~~~~~~~~~~~~~~~~~~~~~~~~~~~~~~~~~~~~~~~~~~~~~~~
2025-12-09 09:32:59,525 DeMo.train INFO: ~~~~~~~~~~~~~~~~~~~~~~~~~~~~~~~~~~~~~~~~~~~~~~~~~~
2025-12-09 09:32:59,528 DeMo.train INFO: Best mAP: 11.7%
2025-12-09 09:32:59,528 DeMo.train INFO: Best Rank-1: 17.9%
2025-12-09 09:32:59,528 DeMo.train INFO: Best Rank-5: 37.1%
2025-12-09 09:32:59,528 DeMo.train INFO: Best Rank-10: 45.5%
2025-12-09 09:32:59,528 DeMo.train INFO: ~~~~~~~~~~~~~~~~~~~~~~~~~~~~~~~~~~~~~~~~~~~~~~~~~~
2025-12-09 09:33:03,868 DeMo.train INFO: Epoch[5] Iteration[10/16] Loss: 1.848, Acc: 0.275, Base Lr: 1.93e-04
2025-12-09 09:33:05,171 DeMo.train INFO: Epoch 5 done. Time per batch: 0.376[s] Speed: 170.1[samples/s]
2025-12-09 09:33:05,172 DeMo.train INFO: ~~~~~~~~~~~~~~~~~~~~~~~~~~~~~~~~~~~~~~~~~~~~~~~~~~
2025-12-09 09:33:05,172 DeMo.train INFO: Current is the [moe,ori] feature testing!
2025-12-09 09:33:05,172 DeMo.train INFO: ~~~~~~~~~~~~~~~~~~~~~~~~~~~~~~~~~~~~~~~~~~~~~~~~~~
The test feature is normalized
2025-12-09 09:33:26,594 DeMo.train INFO: Validation Results - Epoch: 5
2025-12-09 09:33:26,594 DeMo.train INFO: mAP: 12.5%
2025-12-09 09:33:26,594 DeMo.train INFO: CMC curve, Rank-1  :19.1%
2025-12-09 09:33:26,594 DeMo.train INFO: CMC curve, Rank-5  :34.5%
2025-12-09 09:33:26,594 DeMo.train INFO: CMC curve, Rank-10 :44.7%
2025-12-09 09:33:26,595 DeMo.train INFO: ~~~~~~~~~~~~~~~~~~~~~~~~~~~~~~~~~~~~~~~~~~~~~~~~~~
2025-12-09 09:33:54,753 DeMo.train INFO: ~~~~~~~~~~~~~~~~~~~~~~~~~~~~~~~~~~~~~~~~~~~~~~~~~~
2025-12-09 09:33:54,754 DeMo.train INFO: Best mAP: 12.5%
2025-12-09 09:33:54,755 DeMo.train INFO: Best Rank-1: 19.1%
2025-12-09 09:33:54,756 DeMo.train INFO: Best Rank-5: 34.5%
2025-12-09 09:33:54,757 DeMo.train INFO: Best Rank-10: 44.7%
2025-12-09 09:33:54,757 DeMo.train INFO: ~~~~~~~~~~~~~~~~~~~~~~~~~~~~~~~~~~~~~~~~~~~~~~~~~~
2025-12-09 09:34:04,908 DeMo.train INFO: Epoch[6] Iteration[10/16] Loss: 1.735, Acc: 0.294, Base Lr: 2.24e-04
2025-12-09 09:34:05,973 DeMo.train INFO: Epoch 6 done. Time per batch: 0.801[s] Speed: 79.9[samples/s]
2025-12-09 09:34:05,974 DeMo.train INFO: ~~~~~~~~~~~~~~~~~~~~~~~~~~~~~~~~~~~~~~~~~~~~~~~~~~
2025-12-09 09:34:05,974 DeMo.train INFO: Current is the [moe,ori] feature testing!
2025-12-09 09:34:05,974 DeMo.train INFO: ~~~~~~~~~~~~~~~~~~~~~~~~~~~~~~~~~~~~~~~~~~~~~~~~~~
The test feature is normalized
2025-12-09 09:34:12,775 DeMo.train INFO: Validation Results - Epoch: 6
2025-12-09 09:34:12,776 DeMo.train INFO: mAP: 12.8%
2025-12-09 09:34:12,776 DeMo.train INFO: CMC curve, Rank-1  :20.6%
2025-12-09 09:34:12,776 DeMo.train INFO: CMC curve, Rank-5  :38.1%
2025-12-09 09:34:12,776 DeMo.train INFO: CMC curve, Rank-10 :49.4%
2025-12-09 09:34:12,776 DeMo.train INFO: ~~~~~~~~~~~~~~~~~~~~~~~~~~~~~~~~~~~~~~~~~~~~~~~~~~
2025-12-09 09:34:29,493 DeMo.train INFO: ~~~~~~~~~~~~~~~~~~~~~~~~~~~~~~~~~~~~~~~~~~~~~~~~~~
2025-12-09 09:34:29,493 DeMo.train INFO: Best mAP: 12.8%
2025-12-09 09:34:29,493 DeMo.train INFO: Best Rank-1: 20.6%
2025-12-09 09:34:29,493 DeMo.train INFO: Best Rank-5: 38.1%
2025-12-09 09:34:29,493 DeMo.train INFO: Best Rank-10: 49.4%
2025-12-09 09:34:29,493 DeMo.train INFO: ~~~~~~~~~~~~~~~~~~~~~~~~~~~~~~~~~~~~~~~~~~~~~~~~~~
2025-12-09 09:34:33,569 DeMo.train INFO: Epoch[7] Iteration[10/16] Loss: 1.574, Acc: 0.441, Base Lr: 2.55e-04
2025-12-09 09:34:34,612 DeMo.train INFO: Epoch 7 done. Time per batch: 0.366[s] Speed: 175.1[samples/s]
2025-12-09 09:34:34,613 DeMo.train INFO: ~~~~~~~~~~~~~~~~~~~~~~~~~~~~~~~~~~~~~~~~~~~~~~~~~~
2025-12-09 09:34:34,613 DeMo.train INFO: Current is the [moe,ori] feature testing!
2025-12-09 09:34:34,613 DeMo.train INFO: ~~~~~~~~~~~~~~~~~~~~~~~~~~~~~~~~~~~~~~~~~~~~~~~~~~
The test feature is normalized
2025-12-09 09:34:41,419 DeMo.train INFO: Validation Results - Epoch: 7
2025-12-09 09:34:41,420 DeMo.train INFO: mAP: 14.9%
2025-12-09 09:34:41,420 DeMo.train INFO: CMC curve, Rank-1  :20.5%
2025-12-09 09:34:41,420 DeMo.train INFO: CMC curve, Rank-5  :41.3%
2025-12-09 09:34:41,420 DeMo.train INFO: CMC curve, Rank-10 :54.1%
2025-12-09 09:34:41,420 DeMo.train INFO: ~~~~~~~~~~~~~~~~~~~~~~~~~~~~~~~~~~~~~~~~~~~~~~~~~~
2025-12-09 09:34:58,491 DeMo.train INFO: ~~~~~~~~~~~~~~~~~~~~~~~~~~~~~~~~~~~~~~~~~~~~~~~~~~
2025-12-09 09:34:58,491 DeMo.train INFO: Best mAP: 14.9%
2025-12-09 09:34:58,491 DeMo.train INFO: Best Rank-1: 20.5%
2025-12-09 09:34:58,491 DeMo.train INFO: Best Rank-5: 41.3%
2025-12-09 09:34:58,491 DeMo.train INFO: Best Rank-10: 54.1%
2025-12-09 09:34:58,491 DeMo.train INFO: ~~~~~~~~~~~~~~~~~~~~~~~~~~~~~~~~~~~~~~~~~~~~~~~~~~
2025-12-09 09:35:10,332 DeMo.train INFO: Epoch[8] Iteration[10/16] Loss: 1.511, Acc: 0.447, Base Lr: 2.87e-04
2025-12-09 09:35:11,397 DeMo.train INFO: Epoch 8 done. Time per batch: 0.922[s] Speed: 69.4[samples/s]
2025-12-09 09:35:11,398 DeMo.train INFO: ~~~~~~~~~~~~~~~~~~~~~~~~~~~~~~~~~~~~~~~~~~~~~~~~~~
2025-12-09 09:35:11,399 DeMo.train INFO: Current is the [moe,ori] feature testing!
2025-12-09 09:35:11,399 DeMo.train INFO: ~~~~~~~~~~~~~~~~~~~~~~~~~~~~~~~~~~~~~~~~~~~~~~~~~~
The test feature is normalized
2025-12-09 09:35:36,123 DeMo.train INFO: Validation Results - Epoch: 8
2025-12-09 09:35:36,123 DeMo.train INFO: mAP: 15.1%
2025-12-09 09:35:36,123 DeMo.train INFO: CMC curve, Rank-1  :19.5%
2025-12-09 09:35:36,123 DeMo.train INFO: CMC curve, Rank-5  :38.1%
2025-12-09 09:35:36,123 DeMo.train INFO: CMC curve, Rank-10 :47.2%
2025-12-09 09:35:36,124 DeMo.train INFO: ~~~~~~~~~~~~~~~~~~~~~~~~~~~~~~~~~~~~~~~~~~~~~~~~~~
2025-12-09 09:35:52,850 DeMo.train INFO: ~~~~~~~~~~~~~~~~~~~~~~~~~~~~~~~~~~~~~~~~~~~~~~~~~~
2025-12-09 09:35:52,850 DeMo.train INFO: Best mAP: 15.1%
2025-12-09 09:35:52,851 DeMo.train INFO: Best Rank-1: 19.5%
2025-12-09 09:35:52,851 DeMo.train INFO: Best Rank-5: 38.1%
2025-12-09 09:35:52,851 DeMo.train INFO: Best Rank-10: 47.2%
2025-12-09 09:35:52,851 DeMo.train INFO: ~~~~~~~~~~~~~~~~~~~~~~~~~~~~~~~~~~~~~~~~~~~~~~~~~~
2025-12-09 09:35:57,351 DeMo.train INFO: Epoch[9] Iteration[10/16] Loss: 1.359, Acc: 0.608, Base Lr: 3.18e-04
2025-12-09 09:35:58,652 DeMo.train INFO: Epoch 9 done. Time per batch: 0.387[s] Speed: 165.5[samples/s]
2025-12-09 09:35:58,653 DeMo.train INFO: ~~~~~~~~~~~~~~~~~~~~~~~~~~~~~~~~~~~~~~~~~~~~~~~~~~
2025-12-09 09:35:58,653 DeMo.train INFO: Current is the [moe,ori] feature testing!
2025-12-09 09:35:58,653 DeMo.train INFO: ~~~~~~~~~~~~~~~~~~~~~~~~~~~~~~~~~~~~~~~~~~~~~~~~~~
The test feature is normalized
2025-12-09 09:36:05,824 DeMo.train INFO: Validation Results - Epoch: 9
2025-12-09 09:36:05,825 DeMo.train INFO: mAP: 14.3%
2025-12-09 09:36:05,825 DeMo.train INFO: CMC curve, Rank-1  :20.0%
2025-12-09 09:36:05,825 DeMo.train INFO: CMC curve, Rank-5  :39.1%
2025-12-09 09:36:05,825 DeMo.train INFO: CMC curve, Rank-10 :53.1%
2025-12-09 09:36:05,825 DeMo.train INFO: ~~~~~~~~~~~~~~~~~~~~~~~~~~~~~~~~~~~~~~~~~~~~~~~~~~
2025-12-09 09:36:06,729 DeMo.train INFO: ~~~~~~~~~~~~~~~~~~~~~~~~~~~~~~~~~~~~~~~~~~~~~~~~~~
2025-12-09 09:36:06,729 DeMo.train INFO: Best mAP: 15.1%
2025-12-09 09:36:06,729 DeMo.train INFO: Best Rank-1: 19.5%
2025-12-09 09:36:06,729 DeMo.train INFO: Best Rank-5: 38.1%
2025-12-09 09:36:06,730 DeMo.train INFO: Best Rank-10: 47.2%
2025-12-09 09:36:06,730 DeMo.train INFO: ~~~~~~~~~~~~~~~~~~~~~~~~~~~~~~~~~~~~~~~~~~~~~~~~~~
2025-12-09 09:36:11,168 DeMo.train INFO: Epoch[10] Iteration[10/16] Loss: 1.259, Acc: 0.720, Base Lr: 3.17e-04
2025-12-09 09:36:12,217 DeMo.train INFO: Epoch 10 done. Time per batch: 0.392[s] Speed: 163.3[samples/s]
2025-12-09 09:36:12,220 DeMo.train INFO: ~~~~~~~~~~~~~~~~~~~~~~~~~~~~~~~~~~~~~~~~~~~~~~~~~~
2025-12-09 09:36:12,221 DeMo.train INFO: Current is the [moe,ori] feature testing!
2025-12-09 09:36:12,221 DeMo.train INFO: ~~~~~~~~~~~~~~~~~~~~~~~~~~~~~~~~~~~~~~~~~~~~~~~~~~
The test feature is normalized
2025-12-09 09:36:42,087 DeMo.train INFO: Validation Results - Epoch: 10
2025-12-09 09:36:42,088 DeMo.train INFO: mAP: 17.8%
2025-12-09 09:36:42,088 DeMo.train INFO: CMC curve, Rank-1  :23.7%
2025-12-09 09:36:42,089 DeMo.train INFO: CMC curve, Rank-5  :44.5%
2025-12-09 09:36:42,090 DeMo.train INFO: CMC curve, Rank-10 :54.7%
2025-12-09 09:36:42,091 DeMo.train INFO: ~~~~~~~~~~~~~~~~~~~~~~~~~~~~~~~~~~~~~~~~~~~~~~~~~~
2025-12-09 09:37:03,499 DeMo.train INFO: ~~~~~~~~~~~~~~~~~~~~~~~~~~~~~~~~~~~~~~~~~~~~~~~~~~
2025-12-09 09:37:03,500 DeMo.train INFO: Best mAP: 17.8%
2025-12-09 09:37:03,500 DeMo.train INFO: Best Rank-1: 23.7%
2025-12-09 09:37:03,500 DeMo.train INFO: Best Rank-5: 44.5%
2025-12-09 09:37:03,500 DeMo.train INFO: Best Rank-10: 54.7%
2025-12-09 09:37:03,500 DeMo.train INFO: ~~~~~~~~~~~~~~~~~~~~~~~~~~~~~~~~~~~~~~~~~~~~~~~~~~
2025-12-09 09:37:07,795 DeMo.train INFO: Epoch[11] Iteration[10/16] Loss: 1.151, Acc: 0.806, Base Lr: 3.10e-04
2025-12-09 09:37:08,854 DeMo.train INFO: Epoch 11 done. Time per batch: 0.382[s] Speed: 167.4[samples/s]
2025-12-09 09:37:08,855 DeMo.train INFO: ~~~~~~~~~~~~~~~~~~~~~~~~~~~~~~~~~~~~~~~~~~~~~~~~~~
2025-12-09 09:37:08,855 DeMo.train INFO: Current is the [moe,ori] feature testing!
2025-12-09 09:37:08,855 DeMo.train INFO: ~~~~~~~~~~~~~~~~~~~~~~~~~~~~~~~~~~~~~~~~~~~~~~~~~~
The test feature is normalized
2025-12-09 09:37:15,539 DeMo.train INFO: Validation Results - Epoch: 11
2025-12-09 09:37:15,540 DeMo.train INFO: mAP: 17.3%
2025-12-09 09:37:15,540 DeMo.train INFO: CMC curve, Rank-1  :24.5%
2025-12-09 09:37:15,540 DeMo.train INFO: CMC curve, Rank-5  :43.1%
2025-12-09 09:37:15,540 DeMo.train INFO: CMC curve, Rank-10 :52.8%
2025-12-09 09:37:15,540 DeMo.train INFO: ~~~~~~~~~~~~~~~~~~~~~~~~~~~~~~~~~~~~~~~~~~~~~~~~~~
2025-12-09 09:37:16,861 DeMo.train INFO: ~~~~~~~~~~~~~~~~~~~~~~~~~~~~~~~~~~~~~~~~~~~~~~~~~~
2025-12-09 09:37:16,861 DeMo.train INFO: Best mAP: 17.8%
2025-12-09 09:37:16,861 DeMo.train INFO: Best Rank-1: 23.7%
2025-12-09 09:37:16,861 DeMo.train INFO: Best Rank-5: 44.5%
2025-12-09 09:37:16,862 DeMo.train INFO: Best Rank-10: 54.7%
2025-12-09 09:37:16,862 DeMo.train INFO: ~~~~~~~~~~~~~~~~~~~~~~~~~~~~~~~~~~~~~~~~~~~~~~~~~~
2025-12-09 09:37:21,233 DeMo.train INFO: Epoch[12] Iteration[10/16] Loss: 1.065, Acc: 0.884, Base Lr: 3.03e-04
2025-12-09 09:37:22,525 DeMo.train INFO: Epoch 12 done. Time per batch: 0.378[s] Speed: 169.5[samples/s]
2025-12-09 09:37:22,526 DeMo.train INFO: ~~~~~~~~~~~~~~~~~~~~~~~~~~~~~~~~~~~~~~~~~~~~~~~~~~
2025-12-09 09:37:22,526 DeMo.train INFO: Current is the [moe,ori] feature testing!
2025-12-09 09:37:22,527 DeMo.train INFO: ~~~~~~~~~~~~~~~~~~~~~~~~~~~~~~~~~~~~~~~~~~~~~~~~~~
The test feature is normalized
2025-12-09 09:37:40,507 DeMo.train INFO: Validation Results - Epoch: 12
2025-12-09 09:37:40,507 DeMo.train INFO: mAP: 19.9%
2025-12-09 09:37:40,507 DeMo.train INFO: CMC curve, Rank-1  :26.2%
2025-12-09 09:37:40,507 DeMo.train INFO: CMC curve, Rank-5  :47.4%
2025-12-09 09:37:40,507 DeMo.train INFO: CMC curve, Rank-10 :57.0%
2025-12-09 09:37:40,507 DeMo.train INFO: ~~~~~~~~~~~~~~~~~~~~~~~~~~~~~~~~~~~~~~~~~~~~~~~~~~
2025-12-09 09:37:57,166 DeMo.train INFO: ~~~~~~~~~~~~~~~~~~~~~~~~~~~~~~~~~~~~~~~~~~~~~~~~~~
2025-12-09 09:37:57,166 DeMo.train INFO: Best mAP: 19.9%
2025-12-09 09:37:57,166 DeMo.train INFO: Best Rank-1: 26.2%
2025-12-09 09:37:57,167 DeMo.train INFO: Best Rank-5: 47.4%
2025-12-09 09:37:57,167 DeMo.train INFO: Best Rank-10: 57.0%
2025-12-09 09:37:57,167 DeMo.train INFO: ~~~~~~~~~~~~~~~~~~~~~~~~~~~~~~~~~~~~~~~~~~~~~~~~~~
2025-12-09 09:38:01,507 DeMo.train INFO: Epoch[13] Iteration[10/16] Loss: 0.994, Acc: 0.906, Base Lr: 2.95e-04
2025-12-09 09:38:02,572 DeMo.train INFO: Epoch 13 done. Time per batch: 0.386[s] Speed: 165.8[samples/s]
2025-12-09 09:38:02,573 DeMo.train INFO: ~~~~~~~~~~~~~~~~~~~~~~~~~~~~~~~~~~~~~~~~~~~~~~~~~~
2025-12-09 09:38:02,573 DeMo.train INFO: Current is the [moe,ori] feature testing!
2025-12-09 09:38:02,573 DeMo.train INFO: ~~~~~~~~~~~~~~~~~~~~~~~~~~~~~~~~~~~~~~~~~~~~~~~~~~
The test feature is normalized
2025-12-09 09:38:09,561 DeMo.train INFO: Validation Results - Epoch: 13
2025-12-09 09:38:09,562 DeMo.train INFO: mAP: 19.1%
2025-12-09 09:38:09,562 DeMo.train INFO: CMC curve, Rank-1  :24.4%
2025-12-09 09:38:09,562 DeMo.train INFO: CMC curve, Rank-5  :43.8%
2025-12-09 09:38:09,562 DeMo.train INFO: CMC curve, Rank-10 :54.3%
2025-12-09 09:38:09,562 DeMo.train INFO: ~~~~~~~~~~~~~~~~~~~~~~~~~~~~~~~~~~~~~~~~~~~~~~~~~~
2025-12-09 09:38:10,734 DeMo.train INFO: ~~~~~~~~~~~~~~~~~~~~~~~~~~~~~~~~~~~~~~~~~~~~~~~~~~
2025-12-09 09:38:10,734 DeMo.train INFO: Best mAP: 19.9%
2025-12-09 09:38:10,734 DeMo.train INFO: Best Rank-1: 26.2%
2025-12-09 09:38:10,734 DeMo.train INFO: Best Rank-5: 47.4%
2025-12-09 09:38:10,734 DeMo.train INFO: Best Rank-10: 57.0%
2025-12-09 09:38:10,735 DeMo.train INFO: ~~~~~~~~~~~~~~~~~~~~~~~~~~~~~~~~~~~~~~~~~~~~~~~~~~
2025-12-09 09:38:15,518 DeMo.train INFO: Epoch[14] Iteration[10/16] Loss: 1.151, Acc: 0.858, Base Lr: 2.87e-04
2025-12-09 09:38:16,809 DeMo.train INFO: Epoch 14 done. Time per batch: 0.405[s] Speed: 158.0[samples/s]
2025-12-09 09:38:16,810 DeMo.train INFO: ~~~~~~~~~~~~~~~~~~~~~~~~~~~~~~~~~~~~~~~~~~~~~~~~~~
2025-12-09 09:38:16,810 DeMo.train INFO: Current is the [moe,ori] feature testing!
2025-12-09 09:38:16,810 DeMo.train INFO: ~~~~~~~~~~~~~~~~~~~~~~~~~~~~~~~~~~~~~~~~~~~~~~~~~~
The test feature is normalized
2025-12-09 09:38:36,252 DeMo.train INFO: Validation Results - Epoch: 14
2025-12-09 09:38:36,252 DeMo.train INFO: mAP: 16.7%
2025-12-09 09:38:36,252 DeMo.train INFO: CMC curve, Rank-1  :24.4%
2025-12-09 09:38:36,252 DeMo.train INFO: CMC curve, Rank-5  :45.7%
2025-12-09 09:38:36,252 DeMo.train INFO: CMC curve, Rank-10 :55.5%
2025-12-09 09:38:36,252 DeMo.train INFO: ~~~~~~~~~~~~~~~~~~~~~~~~~~~~~~~~~~~~~~~~~~~~~~~~~~
2025-12-09 09:38:36,864 DeMo.train INFO: ~~~~~~~~~~~~~~~~~~~~~~~~~~~~~~~~~~~~~~~~~~~~~~~~~~
2025-12-09 09:38:36,865 DeMo.train INFO: Best mAP: 19.9%
2025-12-09 09:38:36,865 DeMo.train INFO: Best Rank-1: 26.2%
2025-12-09 09:38:36,865 DeMo.train INFO: Best Rank-5: 47.4%
2025-12-09 09:38:36,865 DeMo.train INFO: Best Rank-10: 57.0%
2025-12-09 09:38:36,865 DeMo.train INFO: ~~~~~~~~~~~~~~~~~~~~~~~~~~~~~~~~~~~~~~~~~~~~~~~~~~
2025-12-09 09:38:44,461 DeMo.train INFO: Epoch[15] Iteration[10/16] Loss: 1.069, Acc: 0.900, Base Lr: 2.78e-04
2025-12-09 09:38:45,533 DeMo.train INFO: Epoch 15 done. Time per batch: 0.619[s] Speed: 103.4[samples/s]
2025-12-09 09:38:45,535 DeMo.train INFO: ~~~~~~~~~~~~~~~~~~~~~~~~~~~~~~~~~~~~~~~~~~~~~~~~~~
2025-12-09 09:38:45,535 DeMo.train INFO: Current is the [moe,ori] feature testing!
2025-12-09 09:38:45,536 DeMo.train INFO: ~~~~~~~~~~~~~~~~~~~~~~~~~~~~~~~~~~~~~~~~~~~~~~~~~~
The test feature is normalized
2025-12-09 09:38:59,714 DeMo.train INFO: Validation Results - Epoch: 15
2025-12-09 09:38:59,714 DeMo.train INFO: mAP: 18.2%
2025-12-09 09:38:59,714 DeMo.train INFO: CMC curve, Rank-1  :26.1%
2025-12-09 09:38:59,714 DeMo.train INFO: CMC curve, Rank-5  :47.0%
2025-12-09 09:38:59,715 DeMo.train INFO: CMC curve, Rank-10 :58.4%
2025-12-09 09:38:59,715 DeMo.train INFO: ~~~~~~~~~~~~~~~~~~~~~~~~~~~~~~~~~~~~~~~~~~~~~~~~~~
2025-12-09 09:39:00,525 DeMo.train INFO: ~~~~~~~~~~~~~~~~~~~~~~~~~~~~~~~~~~~~~~~~~~~~~~~~~~
2025-12-09 09:39:00,526 DeMo.train INFO: Best mAP: 19.9%
2025-12-09 09:39:00,526 DeMo.train INFO: Best Rank-1: 26.2%
2025-12-09 09:39:00,526 DeMo.train INFO: Best Rank-5: 47.4%
2025-12-09 09:39:00,526 DeMo.train INFO: Best Rank-10: 57.0%
2025-12-09 09:39:00,526 DeMo.train INFO: ~~~~~~~~~~~~~~~~~~~~~~~~~~~~~~~~~~~~~~~~~~~~~~~~~~
2025-12-09 09:39:04,996 DeMo.train INFO: Epoch[16] Iteration[10/16] Loss: 1.013, Acc: 0.925, Base Lr: 2.69e-04
2025-12-09 09:39:06,059 DeMo.train INFO: Epoch 16 done. Time per batch: 0.395[s] Speed: 161.9[samples/s]
2025-12-09 09:39:06,060 DeMo.train INFO: ~~~~~~~~~~~~~~~~~~~~~~~~~~~~~~~~~~~~~~~~~~~~~~~~~~
2025-12-09 09:39:06,061 DeMo.train INFO: Current is the [moe,ori] feature testing!
2025-12-09 09:39:06,061 DeMo.train INFO: ~~~~~~~~~~~~~~~~~~~~~~~~~~~~~~~~~~~~~~~~~~~~~~~~~~
The test feature is normalized
2025-12-09 09:39:12,998 DeMo.train INFO: Validation Results - Epoch: 16
2025-12-09 09:39:12,998 DeMo.train INFO: mAP: 16.9%
2025-12-09 09:39:12,998 DeMo.train INFO: CMC curve, Rank-1  :25.9%
2025-12-09 09:39:12,998 DeMo.train INFO: CMC curve, Rank-5  :44.7%
2025-12-09 09:39:12,999 DeMo.train INFO: CMC curve, Rank-10 :52.5%
2025-12-09 09:39:12,999 DeMo.train INFO: ~~~~~~~~~~~~~~~~~~~~~~~~~~~~~~~~~~~~~~~~~~~~~~~~~~
2025-12-09 09:39:13,060 DeMo.train INFO: ~~~~~~~~~~~~~~~~~~~~~~~~~~~~~~~~~~~~~~~~~~~~~~~~~~
2025-12-09 09:39:13,061 DeMo.train INFO: Best mAP: 19.9%
2025-12-09 09:39:13,061 DeMo.train INFO: Best Rank-1: 26.2%
2025-12-09 09:39:13,061 DeMo.train INFO: Best Rank-5: 47.4%
2025-12-09 09:39:13,061 DeMo.train INFO: Best Rank-10: 57.0%
2025-12-09 09:39:13,061 DeMo.train INFO: ~~~~~~~~~~~~~~~~~~~~~~~~~~~~~~~~~~~~~~~~~~~~~~~~~~
2025-12-09 09:39:17,091 DeMo.train INFO: Epoch[17] Iteration[10/16] Loss: 1.117, Acc: 0.867, Base Lr: 2.59e-04
2025-12-09 09:39:18,209 DeMo.train INFO: Epoch 17 done. Time per batch: 0.368[s] Speed: 174.1[samples/s]
2025-12-09 09:39:18,211 DeMo.train INFO: ~~~~~~~~~~~~~~~~~~~~~~~~~~~~~~~~~~~~~~~~~~~~~~~~~~
2025-12-09 09:39:18,211 DeMo.train INFO: Current is the [moe,ori] feature testing!
2025-12-09 09:39:18,211 DeMo.train INFO: ~~~~~~~~~~~~~~~~~~~~~~~~~~~~~~~~~~~~~~~~~~~~~~~~~~
The test feature is normalized
2025-12-09 09:39:25,598 DeMo.train INFO: Validation Results - Epoch: 17
2025-12-09 09:39:25,598 DeMo.train INFO: mAP: 11.5%
2025-12-09 09:39:25,598 DeMo.train INFO: CMC curve, Rank-1  :19.8%
2025-12-09 09:39:25,598 DeMo.train INFO: CMC curve, Rank-5  :35.0%
2025-12-09 09:39:25,598 DeMo.train INFO: CMC curve, Rank-10 :43.8%
2025-12-09 09:39:25,598 DeMo.train INFO: ~~~~~~~~~~~~~~~~~~~~~~~~~~~~~~~~~~~~~~~~~~~~~~~~~~
2025-12-09 09:39:26,387 DeMo.train INFO: ~~~~~~~~~~~~~~~~~~~~~~~~~~~~~~~~~~~~~~~~~~~~~~~~~~
2025-12-09 09:39:26,388 DeMo.train INFO: Best mAP: 19.9%
2025-12-09 09:39:26,388 DeMo.train INFO: Best Rank-1: 26.2%
2025-12-09 09:39:26,388 DeMo.train INFO: Best Rank-5: 47.4%
2025-12-09 09:39:26,388 DeMo.train INFO: Best Rank-10: 57.0%
2025-12-09 09:39:26,388 DeMo.train INFO: ~~~~~~~~~~~~~~~~~~~~~~~~~~~~~~~~~~~~~~~~~~~~~~~~~~
2025-12-09 09:39:33,171 DeMo.train INFO: Epoch[18] Iteration[10/16] Loss: 1.148, Acc: 0.834, Base Lr: 2.50e-04
2025-12-09 09:39:34,221 DeMo.train INFO: Epoch 18 done. Time per batch: 0.559[s] Speed: 114.4[samples/s]
2025-12-09 09:39:34,223 DeMo.train INFO: ~~~~~~~~~~~~~~~~~~~~~~~~~~~~~~~~~~~~~~~~~~~~~~~~~~
2025-12-09 09:39:34,224 DeMo.train INFO: Current is the [moe,ori] feature testing!
2025-12-09 09:39:34,224 DeMo.train INFO: ~~~~~~~~~~~~~~~~~~~~~~~~~~~~~~~~~~~~~~~~~~~~~~~~~~
The test feature is normalized
2025-12-09 09:39:46,278 DeMo.train INFO: Validation Results - Epoch: 18
2025-12-09 09:39:46,278 DeMo.train INFO: mAP: 13.4%
2025-12-09 09:39:46,278 DeMo.train INFO: CMC curve, Rank-1  :21.2%
2025-12-09 09:39:46,279 DeMo.train INFO: CMC curve, Rank-5  :38.7%
2025-12-09 09:39:46,279 DeMo.train INFO: CMC curve, Rank-10 :48.4%
2025-12-09 09:39:46,279 DeMo.train INFO: ~~~~~~~~~~~~~~~~~~~~~~~~~~~~~~~~~~~~~~~~~~~~~~~~~~
2025-12-09 09:39:47,071 DeMo.train INFO: ~~~~~~~~~~~~~~~~~~~~~~~~~~~~~~~~~~~~~~~~~~~~~~~~~~
2025-12-09 09:39:47,072 DeMo.train INFO: Best mAP: 19.9%
2025-12-09 09:39:47,072 DeMo.train INFO: Best Rank-1: 26.2%
2025-12-09 09:39:47,072 DeMo.train INFO: Best Rank-5: 47.4%
2025-12-09 09:39:47,072 DeMo.train INFO: Best Rank-10: 57.0%
2025-12-09 09:39:47,072 DeMo.train INFO: ~~~~~~~~~~~~~~~~~~~~~~~~~~~~~~~~~~~~~~~~~~~~~~~~~~
2025-12-09 09:39:51,958 DeMo.train INFO: Epoch[19] Iteration[10/16] Loss: 1.036, Acc: 0.928, Base Lr: 2.40e-04
2025-12-09 09:39:53,048 DeMo.train INFO: Epoch 19 done. Time per batch: 0.427[s] Speed: 149.9[samples/s]
2025-12-09 09:39:53,049 DeMo.train INFO: ~~~~~~~~~~~~~~~~~~~~~~~~~~~~~~~~~~~~~~~~~~~~~~~~~~
2025-12-09 09:39:53,049 DeMo.train INFO: Current is the [moe,ori] feature testing!
2025-12-09 09:39:53,049 DeMo.train INFO: ~~~~~~~~~~~~~~~~~~~~~~~~~~~~~~~~~~~~~~~~~~~~~~~~~~
The test feature is normalized
2025-12-09 09:40:00,026 DeMo.train INFO: Validation Results - Epoch: 19
2025-12-09 09:40:00,027 DeMo.train INFO: mAP: 16.4%
2025-12-09 09:40:00,027 DeMo.train INFO: CMC curve, Rank-1  :23.9%
2025-12-09 09:40:00,027 DeMo.train INFO: CMC curve, Rank-5  :43.5%
2025-12-09 09:40:00,027 DeMo.train INFO: CMC curve, Rank-10 :56.2%
2025-12-09 09:40:00,027 DeMo.train INFO: ~~~~~~~~~~~~~~~~~~~~~~~~~~~~~~~~~~~~~~~~~~~~~~~~~~
2025-12-09 09:40:01,092 DeMo.train INFO: ~~~~~~~~~~~~~~~~~~~~~~~~~~~~~~~~~~~~~~~~~~~~~~~~~~
2025-12-09 09:40:01,093 DeMo.train INFO: Best mAP: 19.9%
2025-12-09 09:40:01,093 DeMo.train INFO: Best Rank-1: 26.2%
2025-12-09 09:40:01,093 DeMo.train INFO: Best Rank-5: 47.4%
2025-12-09 09:40:01,093 DeMo.train INFO: Best Rank-10: 57.0%
2025-12-09 09:40:01,093 DeMo.train INFO: ~~~~~~~~~~~~~~~~~~~~~~~~~~~~~~~~~~~~~~~~~~~~~~~~~~
2025-12-09 09:40:05,817 DeMo.train INFO: Epoch[20] Iteration[10/16] Loss: 0.924, Acc: 0.945, Base Lr: 2.29e-04
2025-12-09 09:40:06,905 DeMo.train INFO: Epoch 20 done. Time per batch: 0.415[s] Speed: 154.2[samples/s]
2025-12-09 09:40:06,906 DeMo.train INFO: ~~~~~~~~~~~~~~~~~~~~~~~~~~~~~~~~~~~~~~~~~~~~~~~~~~
2025-12-09 09:40:06,906 DeMo.train INFO: Current is the [moe,ori] feature testing!
2025-12-09 09:40:06,907 DeMo.train INFO: ~~~~~~~~~~~~~~~~~~~~~~~~~~~~~~~~~~~~~~~~~~~~~~~~~~
The test feature is normalized
2025-12-09 09:40:13,896 DeMo.train INFO: Validation Results - Epoch: 20
2025-12-09 09:40:13,896 DeMo.train INFO: mAP: 15.9%
2025-12-09 09:40:13,897 DeMo.train INFO: CMC curve, Rank-1  :22.3%
2025-12-09 09:40:13,897 DeMo.train INFO: CMC curve, Rank-5  :42.5%
2025-12-09 09:40:13,897 DeMo.train INFO: CMC curve, Rank-10 :53.8%
2025-12-09 09:40:13,897 DeMo.train INFO: ~~~~~~~~~~~~~~~~~~~~~~~~~~~~~~~~~~~~~~~~~~~~~~~~~~
2025-12-09 09:40:13,947 DeMo.train INFO: ~~~~~~~~~~~~~~~~~~~~~~~~~~~~~~~~~~~~~~~~~~~~~~~~~~
2025-12-09 09:40:13,947 DeMo.train INFO: Best mAP: 19.9%
2025-12-09 09:40:13,947 DeMo.train INFO: Best Rank-1: 26.2%
2025-12-09 09:40:13,947 DeMo.train INFO: Best Rank-5: 47.4%
2025-12-09 09:40:13,947 DeMo.train INFO: Best Rank-10: 57.0%
2025-12-09 09:40:13,947 DeMo.train INFO: ~~~~~~~~~~~~~~~~~~~~~~~~~~~~~~~~~~~~~~~~~~~~~~~~~~
2025-12-09 09:40:18,095 DeMo.train INFO: Epoch[21] Iteration[10/16] Loss: 0.956, Acc: 0.939, Base Lr: 2.19e-04
2025-12-09 09:40:19,162 DeMo.train INFO: Epoch 21 done. Time per batch: 0.372[s] Speed: 171.8[samples/s]
2025-12-09 09:40:19,163 DeMo.train INFO: ~~~~~~~~~~~~~~~~~~~~~~~~~~~~~~~~~~~~~~~~~~~~~~~~~~
2025-12-09 09:40:19,163 DeMo.train INFO: Current is the [moe,ori] feature testing!
2025-12-09 09:40:19,164 DeMo.train INFO: ~~~~~~~~~~~~~~~~~~~~~~~~~~~~~~~~~~~~~~~~~~~~~~~~~~
The test feature is normalized
2025-12-09 09:40:26,233 DeMo.train INFO: Validation Results - Epoch: 21
2025-12-09 09:40:26,233 DeMo.train INFO: mAP: 15.0%
2025-12-09 09:40:26,233 DeMo.train INFO: CMC curve, Rank-1  :23.2%
2025-12-09 09:40:26,233 DeMo.train INFO: CMC curve, Rank-5  :42.0%
2025-12-09 09:40:26,233 DeMo.train INFO: CMC curve, Rank-10 :51.9%
2025-12-09 09:40:26,234 DeMo.train INFO: ~~~~~~~~~~~~~~~~~~~~~~~~~~~~~~~~~~~~~~~~~~~~~~~~~~
2025-12-09 09:40:27,201 DeMo.train INFO: ~~~~~~~~~~~~~~~~~~~~~~~~~~~~~~~~~~~~~~~~~~~~~~~~~~
2025-12-09 09:40:27,201 DeMo.train INFO: Best mAP: 19.9%
2025-12-09 09:40:27,201 DeMo.train INFO: Best Rank-1: 26.2%
2025-12-09 09:40:27,201 DeMo.train INFO: Best Rank-5: 47.4%
2025-12-09 09:40:27,201 DeMo.train INFO: Best Rank-10: 57.0%
2025-12-09 09:40:27,201 DeMo.train INFO: ~~~~~~~~~~~~~~~~~~~~~~~~~~~~~~~~~~~~~~~~~~~~~~~~~~
2025-12-09 09:40:31,678 DeMo.train INFO: Epoch[22] Iteration[10/16] Loss: 0.985, Acc: 0.945, Base Lr: 2.08e-04
2025-12-09 09:40:32,742 DeMo.train INFO: Epoch 22 done. Time per batch: 0.396[s] Speed: 161.7[samples/s]
2025-12-09 09:40:32,743 DeMo.train INFO: ~~~~~~~~~~~~~~~~~~~~~~~~~~~~~~~~~~~~~~~~~~~~~~~~~~
2025-12-09 09:40:32,743 DeMo.train INFO: Current is the [moe,ori] feature testing!
2025-12-09 09:40:32,743 DeMo.train INFO: ~~~~~~~~~~~~~~~~~~~~~~~~~~~~~~~~~~~~~~~~~~~~~~~~~~
The test feature is normalized
2025-12-09 09:40:39,588 DeMo.train INFO: Validation Results - Epoch: 22
2025-12-09 09:40:39,588 DeMo.train INFO: mAP: 16.4%
2025-12-09 09:40:39,588 DeMo.train INFO: CMC curve, Rank-1  :24.7%
2025-12-09 09:40:39,588 DeMo.train INFO: CMC curve, Rank-5  :42.8%
2025-12-09 09:40:39,588 DeMo.train INFO: CMC curve, Rank-10 :54.1%
2025-12-09 09:40:39,588 DeMo.train INFO: ~~~~~~~~~~~~~~~~~~~~~~~~~~~~~~~~~~~~~~~~~~~~~~~~~~
2025-12-09 09:40:39,669 DeMo.train INFO: ~~~~~~~~~~~~~~~~~~~~~~~~~~~~~~~~~~~~~~~~~~~~~~~~~~
2025-12-09 09:40:39,669 DeMo.train INFO: Best mAP: 19.9%
2025-12-09 09:40:39,670 DeMo.train INFO: Best Rank-1: 26.2%
2025-12-09 09:40:39,670 DeMo.train INFO: Best Rank-5: 47.4%
2025-12-09 09:40:39,670 DeMo.train INFO: Best Rank-10: 57.0%
2025-12-09 09:40:39,670 DeMo.train INFO: ~~~~~~~~~~~~~~~~~~~~~~~~~~~~~~~~~~~~~~~~~~~~~~~~~~
2025-12-09 09:40:43,611 DeMo.train INFO: Epoch[23] Iteration[10/16] Loss: 0.985, Acc: 0.953, Base Lr: 1.97e-04
2025-12-09 09:40:44,667 DeMo.train INFO: Epoch 23 done. Time per batch: 0.357[s] Speed: 179.3[samples/s]
2025-12-09 09:40:44,668 DeMo.train INFO: ~~~~~~~~~~~~~~~~~~~~~~~~~~~~~~~~~~~~~~~~~~~~~~~~~~
2025-12-09 09:40:44,668 DeMo.train INFO: Current is the [moe,ori] feature testing!
2025-12-09 09:40:44,668 DeMo.train INFO: ~~~~~~~~~~~~~~~~~~~~~~~~~~~~~~~~~~~~~~~~~~~~~~~~~~
The test feature is normalized
2025-12-09 09:40:51,649 DeMo.train INFO: Validation Results - Epoch: 23
2025-12-09 09:40:51,649 DeMo.train INFO: mAP: 18.0%
2025-12-09 09:40:51,649 DeMo.train INFO: CMC curve, Rank-1  :25.9%
2025-12-09 09:40:51,649 DeMo.train INFO: CMC curve, Rank-5  :46.5%
2025-12-09 09:40:51,649 DeMo.train INFO: CMC curve, Rank-10 :58.2%
2025-12-09 09:40:51,650 DeMo.train INFO: ~~~~~~~~~~~~~~~~~~~~~~~~~~~~~~~~~~~~~~~~~~~~~~~~~~
2025-12-09 09:40:52,663 DeMo.train INFO: ~~~~~~~~~~~~~~~~~~~~~~~~~~~~~~~~~~~~~~~~~~~~~~~~~~
2025-12-09 09:40:52,663 DeMo.train INFO: Best mAP: 19.9%
2025-12-09 09:40:52,663 DeMo.train INFO: Best Rank-1: 26.2%
2025-12-09 09:40:52,663 DeMo.train INFO: Best Rank-5: 47.4%
2025-12-09 09:40:52,664 DeMo.train INFO: Best Rank-10: 57.0%
2025-12-09 09:40:52,664 DeMo.train INFO: ~~~~~~~~~~~~~~~~~~~~~~~~~~~~~~~~~~~~~~~~~~~~~~~~~~
2025-12-09 09:40:57,424 DeMo.train INFO: Epoch[24] Iteration[10/16] Loss: 0.798, Acc: 0.977, Base Lr: 1.86e-04
2025-12-09 09:40:58,483 DeMo.train INFO: Epoch 24 done. Time per batch: 0.416[s] Speed: 154.0[samples/s]
2025-12-09 09:40:58,484 DeMo.train INFO: ~~~~~~~~~~~~~~~~~~~~~~~~~~~~~~~~~~~~~~~~~~~~~~~~~~
2025-12-09 09:40:58,485 DeMo.train INFO: Current is the [moe,ori] feature testing!
2025-12-09 09:40:58,486 DeMo.train INFO: ~~~~~~~~~~~~~~~~~~~~~~~~~~~~~~~~~~~~~~~~~~~~~~~~~~
The test feature is normalized
2025-12-09 09:41:13,504 DeMo.train INFO: Validation Results - Epoch: 24
2025-12-09 09:41:13,504 DeMo.train INFO: mAP: 19.3%
2025-12-09 09:41:13,504 DeMo.train INFO: CMC curve, Rank-1  :29.6%
2025-12-09 09:41:13,504 DeMo.train INFO: CMC curve, Rank-5  :47.7%
2025-12-09 09:41:13,504 DeMo.train INFO: CMC curve, Rank-10 :56.9%
2025-12-09 09:41:13,504 DeMo.train INFO: ~~~~~~~~~~~~~~~~~~~~~~~~~~~~~~~~~~~~~~~~~~~~~~~~~~
2025-12-09 09:41:13,652 DeMo.train INFO: ~~~~~~~~~~~~~~~~~~~~~~~~~~~~~~~~~~~~~~~~~~~~~~~~~~
2025-12-09 09:41:13,653 DeMo.train INFO: Best mAP: 19.9%
2025-12-09 09:41:13,653 DeMo.train INFO: Best Rank-1: 26.2%
2025-12-09 09:41:13,653 DeMo.train INFO: Best Rank-5: 47.4%
2025-12-09 09:41:13,653 DeMo.train INFO: Best Rank-10: 57.0%
2025-12-09 09:41:13,653 DeMo.train INFO: ~~~~~~~~~~~~~~~~~~~~~~~~~~~~~~~~~~~~~~~~~~~~~~~~~~
2025-12-09 09:41:18,335 DeMo.train INFO: Epoch[25] Iteration[10/16] Loss: 0.785, Acc: 0.970, Base Lr: 1.75e-04
2025-12-09 09:41:19,420 DeMo.train INFO: Epoch 25 done. Time per batch: 0.412[s] Speed: 155.4[samples/s]
2025-12-09 09:41:19,421 DeMo.train INFO: ~~~~~~~~~~~~~~~~~~~~~~~~~~~~~~~~~~~~~~~~~~~~~~~~~~
2025-12-09 09:41:19,421 DeMo.train INFO: Current is the [moe,ori] feature testing!
2025-12-09 09:41:19,421 DeMo.train INFO: ~~~~~~~~~~~~~~~~~~~~~~~~~~~~~~~~~~~~~~~~~~~~~~~~~~
The test feature is normalized
2025-12-09 09:41:41,912 DeMo.train INFO: Validation Results - Epoch: 25
2025-12-09 09:41:41,913 DeMo.train INFO: mAP: 16.7%
2025-12-09 09:41:41,913 DeMo.train INFO: CMC curve, Rank-1  :24.5%
2025-12-09 09:41:41,913 DeMo.train INFO: CMC curve, Rank-5  :47.5%
2025-12-09 09:41:41,913 DeMo.train INFO: CMC curve, Rank-10 :59.9%
2025-12-09 09:41:41,913 DeMo.train INFO: ~~~~~~~~~~~~~~~~~~~~~~~~~~~~~~~~~~~~~~~~~~~~~~~~~~
2025-12-09 09:41:41,962 DeMo.train INFO: ~~~~~~~~~~~~~~~~~~~~~~~~~~~~~~~~~~~~~~~~~~~~~~~~~~
2025-12-09 09:41:41,962 DeMo.train INFO: Best mAP: 19.9%
2025-12-09 09:41:41,962 DeMo.train INFO: Best Rank-1: 26.2%
2025-12-09 09:41:41,962 DeMo.train INFO: Best Rank-5: 47.4%
2025-12-09 09:41:41,962 DeMo.train INFO: Best Rank-10: 57.0%
2025-12-09 09:41:41,963 DeMo.train INFO: ~~~~~~~~~~~~~~~~~~~~~~~~~~~~~~~~~~~~~~~~~~~~~~~~~~
2025-12-09 09:41:46,456 DeMo.train INFO: Epoch[26] Iteration[10/16] Loss: 1.043, Acc: 0.931, Base Lr: 1.64e-04
2025-12-09 09:41:47,757 DeMo.train INFO: Epoch 26 done. Time per batch: 0.386[s] Speed: 165.7[samples/s]
2025-12-09 09:41:47,758 DeMo.train INFO: ~~~~~~~~~~~~~~~~~~~~~~~~~~~~~~~~~~~~~~~~~~~~~~~~~~
2025-12-09 09:41:47,758 DeMo.train INFO: Current is the [moe,ori] feature testing!
2025-12-09 09:41:47,758 DeMo.train INFO: ~~~~~~~~~~~~~~~~~~~~~~~~~~~~~~~~~~~~~~~~~~~~~~~~~~
The test feature is normalized
2025-12-09 09:41:54,794 DeMo.train INFO: Validation Results - Epoch: 26
2025-12-09 09:41:54,794 DeMo.train INFO: mAP: 14.7%
2025-12-09 09:41:54,794 DeMo.train INFO: CMC curve, Rank-1  :22.7%
2025-12-09 09:41:54,794 DeMo.train INFO: CMC curve, Rank-5  :41.8%
2025-12-09 09:41:54,795 DeMo.train INFO: CMC curve, Rank-10 :51.6%
2025-12-09 09:41:54,795 DeMo.train INFO: ~~~~~~~~~~~~~~~~~~~~~~~~~~~~~~~~~~~~~~~~~~~~~~~~~~
2025-12-09 09:41:56,006 DeMo.train INFO: ~~~~~~~~~~~~~~~~~~~~~~~~~~~~~~~~~~~~~~~~~~~~~~~~~~
2025-12-09 09:41:56,006 DeMo.train INFO: Best mAP: 19.9%
2025-12-09 09:41:56,006 DeMo.train INFO: Best Rank-1: 26.2%
2025-12-09 09:41:56,006 DeMo.train INFO: Best Rank-5: 47.4%
2025-12-09 09:41:56,007 DeMo.train INFO: Best Rank-10: 57.0%
2025-12-09 09:41:56,007 DeMo.train INFO: ~~~~~~~~~~~~~~~~~~~~~~~~~~~~~~~~~~~~~~~~~~~~~~~~~~
2025-12-09 09:42:00,359 DeMo.train INFO: Epoch[27] Iteration[10/16] Loss: 0.998, Acc: 0.961, Base Lr: 1.53e-04
2025-12-09 09:42:01,404 DeMo.train INFO: Epoch 27 done. Time per batch: 0.386[s] Speed: 166.0[samples/s]
2025-12-09 09:42:01,406 DeMo.train INFO: ~~~~~~~~~~~~~~~~~~~~~~~~~~~~~~~~~~~~~~~~~~~~~~~~~~
2025-12-09 09:42:01,407 DeMo.train INFO: Current is the [moe,ori] feature testing!
2025-12-09 09:42:01,408 DeMo.train INFO: ~~~~~~~~~~~~~~~~~~~~~~~~~~~~~~~~~~~~~~~~~~~~~~~~~~
The test feature is normalized
2025-12-09 09:42:19,499 DeMo.train INFO: Validation Results - Epoch: 27
2025-12-09 09:42:19,499 DeMo.train INFO: mAP: 16.0%
2025-12-09 09:42:19,499 DeMo.train INFO: CMC curve, Rank-1  :23.4%
2025-12-09 09:42:19,499 DeMo.train INFO: CMC curve, Rank-5  :42.8%
2025-12-09 09:42:19,499 DeMo.train INFO: CMC curve, Rank-10 :53.5%
2025-12-09 09:42:19,500 DeMo.train INFO: ~~~~~~~~~~~~~~~~~~~~~~~~~~~~~~~~~~~~~~~~~~~~~~~~~~
2025-12-09 09:42:19,550 DeMo.train INFO: ~~~~~~~~~~~~~~~~~~~~~~~~~~~~~~~~~~~~~~~~~~~~~~~~~~
2025-12-09 09:42:19,550 DeMo.train INFO: Best mAP: 19.9%
2025-12-09 09:42:19,550 DeMo.train INFO: Best Rank-1: 26.2%
2025-12-09 09:42:19,550 DeMo.train INFO: Best Rank-5: 47.4%
2025-12-09 09:42:19,551 DeMo.train INFO: Best Rank-10: 57.0%
2025-12-09 09:42:19,551 DeMo.train INFO: ~~~~~~~~~~~~~~~~~~~~~~~~~~~~~~~~~~~~~~~~~~~~~~~~~~
2025-12-09 09:42:26,459 DeMo.train INFO: Epoch[28] Iteration[10/16] Loss: 0.869, Acc: 0.986, Base Lr: 1.42e-04
2025-12-09 09:42:27,538 DeMo.train INFO: Epoch 28 done. Time per batch: 0.571[s] Speed: 112.2[samples/s]
2025-12-09 09:42:27,540 DeMo.train INFO: ~~~~~~~~~~~~~~~~~~~~~~~~~~~~~~~~~~~~~~~~~~~~~~~~~~
2025-12-09 09:42:27,540 DeMo.train INFO: Current is the [moe,ori] feature testing!
2025-12-09 09:42:27,541 DeMo.train INFO: ~~~~~~~~~~~~~~~~~~~~~~~~~~~~~~~~~~~~~~~~~~~~~~~~~~
The test feature is normalized
2025-12-09 09:42:57,110 DeMo.train INFO: Validation Results - Epoch: 28
2025-12-09 09:42:57,111 DeMo.train INFO: mAP: 17.3%
2025-12-09 09:42:57,111 DeMo.train INFO: CMC curve, Rank-1  :25.4%
2025-12-09 09:42:57,111 DeMo.train INFO: CMC curve, Rank-5  :45.0%
2025-12-09 09:42:57,111 DeMo.train INFO: CMC curve, Rank-10 :54.5%
2025-12-09 09:42:57,111 DeMo.train INFO: ~~~~~~~~~~~~~~~~~~~~~~~~~~~~~~~~~~~~~~~~~~~~~~~~~~
2025-12-09 09:42:57,204 DeMo.train INFO: ~~~~~~~~~~~~~~~~~~~~~~~~~~~~~~~~~~~~~~~~~~~~~~~~~~
2025-12-09 09:42:57,204 DeMo.train INFO: Best mAP: 19.9%
2025-12-09 09:42:57,204 DeMo.train INFO: Best Rank-1: 26.2%
2025-12-09 09:42:57,204 DeMo.train INFO: Best Rank-5: 47.4%
2025-12-09 09:42:57,204 DeMo.train INFO: Best Rank-10: 57.0%
2025-12-09 09:42:57,204 DeMo.train INFO: ~~~~~~~~~~~~~~~~~~~~~~~~~~~~~~~~~~~~~~~~~~~~~~~~~~
2025-12-09 09:43:02,484 DeMo.train INFO: Epoch[29] Iteration[10/16] Loss: 0.749, Acc: 0.989, Base Lr: 1.32e-04
2025-12-09 09:43:03,546 DeMo.train INFO: Epoch 29 done. Time per batch: 0.453[s] Speed: 141.3[samples/s]
2025-12-09 09:43:03,548 DeMo.train INFO: ~~~~~~~~~~~~~~~~~~~~~~~~~~~~~~~~~~~~~~~~~~~~~~~~~~
2025-12-09 09:43:03,549 DeMo.train INFO: Current is the [moe,ori] feature testing!
2025-12-09 09:43:03,550 DeMo.train INFO: ~~~~~~~~~~~~~~~~~~~~~~~~~~~~~~~~~~~~~~~~~~~~~~~~~~
The test feature is normalized
2025-12-09 09:43:18,276 DeMo.train INFO: Validation Results - Epoch: 29
2025-12-09 09:43:18,276 DeMo.train INFO: mAP: 15.9%
2025-12-09 09:43:18,276 DeMo.train INFO: CMC curve, Rank-1  :24.5%
2025-12-09 09:43:18,276 DeMo.train INFO: CMC curve, Rank-5  :42.1%
2025-12-09 09:43:18,276 DeMo.train INFO: CMC curve, Rank-10 :55.2%
2025-12-09 09:43:18,276 DeMo.train INFO: ~~~~~~~~~~~~~~~~~~~~~~~~~~~~~~~~~~~~~~~~~~~~~~~~~~
2025-12-09 09:43:18,353 DeMo.train INFO: ~~~~~~~~~~~~~~~~~~~~~~~~~~~~~~~~~~~~~~~~~~~~~~~~~~
2025-12-09 09:43:18,354 DeMo.train INFO: Best mAP: 19.9%
2025-12-09 09:43:18,354 DeMo.train INFO: Best Rank-1: 26.2%
2025-12-09 09:43:18,354 DeMo.train INFO: Best Rank-5: 47.4%
2025-12-09 09:43:18,354 DeMo.train INFO: Best Rank-10: 57.0%
2025-12-09 09:43:18,354 DeMo.train INFO: ~~~~~~~~~~~~~~~~~~~~~~~~~~~~~~~~~~~~~~~~~~~~~~~~~~
2025-12-09 09:43:23,638 DeMo.train INFO: Epoch[30] Iteration[10/16] Loss: 0.799, Acc: 0.978, Base Lr: 1.21e-04
2025-12-09 09:43:24,707 DeMo.train INFO: Epoch 30 done. Time per batch: 0.454[s] Speed: 141.1[samples/s]
2025-12-09 09:43:24,708 DeMo.train INFO: ~~~~~~~~~~~~~~~~~~~~~~~~~~~~~~~~~~~~~~~~~~~~~~~~~~
2025-12-09 09:43:24,708 DeMo.train INFO: Current is the [moe,ori] feature testing!
2025-12-09 09:43:24,708 DeMo.train INFO: ~~~~~~~~~~~~~~~~~~~~~~~~~~~~~~~~~~~~~~~~~~~~~~~~~~
The test feature is normalized
2025-12-09 09:43:45,836 DeMo.train INFO: Validation Results - Epoch: 30
2025-12-09 09:43:45,836 DeMo.train INFO: mAP: 17.2%
2025-12-09 09:43:45,836 DeMo.train INFO: CMC curve, Rank-1  :24.2%
2025-12-09 09:43:45,836 DeMo.train INFO: CMC curve, Rank-5  :43.3%
2025-12-09 09:43:45,836 DeMo.train INFO: CMC curve, Rank-10 :51.8%
2025-12-09 09:43:45,836 DeMo.train INFO: ~~~~~~~~~~~~~~~~~~~~~~~~~~~~~~~~~~~~~~~~~~~~~~~~~~
2025-12-09 09:43:46,442 DeMo.train INFO: ~~~~~~~~~~~~~~~~~~~~~~~~~~~~~~~~~~~~~~~~~~~~~~~~~~
2025-12-09 09:43:46,442 DeMo.train INFO: Best mAP: 19.9%
2025-12-09 09:43:46,442 DeMo.train INFO: Best Rank-1: 26.2%
2025-12-09 09:43:46,442 DeMo.train INFO: Best Rank-5: 47.4%
2025-12-09 09:43:46,442 DeMo.train INFO: Best Rank-10: 57.0%
2025-12-09 09:43:46,442 DeMo.train INFO: ~~~~~~~~~~~~~~~~~~~~~~~~~~~~~~~~~~~~~~~~~~~~~~~~~~
2025-12-09 09:43:51,121 DeMo.train INFO: Epoch[31] Iteration[10/16] Loss: 0.666, Acc: 0.988, Base Lr: 1.11e-04
2025-12-09 09:43:52,224 DeMo.train INFO: Epoch 31 done. Time per batch: 0.413[s] Speed: 155.0[samples/s]
2025-12-09 09:43:52,225 DeMo.train INFO: ~~~~~~~~~~~~~~~~~~~~~~~~~~~~~~~~~~~~~~~~~~~~~~~~~~
2025-12-09 09:43:52,225 DeMo.train INFO: Current is the [moe,ori] feature testing!
2025-12-09 09:43:52,226 DeMo.train INFO: ~~~~~~~~~~~~~~~~~~~~~~~~~~~~~~~~~~~~~~~~~~~~~~~~~~
The test feature is normalized
2025-12-09 09:43:59,464 DeMo.train INFO: Validation Results - Epoch: 31
2025-12-09 09:43:59,464 DeMo.train INFO: mAP: 18.0%
2025-12-09 09:43:59,464 DeMo.train INFO: CMC curve, Rank-1  :26.9%
2025-12-09 09:43:59,464 DeMo.train INFO: CMC curve, Rank-5  :43.8%
2025-12-09 09:43:59,464 DeMo.train INFO: CMC curve, Rank-10 :53.8%
2025-12-09 09:43:59,464 DeMo.train INFO: ~~~~~~~~~~~~~~~~~~~~~~~~~~~~~~~~~~~~~~~~~~~~~~~~~~
2025-12-09 09:44:00,618 DeMo.train INFO: ~~~~~~~~~~~~~~~~~~~~~~~~~~~~~~~~~~~~~~~~~~~~~~~~~~
2025-12-09 09:44:00,619 DeMo.train INFO: Best mAP: 19.9%
2025-12-09 09:44:00,619 DeMo.train INFO: Best Rank-1: 26.2%
2025-12-09 09:44:00,620 DeMo.train INFO: Best Rank-5: 47.4%
2025-12-09 09:44:00,620 DeMo.train INFO: Best Rank-10: 57.0%
2025-12-09 09:44:00,620 DeMo.train INFO: ~~~~~~~~~~~~~~~~~~~~~~~~~~~~~~~~~~~~~~~~~~~~~~~~~~
2025-12-09 09:44:05,206 DeMo.train INFO: Epoch[32] Iteration[10/16] Loss: 0.814, Acc: 0.969, Base Lr: 1.01e-04
2025-12-09 09:44:06,282 DeMo.train INFO: Epoch 32 done. Time per batch: 0.404[s] Speed: 158.2[samples/s]
2025-12-09 09:44:06,283 DeMo.train INFO: ~~~~~~~~~~~~~~~~~~~~~~~~~~~~~~~~~~~~~~~~~~~~~~~~~~
2025-12-09 09:44:06,283 DeMo.train INFO: Current is the [moe,ori] feature testing!
2025-12-09 09:44:06,284 DeMo.train INFO: ~~~~~~~~~~~~~~~~~~~~~~~~~~~~~~~~~~~~~~~~~~~~~~~~~~
The test feature is normalized
2025-12-09 09:44:13,172 DeMo.train INFO: Validation Results - Epoch: 32
2025-12-09 09:44:13,172 DeMo.train INFO: mAP: 15.3%
2025-12-09 09:44:13,173 DeMo.train INFO: CMC curve, Rank-1  :23.5%
2025-12-09 09:44:13,173 DeMo.train INFO: CMC curve, Rank-5  :43.1%
2025-12-09 09:44:13,173 DeMo.train INFO: CMC curve, Rank-10 :52.1%
2025-12-09 09:44:13,173 DeMo.train INFO: ~~~~~~~~~~~~~~~~~~~~~~~~~~~~~~~~~~~~~~~~~~~~~~~~~~
2025-12-09 09:44:13,222 DeMo.train INFO: ~~~~~~~~~~~~~~~~~~~~~~~~~~~~~~~~~~~~~~~~~~~~~~~~~~
2025-12-09 09:44:13,222 DeMo.train INFO: Best mAP: 19.9%
2025-12-09 09:44:13,222 DeMo.train INFO: Best Rank-1: 26.2%
2025-12-09 09:44:13,222 DeMo.train INFO: Best Rank-5: 47.4%
2025-12-09 09:44:13,222 DeMo.train INFO: Best Rank-10: 57.0%
2025-12-09 09:44:13,222 DeMo.train INFO: ~~~~~~~~~~~~~~~~~~~~~~~~~~~~~~~~~~~~~~~~~~~~~~~~~~
2025-12-09 09:44:17,469 DeMo.train INFO: Epoch[33] Iteration[10/16] Loss: 0.770, Acc: 0.980, Base Lr: 9.10e-05
2025-12-09 09:44:18,541 DeMo.train INFO: Epoch 33 done. Time per batch: 0.380[s] Speed: 168.4[samples/s]
2025-12-09 09:44:18,544 DeMo.train INFO: ~~~~~~~~~~~~~~~~~~~~~~~~~~~~~~~~~~~~~~~~~~~~~~~~~~
2025-12-09 09:44:18,544 DeMo.train INFO: Current is the [moe,ori] feature testing!
2025-12-09 09:44:18,545 DeMo.train INFO: ~~~~~~~~~~~~~~~~~~~~~~~~~~~~~~~~~~~~~~~~~~~~~~~~~~
The test feature is normalized
2025-12-09 09:44:36,329 DeMo.train INFO: Validation Results - Epoch: 33
2025-12-09 09:44:36,329 DeMo.train INFO: mAP: 18.6%
2025-12-09 09:44:36,329 DeMo.train INFO: CMC curve, Rank-1  :26.7%
2025-12-09 09:44:36,329 DeMo.train INFO: CMC curve, Rank-5  :46.5%
2025-12-09 09:44:36,329 DeMo.train INFO: CMC curve, Rank-10 :57.9%
2025-12-09 09:44:36,330 DeMo.train INFO: ~~~~~~~~~~~~~~~~~~~~~~~~~~~~~~~~~~~~~~~~~~~~~~~~~~
2025-12-09 09:44:36,399 DeMo.train INFO: ~~~~~~~~~~~~~~~~~~~~~~~~~~~~~~~~~~~~~~~~~~~~~~~~~~
2025-12-09 09:44:36,399 DeMo.train INFO: Best mAP: 19.9%
2025-12-09 09:44:36,399 DeMo.train INFO: Best Rank-1: 26.2%
2025-12-09 09:44:36,399 DeMo.train INFO: Best Rank-5: 47.4%
2025-12-09 09:44:36,399 DeMo.train INFO: Best Rank-10: 57.0%
2025-12-09 09:44:36,399 DeMo.train INFO: ~~~~~~~~~~~~~~~~~~~~~~~~~~~~~~~~~~~~~~~~~~~~~~~~~~
2025-12-09 09:44:45,320 DeMo.train INFO: Epoch[34] Iteration[10/16] Loss: 0.616, Acc: 0.988, Base Lr: 8.15e-05
2025-12-09 09:44:46,378 DeMo.train INFO: Epoch 34 done. Time per batch: 0.713[s] Speed: 89.8[samples/s]
2025-12-09 09:44:46,380 DeMo.train INFO: ~~~~~~~~~~~~~~~~~~~~~~~~~~~~~~~~~~~~~~~~~~~~~~~~~~
2025-12-09 09:44:46,380 DeMo.train INFO: Current is the [moe,ori] feature testing!
2025-12-09 09:44:46,382 DeMo.train INFO: ~~~~~~~~~~~~~~~~~~~~~~~~~~~~~~~~~~~~~~~~~~~~~~~~~~
The test feature is normalized
2025-12-09 09:44:58,993 DeMo.train INFO: Validation Results - Epoch: 34
2025-12-09 09:44:58,993 DeMo.train INFO: mAP: 19.0%
2025-12-09 09:44:58,993 DeMo.train INFO: CMC curve, Rank-1  :27.6%
2025-12-09 09:44:58,993 DeMo.train INFO: CMC curve, Rank-5  :46.0%
2025-12-09 09:44:58,993 DeMo.train INFO: CMC curve, Rank-10 :57.7%
2025-12-09 09:44:58,993 DeMo.train INFO: ~~~~~~~~~~~~~~~~~~~~~~~~~~~~~~~~~~~~~~~~~~~~~~~~~~
2025-12-09 09:44:59,530 DeMo.train INFO: ~~~~~~~~~~~~~~~~~~~~~~~~~~~~~~~~~~~~~~~~~~~~~~~~~~
2025-12-09 09:44:59,530 DeMo.train INFO: Best mAP: 19.9%
2025-12-09 09:44:59,530 DeMo.train INFO: Best Rank-1: 26.2%
2025-12-09 09:44:59,530 DeMo.train INFO: Best Rank-5: 47.4%
2025-12-09 09:44:59,530 DeMo.train INFO: Best Rank-10: 57.0%
2025-12-09 09:44:59,531 DeMo.train INFO: ~~~~~~~~~~~~~~~~~~~~~~~~~~~~~~~~~~~~~~~~~~~~~~~~~~
2025-12-09 09:45:04,404 DeMo.train INFO: Epoch[35] Iteration[10/16] Loss: 0.528, Acc: 0.998, Base Lr: 7.24e-05
2025-12-09 09:45:05,478 DeMo.train INFO: Epoch 35 done. Time per batch: 0.425[s] Speed: 150.7[samples/s]
2025-12-09 09:45:05,479 DeMo.train INFO: ~~~~~~~~~~~~~~~~~~~~~~~~~~~~~~~~~~~~~~~~~~~~~~~~~~
2025-12-09 09:45:05,479 DeMo.train INFO: Current is the [moe,ori] feature testing!
2025-12-09 09:45:05,479 DeMo.train INFO: ~~~~~~~~~~~~~~~~~~~~~~~~~~~~~~~~~~~~~~~~~~~~~~~~~~
The test feature is normalized
2025-12-09 09:45:12,465 DeMo.train INFO: Validation Results - Epoch: 35
2025-12-09 09:45:12,465 DeMo.train INFO: mAP: 19.3%
2025-12-09 09:45:12,465 DeMo.train INFO: CMC curve, Rank-1  :28.8%
2025-12-09 09:45:12,465 DeMo.train INFO: CMC curve, Rank-5  :46.0%
2025-12-09 09:45:12,465 DeMo.train INFO: CMC curve, Rank-10 :58.5%
2025-12-09 09:45:12,465 DeMo.train INFO: ~~~~~~~~~~~~~~~~~~~~~~~~~~~~~~~~~~~~~~~~~~~~~~~~~~
2025-12-09 09:45:13,581 DeMo.train INFO: ~~~~~~~~~~~~~~~~~~~~~~~~~~~~~~~~~~~~~~~~~~~~~~~~~~
2025-12-09 09:45:13,582 DeMo.train INFO: Best mAP: 19.9%
2025-12-09 09:45:13,582 DeMo.train INFO: Best Rank-1: 26.2%
2025-12-09 09:45:13,582 DeMo.train INFO: Best Rank-5: 47.4%
2025-12-09 09:45:13,582 DeMo.train INFO: Best Rank-10: 57.0%
2025-12-09 09:45:13,582 DeMo.train INFO: ~~~~~~~~~~~~~~~~~~~~~~~~~~~~~~~~~~~~~~~~~~~~~~~~~~
2025-12-09 09:45:18,306 DeMo.train INFO: Epoch[36] Iteration[10/16] Loss: 0.435, Acc: 0.997, Base Lr: 6.37e-05
2025-12-09 09:45:19,390 DeMo.train INFO: Epoch 36 done. Time per batch: 0.415[s] Speed: 154.3[samples/s]
2025-12-09 09:45:19,391 DeMo.train INFO: ~~~~~~~~~~~~~~~~~~~~~~~~~~~~~~~~~~~~~~~~~~~~~~~~~~
2025-12-09 09:45:19,391 DeMo.train INFO: Current is the [moe,ori] feature testing!
2025-12-09 09:45:19,391 DeMo.train INFO: ~~~~~~~~~~~~~~~~~~~~~~~~~~~~~~~~~~~~~~~~~~~~~~~~~~
The test feature is normalized
2025-12-09 09:45:38,376 DeMo.train INFO: Validation Results - Epoch: 36
2025-12-09 09:45:38,376 DeMo.train INFO: mAP: 19.7%
2025-12-09 09:45:38,376 DeMo.train INFO: CMC curve, Rank-1  :28.9%
2025-12-09 09:45:38,376 DeMo.train INFO: CMC curve, Rank-5  :48.1%
2025-12-09 09:45:38,376 DeMo.train INFO: CMC curve, Rank-10 :60.2%
2025-12-09 09:45:38,376 DeMo.train INFO: ~~~~~~~~~~~~~~~~~~~~~~~~~~~~~~~~~~~~~~~~~~~~~~~~~~
2025-12-09 09:45:39,386 DeMo.train INFO: ~~~~~~~~~~~~~~~~~~~~~~~~~~~~~~~~~~~~~~~~~~~~~~~~~~
2025-12-09 09:45:39,386 DeMo.train INFO: Best mAP: 19.9%
2025-12-09 09:45:39,386 DeMo.train INFO: Best Rank-1: 26.2%
2025-12-09 09:45:39,386 DeMo.train INFO: Best Rank-5: 47.4%
2025-12-09 09:45:39,387 DeMo.train INFO: Best Rank-10: 57.0%
2025-12-09 09:45:39,387 DeMo.train INFO: ~~~~~~~~~~~~~~~~~~~~~~~~~~~~~~~~~~~~~~~~~~~~~~~~~~
2025-12-09 09:45:43,894 DeMo.train INFO: Epoch[37] Iteration[10/16] Loss: 0.426, Acc: 0.998, Base Lr: 5.55e-05
2025-12-09 09:45:44,986 DeMo.train INFO: Epoch 37 done. Time per batch: 0.400[s] Speed: 160.0[samples/s]
2025-12-09 09:45:44,988 DeMo.train INFO: ~~~~~~~~~~~~~~~~~~~~~~~~~~~~~~~~~~~~~~~~~~~~~~~~~~
2025-12-09 09:45:44,988 DeMo.train INFO: Current is the [moe,ori] feature testing!
2025-12-09 09:45:44,988 DeMo.train INFO: ~~~~~~~~~~~~~~~~~~~~~~~~~~~~~~~~~~~~~~~~~~~~~~~~~~
The test feature is normalized
2025-12-09 09:46:07,198 DeMo.train INFO: Validation Results - Epoch: 37
2025-12-09 09:46:07,200 DeMo.train INFO: mAP: 20.2%
2025-12-09 09:46:07,200 DeMo.train INFO: CMC curve, Rank-1  :28.3%
2025-12-09 09:46:07,201 DeMo.train INFO: CMC curve, Rank-5  :49.4%
2025-12-09 09:46:07,201 DeMo.train INFO: CMC curve, Rank-10 :61.6%
2025-12-09 09:46:07,202 DeMo.train INFO: ~~~~~~~~~~~~~~~~~~~~~~~~~~~~~~~~~~~~~~~~~~~~~~~~~~
2025-12-09 09:46:27,870 DeMo.train INFO: ~~~~~~~~~~~~~~~~~~~~~~~~~~~~~~~~~~~~~~~~~~~~~~~~~~
2025-12-09 09:46:27,871 DeMo.train INFO: Best mAP: 20.2%
2025-12-09 09:46:27,872 DeMo.train INFO: Best Rank-1: 28.3%
2025-12-09 09:46:27,873 DeMo.train INFO: Best Rank-5: 49.4%
2025-12-09 09:46:27,873 DeMo.train INFO: Best Rank-10: 61.6%
2025-12-09 09:46:27,874 DeMo.train INFO: ~~~~~~~~~~~~~~~~~~~~~~~~~~~~~~~~~~~~~~~~~~~~~~~~~~
2025-12-09 09:46:39,381 DeMo.train INFO: Epoch[38] Iteration[10/16] Loss: 0.460, Acc: 0.998, Base Lr: 4.77e-05
2025-12-09 09:46:40,430 DeMo.train INFO: Epoch 38 done. Time per batch: 0.897[s] Speed: 71.4[samples/s]
2025-12-09 09:46:40,432 DeMo.train INFO: ~~~~~~~~~~~~~~~~~~~~~~~~~~~~~~~~~~~~~~~~~~~~~~~~~~
2025-12-09 09:46:40,432 DeMo.train INFO: Current is the [moe,ori] feature testing!
2025-12-09 09:46:40,433 DeMo.train INFO: ~~~~~~~~~~~~~~~~~~~~~~~~~~~~~~~~~~~~~~~~~~~~~~~~~~
The test feature is normalized
2025-12-09 09:47:01,365 DeMo.train INFO: Validation Results - Epoch: 38
2025-12-09 09:47:01,365 DeMo.train INFO: mAP: 20.5%
2025-12-09 09:47:01,365 DeMo.train INFO: CMC curve, Rank-1  :29.6%
2025-12-09 09:47:01,365 DeMo.train INFO: CMC curve, Rank-5  :51.6%
2025-12-09 09:47:01,365 DeMo.train INFO: CMC curve, Rank-10 :63.6%
2025-12-09 09:47:01,365 DeMo.train INFO: ~~~~~~~~~~~~~~~~~~~~~~~~~~~~~~~~~~~~~~~~~~~~~~~~~~
2025-12-09 09:47:18,020 DeMo.train INFO: ~~~~~~~~~~~~~~~~~~~~~~~~~~~~~~~~~~~~~~~~~~~~~~~~~~
2025-12-09 09:47:18,021 DeMo.train INFO: Best mAP: 20.5%
2025-12-09 09:47:18,021 DeMo.train INFO: Best Rank-1: 29.6%
2025-12-09 09:47:18,021 DeMo.train INFO: Best Rank-5: 51.6%
2025-12-09 09:47:18,021 DeMo.train INFO: Best Rank-10: 63.6%
2025-12-09 09:47:18,021 DeMo.train INFO: ~~~~~~~~~~~~~~~~~~~~~~~~~~~~~~~~~~~~~~~~~~~~~~~~~~
2025-12-09 09:47:22,231 DeMo.train INFO: Epoch[39] Iteration[10/16] Loss: 0.398, Acc: 0.998, Base Lr: 4.05e-05
2025-12-09 09:47:23,293 DeMo.train INFO: Epoch 39 done. Time per batch: 0.377[s] Speed: 170.0[samples/s]
2025-12-09 09:47:23,294 DeMo.train INFO: ~~~~~~~~~~~~~~~~~~~~~~~~~~~~~~~~~~~~~~~~~~~~~~~~~~
2025-12-09 09:47:23,294 DeMo.train INFO: Current is the [moe,ori] feature testing!
2025-12-09 09:47:23,294 DeMo.train INFO: ~~~~~~~~~~~~~~~~~~~~~~~~~~~~~~~~~~~~~~~~~~~~~~~~~~
The test feature is normalized
2025-12-09 09:47:30,373 DeMo.train INFO: Validation Results - Epoch: 39
2025-12-09 09:47:30,374 DeMo.train INFO: mAP: 19.8%
2025-12-09 09:47:30,374 DeMo.train INFO: CMC curve, Rank-1  :28.3%
2025-12-09 09:47:30,374 DeMo.train INFO: CMC curve, Rank-5  :51.9%
2025-12-09 09:47:30,374 DeMo.train INFO: CMC curve, Rank-10 :60.6%
2025-12-09 09:47:30,374 DeMo.train INFO: ~~~~~~~~~~~~~~~~~~~~~~~~~~~~~~~~~~~~~~~~~~~~~~~~~~
2025-12-09 09:47:30,910 DeMo.train INFO: ~~~~~~~~~~~~~~~~~~~~~~~~~~~~~~~~~~~~~~~~~~~~~~~~~~
2025-12-09 09:47:30,911 DeMo.train INFO: Best mAP: 20.5%
2025-12-09 09:47:30,911 DeMo.train INFO: Best Rank-1: 29.6%
2025-12-09 09:47:30,911 DeMo.train INFO: Best Rank-5: 51.6%
2025-12-09 09:47:30,911 DeMo.train INFO: Best Rank-10: 63.6%
2025-12-09 09:47:30,911 DeMo.train INFO: ~~~~~~~~~~~~~~~~~~~~~~~~~~~~~~~~~~~~~~~~~~~~~~~~~~
2025-12-09 09:47:35,545 DeMo.train INFO: Epoch[40] Iteration[10/16] Loss: 0.351, Acc: 0.995, Base Lr: 3.37e-05
2025-12-09 09:47:36,614 DeMo.train INFO: Epoch 40 done. Time per batch: 0.407[s] Speed: 157.1[samples/s]
2025-12-09 09:47:36,616 DeMo.train INFO: ~~~~~~~~~~~~~~~~~~~~~~~~~~~~~~~~~~~~~~~~~~~~~~~~~~
2025-12-09 09:47:36,616 DeMo.train INFO: Current is the [moe,ori] feature testing!
2025-12-09 09:47:36,616 DeMo.train INFO: ~~~~~~~~~~~~~~~~~~~~~~~~~~~~~~~~~~~~~~~~~~~~~~~~~~
The test feature is normalized
2025-12-09 09:47:43,703 DeMo.train INFO: Validation Results - Epoch: 40
2025-12-09 09:47:43,703 DeMo.train INFO: mAP: 20.2%
2025-12-09 09:47:43,703 DeMo.train INFO: CMC curve, Rank-1  :29.4%
2025-12-09 09:47:43,703 DeMo.train INFO: CMC curve, Rank-5  :52.3%
2025-12-09 09:47:43,704 DeMo.train INFO: CMC curve, Rank-10 :61.1%
2025-12-09 09:47:43,704 DeMo.train INFO: ~~~~~~~~~~~~~~~~~~~~~~~~~~~~~~~~~~~~~~~~~~~~~~~~~~
2025-12-09 09:47:43,798 DeMo.train INFO: ~~~~~~~~~~~~~~~~~~~~~~~~~~~~~~~~~~~~~~~~~~~~~~~~~~
2025-12-09 09:47:43,798 DeMo.train INFO: Best mAP: 20.5%
2025-12-09 09:47:43,799 DeMo.train INFO: Best Rank-1: 29.6%
2025-12-09 09:47:43,799 DeMo.train INFO: Best Rank-5: 51.6%
2025-12-09 09:47:43,799 DeMo.train INFO: Best Rank-10: 63.6%
2025-12-09 09:47:43,799 DeMo.train INFO: ~~~~~~~~~~~~~~~~~~~~~~~~~~~~~~~~~~~~~~~~~~~~~~~~~~
2025-12-09 09:47:47,967 DeMo.train INFO: Epoch[41] Iteration[10/16] Loss: 0.375, Acc: 0.998, Base Lr: 2.76e-05
2025-12-09 09:47:49,031 DeMo.train INFO: Epoch 41 done. Time per batch: 0.374[s] Speed: 171.3[samples/s]
2025-12-09 09:47:49,032 DeMo.train INFO: ~~~~~~~~~~~~~~~~~~~~~~~~~~~~~~~~~~~~~~~~~~~~~~~~~~
2025-12-09 09:47:49,032 DeMo.train INFO: Current is the [moe,ori] feature testing!
2025-12-09 09:47:49,032 DeMo.train INFO: ~~~~~~~~~~~~~~~~~~~~~~~~~~~~~~~~~~~~~~~~~~~~~~~~~~
The test feature is normalized
2025-12-09 09:47:56,175 DeMo.train INFO: Validation Results - Epoch: 41
2025-12-09 09:47:56,175 DeMo.train INFO: mAP: 20.9%
2025-12-09 09:47:56,176 DeMo.train INFO: CMC curve, Rank-1  :31.0%
2025-12-09 09:47:56,176 DeMo.train INFO: CMC curve, Rank-5  :51.4%
2025-12-09 09:47:56,176 DeMo.train INFO: CMC curve, Rank-10 :60.6%
2025-12-09 09:47:56,176 DeMo.train INFO: ~~~~~~~~~~~~~~~~~~~~~~~~~~~~~~~~~~~~~~~~~~~~~~~~~~
2025-12-09 09:48:13,364 DeMo.train INFO: ~~~~~~~~~~~~~~~~~~~~~~~~~~~~~~~~~~~~~~~~~~~~~~~~~~
2025-12-09 09:48:13,364 DeMo.train INFO: Best mAP: 20.9%
2025-12-09 09:48:13,364 DeMo.train INFO: Best Rank-1: 31.0%
2025-12-09 09:48:13,364 DeMo.train INFO: Best Rank-5: 51.4%
2025-12-09 09:48:13,364 DeMo.train INFO: Best Rank-10: 60.6%
2025-12-09 09:48:13,364 DeMo.train INFO: ~~~~~~~~~~~~~~~~~~~~~~~~~~~~~~~~~~~~~~~~~~~~~~~~~~
2025-12-09 09:48:17,908 DeMo.train INFO: Epoch[42] Iteration[10/16] Loss: 0.362, Acc: 1.000, Base Lr: 2.20e-05
2025-12-09 09:48:18,975 DeMo.train INFO: Epoch 42 done. Time per batch: 0.401[s] Speed: 159.7[samples/s]
2025-12-09 09:48:18,976 DeMo.train INFO: ~~~~~~~~~~~~~~~~~~~~~~~~~~~~~~~~~~~~~~~~~~~~~~~~~~
2025-12-09 09:48:18,977 DeMo.train INFO: Current is the [moe,ori] feature testing!
2025-12-09 09:48:18,978 DeMo.train INFO: ~~~~~~~~~~~~~~~~~~~~~~~~~~~~~~~~~~~~~~~~~~~~~~~~~~
The test feature is normalized
2025-12-09 09:48:37,071 DeMo.train INFO: Validation Results - Epoch: 42
2025-12-09 09:48:37,071 DeMo.train INFO: mAP: 21.9%
2025-12-09 09:48:37,071 DeMo.train INFO: CMC curve, Rank-1  :31.6%
2025-12-09 09:48:37,071 DeMo.train INFO: CMC curve, Rank-5  :54.1%
2025-12-09 09:48:37,071 DeMo.train INFO: CMC curve, Rank-10 :64.3%
2025-12-09 09:48:37,072 DeMo.train INFO: ~~~~~~~~~~~~~~~~~~~~~~~~~~~~~~~~~~~~~~~~~~~~~~~~~~
2025-12-09 09:48:53,729 DeMo.train INFO: ~~~~~~~~~~~~~~~~~~~~~~~~~~~~~~~~~~~~~~~~~~~~~~~~~~
2025-12-09 09:48:53,731 DeMo.train INFO: Best mAP: 21.9%
2025-12-09 09:48:53,731 DeMo.train INFO: Best Rank-1: 31.6%
2025-12-09 09:48:53,731 DeMo.train INFO: Best Rank-5: 54.1%
2025-12-09 09:48:53,732 DeMo.train INFO: Best Rank-10: 64.3%
2025-12-09 09:48:53,732 DeMo.train INFO: ~~~~~~~~~~~~~~~~~~~~~~~~~~~~~~~~~~~~~~~~~~~~~~~~~~
2025-12-09 09:48:58,235 DeMo.train INFO: Epoch[43] Iteration[10/16] Loss: 0.315, Acc: 0.998, Base Lr: 1.70e-05
2025-12-09 09:48:59,562 DeMo.train INFO: Epoch 43 done. Time per batch: 0.416[s] Speed: 153.7[samples/s]
2025-12-09 09:48:59,564 DeMo.train INFO: ~~~~~~~~~~~~~~~~~~~~~~~~~~~~~~~~~~~~~~~~~~~~~~~~~~
2025-12-09 09:48:59,564 DeMo.train INFO: Current is the [moe,ori] feature testing!
2025-12-09 09:48:59,564 DeMo.train INFO: ~~~~~~~~~~~~~~~~~~~~~~~~~~~~~~~~~~~~~~~~~~~~~~~~~~
The test feature is normalized
2025-12-09 09:49:07,073 DeMo.train INFO: Validation Results - Epoch: 43
2025-12-09 09:49:07,073 DeMo.train INFO: mAP: 22.9%
2025-12-09 09:49:07,073 DeMo.train INFO: CMC curve, Rank-1  :33.3%
2025-12-09 09:49:07,073 DeMo.train INFO: CMC curve, Rank-5  :55.0%
2025-12-09 09:49:07,073 DeMo.train INFO: CMC curve, Rank-10 :64.8%
2025-12-09 09:49:07,073 DeMo.train INFO: ~~~~~~~~~~~~~~~~~~~~~~~~~~~~~~~~~~~~~~~~~~~~~~~~~~
2025-12-09 09:49:24,059 DeMo.train INFO: ~~~~~~~~~~~~~~~~~~~~~~~~~~~~~~~~~~~~~~~~~~~~~~~~~~
2025-12-09 09:49:24,059 DeMo.train INFO: Best mAP: 22.9%
2025-12-09 09:49:24,059 DeMo.train INFO: Best Rank-1: 33.3%
2025-12-09 09:49:24,059 DeMo.train INFO: Best Rank-5: 55.0%
2025-12-09 09:49:24,059 DeMo.train INFO: Best Rank-10: 64.8%
2025-12-09 09:49:24,060 DeMo.train INFO: ~~~~~~~~~~~~~~~~~~~~~~~~~~~~~~~~~~~~~~~~~~~~~~~~~~
2025-12-09 09:49:28,389 DeMo.train INFO: Epoch[44] Iteration[10/16] Loss: 0.317, Acc: 1.000, Base Lr: 1.26e-05
2025-12-09 09:49:29,433 DeMo.train INFO: Epoch 44 done. Time per batch: 0.384[s] Speed: 166.8[samples/s]
2025-12-09 09:49:29,434 DeMo.train INFO: ~~~~~~~~~~~~~~~~~~~~~~~~~~~~~~~~~~~~~~~~~~~~~~~~~~
2025-12-09 09:49:29,434 DeMo.train INFO: Current is the [moe,ori] feature testing!
2025-12-09 09:49:29,434 DeMo.train INFO: ~~~~~~~~~~~~~~~~~~~~~~~~~~~~~~~~~~~~~~~~~~~~~~~~~~
The test feature is normalized
2025-12-09 09:49:36,289 DeMo.train INFO: Validation Results - Epoch: 44
2025-12-09 09:49:36,289 DeMo.train INFO: mAP: 22.5%
2025-12-09 09:49:36,289 DeMo.train INFO: CMC curve, Rank-1  :32.7%
2025-12-09 09:49:36,289 DeMo.train INFO: CMC curve, Rank-5  :53.1%
2025-12-09 09:49:36,290 DeMo.train INFO: CMC curve, Rank-10 :64.1%
2025-12-09 09:49:36,290 DeMo.train INFO: ~~~~~~~~~~~~~~~~~~~~~~~~~~~~~~~~~~~~~~~~~~~~~~~~~~
2025-12-09 09:49:37,897 DeMo.train INFO: ~~~~~~~~~~~~~~~~~~~~~~~~~~~~~~~~~~~~~~~~~~~~~~~~~~
2025-12-09 09:49:37,897 DeMo.train INFO: Best mAP: 22.9%
2025-12-09 09:49:37,897 DeMo.train INFO: Best Rank-1: 33.3%
2025-12-09 09:49:37,898 DeMo.train INFO: Best Rank-5: 55.0%
2025-12-09 09:49:37,898 DeMo.train INFO: Best Rank-10: 64.8%
2025-12-09 09:49:37,898 DeMo.train INFO: ~~~~~~~~~~~~~~~~~~~~~~~~~~~~~~~~~~~~~~~~~~~~~~~~~~
2025-12-09 09:49:44,497 DeMo.train INFO: Epoch[45] Iteration[10/16] Loss: 0.299, Acc: 0.998, Base Lr: 8.91e-06
2025-12-09 09:49:45,562 DeMo.train INFO: Epoch 45 done. Time per batch: 0.547[s] Speed: 116.9[samples/s]
2025-12-09 09:49:45,564 DeMo.train INFO: ~~~~~~~~~~~~~~~~~~~~~~~~~~~~~~~~~~~~~~~~~~~~~~~~~~
2025-12-09 09:49:45,565 DeMo.train INFO: Current is the [moe,ori] feature testing!
2025-12-09 09:49:45,566 DeMo.train INFO: ~~~~~~~~~~~~~~~~~~~~~~~~~~~~~~~~~~~~~~~~~~~~~~~~~~
The test feature is normalized
2025-12-09 09:49:56,963 DeMo.train INFO: Validation Results - Epoch: 45
2025-12-09 09:49:56,964 DeMo.train INFO: mAP: 22.2%
2025-12-09 09:49:56,964 DeMo.train INFO: CMC curve, Rank-1  :33.0%
2025-12-09 09:49:56,964 DeMo.train INFO: CMC curve, Rank-5  :53.3%
2025-12-09 09:49:56,964 DeMo.train INFO: CMC curve, Rank-10 :62.8%
2025-12-09 09:49:56,964 DeMo.train INFO: ~~~~~~~~~~~~~~~~~~~~~~~~~~~~~~~~~~~~~~~~~~~~~~~~~~
2025-12-09 09:49:57,017 DeMo.train INFO: ~~~~~~~~~~~~~~~~~~~~~~~~~~~~~~~~~~~~~~~~~~~~~~~~~~
2025-12-09 09:49:57,018 DeMo.train INFO: Best mAP: 22.9%
2025-12-09 09:49:57,018 DeMo.train INFO: Best Rank-1: 33.3%
2025-12-09 09:49:57,018 DeMo.train INFO: Best Rank-5: 55.0%
2025-12-09 09:49:57,018 DeMo.train INFO: Best Rank-10: 64.8%
2025-12-09 09:49:57,018 DeMo.train INFO: ~~~~~~~~~~~~~~~~~~~~~~~~~~~~~~~~~~~~~~~~~~~~~~~~~~
2025-12-09 09:50:01,376 DeMo.train INFO: Epoch[46] Iteration[10/16] Loss: 0.305, Acc: 0.997, Base Lr: 5.84e-06
2025-12-09 09:50:03,060 DeMo.train INFO: Epoch 46 done. Time per batch: 0.403[s] Speed: 158.9[samples/s]
2025-12-09 09:50:03,061 DeMo.train INFO: ~~~~~~~~~~~~~~~~~~~~~~~~~~~~~~~~~~~~~~~~~~~~~~~~~~
2025-12-09 09:50:03,061 DeMo.train INFO: Current is the [moe,ori] feature testing!
2025-12-09 09:50:03,061 DeMo.train INFO: ~~~~~~~~~~~~~~~~~~~~~~~~~~~~~~~~~~~~~~~~~~~~~~~~~~
The test feature is normalized
2025-12-09 09:50:25,372 DeMo.train INFO: Validation Results - Epoch: 46
2025-12-09 09:50:25,372 DeMo.train INFO: mAP: 22.5%
2025-12-09 09:50:25,372 DeMo.train INFO: CMC curve, Rank-1  :33.2%
2025-12-09 09:50:25,372 DeMo.train INFO: CMC curve, Rank-5  :53.8%
2025-12-09 09:50:25,372 DeMo.train INFO: CMC curve, Rank-10 :64.0%
2025-12-09 09:50:25,372 DeMo.train INFO: ~~~~~~~~~~~~~~~~~~~~~~~~~~~~~~~~~~~~~~~~~~~~~~~~~~
2025-12-09 09:50:25,423 DeMo.train INFO: ~~~~~~~~~~~~~~~~~~~~~~~~~~~~~~~~~~~~~~~~~~~~~~~~~~
2025-12-09 09:50:25,423 DeMo.train INFO: Best mAP: 22.9%
2025-12-09 09:50:25,423 DeMo.train INFO: Best Rank-1: 33.3%
2025-12-09 09:50:25,423 DeMo.train INFO: Best Rank-5: 55.0%
2025-12-09 09:50:25,423 DeMo.train INFO: Best Rank-10: 64.8%
2025-12-09 09:50:25,423 DeMo.train INFO: ~~~~~~~~~~~~~~~~~~~~~~~~~~~~~~~~~~~~~~~~~~~~~~~~~~
2025-12-09 09:50:29,635 DeMo.train INFO: Epoch[47] Iteration[10/16] Loss: 0.281, Acc: 0.995, Base Lr: 3.45e-06
2025-12-09 09:50:30,687 DeMo.train INFO: Epoch 47 done. Time per batch: 0.376[s] Speed: 170.2[samples/s]
2025-12-09 09:50:30,688 DeMo.train INFO: ~~~~~~~~~~~~~~~~~~~~~~~~~~~~~~~~~~~~~~~~~~~~~~~~~~
2025-12-09 09:50:30,688 DeMo.train INFO: Current is the [moe,ori] feature testing!
2025-12-09 09:50:30,688 DeMo.train INFO: ~~~~~~~~~~~~~~~~~~~~~~~~~~~~~~~~~~~~~~~~~~~~~~~~~~
The test feature is normalized
2025-12-09 09:50:37,846 DeMo.train INFO: Validation Results - Epoch: 47
2025-12-09 09:50:37,846 DeMo.train INFO: mAP: 22.5%
2025-12-09 09:50:37,846 DeMo.train INFO: CMC curve, Rank-1  :33.3%
2025-12-09 09:50:37,846 DeMo.train INFO: CMC curve, Rank-5  :54.3%
2025-12-09 09:50:37,846 DeMo.train INFO: CMC curve, Rank-10 :64.6%
2025-12-09 09:50:37,846 DeMo.train INFO: ~~~~~~~~~~~~~~~~~~~~~~~~~~~~~~~~~~~~~~~~~~~~~~~~~~
2025-12-09 09:50:38,684 DeMo.train INFO: ~~~~~~~~~~~~~~~~~~~~~~~~~~~~~~~~~~~~~~~~~~~~~~~~~~
2025-12-09 09:50:38,685 DeMo.train INFO: Best mAP: 22.9%
2025-12-09 09:50:38,685 DeMo.train INFO: Best Rank-1: 33.3%
2025-12-09 09:50:38,685 DeMo.train INFO: Best Rank-5: 55.0%
2025-12-09 09:50:38,685 DeMo.train INFO: Best Rank-10: 64.8%
2025-12-09 09:50:38,685 DeMo.train INFO: ~~~~~~~~~~~~~~~~~~~~~~~~~~~~~~~~~~~~~~~~~~~~~~~~~~
2025-12-09 09:50:45,194 DeMo.train INFO: Epoch[48] Iteration[10/16] Loss: 0.313, Acc: 0.998, Base Lr: 1.73e-06
2025-12-09 09:50:46,252 DeMo.train INFO: Epoch 48 done. Time per batch: 0.541[s] Speed: 118.4[samples/s]
2025-12-09 09:50:46,254 DeMo.train INFO: ~~~~~~~~~~~~~~~~~~~~~~~~~~~~~~~~~~~~~~~~~~~~~~~~~~
2025-12-09 09:50:46,255 DeMo.train INFO: Current is the [moe,ori] feature testing!
2025-12-09 09:50:46,256 DeMo.train INFO: ~~~~~~~~~~~~~~~~~~~~~~~~~~~~~~~~~~~~~~~~~~~~~~~~~~
The test feature is normalized
2025-12-09 09:50:57,612 DeMo.train INFO: Validation Results - Epoch: 48
2025-12-09 09:50:57,613 DeMo.train INFO: mAP: 22.6%
2025-12-09 09:50:57,613 DeMo.train INFO: CMC curve, Rank-1  :33.5%
2025-12-09 09:50:57,613 DeMo.train INFO: CMC curve, Rank-5  :54.5%
2025-12-09 09:50:57,613 DeMo.train INFO: CMC curve, Rank-10 :64.8%
2025-12-09 09:50:57,613 DeMo.train INFO: ~~~~~~~~~~~~~~~~~~~~~~~~~~~~~~~~~~~~~~~~~~~~~~~~~~
2025-12-09 09:50:57,690 DeMo.train INFO: ~~~~~~~~~~~~~~~~~~~~~~~~~~~~~~~~~~~~~~~~~~~~~~~~~~
2025-12-09 09:50:57,691 DeMo.train INFO: Best mAP: 22.9%
2025-12-09 09:50:57,691 DeMo.train INFO: Best Rank-1: 33.3%
2025-12-09 09:50:57,691 DeMo.train INFO: Best Rank-5: 55.0%
2025-12-09 09:50:57,691 DeMo.train INFO: Best Rank-10: 64.8%
2025-12-09 09:50:57,691 DeMo.train INFO: ~~~~~~~~~~~~~~~~~~~~~~~~~~~~~~~~~~~~~~~~~~~~~~~~~~
2025-12-09 09:51:01,773 DeMo.train INFO: Epoch[49] Iteration[10/16] Loss: 0.305, Acc: 0.998, Base Lr: 6.95e-07
2025-12-09 09:51:02,877 DeMo.train INFO: Epoch 49 done. Time per batch: 0.370[s] Speed: 172.8[samples/s]
2025-12-09 09:51:02,879 DeMo.train INFO: ~~~~~~~~~~~~~~~~~~~~~~~~~~~~~~~~~~~~~~~~~~~~~~~~~~
2025-12-09 09:51:02,879 DeMo.train INFO: Current is the [moe,ori] feature testing!
2025-12-09 09:51:02,879 DeMo.train INFO: ~~~~~~~~~~~~~~~~~~~~~~~~~~~~~~~~~~~~~~~~~~~~~~~~~~
The test feature is normalized
2025-12-09 09:51:22,918 DeMo.train INFO: Validation Results - Epoch: 49
2025-12-09 09:51:22,919 DeMo.train INFO: mAP: 22.6%
2025-12-09 09:51:22,920 DeMo.train INFO: CMC curve, Rank-1  :33.5%
2025-12-09 09:51:22,922 DeMo.train INFO: CMC curve, Rank-5  :54.7%
2025-12-09 09:51:22,922 DeMo.train INFO: CMC curve, Rank-10 :64.6%
2025-12-09 09:51:22,924 DeMo.train INFO: ~~~~~~~~~~~~~~~~~~~~~~~~~~~~~~~~~~~~~~~~~~~~~~~~~~
2025-12-09 09:51:22,979 DeMo.train INFO: ~~~~~~~~~~~~~~~~~~~~~~~~~~~~~~~~~~~~~~~~~~~~~~~~~~
2025-12-09 09:51:22,980 DeMo.train INFO: Best mAP: 22.9%
2025-12-09 09:51:22,981 DeMo.train INFO: Best Rank-1: 33.3%
2025-12-09 09:51:22,981 DeMo.train INFO: Best Rank-5: 55.0%
2025-12-09 09:51:22,982 DeMo.train INFO: Best Rank-10: 64.8%
2025-12-09 09:51:22,984 DeMo.train INFO: ~~~~~~~~~~~~~~~~~~~~~~~~~~~~~~~~~~~~~~~~~~~~~~~~~~
2025-12-09 09:51:29,907 DeMo.train INFO: Epoch[50] Iteration[10/16] Loss: 0.303, Acc: 1.000, Base Lr: 3.50e-07
2025-12-09 09:51:30,976 DeMo.train INFO: Epoch 50 done. Time per batch: 0.571[s] Speed: 112.1[samples/s]
2025-12-09 09:51:30,978 DeMo.train INFO: ~~~~~~~~~~~~~~~~~~~~~~~~~~~~~~~~~~~~~~~~~~~~~~~~~~
2025-12-09 09:51:30,978 DeMo.train INFO: Current is the [moe,ori] feature testing!
2025-12-09 09:51:30,978 DeMo.train INFO: ~~~~~~~~~~~~~~~~~~~~~~~~~~~~~~~~~~~~~~~~~~~~~~~~~~
The test feature is normalized
2025-12-09 09:51:37,864 DeMo.train INFO: Validation Results - Epoch: 50
2025-12-09 09:51:37,865 DeMo.train INFO: mAP: 22.6%
2025-12-09 09:51:37,865 DeMo.train INFO: CMC curve, Rank-1  :33.5%
2025-12-09 09:51:37,865 DeMo.train INFO: CMC curve, Rank-5  :54.7%
2025-12-09 09:51:37,865 DeMo.train INFO: CMC curve, Rank-10 :64.8%
2025-12-09 09:51:37,865 DeMo.train INFO: ~~~~~~~~~~~~~~~~~~~~~~~~~~~~~~~~~~~~~~~~~~~~~~~~~~
2025-12-09 09:51:37,912 DeMo.train INFO: ~~~~~~~~~~~~~~~~~~~~~~~~~~~~~~~~~~~~~~~~~~~~~~~~~~
2025-12-09 09:51:37,912 DeMo.train INFO: Best mAP: 22.9%
2025-12-09 09:51:37,913 DeMo.train INFO: Best Rank-1: 33.3%
2025-12-09 09:51:37,913 DeMo.train INFO: Best Rank-5: 55.0%
2025-12-09 09:51:37,913 DeMo.train INFO: Best Rank-10: 64.8%
2025-12-09 09:51:37,913 DeMo.train INFO: ~~~~~~~~~~~~~~~~~~~~~~~~~~~~~~~~~~~~~~~~~~~~~~~~~~
