2025-12-09 09:30:08,510 DeMo INFO: Saving model in the path :..
2025-12-09 09:30:08,510 DeMo INFO: Namespace(config_file='configs/MSVR310/DeMo_SDTPS_DGAF_ablation.yml', exp_name=None, fea_cft=0, local_rank=0, opts=['MODEL.USE_SDTPS', 'False', 'MODEL.USE_DGAF', 'True', 'MODEL.DGAF_VERSION', 'v3', 'MODEL.GLOBAL_LOCAL', 'False'])
2025-12-09 09:30:08,510 DeMo INFO: Loaded configuration file configs/MSVR310/DeMo_SDTPS_DGAF_ablation.yml
2025-12-09 09:30:08,511 DeMo INFO: 
MODEL:
  TRANSFORMER_TYPE: 'ViT-B-16'
  STRIDE_SIZE: [ 16, 16 ]
  SIE_CAMERA: True
  DIRECT: 1
  SIE_COE: 1.0
  ID_LOSS_WEIGHT: 0.25
  TRIPLET_LOSS_WEIGHT: 1.0
  GLOBAL_LOCAL: False  # DGAF V3 直接用 tokens，不需要 GLOBAL_LOCAL
  # Disable HDM and ATM
  HDM: False
  ATM: False
  # SACR disabled for ablation
  USE_SACR: False
  USE_MULTIMODAL_SACR: False
  # LIF disabled
  USE_LIF: False
  # SDTPS configuration
  USE_SDTPS: True
  SDTPS_SPARSE_RATIO: 0.7  # token 保留比例（70%）
  SDTPS_USE_GUMBEL: False  # 禁用 Gumbel
  SDTPS_GUMBEL_TAU: 5.0
  SDTPS_CROSS_ATTN_TYPE: 'attention'  # 使用 Cross-Attention
  SDTPS_CROSS_ATTN_HEADS: 4  # Cross-Attention 头数
  # 已废弃参数（保留兼容性）
  SDTPS_BETA: 0.25         # 已不使用
  SDTPS_AGGR_RATIO: 0.5    # 已不使用
  SDTPS_LOSS_WEIGHT: 2.0
  # DGAF: Dual-Gated Adaptive Fusion
  USE_DGAF: True
  DGAF_VERSION: 'v3'  # V3 接受 (B,N,C) tokens
  DGAF_TAU: 1.0
  DGAF_INIT_ALPHA: 0.5
  DGAF_NUM_HEADS: 8
  HEAD: 4

INPUT:
  SIZE_TRAIN: [ 128, 256 ]
  SIZE_TEST: [ 128, 256 ]
  PROB: 0.5
  RE_PROB: 0.5
  PADDING: 10

DATALOADER:
  SAMPLER: 'softmax_triplet'
  NUM_INSTANCE: 4
  NUM_WORKERS: 14

DATASETS:
  NAMES: ('MSVR310')
  ROOT_DIR: '..'

SOLVER:
  BASE_LR: 0.00035
  MAX_EPOCHS: 50
  STEPS: [30, 40]
  GAMMA: 0.1
  WARMUP_ITERS: 10
  WARMUP_FACTOR: 0.01
  WARMUP_METHOD: 'linear'
  OPTIMIZER_NAME: 'Adam'
  IMS_PER_BATCH: 64
  EVAL_PERIOD: 1
  CHECKPOINT_PERIOD: 10

TEST:
  IMS_PER_BATCH: 64
  RE_RANKING: 'no'
  WEIGHT: ''
  NECK_FEAT: 'before'
  FEAT_NORM: 'yes'
  MISS: "nothing"

OUTPUT_DIR: '..'

# ============================================================================
# MSVR310 SDTPS + DGAF Ablation Config
# ============================================================================
# - Based on original DeMo.yml for MSVR310
# - SACR: disabled
# - HDM/ATM: disabled, DIRECT: 1
# - SDTPS: configurable via command line
# - DGAF V3: configurable via command line
# - Training: lr=0.00035, epochs=50, warmup=10 (same as original)
# ============================================================================

2025-12-09 09:30:08,511 DeMo INFO: Running with config:
DATALOADER:
  NUM_INSTANCE: 4
  NUM_WORKERS: 14
  SAMPLER: softmax_triplet
DATASETS:
  NAMES: MSVR310
  ROOT_DIR: ..
INPUT:
  PADDING: 10
  PIXEL_MEAN: [0.5, 0.5, 0.5]
  PIXEL_STD: [0.5, 0.5, 0.5]
  PROB: 0.5
  RE_PROB: 0.5
  SIZE_TEST: [128, 256]
  SIZE_TRAIN: [128, 256]
MODEL:
  ADAPTER: False
  ATM: False
  ATT_DROP_RATE: 0.0
  DEVICE: cuda
  DEVICE_ID: 0
  DGAF_INIT_ALPHA: 0.5
  DGAF_NUM_HEADS: 8
  DGAF_TAU: 1.0
  DGAF_VERSION: v3
  DIRECT: 1
  DIST_TRAIN: False
  DROP_OUT: 0.0
  DROP_PATH: 0.1
  FROZEN: False
  GLOBAL_LOCAL: False
  HDM: False
  HEAD: 4
  ID_LOSS_TYPE: softmax
  ID_LOSS_WEIGHT: 0.25
  IF_LABELSMOOTH: on
  IF_WITH_CENTER: no
  LIF_BETA: 0.4
  LIF_LAYER: 3
  LIF_LOSS_WEIGHT: 0.1
  METRIC_LOSS_TYPE: triplet
  MULTIMODAL_SACR_VERSION: v1
  NAME: DeMo
  NECK: bnneck
  NO_MARGIN: True
  PRETRAIN_PATH_T: /path/to/your/vitb_16_224_21k.pth
  PROMPT: False
  SACR_DILATION_RATES: [2, 3, 4]
  SDTPS_AGGR_RATIO: 0.5
  SDTPS_BETA: 0.25
  SDTPS_CROSS_ATTN_HEADS: 4
  SDTPS_CROSS_ATTN_TYPE: attention
  SDTPS_GUMBEL_TAU: 5.0
  SDTPS_LOSS_WEIGHT: 2.0
  SDTPS_SPARSE_RATIO: 0.7
  SDTPS_USE_GUMBEL: False
  SIE_CAMERA: True
  SIE_COE: 1.0
  SIE_VIEW: False
  STRIDE_SIZE: [16, 16]
  TRANSFORMER_TYPE: ViT-B-16
  TRIPLET_LOSS_WEIGHT: 1.0
  USE_DGAF: True
  USE_LIF: False
  USE_MULTIMODAL_SACR: False
  USE_SACR: False
  USE_SDTPS: False
OUTPUT_DIR: ..
SOLVER:
  BASE_LR: 0.00035
  CENTER_LOSS_WEIGHT: 0.0005
  CENTER_LR: 0.5
  CHECKPOINT_PERIOD: 10
  CLUSTER_MARGIN: 0.3
  COSINE_MARGIN: 0.5
  COSINE_SCALE: 30
  EVAL_PERIOD: 1
  GAMMA: 0.1
  IMS_PER_BATCH: 64
  LARGE_FC_LR: False
  LOG_PERIOD: 10
  LR_SCHEDULER: cosine
  MARGIN: 0.3
  MAX_EPOCHS: 50
  MOMENTUM: 0.9
  OPTIMIZER_NAME: Adam
  RANGE_ALPHA: 0
  RANGE_BETA: 1
  RANGE_K: 2
  RANGE_LOSS_WEIGHT: 1
  RANGE_MARGIN: 0.3
  SEED: 1234
  STEPS: (30, 40)
  WARMUP_FACTOR: 0.01
  WARMUP_ITERS: 10
  WARMUP_METHOD: linear
  WEIGHT_DECAY: 0.0001
  WEIGHT_DECAY_BIAS: 0.0001
TEST:
  FEAT: 0
  FEAT_NORM: yes
  IMS_PER_BATCH: 64
  MISS: nothing
  NECK_FEAT: before
  RE_RANKING: no
  WEIGHT: 
=> RGB_IR loaded
Dataset statistics:
  ----------------------------------------
  subset   | # ids | # images | # cameras
  ----------------------------------------
  train    |   155 |     1032 |         8
  query    |    52 |      591 |         8
  gallery  |   155 |     1055 |         8
  ----------------------------------------
data is ready
using Transformer_type: ViT-B-16 as a backbone
Resized position embedding: %s to %s torch.Size([197, 768]) torch.Size([129, 768])
Position embedding resize to height:8 width: 16
Successfully load ckpt!
<All keys matched successfully>
Loading pretrained model from CLIP
camera number is : 8
===========Building DeMo===========
2025-12-09 09:30:20,309 DeMo INFO: DeMo(
  (BACKBONE): build_transformer(
    (base): VisionTransformer(
      (conv1): Conv2d(3, 768, kernel_size=(16, 16), stride=(16, 16), bias=False)
      (ln_pre): LayerNorm((768,), eps=1e-05, elementwise_affine=True)
      (transformer): Transformer(
        (resblocks): Sequential(
          (0): ResidualAttentionBlock(
            (attn): MultiheadAttention(
              (out_proj): NonDynamicallyQuantizableLinear(in_features=768, out_features=768, bias=True)
            )
            (ln_1): LayerNorm((768,), eps=1e-05, elementwise_affine=True)
            (mlp): Sequential(
              (c_fc): Linear(in_features=768, out_features=3072, bias=True)
              (gelu): QuickGELU()
              (c_proj): Linear(in_features=3072, out_features=768, bias=True)
            )
            (ln_2): LayerNorm((768,), eps=1e-05, elementwise_affine=True)
          )
          (1): ResidualAttentionBlock(
            (attn): MultiheadAttention(
              (out_proj): NonDynamicallyQuantizableLinear(in_features=768, out_features=768, bias=True)
            )
            (ln_1): LayerNorm((768,), eps=1e-05, elementwise_affine=True)
            (mlp): Sequential(
              (c_fc): Linear(in_features=768, out_features=3072, bias=True)
              (gelu): QuickGELU()
              (c_proj): Linear(in_features=3072, out_features=768, bias=True)
            )
            (ln_2): LayerNorm((768,), eps=1e-05, elementwise_affine=True)
          )
          (2): ResidualAttentionBlock(
            (attn): MultiheadAttention(
              (out_proj): NonDynamicallyQuantizableLinear(in_features=768, out_features=768, bias=True)
            )
            (ln_1): LayerNorm((768,), eps=1e-05, elementwise_affine=True)
            (mlp): Sequential(
              (c_fc): Linear(in_features=768, out_features=3072, bias=True)
              (gelu): QuickGELU()
              (c_proj): Linear(in_features=3072, out_features=768, bias=True)
            )
            (ln_2): LayerNorm((768,), eps=1e-05, elementwise_affine=True)
          )
          (3): ResidualAttentionBlock(
            (attn): MultiheadAttention(
              (out_proj): NonDynamicallyQuantizableLinear(in_features=768, out_features=768, bias=True)
            )
            (ln_1): LayerNorm((768,), eps=1e-05, elementwise_affine=True)
            (mlp): Sequential(
              (c_fc): Linear(in_features=768, out_features=3072, bias=True)
              (gelu): QuickGELU()
              (c_proj): Linear(in_features=3072, out_features=768, bias=True)
            )
            (ln_2): LayerNorm((768,), eps=1e-05, elementwise_affine=True)
          )
          (4): ResidualAttentionBlock(
            (attn): MultiheadAttention(
              (out_proj): NonDynamicallyQuantizableLinear(in_features=768, out_features=768, bias=True)
            )
            (ln_1): LayerNorm((768,), eps=1e-05, elementwise_affine=True)
            (mlp): Sequential(
              (c_fc): Linear(in_features=768, out_features=3072, bias=True)
              (gelu): QuickGELU()
              (c_proj): Linear(in_features=3072, out_features=768, bias=True)
            )
            (ln_2): LayerNorm((768,), eps=1e-05, elementwise_affine=True)
          )
          (5): ResidualAttentionBlock(
            (attn): MultiheadAttention(
              (out_proj): NonDynamicallyQuantizableLinear(in_features=768, out_features=768, bias=True)
            )
            (ln_1): LayerNorm((768,), eps=1e-05, elementwise_affine=True)
            (mlp): Sequential(
              (c_fc): Linear(in_features=768, out_features=3072, bias=True)
              (gelu): QuickGELU()
              (c_proj): Linear(in_features=3072, out_features=768, bias=True)
            )
            (ln_2): LayerNorm((768,), eps=1e-05, elementwise_affine=True)
          )
          (6): ResidualAttentionBlock(
            (attn): MultiheadAttention(
              (out_proj): NonDynamicallyQuantizableLinear(in_features=768, out_features=768, bias=True)
            )
            (ln_1): LayerNorm((768,), eps=1e-05, elementwise_affine=True)
            (mlp): Sequential(
              (c_fc): Linear(in_features=768, out_features=3072, bias=True)
              (gelu): QuickGELU()
              (c_proj): Linear(in_features=3072, out_features=768, bias=True)
            )
            (ln_2): LayerNorm((768,), eps=1e-05, elementwise_affine=True)
          )
          (7): ResidualAttentionBlock(
            (attn): MultiheadAttention(
              (out_proj): NonDynamicallyQuantizableLinear(in_features=768, out_features=768, bias=True)
            )
            (ln_1): LayerNorm((768,), eps=1e-05, elementwise_affine=True)
            (mlp): Sequential(
              (c_fc): Linear(in_features=768, out_features=3072, bias=True)
              (gelu): QuickGELU()
              (c_proj): Linear(in_features=3072, out_features=768, bias=True)
            )
            (ln_2): LayerNorm((768,), eps=1e-05, elementwise_affine=True)
          )
          (8): ResidualAttentionBlock(
            (attn): MultiheadAttention(
              (out_proj): NonDynamicallyQuantizableLinear(in_features=768, out_features=768, bias=True)
            )
            (ln_1): LayerNorm((768,), eps=1e-05, elementwise_affine=True)
            (mlp): Sequential(
              (c_fc): Linear(in_features=768, out_features=3072, bias=True)
              (gelu): QuickGELU()
              (c_proj): Linear(in_features=3072, out_features=768, bias=True)
            )
            (ln_2): LayerNorm((768,), eps=1e-05, elementwise_affine=True)
          )
          (9): ResidualAttentionBlock(
            (attn): MultiheadAttention(
              (out_proj): NonDynamicallyQuantizableLinear(in_features=768, out_features=768, bias=True)
            )
            (ln_1): LayerNorm((768,), eps=1e-05, elementwise_affine=True)
            (mlp): Sequential(
              (c_fc): Linear(in_features=768, out_features=3072, bias=True)
              (gelu): QuickGELU()
              (c_proj): Linear(in_features=3072, out_features=768, bias=True)
            )
            (ln_2): LayerNorm((768,), eps=1e-05, elementwise_affine=True)
          )
          (10): ResidualAttentionBlock(
            (attn): MultiheadAttention(
              (out_proj): NonDynamicallyQuantizableLinear(in_features=768, out_features=768, bias=True)
            )
            (ln_1): LayerNorm((768,), eps=1e-05, elementwise_affine=True)
            (mlp): Sequential(
              (c_fc): Linear(in_features=768, out_features=3072, bias=True)
              (gelu): QuickGELU()
              (c_proj): Linear(in_features=3072, out_features=768, bias=True)
            )
            (ln_2): LayerNorm((768,), eps=1e-05, elementwise_affine=True)
          )
          (11): ResidualAttentionBlock(
            (attn): MultiheadAttention(
              (out_proj): NonDynamicallyQuantizableLinear(in_features=768, out_features=768, bias=True)
            )
            (ln_1): LayerNorm((768,), eps=1e-05, elementwise_affine=True)
            (mlp): Sequential(
              (c_fc): Linear(in_features=768, out_features=3072, bias=True)
              (gelu): QuickGELU()
              (c_proj): Linear(in_features=3072, out_features=768, bias=True)
            )
            (ln_2): LayerNorm((768,), eps=1e-05, elementwise_affine=True)
          )
        )
      )
      (ln_post): LayerNorm((768,), eps=1e-05, elementwise_affine=True)
    )
  )
  (dgaf): DualGatedAdaptiveFusionV3(
    (attn_pool): MultiheadAttention(
      (out_proj): NonDynamicallyQuantizableLinear(in_features=512, out_features=512, bias=True)
    )
    (attn_norm): LayerNorm((512,), eps=1e-05, elementwise_affine=True)
    (entropy_proj): Linear(in_features=512, out_features=512, bias=True)
    (gate_net): Sequential(
      (0): Linear(in_features=1536, out_features=512, bias=True)
      (1): LayerNorm((512,), eps=1e-05, elementwise_affine=True)
      (2): ReLU(inplace=True)
      (3): Linear(in_features=512, out_features=3, bias=True)
      (4): Sigmoid()
    )
    (modal_enhance): Sequential(
      (0): Linear(in_features=512, out_features=512, bias=True)
      (1): LayerNorm((512,), eps=1e-05, elementwise_affine=True)
    )
  )
  (classifier_dgaf): Linear(in_features=1536, out_features=155, bias=False)
  (bottleneck_dgaf): BatchNorm1d(1536, eps=1e-05, momentum=0.1, affine=True, track_running_stats=True)
  (classifier): Linear(in_features=1536, out_features=155, bias=False)
  (bottleneck): BatchNorm1d(1536, eps=1e-05, momentum=0.1, affine=True, track_running_stats=True)
)
2025-12-09 09:30:20,310 DeMo INFO: number of parameters:88.99482
/home/yij/miniconda3/envs/DeMo/lib/python3.8/site-packages/timm/models/helpers.py:7: FutureWarning: Importing from timm.models.helpers is deprecated, please import via timm.models
  warnings.warn(f"Importing from {__name__} is deprecated, please import via timm.models", FutureWarning)
/home/yij/miniconda3/envs/DeMo/lib/python3.8/site-packages/timm/models/registry.py:4: FutureWarning: Importing from timm.models.registry is deprecated, please import via timm.models
  warnings.warn(f"Importing from {__name__} is deprecated, please import via timm.models", FutureWarning)
/home/yij/miniconda3/envs/DeMo/lib/python3.8/site-packages/timm/models/layers/__init__.py:48: FutureWarning: Importing from timm.models.layers is deprecated, please import via timm.layers
  warnings.warn(f"Importing from {__name__} is deprecated, please import via timm.layers", FutureWarning)
/raid/yij/icme/demo2new/DeMo2/modeling/clip/clip.py:23: UserWarning: PyTorch version 1.7.1 or higher is recommended
  warnings.warn("PyTorch version 1.7.1 or higher is recommended")
/home/yij/miniconda3/envs/DeMo/lib/python3.8/site-packages/torchvision/transforms/transforms.py:329: UserWarning: Argument 'interpolation' of type int is deprecated since 0.13 and will be removed in 0.15. Please use InterpolationMode enum.
  warnings.warn(
Unsupported operator aten::log encountered 3 time(s)
The following submodules of the model were never called during the trace of the graph. They may be unused, or they were accessed by direct calls to .forward() or via other python methods. In the latter case they will have zeros for statistics, though their statistics will still contribute to their parent calling module.
BACKBONE.base.transformer.resblocks.0.attn.out_proj, BACKBONE.base.transformer.resblocks.1.attn.out_proj, BACKBONE.base.transformer.resblocks.10.attn.out_proj, BACKBONE.base.transformer.resblocks.11.attn.out_proj, BACKBONE.base.transformer.resblocks.2.attn.out_proj, BACKBONE.base.transformer.resblocks.3.attn.out_proj, BACKBONE.base.transformer.resblocks.4.attn.out_proj, BACKBONE.base.transformer.resblocks.5.attn.out_proj, BACKBONE.base.transformer.resblocks.6.attn.out_proj, BACKBONE.base.transformer.resblocks.7.attn.out_proj, BACKBONE.base.transformer.resblocks.8.attn.out_proj, BACKBONE.base.transformer.resblocks.9.attn.out_proj, bottleneck, bottleneck_dgaf, classifier, classifier_dgaf, dgaf.attn_pool.out_proj
~~~~~~~~~~~~~~~~~~~~~~~~~~~~~~~~~~~~~~~~~~~~~~~~~~~~~~~~~~~~~~~~~~~~~~~~~~~~~~~~~~~~~~~~~~~~~~~~
The out_proj here is called by the nn.MultiheadAttention, which has been calculated in th .forward(), so just ignore it.
~~~~~~~~~~~~~~~~~~~~~~~~~~~~~~~~~~~~~~~~~~~~~~~~~~~~~~~~~~~~~~~~~~~~~~~~~~~~~~~~~~~~~~~~~~~~~~~~
For the bottleneck or classifier, it is not calculated during inference, so just ignore it.
~~~~~~~~~~~~~~~~~~~~~~~~~~~~~~~~~~~~~~~~~~~~~~~~~~~~~~~~~~~~~~~~~~~~~~~~~~~~~~~~~~~~~~~~~~~~~~~~
2025-12-09 09:30:23,276 DeMo INFO: number of GFLOPs: 34.48054893099999
using soft triplet loss for training
label smooth on, numclasses: 155
2025-12-09 09:30:23,286 DeMo.train INFO: start training
2025-12-09 09:30:28,413 DeMo.train INFO: Epoch[1] Iteration[10/16] Loss: 4.205, Acc: 0.005, Base Lr: 6.65e-05
2025-12-09 09:30:29,517 DeMo.train INFO: Epoch 1 done. Time per batch: 0.445[s] Speed: 144.0[samples/s]
2025-12-09 09:30:29,518 DeMo.train INFO: ~~~~~~~~~~~~~~~~~~~~~~~~~~~~~~~~~~~~~~~~~~~~~~~~~~
2025-12-09 09:30:29,518 DeMo.train INFO: Current is the [moe,ori] feature testing!
2025-12-09 09:30:29,518 DeMo.train INFO: ~~~~~~~~~~~~~~~~~~~~~~~~~~~~~~~~~~~~~~~~~~~~~~~~~~
The test feature is normalized
2025-12-09 09:30:41,222 DeMo.train INFO: Validation Results - Epoch: 1
2025-12-09 09:30:41,224 DeMo.train INFO: mAP: 9.4%
2025-12-09 09:30:41,225 DeMo.train INFO: CMC curve, Rank-1  :21.7%
2025-12-09 09:30:41,225 DeMo.train INFO: CMC curve, Rank-5  :38.1%
2025-12-09 09:30:41,226 DeMo.train INFO: CMC curve, Rank-10 :47.5%
2025-12-09 09:30:41,227 DeMo.train INFO: ~~~~~~~~~~~~~~~~~~~~~~~~~~~~~~~~~~~~~~~~~~~~~~~~~~
2025-12-09 09:31:11,496 DeMo.train INFO: ~~~~~~~~~~~~~~~~~~~~~~~~~~~~~~~~~~~~~~~~~~~~~~~~~~
2025-12-09 09:31:11,496 DeMo.train INFO: Best mAP: 9.4%
2025-12-09 09:31:11,497 DeMo.train INFO: Best Rank-1: 21.7%
2025-12-09 09:31:11,497 DeMo.train INFO: Best Rank-5: 38.1%
2025-12-09 09:31:11,497 DeMo.train INFO: Best Rank-10: 47.5%
2025-12-09 09:31:11,497 DeMo.train INFO: ~~~~~~~~~~~~~~~~~~~~~~~~~~~~~~~~~~~~~~~~~~~~~~~~~~
2025-12-09 09:31:16,550 DeMo.train INFO: Epoch[2] Iteration[10/16] Loss: 2.297, Acc: 0.039, Base Lr: 9.80e-05
2025-12-09 09:31:17,675 DeMo.train INFO: Epoch 2 done. Time per batch: 0.441[s] Speed: 145.0[samples/s]
2025-12-09 09:31:17,677 DeMo.train INFO: ~~~~~~~~~~~~~~~~~~~~~~~~~~~~~~~~~~~~~~~~~~~~~~~~~~
2025-12-09 09:31:17,677 DeMo.train INFO: Current is the [moe,ori] feature testing!
2025-12-09 09:31:17,677 DeMo.train INFO: ~~~~~~~~~~~~~~~~~~~~~~~~~~~~~~~~~~~~~~~~~~~~~~~~~~
The test feature is normalized
2025-12-09 09:31:38,894 DeMo.train INFO: Validation Results - Epoch: 2
2025-12-09 09:31:38,895 DeMo.train INFO: mAP: 12.0%
2025-12-09 09:31:38,895 DeMo.train INFO: CMC curve, Rank-1  :21.0%
2025-12-09 09:31:38,895 DeMo.train INFO: CMC curve, Rank-5  :38.2%
2025-12-09 09:31:38,895 DeMo.train INFO: CMC curve, Rank-10 :49.9%
2025-12-09 09:31:38,895 DeMo.train INFO: ~~~~~~~~~~~~~~~~~~~~~~~~~~~~~~~~~~~~~~~~~~~~~~~~~~
2025-12-09 09:32:09,167 DeMo.train INFO: ~~~~~~~~~~~~~~~~~~~~~~~~~~~~~~~~~~~~~~~~~~~~~~~~~~
2025-12-09 09:32:09,168 DeMo.train INFO: Best mAP: 12.0%
2025-12-09 09:32:09,169 DeMo.train INFO: Best Rank-1: 21.0%
2025-12-09 09:32:09,170 DeMo.train INFO: Best Rank-5: 38.2%
2025-12-09 09:32:09,170 DeMo.train INFO: Best Rank-10: 49.9%
2025-12-09 09:32:09,171 DeMo.train INFO: ~~~~~~~~~~~~~~~~~~~~~~~~~~~~~~~~~~~~~~~~~~~~~~~~~~
2025-12-09 09:32:17,571 DeMo.train INFO: Epoch[3] Iteration[10/16] Loss: 2.257, Acc: 0.114, Base Lr: 1.30e-04
2025-12-09 09:32:18,671 DeMo.train INFO: Epoch 3 done. Time per batch: 0.678[s] Speed: 94.3[samples/s]
2025-12-09 09:32:18,672 DeMo.train INFO: ~~~~~~~~~~~~~~~~~~~~~~~~~~~~~~~~~~~~~~~~~~~~~~~~~~
2025-12-09 09:32:18,673 DeMo.train INFO: Current is the [moe,ori] feature testing!
2025-12-09 09:32:18,673 DeMo.train INFO: ~~~~~~~~~~~~~~~~~~~~~~~~~~~~~~~~~~~~~~~~~~~~~~~~~~
The test feature is normalized
2025-12-09 09:32:25,671 DeMo.train INFO: Validation Results - Epoch: 3
2025-12-09 09:32:25,671 DeMo.train INFO: mAP: 14.0%
2025-12-09 09:32:25,671 DeMo.train INFO: CMC curve, Rank-1  :24.4%
2025-12-09 09:32:25,671 DeMo.train INFO: CMC curve, Rank-5  :44.5%
2025-12-09 09:32:25,671 DeMo.train INFO: CMC curve, Rank-10 :54.0%
2025-12-09 09:32:25,671 DeMo.train INFO: ~~~~~~~~~~~~~~~~~~~~~~~~~~~~~~~~~~~~~~~~~~~~~~~~~~
2025-12-09 09:32:47,914 DeMo.train INFO: ~~~~~~~~~~~~~~~~~~~~~~~~~~~~~~~~~~~~~~~~~~~~~~~~~~
2025-12-09 09:32:47,916 DeMo.train INFO: Best mAP: 14.0%
2025-12-09 09:32:47,916 DeMo.train INFO: Best Rank-1: 24.4%
2025-12-09 09:32:47,917 DeMo.train INFO: Best Rank-5: 44.5%
2025-12-09 09:32:47,919 DeMo.train INFO: Best Rank-10: 54.0%
2025-12-09 09:32:47,919 DeMo.train INFO: ~~~~~~~~~~~~~~~~~~~~~~~~~~~~~~~~~~~~~~~~~~~~~~~~~~
2025-12-09 09:32:59,266 DeMo.train INFO: Epoch[4] Iteration[10/16] Loss: 2.144, Acc: 0.153, Base Lr: 1.61e-04
2025-12-09 09:33:00,402 DeMo.train INFO: Epoch 4 done. Time per batch: 0.892[s] Speed: 71.8[samples/s]
2025-12-09 09:33:00,403 DeMo.train INFO: ~~~~~~~~~~~~~~~~~~~~~~~~~~~~~~~~~~~~~~~~~~~~~~~~~~
2025-12-09 09:33:00,403 DeMo.train INFO: Current is the [moe,ori] feature testing!
2025-12-09 09:33:00,403 DeMo.train INFO: ~~~~~~~~~~~~~~~~~~~~~~~~~~~~~~~~~~~~~~~~~~~~~~~~~~
The test feature is normalized
2025-12-09 09:33:07,427 DeMo.train INFO: Validation Results - Epoch: 4
2025-12-09 09:33:07,428 DeMo.train INFO: mAP: 14.8%
2025-12-09 09:33:07,428 DeMo.train INFO: CMC curve, Rank-1  :23.2%
2025-12-09 09:33:07,428 DeMo.train INFO: CMC curve, Rank-5  :46.9%
2025-12-09 09:33:07,428 DeMo.train INFO: CMC curve, Rank-10 :57.2%
2025-12-09 09:33:07,428 DeMo.train INFO: ~~~~~~~~~~~~~~~~~~~~~~~~~~~~~~~~~~~~~~~~~~~~~~~~~~
2025-12-09 09:33:25,802 DeMo.train INFO: ~~~~~~~~~~~~~~~~~~~~~~~~~~~~~~~~~~~~~~~~~~~~~~~~~~
2025-12-09 09:33:25,802 DeMo.train INFO: Best mAP: 14.8%
2025-12-09 09:33:25,802 DeMo.train INFO: Best Rank-1: 23.2%
2025-12-09 09:33:25,802 DeMo.train INFO: Best Rank-5: 46.9%
2025-12-09 09:33:25,802 DeMo.train INFO: Best Rank-10: 57.2%
2025-12-09 09:33:25,802 DeMo.train INFO: ~~~~~~~~~~~~~~~~~~~~~~~~~~~~~~~~~~~~~~~~~~~~~~~~~~
2025-12-09 09:33:30,002 DeMo.train INFO: Epoch[5] Iteration[10/16] Loss: 2.126, Acc: 0.189, Base Lr: 1.93e-04
2025-12-09 09:33:34,753 DeMo.train INFO: Epoch 5 done. Time per batch: 0.597[s] Speed: 107.3[samples/s]
2025-12-09 09:33:34,754 DeMo.train INFO: ~~~~~~~~~~~~~~~~~~~~~~~~~~~~~~~~~~~~~~~~~~~~~~~~~~
2025-12-09 09:33:34,755 DeMo.train INFO: Current is the [moe,ori] feature testing!
2025-12-09 09:33:34,756 DeMo.train INFO: ~~~~~~~~~~~~~~~~~~~~~~~~~~~~~~~~~~~~~~~~~~~~~~~~~~
The test feature is normalized
2025-12-09 09:34:02,540 DeMo.train INFO: Validation Results - Epoch: 5
2025-12-09 09:34:02,540 DeMo.train INFO: mAP: 12.0%
2025-12-09 09:34:02,540 DeMo.train INFO: CMC curve, Rank-1  :21.8%
2025-12-09 09:34:02,540 DeMo.train INFO: CMC curve, Rank-5  :38.6%
2025-12-09 09:34:02,540 DeMo.train INFO: CMC curve, Rank-10 :47.2%
2025-12-09 09:34:02,540 DeMo.train INFO: ~~~~~~~~~~~~~~~~~~~~~~~~~~~~~~~~~~~~~~~~~~~~~~~~~~
2025-12-09 09:34:02,639 DeMo.train INFO: ~~~~~~~~~~~~~~~~~~~~~~~~~~~~~~~~~~~~~~~~~~~~~~~~~~
2025-12-09 09:34:02,640 DeMo.train INFO: Best mAP: 14.8%
2025-12-09 09:34:02,640 DeMo.train INFO: Best Rank-1: 23.2%
2025-12-09 09:34:02,640 DeMo.train INFO: Best Rank-5: 46.9%
2025-12-09 09:34:02,640 DeMo.train INFO: Best Rank-10: 57.2%
2025-12-09 09:34:02,640 DeMo.train INFO: ~~~~~~~~~~~~~~~~~~~~~~~~~~~~~~~~~~~~~~~~~~~~~~~~~~
2025-12-09 09:34:07,430 DeMo.train INFO: Epoch[6] Iteration[10/16] Loss: 2.178, Acc: 0.172, Base Lr: 2.24e-04
2025-12-09 09:34:08,619 DeMo.train INFO: Epoch 6 done. Time per batch: 0.427[s] Speed: 149.9[samples/s]
2025-12-09 09:34:08,621 DeMo.train INFO: ~~~~~~~~~~~~~~~~~~~~~~~~~~~~~~~~~~~~~~~~~~~~~~~~~~
2025-12-09 09:34:08,621 DeMo.train INFO: Current is the [moe,ori] feature testing!
2025-12-09 09:34:08,621 DeMo.train INFO: ~~~~~~~~~~~~~~~~~~~~~~~~~~~~~~~~~~~~~~~~~~~~~~~~~~
The test feature is normalized
2025-12-09 09:34:30,206 DeMo.train INFO: Validation Results - Epoch: 6
2025-12-09 09:34:30,206 DeMo.train INFO: mAP: 6.0%
2025-12-09 09:34:30,207 DeMo.train INFO: CMC curve, Rank-1  :11.7%
2025-12-09 09:34:30,207 DeMo.train INFO: CMC curve, Rank-5  :26.4%
2025-12-09 09:34:30,207 DeMo.train INFO: CMC curve, Rank-10 :33.8%
2025-12-09 09:34:30,207 DeMo.train INFO: ~~~~~~~~~~~~~~~~~~~~~~~~~~~~~~~~~~~~~~~~~~~~~~~~~~
2025-12-09 09:34:30,655 DeMo.train INFO: ~~~~~~~~~~~~~~~~~~~~~~~~~~~~~~~~~~~~~~~~~~~~~~~~~~
2025-12-09 09:34:30,655 DeMo.train INFO: Best mAP: 14.8%
2025-12-09 09:34:30,656 DeMo.train INFO: Best Rank-1: 23.2%
2025-12-09 09:34:30,656 DeMo.train INFO: Best Rank-5: 46.9%
2025-12-09 09:34:30,656 DeMo.train INFO: Best Rank-10: 57.2%
2025-12-09 09:34:30,656 DeMo.train INFO: ~~~~~~~~~~~~~~~~~~~~~~~~~~~~~~~~~~~~~~~~~~~~~~~~~~
2025-12-09 09:34:35,450 DeMo.train INFO: Epoch[7] Iteration[10/16] Loss: 2.224, Acc: 0.128, Base Lr: 2.55e-04
2025-12-09 09:34:36,578 DeMo.train INFO: Epoch 7 done. Time per batch: 0.423[s] Speed: 151.3[samples/s]
2025-12-09 09:34:36,579 DeMo.train INFO: ~~~~~~~~~~~~~~~~~~~~~~~~~~~~~~~~~~~~~~~~~~~~~~~~~~
2025-12-09 09:34:36,579 DeMo.train INFO: Current is the [moe,ori] feature testing!
2025-12-09 09:34:36,579 DeMo.train INFO: ~~~~~~~~~~~~~~~~~~~~~~~~~~~~~~~~~~~~~~~~~~~~~~~~~~
The test feature is normalized
2025-12-09 09:34:58,628 DeMo.train INFO: Validation Results - Epoch: 7
2025-12-09 09:34:58,628 DeMo.train INFO: mAP: 6.2%
2025-12-09 09:34:58,628 DeMo.train INFO: CMC curve, Rank-1  :9.8%
2025-12-09 09:34:58,628 DeMo.train INFO: CMC curve, Rank-5  :24.7%
2025-12-09 09:34:58,628 DeMo.train INFO: CMC curve, Rank-10 :33.5%
2025-12-09 09:34:58,628 DeMo.train INFO: ~~~~~~~~~~~~~~~~~~~~~~~~~~~~~~~~~~~~~~~~~~~~~~~~~~
2025-12-09 09:34:58,721 DeMo.train INFO: ~~~~~~~~~~~~~~~~~~~~~~~~~~~~~~~~~~~~~~~~~~~~~~~~~~
2025-12-09 09:34:58,722 DeMo.train INFO: Best mAP: 14.8%
2025-12-09 09:34:58,722 DeMo.train INFO: Best Rank-1: 23.2%
2025-12-09 09:34:58,722 DeMo.train INFO: Best Rank-5: 46.9%
2025-12-09 09:34:58,722 DeMo.train INFO: Best Rank-10: 57.2%
2025-12-09 09:34:58,722 DeMo.train INFO: ~~~~~~~~~~~~~~~~~~~~~~~~~~~~~~~~~~~~~~~~~~~~~~~~~~
2025-12-09 09:35:10,451 DeMo.train INFO: Epoch[8] Iteration[10/16] Loss: 2.206, Acc: 0.148, Base Lr: 2.87e-04
2025-12-09 09:35:11,549 DeMo.train INFO: Epoch 8 done. Time per batch: 0.916[s] Speed: 69.9[samples/s]
2025-12-09 09:35:11,550 DeMo.train INFO: ~~~~~~~~~~~~~~~~~~~~~~~~~~~~~~~~~~~~~~~~~~~~~~~~~~
2025-12-09 09:35:11,551 DeMo.train INFO: Current is the [moe,ori] feature testing!
2025-12-09 09:35:11,552 DeMo.train INFO: ~~~~~~~~~~~~~~~~~~~~~~~~~~~~~~~~~~~~~~~~~~~~~~~~~~
The test feature is normalized
2025-12-09 09:35:35,878 DeMo.train INFO: Validation Results - Epoch: 8
2025-12-09 09:35:35,878 DeMo.train INFO: mAP: 4.0%
2025-12-09 09:35:35,878 DeMo.train INFO: CMC curve, Rank-1  :7.6%
2025-12-09 09:35:35,878 DeMo.train INFO: CMC curve, Rank-5  :20.5%
2025-12-09 09:35:35,878 DeMo.train INFO: CMC curve, Rank-10 :30.8%
2025-12-09 09:35:35,878 DeMo.train INFO: ~~~~~~~~~~~~~~~~~~~~~~~~~~~~~~~~~~~~~~~~~~~~~~~~~~
2025-12-09 09:35:36,021 DeMo.train INFO: ~~~~~~~~~~~~~~~~~~~~~~~~~~~~~~~~~~~~~~~~~~~~~~~~~~
2025-12-09 09:35:36,021 DeMo.train INFO: Best mAP: 14.8%
2025-12-09 09:35:36,021 DeMo.train INFO: Best Rank-1: 23.2%
2025-12-09 09:35:36,021 DeMo.train INFO: Best Rank-5: 46.9%
2025-12-09 09:35:36,021 DeMo.train INFO: Best Rank-10: 57.2%
2025-12-09 09:35:36,021 DeMo.train INFO: ~~~~~~~~~~~~~~~~~~~~~~~~~~~~~~~~~~~~~~~~~~~~~~~~~~
2025-12-09 09:35:43,361 DeMo.train INFO: Epoch[9] Iteration[10/16] Loss: 2.094, Acc: 0.208, Base Lr: 3.18e-04
2025-12-09 09:35:44,723 DeMo.train INFO: Epoch 9 done. Time per batch: 0.580[s] Speed: 110.3[samples/s]
2025-12-09 09:35:44,725 DeMo.train INFO: ~~~~~~~~~~~~~~~~~~~~~~~~~~~~~~~~~~~~~~~~~~~~~~~~~~
2025-12-09 09:35:44,726 DeMo.train INFO: Current is the [moe,ori] feature testing!
2025-12-09 09:35:44,728 DeMo.train INFO: ~~~~~~~~~~~~~~~~~~~~~~~~~~~~~~~~~~~~~~~~~~~~~~~~~~
The test feature is normalized
2025-12-09 09:35:57,559 DeMo.train INFO: Validation Results - Epoch: 9
2025-12-09 09:35:57,559 DeMo.train INFO: mAP: 4.3%
2025-12-09 09:35:57,559 DeMo.train INFO: CMC curve, Rank-1  :8.1%
2025-12-09 09:35:57,559 DeMo.train INFO: CMC curve, Rank-5  :17.4%
2025-12-09 09:35:57,560 DeMo.train INFO: CMC curve, Rank-10 :25.7%
2025-12-09 09:35:57,560 DeMo.train INFO: ~~~~~~~~~~~~~~~~~~~~~~~~~~~~~~~~~~~~~~~~~~~~~~~~~~
2025-12-09 09:35:57,635 DeMo.train INFO: ~~~~~~~~~~~~~~~~~~~~~~~~~~~~~~~~~~~~~~~~~~~~~~~~~~
2025-12-09 09:35:57,635 DeMo.train INFO: Best mAP: 14.8%
2025-12-09 09:35:57,635 DeMo.train INFO: Best Rank-1: 23.2%
2025-12-09 09:35:57,636 DeMo.train INFO: Best Rank-5: 46.9%
2025-12-09 09:35:57,636 DeMo.train INFO: Best Rank-10: 57.2%
2025-12-09 09:35:57,636 DeMo.train INFO: ~~~~~~~~~~~~~~~~~~~~~~~~~~~~~~~~~~~~~~~~~~~~~~~~~~
2025-12-09 09:36:02,240 DeMo.train INFO: Epoch[10] Iteration[10/16] Loss: 2.069, Acc: 0.166, Base Lr: 3.17e-04
2025-12-09 09:36:03,345 DeMo.train INFO: Epoch 10 done. Time per batch: 0.408[s] Speed: 156.9[samples/s]
2025-12-09 09:36:03,346 DeMo.train INFO: ~~~~~~~~~~~~~~~~~~~~~~~~~~~~~~~~~~~~~~~~~~~~~~~~~~
2025-12-09 09:36:03,347 DeMo.train INFO: Current is the [moe,ori] feature testing!
2025-12-09 09:36:03,347 DeMo.train INFO: ~~~~~~~~~~~~~~~~~~~~~~~~~~~~~~~~~~~~~~~~~~~~~~~~~~
The test feature is normalized
2025-12-09 09:36:10,661 DeMo.train INFO: Validation Results - Epoch: 10
2025-12-09 09:36:10,662 DeMo.train INFO: mAP: 5.6%
2025-12-09 09:36:10,662 DeMo.train INFO: CMC curve, Rank-1  :11.0%
2025-12-09 09:36:10,662 DeMo.train INFO: CMC curve, Rank-5  :24.2%
2025-12-09 09:36:10,662 DeMo.train INFO: CMC curve, Rank-10 :32.0%
2025-12-09 09:36:10,662 DeMo.train INFO: ~~~~~~~~~~~~~~~~~~~~~~~~~~~~~~~~~~~~~~~~~~~~~~~~~~
2025-12-09 09:36:11,128 DeMo.train INFO: ~~~~~~~~~~~~~~~~~~~~~~~~~~~~~~~~~~~~~~~~~~~~~~~~~~
2025-12-09 09:36:11,128 DeMo.train INFO: Best mAP: 14.8%
2025-12-09 09:36:11,128 DeMo.train INFO: Best Rank-1: 23.2%
2025-12-09 09:36:11,129 DeMo.train INFO: Best Rank-5: 46.9%
2025-12-09 09:36:11,129 DeMo.train INFO: Best Rank-10: 57.2%
2025-12-09 09:36:11,129 DeMo.train INFO: ~~~~~~~~~~~~~~~~~~~~~~~~~~~~~~~~~~~~~~~~~~~~~~~~~~
2025-12-09 09:36:17,970 DeMo.train INFO: Epoch[11] Iteration[10/16] Loss: 1.936, Acc: 0.289, Base Lr: 3.10e-04
2025-12-09 09:36:19,071 DeMo.train INFO: Epoch 11 done. Time per batch: 0.567[s] Speed: 112.8[samples/s]
2025-12-09 09:36:19,072 DeMo.train INFO: ~~~~~~~~~~~~~~~~~~~~~~~~~~~~~~~~~~~~~~~~~~~~~~~~~~
2025-12-09 09:36:19,072 DeMo.train INFO: Current is the [moe,ori] feature testing!
2025-12-09 09:36:19,073 DeMo.train INFO: ~~~~~~~~~~~~~~~~~~~~~~~~~~~~~~~~~~~~~~~~~~~~~~~~~~
The test feature is normalized
2025-12-09 09:36:51,447 DeMo.train INFO: Validation Results - Epoch: 11
2025-12-09 09:36:51,448 DeMo.train INFO: mAP: 8.3%
2025-12-09 09:36:51,449 DeMo.train INFO: CMC curve, Rank-1  :14.4%
2025-12-09 09:36:51,450 DeMo.train INFO: CMC curve, Rank-5  :26.7%
2025-12-09 09:36:51,450 DeMo.train INFO: CMC curve, Rank-10 :36.0%
2025-12-09 09:36:51,451 DeMo.train INFO: ~~~~~~~~~~~~~~~~~~~~~~~~~~~~~~~~~~~~~~~~~~~~~~~~~~
2025-12-09 09:36:51,505 DeMo.train INFO: ~~~~~~~~~~~~~~~~~~~~~~~~~~~~~~~~~~~~~~~~~~~~~~~~~~
2025-12-09 09:36:51,506 DeMo.train INFO: Best mAP: 14.8%
2025-12-09 09:36:51,506 DeMo.train INFO: Best Rank-1: 23.2%
2025-12-09 09:36:51,507 DeMo.train INFO: Best Rank-5: 46.9%
2025-12-09 09:36:51,508 DeMo.train INFO: Best Rank-10: 57.2%
2025-12-09 09:36:51,509 DeMo.train INFO: ~~~~~~~~~~~~~~~~~~~~~~~~~~~~~~~~~~~~~~~~~~~~~~~~~~
2025-12-09 09:37:02,458 DeMo.train INFO: Epoch[12] Iteration[10/16] Loss: 1.802, Acc: 0.372, Base Lr: 3.03e-04
2025-12-09 09:37:04,203 DeMo.train INFO: Epoch 12 done. Time per batch: 0.846[s] Speed: 75.6[samples/s]
2025-12-09 09:37:04,205 DeMo.train INFO: ~~~~~~~~~~~~~~~~~~~~~~~~~~~~~~~~~~~~~~~~~~~~~~~~~~
2025-12-09 09:37:04,205 DeMo.train INFO: Current is the [moe,ori] feature testing!
2025-12-09 09:37:04,205 DeMo.train INFO: ~~~~~~~~~~~~~~~~~~~~~~~~~~~~~~~~~~~~~~~~~~~~~~~~~~
The test feature is normalized
2025-12-09 09:37:11,148 DeMo.train INFO: Validation Results - Epoch: 12
2025-12-09 09:37:11,148 DeMo.train INFO: mAP: 10.6%
2025-12-09 09:37:11,149 DeMo.train INFO: CMC curve, Rank-1  :17.1%
2025-12-09 09:37:11,149 DeMo.train INFO: CMC curve, Rank-5  :31.8%
2025-12-09 09:37:11,149 DeMo.train INFO: CMC curve, Rank-10 :40.4%
2025-12-09 09:37:11,149 DeMo.train INFO: ~~~~~~~~~~~~~~~~~~~~~~~~~~~~~~~~~~~~~~~~~~~~~~~~~~
2025-12-09 09:37:12,213 DeMo.train INFO: ~~~~~~~~~~~~~~~~~~~~~~~~~~~~~~~~~~~~~~~~~~~~~~~~~~
2025-12-09 09:37:12,213 DeMo.train INFO: Best mAP: 14.8%
2025-12-09 09:37:12,213 DeMo.train INFO: Best Rank-1: 23.2%
2025-12-09 09:37:12,213 DeMo.train INFO: Best Rank-5: 46.9%
2025-12-09 09:37:12,214 DeMo.train INFO: Best Rank-10: 57.2%
2025-12-09 09:37:12,214 DeMo.train INFO: ~~~~~~~~~~~~~~~~~~~~~~~~~~~~~~~~~~~~~~~~~~~~~~~~~~
2025-12-09 09:37:16,767 DeMo.train INFO: Epoch[13] Iteration[10/16] Loss: 1.681, Acc: 0.475, Base Lr: 2.95e-04
2025-12-09 09:37:17,876 DeMo.train INFO: Epoch 13 done. Time per batch: 0.404[s] Speed: 158.2[samples/s]
2025-12-09 09:37:17,877 DeMo.train INFO: ~~~~~~~~~~~~~~~~~~~~~~~~~~~~~~~~~~~~~~~~~~~~~~~~~~
2025-12-09 09:37:17,877 DeMo.train INFO: Current is the [moe,ori] feature testing!
2025-12-09 09:37:17,877 DeMo.train INFO: ~~~~~~~~~~~~~~~~~~~~~~~~~~~~~~~~~~~~~~~~~~~~~~~~~~
The test feature is normalized
2025-12-09 09:37:39,826 DeMo.train INFO: Validation Results - Epoch: 13
2025-12-09 09:37:39,826 DeMo.train INFO: mAP: 10.6%
2025-12-09 09:37:39,826 DeMo.train INFO: CMC curve, Rank-1  :17.3%
2025-12-09 09:37:39,826 DeMo.train INFO: CMC curve, Rank-5  :32.0%
2025-12-09 09:37:39,826 DeMo.train INFO: CMC curve, Rank-10 :41.6%
2025-12-09 09:37:39,827 DeMo.train INFO: ~~~~~~~~~~~~~~~~~~~~~~~~~~~~~~~~~~~~~~~~~~~~~~~~~~
2025-12-09 09:37:40,076 DeMo.train INFO: ~~~~~~~~~~~~~~~~~~~~~~~~~~~~~~~~~~~~~~~~~~~~~~~~~~
2025-12-09 09:37:40,077 DeMo.train INFO: Best mAP: 14.8%
2025-12-09 09:37:40,077 DeMo.train INFO: Best Rank-1: 23.2%
2025-12-09 09:37:40,077 DeMo.train INFO: Best Rank-5: 46.9%
2025-12-09 09:37:40,077 DeMo.train INFO: Best Rank-10: 57.2%
2025-12-09 09:37:40,077 DeMo.train INFO: ~~~~~~~~~~~~~~~~~~~~~~~~~~~~~~~~~~~~~~~~~~~~~~~~~~
2025-12-09 09:37:47,643 DeMo.train INFO: Epoch[14] Iteration[10/16] Loss: 1.686, Acc: 0.480, Base Lr: 2.87e-04
2025-12-09 09:37:50,558 DeMo.train INFO: Epoch 14 done. Time per batch: 0.699[s] Speed: 91.6[samples/s]
2025-12-09 09:37:50,561 DeMo.train INFO: ~~~~~~~~~~~~~~~~~~~~~~~~~~~~~~~~~~~~~~~~~~~~~~~~~~
2025-12-09 09:37:50,562 DeMo.train INFO: Current is the [moe,ori] feature testing!
2025-12-09 09:37:50,563 DeMo.train INFO: ~~~~~~~~~~~~~~~~~~~~~~~~~~~~~~~~~~~~~~~~~~~~~~~~~~
The test feature is normalized
2025-12-09 09:38:03,160 DeMo.train INFO: Validation Results - Epoch: 14
2025-12-09 09:38:03,160 DeMo.train INFO: mAP: 11.2%
2025-12-09 09:38:03,161 DeMo.train INFO: CMC curve, Rank-1  :16.8%
2025-12-09 09:38:03,161 DeMo.train INFO: CMC curve, Rank-5  :36.5%
2025-12-09 09:38:03,161 DeMo.train INFO: CMC curve, Rank-10 :44.8%
2025-12-09 09:38:03,161 DeMo.train INFO: ~~~~~~~~~~~~~~~~~~~~~~~~~~~~~~~~~~~~~~~~~~~~~~~~~~
2025-12-09 09:38:03,599 DeMo.train INFO: ~~~~~~~~~~~~~~~~~~~~~~~~~~~~~~~~~~~~~~~~~~~~~~~~~~
2025-12-09 09:38:03,600 DeMo.train INFO: Best mAP: 14.8%
2025-12-09 09:38:03,600 DeMo.train INFO: Best Rank-1: 23.2%
2025-12-09 09:38:03,600 DeMo.train INFO: Best Rank-5: 46.9%
2025-12-09 09:38:03,600 DeMo.train INFO: Best Rank-10: 57.2%
2025-12-09 09:38:03,600 DeMo.train INFO: ~~~~~~~~~~~~~~~~~~~~~~~~~~~~~~~~~~~~~~~~~~~~~~~~~~
2025-12-09 09:38:08,801 DeMo.train INFO: Epoch[15] Iteration[10/16] Loss: 1.637, Acc: 0.556, Base Lr: 2.78e-04
2025-12-09 09:38:09,902 DeMo.train INFO: Epoch 15 done. Time per batch: 0.450[s] Speed: 142.2[samples/s]
2025-12-09 09:38:09,903 DeMo.train INFO: ~~~~~~~~~~~~~~~~~~~~~~~~~~~~~~~~~~~~~~~~~~~~~~~~~~
2025-12-09 09:38:09,903 DeMo.train INFO: Current is the [moe,ori] feature testing!
2025-12-09 09:38:09,903 DeMo.train INFO: ~~~~~~~~~~~~~~~~~~~~~~~~~~~~~~~~~~~~~~~~~~~~~~~~~~
The test feature is normalized
2025-12-09 09:38:17,331 DeMo.train INFO: Validation Results - Epoch: 15
2025-12-09 09:38:17,332 DeMo.train INFO: mAP: 10.7%
2025-12-09 09:38:17,332 DeMo.train INFO: CMC curve, Rank-1  :16.1%
2025-12-09 09:38:17,332 DeMo.train INFO: CMC curve, Rank-5  :35.0%
2025-12-09 09:38:17,332 DeMo.train INFO: CMC curve, Rank-10 :43.3%
2025-12-09 09:38:17,332 DeMo.train INFO: ~~~~~~~~~~~~~~~~~~~~~~~~~~~~~~~~~~~~~~~~~~~~~~~~~~
2025-12-09 09:38:17,801 DeMo.train INFO: ~~~~~~~~~~~~~~~~~~~~~~~~~~~~~~~~~~~~~~~~~~~~~~~~~~
2025-12-09 09:38:17,801 DeMo.train INFO: Best mAP: 14.8%
2025-12-09 09:38:17,801 DeMo.train INFO: Best Rank-1: 23.2%
2025-12-09 09:38:17,801 DeMo.train INFO: Best Rank-5: 46.9%
2025-12-09 09:38:17,801 DeMo.train INFO: Best Rank-10: 57.2%
2025-12-09 09:38:17,801 DeMo.train INFO: ~~~~~~~~~~~~~~~~~~~~~~~~~~~~~~~~~~~~~~~~~~~~~~~~~~
2025-12-09 09:38:25,055 DeMo.train INFO: Epoch[16] Iteration[10/16] Loss: 1.543, Acc: 0.578, Base Lr: 2.69e-04
2025-12-09 09:38:26,149 DeMo.train INFO: Epoch 16 done. Time per batch: 0.596[s] Speed: 107.3[samples/s]
2025-12-09 09:38:26,150 DeMo.train INFO: ~~~~~~~~~~~~~~~~~~~~~~~~~~~~~~~~~~~~~~~~~~~~~~~~~~
2025-12-09 09:38:26,151 DeMo.train INFO: Current is the [moe,ori] feature testing!
2025-12-09 09:38:26,152 DeMo.train INFO: ~~~~~~~~~~~~~~~~~~~~~~~~~~~~~~~~~~~~~~~~~~~~~~~~~~
The test feature is normalized
2025-12-09 09:38:43,391 DeMo.train INFO: Validation Results - Epoch: 16
2025-12-09 09:38:43,391 DeMo.train INFO: mAP: 12.4%
2025-12-09 09:38:43,392 DeMo.train INFO: CMC curve, Rank-1  :20.0%
2025-12-09 09:38:43,393 DeMo.train INFO: CMC curve, Rank-5  :35.9%
2025-12-09 09:38:43,393 DeMo.train INFO: CMC curve, Rank-10 :46.9%
2025-12-09 09:38:43,394 DeMo.train INFO: ~~~~~~~~~~~~~~~~~~~~~~~~~~~~~~~~~~~~~~~~~~~~~~~~~~
2025-12-09 09:38:43,859 DeMo.train INFO: ~~~~~~~~~~~~~~~~~~~~~~~~~~~~~~~~~~~~~~~~~~~~~~~~~~
2025-12-09 09:38:43,859 DeMo.train INFO: Best mAP: 14.8%
2025-12-09 09:38:43,861 DeMo.train INFO: Best Rank-1: 23.2%
2025-12-09 09:38:43,861 DeMo.train INFO: Best Rank-5: 46.9%
2025-12-09 09:38:43,863 DeMo.train INFO: Best Rank-10: 57.2%
2025-12-09 09:38:43,863 DeMo.train INFO: ~~~~~~~~~~~~~~~~~~~~~~~~~~~~~~~~~~~~~~~~~~~~~~~~~~
2025-12-09 09:38:53,227 DeMo.train INFO: Epoch[17] Iteration[10/16] Loss: 1.513, Acc: 0.637, Base Lr: 2.59e-04
2025-12-09 09:38:54,346 DeMo.train INFO: Epoch 17 done. Time per batch: 0.749[s] Speed: 85.5[samples/s]
2025-12-09 09:38:54,348 DeMo.train INFO: ~~~~~~~~~~~~~~~~~~~~~~~~~~~~~~~~~~~~~~~~~~~~~~~~~~
2025-12-09 09:38:54,349 DeMo.train INFO: Current is the [moe,ori] feature testing!
2025-12-09 09:38:54,349 DeMo.train INFO: ~~~~~~~~~~~~~~~~~~~~~~~~~~~~~~~~~~~~~~~~~~~~~~~~~~
The test feature is normalized
2025-12-09 09:39:01,800 DeMo.train INFO: Validation Results - Epoch: 17
2025-12-09 09:39:01,801 DeMo.train INFO: mAP: 11.7%
2025-12-09 09:39:01,801 DeMo.train INFO: CMC curve, Rank-1  :17.3%
2025-12-09 09:39:01,801 DeMo.train INFO: CMC curve, Rank-5  :35.2%
2025-12-09 09:39:01,801 DeMo.train INFO: CMC curve, Rank-10 :44.8%
2025-12-09 09:39:01,801 DeMo.train INFO: ~~~~~~~~~~~~~~~~~~~~~~~~~~~~~~~~~~~~~~~~~~~~~~~~~~
2025-12-09 09:39:02,635 DeMo.train INFO: ~~~~~~~~~~~~~~~~~~~~~~~~~~~~~~~~~~~~~~~~~~~~~~~~~~
2025-12-09 09:39:02,636 DeMo.train INFO: Best mAP: 14.8%
2025-12-09 09:39:02,636 DeMo.train INFO: Best Rank-1: 23.2%
2025-12-09 09:39:02,636 DeMo.train INFO: Best Rank-5: 46.9%
2025-12-09 09:39:02,636 DeMo.train INFO: Best Rank-10: 57.2%
2025-12-09 09:39:02,636 DeMo.train INFO: ~~~~~~~~~~~~~~~~~~~~~~~~~~~~~~~~~~~~~~~~~~~~~~~~~~
2025-12-09 09:39:07,687 DeMo.train INFO: Epoch[18] Iteration[10/16] Loss: 1.471, Acc: 0.695, Base Lr: 2.50e-04
2025-12-09 09:39:08,785 DeMo.train INFO: Epoch 18 done. Time per batch: 0.439[s] Speed: 145.7[samples/s]
2025-12-09 09:39:08,787 DeMo.train INFO: ~~~~~~~~~~~~~~~~~~~~~~~~~~~~~~~~~~~~~~~~~~~~~~~~~~
2025-12-09 09:39:08,787 DeMo.train INFO: Current is the [moe,ori] feature testing!
2025-12-09 09:39:08,787 DeMo.train INFO: ~~~~~~~~~~~~~~~~~~~~~~~~~~~~~~~~~~~~~~~~~~~~~~~~~~
The test feature is normalized
2025-12-09 09:39:15,729 DeMo.train INFO: Validation Results - Epoch: 18
2025-12-09 09:39:15,729 DeMo.train INFO: mAP: 11.2%
2025-12-09 09:39:15,729 DeMo.train INFO: CMC curve, Rank-1  :17.1%
2025-12-09 09:39:15,729 DeMo.train INFO: CMC curve, Rank-5  :33.5%
2025-12-09 09:39:15,730 DeMo.train INFO: CMC curve, Rank-10 :42.6%
2025-12-09 09:39:15,730 DeMo.train INFO: ~~~~~~~~~~~~~~~~~~~~~~~~~~~~~~~~~~~~~~~~~~~~~~~~~~
2025-12-09 09:39:16,870 DeMo.train INFO: ~~~~~~~~~~~~~~~~~~~~~~~~~~~~~~~~~~~~~~~~~~~~~~~~~~
2025-12-09 09:39:16,870 DeMo.train INFO: Best mAP: 14.8%
2025-12-09 09:39:16,870 DeMo.train INFO: Best Rank-1: 23.2%
2025-12-09 09:39:16,870 DeMo.train INFO: Best Rank-5: 46.9%
2025-12-09 09:39:16,870 DeMo.train INFO: Best Rank-10: 57.2%
2025-12-09 09:39:16,871 DeMo.train INFO: ~~~~~~~~~~~~~~~~~~~~~~~~~~~~~~~~~~~~~~~~~~~~~~~~~~
2025-12-09 09:39:21,618 DeMo.train INFO: Epoch[19] Iteration[10/16] Loss: 1.394, Acc: 0.750, Base Lr: 2.40e-04
2025-12-09 09:39:22,715 DeMo.train INFO: Epoch 19 done. Time per batch: 0.417[s] Speed: 153.3[samples/s]
2025-12-09 09:39:22,716 DeMo.train INFO: ~~~~~~~~~~~~~~~~~~~~~~~~~~~~~~~~~~~~~~~~~~~~~~~~~~
2025-12-09 09:39:22,716 DeMo.train INFO: Current is the [moe,ori] feature testing!
2025-12-09 09:39:22,716 DeMo.train INFO: ~~~~~~~~~~~~~~~~~~~~~~~~~~~~~~~~~~~~~~~~~~~~~~~~~~
The test feature is normalized
2025-12-09 09:39:44,885 DeMo.train INFO: Validation Results - Epoch: 19
2025-12-09 09:39:44,885 DeMo.train INFO: mAP: 12.5%
2025-12-09 09:39:44,885 DeMo.train INFO: CMC curve, Rank-1  :21.0%
2025-12-09 09:39:44,885 DeMo.train INFO: CMC curve, Rank-5  :38.2%
2025-12-09 09:39:44,885 DeMo.train INFO: CMC curve, Rank-10 :45.5%
2025-12-09 09:39:44,885 DeMo.train INFO: ~~~~~~~~~~~~~~~~~~~~~~~~~~~~~~~~~~~~~~~~~~~~~~~~~~
2025-12-09 09:39:44,954 DeMo.train INFO: ~~~~~~~~~~~~~~~~~~~~~~~~~~~~~~~~~~~~~~~~~~~~~~~~~~
2025-12-09 09:39:44,954 DeMo.train INFO: Best mAP: 14.8%
2025-12-09 09:39:44,954 DeMo.train INFO: Best Rank-1: 23.2%
2025-12-09 09:39:44,954 DeMo.train INFO: Best Rank-5: 46.9%
2025-12-09 09:39:44,954 DeMo.train INFO: Best Rank-10: 57.2%
2025-12-09 09:39:44,954 DeMo.train INFO: ~~~~~~~~~~~~~~~~~~~~~~~~~~~~~~~~~~~~~~~~~~~~~~~~~~
2025-12-09 09:39:49,598 DeMo.train INFO: Epoch[20] Iteration[10/16] Loss: 1.323, Acc: 0.795, Base Lr: 2.29e-04
2025-12-09 09:39:50,721 DeMo.train INFO: Epoch 20 done. Time per batch: 0.412[s] Speed: 155.4[samples/s]
2025-12-09 09:39:50,723 DeMo.train INFO: ~~~~~~~~~~~~~~~~~~~~~~~~~~~~~~~~~~~~~~~~~~~~~~~~~~
2025-12-09 09:39:50,723 DeMo.train INFO: Current is the [moe,ori] feature testing!
2025-12-09 09:39:50,723 DeMo.train INFO: ~~~~~~~~~~~~~~~~~~~~~~~~~~~~~~~~~~~~~~~~~~~~~~~~~~
The test feature is normalized
2025-12-09 09:39:57,935 DeMo.train INFO: Validation Results - Epoch: 20
2025-12-09 09:39:57,935 DeMo.train INFO: mAP: 14.2%
2025-12-09 09:39:57,936 DeMo.train INFO: CMC curve, Rank-1  :21.3%
2025-12-09 09:39:57,936 DeMo.train INFO: CMC curve, Rank-5  :39.9%
2025-12-09 09:39:57,936 DeMo.train INFO: CMC curve, Rank-10 :51.4%
2025-12-09 09:39:57,936 DeMo.train INFO: ~~~~~~~~~~~~~~~~~~~~~~~~~~~~~~~~~~~~~~~~~~~~~~~~~~
2025-12-09 09:39:58,871 DeMo.train INFO: ~~~~~~~~~~~~~~~~~~~~~~~~~~~~~~~~~~~~~~~~~~~~~~~~~~
2025-12-09 09:39:58,871 DeMo.train INFO: Best mAP: 14.8%
2025-12-09 09:39:58,871 DeMo.train INFO: Best Rank-1: 23.2%
2025-12-09 09:39:58,871 DeMo.train INFO: Best Rank-5: 46.9%
2025-12-09 09:39:58,871 DeMo.train INFO: Best Rank-10: 57.2%
2025-12-09 09:39:58,871 DeMo.train INFO: ~~~~~~~~~~~~~~~~~~~~~~~~~~~~~~~~~~~~~~~~~~~~~~~~~~
2025-12-09 09:40:03,554 DeMo.train INFO: Epoch[21] Iteration[10/16] Loss: 1.273, Acc: 0.819, Base Lr: 2.19e-04
2025-12-09 09:40:04,659 DeMo.train INFO: Epoch 21 done. Time per batch: 0.413[s] Speed: 154.8[samples/s]
2025-12-09 09:40:04,660 DeMo.train INFO: ~~~~~~~~~~~~~~~~~~~~~~~~~~~~~~~~~~~~~~~~~~~~~~~~~~
2025-12-09 09:40:04,660 DeMo.train INFO: Current is the [moe,ori] feature testing!
2025-12-09 09:40:04,660 DeMo.train INFO: ~~~~~~~~~~~~~~~~~~~~~~~~~~~~~~~~~~~~~~~~~~~~~~~~~~
The test feature is normalized
2025-12-09 09:40:11,824 DeMo.train INFO: Validation Results - Epoch: 21
2025-12-09 09:40:11,825 DeMo.train INFO: mAP: 14.3%
2025-12-09 09:40:11,825 DeMo.train INFO: CMC curve, Rank-1  :21.0%
2025-12-09 09:40:11,825 DeMo.train INFO: CMC curve, Rank-5  :38.7%
2025-12-09 09:40:11,825 DeMo.train INFO: CMC curve, Rank-10 :49.4%
2025-12-09 09:40:11,825 DeMo.train INFO: ~~~~~~~~~~~~~~~~~~~~~~~~~~~~~~~~~~~~~~~~~~~~~~~~~~
2025-12-09 09:40:13,039 DeMo.train INFO: ~~~~~~~~~~~~~~~~~~~~~~~~~~~~~~~~~~~~~~~~~~~~~~~~~~
2025-12-09 09:40:13,040 DeMo.train INFO: Best mAP: 14.8%
2025-12-09 09:40:13,040 DeMo.train INFO: Best Rank-1: 23.2%
2025-12-09 09:40:13,040 DeMo.train INFO: Best Rank-5: 46.9%
2025-12-09 09:40:13,040 DeMo.train INFO: Best Rank-10: 57.2%
2025-12-09 09:40:13,040 DeMo.train INFO: ~~~~~~~~~~~~~~~~~~~~~~~~~~~~~~~~~~~~~~~~~~~~~~~~~~
2025-12-09 09:40:17,796 DeMo.train INFO: Epoch[22] Iteration[10/16] Loss: 1.192, Acc: 0.834, Base Lr: 2.08e-04
2025-12-09 09:40:18,902 DeMo.train INFO: Epoch 22 done. Time per batch: 0.419[s] Speed: 152.8[samples/s]
2025-12-09 09:40:18,904 DeMo.train INFO: ~~~~~~~~~~~~~~~~~~~~~~~~~~~~~~~~~~~~~~~~~~~~~~~~~~
2025-12-09 09:40:18,904 DeMo.train INFO: Current is the [moe,ori] feature testing!
2025-12-09 09:40:18,904 DeMo.train INFO: ~~~~~~~~~~~~~~~~~~~~~~~~~~~~~~~~~~~~~~~~~~~~~~~~~~
The test feature is normalized
2025-12-09 09:40:26,054 DeMo.train INFO: Validation Results - Epoch: 22
2025-12-09 09:40:26,054 DeMo.train INFO: mAP: 14.0%
2025-12-09 09:40:26,054 DeMo.train INFO: CMC curve, Rank-1  :21.3%
2025-12-09 09:40:26,054 DeMo.train INFO: CMC curve, Rank-5  :38.9%
2025-12-09 09:40:26,054 DeMo.train INFO: CMC curve, Rank-10 :48.6%
2025-12-09 09:40:26,054 DeMo.train INFO: ~~~~~~~~~~~~~~~~~~~~~~~~~~~~~~~~~~~~~~~~~~~~~~~~~~
2025-12-09 09:40:27,200 DeMo.train INFO: ~~~~~~~~~~~~~~~~~~~~~~~~~~~~~~~~~~~~~~~~~~~~~~~~~~
2025-12-09 09:40:27,201 DeMo.train INFO: Best mAP: 14.8%
2025-12-09 09:40:27,201 DeMo.train INFO: Best Rank-1: 23.2%
2025-12-09 09:40:27,201 DeMo.train INFO: Best Rank-5: 46.9%
2025-12-09 09:40:27,201 DeMo.train INFO: Best Rank-10: 57.2%
2025-12-09 09:40:27,201 DeMo.train INFO: ~~~~~~~~~~~~~~~~~~~~~~~~~~~~~~~~~~~~~~~~~~~~~~~~~~
2025-12-09 09:40:31,848 DeMo.train INFO: Epoch[23] Iteration[10/16] Loss: 1.231, Acc: 0.847, Base Lr: 1.97e-04
2025-12-09 09:40:32,972 DeMo.train INFO: Epoch 23 done. Time per batch: 0.412[s] Speed: 155.3[samples/s]
2025-12-09 09:40:32,973 DeMo.train INFO: ~~~~~~~~~~~~~~~~~~~~~~~~~~~~~~~~~~~~~~~~~~~~~~~~~~
2025-12-09 09:40:32,973 DeMo.train INFO: Current is the [moe,ori] feature testing!
2025-12-09 09:40:32,973 DeMo.train INFO: ~~~~~~~~~~~~~~~~~~~~~~~~~~~~~~~~~~~~~~~~~~~~~~~~~~
The test feature is normalized
2025-12-09 09:40:40,050 DeMo.train INFO: Validation Results - Epoch: 23
2025-12-09 09:40:40,050 DeMo.train INFO: mAP: 14.4%
2025-12-09 09:40:40,050 DeMo.train INFO: CMC curve, Rank-1  :22.3%
2025-12-09 09:40:40,050 DeMo.train INFO: CMC curve, Rank-5  :39.9%
2025-12-09 09:40:40,050 DeMo.train INFO: CMC curve, Rank-10 :50.4%
2025-12-09 09:40:40,050 DeMo.train INFO: ~~~~~~~~~~~~~~~~~~~~~~~~~~~~~~~~~~~~~~~~~~~~~~~~~~
2025-12-09 09:40:41,067 DeMo.train INFO: ~~~~~~~~~~~~~~~~~~~~~~~~~~~~~~~~~~~~~~~~~~~~~~~~~~
2025-12-09 09:40:41,067 DeMo.train INFO: Best mAP: 14.8%
2025-12-09 09:40:41,068 DeMo.train INFO: Best Rank-1: 23.2%
2025-12-09 09:40:41,068 DeMo.train INFO: Best Rank-5: 46.9%
2025-12-09 09:40:41,068 DeMo.train INFO: Best Rank-10: 57.2%
2025-12-09 09:40:41,068 DeMo.train INFO: ~~~~~~~~~~~~~~~~~~~~~~~~~~~~~~~~~~~~~~~~~~~~~~~~~~
2025-12-09 09:40:45,796 DeMo.train INFO: Epoch[24] Iteration[10/16] Loss: 1.073, Acc: 0.903, Base Lr: 1.86e-04
2025-12-09 09:40:46,972 DeMo.train INFO: Epoch 24 done. Time per batch: 0.422[s] Speed: 151.8[samples/s]
2025-12-09 09:40:46,975 DeMo.train INFO: ~~~~~~~~~~~~~~~~~~~~~~~~~~~~~~~~~~~~~~~~~~~~~~~~~~
2025-12-09 09:40:46,975 DeMo.train INFO: Current is the [moe,ori] feature testing!
2025-12-09 09:40:46,975 DeMo.train INFO: ~~~~~~~~~~~~~~~~~~~~~~~~~~~~~~~~~~~~~~~~~~~~~~~~~~
The test feature is normalized
2025-12-09 09:40:54,156 DeMo.train INFO: Validation Results - Epoch: 24
2025-12-09 09:40:54,156 DeMo.train INFO: mAP: 16.4%
2025-12-09 09:40:54,156 DeMo.train INFO: CMC curve, Rank-1  :24.5%
2025-12-09 09:40:54,156 DeMo.train INFO: CMC curve, Rank-5  :42.3%
2025-12-09 09:40:54,156 DeMo.train INFO: CMC curve, Rank-10 :51.6%
2025-12-09 09:40:54,156 DeMo.train INFO: ~~~~~~~~~~~~~~~~~~~~~~~~~~~~~~~~~~~~~~~~~~~~~~~~~~
2025-12-09 09:41:12,013 DeMo.train INFO: ~~~~~~~~~~~~~~~~~~~~~~~~~~~~~~~~~~~~~~~~~~~~~~~~~~
2025-12-09 09:41:12,013 DeMo.train INFO: Best mAP: 16.4%
2025-12-09 09:41:12,013 DeMo.train INFO: Best Rank-1: 24.5%
2025-12-09 09:41:12,013 DeMo.train INFO: Best Rank-5: 42.3%
2025-12-09 09:41:12,014 DeMo.train INFO: Best Rank-10: 51.6%
2025-12-09 09:41:12,014 DeMo.train INFO: ~~~~~~~~~~~~~~~~~~~~~~~~~~~~~~~~~~~~~~~~~~~~~~~~~~
2025-12-09 09:41:16,389 DeMo.train INFO: Epoch[25] Iteration[10/16] Loss: 0.988, Acc: 0.925, Base Lr: 1.75e-04
2025-12-09 09:41:17,491 DeMo.train INFO: Epoch 25 done. Time per batch: 0.391[s] Speed: 163.6[samples/s]
2025-12-09 09:41:17,492 DeMo.train INFO: ~~~~~~~~~~~~~~~~~~~~~~~~~~~~~~~~~~~~~~~~~~~~~~~~~~
2025-12-09 09:41:17,492 DeMo.train INFO: Current is the [moe,ori] feature testing!
2025-12-09 09:41:17,493 DeMo.train INFO: ~~~~~~~~~~~~~~~~~~~~~~~~~~~~~~~~~~~~~~~~~~~~~~~~~~
The test feature is normalized
2025-12-09 09:41:24,361 DeMo.train INFO: Validation Results - Epoch: 25
2025-12-09 09:41:24,361 DeMo.train INFO: mAP: 17.2%
2025-12-09 09:41:24,361 DeMo.train INFO: CMC curve, Rank-1  :26.1%
2025-12-09 09:41:24,361 DeMo.train INFO: CMC curve, Rank-5  :46.5%
2025-12-09 09:41:24,361 DeMo.train INFO: CMC curve, Rank-10 :56.2%
2025-12-09 09:41:24,361 DeMo.train INFO: ~~~~~~~~~~~~~~~~~~~~~~~~~~~~~~~~~~~~~~~~~~~~~~~~~~
2025-12-09 09:41:41,849 DeMo.train INFO: ~~~~~~~~~~~~~~~~~~~~~~~~~~~~~~~~~~~~~~~~~~~~~~~~~~
2025-12-09 09:41:41,850 DeMo.train INFO: Best mAP: 17.2%
2025-12-09 09:41:41,850 DeMo.train INFO: Best Rank-1: 26.1%
2025-12-09 09:41:41,850 DeMo.train INFO: Best Rank-5: 46.5%
2025-12-09 09:41:41,850 DeMo.train INFO: Best Rank-10: 56.2%
2025-12-09 09:41:41,850 DeMo.train INFO: ~~~~~~~~~~~~~~~~~~~~~~~~~~~~~~~~~~~~~~~~~~~~~~~~~~
2025-12-09 09:41:46,508 DeMo.train INFO: Epoch[26] Iteration[10/16] Loss: 1.033, Acc: 0.925, Base Lr: 1.64e-04
2025-12-09 09:41:47,889 DeMo.train INFO: Epoch 26 done. Time per batch: 0.403[s] Speed: 159.0[samples/s]
2025-12-09 09:41:47,890 DeMo.train INFO: ~~~~~~~~~~~~~~~~~~~~~~~~~~~~~~~~~~~~~~~~~~~~~~~~~~
2025-12-09 09:41:47,890 DeMo.train INFO: Current is the [moe,ori] feature testing!
2025-12-09 09:41:47,890 DeMo.train INFO: ~~~~~~~~~~~~~~~~~~~~~~~~~~~~~~~~~~~~~~~~~~~~~~~~~~
The test feature is normalized
2025-12-09 09:41:55,177 DeMo.train INFO: Validation Results - Epoch: 26
2025-12-09 09:41:55,177 DeMo.train INFO: mAP: 15.2%
2025-12-09 09:41:55,177 DeMo.train INFO: CMC curve, Rank-1  :24.5%
2025-12-09 09:41:55,177 DeMo.train INFO: CMC curve, Rank-5  :41.5%
2025-12-09 09:41:55,177 DeMo.train INFO: CMC curve, Rank-10 :51.3%
2025-12-09 09:41:55,177 DeMo.train INFO: ~~~~~~~~~~~~~~~~~~~~~~~~~~~~~~~~~~~~~~~~~~~~~~~~~~
2025-12-09 09:41:56,006 DeMo.train INFO: ~~~~~~~~~~~~~~~~~~~~~~~~~~~~~~~~~~~~~~~~~~~~~~~~~~
2025-12-09 09:41:56,007 DeMo.train INFO: Best mAP: 17.2%
2025-12-09 09:41:56,007 DeMo.train INFO: Best Rank-1: 26.1%
2025-12-09 09:41:56,007 DeMo.train INFO: Best Rank-5: 46.5%
2025-12-09 09:41:56,007 DeMo.train INFO: Best Rank-10: 56.2%
2025-12-09 09:41:56,007 DeMo.train INFO: ~~~~~~~~~~~~~~~~~~~~~~~~~~~~~~~~~~~~~~~~~~~~~~~~~~
2025-12-09 09:42:00,541 DeMo.train INFO: Epoch[27] Iteration[10/16] Loss: 1.046, Acc: 0.930, Base Lr: 1.53e-04
2025-12-09 09:42:01,639 DeMo.train INFO: Epoch 27 done. Time per batch: 0.402[s] Speed: 159.1[samples/s]
2025-12-09 09:42:01,640 DeMo.train INFO: ~~~~~~~~~~~~~~~~~~~~~~~~~~~~~~~~~~~~~~~~~~~~~~~~~~
2025-12-09 09:42:01,641 DeMo.train INFO: Current is the [moe,ori] feature testing!
2025-12-09 09:42:01,642 DeMo.train INFO: ~~~~~~~~~~~~~~~~~~~~~~~~~~~~~~~~~~~~~~~~~~~~~~~~~~
The test feature is normalized
2025-12-09 09:42:19,414 DeMo.train INFO: Validation Results - Epoch: 27
2025-12-09 09:42:19,414 DeMo.train INFO: mAP: 17.3%
2025-12-09 09:42:19,414 DeMo.train INFO: CMC curve, Rank-1  :25.2%
2025-12-09 09:42:19,414 DeMo.train INFO: CMC curve, Rank-5  :43.1%
2025-12-09 09:42:19,414 DeMo.train INFO: CMC curve, Rank-10 :52.6%
2025-12-09 09:42:19,415 DeMo.train INFO: ~~~~~~~~~~~~~~~~~~~~~~~~~~~~~~~~~~~~~~~~~~~~~~~~~~
2025-12-09 09:42:37,139 DeMo.train INFO: ~~~~~~~~~~~~~~~~~~~~~~~~~~~~~~~~~~~~~~~~~~~~~~~~~~
2025-12-09 09:42:37,139 DeMo.train INFO: Best mAP: 17.3%
2025-12-09 09:42:37,139 DeMo.train INFO: Best Rank-1: 25.2%
2025-12-09 09:42:37,140 DeMo.train INFO: Best Rank-5: 43.1%
2025-12-09 09:42:37,140 DeMo.train INFO: Best Rank-10: 52.6%
2025-12-09 09:42:37,140 DeMo.train INFO: ~~~~~~~~~~~~~~~~~~~~~~~~~~~~~~~~~~~~~~~~~~~~~~~~~~
2025-12-09 09:42:41,342 DeMo.train INFO: Epoch[28] Iteration[10/16] Loss: 0.921, Acc: 0.936, Base Lr: 1.42e-04
2025-12-09 09:42:42,452 DeMo.train INFO: Epoch 28 done. Time per batch: 0.379[s] Speed: 168.7[samples/s]
2025-12-09 09:42:42,454 DeMo.train INFO: ~~~~~~~~~~~~~~~~~~~~~~~~~~~~~~~~~~~~~~~~~~~~~~~~~~
2025-12-09 09:42:42,455 DeMo.train INFO: Current is the [moe,ori] feature testing!
2025-12-09 09:42:42,456 DeMo.train INFO: ~~~~~~~~~~~~~~~~~~~~~~~~~~~~~~~~~~~~~~~~~~~~~~~~~~
The test feature is normalized
2025-12-09 09:42:59,240 DeMo.train INFO: Validation Results - Epoch: 28
2025-12-09 09:42:59,240 DeMo.train INFO: mAP: 18.1%
2025-12-09 09:42:59,240 DeMo.train INFO: CMC curve, Rank-1  :26.7%
2025-12-09 09:42:59,240 DeMo.train INFO: CMC curve, Rank-5  :46.2%
2025-12-09 09:42:59,240 DeMo.train INFO: CMC curve, Rank-10 :55.3%
2025-12-09 09:42:59,240 DeMo.train INFO: ~~~~~~~~~~~~~~~~~~~~~~~~~~~~~~~~~~~~~~~~~~~~~~~~~~
2025-12-09 09:43:16,408 DeMo.train INFO: ~~~~~~~~~~~~~~~~~~~~~~~~~~~~~~~~~~~~~~~~~~~~~~~~~~
2025-12-09 09:43:16,408 DeMo.train INFO: Best mAP: 18.1%
2025-12-09 09:43:16,408 DeMo.train INFO: Best Rank-1: 26.7%
2025-12-09 09:43:16,408 DeMo.train INFO: Best Rank-5: 46.2%
2025-12-09 09:43:16,408 DeMo.train INFO: Best Rank-10: 55.3%
2025-12-09 09:43:16,409 DeMo.train INFO: ~~~~~~~~~~~~~~~~~~~~~~~~~~~~~~~~~~~~~~~~~~~~~~~~~~
2025-12-09 09:43:20,510 DeMo.train INFO: Epoch[29] Iteration[10/16] Loss: 0.933, Acc: 0.942, Base Lr: 1.32e-04
2025-12-09 09:43:21,651 DeMo.train INFO: Epoch 29 done. Time per batch: 0.374[s] Speed: 170.9[samples/s]
2025-12-09 09:43:21,652 DeMo.train INFO: ~~~~~~~~~~~~~~~~~~~~~~~~~~~~~~~~~~~~~~~~~~~~~~~~~~
2025-12-09 09:43:21,652 DeMo.train INFO: Current is the [moe,ori] feature testing!
2025-12-09 09:43:21,652 DeMo.train INFO: ~~~~~~~~~~~~~~~~~~~~~~~~~~~~~~~~~~~~~~~~~~~~~~~~~~
The test feature is normalized
2025-12-09 09:43:39,632 DeMo.train INFO: Validation Results - Epoch: 29
2025-12-09 09:43:39,633 DeMo.train INFO: mAP: 15.6%
2025-12-09 09:43:39,634 DeMo.train INFO: CMC curve, Rank-1  :24.2%
2025-12-09 09:43:39,635 DeMo.train INFO: CMC curve, Rank-5  :42.1%
2025-12-09 09:43:39,635 DeMo.train INFO: CMC curve, Rank-10 :51.8%
2025-12-09 09:43:39,636 DeMo.train INFO: ~~~~~~~~~~~~~~~~~~~~~~~~~~~~~~~~~~~~~~~~~~~~~~~~~~
2025-12-09 09:43:39,686 DeMo.train INFO: ~~~~~~~~~~~~~~~~~~~~~~~~~~~~~~~~~~~~~~~~~~~~~~~~~~
2025-12-09 09:43:39,688 DeMo.train INFO: Best mAP: 18.1%
2025-12-09 09:43:39,688 DeMo.train INFO: Best Rank-1: 26.7%
2025-12-09 09:43:39,689 DeMo.train INFO: Best Rank-5: 46.2%
2025-12-09 09:43:39,689 DeMo.train INFO: Best Rank-10: 55.3%
2025-12-09 09:43:39,690 DeMo.train INFO: ~~~~~~~~~~~~~~~~~~~~~~~~~~~~~~~~~~~~~~~~~~~~~~~~~~
2025-12-09 09:43:48,890 DeMo.train INFO: Epoch[30] Iteration[10/16] Loss: 0.899, Acc: 0.944, Base Lr: 1.21e-04
2025-12-09 09:43:49,989 DeMo.train INFO: Epoch 30 done. Time per batch: 0.736[s] Speed: 87.0[samples/s]
2025-12-09 09:43:49,990 DeMo.train INFO: ~~~~~~~~~~~~~~~~~~~~~~~~~~~~~~~~~~~~~~~~~~~~~~~~~~
2025-12-09 09:43:49,990 DeMo.train INFO: Current is the [moe,ori] feature testing!
2025-12-09 09:43:49,990 DeMo.train INFO: ~~~~~~~~~~~~~~~~~~~~~~~~~~~~~~~~~~~~~~~~~~~~~~~~~~
The test feature is normalized
2025-12-09 09:43:57,214 DeMo.train INFO: Validation Results - Epoch: 30
2025-12-09 09:43:57,214 DeMo.train INFO: mAP: 17.6%
2025-12-09 09:43:57,214 DeMo.train INFO: CMC curve, Rank-1  :25.5%
2025-12-09 09:43:57,214 DeMo.train INFO: CMC curve, Rank-5  :44.8%
2025-12-09 09:43:57,214 DeMo.train INFO: CMC curve, Rank-10 :56.3%
2025-12-09 09:43:57,215 DeMo.train INFO: ~~~~~~~~~~~~~~~~~~~~~~~~~~~~~~~~~~~~~~~~~~~~~~~~~~
2025-12-09 09:43:58,316 DeMo.train INFO: ~~~~~~~~~~~~~~~~~~~~~~~~~~~~~~~~~~~~~~~~~~~~~~~~~~
2025-12-09 09:43:58,316 DeMo.train INFO: Best mAP: 18.1%
2025-12-09 09:43:58,317 DeMo.train INFO: Best Rank-1: 26.7%
2025-12-09 09:43:58,317 DeMo.train INFO: Best Rank-5: 46.2%
2025-12-09 09:43:58,317 DeMo.train INFO: Best Rank-10: 55.3%
2025-12-09 09:43:58,317 DeMo.train INFO: ~~~~~~~~~~~~~~~~~~~~~~~~~~~~~~~~~~~~~~~~~~~~~~~~~~
2025-12-09 09:44:03,207 DeMo.train INFO: Epoch[31] Iteration[10/16] Loss: 0.708, Acc: 0.977, Base Lr: 1.11e-04
2025-12-09 09:44:04,310 DeMo.train INFO: Epoch 31 done. Time per batch: 0.428[s] Speed: 149.5[samples/s]
2025-12-09 09:44:04,311 DeMo.train INFO: ~~~~~~~~~~~~~~~~~~~~~~~~~~~~~~~~~~~~~~~~~~~~~~~~~~
2025-12-09 09:44:04,311 DeMo.train INFO: Current is the [moe,ori] feature testing!
2025-12-09 09:44:04,312 DeMo.train INFO: ~~~~~~~~~~~~~~~~~~~~~~~~~~~~~~~~~~~~~~~~~~~~~~~~~~
The test feature is normalized
2025-12-09 09:44:11,314 DeMo.train INFO: Validation Results - Epoch: 31
2025-12-09 09:44:11,314 DeMo.train INFO: mAP: 18.0%
2025-12-09 09:44:11,314 DeMo.train INFO: CMC curve, Rank-1  :26.7%
2025-12-09 09:44:11,314 DeMo.train INFO: CMC curve, Rank-5  :44.0%
2025-12-09 09:44:11,314 DeMo.train INFO: CMC curve, Rank-10 :55.3%
2025-12-09 09:44:11,314 DeMo.train INFO: ~~~~~~~~~~~~~~~~~~~~~~~~~~~~~~~~~~~~~~~~~~~~~~~~~~
2025-12-09 09:44:12,303 DeMo.train INFO: ~~~~~~~~~~~~~~~~~~~~~~~~~~~~~~~~~~~~~~~~~~~~~~~~~~
2025-12-09 09:44:12,304 DeMo.train INFO: Best mAP: 18.1%
2025-12-09 09:44:12,304 DeMo.train INFO: Best Rank-1: 26.7%
2025-12-09 09:44:12,304 DeMo.train INFO: Best Rank-5: 46.2%
2025-12-09 09:44:12,304 DeMo.train INFO: Best Rank-10: 55.3%
2025-12-09 09:44:12,304 DeMo.train INFO: ~~~~~~~~~~~~~~~~~~~~~~~~~~~~~~~~~~~~~~~~~~~~~~~~~~
2025-12-09 09:44:16,934 DeMo.train INFO: Epoch[32] Iteration[10/16] Loss: 0.851, Acc: 0.933, Base Lr: 1.01e-04
2025-12-09 09:44:18,036 DeMo.train INFO: Epoch 32 done. Time per batch: 0.409[s] Speed: 156.3[samples/s]
2025-12-09 09:44:18,039 DeMo.train INFO: ~~~~~~~~~~~~~~~~~~~~~~~~~~~~~~~~~~~~~~~~~~~~~~~~~~
2025-12-09 09:44:18,039 DeMo.train INFO: Current is the [moe,ori] feature testing!
2025-12-09 09:44:18,040 DeMo.train INFO: ~~~~~~~~~~~~~~~~~~~~~~~~~~~~~~~~~~~~~~~~~~~~~~~~~~
The test feature is normalized
2025-12-09 09:44:36,352 DeMo.train INFO: Validation Results - Epoch: 32
2025-12-09 09:44:36,352 DeMo.train INFO: mAP: 18.2%
2025-12-09 09:44:36,352 DeMo.train INFO: CMC curve, Rank-1  :27.2%
2025-12-09 09:44:36,352 DeMo.train INFO: CMC curve, Rank-5  :48.2%
2025-12-09 09:44:36,352 DeMo.train INFO: CMC curve, Rank-10 :60.7%
2025-12-09 09:44:36,353 DeMo.train INFO: ~~~~~~~~~~~~~~~~~~~~~~~~~~~~~~~~~~~~~~~~~~~~~~~~~~
2025-12-09 09:44:53,366 DeMo.train INFO: ~~~~~~~~~~~~~~~~~~~~~~~~~~~~~~~~~~~~~~~~~~~~~~~~~~
2025-12-09 09:44:53,366 DeMo.train INFO: Best mAP: 18.2%
2025-12-09 09:44:53,367 DeMo.train INFO: Best Rank-1: 27.2%
2025-12-09 09:44:53,367 DeMo.train INFO: Best Rank-5: 48.2%
2025-12-09 09:44:53,367 DeMo.train INFO: Best Rank-10: 60.7%
2025-12-09 09:44:53,367 DeMo.train INFO: ~~~~~~~~~~~~~~~~~~~~~~~~~~~~~~~~~~~~~~~~~~~~~~~~~~
2025-12-09 09:44:57,949 DeMo.train INFO: Epoch[33] Iteration[10/16] Loss: 0.809, Acc: 0.964, Base Lr: 9.10e-05
2025-12-09 09:44:59,053 DeMo.train INFO: Epoch 33 done. Time per batch: 0.406[s] Speed: 157.6[samples/s]
2025-12-09 09:44:59,055 DeMo.train INFO: ~~~~~~~~~~~~~~~~~~~~~~~~~~~~~~~~~~~~~~~~~~~~~~~~~~
2025-12-09 09:44:59,055 DeMo.train INFO: Current is the [moe,ori] feature testing!
2025-12-09 09:44:59,055 DeMo.train INFO: ~~~~~~~~~~~~~~~~~~~~~~~~~~~~~~~~~~~~~~~~~~~~~~~~~~
The test feature is normalized
2025-12-09 09:45:06,462 DeMo.train INFO: Validation Results - Epoch: 33
2025-12-09 09:45:06,462 DeMo.train INFO: mAP: 17.3%
2025-12-09 09:45:06,463 DeMo.train INFO: CMC curve, Rank-1  :25.7%
2025-12-09 09:45:06,463 DeMo.train INFO: CMC curve, Rank-5  :44.5%
2025-12-09 09:45:06,463 DeMo.train INFO: CMC curve, Rank-10 :54.3%
2025-12-09 09:45:06,463 DeMo.train INFO: ~~~~~~~~~~~~~~~~~~~~~~~~~~~~~~~~~~~~~~~~~~~~~~~~~~
2025-12-09 09:45:06,594 DeMo.train INFO: ~~~~~~~~~~~~~~~~~~~~~~~~~~~~~~~~~~~~~~~~~~~~~~~~~~
2025-12-09 09:45:06,595 DeMo.train INFO: Best mAP: 18.2%
2025-12-09 09:45:06,595 DeMo.train INFO: Best Rank-1: 27.2%
2025-12-09 09:45:06,595 DeMo.train INFO: Best Rank-5: 48.2%
2025-12-09 09:45:06,595 DeMo.train INFO: Best Rank-10: 60.7%
2025-12-09 09:45:06,595 DeMo.train INFO: ~~~~~~~~~~~~~~~~~~~~~~~~~~~~~~~~~~~~~~~~~~~~~~~~~~
2025-12-09 09:45:11,410 DeMo.train INFO: Epoch[34] Iteration[10/16] Loss: 0.666, Acc: 0.977, Base Lr: 8.15e-05
2025-12-09 09:45:12,519 DeMo.train INFO: Epoch 34 done. Time per batch: 0.423[s] Speed: 151.2[samples/s]
2025-12-09 09:45:12,520 DeMo.train INFO: ~~~~~~~~~~~~~~~~~~~~~~~~~~~~~~~~~~~~~~~~~~~~~~~~~~
2025-12-09 09:45:12,520 DeMo.train INFO: Current is the [moe,ori] feature testing!
2025-12-09 09:45:12,521 DeMo.train INFO: ~~~~~~~~~~~~~~~~~~~~~~~~~~~~~~~~~~~~~~~~~~~~~~~~~~
The test feature is normalized
2025-12-09 09:45:19,787 DeMo.train INFO: Validation Results - Epoch: 34
2025-12-09 09:45:19,787 DeMo.train INFO: mAP: 19.5%
2025-12-09 09:45:19,787 DeMo.train INFO: CMC curve, Rank-1  :28.1%
2025-12-09 09:45:19,787 DeMo.train INFO: CMC curve, Rank-5  :48.6%
2025-12-09 09:45:19,787 DeMo.train INFO: CMC curve, Rank-10 :58.4%
2025-12-09 09:45:19,787 DeMo.train INFO: ~~~~~~~~~~~~~~~~~~~~~~~~~~~~~~~~~~~~~~~~~~~~~~~~~~
2025-12-09 09:45:37,441 DeMo.train INFO: ~~~~~~~~~~~~~~~~~~~~~~~~~~~~~~~~~~~~~~~~~~~~~~~~~~
2025-12-09 09:45:37,443 DeMo.train INFO: Best mAP: 19.5%
2025-12-09 09:45:37,443 DeMo.train INFO: Best Rank-1: 28.1%
2025-12-09 09:45:37,443 DeMo.train INFO: Best Rank-5: 48.6%
2025-12-09 09:45:37,443 DeMo.train INFO: Best Rank-10: 58.4%
2025-12-09 09:45:37,443 DeMo.train INFO: ~~~~~~~~~~~~~~~~~~~~~~~~~~~~~~~~~~~~~~~~~~~~~~~~~~
2025-12-09 09:45:42,083 DeMo.train INFO: Epoch[35] Iteration[10/16] Loss: 0.586, Acc: 0.984, Base Lr: 7.24e-05
2025-12-09 09:45:43,181 DeMo.train INFO: Epoch 35 done. Time per batch: 0.410[s] Speed: 156.2[samples/s]
2025-12-09 09:45:43,183 DeMo.train INFO: ~~~~~~~~~~~~~~~~~~~~~~~~~~~~~~~~~~~~~~~~~~~~~~~~~~
2025-12-09 09:45:43,183 DeMo.train INFO: Current is the [moe,ori] feature testing!
2025-12-09 09:45:43,183 DeMo.train INFO: ~~~~~~~~~~~~~~~~~~~~~~~~~~~~~~~~~~~~~~~~~~~~~~~~~~
The test feature is normalized
2025-12-09 09:45:50,065 DeMo.train INFO: Validation Results - Epoch: 35
2025-12-09 09:45:50,065 DeMo.train INFO: mAP: 19.6%
2025-12-09 09:45:50,066 DeMo.train INFO: CMC curve, Rank-1  :28.6%
2025-12-09 09:45:50,066 DeMo.train INFO: CMC curve, Rank-5  :48.9%
2025-12-09 09:45:50,066 DeMo.train INFO: CMC curve, Rank-10 :59.6%
2025-12-09 09:45:50,066 DeMo.train INFO: ~~~~~~~~~~~~~~~~~~~~~~~~~~~~~~~~~~~~~~~~~~~~~~~~~~
2025-12-09 09:46:07,416 DeMo.train INFO: ~~~~~~~~~~~~~~~~~~~~~~~~~~~~~~~~~~~~~~~~~~~~~~~~~~
2025-12-09 09:46:07,416 DeMo.train INFO: Best mAP: 19.6%
2025-12-09 09:46:07,416 DeMo.train INFO: Best Rank-1: 28.6%
2025-12-09 09:46:07,416 DeMo.train INFO: Best Rank-5: 48.9%
2025-12-09 09:46:07,416 DeMo.train INFO: Best Rank-10: 59.6%
2025-12-09 09:46:07,416 DeMo.train INFO: ~~~~~~~~~~~~~~~~~~~~~~~~~~~~~~~~~~~~~~~~~~~~~~~~~~
2025-12-09 09:46:18,851 DeMo.train INFO: Epoch[36] Iteration[10/16] Loss: 0.500, Acc: 0.989, Base Lr: 6.37e-05
2025-12-09 09:46:19,963 DeMo.train INFO: Epoch 36 done. Time per batch: 0.896[s] Speed: 71.4[samples/s]
2025-12-09 09:46:19,965 DeMo.train INFO: ~~~~~~~~~~~~~~~~~~~~~~~~~~~~~~~~~~~~~~~~~~~~~~~~~~
2025-12-09 09:46:19,965 DeMo.train INFO: Current is the [moe,ori] feature testing!
2025-12-09 09:46:19,966 DeMo.train INFO: ~~~~~~~~~~~~~~~~~~~~~~~~~~~~~~~~~~~~~~~~~~~~~~~~~~
The test feature is normalized
2025-12-09 09:46:43,024 DeMo.train INFO: Validation Results - Epoch: 36
2025-12-09 09:46:43,024 DeMo.train INFO: mAP: 20.0%
2025-12-09 09:46:43,024 DeMo.train INFO: CMC curve, Rank-1  :29.8%
2025-12-09 09:46:43,025 DeMo.train INFO: CMC curve, Rank-5  :49.7%
2025-12-09 09:46:43,025 DeMo.train INFO: CMC curve, Rank-10 :60.6%
2025-12-09 09:46:43,025 DeMo.train INFO: ~~~~~~~~~~~~~~~~~~~~~~~~~~~~~~~~~~~~~~~~~~~~~~~~~~
2025-12-09 09:47:00,753 DeMo.train INFO: ~~~~~~~~~~~~~~~~~~~~~~~~~~~~~~~~~~~~~~~~~~~~~~~~~~
2025-12-09 09:47:00,753 DeMo.train INFO: Best mAP: 20.0%
2025-12-09 09:47:00,753 DeMo.train INFO: Best Rank-1: 29.8%
2025-12-09 09:47:00,753 DeMo.train INFO: Best Rank-5: 49.7%
2025-12-09 09:47:00,753 DeMo.train INFO: Best Rank-10: 60.6%
2025-12-09 09:47:00,753 DeMo.train INFO: ~~~~~~~~~~~~~~~~~~~~~~~~~~~~~~~~~~~~~~~~~~~~~~~~~~
2025-12-09 09:47:10,008 DeMo.train INFO: Epoch[37] Iteration[10/16] Loss: 0.436, Acc: 0.992, Base Lr: 5.55e-05
2025-12-09 09:47:11,107 DeMo.train INFO: Epoch 37 done. Time per batch: 0.740[s] Speed: 86.5[samples/s]
2025-12-09 09:47:11,110 DeMo.train INFO: ~~~~~~~~~~~~~~~~~~~~~~~~~~~~~~~~~~~~~~~~~~~~~~~~~~
2025-12-09 09:47:11,111 DeMo.train INFO: Current is the [moe,ori] feature testing!
2025-12-09 09:47:11,112 DeMo.train INFO: ~~~~~~~~~~~~~~~~~~~~~~~~~~~~~~~~~~~~~~~~~~~~~~~~~~
The test feature is normalized
2025-12-09 09:47:23,696 DeMo.train INFO: Validation Results - Epoch: 37
2025-12-09 09:47:23,696 DeMo.train INFO: mAP: 19.0%
2025-12-09 09:47:23,696 DeMo.train INFO: CMC curve, Rank-1  :28.3%
2025-12-09 09:47:23,696 DeMo.train INFO: CMC curve, Rank-5  :47.7%
2025-12-09 09:47:23,696 DeMo.train INFO: CMC curve, Rank-10 :59.6%
2025-12-09 09:47:23,697 DeMo.train INFO: ~~~~~~~~~~~~~~~~~~~~~~~~~~~~~~~~~~~~~~~~~~~~~~~~~~
2025-12-09 09:47:24,103 DeMo.train INFO: ~~~~~~~~~~~~~~~~~~~~~~~~~~~~~~~~~~~~~~~~~~~~~~~~~~
2025-12-09 09:47:24,103 DeMo.train INFO: Best mAP: 20.0%
2025-12-09 09:47:24,104 DeMo.train INFO: Best Rank-1: 29.8%
2025-12-09 09:47:24,104 DeMo.train INFO: Best Rank-5: 49.7%
2025-12-09 09:47:24,104 DeMo.train INFO: Best Rank-10: 60.6%
2025-12-09 09:47:24,104 DeMo.train INFO: ~~~~~~~~~~~~~~~~~~~~~~~~~~~~~~~~~~~~~~~~~~~~~~~~~~
2025-12-09 09:47:28,802 DeMo.train INFO: Epoch[38] Iteration[10/16] Loss: 0.505, Acc: 0.992, Base Lr: 4.77e-05
2025-12-09 09:47:29,903 DeMo.train INFO: Epoch 38 done. Time per batch: 0.414[s] Speed: 154.5[samples/s]
2025-12-09 09:47:29,904 DeMo.train INFO: ~~~~~~~~~~~~~~~~~~~~~~~~~~~~~~~~~~~~~~~~~~~~~~~~~~
2025-12-09 09:47:29,904 DeMo.train INFO: Current is the [moe,ori] feature testing!
2025-12-09 09:47:29,904 DeMo.train INFO: ~~~~~~~~~~~~~~~~~~~~~~~~~~~~~~~~~~~~~~~~~~~~~~~~~~
The test feature is normalized
2025-12-09 09:47:36,979 DeMo.train INFO: Validation Results - Epoch: 38
2025-12-09 09:47:36,980 DeMo.train INFO: mAP: 19.5%
2025-12-09 09:47:36,980 DeMo.train INFO: CMC curve, Rank-1  :28.4%
2025-12-09 09:47:36,980 DeMo.train INFO: CMC curve, Rank-5  :50.8%
2025-12-09 09:47:36,980 DeMo.train INFO: CMC curve, Rank-10 :60.7%
2025-12-09 09:47:36,980 DeMo.train INFO: ~~~~~~~~~~~~~~~~~~~~~~~~~~~~~~~~~~~~~~~~~~~~~~~~~~
2025-12-09 09:47:38,045 DeMo.train INFO: ~~~~~~~~~~~~~~~~~~~~~~~~~~~~~~~~~~~~~~~~~~~~~~~~~~
2025-12-09 09:47:38,046 DeMo.train INFO: Best mAP: 20.0%
2025-12-09 09:47:38,046 DeMo.train INFO: Best Rank-1: 29.8%
2025-12-09 09:47:38,046 DeMo.train INFO: Best Rank-5: 49.7%
2025-12-09 09:47:38,046 DeMo.train INFO: Best Rank-10: 60.6%
2025-12-09 09:47:38,046 DeMo.train INFO: ~~~~~~~~~~~~~~~~~~~~~~~~~~~~~~~~~~~~~~~~~~~~~~~~~~
2025-12-09 09:47:42,928 DeMo.train INFO: Epoch[39] Iteration[10/16] Loss: 0.419, Acc: 0.994, Base Lr: 4.05e-05
2025-12-09 09:47:44,034 DeMo.train INFO: Epoch 39 done. Time per batch: 0.428[s] Speed: 149.6[samples/s]
2025-12-09 09:47:44,035 DeMo.train INFO: ~~~~~~~~~~~~~~~~~~~~~~~~~~~~~~~~~~~~~~~~~~~~~~~~~~
2025-12-09 09:47:44,035 DeMo.train INFO: Current is the [moe,ori] feature testing!
2025-12-09 09:47:44,035 DeMo.train INFO: ~~~~~~~~~~~~~~~~~~~~~~~~~~~~~~~~~~~~~~~~~~~~~~~~~~
The test feature is normalized
2025-12-09 09:47:51,144 DeMo.train INFO: Validation Results - Epoch: 39
2025-12-09 09:47:51,144 DeMo.train INFO: mAP: 19.9%
2025-12-09 09:47:51,144 DeMo.train INFO: CMC curve, Rank-1  :29.4%
2025-12-09 09:47:51,144 DeMo.train INFO: CMC curve, Rank-5  :50.6%
2025-12-09 09:47:51,144 DeMo.train INFO: CMC curve, Rank-10 :57.5%
2025-12-09 09:47:51,145 DeMo.train INFO: ~~~~~~~~~~~~~~~~~~~~~~~~~~~~~~~~~~~~~~~~~~~~~~~~~~
2025-12-09 09:47:52,480 DeMo.train INFO: ~~~~~~~~~~~~~~~~~~~~~~~~~~~~~~~~~~~~~~~~~~~~~~~~~~
2025-12-09 09:47:52,480 DeMo.train INFO: Best mAP: 20.0%
2025-12-09 09:47:52,480 DeMo.train INFO: Best Rank-1: 29.8%
2025-12-09 09:47:52,480 DeMo.train INFO: Best Rank-5: 49.7%
2025-12-09 09:47:52,480 DeMo.train INFO: Best Rank-10: 60.6%
2025-12-09 09:47:52,480 DeMo.train INFO: ~~~~~~~~~~~~~~~~~~~~~~~~~~~~~~~~~~~~~~~~~~~~~~~~~~
2025-12-09 09:47:57,131 DeMo.train INFO: Epoch[40] Iteration[10/16] Loss: 0.430, Acc: 0.995, Base Lr: 3.37e-05
2025-12-09 09:47:58,235 DeMo.train INFO: Epoch 40 done. Time per batch: 0.411[s] Speed: 155.7[samples/s]
2025-12-09 09:47:58,238 DeMo.train INFO: ~~~~~~~~~~~~~~~~~~~~~~~~~~~~~~~~~~~~~~~~~~~~~~~~~~
2025-12-09 09:47:58,238 DeMo.train INFO: Current is the [moe,ori] feature testing!
2025-12-09 09:47:58,239 DeMo.train INFO: ~~~~~~~~~~~~~~~~~~~~~~~~~~~~~~~~~~~~~~~~~~~~~~~~~~
The test feature is normalized
2025-12-09 09:48:14,810 DeMo.train INFO: Validation Results - Epoch: 40
2025-12-09 09:48:14,810 DeMo.train INFO: mAP: 20.5%
2025-12-09 09:48:14,810 DeMo.train INFO: CMC curve, Rank-1  :30.1%
2025-12-09 09:48:14,810 DeMo.train INFO: CMC curve, Rank-5  :50.8%
2025-12-09 09:48:14,810 DeMo.train INFO: CMC curve, Rank-10 :61.4%
2025-12-09 09:48:14,810 DeMo.train INFO: ~~~~~~~~~~~~~~~~~~~~~~~~~~~~~~~~~~~~~~~~~~~~~~~~~~
2025-12-09 09:48:32,962 DeMo.train INFO: ~~~~~~~~~~~~~~~~~~~~~~~~~~~~~~~~~~~~~~~~~~~~~~~~~~
2025-12-09 09:48:32,963 DeMo.train INFO: Best mAP: 20.5%
2025-12-09 09:48:32,963 DeMo.train INFO: Best Rank-1: 30.1%
2025-12-09 09:48:32,963 DeMo.train INFO: Best Rank-5: 50.8%
2025-12-09 09:48:32,963 DeMo.train INFO: Best Rank-10: 61.4%
2025-12-09 09:48:32,963 DeMo.train INFO: ~~~~~~~~~~~~~~~~~~~~~~~~~~~~~~~~~~~~~~~~~~~~~~~~~~
2025-12-09 09:48:37,406 DeMo.train INFO: Epoch[41] Iteration[10/16] Loss: 0.439, Acc: 0.998, Base Lr: 2.76e-05
2025-12-09 09:48:38,505 DeMo.train INFO: Epoch 41 done. Time per batch: 0.396[s] Speed: 161.7[samples/s]
2025-12-09 09:48:38,507 DeMo.train INFO: ~~~~~~~~~~~~~~~~~~~~~~~~~~~~~~~~~~~~~~~~~~~~~~~~~~
2025-12-09 09:48:38,507 DeMo.train INFO: Current is the [moe,ori] feature testing!
2025-12-09 09:48:38,508 DeMo.train INFO: ~~~~~~~~~~~~~~~~~~~~~~~~~~~~~~~~~~~~~~~~~~~~~~~~~~
The test feature is normalized
2025-12-09 09:48:55,786 DeMo.train INFO: Validation Results - Epoch: 41
2025-12-09 09:48:55,786 DeMo.train INFO: mAP: 20.2%
2025-12-09 09:48:55,786 DeMo.train INFO: CMC curve, Rank-1  :28.4%
2025-12-09 09:48:55,786 DeMo.train INFO: CMC curve, Rank-5  :48.6%
2025-12-09 09:48:55,786 DeMo.train INFO: CMC curve, Rank-10 :58.4%
2025-12-09 09:48:55,786 DeMo.train INFO: ~~~~~~~~~~~~~~~~~~~~~~~~~~~~~~~~~~~~~~~~~~~~~~~~~~
2025-12-09 09:48:55,892 DeMo.train INFO: ~~~~~~~~~~~~~~~~~~~~~~~~~~~~~~~~~~~~~~~~~~~~~~~~~~
2025-12-09 09:48:55,892 DeMo.train INFO: Best mAP: 20.5%
2025-12-09 09:48:55,893 DeMo.train INFO: Best Rank-1: 30.1%
2025-12-09 09:48:55,893 DeMo.train INFO: Best Rank-5: 50.8%
2025-12-09 09:48:55,893 DeMo.train INFO: Best Rank-10: 61.4%
2025-12-09 09:48:55,893 DeMo.train INFO: ~~~~~~~~~~~~~~~~~~~~~~~~~~~~~~~~~~~~~~~~~~~~~~~~~~
2025-12-09 09:49:00,623 DeMo.train INFO: Epoch[42] Iteration[10/16] Loss: 0.424, Acc: 0.997, Base Lr: 2.20e-05
2025-12-09 09:49:01,741 DeMo.train INFO: Epoch 42 done. Time per batch: 0.418[s] Speed: 153.2[samples/s]
2025-12-09 09:49:01,742 DeMo.train INFO: ~~~~~~~~~~~~~~~~~~~~~~~~~~~~~~~~~~~~~~~~~~~~~~~~~~
2025-12-09 09:49:01,742 DeMo.train INFO: Current is the [moe,ori] feature testing!
2025-12-09 09:49:01,743 DeMo.train INFO: ~~~~~~~~~~~~~~~~~~~~~~~~~~~~~~~~~~~~~~~~~~~~~~~~~~
The test feature is normalized
2025-12-09 09:49:24,347 DeMo.train INFO: Validation Results - Epoch: 42
2025-12-09 09:49:24,347 DeMo.train INFO: mAP: 20.3%
2025-12-09 09:49:24,347 DeMo.train INFO: CMC curve, Rank-1  :28.4%
2025-12-09 09:49:24,347 DeMo.train INFO: CMC curve, Rank-5  :49.1%
2025-12-09 09:49:24,347 DeMo.train INFO: CMC curve, Rank-10 :57.9%
2025-12-09 09:49:24,347 DeMo.train INFO: ~~~~~~~~~~~~~~~~~~~~~~~~~~~~~~~~~~~~~~~~~~~~~~~~~~
2025-12-09 09:49:24,397 DeMo.train INFO: ~~~~~~~~~~~~~~~~~~~~~~~~~~~~~~~~~~~~~~~~~~~~~~~~~~
2025-12-09 09:49:24,397 DeMo.train INFO: Best mAP: 20.5%
2025-12-09 09:49:24,397 DeMo.train INFO: Best Rank-1: 30.1%
2025-12-09 09:49:24,398 DeMo.train INFO: Best Rank-5: 50.8%
2025-12-09 09:49:24,398 DeMo.train INFO: Best Rank-10: 61.4%
2025-12-09 09:49:24,398 DeMo.train INFO: ~~~~~~~~~~~~~~~~~~~~~~~~~~~~~~~~~~~~~~~~~~~~~~~~~~
2025-12-09 09:49:28,952 DeMo.train INFO: Epoch[43] Iteration[10/16] Loss: 0.351, Acc: 0.997, Base Lr: 1.70e-05
2025-12-09 09:49:30,058 DeMo.train INFO: Epoch 43 done. Time per batch: 0.404[s] Speed: 158.3[samples/s]
2025-12-09 09:49:30,059 DeMo.train INFO: ~~~~~~~~~~~~~~~~~~~~~~~~~~~~~~~~~~~~~~~~~~~~~~~~~~
2025-12-09 09:49:30,059 DeMo.train INFO: Current is the [moe,ori] feature testing!
2025-12-09 09:49:30,060 DeMo.train INFO: ~~~~~~~~~~~~~~~~~~~~~~~~~~~~~~~~~~~~~~~~~~~~~~~~~~
The test feature is normalized
2025-12-09 09:49:37,295 DeMo.train INFO: Validation Results - Epoch: 43
2025-12-09 09:49:37,296 DeMo.train INFO: mAP: 20.6%
2025-12-09 09:49:37,296 DeMo.train INFO: CMC curve, Rank-1  :28.3%
2025-12-09 09:49:37,296 DeMo.train INFO: CMC curve, Rank-5  :48.7%
2025-12-09 09:49:37,296 DeMo.train INFO: CMC curve, Rank-10 :58.0%
2025-12-09 09:49:37,297 DeMo.train INFO: ~~~~~~~~~~~~~~~~~~~~~~~~~~~~~~~~~~~~~~~~~~~~~~~~~~
2025-12-09 09:49:54,749 DeMo.train INFO: ~~~~~~~~~~~~~~~~~~~~~~~~~~~~~~~~~~~~~~~~~~~~~~~~~~
2025-12-09 09:49:54,750 DeMo.train INFO: Best mAP: 20.6%
2025-12-09 09:49:54,751 DeMo.train INFO: Best Rank-1: 28.3%
2025-12-09 09:49:54,751 DeMo.train INFO: Best Rank-5: 48.7%
2025-12-09 09:49:54,751 DeMo.train INFO: Best Rank-10: 58.0%
2025-12-09 09:49:54,751 DeMo.train INFO: ~~~~~~~~~~~~~~~~~~~~~~~~~~~~~~~~~~~~~~~~~~~~~~~~~~
2025-12-09 09:49:59,135 DeMo.train INFO: Epoch[44] Iteration[10/16] Loss: 0.365, Acc: 0.997, Base Lr: 1.26e-05
2025-12-09 09:50:00,245 DeMo.train INFO: Epoch 44 done. Time per batch: 0.392[s] Speed: 163.1[samples/s]
2025-12-09 09:50:00,246 DeMo.train INFO: ~~~~~~~~~~~~~~~~~~~~~~~~~~~~~~~~~~~~~~~~~~~~~~~~~~
2025-12-09 09:50:00,247 DeMo.train INFO: Current is the [moe,ori] feature testing!
2025-12-09 09:50:00,247 DeMo.train INFO: ~~~~~~~~~~~~~~~~~~~~~~~~~~~~~~~~~~~~~~~~~~~~~~~~~~
The test feature is normalized
2025-12-09 09:50:07,278 DeMo.train INFO: Validation Results - Epoch: 44
2025-12-09 09:50:07,278 DeMo.train INFO: mAP: 21.0%
2025-12-09 09:50:07,278 DeMo.train INFO: CMC curve, Rank-1  :28.8%
2025-12-09 09:50:07,278 DeMo.train INFO: CMC curve, Rank-5  :49.1%
2025-12-09 09:50:07,278 DeMo.train INFO: CMC curve, Rank-10 :60.4%
2025-12-09 09:50:07,278 DeMo.train INFO: ~~~~~~~~~~~~~~~~~~~~~~~~~~~~~~~~~~~~~~~~~~~~~~~~~~
2025-12-09 09:50:25,060 DeMo.train INFO: ~~~~~~~~~~~~~~~~~~~~~~~~~~~~~~~~~~~~~~~~~~~~~~~~~~
2025-12-09 09:50:25,060 DeMo.train INFO: Best mAP: 21.0%
2025-12-09 09:50:25,060 DeMo.train INFO: Best Rank-1: 28.8%
2025-12-09 09:50:25,060 DeMo.train INFO: Best Rank-5: 49.1%
2025-12-09 09:50:25,061 DeMo.train INFO: Best Rank-10: 60.4%
2025-12-09 09:50:25,061 DeMo.train INFO: ~~~~~~~~~~~~~~~~~~~~~~~~~~~~~~~~~~~~~~~~~~~~~~~~~~
2025-12-09 09:50:29,563 DeMo.train INFO: Epoch[45] Iteration[10/16] Loss: 0.319, Acc: 0.997, Base Lr: 8.91e-06
2025-12-09 09:50:30,669 DeMo.train INFO: Epoch 45 done. Time per batch: 0.401[s] Speed: 159.8[samples/s]
2025-12-09 09:50:30,670 DeMo.train INFO: ~~~~~~~~~~~~~~~~~~~~~~~~~~~~~~~~~~~~~~~~~~~~~~~~~~
2025-12-09 09:50:30,670 DeMo.train INFO: Current is the [moe,ori] feature testing!
2025-12-09 09:50:30,670 DeMo.train INFO: ~~~~~~~~~~~~~~~~~~~~~~~~~~~~~~~~~~~~~~~~~~~~~~~~~~
The test feature is normalized
2025-12-09 09:50:37,801 DeMo.train INFO: Validation Results - Epoch: 45
2025-12-09 09:50:37,801 DeMo.train INFO: mAP: 21.2%
2025-12-09 09:50:37,801 DeMo.train INFO: CMC curve, Rank-1  :29.4%
2025-12-09 09:50:37,801 DeMo.train INFO: CMC curve, Rank-5  :49.7%
2025-12-09 09:50:37,801 DeMo.train INFO: CMC curve, Rank-10 :59.4%
2025-12-09 09:50:37,802 DeMo.train INFO: ~~~~~~~~~~~~~~~~~~~~~~~~~~~~~~~~~~~~~~~~~~~~~~~~~~
2025-12-09 09:50:55,624 DeMo.train INFO: ~~~~~~~~~~~~~~~~~~~~~~~~~~~~~~~~~~~~~~~~~~~~~~~~~~
2025-12-09 09:50:55,625 DeMo.train INFO: Best mAP: 21.2%
2025-12-09 09:50:55,625 DeMo.train INFO: Best Rank-1: 29.4%
2025-12-09 09:50:55,625 DeMo.train INFO: Best Rank-5: 49.7%
2025-12-09 09:50:55,625 DeMo.train INFO: Best Rank-10: 59.4%
2025-12-09 09:50:55,626 DeMo.train INFO: ~~~~~~~~~~~~~~~~~~~~~~~~~~~~~~~~~~~~~~~~~~~~~~~~~~
2025-12-09 09:51:00,164 DeMo.train INFO: Epoch[46] Iteration[10/16] Loss: 0.336, Acc: 1.000, Base Lr: 5.84e-06
2025-12-09 09:51:01,523 DeMo.train INFO: Epoch 46 done. Time per batch: 0.393[s] Speed: 162.8[samples/s]
2025-12-09 09:51:01,524 DeMo.train INFO: ~~~~~~~~~~~~~~~~~~~~~~~~~~~~~~~~~~~~~~~~~~~~~~~~~~
2025-12-09 09:51:01,524 DeMo.train INFO: Current is the [moe,ori] feature testing!
2025-12-09 09:51:01,524 DeMo.train INFO: ~~~~~~~~~~~~~~~~~~~~~~~~~~~~~~~~~~~~~~~~~~~~~~~~~~
The test feature is normalized
2025-12-09 09:51:08,791 DeMo.train INFO: Validation Results - Epoch: 46
2025-12-09 09:51:08,792 DeMo.train INFO: mAP: 21.4%
2025-12-09 09:51:08,792 DeMo.train INFO: CMC curve, Rank-1  :29.4%
2025-12-09 09:51:08,792 DeMo.train INFO: CMC curve, Rank-5  :50.1%
2025-12-09 09:51:08,792 DeMo.train INFO: CMC curve, Rank-10 :60.4%
2025-12-09 09:51:08,792 DeMo.train INFO: ~~~~~~~~~~~~~~~~~~~~~~~~~~~~~~~~~~~~~~~~~~~~~~~~~~
2025-12-09 09:51:25,603 DeMo.train INFO: ~~~~~~~~~~~~~~~~~~~~~~~~~~~~~~~~~~~~~~~~~~~~~~~~~~
2025-12-09 09:51:25,603 DeMo.train INFO: Best mAP: 21.4%
2025-12-09 09:51:25,604 DeMo.train INFO: Best Rank-1: 29.4%
2025-12-09 09:51:25,604 DeMo.train INFO: Best Rank-5: 50.1%
2025-12-09 09:51:25,604 DeMo.train INFO: Best Rank-10: 60.4%
2025-12-09 09:51:25,604 DeMo.train INFO: ~~~~~~~~~~~~~~~~~~~~~~~~~~~~~~~~~~~~~~~~~~~~~~~~~~
2025-12-09 09:51:30,366 DeMo.train INFO: Epoch[47] Iteration[10/16] Loss: 0.304, Acc: 0.995, Base Lr: 3.45e-06
2025-12-09 09:51:31,499 DeMo.train INFO: Epoch 47 done. Time per batch: 0.421[s] Speed: 152.0[samples/s]
2025-12-09 09:51:31,500 DeMo.train INFO: ~~~~~~~~~~~~~~~~~~~~~~~~~~~~~~~~~~~~~~~~~~~~~~~~~~
2025-12-09 09:51:31,500 DeMo.train INFO: Current is the [moe,ori] feature testing!
2025-12-09 09:51:31,500 DeMo.train INFO: ~~~~~~~~~~~~~~~~~~~~~~~~~~~~~~~~~~~~~~~~~~~~~~~~~~
The test feature is normalized
2025-12-09 09:51:38,714 DeMo.train INFO: Validation Results - Epoch: 47
2025-12-09 09:51:38,714 DeMo.train INFO: mAP: 21.4%
2025-12-09 09:51:38,714 DeMo.train INFO: CMC curve, Rank-1  :29.3%
2025-12-09 09:51:38,714 DeMo.train INFO: CMC curve, Rank-5  :50.1%
2025-12-09 09:51:38,714 DeMo.train INFO: CMC curve, Rank-10 :60.6%
2025-12-09 09:51:38,714 DeMo.train INFO: ~~~~~~~~~~~~~~~~~~~~~~~~~~~~~~~~~~~~~~~~~~~~~~~~~~
2025-12-09 09:51:55,831 DeMo.train INFO: ~~~~~~~~~~~~~~~~~~~~~~~~~~~~~~~~~~~~~~~~~~~~~~~~~~
2025-12-09 09:51:55,832 DeMo.train INFO: Best mAP: 21.4%
2025-12-09 09:51:55,832 DeMo.train INFO: Best Rank-1: 29.3%
2025-12-09 09:51:55,832 DeMo.train INFO: Best Rank-5: 50.1%
2025-12-09 09:51:55,832 DeMo.train INFO: Best Rank-10: 60.6%
2025-12-09 09:51:55,832 DeMo.train INFO: ~~~~~~~~~~~~~~~~~~~~~~~~~~~~~~~~~~~~~~~~~~~~~~~~~~
2025-12-09 09:52:00,781 DeMo.train INFO: Epoch[48] Iteration[10/16] Loss: 0.298, Acc: 1.000, Base Lr: 1.73e-06
2025-12-09 09:52:01,873 DeMo.train INFO: Epoch 48 done. Time per batch: 0.431[s] Speed: 148.3[samples/s]
2025-12-09 09:52:01,874 DeMo.train INFO: ~~~~~~~~~~~~~~~~~~~~~~~~~~~~~~~~~~~~~~~~~~~~~~~~~~
2025-12-09 09:52:01,874 DeMo.train INFO: Current is the [moe,ori] feature testing!
2025-12-09 09:52:01,874 DeMo.train INFO: ~~~~~~~~~~~~~~~~~~~~~~~~~~~~~~~~~~~~~~~~~~~~~~~~~~
The test feature is normalized
2025-12-09 09:52:09,137 DeMo.train INFO: Validation Results - Epoch: 48
2025-12-09 09:52:09,137 DeMo.train INFO: mAP: 21.5%
2025-12-09 09:52:09,137 DeMo.train INFO: CMC curve, Rank-1  :29.6%
2025-12-09 09:52:09,138 DeMo.train INFO: CMC curve, Rank-5  :50.6%
2025-12-09 09:52:09,138 DeMo.train INFO: CMC curve, Rank-10 :60.7%
2025-12-09 09:52:09,138 DeMo.train INFO: ~~~~~~~~~~~~~~~~~~~~~~~~~~~~~~~~~~~~~~~~~~~~~~~~~~
2025-12-09 09:52:27,331 DeMo.train INFO: ~~~~~~~~~~~~~~~~~~~~~~~~~~~~~~~~~~~~~~~~~~~~~~~~~~
2025-12-09 09:52:27,331 DeMo.train INFO: Best mAP: 21.5%
2025-12-09 09:52:27,331 DeMo.train INFO: Best Rank-1: 29.6%
2025-12-09 09:52:27,331 DeMo.train INFO: Best Rank-5: 50.6%
2025-12-09 09:52:27,331 DeMo.train INFO: Best Rank-10: 60.7%
2025-12-09 09:52:27,331 DeMo.train INFO: ~~~~~~~~~~~~~~~~~~~~~~~~~~~~~~~~~~~~~~~~~~~~~~~~~~
2025-12-09 09:52:31,894 DeMo.train INFO: Epoch[49] Iteration[10/16] Loss: 0.315, Acc: 0.998, Base Lr: 6.95e-07
2025-12-09 09:52:32,983 DeMo.train INFO: Epoch 49 done. Time per batch: 0.404[s] Speed: 158.6[samples/s]
2025-12-09 09:52:32,984 DeMo.train INFO: ~~~~~~~~~~~~~~~~~~~~~~~~~~~~~~~~~~~~~~~~~~~~~~~~~~
2025-12-09 09:52:32,984 DeMo.train INFO: Current is the [moe,ori] feature testing!
2025-12-09 09:52:32,984 DeMo.train INFO: ~~~~~~~~~~~~~~~~~~~~~~~~~~~~~~~~~~~~~~~~~~~~~~~~~~
The test feature is normalized
2025-12-09 09:52:39,871 DeMo.train INFO: Validation Results - Epoch: 49
2025-12-09 09:52:39,871 DeMo.train INFO: mAP: 21.4%
2025-12-09 09:52:39,871 DeMo.train INFO: CMC curve, Rank-1  :29.3%
2025-12-09 09:52:39,871 DeMo.train INFO: CMC curve, Rank-5  :50.6%
2025-12-09 09:52:39,871 DeMo.train INFO: CMC curve, Rank-10 :60.7%
2025-12-09 09:52:39,871 DeMo.train INFO: ~~~~~~~~~~~~~~~~~~~~~~~~~~~~~~~~~~~~~~~~~~~~~~~~~~
2025-12-09 09:52:41,175 DeMo.train INFO: ~~~~~~~~~~~~~~~~~~~~~~~~~~~~~~~~~~~~~~~~~~~~~~~~~~
2025-12-09 09:52:41,175 DeMo.train INFO: Best mAP: 21.5%
2025-12-09 09:52:41,175 DeMo.train INFO: Best Rank-1: 29.6%
2025-12-09 09:52:41,175 DeMo.train INFO: Best Rank-5: 50.6%
2025-12-09 09:52:41,176 DeMo.train INFO: Best Rank-10: 60.7%
2025-12-09 09:52:41,176 DeMo.train INFO: ~~~~~~~~~~~~~~~~~~~~~~~~~~~~~~~~~~~~~~~~~~~~~~~~~~
2025-12-09 09:52:46,173 DeMo.train INFO: Epoch[50] Iteration[10/16] Loss: 0.304, Acc: 1.000, Base Lr: 3.50e-07
2025-12-09 09:52:47,327 DeMo.train INFO: Epoch 50 done. Time per batch: 0.439[s] Speed: 145.7[samples/s]
2025-12-09 09:52:47,328 DeMo.train INFO: ~~~~~~~~~~~~~~~~~~~~~~~~~~~~~~~~~~~~~~~~~~~~~~~~~~
2025-12-09 09:52:47,329 DeMo.train INFO: Current is the [moe,ori] feature testing!
2025-12-09 09:52:47,329 DeMo.train INFO: ~~~~~~~~~~~~~~~~~~~~~~~~~~~~~~~~~~~~~~~~~~~~~~~~~~
The test feature is normalized
2025-12-09 09:52:54,566 DeMo.train INFO: Validation Results - Epoch: 50
2025-12-09 09:52:54,566 DeMo.train INFO: mAP: 21.4%
2025-12-09 09:52:54,566 DeMo.train INFO: CMC curve, Rank-1  :29.3%
2025-12-09 09:52:54,566 DeMo.train INFO: CMC curve, Rank-5  :50.3%
2025-12-09 09:52:54,566 DeMo.train INFO: CMC curve, Rank-10 :60.7%
2025-12-09 09:52:54,566 DeMo.train INFO: ~~~~~~~~~~~~~~~~~~~~~~~~~~~~~~~~~~~~~~~~~~~~~~~~~~
2025-12-09 09:52:55,508 DeMo.train INFO: ~~~~~~~~~~~~~~~~~~~~~~~~~~~~~~~~~~~~~~~~~~~~~~~~~~
2025-12-09 09:52:55,508 DeMo.train INFO: Best mAP: 21.5%
2025-12-09 09:52:55,508 DeMo.train INFO: Best Rank-1: 29.6%
2025-12-09 09:52:55,508 DeMo.train INFO: Best Rank-5: 50.6%
2025-12-09 09:52:55,509 DeMo.train INFO: Best Rank-10: 60.7%
2025-12-09 09:52:55,509 DeMo.train INFO: ~~~~~~~~~~~~~~~~~~~~~~~~~~~~~~~~~~~~~~~~~~~~~~~~~~
