2025-12-09 08:32:50,662 DeMo INFO: Saving model in the path :..
2025-12-09 08:32:50,662 DeMo INFO: Namespace(config_file='configs/RGBNT100/DeMo_SDTPS_DGAF_ablation.yml', exp_name=None, fea_cft=0, local_rank=0, opts=['MODEL.USE_SDTPS', 'False', 'MODEL.USE_DGAF', 'False', 'MODEL.GLOBAL_LOCAL', 'False'])
2025-12-09 08:32:50,663 DeMo INFO: Loaded configuration file configs/RGBNT100/DeMo_SDTPS_DGAF_ablation.yml
2025-12-09 08:32:50,671 DeMo INFO: 
MODEL:
  TRANSFORMER_TYPE: 'ViT-B-16'
  STRIDE_SIZE: [ 16, 16 ]
  SIE_CAMERA: True
  DIRECT: 1
  SIE_COE: 1.0
  ID_LOSS_WEIGHT: 0.25
  TRIPLET_LOSS_WEIGHT: 1.0
  GLOBAL_LOCAL: False  # DGAF V3 直接用 tokens，不需要 GLOBAL_LOCAL
  # Disable HDM and ATM
  HDM: False
  ATM: False
  # SACR disabled for ablation
  USE_SACR: False
  USE_MULTIMODAL_SACR: False
  # LIF disabled
  USE_LIF: False
  # SDTPS configuration
  USE_SDTPS: True
  SDTPS_SPARSE_RATIO: 0.7  # token 保留比例（70%）
  SDTPS_USE_GUMBEL: False  # 禁用 Gumbel（训练稳定性）
  SDTPS_GUMBEL_TAU: 5.0
  SDTPS_CROSS_ATTN_TYPE: 'attention'  # 使用 Cross-Attention
  SDTPS_CROSS_ATTN_HEADS: 4  # Cross-Attention 头数
  # 已废弃参数（保留兼容性）
  SDTPS_BETA: 0.25         # 已不使用
  SDTPS_AGGR_RATIO: 0.5    # 已不使用
  SDTPS_LOSS_WEIGHT: 2.0
  # DGAF: Dual-Gated Adaptive Fusion
  USE_DGAF: True
  DGAF_VERSION: 'v3'  # V3 接受 (B,N,C) tokens
  DGAF_TAU: 1.0
  DGAF_INIT_ALPHA: 0.5
  DGAF_NUM_HEADS: 8
  HEAD: 4

INPUT:
  SIZE_TRAIN: [ 128, 256 ]
  SIZE_TEST: [ 128, 256 ]
  PROB: 0.5
  RE_PROB: 0.5
  PADDING: 10

DATALOADER:
  SAMPLER: 'softmax_triplet'
  NUM_INSTANCE: 16
  NUM_WORKERS: 14

DATASETS:
  NAMES: ('RGBNT100')
  ROOT_DIR: '..'

SOLVER:
  BASE_LR: 0.00035
  MAX_EPOCHS: 30
  STEPS: [20, 25]
  GAMMA: 0.1
  WARMUP_ITERS: 5
  WARMUP_FACTOR: 0.01
  WARMUP_METHOD: 'linear'
  OPTIMIZER_NAME: 'Adam'
  IMS_PER_BATCH: 128
  EVAL_PERIOD: 1
  CHECKPOINT_PERIOD: 10

TEST:
  IMS_PER_BATCH: 128
  RE_RANKING: 'no'
  WEIGHT: ''
  NECK_FEAT: 'before'
  FEAT_NORM: 'yes'
  MISS: "nothing"

OUTPUT_DIR: '..'

# ============================================================================
# RGBNT100 SDTPS + DGAF Ablation Config
# ============================================================================
# - Based on original DeMo.yml for RGBNT100
# - SACR: disabled
# - HDM/ATM: disabled, DIRECT: 1
# - SDTPS: configurable via command line
# - DGAF V3: configurable via command line
# - Training: lr=0.00035, epochs=30, warmup=5 (same as original)
# ============================================================================

2025-12-09 08:32:50,672 DeMo INFO: Running with config:
DATALOADER:
  NUM_INSTANCE: 16
  NUM_WORKERS: 14
  SAMPLER: softmax_triplet
DATASETS:
  NAMES: RGBNT100
  ROOT_DIR: ..
INPUT:
  PADDING: 10
  PIXEL_MEAN: [0.5, 0.5, 0.5]
  PIXEL_STD: [0.5, 0.5, 0.5]
  PROB: 0.5
  RE_PROB: 0.5
  SIZE_TEST: [128, 256]
  SIZE_TRAIN: [128, 256]
MODEL:
  ADAPTER: False
  ATM: False
  ATT_DROP_RATE: 0.0
  DEVICE: cuda
  DEVICE_ID: 0
  DGAF_INIT_ALPHA: 0.5
  DGAF_NUM_HEADS: 8
  DGAF_TAU: 1.0
  DGAF_VERSION: v3
  DIRECT: 1
  DIST_TRAIN: False
  DROP_OUT: 0.0
  DROP_PATH: 0.1
  FROZEN: False
  GLOBAL_LOCAL: False
  HDM: False
  HEAD: 4
  ID_LOSS_TYPE: softmax
  ID_LOSS_WEIGHT: 0.25
  IF_LABELSMOOTH: on
  IF_WITH_CENTER: no
  LIF_BETA: 0.4
  LIF_LAYER: 3
  LIF_LOSS_WEIGHT: 0.1
  METRIC_LOSS_TYPE: triplet
  MULTIMODAL_SACR_VERSION: v1
  NAME: DeMo
  NECK: bnneck
  NO_MARGIN: True
  PRETRAIN_PATH_T: /path/to/your/vitb_16_224_21k.pth
  PROMPT: False
  SACR_DILATION_RATES: [2, 3, 4]
  SDTPS_AGGR_RATIO: 0.5
  SDTPS_BETA: 0.25
  SDTPS_CROSS_ATTN_HEADS: 4
  SDTPS_CROSS_ATTN_TYPE: attention
  SDTPS_GUMBEL_TAU: 5.0
  SDTPS_LOSS_WEIGHT: 2.0
  SDTPS_SPARSE_RATIO: 0.7
  SDTPS_USE_GUMBEL: False
  SIE_CAMERA: True
  SIE_COE: 1.0
  SIE_VIEW: False
  STRIDE_SIZE: [16, 16]
  TRANSFORMER_TYPE: ViT-B-16
  TRIPLET_LOSS_WEIGHT: 1.0
  USE_DGAF: False
  USE_LIF: False
  USE_MULTIMODAL_SACR: False
  USE_SACR: False
  USE_SDTPS: False
OUTPUT_DIR: ..
SOLVER:
  BASE_LR: 0.00035
  CENTER_LOSS_WEIGHT: 0.0005
  CENTER_LR: 0.5
  CHECKPOINT_PERIOD: 10
  CLUSTER_MARGIN: 0.3
  COSINE_MARGIN: 0.5
  COSINE_SCALE: 30
  EVAL_PERIOD: 1
  GAMMA: 0.1
  IMS_PER_BATCH: 128
  LARGE_FC_LR: False
  LOG_PERIOD: 10
  LR_SCHEDULER: cosine
  MARGIN: 0.3
  MAX_EPOCHS: 30
  MOMENTUM: 0.9
  OPTIMIZER_NAME: Adam
  RANGE_ALPHA: 0
  RANGE_BETA: 1
  RANGE_K: 2
  RANGE_LOSS_WEIGHT: 1
  RANGE_MARGIN: 0.3
  SEED: 1234
  STEPS: (20, 25)
  WARMUP_FACTOR: 0.01
  WARMUP_ITERS: 5
  WARMUP_METHOD: linear
  WEIGHT_DECAY: 0.0001
  WEIGHT_DECAY_BIAS: 0.0001
TEST:
  FEAT: 0
  FEAT_NORM: yes
  IMS_PER_BATCH: 128
  MISS: nothing
  NECK_FEAT: before
  RE_RANKING: no
  WEIGHT: 
=> RGB_IR loaded
Dataset statistics:
  ----------------------------------------
  subset   | # ids | # images | # cameras
  ----------------------------------------
  train    |    50 |     8675 |         8
  query    |    50 |     1715 |         8
  gallery  |    50 |     8575 |         8
  ----------------------------------------
data is ready
using Transformer_type: ViT-B-16 as a backbone
Resized position embedding: %s to %s torch.Size([197, 768]) torch.Size([129, 768])
Position embedding resize to height:8 width: 16
Successfully load ckpt!
<All keys matched successfully>
Loading pretrained model from CLIP
camera number is : 8
===========Building DeMo===========
2025-12-09 08:33:02,409 DeMo INFO: DeMo(
  (BACKBONE): build_transformer(
    (base): VisionTransformer(
      (conv1): Conv2d(3, 768, kernel_size=(16, 16), stride=(16, 16), bias=False)
      (ln_pre): LayerNorm((768,), eps=1e-05, elementwise_affine=True)
      (transformer): Transformer(
        (resblocks): Sequential(
          (0): ResidualAttentionBlock(
            (attn): MultiheadAttention(
              (out_proj): NonDynamicallyQuantizableLinear(in_features=768, out_features=768, bias=True)
            )
            (ln_1): LayerNorm((768,), eps=1e-05, elementwise_affine=True)
            (mlp): Sequential(
              (c_fc): Linear(in_features=768, out_features=3072, bias=True)
              (gelu): QuickGELU()
              (c_proj): Linear(in_features=3072, out_features=768, bias=True)
            )
            (ln_2): LayerNorm((768,), eps=1e-05, elementwise_affine=True)
          )
          (1): ResidualAttentionBlock(
            (attn): MultiheadAttention(
              (out_proj): NonDynamicallyQuantizableLinear(in_features=768, out_features=768, bias=True)
            )
            (ln_1): LayerNorm((768,), eps=1e-05, elementwise_affine=True)
            (mlp): Sequential(
              (c_fc): Linear(in_features=768, out_features=3072, bias=True)
              (gelu): QuickGELU()
              (c_proj): Linear(in_features=3072, out_features=768, bias=True)
            )
            (ln_2): LayerNorm((768,), eps=1e-05, elementwise_affine=True)
          )
          (2): ResidualAttentionBlock(
            (attn): MultiheadAttention(
              (out_proj): NonDynamicallyQuantizableLinear(in_features=768, out_features=768, bias=True)
            )
            (ln_1): LayerNorm((768,), eps=1e-05, elementwise_affine=True)
            (mlp): Sequential(
              (c_fc): Linear(in_features=768, out_features=3072, bias=True)
              (gelu): QuickGELU()
              (c_proj): Linear(in_features=3072, out_features=768, bias=True)
            )
            (ln_2): LayerNorm((768,), eps=1e-05, elementwise_affine=True)
          )
          (3): ResidualAttentionBlock(
            (attn): MultiheadAttention(
              (out_proj): NonDynamicallyQuantizableLinear(in_features=768, out_features=768, bias=True)
            )
            (ln_1): LayerNorm((768,), eps=1e-05, elementwise_affine=True)
            (mlp): Sequential(
              (c_fc): Linear(in_features=768, out_features=3072, bias=True)
              (gelu): QuickGELU()
              (c_proj): Linear(in_features=3072, out_features=768, bias=True)
            )
            (ln_2): LayerNorm((768,), eps=1e-05, elementwise_affine=True)
          )
          (4): ResidualAttentionBlock(
            (attn): MultiheadAttention(
              (out_proj): NonDynamicallyQuantizableLinear(in_features=768, out_features=768, bias=True)
            )
            (ln_1): LayerNorm((768,), eps=1e-05, elementwise_affine=True)
            (mlp): Sequential(
              (c_fc): Linear(in_features=768, out_features=3072, bias=True)
              (gelu): QuickGELU()
              (c_proj): Linear(in_features=3072, out_features=768, bias=True)
            )
            (ln_2): LayerNorm((768,), eps=1e-05, elementwise_affine=True)
          )
          (5): ResidualAttentionBlock(
            (attn): MultiheadAttention(
              (out_proj): NonDynamicallyQuantizableLinear(in_features=768, out_features=768, bias=True)
            )
            (ln_1): LayerNorm((768,), eps=1e-05, elementwise_affine=True)
            (mlp): Sequential(
              (c_fc): Linear(in_features=768, out_features=3072, bias=True)
              (gelu): QuickGELU()
              (c_proj): Linear(in_features=3072, out_features=768, bias=True)
            )
            (ln_2): LayerNorm((768,), eps=1e-05, elementwise_affine=True)
          )
          (6): ResidualAttentionBlock(
            (attn): MultiheadAttention(
              (out_proj): NonDynamicallyQuantizableLinear(in_features=768, out_features=768, bias=True)
            )
            (ln_1): LayerNorm((768,), eps=1e-05, elementwise_affine=True)
            (mlp): Sequential(
              (c_fc): Linear(in_features=768, out_features=3072, bias=True)
              (gelu): QuickGELU()
              (c_proj): Linear(in_features=3072, out_features=768, bias=True)
            )
            (ln_2): LayerNorm((768,), eps=1e-05, elementwise_affine=True)
          )
          (7): ResidualAttentionBlock(
            (attn): MultiheadAttention(
              (out_proj): NonDynamicallyQuantizableLinear(in_features=768, out_features=768, bias=True)
            )
            (ln_1): LayerNorm((768,), eps=1e-05, elementwise_affine=True)
            (mlp): Sequential(
              (c_fc): Linear(in_features=768, out_features=3072, bias=True)
              (gelu): QuickGELU()
              (c_proj): Linear(in_features=3072, out_features=768, bias=True)
            )
            (ln_2): LayerNorm((768,), eps=1e-05, elementwise_affine=True)
          )
          (8): ResidualAttentionBlock(
            (attn): MultiheadAttention(
              (out_proj): NonDynamicallyQuantizableLinear(in_features=768, out_features=768, bias=True)
            )
            (ln_1): LayerNorm((768,), eps=1e-05, elementwise_affine=True)
            (mlp): Sequential(
              (c_fc): Linear(in_features=768, out_features=3072, bias=True)
              (gelu): QuickGELU()
              (c_proj): Linear(in_features=3072, out_features=768, bias=True)
            )
            (ln_2): LayerNorm((768,), eps=1e-05, elementwise_affine=True)
          )
          (9): ResidualAttentionBlock(
            (attn): MultiheadAttention(
              (out_proj): NonDynamicallyQuantizableLinear(in_features=768, out_features=768, bias=True)
            )
            (ln_1): LayerNorm((768,), eps=1e-05, elementwise_affine=True)
            (mlp): Sequential(
              (c_fc): Linear(in_features=768, out_features=3072, bias=True)
              (gelu): QuickGELU()
              (c_proj): Linear(in_features=3072, out_features=768, bias=True)
            )
            (ln_2): LayerNorm((768,), eps=1e-05, elementwise_affine=True)
          )
          (10): ResidualAttentionBlock(
            (attn): MultiheadAttention(
              (out_proj): NonDynamicallyQuantizableLinear(in_features=768, out_features=768, bias=True)
            )
            (ln_1): LayerNorm((768,), eps=1e-05, elementwise_affine=True)
            (mlp): Sequential(
              (c_fc): Linear(in_features=768, out_features=3072, bias=True)
              (gelu): QuickGELU()
              (c_proj): Linear(in_features=3072, out_features=768, bias=True)
            )
            (ln_2): LayerNorm((768,), eps=1e-05, elementwise_affine=True)
          )
          (11): ResidualAttentionBlock(
            (attn): MultiheadAttention(
              (out_proj): NonDynamicallyQuantizableLinear(in_features=768, out_features=768, bias=True)
            )
            (ln_1): LayerNorm((768,), eps=1e-05, elementwise_affine=True)
            (mlp): Sequential(
              (c_fc): Linear(in_features=768, out_features=3072, bias=True)
              (gelu): QuickGELU()
              (c_proj): Linear(in_features=3072, out_features=768, bias=True)
            )
            (ln_2): LayerNorm((768,), eps=1e-05, elementwise_affine=True)
          )
        )
      )
      (ln_post): LayerNorm((768,), eps=1e-05, elementwise_affine=True)
    )
  )
  (classifier): Linear(in_features=1536, out_features=50, bias=False)
  (bottleneck): BatchNorm1d(1536, eps=1e-05, momentum=0.1, affine=True, track_running_stats=True)
)
2025-12-09 08:33:02,411 DeMo INFO: number of parameters:86.224896
/home/yij/miniconda3/envs/DeMo/lib/python3.8/site-packages/timm/models/helpers.py:7: FutureWarning: Importing from timm.models.helpers is deprecated, please import via timm.models
  warnings.warn(f"Importing from {__name__} is deprecated, please import via timm.models", FutureWarning)
/home/yij/miniconda3/envs/DeMo/lib/python3.8/site-packages/timm/models/registry.py:4: FutureWarning: Importing from timm.models.registry is deprecated, please import via timm.models
  warnings.warn(f"Importing from {__name__} is deprecated, please import via timm.models", FutureWarning)
/home/yij/miniconda3/envs/DeMo/lib/python3.8/site-packages/timm/models/layers/__init__.py:48: FutureWarning: Importing from timm.models.layers is deprecated, please import via timm.layers
  warnings.warn(f"Importing from {__name__} is deprecated, please import via timm.layers", FutureWarning)
/raid/yij/icme/demo2new/DeMo2/modeling/clip/clip.py:23: UserWarning: PyTorch version 1.7.1 or higher is recommended
  warnings.warn("PyTorch version 1.7.1 or higher is recommended")
/home/yij/miniconda3/envs/DeMo/lib/python3.8/site-packages/torchvision/transforms/transforms.py:329: UserWarning: Argument 'interpolation' of type int is deprecated since 0.13 and will be removed in 0.15. Please use InterpolationMode enum.
  warnings.warn(
The following submodules of the model were never called during the trace of the graph. They may be unused, or they were accessed by direct calls to .forward() or via other python methods. In the latter case they will have zeros for statistics, though their statistics will still contribute to their parent calling module.
BACKBONE.base.transformer.resblocks.0.attn.out_proj, BACKBONE.base.transformer.resblocks.1.attn.out_proj, BACKBONE.base.transformer.resblocks.10.attn.out_proj, BACKBONE.base.transformer.resblocks.11.attn.out_proj, BACKBONE.base.transformer.resblocks.2.attn.out_proj, BACKBONE.base.transformer.resblocks.3.attn.out_proj, BACKBONE.base.transformer.resblocks.4.attn.out_proj, BACKBONE.base.transformer.resblocks.5.attn.out_proj, BACKBONE.base.transformer.resblocks.6.attn.out_proj, BACKBONE.base.transformer.resblocks.7.attn.out_proj, BACKBONE.base.transformer.resblocks.8.attn.out_proj, BACKBONE.base.transformer.resblocks.9.attn.out_proj, bottleneck, classifier
~~~~~~~~~~~~~~~~~~~~~~~~~~~~~~~~~~~~~~~~~~~~~~~~~~~~~~~~~~~~~~~~~~~~~~~~~~~~~~~~~~~~~~~~~~~~~~~~
The out_proj here is called by the nn.MultiheadAttention, which has been calculated in th .forward(), so just ignore it.
~~~~~~~~~~~~~~~~~~~~~~~~~~~~~~~~~~~~~~~~~~~~~~~~~~~~~~~~~~~~~~~~~~~~~~~~~~~~~~~~~~~~~~~~~~~~~~~~
For the bottleneck or classifier, it is not calculated during inference, so just ignore it.
~~~~~~~~~~~~~~~~~~~~~~~~~~~~~~~~~~~~~~~~~~~~~~~~~~~~~~~~~~~~~~~~~~~~~~~~~~~~~~~~~~~~~~~~~~~~~~~~
2025-12-09 08:33:05,139 DeMo INFO: number of GFLOPs: 34.275378708000005
using soft triplet loss for training
label smooth on, numclasses: 50
2025-12-09 08:33:05,147 DeMo.train INFO: start training
2025-12-09 08:33:11,903 DeMo.train INFO: Epoch[1] Iteration[10/65] Loss: 3.664, Acc: 0.022, Base Lr: 9.80e-05
2025-12-09 08:33:16,241 DeMo.train INFO: Epoch[1] Iteration[20/65] Loss: 2.768, Acc: 0.036, Base Lr: 9.80e-05
2025-12-09 08:33:20,540 DeMo.train INFO: Epoch[1] Iteration[30/65] Loss: 2.449, Acc: 0.093, Base Lr: 9.80e-05
2025-12-09 08:33:24,846 DeMo.train INFO: Epoch[1] Iteration[40/65] Loss: 2.275, Acc: 0.164, Base Lr: 9.80e-05
2025-12-09 08:33:29,141 DeMo.train INFO: Epoch[1] Iteration[50/65] Loss: 2.157, Acc: 0.247, Base Lr: 9.80e-05
2025-12-09 08:33:33,421 DeMo.train INFO: Epoch[1] Iteration[60/65] Loss: 2.074, Acc: 0.291, Base Lr: 9.80e-05
2025-12-09 08:33:34,872 DeMo.train INFO: Epoch 1 done. Time per batch: 0.472[s] Speed: 271.3[samples/s]
2025-12-09 08:33:34,873 DeMo.train INFO: ~~~~~~~~~~~~~~~~~~~~~~~~~~~~~~~~~~~~~~~~~~~~~~~~~~
2025-12-09 08:33:34,873 DeMo.train INFO: Current is the [moe,ori] feature testing!
2025-12-09 08:33:34,873 DeMo.train INFO: ~~~~~~~~~~~~~~~~~~~~~~~~~~~~~~~~~~~~~~~~~~~~~~~~~~
The test feature is normalized
=> Computing DistMat with euclidean_distance
2025-12-09 08:33:58,803 DeMo.train INFO: Validation Results - Epoch: 1
2025-12-09 08:33:58,804 DeMo.train INFO: mAP: 56.6%
2025-12-09 08:33:58,804 DeMo.train INFO: CMC curve, Rank-1  :80.6%
2025-12-09 08:33:58,804 DeMo.train INFO: CMC curve, Rank-5  :83.9%
2025-12-09 08:33:58,804 DeMo.train INFO: CMC curve, Rank-10 :85.9%
2025-12-09 08:33:58,804 DeMo.train INFO: ~~~~~~~~~~~~~~~~~~~~~~~~~~~~~~~~~~~~~~~~~~~~~~~~~~
2025-12-09 08:34:27,496 DeMo.train INFO: ~~~~~~~~~~~~~~~~~~~~~~~~~~~~~~~~~~~~~~~~~~~~~~~~~~
2025-12-09 08:34:27,497 DeMo.train INFO: Best mAP: 56.6%
2025-12-09 08:34:27,498 DeMo.train INFO: Best Rank-1: 80.6%
2025-12-09 08:34:27,498 DeMo.train INFO: Best Rank-5: 83.9%
2025-12-09 08:34:27,499 DeMo.train INFO: Best Rank-10: 85.9%
2025-12-09 08:34:27,500 DeMo.train INFO: ~~~~~~~~~~~~~~~~~~~~~~~~~~~~~~~~~~~~~~~~~~~~~~~~~~
2025-12-09 08:34:37,623 DeMo.train INFO: Epoch[2] Iteration[10/65] Loss: 1.648, Acc: 0.492, Base Lr: 1.61e-04
2025-12-09 08:34:41,963 DeMo.train INFO: Epoch[2] Iteration[20/65] Loss: 1.566, Acc: 0.458, Base Lr: 1.61e-04
2025-12-09 08:34:46,330 DeMo.train INFO: Epoch[2] Iteration[30/65] Loss: 1.533, Acc: 0.437, Base Lr: 1.61e-04
2025-12-09 08:34:50,649 DeMo.train INFO: Epoch[2] Iteration[40/65] Loss: 1.505, Acc: 0.439, Base Lr: 1.61e-04
2025-12-09 08:34:54,930 DeMo.train INFO: Epoch[2] Iteration[50/65] Loss: 1.458, Acc: 0.459, Base Lr: 1.61e-04
2025-12-09 08:34:59,236 DeMo.train INFO: Epoch[2] Iteration[60/65] Loss: 1.399, Acc: 0.486, Base Lr: 1.61e-04
2025-12-09 08:35:00,690 DeMo.train INFO: Epoch 2 done. Time per batch: 0.527[s] Speed: 243.0[samples/s]
2025-12-09 08:35:00,693 DeMo.train INFO: ~~~~~~~~~~~~~~~~~~~~~~~~~~~~~~~~~~~~~~~~~~~~~~~~~~
2025-12-09 08:35:00,694 DeMo.train INFO: Current is the [moe,ori] feature testing!
2025-12-09 08:35:00,695 DeMo.train INFO: ~~~~~~~~~~~~~~~~~~~~~~~~~~~~~~~~~~~~~~~~~~~~~~~~~~
The test feature is normalized
=> Computing DistMat with euclidean_distance
2025-12-09 08:35:33,189 DeMo.train INFO: Validation Results - Epoch: 2
2025-12-09 08:35:33,190 DeMo.train INFO: mAP: 60.9%
2025-12-09 08:35:33,191 DeMo.train INFO: CMC curve, Rank-1  :82.2%
2025-12-09 08:35:33,192 DeMo.train INFO: CMC curve, Rank-5  :84.8%
2025-12-09 08:35:33,193 DeMo.train INFO: CMC curve, Rank-10 :86.3%
2025-12-09 08:35:33,193 DeMo.train INFO: ~~~~~~~~~~~~~~~~~~~~~~~~~~~~~~~~~~~~~~~~~~~~~~~~~~
2025-12-09 08:36:02,868 DeMo.train INFO: ~~~~~~~~~~~~~~~~~~~~~~~~~~~~~~~~~~~~~~~~~~~~~~~~~~
2025-12-09 08:36:02,869 DeMo.train INFO: Best mAP: 60.9%
2025-12-09 08:36:02,870 DeMo.train INFO: Best Rank-1: 82.2%
2025-12-09 08:36:02,871 DeMo.train INFO: Best Rank-5: 84.8%
2025-12-09 08:36:02,872 DeMo.train INFO: Best Rank-10: 86.3%
2025-12-09 08:36:02,873 DeMo.train INFO: ~~~~~~~~~~~~~~~~~~~~~~~~~~~~~~~~~~~~~~~~~~~~~~~~~~
2025-12-09 08:36:13,337 DeMo.train INFO: Epoch[3] Iteration[10/65] Loss: 1.403, Acc: 0.631, Base Lr: 2.24e-04
2025-12-09 08:36:17,679 DeMo.train INFO: Epoch[3] Iteration[20/65] Loss: 1.336, Acc: 0.630, Base Lr: 2.24e-04
2025-12-09 08:36:22,011 DeMo.train INFO: Epoch[3] Iteration[30/65] Loss: 1.230, Acc: 0.682, Base Lr: 2.24e-04
2025-12-09 08:36:26,327 DeMo.train INFO: Epoch[3] Iteration[40/65] Loss: 1.231, Acc: 0.693, Base Lr: 2.24e-04
2025-12-09 08:36:30,654 DeMo.train INFO: Epoch[3] Iteration[50/65] Loss: 1.179, Acc: 0.728, Base Lr: 2.24e-04
2025-12-09 08:36:34,949 DeMo.train INFO: Epoch[3] Iteration[60/65] Loss: 1.162, Acc: 0.739, Base Lr: 2.24e-04
2025-12-09 08:36:35,965 DeMo.train INFO: Epoch 3 done. Time per batch: 0.534[s] Speed: 239.8[samples/s]
2025-12-09 08:36:35,966 DeMo.train INFO: ~~~~~~~~~~~~~~~~~~~~~~~~~~~~~~~~~~~~~~~~~~~~~~~~~~
2025-12-09 08:36:35,966 DeMo.train INFO: Current is the [moe,ori] feature testing!
2025-12-09 08:36:35,966 DeMo.train INFO: ~~~~~~~~~~~~~~~~~~~~~~~~~~~~~~~~~~~~~~~~~~~~~~~~~~
The test feature is normalized
=> Computing DistMat with euclidean_distance
2025-12-09 08:36:58,585 DeMo.train INFO: Validation Results - Epoch: 3
2025-12-09 08:36:58,586 DeMo.train INFO: mAP: 49.2%
2025-12-09 08:36:58,586 DeMo.train INFO: CMC curve, Rank-1  :70.6%
2025-12-09 08:36:58,586 DeMo.train INFO: CMC curve, Rank-5  :75.3%
2025-12-09 08:36:58,586 DeMo.train INFO: CMC curve, Rank-10 :78.5%
2025-12-09 08:36:58,586 DeMo.train INFO: ~~~~~~~~~~~~~~~~~~~~~~~~~~~~~~~~~~~~~~~~~~~~~~~~~~
2025-12-09 08:36:58,713 DeMo.train INFO: ~~~~~~~~~~~~~~~~~~~~~~~~~~~~~~~~~~~~~~~~~~~~~~~~~~
2025-12-09 08:36:58,713 DeMo.train INFO: Best mAP: 60.9%
2025-12-09 08:36:58,714 DeMo.train INFO: Best Rank-1: 82.2%
2025-12-09 08:36:58,714 DeMo.train INFO: Best Rank-5: 84.8%
2025-12-09 08:36:58,714 DeMo.train INFO: Best Rank-10: 86.3%
2025-12-09 08:36:58,714 DeMo.train INFO: ~~~~~~~~~~~~~~~~~~~~~~~~~~~~~~~~~~~~~~~~~~~~~~~~~~
2025-12-09 08:37:05,537 DeMo.train INFO: Epoch[4] Iteration[10/65] Loss: 1.245, Acc: 0.687, Base Lr: 2.87e-04
2025-12-09 08:37:09,879 DeMo.train INFO: Epoch[4] Iteration[20/65] Loss: 1.109, Acc: 0.778, Base Lr: 2.87e-04
2025-12-09 08:37:14,395 DeMo.train INFO: Epoch[4] Iteration[30/65] Loss: 1.032, Acc: 0.818, Base Lr: 2.87e-04
2025-12-09 08:37:18,750 DeMo.train INFO: Epoch[4] Iteration[40/65] Loss: 1.033, Acc: 0.819, Base Lr: 2.87e-04
2025-12-09 08:37:23,126 DeMo.train INFO: Epoch[4] Iteration[50/65] Loss: 1.008, Acc: 0.832, Base Lr: 2.87e-04
2025-12-09 08:37:27,445 DeMo.train INFO: Epoch[4] Iteration[60/65] Loss: 0.969, Acc: 0.848, Base Lr: 2.87e-04
2025-12-09 08:37:28,895 DeMo.train INFO: Epoch 4 done. Time per batch: 0.479[s] Speed: 267.2[samples/s]
2025-12-09 08:37:28,896 DeMo.train INFO: ~~~~~~~~~~~~~~~~~~~~~~~~~~~~~~~~~~~~~~~~~~~~~~~~~~
2025-12-09 08:37:28,897 DeMo.train INFO: Current is the [moe,ori] feature testing!
2025-12-09 08:37:28,897 DeMo.train INFO: ~~~~~~~~~~~~~~~~~~~~~~~~~~~~~~~~~~~~~~~~~~~~~~~~~~
The test feature is normalized
=> Computing DistMat with euclidean_distance
2025-12-09 08:37:57,452 DeMo.train INFO: Validation Results - Epoch: 4
2025-12-09 08:37:57,452 DeMo.train INFO: mAP: 56.4%
2025-12-09 08:37:57,452 DeMo.train INFO: CMC curve, Rank-1  :75.7%
2025-12-09 08:37:57,452 DeMo.train INFO: CMC curve, Rank-5  :78.4%
2025-12-09 08:37:57,452 DeMo.train INFO: CMC curve, Rank-10 :80.8%
2025-12-09 08:37:57,452 DeMo.train INFO: ~~~~~~~~~~~~~~~~~~~~~~~~~~~~~~~~~~~~~~~~~~~~~~~~~~
2025-12-09 08:37:58,077 DeMo.train INFO: ~~~~~~~~~~~~~~~~~~~~~~~~~~~~~~~~~~~~~~~~~~~~~~~~~~
2025-12-09 08:37:58,078 DeMo.train INFO: Best mAP: 60.9%
2025-12-09 08:37:58,078 DeMo.train INFO: Best Rank-1: 82.2%
2025-12-09 08:37:58,078 DeMo.train INFO: Best Rank-5: 84.8%
2025-12-09 08:37:58,078 DeMo.train INFO: Best Rank-10: 86.3%
2025-12-09 08:37:58,078 DeMo.train INFO: ~~~~~~~~~~~~~~~~~~~~~~~~~~~~~~~~~~~~~~~~~~~~~~~~~~
2025-12-09 08:38:04,850 DeMo.train INFO: Epoch[5] Iteration[10/65] Loss: 1.700, Acc: 0.438, Base Lr: 3.27e-04
2025-12-09 08:38:09,193 DeMo.train INFO: Epoch[5] Iteration[20/65] Loss: 1.630, Acc: 0.393, Base Lr: 3.27e-04
2025-12-09 08:38:13,524 DeMo.train INFO: Epoch[5] Iteration[30/65] Loss: 1.554, Acc: 0.428, Base Lr: 3.27e-04
2025-12-09 08:38:17,877 DeMo.train INFO: Epoch[5] Iteration[40/65] Loss: 1.496, Acc: 0.460, Base Lr: 3.27e-04
2025-12-09 08:38:22,195 DeMo.train INFO: Epoch[5] Iteration[50/65] Loss: 1.431, Acc: 0.515, Base Lr: 3.27e-04
2025-12-09 08:38:26,502 DeMo.train INFO: Epoch[5] Iteration[60/65] Loss: 1.376, Acc: 0.566, Base Lr: 3.27e-04
2025-12-09 08:38:27,528 DeMo.train INFO: Epoch 5 done. Time per batch: 0.475[s] Speed: 269.5[samples/s]
2025-12-09 08:38:27,530 DeMo.train INFO: ~~~~~~~~~~~~~~~~~~~~~~~~~~~~~~~~~~~~~~~~~~~~~~~~~~
2025-12-09 08:38:27,530 DeMo.train INFO: Current is the [moe,ori] feature testing!
2025-12-09 08:38:27,530 DeMo.train INFO: ~~~~~~~~~~~~~~~~~~~~~~~~~~~~~~~~~~~~~~~~~~~~~~~~~~
The test feature is normalized
=> Computing DistMat with euclidean_distance
2025-12-09 08:38:50,249 DeMo.train INFO: Validation Results - Epoch: 5
2025-12-09 08:38:50,249 DeMo.train INFO: mAP: 45.5%
2025-12-09 08:38:50,249 DeMo.train INFO: CMC curve, Rank-1  :68.2%
2025-12-09 08:38:50,249 DeMo.train INFO: CMC curve, Rank-5  :71.5%
2025-12-09 08:38:50,250 DeMo.train INFO: CMC curve, Rank-10 :74.3%
2025-12-09 08:38:50,250 DeMo.train INFO: ~~~~~~~~~~~~~~~~~~~~~~~~~~~~~~~~~~~~~~~~~~~~~~~~~~
2025-12-09 08:38:50,309 DeMo.train INFO: ~~~~~~~~~~~~~~~~~~~~~~~~~~~~~~~~~~~~~~~~~~~~~~~~~~
2025-12-09 08:38:50,309 DeMo.train INFO: Best mAP: 60.9%
2025-12-09 08:38:50,309 DeMo.train INFO: Best Rank-1: 82.2%
2025-12-09 08:38:50,309 DeMo.train INFO: Best Rank-5: 84.8%
2025-12-09 08:38:50,309 DeMo.train INFO: Best Rank-10: 86.3%
2025-12-09 08:38:50,309 DeMo.train INFO: ~~~~~~~~~~~~~~~~~~~~~~~~~~~~~~~~~~~~~~~~~~~~~~~~~~
2025-12-09 08:38:56,866 DeMo.train INFO: Epoch[6] Iteration[10/65] Loss: 1.167, Acc: 0.743, Base Lr: 3.17e-04
2025-12-09 08:39:01,219 DeMo.train INFO: Epoch[6] Iteration[20/65] Loss: 1.127, Acc: 0.804, Base Lr: 3.17e-04
2025-12-09 08:39:05,534 DeMo.train INFO: Epoch[6] Iteration[30/65] Loss: 1.095, Acc: 0.840, Base Lr: 3.17e-04
2025-12-09 08:39:10,003 DeMo.train INFO: Epoch[6] Iteration[40/65] Loss: 1.082, Acc: 0.856, Base Lr: 3.17e-04
2025-12-09 08:39:14,340 DeMo.train INFO: Epoch[6] Iteration[50/65] Loss: 1.067, Acc: 0.870, Base Lr: 3.17e-04
2025-12-09 08:39:18,657 DeMo.train INFO: Epoch[6] Iteration[60/65] Loss: 1.045, Acc: 0.886, Base Lr: 3.17e-04
2025-12-09 08:39:20,120 DeMo.train INFO: Epoch 6 done. Time per batch: 0.473[s] Speed: 270.5[samples/s]
2025-12-09 08:39:20,122 DeMo.train INFO: ~~~~~~~~~~~~~~~~~~~~~~~~~~~~~~~~~~~~~~~~~~~~~~~~~~
2025-12-09 08:39:20,122 DeMo.train INFO: Current is the [moe,ori] feature testing!
2025-12-09 08:39:20,122 DeMo.train INFO: ~~~~~~~~~~~~~~~~~~~~~~~~~~~~~~~~~~~~~~~~~~~~~~~~~~
The test feature is normalized
=> Computing DistMat with euclidean_distance
2025-12-09 08:39:42,666 DeMo.train INFO: Validation Results - Epoch: 6
2025-12-09 08:39:42,666 DeMo.train INFO: mAP: 54.4%
2025-12-09 08:39:42,666 DeMo.train INFO: CMC curve, Rank-1  :75.5%
2025-12-09 08:39:42,666 DeMo.train INFO: CMC curve, Rank-5  :78.1%
2025-12-09 08:39:42,667 DeMo.train INFO: CMC curve, Rank-10 :80.3%
2025-12-09 08:39:42,667 DeMo.train INFO: ~~~~~~~~~~~~~~~~~~~~~~~~~~~~~~~~~~~~~~~~~~~~~~~~~~
2025-12-09 08:39:42,736 DeMo.train INFO: ~~~~~~~~~~~~~~~~~~~~~~~~~~~~~~~~~~~~~~~~~~~~~~~~~~
2025-12-09 08:39:42,737 DeMo.train INFO: Best mAP: 60.9%
2025-12-09 08:39:42,737 DeMo.train INFO: Best Rank-1: 82.2%
2025-12-09 08:39:42,737 DeMo.train INFO: Best Rank-5: 84.8%
2025-12-09 08:39:42,737 DeMo.train INFO: Best Rank-10: 86.3%
2025-12-09 08:39:42,737 DeMo.train INFO: ~~~~~~~~~~~~~~~~~~~~~~~~~~~~~~~~~~~~~~~~~~~~~~~~~~
2025-12-09 08:39:49,026 DeMo.train INFO: Epoch[7] Iteration[10/65] Loss: 0.950, Acc: 0.939, Base Lr: 3.05e-04
2025-12-09 08:39:53,367 DeMo.train INFO: Epoch[7] Iteration[20/65] Loss: 0.925, Acc: 0.947, Base Lr: 3.05e-04
2025-12-09 08:39:57,737 DeMo.train INFO: Epoch[7] Iteration[30/65] Loss: 0.942, Acc: 0.939, Base Lr: 3.05e-04
2025-12-09 08:40:02,102 DeMo.train INFO: Epoch[7] Iteration[40/65] Loss: 0.930, Acc: 0.946, Base Lr: 3.05e-04
2025-12-09 08:40:06,474 DeMo.train INFO: Epoch[7] Iteration[50/65] Loss: 0.918, Acc: 0.950, Base Lr: 3.05e-04
2025-12-09 08:40:10,841 DeMo.train INFO: Epoch[7] Iteration[60/65] Loss: 0.910, Acc: 0.953, Base Lr: 3.05e-04
2025-12-09 08:40:12,308 DeMo.train INFO: Epoch 7 done. Time per batch: 0.469[s] Speed: 272.7[samples/s]
2025-12-09 08:40:12,310 DeMo.train INFO: ~~~~~~~~~~~~~~~~~~~~~~~~~~~~~~~~~~~~~~~~~~~~~~~~~~
2025-12-09 08:40:12,310 DeMo.train INFO: Current is the [moe,ori] feature testing!
2025-12-09 08:40:12,310 DeMo.train INFO: ~~~~~~~~~~~~~~~~~~~~~~~~~~~~~~~~~~~~~~~~~~~~~~~~~~
The test feature is normalized
=> Computing DistMat with euclidean_distance
2025-12-09 08:40:34,773 DeMo.train INFO: Validation Results - Epoch: 7
2025-12-09 08:40:34,774 DeMo.train INFO: mAP: 52.0%
2025-12-09 08:40:34,774 DeMo.train INFO: CMC curve, Rank-1  :72.0%
2025-12-09 08:40:34,774 DeMo.train INFO: CMC curve, Rank-5  :75.1%
2025-12-09 08:40:34,774 DeMo.train INFO: CMC curve, Rank-10 :77.3%
2025-12-09 08:40:34,774 DeMo.train INFO: ~~~~~~~~~~~~~~~~~~~~~~~~~~~~~~~~~~~~~~~~~~~~~~~~~~
2025-12-09 08:40:34,837 DeMo.train INFO: ~~~~~~~~~~~~~~~~~~~~~~~~~~~~~~~~~~~~~~~~~~~~~~~~~~
2025-12-09 08:40:34,838 DeMo.train INFO: Best mAP: 60.9%
2025-12-09 08:40:34,838 DeMo.train INFO: Best Rank-1: 82.2%
2025-12-09 08:40:34,838 DeMo.train INFO: Best Rank-5: 84.8%
2025-12-09 08:40:34,838 DeMo.train INFO: Best Rank-10: 86.3%
2025-12-09 08:40:34,838 DeMo.train INFO: ~~~~~~~~~~~~~~~~~~~~~~~~~~~~~~~~~~~~~~~~~~~~~~~~~~
2025-12-09 08:40:41,084 DeMo.train INFO: Epoch[8] Iteration[10/65] Loss: 1.009, Acc: 0.913, Base Lr: 2.92e-04
2025-12-09 08:40:45,448 DeMo.train INFO: Epoch[8] Iteration[20/65] Loss: 0.978, Acc: 0.919, Base Lr: 2.92e-04
2025-12-09 08:40:49,796 DeMo.train INFO: Epoch[8] Iteration[30/65] Loss: 0.954, Acc: 0.933, Base Lr: 2.92e-04
2025-12-09 08:40:54,294 DeMo.train INFO: Epoch[8] Iteration[40/65] Loss: 0.914, Acc: 0.939, Base Lr: 2.92e-04
2025-12-09 08:40:58,729 DeMo.train INFO: Epoch[8] Iteration[50/65] Loss: 0.908, Acc: 0.938, Base Lr: 2.92e-04
2025-12-09 08:41:03,106 DeMo.train INFO: Epoch[8] Iteration[60/65] Loss: 0.932, Acc: 0.936, Base Lr: 2.92e-04
2025-12-09 08:41:04,567 DeMo.train INFO: Epoch 8 done. Time per batch: 0.472[s] Speed: 271.3[samples/s]
2025-12-09 08:41:04,569 DeMo.train INFO: ~~~~~~~~~~~~~~~~~~~~~~~~~~~~~~~~~~~~~~~~~~~~~~~~~~
2025-12-09 08:41:04,569 DeMo.train INFO: Current is the [moe,ori] feature testing!
2025-12-09 08:41:04,569 DeMo.train INFO: ~~~~~~~~~~~~~~~~~~~~~~~~~~~~~~~~~~~~~~~~~~~~~~~~~~
The test feature is normalized
=> Computing DistMat with euclidean_distance
2025-12-09 08:41:27,733 DeMo.train INFO: Validation Results - Epoch: 8
2025-12-09 08:41:27,733 DeMo.train INFO: mAP: 49.3%
2025-12-09 08:41:27,733 DeMo.train INFO: CMC curve, Rank-1  :70.6%
2025-12-09 08:41:27,733 DeMo.train INFO: CMC curve, Rank-5  :73.3%
2025-12-09 08:41:27,733 DeMo.train INFO: CMC curve, Rank-10 :75.1%
2025-12-09 08:41:27,733 DeMo.train INFO: ~~~~~~~~~~~~~~~~~~~~~~~~~~~~~~~~~~~~~~~~~~~~~~~~~~
2025-12-09 08:41:29,047 DeMo.train INFO: ~~~~~~~~~~~~~~~~~~~~~~~~~~~~~~~~~~~~~~~~~~~~~~~~~~
2025-12-09 08:41:29,047 DeMo.train INFO: Best mAP: 60.9%
2025-12-09 08:41:29,047 DeMo.train INFO: Best Rank-1: 82.2%
2025-12-09 08:41:29,047 DeMo.train INFO: Best Rank-5: 84.8%
2025-12-09 08:41:29,048 DeMo.train INFO: Best Rank-10: 86.3%
2025-12-09 08:41:29,048 DeMo.train INFO: ~~~~~~~~~~~~~~~~~~~~~~~~~~~~~~~~~~~~~~~~~~~~~~~~~~
2025-12-09 08:41:35,837 DeMo.train INFO: Epoch[9] Iteration[10/65] Loss: 0.989, Acc: 0.866, Base Lr: 2.78e-04
2025-12-09 08:41:40,173 DeMo.train INFO: Epoch[9] Iteration[20/65] Loss: 0.927, Acc: 0.912, Base Lr: 2.78e-04
2025-12-09 08:41:44,538 DeMo.train INFO: Epoch[9] Iteration[30/65] Loss: 0.881, Acc: 0.932, Base Lr: 2.78e-04
2025-12-09 08:41:48,889 DeMo.train INFO: Epoch[9] Iteration[40/65] Loss: 0.833, Acc: 0.944, Base Lr: 2.78e-04
2025-12-09 08:41:53,312 DeMo.train INFO: Epoch[9] Iteration[50/65] Loss: 0.837, Acc: 0.945, Base Lr: 2.78e-04
2025-12-09 08:41:57,672 DeMo.train INFO: Epoch[9] Iteration[60/65] Loss: 0.857, Acc: 0.947, Base Lr: 2.78e-04
2025-12-09 08:41:58,693 DeMo.train INFO: Epoch 9 done. Time per batch: 0.478[s] Speed: 267.7[samples/s]
2025-12-09 08:41:58,695 DeMo.train INFO: ~~~~~~~~~~~~~~~~~~~~~~~~~~~~~~~~~~~~~~~~~~~~~~~~~~
2025-12-09 08:41:58,695 DeMo.train INFO: Current is the [moe,ori] feature testing!
2025-12-09 08:41:58,695 DeMo.train INFO: ~~~~~~~~~~~~~~~~~~~~~~~~~~~~~~~~~~~~~~~~~~~~~~~~~~
The test feature is normalized
=> Computing DistMat with euclidean_distance
2025-12-09 08:42:21,774 DeMo.train INFO: Validation Results - Epoch: 9
2025-12-09 08:42:21,774 DeMo.train INFO: mAP: 52.8%
2025-12-09 08:42:21,774 DeMo.train INFO: CMC curve, Rank-1  :72.3%
2025-12-09 08:42:21,774 DeMo.train INFO: CMC curve, Rank-5  :75.9%
2025-12-09 08:42:21,774 DeMo.train INFO: CMC curve, Rank-10 :78.0%
2025-12-09 08:42:21,774 DeMo.train INFO: ~~~~~~~~~~~~~~~~~~~~~~~~~~~~~~~~~~~~~~~~~~~~~~~~~~
2025-12-09 08:42:21,850 DeMo.train INFO: ~~~~~~~~~~~~~~~~~~~~~~~~~~~~~~~~~~~~~~~~~~~~~~~~~~
2025-12-09 08:42:21,851 DeMo.train INFO: Best mAP: 60.9%
2025-12-09 08:42:21,851 DeMo.train INFO: Best Rank-1: 82.2%
2025-12-09 08:42:21,851 DeMo.train INFO: Best Rank-5: 84.8%
2025-12-09 08:42:21,851 DeMo.train INFO: Best Rank-10: 86.3%
2025-12-09 08:42:21,851 DeMo.train INFO: ~~~~~~~~~~~~~~~~~~~~~~~~~~~~~~~~~~~~~~~~~~~~~~~~~~
2025-12-09 08:42:28,051 DeMo.train INFO: Epoch[10] Iteration[10/65] Loss: 0.789, Acc: 0.956, Base Lr: 2.63e-04
2025-12-09 08:42:32,429 DeMo.train INFO: Epoch[10] Iteration[20/65] Loss: 0.773, Acc: 0.968, Base Lr: 2.63e-04
2025-12-09 08:42:36,764 DeMo.train INFO: Epoch[10] Iteration[30/65] Loss: 0.749, Acc: 0.969, Base Lr: 2.63e-04
2025-12-09 08:42:41,125 DeMo.train INFO: Epoch[10] Iteration[40/65] Loss: 0.735, Acc: 0.972, Base Lr: 2.63e-04
2025-12-09 08:42:45,486 DeMo.train INFO: Epoch[10] Iteration[50/65] Loss: 0.715, Acc: 0.974, Base Lr: 2.63e-04
2025-12-09 08:42:49,912 DeMo.train INFO: Epoch[10] Iteration[60/65] Loss: 0.690, Acc: 0.977, Base Lr: 2.63e-04
2025-12-09 08:42:50,939 DeMo.train INFO: Epoch 10 done. Time per batch: 0.469[s] Speed: 272.8[samples/s]
2025-12-09 08:42:50,941 DeMo.train INFO: ~~~~~~~~~~~~~~~~~~~~~~~~~~~~~~~~~~~~~~~~~~~~~~~~~~
2025-12-09 08:42:50,941 DeMo.train INFO: Current is the [moe,ori] feature testing!
2025-12-09 08:42:50,941 DeMo.train INFO: ~~~~~~~~~~~~~~~~~~~~~~~~~~~~~~~~~~~~~~~~~~~~~~~~~~
The test feature is normalized
=> Computing DistMat with euclidean_distance
2025-12-09 08:43:13,413 DeMo.train INFO: Validation Results - Epoch: 10
2025-12-09 08:43:13,413 DeMo.train INFO: mAP: 53.7%
2025-12-09 08:43:13,413 DeMo.train INFO: CMC curve, Rank-1  :74.1%
2025-12-09 08:43:13,413 DeMo.train INFO: CMC curve, Rank-5  :76.9%
2025-12-09 08:43:13,413 DeMo.train INFO: CMC curve, Rank-10 :79.1%
2025-12-09 08:43:13,413 DeMo.train INFO: ~~~~~~~~~~~~~~~~~~~~~~~~~~~~~~~~~~~~~~~~~~~~~~~~~~
2025-12-09 08:43:13,752 DeMo.train INFO: ~~~~~~~~~~~~~~~~~~~~~~~~~~~~~~~~~~~~~~~~~~~~~~~~~~
2025-12-09 08:43:13,753 DeMo.train INFO: Best mAP: 60.9%
2025-12-09 08:43:13,753 DeMo.train INFO: Best Rank-1: 82.2%
2025-12-09 08:43:13,753 DeMo.train INFO: Best Rank-5: 84.8%
2025-12-09 08:43:13,753 DeMo.train INFO: Best Rank-10: 86.3%
2025-12-09 08:43:13,753 DeMo.train INFO: ~~~~~~~~~~~~~~~~~~~~~~~~~~~~~~~~~~~~~~~~~~~~~~~~~~
2025-12-09 08:43:20,322 DeMo.train INFO: Epoch[11] Iteration[10/65] Loss: 0.670, Acc: 0.978, Base Lr: 2.46e-04
2025-12-09 08:43:24,718 DeMo.train INFO: Epoch[11] Iteration[20/65] Loss: 0.685, Acc: 0.976, Base Lr: 2.46e-04
2025-12-09 08:43:29,102 DeMo.train INFO: Epoch[11] Iteration[30/65] Loss: 0.657, Acc: 0.979, Base Lr: 2.46e-04
2025-12-09 08:43:33,462 DeMo.train INFO: Epoch[11] Iteration[40/65] Loss: 0.631, Acc: 0.978, Base Lr: 2.46e-04
2025-12-09 08:43:37,807 DeMo.train INFO: Epoch[11] Iteration[50/65] Loss: 0.613, Acc: 0.980, Base Lr: 2.46e-04
2025-12-09 08:43:42,168 DeMo.train INFO: Epoch[11] Iteration[60/65] Loss: 0.598, Acc: 0.982, Base Lr: 2.46e-04
2025-12-09 08:43:43,619 DeMo.train INFO: Epoch 11 done. Time per batch: 0.474[s] Speed: 270.0[samples/s]
2025-12-09 08:43:43,621 DeMo.train INFO: ~~~~~~~~~~~~~~~~~~~~~~~~~~~~~~~~~~~~~~~~~~~~~~~~~~
2025-12-09 08:43:43,621 DeMo.train INFO: Current is the [moe,ori] feature testing!
2025-12-09 08:43:43,621 DeMo.train INFO: ~~~~~~~~~~~~~~~~~~~~~~~~~~~~~~~~~~~~~~~~~~~~~~~~~~
The test feature is normalized
=> Computing DistMat with euclidean_distance
2025-12-09 08:44:06,325 DeMo.train INFO: Validation Results - Epoch: 11
2025-12-09 08:44:06,325 DeMo.train INFO: mAP: 54.7%
2025-12-09 08:44:06,325 DeMo.train INFO: CMC curve, Rank-1  :76.3%
2025-12-09 08:44:06,325 DeMo.train INFO: CMC curve, Rank-5  :79.9%
2025-12-09 08:44:06,325 DeMo.train INFO: CMC curve, Rank-10 :81.3%
2025-12-09 08:44:06,325 DeMo.train INFO: ~~~~~~~~~~~~~~~~~~~~~~~~~~~~~~~~~~~~~~~~~~~~~~~~~~
2025-12-09 08:44:06,385 DeMo.train INFO: ~~~~~~~~~~~~~~~~~~~~~~~~~~~~~~~~~~~~~~~~~~~~~~~~~~
2025-12-09 08:44:06,385 DeMo.train INFO: Best mAP: 60.9%
2025-12-09 08:44:06,386 DeMo.train INFO: Best Rank-1: 82.2%
2025-12-09 08:44:06,386 DeMo.train INFO: Best Rank-5: 84.8%
2025-12-09 08:44:06,386 DeMo.train INFO: Best Rank-10: 86.3%
2025-12-09 08:44:06,386 DeMo.train INFO: ~~~~~~~~~~~~~~~~~~~~~~~~~~~~~~~~~~~~~~~~~~~~~~~~~~
2025-12-09 08:44:12,748 DeMo.train INFO: Epoch[12] Iteration[10/65] Loss: 0.466, Acc: 0.984, Base Lr: 2.29e-04
2025-12-09 08:44:17,122 DeMo.train INFO: Epoch[12] Iteration[20/65] Loss: 0.428, Acc: 0.989, Base Lr: 2.29e-04
2025-12-09 08:44:21,502 DeMo.train INFO: Epoch[12] Iteration[30/65] Loss: 0.390, Acc: 0.991, Base Lr: 2.29e-04
2025-12-09 08:44:25,873 DeMo.train INFO: Epoch[12] Iteration[40/65] Loss: 0.390, Acc: 0.992, Base Lr: 2.29e-04
2025-12-09 08:44:30,222 DeMo.train INFO: Epoch[12] Iteration[50/65] Loss: 0.385, Acc: 0.993, Base Lr: 2.29e-04
2025-12-09 08:44:34,554 DeMo.train INFO: Epoch[12] Iteration[60/65] Loss: 0.365, Acc: 0.994, Base Lr: 2.29e-04
2025-12-09 08:44:36,013 DeMo.train INFO: Epoch 12 done. Time per batch: 0.470[s] Speed: 272.2[samples/s]
2025-12-09 08:44:36,014 DeMo.train INFO: ~~~~~~~~~~~~~~~~~~~~~~~~~~~~~~~~~~~~~~~~~~~~~~~~~~
2025-12-09 08:44:36,014 DeMo.train INFO: Current is the [moe,ori] feature testing!
2025-12-09 08:44:36,015 DeMo.train INFO: ~~~~~~~~~~~~~~~~~~~~~~~~~~~~~~~~~~~~~~~~~~~~~~~~~~
The test feature is normalized
=> Computing DistMat with euclidean_distance
2025-12-09 08:45:00,488 DeMo.train INFO: Validation Results - Epoch: 12
2025-12-09 08:45:00,488 DeMo.train INFO: mAP: 59.9%
2025-12-09 08:45:00,488 DeMo.train INFO: CMC curve, Rank-1  :75.9%
2025-12-09 08:45:00,488 DeMo.train INFO: CMC curve, Rank-5  :79.6%
2025-12-09 08:45:00,488 DeMo.train INFO: CMC curve, Rank-10 :81.5%
2025-12-09 08:45:00,488 DeMo.train INFO: ~~~~~~~~~~~~~~~~~~~~~~~~~~~~~~~~~~~~~~~~~~~~~~~~~~
2025-12-09 08:45:00,548 DeMo.train INFO: ~~~~~~~~~~~~~~~~~~~~~~~~~~~~~~~~~~~~~~~~~~~~~~~~~~
2025-12-09 08:45:00,549 DeMo.train INFO: Best mAP: 60.9%
2025-12-09 08:45:00,549 DeMo.train INFO: Best Rank-1: 82.2%
2025-12-09 08:45:00,549 DeMo.train INFO: Best Rank-5: 84.8%
2025-12-09 08:45:00,549 DeMo.train INFO: Best Rank-10: 86.3%
2025-12-09 08:45:00,549 DeMo.train INFO: ~~~~~~~~~~~~~~~~~~~~~~~~~~~~~~~~~~~~~~~~~~~~~~~~~~
2025-12-09 08:45:06,775 DeMo.train INFO: Epoch[13] Iteration[10/65] Loss: 0.334, Acc: 0.996, Base Lr: 2.12e-04
2025-12-09 08:45:11,118 DeMo.train INFO: Epoch[13] Iteration[20/65] Loss: 0.309, Acc: 0.997, Base Lr: 2.12e-04
2025-12-09 08:45:15,438 DeMo.train INFO: Epoch[13] Iteration[30/65] Loss: 0.317, Acc: 0.997, Base Lr: 2.12e-04
2025-12-09 08:45:19,768 DeMo.train INFO: Epoch[13] Iteration[40/65] Loss: 0.314, Acc: 0.997, Base Lr: 2.12e-04
2025-12-09 08:45:24,092 DeMo.train INFO: Epoch[13] Iteration[50/65] Loss: 0.314, Acc: 0.998, Base Lr: 2.12e-04
2025-12-09 08:45:28,424 DeMo.train INFO: Epoch[13] Iteration[60/65] Loss: 0.308, Acc: 0.998, Base Lr: 2.12e-04
2025-12-09 08:45:29,869 DeMo.train INFO: Epoch 13 done. Time per batch: 0.465[s] Speed: 275.0[samples/s]
2025-12-09 08:45:29,871 DeMo.train INFO: ~~~~~~~~~~~~~~~~~~~~~~~~~~~~~~~~~~~~~~~~~~~~~~~~~~
2025-12-09 08:45:29,871 DeMo.train INFO: Current is the [moe,ori] feature testing!
2025-12-09 08:45:29,871 DeMo.train INFO: ~~~~~~~~~~~~~~~~~~~~~~~~~~~~~~~~~~~~~~~~~~~~~~~~~~
The test feature is normalized
=> Computing DistMat with euclidean_distance
2025-12-09 08:45:52,518 DeMo.train INFO: Validation Results - Epoch: 13
2025-12-09 08:45:52,520 DeMo.train INFO: mAP: 61.0%
2025-12-09 08:45:52,521 DeMo.train INFO: CMC curve, Rank-1  :77.4%
2025-12-09 08:45:52,522 DeMo.train INFO: CMC curve, Rank-5  :81.3%
2025-12-09 08:45:52,523 DeMo.train INFO: CMC curve, Rank-10 :83.1%
2025-12-09 08:45:52,525 DeMo.train INFO: ~~~~~~~~~~~~~~~~~~~~~~~~~~~~~~~~~~~~~~~~~~~~~~~~~~
2025-12-09 08:46:23,308 DeMo.train INFO: ~~~~~~~~~~~~~~~~~~~~~~~~~~~~~~~~~~~~~~~~~~~~~~~~~~
2025-12-09 08:46:23,311 DeMo.train INFO: Best mAP: 61.0%
2025-12-09 08:46:23,311 DeMo.train INFO: Best Rank-1: 77.4%
2025-12-09 08:46:23,312 DeMo.train INFO: Best Rank-5: 81.3%
2025-12-09 08:46:23,312 DeMo.train INFO: Best Rank-10: 83.1%
2025-12-09 08:46:23,313 DeMo.train INFO: ~~~~~~~~~~~~~~~~~~~~~~~~~~~~~~~~~~~~~~~~~~~~~~~~~~
2025-12-09 08:46:30,834 DeMo.train INFO: Epoch[14] Iteration[10/65] Loss: 0.304, Acc: 0.996, Base Lr: 1.93e-04
2025-12-09 08:46:35,166 DeMo.train INFO: Epoch[14] Iteration[20/65] Loss: 0.392, Acc: 0.994, Base Lr: 1.93e-04
2025-12-09 08:46:39,490 DeMo.train INFO: Epoch[14] Iteration[30/65] Loss: 0.415, Acc: 0.992, Base Lr: 1.93e-04
2025-12-09 08:46:43,863 DeMo.train INFO: Epoch[14] Iteration[40/65] Loss: 0.491, Acc: 0.991, Base Lr: 1.93e-04
2025-12-09 08:46:48,186 DeMo.train INFO: Epoch[14] Iteration[50/65] Loss: 0.480, Acc: 0.992, Base Lr: 1.93e-04
2025-12-09 08:46:52,509 DeMo.train INFO: Epoch[14] Iteration[60/65] Loss: 0.463, Acc: 0.993, Base Lr: 1.93e-04
2025-12-09 08:46:53,978 DeMo.train INFO: Epoch 14 done. Time per batch: 0.487[s] Speed: 263.0[samples/s]
2025-12-09 08:46:53,980 DeMo.train INFO: ~~~~~~~~~~~~~~~~~~~~~~~~~~~~~~~~~~~~~~~~~~~~~~~~~~
2025-12-09 08:46:53,980 DeMo.train INFO: Current is the [moe,ori] feature testing!
2025-12-09 08:46:53,980 DeMo.train INFO: ~~~~~~~~~~~~~~~~~~~~~~~~~~~~~~~~~~~~~~~~~~~~~~~~~~
The test feature is normalized
=> Computing DistMat with euclidean_distance
2025-12-09 08:47:17,676 DeMo.train INFO: Validation Results - Epoch: 14
2025-12-09 08:47:17,677 DeMo.train INFO: mAP: 57.3%
2025-12-09 08:47:17,677 DeMo.train INFO: CMC curve, Rank-1  :74.9%
2025-12-09 08:47:17,677 DeMo.train INFO: CMC curve, Rank-5  :78.8%
2025-12-09 08:47:17,677 DeMo.train INFO: CMC curve, Rank-10 :81.5%
2025-12-09 08:47:17,677 DeMo.train INFO: ~~~~~~~~~~~~~~~~~~~~~~~~~~~~~~~~~~~~~~~~~~~~~~~~~~
2025-12-09 08:47:18,892 DeMo.train INFO: ~~~~~~~~~~~~~~~~~~~~~~~~~~~~~~~~~~~~~~~~~~~~~~~~~~
2025-12-09 08:47:18,893 DeMo.train INFO: Best mAP: 61.0%
2025-12-09 08:47:18,893 DeMo.train INFO: Best Rank-1: 77.4%
2025-12-09 08:47:18,893 DeMo.train INFO: Best Rank-5: 81.3%
2025-12-09 08:47:18,893 DeMo.train INFO: Best Rank-10: 83.1%
2025-12-09 08:47:18,893 DeMo.train INFO: ~~~~~~~~~~~~~~~~~~~~~~~~~~~~~~~~~~~~~~~~~~~~~~~~~~
2025-12-09 08:47:28,345 DeMo.train INFO: Epoch[15] Iteration[10/65] Loss: 0.502, Acc: 0.980, Base Lr: 1.75e-04
2025-12-09 08:47:32,717 DeMo.train INFO: Epoch[15] Iteration[20/65] Loss: 0.606, Acc: 0.982, Base Lr: 1.75e-04
2025-12-09 08:47:37,234 DeMo.train INFO: Epoch[15] Iteration[30/65] Loss: 0.631, Acc: 0.978, Base Lr: 1.75e-04
2025-12-09 08:47:41,565 DeMo.train INFO: Epoch[15] Iteration[40/65] Loss: 0.622, Acc: 0.978, Base Lr: 1.75e-04
2025-12-09 08:47:45,867 DeMo.train INFO: Epoch[15] Iteration[50/65] Loss: 0.582, Acc: 0.981, Base Lr: 1.75e-04
2025-12-09 08:47:50,182 DeMo.train INFO: Epoch[15] Iteration[60/65] Loss: 0.574, Acc: 0.981, Base Lr: 1.75e-04
2025-12-09 08:47:51,647 DeMo.train INFO: Epoch 15 done. Time per batch: 0.520[s] Speed: 246.2[samples/s]
2025-12-09 08:47:51,649 DeMo.train INFO: ~~~~~~~~~~~~~~~~~~~~~~~~~~~~~~~~~~~~~~~~~~~~~~~~~~
2025-12-09 08:47:51,649 DeMo.train INFO: Current is the [moe,ori] feature testing!
2025-12-09 08:47:51,649 DeMo.train INFO: ~~~~~~~~~~~~~~~~~~~~~~~~~~~~~~~~~~~~~~~~~~~~~~~~~~
The test feature is normalized
=> Computing DistMat with euclidean_distance
2025-12-09 08:48:15,092 DeMo.train INFO: Validation Results - Epoch: 15
2025-12-09 08:48:15,092 DeMo.train INFO: mAP: 55.9%
2025-12-09 08:48:15,092 DeMo.train INFO: CMC curve, Rank-1  :75.5%
2025-12-09 08:48:15,092 DeMo.train INFO: CMC curve, Rank-5  :80.1%
2025-12-09 08:48:15,092 DeMo.train INFO: CMC curve, Rank-10 :82.8%
2025-12-09 08:48:15,093 DeMo.train INFO: ~~~~~~~~~~~~~~~~~~~~~~~~~~~~~~~~~~~~~~~~~~~~~~~~~~
2025-12-09 08:48:15,151 DeMo.train INFO: ~~~~~~~~~~~~~~~~~~~~~~~~~~~~~~~~~~~~~~~~~~~~~~~~~~
2025-12-09 08:48:15,151 DeMo.train INFO: Best mAP: 61.0%
2025-12-09 08:48:15,152 DeMo.train INFO: Best Rank-1: 77.4%
2025-12-09 08:48:15,152 DeMo.train INFO: Best Rank-5: 81.3%
2025-12-09 08:48:15,152 DeMo.train INFO: Best Rank-10: 83.1%
2025-12-09 08:48:15,152 DeMo.train INFO: ~~~~~~~~~~~~~~~~~~~~~~~~~~~~~~~~~~~~~~~~~~~~~~~~~~
2025-12-09 08:48:21,794 DeMo.train INFO: Epoch[16] Iteration[10/65] Loss: 0.632, Acc: 0.982, Base Lr: 1.57e-04
2025-12-09 08:48:26,151 DeMo.train INFO: Epoch[16] Iteration[20/65] Loss: 0.544, Acc: 0.986, Base Lr: 1.57e-04
2025-12-09 08:48:30,490 DeMo.train INFO: Epoch[16] Iteration[30/65] Loss: 0.488, Acc: 0.987, Base Lr: 1.57e-04
2025-12-09 08:48:34,804 DeMo.train INFO: Epoch[16] Iteration[40/65] Loss: 0.450, Acc: 0.989, Base Lr: 1.57e-04
2025-12-09 08:48:39,140 DeMo.train INFO: Epoch[16] Iteration[50/65] Loss: 0.435, Acc: 0.991, Base Lr: 1.57e-04
2025-12-09 08:48:43,430 DeMo.train INFO: Epoch[16] Iteration[60/65] Loss: 0.416, Acc: 0.991, Base Lr: 1.57e-04
2025-12-09 08:48:44,871 DeMo.train INFO: Epoch 16 done. Time per batch: 0.472[s] Speed: 271.3[samples/s]
2025-12-09 08:48:44,873 DeMo.train INFO: ~~~~~~~~~~~~~~~~~~~~~~~~~~~~~~~~~~~~~~~~~~~~~~~~~~
2025-12-09 08:48:44,875 DeMo.train INFO: Current is the [moe,ori] feature testing!
2025-12-09 08:48:44,876 DeMo.train INFO: ~~~~~~~~~~~~~~~~~~~~~~~~~~~~~~~~~~~~~~~~~~~~~~~~~~
The test feature is normalized
=> Computing DistMat with euclidean_distance
2025-12-09 08:49:11,410 DeMo.train INFO: Validation Results - Epoch: 16
2025-12-09 08:49:11,411 DeMo.train INFO: mAP: 56.9%
2025-12-09 08:49:11,411 DeMo.train INFO: CMC curve, Rank-1  :75.3%
2025-12-09 08:49:11,411 DeMo.train INFO: CMC curve, Rank-5  :79.7%
2025-12-09 08:49:11,411 DeMo.train INFO: CMC curve, Rank-10 :81.8%
2025-12-09 08:49:11,411 DeMo.train INFO: ~~~~~~~~~~~~~~~~~~~~~~~~~~~~~~~~~~~~~~~~~~~~~~~~~~
2025-12-09 08:49:11,896 DeMo.train INFO: ~~~~~~~~~~~~~~~~~~~~~~~~~~~~~~~~~~~~~~~~~~~~~~~~~~
2025-12-09 08:49:11,896 DeMo.train INFO: Best mAP: 61.0%
2025-12-09 08:49:11,897 DeMo.train INFO: Best Rank-1: 77.4%
2025-12-09 08:49:11,897 DeMo.train INFO: Best Rank-5: 81.3%
2025-12-09 08:49:11,897 DeMo.train INFO: Best Rank-10: 83.1%
2025-12-09 08:49:11,897 DeMo.train INFO: ~~~~~~~~~~~~~~~~~~~~~~~~~~~~~~~~~~~~~~~~~~~~~~~~~~
2025-12-09 08:49:18,663 DeMo.train INFO: Epoch[17] Iteration[10/65] Loss: 0.357, Acc: 0.999, Base Lr: 1.39e-04
2025-12-09 08:49:22,993 DeMo.train INFO: Epoch[17] Iteration[20/65] Loss: 0.317, Acc: 0.998, Base Lr: 1.39e-04
2025-12-09 08:49:27,309 DeMo.train INFO: Epoch[17] Iteration[30/65] Loss: 0.324, Acc: 0.998, Base Lr: 1.39e-04
2025-12-09 08:49:31,640 DeMo.train INFO: Epoch[17] Iteration[40/65] Loss: 0.361, Acc: 0.996, Base Lr: 1.39e-04
2025-12-09 08:49:36,003 DeMo.train INFO: Epoch[17] Iteration[50/65] Loss: 0.396, Acc: 0.995, Base Lr: 1.39e-04
2025-12-09 08:49:40,326 DeMo.train INFO: Epoch[17] Iteration[60/65] Loss: 0.413, Acc: 0.993, Base Lr: 1.39e-04
2025-12-09 08:49:41,779 DeMo.train INFO: Epoch 17 done. Time per batch: 0.474[s] Speed: 269.9[samples/s]
2025-12-09 08:49:41,781 DeMo.train INFO: ~~~~~~~~~~~~~~~~~~~~~~~~~~~~~~~~~~~~~~~~~~~~~~~~~~
2025-12-09 08:49:41,781 DeMo.train INFO: Current is the [moe,ori] feature testing!
2025-12-09 08:49:41,781 DeMo.train INFO: ~~~~~~~~~~~~~~~~~~~~~~~~~~~~~~~~~~~~~~~~~~~~~~~~~~
The test feature is normalized
=> Computing DistMat with euclidean_distance
2025-12-09 08:50:04,754 DeMo.train INFO: Validation Results - Epoch: 17
2025-12-09 08:50:04,754 DeMo.train INFO: mAP: 55.8%
2025-12-09 08:50:04,754 DeMo.train INFO: CMC curve, Rank-1  :74.2%
2025-12-09 08:50:04,754 DeMo.train INFO: CMC curve, Rank-5  :77.5%
2025-12-09 08:50:04,755 DeMo.train INFO: CMC curve, Rank-10 :78.8%
2025-12-09 08:50:04,755 DeMo.train INFO: ~~~~~~~~~~~~~~~~~~~~~~~~~~~~~~~~~~~~~~~~~~~~~~~~~~
2025-12-09 08:50:04,814 DeMo.train INFO: ~~~~~~~~~~~~~~~~~~~~~~~~~~~~~~~~~~~~~~~~~~~~~~~~~~
2025-12-09 08:50:04,814 DeMo.train INFO: Best mAP: 61.0%
2025-12-09 08:50:04,815 DeMo.train INFO: Best Rank-1: 77.4%
2025-12-09 08:50:04,815 DeMo.train INFO: Best Rank-5: 81.3%
2025-12-09 08:50:04,815 DeMo.train INFO: Best Rank-10: 83.1%
2025-12-09 08:50:04,815 DeMo.train INFO: ~~~~~~~~~~~~~~~~~~~~~~~~~~~~~~~~~~~~~~~~~~~~~~~~~~
2025-12-09 08:50:11,067 DeMo.train INFO: Epoch[18] Iteration[10/65] Loss: 0.422, Acc: 0.984, Base Lr: 1.21e-04
2025-12-09 08:50:15,402 DeMo.train INFO: Epoch[18] Iteration[20/65] Loss: 0.416, Acc: 0.989, Base Lr: 1.21e-04
2025-12-09 08:50:19,734 DeMo.train INFO: Epoch[18] Iteration[30/65] Loss: 0.411, Acc: 0.990, Base Lr: 1.21e-04
2025-12-09 08:50:24,070 DeMo.train INFO: Epoch[18] Iteration[40/65] Loss: 0.394, Acc: 0.991, Base Lr: 1.21e-04
2025-12-09 08:50:28,380 DeMo.train INFO: Epoch[18] Iteration[50/65] Loss: 0.370, Acc: 0.992, Base Lr: 1.21e-04
2025-12-09 08:50:32,713 DeMo.train INFO: Epoch[18] Iteration[60/65] Loss: 0.370, Acc: 0.993, Base Lr: 1.21e-04
2025-12-09 08:50:34,175 DeMo.train INFO: Epoch 18 done. Time per batch: 0.466[s] Speed: 274.7[samples/s]
2025-12-09 08:50:34,177 DeMo.train INFO: ~~~~~~~~~~~~~~~~~~~~~~~~~~~~~~~~~~~~~~~~~~~~~~~~~~
2025-12-09 08:50:34,177 DeMo.train INFO: Current is the [moe,ori] feature testing!
2025-12-09 08:50:34,177 DeMo.train INFO: ~~~~~~~~~~~~~~~~~~~~~~~~~~~~~~~~~~~~~~~~~~~~~~~~~~
The test feature is normalized
=> Computing DistMat with euclidean_distance
2025-12-09 08:50:57,196 DeMo.train INFO: Validation Results - Epoch: 18
2025-12-09 08:50:57,197 DeMo.train INFO: mAP: 51.1%
2025-12-09 08:50:57,198 DeMo.train INFO: CMC curve, Rank-1  :70.3%
2025-12-09 08:50:57,199 DeMo.train INFO: CMC curve, Rank-5  :74.3%
2025-12-09 08:50:57,200 DeMo.train INFO: CMC curve, Rank-10 :77.0%
2025-12-09 08:50:57,200 DeMo.train INFO: ~~~~~~~~~~~~~~~~~~~~~~~~~~~~~~~~~~~~~~~~~~~~~~~~~~
2025-12-09 08:50:58,632 DeMo.train INFO: ~~~~~~~~~~~~~~~~~~~~~~~~~~~~~~~~~~~~~~~~~~~~~~~~~~
2025-12-09 08:50:58,633 DeMo.train INFO: Best mAP: 61.0%
2025-12-09 08:50:58,633 DeMo.train INFO: Best Rank-1: 77.4%
2025-12-09 08:50:58,633 DeMo.train INFO: Best Rank-5: 81.3%
2025-12-09 08:50:58,633 DeMo.train INFO: Best Rank-10: 83.1%
2025-12-09 08:50:58,633 DeMo.train INFO: ~~~~~~~~~~~~~~~~~~~~~~~~~~~~~~~~~~~~~~~~~~~~~~~~~~
2025-12-09 08:51:05,420 DeMo.train INFO: Epoch[19] Iteration[10/65] Loss: 0.311, Acc: 0.998, Base Lr: 1.04e-04
2025-12-09 08:51:09,755 DeMo.train INFO: Epoch[19] Iteration[20/65] Loss: 0.287, Acc: 0.998, Base Lr: 1.04e-04
2025-12-09 08:51:14,060 DeMo.train INFO: Epoch[19] Iteration[30/65] Loss: 0.286, Acc: 0.998, Base Lr: 1.04e-04
2025-12-09 08:51:18,631 DeMo.train INFO: Epoch[19] Iteration[40/65] Loss: 0.270, Acc: 0.998, Base Lr: 1.04e-04
2025-12-09 08:51:22,927 DeMo.train INFO: Epoch[19] Iteration[50/65] Loss: 0.262, Acc: 0.998, Base Lr: 1.04e-04
2025-12-09 08:51:27,275 DeMo.train INFO: Epoch[19] Iteration[60/65] Loss: 0.254, Acc: 0.999, Base Lr: 1.04e-04
2025-12-09 08:51:28,323 DeMo.train INFO: Epoch 19 done. Time per batch: 0.479[s] Speed: 267.3[samples/s]
2025-12-09 08:51:28,325 DeMo.train INFO: ~~~~~~~~~~~~~~~~~~~~~~~~~~~~~~~~~~~~~~~~~~~~~~~~~~
2025-12-09 08:51:28,325 DeMo.train INFO: Current is the [moe,ori] feature testing!
2025-12-09 08:51:28,325 DeMo.train INFO: ~~~~~~~~~~~~~~~~~~~~~~~~~~~~~~~~~~~~~~~~~~~~~~~~~~
The test feature is normalized
=> Computing DistMat with euclidean_distance
2025-12-09 08:51:51,292 DeMo.train INFO: Validation Results - Epoch: 19
2025-12-09 08:51:51,292 DeMo.train INFO: mAP: 59.4%
2025-12-09 08:51:51,292 DeMo.train INFO: CMC curve, Rank-1  :78.1%
2025-12-09 08:51:51,292 DeMo.train INFO: CMC curve, Rank-5  :80.5%
2025-12-09 08:51:51,292 DeMo.train INFO: CMC curve, Rank-10 :81.7%
2025-12-09 08:51:51,292 DeMo.train INFO: ~~~~~~~~~~~~~~~~~~~~~~~~~~~~~~~~~~~~~~~~~~~~~~~~~~
2025-12-09 08:51:51,383 DeMo.train INFO: ~~~~~~~~~~~~~~~~~~~~~~~~~~~~~~~~~~~~~~~~~~~~~~~~~~
2025-12-09 08:51:51,383 DeMo.train INFO: Best mAP: 61.0%
2025-12-09 08:51:51,384 DeMo.train INFO: Best Rank-1: 77.4%
2025-12-09 08:51:51,384 DeMo.train INFO: Best Rank-5: 81.3%
2025-12-09 08:51:51,384 DeMo.train INFO: Best Rank-10: 83.1%
2025-12-09 08:51:51,384 DeMo.train INFO: ~~~~~~~~~~~~~~~~~~~~~~~~~~~~~~~~~~~~~~~~~~~~~~~~~~
2025-12-09 08:52:00,400 DeMo.train INFO: Epoch[20] Iteration[10/65] Loss: 0.228, Acc: 1.000, Base Lr: 8.78e-05
2025-12-09 08:52:04,728 DeMo.train INFO: Epoch[20] Iteration[20/65] Loss: 0.220, Acc: 1.000, Base Lr: 8.78e-05
2025-12-09 08:52:09,056 DeMo.train INFO: Epoch[20] Iteration[30/65] Loss: 0.222, Acc: 1.000, Base Lr: 8.78e-05
2025-12-09 08:52:13,439 DeMo.train INFO: Epoch[20] Iteration[40/65] Loss: 0.220, Acc: 1.000, Base Lr: 8.78e-05
2025-12-09 08:52:17,769 DeMo.train INFO: Epoch[20] Iteration[50/65] Loss: 0.218, Acc: 0.999, Base Lr: 8.78e-05
2025-12-09 08:52:22,181 DeMo.train INFO: Epoch[20] Iteration[60/65] Loss: 0.216, Acc: 0.999, Base Lr: 8.78e-05
2025-12-09 08:52:23,636 DeMo.train INFO: Epoch 20 done. Time per batch: 0.512[s] Speed: 250.0[samples/s]
2025-12-09 08:52:23,638 DeMo.train INFO: ~~~~~~~~~~~~~~~~~~~~~~~~~~~~~~~~~~~~~~~~~~~~~~~~~~
2025-12-09 08:52:23,638 DeMo.train INFO: Current is the [moe,ori] feature testing!
2025-12-09 08:52:23,638 DeMo.train INFO: ~~~~~~~~~~~~~~~~~~~~~~~~~~~~~~~~~~~~~~~~~~~~~~~~~~
The test feature is normalized
=> Computing DistMat with euclidean_distance
2025-12-09 08:52:46,176 DeMo.train INFO: Validation Results - Epoch: 20
2025-12-09 08:52:46,176 DeMo.train INFO: mAP: 62.1%
2025-12-09 08:52:46,176 DeMo.train INFO: CMC curve, Rank-1  :78.8%
2025-12-09 08:52:46,176 DeMo.train INFO: CMC curve, Rank-5  :82.3%
2025-12-09 08:52:46,177 DeMo.train INFO: CMC curve, Rank-10 :83.4%
2025-12-09 08:52:46,177 DeMo.train INFO: ~~~~~~~~~~~~~~~~~~~~~~~~~~~~~~~~~~~~~~~~~~~~~~~~~~
2025-12-09 08:53:02,960 DeMo.train INFO: ~~~~~~~~~~~~~~~~~~~~~~~~~~~~~~~~~~~~~~~~~~~~~~~~~~
2025-12-09 08:53:02,962 DeMo.train INFO: Best mAP: 62.1%
2025-12-09 08:53:02,962 DeMo.train INFO: Best Rank-1: 78.8%
2025-12-09 08:53:02,962 DeMo.train INFO: Best Rank-5: 82.3%
2025-12-09 08:53:02,962 DeMo.train INFO: Best Rank-10: 83.4%
2025-12-09 08:53:02,963 DeMo.train INFO: ~~~~~~~~~~~~~~~~~~~~~~~~~~~~~~~~~~~~~~~~~~~~~~~~~~
2025-12-09 08:53:13,198 DeMo.train INFO: Epoch[21] Iteration[10/65] Loss: 0.217, Acc: 1.000, Base Lr: 7.24e-05
2025-12-09 08:53:17,561 DeMo.train INFO: Epoch[21] Iteration[20/65] Loss: 0.211, Acc: 1.000, Base Lr: 7.24e-05
2025-12-09 08:53:21,965 DeMo.train INFO: Epoch[21] Iteration[30/65] Loss: 0.210, Acc: 1.000, Base Lr: 7.24e-05
2025-12-09 08:53:26,268 DeMo.train INFO: Epoch[21] Iteration[40/65] Loss: 0.208, Acc: 1.000, Base Lr: 7.24e-05
2025-12-09 08:53:30,564 DeMo.train INFO: Epoch[21] Iteration[50/65] Loss: 0.207, Acc: 1.000, Base Lr: 7.24e-05
2025-12-09 08:53:34,846 DeMo.train INFO: Epoch[21] Iteration[60/65] Loss: 0.206, Acc: 1.000, Base Lr: 7.24e-05
2025-12-09 08:53:35,875 DeMo.train INFO: Epoch 21 done. Time per batch: 0.531[s] Speed: 241.1[samples/s]
2025-12-09 08:53:35,877 DeMo.train INFO: ~~~~~~~~~~~~~~~~~~~~~~~~~~~~~~~~~~~~~~~~~~~~~~~~~~
2025-12-09 08:53:35,877 DeMo.train INFO: Current is the [moe,ori] feature testing!
2025-12-09 08:53:35,877 DeMo.train INFO: ~~~~~~~~~~~~~~~~~~~~~~~~~~~~~~~~~~~~~~~~~~~~~~~~~~
The test feature is normalized
=> Computing DistMat with euclidean_distance
2025-12-09 08:53:59,082 DeMo.train INFO: Validation Results - Epoch: 21
2025-12-09 08:53:59,082 DeMo.train INFO: mAP: 62.6%
2025-12-09 08:53:59,082 DeMo.train INFO: CMC curve, Rank-1  :79.0%
2025-12-09 08:53:59,083 DeMo.train INFO: CMC curve, Rank-5  :81.3%
2025-12-09 08:53:59,083 DeMo.train INFO: CMC curve, Rank-10 :82.7%
2025-12-09 08:53:59,083 DeMo.train INFO: ~~~~~~~~~~~~~~~~~~~~~~~~~~~~~~~~~~~~~~~~~~~~~~~~~~
2025-12-09 08:54:33,669 DeMo.train INFO: ~~~~~~~~~~~~~~~~~~~~~~~~~~~~~~~~~~~~~~~~~~~~~~~~~~
2025-12-09 08:54:33,671 DeMo.train INFO: Best mAP: 62.6%
2025-12-09 08:54:33,671 DeMo.train INFO: Best Rank-1: 79.0%
2025-12-09 08:54:33,673 DeMo.train INFO: Best Rank-5: 81.3%
2025-12-09 08:54:33,674 DeMo.train INFO: Best Rank-10: 82.7%
2025-12-09 08:54:33,674 DeMo.train INFO: ~~~~~~~~~~~~~~~~~~~~~~~~~~~~~~~~~~~~~~~~~~~~~~~~~~
2025-12-09 08:54:43,627 DeMo.train INFO: Epoch[22] Iteration[10/65] Loss: 0.204, Acc: 1.000, Base Lr: 5.82e-05
2025-12-09 08:54:48,025 DeMo.train INFO: Epoch[22] Iteration[20/65] Loss: 0.204, Acc: 1.000, Base Lr: 5.82e-05
2025-12-09 08:54:52,393 DeMo.train INFO: Epoch[22] Iteration[30/65] Loss: 0.204, Acc: 1.000, Base Lr: 5.82e-05
2025-12-09 08:54:56,722 DeMo.train INFO: Epoch[22] Iteration[40/65] Loss: 0.203, Acc: 1.000, Base Lr: 5.82e-05
2025-12-09 08:55:01,000 DeMo.train INFO: Epoch[22] Iteration[50/65] Loss: 0.203, Acc: 1.000, Base Lr: 5.82e-05
2025-12-09 08:55:05,308 DeMo.train INFO: Epoch[22] Iteration[60/65] Loss: 0.203, Acc: 1.000, Base Lr: 5.82e-05
2025-12-09 08:55:06,357 DeMo.train INFO: Epoch 22 done. Time per batch: 0.527[s] Speed: 242.8[samples/s]
2025-12-09 08:55:06,359 DeMo.train INFO: ~~~~~~~~~~~~~~~~~~~~~~~~~~~~~~~~~~~~~~~~~~~~~~~~~~
2025-12-09 08:55:06,359 DeMo.train INFO: Current is the [moe,ori] feature testing!
2025-12-09 08:55:06,359 DeMo.train INFO: ~~~~~~~~~~~~~~~~~~~~~~~~~~~~~~~~~~~~~~~~~~~~~~~~~~
The test feature is normalized
=> Computing DistMat with euclidean_distance
2025-12-09 08:55:29,976 DeMo.train INFO: Validation Results - Epoch: 22
2025-12-09 08:55:29,976 DeMo.train INFO: mAP: 61.9%
2025-12-09 08:55:29,976 DeMo.train INFO: CMC curve, Rank-1  :79.2%
2025-12-09 08:55:29,976 DeMo.train INFO: CMC curve, Rank-5  :81.8%
2025-12-09 08:55:29,977 DeMo.train INFO: CMC curve, Rank-10 :83.1%
2025-12-09 08:55:29,977 DeMo.train INFO: ~~~~~~~~~~~~~~~~~~~~~~~~~~~~~~~~~~~~~~~~~~~~~~~~~~
2025-12-09 08:55:30,300 DeMo.train INFO: ~~~~~~~~~~~~~~~~~~~~~~~~~~~~~~~~~~~~~~~~~~~~~~~~~~
2025-12-09 08:55:30,301 DeMo.train INFO: Best mAP: 62.6%
2025-12-09 08:55:30,301 DeMo.train INFO: Best Rank-1: 79.0%
2025-12-09 08:55:30,301 DeMo.train INFO: Best Rank-5: 81.3%
2025-12-09 08:55:30,301 DeMo.train INFO: Best Rank-10: 82.7%
2025-12-09 08:55:30,301 DeMo.train INFO: ~~~~~~~~~~~~~~~~~~~~~~~~~~~~~~~~~~~~~~~~~~~~~~~~~~
2025-12-09 08:55:36,995 DeMo.train INFO: Epoch[23] Iteration[10/65] Loss: 0.201, Acc: 1.000, Base Lr: 4.53e-05
2025-12-09 08:55:41,300 DeMo.train INFO: Epoch[23] Iteration[20/65] Loss: 0.201, Acc: 1.000, Base Lr: 4.53e-05
2025-12-09 08:55:45,612 DeMo.train INFO: Epoch[23] Iteration[30/65] Loss: 0.201, Acc: 1.000, Base Lr: 4.53e-05
2025-12-09 08:55:49,955 DeMo.train INFO: Epoch[23] Iteration[40/65] Loss: 0.200, Acc: 1.000, Base Lr: 4.53e-05
2025-12-09 08:55:54,261 DeMo.train INFO: Epoch[23] Iteration[50/65] Loss: 0.200, Acc: 1.000, Base Lr: 4.53e-05
2025-12-09 08:55:58,567 DeMo.train INFO: Epoch[23] Iteration[60/65] Loss: 0.200, Acc: 1.000, Base Lr: 4.53e-05
2025-12-09 08:55:59,582 DeMo.train INFO: Epoch 23 done. Time per batch: 0.472[s] Speed: 271.0[samples/s]
2025-12-09 08:55:59,584 DeMo.train INFO: ~~~~~~~~~~~~~~~~~~~~~~~~~~~~~~~~~~~~~~~~~~~~~~~~~~
2025-12-09 08:55:59,585 DeMo.train INFO: Current is the [moe,ori] feature testing!
2025-12-09 08:55:59,586 DeMo.train INFO: ~~~~~~~~~~~~~~~~~~~~~~~~~~~~~~~~~~~~~~~~~~~~~~~~~~
The test feature is normalized
=> Computing DistMat with euclidean_distance
2025-12-09 08:56:26,301 DeMo.train INFO: Validation Results - Epoch: 23
2025-12-09 08:56:26,301 DeMo.train INFO: mAP: 62.3%
2025-12-09 08:56:26,302 DeMo.train INFO: CMC curve, Rank-1  :79.6%
2025-12-09 08:56:26,302 DeMo.train INFO: CMC curve, Rank-5  :81.6%
2025-12-09 08:56:26,302 DeMo.train INFO: CMC curve, Rank-10 :83.2%
2025-12-09 08:56:26,302 DeMo.train INFO: ~~~~~~~~~~~~~~~~~~~~~~~~~~~~~~~~~~~~~~~~~~~~~~~~~~
2025-12-09 08:56:26,614 DeMo.train INFO: ~~~~~~~~~~~~~~~~~~~~~~~~~~~~~~~~~~~~~~~~~~~~~~~~~~
2025-12-09 08:56:26,614 DeMo.train INFO: Best mAP: 62.6%
2025-12-09 08:56:26,614 DeMo.train INFO: Best Rank-1: 79.0%
2025-12-09 08:56:26,614 DeMo.train INFO: Best Rank-5: 81.3%
2025-12-09 08:56:26,615 DeMo.train INFO: Best Rank-10: 82.7%
2025-12-09 08:56:26,615 DeMo.train INFO: ~~~~~~~~~~~~~~~~~~~~~~~~~~~~~~~~~~~~~~~~~~~~~~~~~~
2025-12-09 08:56:33,205 DeMo.train INFO: Epoch[24] Iteration[10/65] Loss: 0.199, Acc: 1.000, Base Lr: 3.37e-05
2025-12-09 08:56:37,503 DeMo.train INFO: Epoch[24] Iteration[20/65] Loss: 0.200, Acc: 1.000, Base Lr: 3.37e-05
2025-12-09 08:56:41,787 DeMo.train INFO: Epoch[24] Iteration[30/65] Loss: 0.201, Acc: 1.000, Base Lr: 3.37e-05
2025-12-09 08:56:46,109 DeMo.train INFO: Epoch[24] Iteration[40/65] Loss: 0.201, Acc: 1.000, Base Lr: 3.37e-05
2025-12-09 08:56:50,418 DeMo.train INFO: Epoch[24] Iteration[50/65] Loss: 0.200, Acc: 1.000, Base Lr: 3.37e-05
2025-12-09 08:56:54,698 DeMo.train INFO: Epoch[24] Iteration[60/65] Loss: 0.200, Acc: 1.000, Base Lr: 3.37e-05
2025-12-09 08:56:55,720 DeMo.train INFO: Epoch 24 done. Time per batch: 0.469[s] Speed: 272.7[samples/s]
2025-12-09 08:56:55,723 DeMo.train INFO: ~~~~~~~~~~~~~~~~~~~~~~~~~~~~~~~~~~~~~~~~~~~~~~~~~~
2025-12-09 08:56:55,724 DeMo.train INFO: Current is the [moe,ori] feature testing!
2025-12-09 08:56:55,725 DeMo.train INFO: ~~~~~~~~~~~~~~~~~~~~~~~~~~~~~~~~~~~~~~~~~~~~~~~~~~
The test feature is normalized
=> Computing DistMat with euclidean_distance
2025-12-09 08:57:21,083 DeMo.train INFO: Validation Results - Epoch: 24
2025-12-09 08:57:21,083 DeMo.train INFO: mAP: 62.2%
2025-12-09 08:57:21,083 DeMo.train INFO: CMC curve, Rank-1  :79.2%
2025-12-09 08:57:21,083 DeMo.train INFO: CMC curve, Rank-5  :80.9%
2025-12-09 08:57:21,084 DeMo.train INFO: CMC curve, Rank-10 :82.9%
2025-12-09 08:57:21,084 DeMo.train INFO: ~~~~~~~~~~~~~~~~~~~~~~~~~~~~~~~~~~~~~~~~~~~~~~~~~~
2025-12-09 08:57:21,143 DeMo.train INFO: ~~~~~~~~~~~~~~~~~~~~~~~~~~~~~~~~~~~~~~~~~~~~~~~~~~
2025-12-09 08:57:21,143 DeMo.train INFO: Best mAP: 62.6%
2025-12-09 08:57:21,144 DeMo.train INFO: Best Rank-1: 79.0%
2025-12-09 08:57:21,144 DeMo.train INFO: Best Rank-5: 81.3%
2025-12-09 08:57:21,144 DeMo.train INFO: Best Rank-10: 82.7%
2025-12-09 08:57:21,144 DeMo.train INFO: ~~~~~~~~~~~~~~~~~~~~~~~~~~~~~~~~~~~~~~~~~~~~~~~~~~
2025-12-09 08:57:27,182 DeMo.train INFO: Epoch[25] Iteration[10/65] Loss: 0.199, Acc: 1.000, Base Lr: 2.38e-05
2025-12-09 08:57:31,511 DeMo.train INFO: Epoch[25] Iteration[20/65] Loss: 0.199, Acc: 1.000, Base Lr: 2.38e-05
2025-12-09 08:57:35,810 DeMo.train INFO: Epoch[25] Iteration[30/65] Loss: 0.199, Acc: 1.000, Base Lr: 2.38e-05
2025-12-09 08:57:40,123 DeMo.train INFO: Epoch[25] Iteration[40/65] Loss: 0.199, Acc: 1.000, Base Lr: 2.38e-05
2025-12-09 08:57:44,402 DeMo.train INFO: Epoch[25] Iteration[50/65] Loss: 0.199, Acc: 1.000, Base Lr: 2.38e-05
2025-12-09 08:57:48,707 DeMo.train INFO: Epoch[25] Iteration[60/65] Loss: 0.199, Acc: 1.000, Base Lr: 2.38e-05
2025-12-09 08:57:49,706 DeMo.train INFO: Epoch 25 done. Time per batch: 0.461[s] Speed: 277.8[samples/s]
2025-12-09 08:57:49,708 DeMo.train INFO: ~~~~~~~~~~~~~~~~~~~~~~~~~~~~~~~~~~~~~~~~~~~~~~~~~~
2025-12-09 08:57:49,708 DeMo.train INFO: Current is the [moe,ori] feature testing!
2025-12-09 08:57:49,708 DeMo.train INFO: ~~~~~~~~~~~~~~~~~~~~~~~~~~~~~~~~~~~~~~~~~~~~~~~~~~
The test feature is normalized
=> Computing DistMat with euclidean_distance
2025-12-09 08:58:12,443 DeMo.train INFO: Validation Results - Epoch: 25
2025-12-09 08:58:12,443 DeMo.train INFO: mAP: 62.2%
2025-12-09 08:58:12,443 DeMo.train INFO: CMC curve, Rank-1  :79.4%
2025-12-09 08:58:12,444 DeMo.train INFO: CMC curve, Rank-5  :81.2%
2025-12-09 08:58:12,444 DeMo.train INFO: CMC curve, Rank-10 :83.1%
2025-12-09 08:58:12,444 DeMo.train INFO: ~~~~~~~~~~~~~~~~~~~~~~~~~~~~~~~~~~~~~~~~~~~~~~~~~~
2025-12-09 08:58:12,505 DeMo.train INFO: ~~~~~~~~~~~~~~~~~~~~~~~~~~~~~~~~~~~~~~~~~~~~~~~~~~
2025-12-09 08:58:12,506 DeMo.train INFO: Best mAP: 62.6%
2025-12-09 08:58:12,506 DeMo.train INFO: Best Rank-1: 79.0%
2025-12-09 08:58:12,506 DeMo.train INFO: Best Rank-5: 81.3%
2025-12-09 08:58:12,506 DeMo.train INFO: Best Rank-10: 82.7%
2025-12-09 08:58:12,506 DeMo.train INFO: ~~~~~~~~~~~~~~~~~~~~~~~~~~~~~~~~~~~~~~~~~~~~~~~~~~
2025-12-09 08:58:18,945 DeMo.train INFO: Epoch[26] Iteration[10/65] Loss: 0.199, Acc: 0.999, Base Lr: 1.55e-05
2025-12-09 08:58:23,289 DeMo.train INFO: Epoch[26] Iteration[20/65] Loss: 0.199, Acc: 1.000, Base Lr: 1.55e-05
2025-12-09 08:58:27,610 DeMo.train INFO: Epoch[26] Iteration[30/65] Loss: 0.199, Acc: 1.000, Base Lr: 1.55e-05
2025-12-09 08:58:31,923 DeMo.train INFO: Epoch[26] Iteration[40/65] Loss: 0.198, Acc: 1.000, Base Lr: 1.55e-05
2025-12-09 08:58:36,215 DeMo.train INFO: Epoch[26] Iteration[50/65] Loss: 0.198, Acc: 1.000, Base Lr: 1.55e-05
2025-12-09 08:58:40,520 DeMo.train INFO: Epoch[26] Iteration[60/65] Loss: 0.198, Acc: 1.000, Base Lr: 1.55e-05
2025-12-09 08:58:41,971 DeMo.train INFO: Epoch 26 done. Time per batch: 0.468[s] Speed: 273.7[samples/s]
2025-12-09 08:58:41,973 DeMo.train INFO: ~~~~~~~~~~~~~~~~~~~~~~~~~~~~~~~~~~~~~~~~~~~~~~~~~~
2025-12-09 08:58:41,973 DeMo.train INFO: Current is the [moe,ori] feature testing!
2025-12-09 08:58:41,973 DeMo.train INFO: ~~~~~~~~~~~~~~~~~~~~~~~~~~~~~~~~~~~~~~~~~~~~~~~~~~
The test feature is normalized
=> Computing DistMat with euclidean_distance
2025-12-09 08:59:04,959 DeMo.train INFO: Validation Results - Epoch: 26
2025-12-09 08:59:04,960 DeMo.train INFO: mAP: 62.4%
2025-12-09 08:59:04,962 DeMo.train INFO: CMC curve, Rank-1  :79.2%
2025-12-09 08:59:04,962 DeMo.train INFO: CMC curve, Rank-5  :81.6%
2025-12-09 08:59:04,962 DeMo.train INFO: CMC curve, Rank-10 :82.9%
2025-12-09 08:59:04,963 DeMo.train INFO: ~~~~~~~~~~~~~~~~~~~~~~~~~~~~~~~~~~~~~~~~~~~~~~~~~~
2025-12-09 08:59:06,311 DeMo.train INFO: ~~~~~~~~~~~~~~~~~~~~~~~~~~~~~~~~~~~~~~~~~~~~~~~~~~
2025-12-09 08:59:06,312 DeMo.train INFO: Best mAP: 62.6%
2025-12-09 08:59:06,313 DeMo.train INFO: Best Rank-1: 79.0%
2025-12-09 08:59:06,313 DeMo.train INFO: Best Rank-5: 81.3%
2025-12-09 08:59:06,314 DeMo.train INFO: Best Rank-10: 82.7%
2025-12-09 08:59:06,315 DeMo.train INFO: ~~~~~~~~~~~~~~~~~~~~~~~~~~~~~~~~~~~~~~~~~~~~~~~~~~
2025-12-09 08:59:13,963 DeMo.train INFO: Epoch[27] Iteration[10/65] Loss: 0.198, Acc: 1.000, Base Lr: 8.91e-06
2025-12-09 08:59:18,308 DeMo.train INFO: Epoch[27] Iteration[20/65] Loss: 0.198, Acc: 1.000, Base Lr: 8.91e-06
2025-12-09 08:59:22,621 DeMo.train INFO: Epoch[27] Iteration[30/65] Loss: 0.198, Acc: 1.000, Base Lr: 8.91e-06
2025-12-09 08:59:26,922 DeMo.train INFO: Epoch[27] Iteration[40/65] Loss: 0.199, Acc: 1.000, Base Lr: 8.91e-06
2025-12-09 08:59:31,205 DeMo.train INFO: Epoch[27] Iteration[50/65] Loss: 0.198, Acc: 1.000, Base Lr: 8.91e-06
2025-12-09 08:59:35,481 DeMo.train INFO: Epoch[27] Iteration[60/65] Loss: 0.199, Acc: 1.000, Base Lr: 8.91e-06
2025-12-09 08:59:36,940 DeMo.train INFO: Epoch 27 done. Time per batch: 0.486[s] Speed: 263.3[samples/s]
2025-12-09 08:59:36,942 DeMo.train INFO: ~~~~~~~~~~~~~~~~~~~~~~~~~~~~~~~~~~~~~~~~~~~~~~~~~~
2025-12-09 08:59:36,942 DeMo.train INFO: Current is the [moe,ori] feature testing!
2025-12-09 08:59:36,942 DeMo.train INFO: ~~~~~~~~~~~~~~~~~~~~~~~~~~~~~~~~~~~~~~~~~~~~~~~~~~
The test feature is normalized
=> Computing DistMat with euclidean_distance
2025-12-09 08:59:59,367 DeMo.train INFO: Validation Results - Epoch: 27
2025-12-09 08:59:59,368 DeMo.train INFO: mAP: 62.4%
2025-12-09 08:59:59,368 DeMo.train INFO: CMC curve, Rank-1  :79.3%
2025-12-09 08:59:59,368 DeMo.train INFO: CMC curve, Rank-5  :81.7%
2025-12-09 08:59:59,368 DeMo.train INFO: CMC curve, Rank-10 :82.7%
2025-12-09 08:59:59,369 DeMo.train INFO: ~~~~~~~~~~~~~~~~~~~~~~~~~~~~~~~~~~~~~~~~~~~~~~~~~~
2025-12-09 08:59:59,434 DeMo.train INFO: ~~~~~~~~~~~~~~~~~~~~~~~~~~~~~~~~~~~~~~~~~~~~~~~~~~
2025-12-09 08:59:59,434 DeMo.train INFO: Best mAP: 62.6%
2025-12-09 08:59:59,434 DeMo.train INFO: Best Rank-1: 79.0%
2025-12-09 08:59:59,434 DeMo.train INFO: Best Rank-5: 81.3%
2025-12-09 08:59:59,434 DeMo.train INFO: Best Rank-10: 82.7%
2025-12-09 08:59:59,434 DeMo.train INFO: ~~~~~~~~~~~~~~~~~~~~~~~~~~~~~~~~~~~~~~~~~~~~~~~~~~
2025-12-09 09:00:06,327 DeMo.train INFO: Epoch[28] Iteration[10/65] Loss: 0.200, Acc: 1.000, Base Lr: 4.17e-06
2025-12-09 09:00:10,645 DeMo.train INFO: Epoch[28] Iteration[20/65] Loss: 0.199, Acc: 1.000, Base Lr: 4.17e-06
2025-12-09 09:00:14,972 DeMo.train INFO: Epoch[28] Iteration[30/65] Loss: 0.199, Acc: 1.000, Base Lr: 4.17e-06
2025-12-09 09:00:19,295 DeMo.train INFO: Epoch[28] Iteration[40/65] Loss: 0.199, Acc: 1.000, Base Lr: 4.17e-06
2025-12-09 09:00:23,620 DeMo.train INFO: Epoch[28] Iteration[50/65] Loss: 0.198, Acc: 1.000, Base Lr: 4.17e-06
2025-12-09 09:00:27,921 DeMo.train INFO: Epoch[28] Iteration[60/65] Loss: 0.198, Acc: 1.000, Base Lr: 4.17e-06
2025-12-09 09:00:28,933 DeMo.train INFO: Epoch 28 done. Time per batch: 0.476[s] Speed: 269.0[samples/s]
2025-12-09 09:00:28,934 DeMo.train INFO: ~~~~~~~~~~~~~~~~~~~~~~~~~~~~~~~~~~~~~~~~~~~~~~~~~~
2025-12-09 09:00:28,935 DeMo.train INFO: Current is the [moe,ori] feature testing!
2025-12-09 09:00:28,935 DeMo.train INFO: ~~~~~~~~~~~~~~~~~~~~~~~~~~~~~~~~~~~~~~~~~~~~~~~~~~
The test feature is normalized
=> Computing DistMat with euclidean_distance
2025-12-09 09:00:52,475 DeMo.train INFO: Validation Results - Epoch: 28
2025-12-09 09:00:52,475 DeMo.train INFO: mAP: 62.4%
2025-12-09 09:00:52,475 DeMo.train INFO: CMC curve, Rank-1  :79.3%
2025-12-09 09:00:52,476 DeMo.train INFO: CMC curve, Rank-5  :81.6%
2025-12-09 09:00:52,476 DeMo.train INFO: CMC curve, Rank-10 :82.7%
2025-12-09 09:00:52,476 DeMo.train INFO: ~~~~~~~~~~~~~~~~~~~~~~~~~~~~~~~~~~~~~~~~~~~~~~~~~~
2025-12-09 09:00:52,780 DeMo.train INFO: ~~~~~~~~~~~~~~~~~~~~~~~~~~~~~~~~~~~~~~~~~~~~~~~~~~
2025-12-09 09:00:52,781 DeMo.train INFO: Best mAP: 62.6%
2025-12-09 09:00:52,781 DeMo.train INFO: Best Rank-1: 79.0%
2025-12-09 09:00:52,781 DeMo.train INFO: Best Rank-5: 81.3%
2025-12-09 09:00:52,781 DeMo.train INFO: Best Rank-10: 82.7%
2025-12-09 09:00:52,781 DeMo.train INFO: ~~~~~~~~~~~~~~~~~~~~~~~~~~~~~~~~~~~~~~~~~~~~~~~~~~
2025-12-09 09:00:59,380 DeMo.train INFO: Epoch[29] Iteration[10/65] Loss: 0.199, Acc: 1.000, Base Lr: 1.31e-06
2025-12-09 09:01:03,712 DeMo.train INFO: Epoch[29] Iteration[20/65] Loss: 0.198, Acc: 1.000, Base Lr: 1.31e-06
2025-12-09 09:01:08,028 DeMo.train INFO: Epoch[29] Iteration[30/65] Loss: 0.198, Acc: 1.000, Base Lr: 1.31e-06
2025-12-09 09:01:12,334 DeMo.train INFO: Epoch[29] Iteration[40/65] Loss: 0.197, Acc: 1.000, Base Lr: 1.31e-06
2025-12-09 09:01:16,635 DeMo.train INFO: Epoch[29] Iteration[50/65] Loss: 0.198, Acc: 1.000, Base Lr: 1.31e-06
2025-12-09 09:01:20,936 DeMo.train INFO: Epoch[29] Iteration[60/65] Loss: 0.198, Acc: 1.000, Base Lr: 1.31e-06
2025-12-09 09:01:21,963 DeMo.train INFO: Epoch 29 done. Time per batch: 0.471[s] Speed: 271.9[samples/s]
2025-12-09 09:01:21,966 DeMo.train INFO: ~~~~~~~~~~~~~~~~~~~~~~~~~~~~~~~~~~~~~~~~~~~~~~~~~~
2025-12-09 09:01:21,966 DeMo.train INFO: Current is the [moe,ori] feature testing!
2025-12-09 09:01:21,968 DeMo.train INFO: ~~~~~~~~~~~~~~~~~~~~~~~~~~~~~~~~~~~~~~~~~~~~~~~~~~
The test feature is normalized
=> Computing DistMat with euclidean_distance
2025-12-09 09:01:49,430 DeMo.train INFO: Validation Results - Epoch: 29
2025-12-09 09:01:49,430 DeMo.train INFO: mAP: 62.4%
2025-12-09 09:01:49,430 DeMo.train INFO: CMC curve, Rank-1  :79.3%
2025-12-09 09:01:49,430 DeMo.train INFO: CMC curve, Rank-5  :81.7%
2025-12-09 09:01:49,430 DeMo.train INFO: CMC curve, Rank-10 :82.7%
2025-12-09 09:01:49,430 DeMo.train INFO: ~~~~~~~~~~~~~~~~~~~~~~~~~~~~~~~~~~~~~~~~~~~~~~~~~~
2025-12-09 09:01:49,520 DeMo.train INFO: ~~~~~~~~~~~~~~~~~~~~~~~~~~~~~~~~~~~~~~~~~~~~~~~~~~
2025-12-09 09:01:49,521 DeMo.train INFO: Best mAP: 62.6%
2025-12-09 09:01:49,521 DeMo.train INFO: Best Rank-1: 79.0%
2025-12-09 09:01:49,521 DeMo.train INFO: Best Rank-5: 81.3%
2025-12-09 09:01:49,521 DeMo.train INFO: Best Rank-10: 82.7%
2025-12-09 09:01:49,521 DeMo.train INFO: ~~~~~~~~~~~~~~~~~~~~~~~~~~~~~~~~~~~~~~~~~~~~~~~~~~
2025-12-09 09:01:56,134 DeMo.train INFO: Epoch[30] Iteration[10/65] Loss: 0.199, Acc: 1.000, Base Lr: 3.50e-07
2025-12-09 09:02:00,484 DeMo.train INFO: Epoch[30] Iteration[20/65] Loss: 0.199, Acc: 1.000, Base Lr: 3.50e-07
2025-12-09 09:02:04,789 DeMo.train INFO: Epoch[30] Iteration[30/65] Loss: 0.199, Acc: 1.000, Base Lr: 3.50e-07
2025-12-09 09:02:09,111 DeMo.train INFO: Epoch[30] Iteration[40/65] Loss: 0.198, Acc: 1.000, Base Lr: 3.50e-07
2025-12-09 09:02:13,433 DeMo.train INFO: Epoch[30] Iteration[50/65] Loss: 0.199, Acc: 1.000, Base Lr: 3.50e-07
2025-12-09 09:02:17,740 DeMo.train INFO: Epoch[30] Iteration[60/65] Loss: 0.198, Acc: 1.000, Base Lr: 3.50e-07
2025-12-09 09:02:18,753 DeMo.train INFO: Epoch 30 done. Time per batch: 0.471[s] Speed: 271.5[samples/s]
2025-12-09 09:02:18,754 DeMo.train INFO: ~~~~~~~~~~~~~~~~~~~~~~~~~~~~~~~~~~~~~~~~~~~~~~~~~~
2025-12-09 09:02:18,755 DeMo.train INFO: Current is the [moe,ori] feature testing!
2025-12-09 09:02:18,755 DeMo.train INFO: ~~~~~~~~~~~~~~~~~~~~~~~~~~~~~~~~~~~~~~~~~~~~~~~~~~
The test feature is normalized
=> Computing DistMat with euclidean_distance
2025-12-09 09:02:41,566 DeMo.train INFO: Validation Results - Epoch: 30
2025-12-09 09:02:41,567 DeMo.train INFO: mAP: 62.4%
2025-12-09 09:02:41,567 DeMo.train INFO: CMC curve, Rank-1  :79.3%
2025-12-09 09:02:41,567 DeMo.train INFO: CMC curve, Rank-5  :81.7%
2025-12-09 09:02:41,567 DeMo.train INFO: CMC curve, Rank-10 :82.7%
2025-12-09 09:02:41,567 DeMo.train INFO: ~~~~~~~~~~~~~~~~~~~~~~~~~~~~~~~~~~~~~~~~~~~~~~~~~~
2025-12-09 09:02:41,627 DeMo.train INFO: ~~~~~~~~~~~~~~~~~~~~~~~~~~~~~~~~~~~~~~~~~~~~~~~~~~
2025-12-09 09:02:41,627 DeMo.train INFO: Best mAP: 62.6%
2025-12-09 09:02:41,627 DeMo.train INFO: Best Rank-1: 79.0%
2025-12-09 09:02:41,627 DeMo.train INFO: Best Rank-5: 81.3%
2025-12-09 09:02:41,627 DeMo.train INFO: Best Rank-10: 82.7%
2025-12-09 09:02:41,627 DeMo.train INFO: ~~~~~~~~~~~~~~~~~~~~~~~~~~~~~~~~~~~~~~~~~~~~~~~~~~
