2025-12-09 08:32:50,646 DeMo INFO: Saving model in the path :..
2025-12-09 08:32:50,646 DeMo INFO: Namespace(config_file='configs/RGBNT100/DeMo_SDTPS_DGAF_ablation.yml', exp_name=None, fea_cft=0, local_rank=0, opts=['MODEL.USE_SDTPS', 'False', 'MODEL.USE_DGAF', 'True', 'MODEL.DGAF_VERSION', 'v3', 'MODEL.GLOBAL_LOCAL', 'False'])
2025-12-09 08:32:50,646 DeMo INFO: Loaded configuration file configs/RGBNT100/DeMo_SDTPS_DGAF_ablation.yml
2025-12-09 08:32:50,647 DeMo INFO: 
MODEL:
  TRANSFORMER_TYPE: 'ViT-B-16'
  STRIDE_SIZE: [ 16, 16 ]
  SIE_CAMERA: True
  DIRECT: 1
  SIE_COE: 1.0
  ID_LOSS_WEIGHT: 0.25
  TRIPLET_LOSS_WEIGHT: 1.0
  GLOBAL_LOCAL: False  # DGAF V3 直接用 tokens，不需要 GLOBAL_LOCAL
  # Disable HDM and ATM
  HDM: False
  ATM: False
  # SACR disabled for ablation
  USE_SACR: False
  USE_MULTIMODAL_SACR: False
  # LIF disabled
  USE_LIF: False
  # SDTPS configuration
  USE_SDTPS: True
  SDTPS_SPARSE_RATIO: 0.7  # token 保留比例（70%）
  SDTPS_USE_GUMBEL: False  # 禁用 Gumbel（训练稳定性）
  SDTPS_GUMBEL_TAU: 5.0
  SDTPS_CROSS_ATTN_TYPE: 'attention'  # 使用 Cross-Attention
  SDTPS_CROSS_ATTN_HEADS: 4  # Cross-Attention 头数
  # 已废弃参数（保留兼容性）
  SDTPS_BETA: 0.25         # 已不使用
  SDTPS_AGGR_RATIO: 0.5    # 已不使用
  SDTPS_LOSS_WEIGHT: 2.0
  # DGAF: Dual-Gated Adaptive Fusion
  USE_DGAF: True
  DGAF_VERSION: 'v3'  # V3 接受 (B,N,C) tokens
  DGAF_TAU: 1.0
  DGAF_INIT_ALPHA: 0.5
  DGAF_NUM_HEADS: 8
  HEAD: 4

INPUT:
  SIZE_TRAIN: [ 128, 256 ]
  SIZE_TEST: [ 128, 256 ]
  PROB: 0.5
  RE_PROB: 0.5
  PADDING: 10

DATALOADER:
  SAMPLER: 'softmax_triplet'
  NUM_INSTANCE: 16
  NUM_WORKERS: 14

DATASETS:
  NAMES: ('RGBNT100')
  ROOT_DIR: '..'

SOLVER:
  BASE_LR: 0.00035
  MAX_EPOCHS: 30
  STEPS: [20, 25]
  GAMMA: 0.1
  WARMUP_ITERS: 5
  WARMUP_FACTOR: 0.01
  WARMUP_METHOD: 'linear'
  OPTIMIZER_NAME: 'Adam'
  IMS_PER_BATCH: 128
  EVAL_PERIOD: 1
  CHECKPOINT_PERIOD: 10

TEST:
  IMS_PER_BATCH: 128
  RE_RANKING: 'no'
  WEIGHT: ''
  NECK_FEAT: 'before'
  FEAT_NORM: 'yes'
  MISS: "nothing"

OUTPUT_DIR: '..'

# ============================================================================
# RGBNT100 SDTPS + DGAF Ablation Config
# ============================================================================
# - Based on original DeMo.yml for RGBNT100
# - SACR: disabled
# - HDM/ATM: disabled, DIRECT: 1
# - SDTPS: configurable via command line
# - DGAF V3: configurable via command line
# - Training: lr=0.00035, epochs=30, warmup=5 (same as original)
# ============================================================================

2025-12-09 08:32:50,647 DeMo INFO: Running with config:
DATALOADER:
  NUM_INSTANCE: 16
  NUM_WORKERS: 14
  SAMPLER: softmax_triplet
DATASETS:
  NAMES: RGBNT100
  ROOT_DIR: ..
INPUT:
  PADDING: 10
  PIXEL_MEAN: [0.5, 0.5, 0.5]
  PIXEL_STD: [0.5, 0.5, 0.5]
  PROB: 0.5
  RE_PROB: 0.5
  SIZE_TEST: [128, 256]
  SIZE_TRAIN: [128, 256]
MODEL:
  ADAPTER: False
  ATM: False
  ATT_DROP_RATE: 0.0
  DEVICE: cuda
  DEVICE_ID: 0
  DGAF_INIT_ALPHA: 0.5
  DGAF_NUM_HEADS: 8
  DGAF_TAU: 1.0
  DGAF_VERSION: v3
  DIRECT: 1
  DIST_TRAIN: False
  DROP_OUT: 0.0
  DROP_PATH: 0.1
  FROZEN: False
  GLOBAL_LOCAL: False
  HDM: False
  HEAD: 4
  ID_LOSS_TYPE: softmax
  ID_LOSS_WEIGHT: 0.25
  IF_LABELSMOOTH: on
  IF_WITH_CENTER: no
  LIF_BETA: 0.4
  LIF_LAYER: 3
  LIF_LOSS_WEIGHT: 0.1
  METRIC_LOSS_TYPE: triplet
  MULTIMODAL_SACR_VERSION: v1
  NAME: DeMo
  NECK: bnneck
  NO_MARGIN: True
  PRETRAIN_PATH_T: /path/to/your/vitb_16_224_21k.pth
  PROMPT: False
  SACR_DILATION_RATES: [2, 3, 4]
  SDTPS_AGGR_RATIO: 0.5
  SDTPS_BETA: 0.25
  SDTPS_CROSS_ATTN_HEADS: 4
  SDTPS_CROSS_ATTN_TYPE: attention
  SDTPS_GUMBEL_TAU: 5.0
  SDTPS_LOSS_WEIGHT: 2.0
  SDTPS_SPARSE_RATIO: 0.7
  SDTPS_USE_GUMBEL: False
  SIE_CAMERA: True
  SIE_COE: 1.0
  SIE_VIEW: False
  STRIDE_SIZE: [16, 16]
  TRANSFORMER_TYPE: ViT-B-16
  TRIPLET_LOSS_WEIGHT: 1.0
  USE_DGAF: True
  USE_LIF: False
  USE_MULTIMODAL_SACR: False
  USE_SACR: False
  USE_SDTPS: False
OUTPUT_DIR: ..
SOLVER:
  BASE_LR: 0.00035
  CENTER_LOSS_WEIGHT: 0.0005
  CENTER_LR: 0.5
  CHECKPOINT_PERIOD: 10
  CLUSTER_MARGIN: 0.3
  COSINE_MARGIN: 0.5
  COSINE_SCALE: 30
  EVAL_PERIOD: 1
  GAMMA: 0.1
  IMS_PER_BATCH: 128
  LARGE_FC_LR: False
  LOG_PERIOD: 10
  LR_SCHEDULER: cosine
  MARGIN: 0.3
  MAX_EPOCHS: 30
  MOMENTUM: 0.9
  OPTIMIZER_NAME: Adam
  RANGE_ALPHA: 0
  RANGE_BETA: 1
  RANGE_K: 2
  RANGE_LOSS_WEIGHT: 1
  RANGE_MARGIN: 0.3
  SEED: 1234
  STEPS: (20, 25)
  WARMUP_FACTOR: 0.01
  WARMUP_ITERS: 5
  WARMUP_METHOD: linear
  WEIGHT_DECAY: 0.0001
  WEIGHT_DECAY_BIAS: 0.0001
TEST:
  FEAT: 0
  FEAT_NORM: yes
  IMS_PER_BATCH: 128
  MISS: nothing
  NECK_FEAT: before
  RE_RANKING: no
  WEIGHT: 
=> RGB_IR loaded
Dataset statistics:
  ----------------------------------------
  subset   | # ids | # images | # cameras
  ----------------------------------------
  train    |    50 |     8675 |         8
  query    |    50 |     1715 |         8
  gallery  |    50 |     8575 |         8
  ----------------------------------------
data is ready
using Transformer_type: ViT-B-16 as a backbone
Resized position embedding: %s to %s torch.Size([197, 768]) torch.Size([129, 768])
Position embedding resize to height:8 width: 16
Successfully load ckpt!
<All keys matched successfully>
Loading pretrained model from CLIP
camera number is : 8
===========Building DeMo===========
2025-12-09 08:33:02,564 DeMo INFO: DeMo(
  (BACKBONE): build_transformer(
    (base): VisionTransformer(
      (conv1): Conv2d(3, 768, kernel_size=(16, 16), stride=(16, 16), bias=False)
      (ln_pre): LayerNorm((768,), eps=1e-05, elementwise_affine=True)
      (transformer): Transformer(
        (resblocks): Sequential(
          (0): ResidualAttentionBlock(
            (attn): MultiheadAttention(
              (out_proj): NonDynamicallyQuantizableLinear(in_features=768, out_features=768, bias=True)
            )
            (ln_1): LayerNorm((768,), eps=1e-05, elementwise_affine=True)
            (mlp): Sequential(
              (c_fc): Linear(in_features=768, out_features=3072, bias=True)
              (gelu): QuickGELU()
              (c_proj): Linear(in_features=3072, out_features=768, bias=True)
            )
            (ln_2): LayerNorm((768,), eps=1e-05, elementwise_affine=True)
          )
          (1): ResidualAttentionBlock(
            (attn): MultiheadAttention(
              (out_proj): NonDynamicallyQuantizableLinear(in_features=768, out_features=768, bias=True)
            )
            (ln_1): LayerNorm((768,), eps=1e-05, elementwise_affine=True)
            (mlp): Sequential(
              (c_fc): Linear(in_features=768, out_features=3072, bias=True)
              (gelu): QuickGELU()
              (c_proj): Linear(in_features=3072, out_features=768, bias=True)
            )
            (ln_2): LayerNorm((768,), eps=1e-05, elementwise_affine=True)
          )
          (2): ResidualAttentionBlock(
            (attn): MultiheadAttention(
              (out_proj): NonDynamicallyQuantizableLinear(in_features=768, out_features=768, bias=True)
            )
            (ln_1): LayerNorm((768,), eps=1e-05, elementwise_affine=True)
            (mlp): Sequential(
              (c_fc): Linear(in_features=768, out_features=3072, bias=True)
              (gelu): QuickGELU()
              (c_proj): Linear(in_features=3072, out_features=768, bias=True)
            )
            (ln_2): LayerNorm((768,), eps=1e-05, elementwise_affine=True)
          )
          (3): ResidualAttentionBlock(
            (attn): MultiheadAttention(
              (out_proj): NonDynamicallyQuantizableLinear(in_features=768, out_features=768, bias=True)
            )
            (ln_1): LayerNorm((768,), eps=1e-05, elementwise_affine=True)
            (mlp): Sequential(
              (c_fc): Linear(in_features=768, out_features=3072, bias=True)
              (gelu): QuickGELU()
              (c_proj): Linear(in_features=3072, out_features=768, bias=True)
            )
            (ln_2): LayerNorm((768,), eps=1e-05, elementwise_affine=True)
          )
          (4): ResidualAttentionBlock(
            (attn): MultiheadAttention(
              (out_proj): NonDynamicallyQuantizableLinear(in_features=768, out_features=768, bias=True)
            )
            (ln_1): LayerNorm((768,), eps=1e-05, elementwise_affine=True)
            (mlp): Sequential(
              (c_fc): Linear(in_features=768, out_features=3072, bias=True)
              (gelu): QuickGELU()
              (c_proj): Linear(in_features=3072, out_features=768, bias=True)
            )
            (ln_2): LayerNorm((768,), eps=1e-05, elementwise_affine=True)
          )
          (5): ResidualAttentionBlock(
            (attn): MultiheadAttention(
              (out_proj): NonDynamicallyQuantizableLinear(in_features=768, out_features=768, bias=True)
            )
            (ln_1): LayerNorm((768,), eps=1e-05, elementwise_affine=True)
            (mlp): Sequential(
              (c_fc): Linear(in_features=768, out_features=3072, bias=True)
              (gelu): QuickGELU()
              (c_proj): Linear(in_features=3072, out_features=768, bias=True)
            )
            (ln_2): LayerNorm((768,), eps=1e-05, elementwise_affine=True)
          )
          (6): ResidualAttentionBlock(
            (attn): MultiheadAttention(
              (out_proj): NonDynamicallyQuantizableLinear(in_features=768, out_features=768, bias=True)
            )
            (ln_1): LayerNorm((768,), eps=1e-05, elementwise_affine=True)
            (mlp): Sequential(
              (c_fc): Linear(in_features=768, out_features=3072, bias=True)
              (gelu): QuickGELU()
              (c_proj): Linear(in_features=3072, out_features=768, bias=True)
            )
            (ln_2): LayerNorm((768,), eps=1e-05, elementwise_affine=True)
          )
          (7): ResidualAttentionBlock(
            (attn): MultiheadAttention(
              (out_proj): NonDynamicallyQuantizableLinear(in_features=768, out_features=768, bias=True)
            )
            (ln_1): LayerNorm((768,), eps=1e-05, elementwise_affine=True)
            (mlp): Sequential(
              (c_fc): Linear(in_features=768, out_features=3072, bias=True)
              (gelu): QuickGELU()
              (c_proj): Linear(in_features=3072, out_features=768, bias=True)
            )
            (ln_2): LayerNorm((768,), eps=1e-05, elementwise_affine=True)
          )
          (8): ResidualAttentionBlock(
            (attn): MultiheadAttention(
              (out_proj): NonDynamicallyQuantizableLinear(in_features=768, out_features=768, bias=True)
            )
            (ln_1): LayerNorm((768,), eps=1e-05, elementwise_affine=True)
            (mlp): Sequential(
              (c_fc): Linear(in_features=768, out_features=3072, bias=True)
              (gelu): QuickGELU()
              (c_proj): Linear(in_features=3072, out_features=768, bias=True)
            )
            (ln_2): LayerNorm((768,), eps=1e-05, elementwise_affine=True)
          )
          (9): ResidualAttentionBlock(
            (attn): MultiheadAttention(
              (out_proj): NonDynamicallyQuantizableLinear(in_features=768, out_features=768, bias=True)
            )
            (ln_1): LayerNorm((768,), eps=1e-05, elementwise_affine=True)
            (mlp): Sequential(
              (c_fc): Linear(in_features=768, out_features=3072, bias=True)
              (gelu): QuickGELU()
              (c_proj): Linear(in_features=3072, out_features=768, bias=True)
            )
            (ln_2): LayerNorm((768,), eps=1e-05, elementwise_affine=True)
          )
          (10): ResidualAttentionBlock(
            (attn): MultiheadAttention(
              (out_proj): NonDynamicallyQuantizableLinear(in_features=768, out_features=768, bias=True)
            )
            (ln_1): LayerNorm((768,), eps=1e-05, elementwise_affine=True)
            (mlp): Sequential(
              (c_fc): Linear(in_features=768, out_features=3072, bias=True)
              (gelu): QuickGELU()
              (c_proj): Linear(in_features=3072, out_features=768, bias=True)
            )
            (ln_2): LayerNorm((768,), eps=1e-05, elementwise_affine=True)
          )
          (11): ResidualAttentionBlock(
            (attn): MultiheadAttention(
              (out_proj): NonDynamicallyQuantizableLinear(in_features=768, out_features=768, bias=True)
            )
            (ln_1): LayerNorm((768,), eps=1e-05, elementwise_affine=True)
            (mlp): Sequential(
              (c_fc): Linear(in_features=768, out_features=3072, bias=True)
              (gelu): QuickGELU()
              (c_proj): Linear(in_features=3072, out_features=768, bias=True)
            )
            (ln_2): LayerNorm((768,), eps=1e-05, elementwise_affine=True)
          )
        )
      )
      (ln_post): LayerNorm((768,), eps=1e-05, elementwise_affine=True)
    )
  )
  (dgaf): DualGatedAdaptiveFusionV3(
    (attn_pool): MultiheadAttention(
      (out_proj): NonDynamicallyQuantizableLinear(in_features=512, out_features=512, bias=True)
    )
    (attn_norm): LayerNorm((512,), eps=1e-05, elementwise_affine=True)
    (entropy_proj): Linear(in_features=512, out_features=512, bias=True)
    (gate_net): Sequential(
      (0): Linear(in_features=1536, out_features=512, bias=True)
      (1): LayerNorm((512,), eps=1e-05, elementwise_affine=True)
      (2): ReLU(inplace=True)
      (3): Linear(in_features=512, out_features=3, bias=True)
      (4): Sigmoid()
    )
    (modal_enhance): Sequential(
      (0): Linear(in_features=512, out_features=512, bias=True)
      (1): LayerNorm((512,), eps=1e-05, elementwise_affine=True)
    )
  )
  (classifier_dgaf): Linear(in_features=1536, out_features=50, bias=False)
  (bottleneck_dgaf): BatchNorm1d(1536, eps=1e-05, momentum=0.1, affine=True, track_running_stats=True)
  (classifier): Linear(in_features=1536, out_features=50, bias=False)
  (bottleneck): BatchNorm1d(1536, eps=1e-05, momentum=0.1, affine=True, track_running_stats=True)
)
2025-12-09 08:33:02,565 DeMo INFO: number of parameters:88.67226
/home/yij/miniconda3/envs/DeMo/lib/python3.8/site-packages/timm/models/helpers.py:7: FutureWarning: Importing from timm.models.helpers is deprecated, please import via timm.models
  warnings.warn(f"Importing from {__name__} is deprecated, please import via timm.models", FutureWarning)
/home/yij/miniconda3/envs/DeMo/lib/python3.8/site-packages/timm/models/registry.py:4: FutureWarning: Importing from timm.models.registry is deprecated, please import via timm.models
  warnings.warn(f"Importing from {__name__} is deprecated, please import via timm.models", FutureWarning)
/home/yij/miniconda3/envs/DeMo/lib/python3.8/site-packages/timm/models/layers/__init__.py:48: FutureWarning: Importing from timm.models.layers is deprecated, please import via timm.layers
  warnings.warn(f"Importing from {__name__} is deprecated, please import via timm.layers", FutureWarning)
/raid/yij/icme/demo2new/DeMo2/modeling/clip/clip.py:23: UserWarning: PyTorch version 1.7.1 or higher is recommended
  warnings.warn("PyTorch version 1.7.1 or higher is recommended")
/home/yij/miniconda3/envs/DeMo/lib/python3.8/site-packages/torchvision/transforms/transforms.py:329: UserWarning: Argument 'interpolation' of type int is deprecated since 0.13 and will be removed in 0.15. Please use InterpolationMode enum.
  warnings.warn(
Unsupported operator aten::log encountered 3 time(s)
The following submodules of the model were never called during the trace of the graph. They may be unused, or they were accessed by direct calls to .forward() or via other python methods. In the latter case they will have zeros for statistics, though their statistics will still contribute to their parent calling module.
BACKBONE.base.transformer.resblocks.0.attn.out_proj, BACKBONE.base.transformer.resblocks.1.attn.out_proj, BACKBONE.base.transformer.resblocks.10.attn.out_proj, BACKBONE.base.transformer.resblocks.11.attn.out_proj, BACKBONE.base.transformer.resblocks.2.attn.out_proj, BACKBONE.base.transformer.resblocks.3.attn.out_proj, BACKBONE.base.transformer.resblocks.4.attn.out_proj, BACKBONE.base.transformer.resblocks.5.attn.out_proj, BACKBONE.base.transformer.resblocks.6.attn.out_proj, BACKBONE.base.transformer.resblocks.7.attn.out_proj, BACKBONE.base.transformer.resblocks.8.attn.out_proj, BACKBONE.base.transformer.resblocks.9.attn.out_proj, bottleneck, bottleneck_dgaf, classifier, classifier_dgaf, dgaf.attn_pool.out_proj
~~~~~~~~~~~~~~~~~~~~~~~~~~~~~~~~~~~~~~~~~~~~~~~~~~~~~~~~~~~~~~~~~~~~~~~~~~~~~~~~~~~~~~~~~~~~~~~~
The out_proj here is called by the nn.MultiheadAttention, which has been calculated in th .forward(), so just ignore it.
~~~~~~~~~~~~~~~~~~~~~~~~~~~~~~~~~~~~~~~~~~~~~~~~~~~~~~~~~~~~~~~~~~~~~~~~~~~~~~~~~~~~~~~~~~~~~~~~
For the bottleneck or classifier, it is not calculated during inference, so just ignore it.
~~~~~~~~~~~~~~~~~~~~~~~~~~~~~~~~~~~~~~~~~~~~~~~~~~~~~~~~~~~~~~~~~~~~~~~~~~~~~~~~~~~~~~~~~~~~~~~~
2025-12-09 08:33:05,545 DeMo INFO: number of GFLOPs: 34.48054893099999
using soft triplet loss for training
label smooth on, numclasses: 50
2025-12-09 08:33:05,554 DeMo.train INFO: start training
2025-12-09 08:33:13,985 DeMo.train INFO: Epoch[1] Iteration[10/65] Loss: 6.530, Acc: 0.020, Base Lr: 9.80e-05
2025-12-09 08:33:19,063 DeMo.train INFO: Epoch[1] Iteration[20/65] Loss: 4.383, Acc: 0.037, Base Lr: 9.80e-05
2025-12-09 08:33:23,522 DeMo.train INFO: Epoch[1] Iteration[30/65] Loss: 3.625, Acc: 0.091, Base Lr: 9.80e-05
2025-12-09 08:33:27,978 DeMo.train INFO: Epoch[1] Iteration[40/65] Loss: 3.204, Acc: 0.140, Base Lr: 9.80e-05
2025-12-09 08:33:32,400 DeMo.train INFO: Epoch[1] Iteration[50/65] Loss: 2.921, Acc: 0.204, Base Lr: 9.80e-05
2025-12-09 08:33:36,830 DeMo.train INFO: Epoch[1] Iteration[60/65] Loss: 2.738, Acc: 0.254, Base Lr: 9.80e-05
2025-12-09 08:33:38,336 DeMo.train INFO: Epoch 1 done. Time per batch: 0.520[s] Speed: 246.0[samples/s]
2025-12-09 08:33:38,337 DeMo.train INFO: ~~~~~~~~~~~~~~~~~~~~~~~~~~~~~~~~~~~~~~~~~~~~~~~~~~
2025-12-09 08:33:38,337 DeMo.train INFO: Current is the [moe,ori] feature testing!
2025-12-09 08:33:38,337 DeMo.train INFO: ~~~~~~~~~~~~~~~~~~~~~~~~~~~~~~~~~~~~~~~~~~~~~~~~~~
The test feature is normalized
=> Computing DistMat with euclidean_distance
2025-12-09 08:34:03,697 DeMo.train INFO: Validation Results - Epoch: 1
2025-12-09 08:34:03,698 DeMo.train INFO: mAP: 54.7%
2025-12-09 08:34:03,699 DeMo.train INFO: CMC curve, Rank-1  :80.3%
2025-12-09 08:34:03,700 DeMo.train INFO: CMC curve, Rank-5  :82.6%
2025-12-09 08:34:03,701 DeMo.train INFO: CMC curve, Rank-10 :83.6%
2025-12-09 08:34:03,701 DeMo.train INFO: ~~~~~~~~~~~~~~~~~~~~~~~~~~~~~~~~~~~~~~~~~~~~~~~~~~
2025-12-09 08:34:32,892 DeMo.train INFO: ~~~~~~~~~~~~~~~~~~~~~~~~~~~~~~~~~~~~~~~~~~~~~~~~~~
2025-12-09 08:34:32,893 DeMo.train INFO: Best mAP: 54.7%
2025-12-09 08:34:32,893 DeMo.train INFO: Best Rank-1: 80.3%
2025-12-09 08:34:32,893 DeMo.train INFO: Best Rank-5: 82.6%
2025-12-09 08:34:32,893 DeMo.train INFO: Best Rank-10: 83.6%
2025-12-09 08:34:32,893 DeMo.train INFO: ~~~~~~~~~~~~~~~~~~~~~~~~~~~~~~~~~~~~~~~~~~~~~~~~~~
2025-12-09 08:34:39,779 DeMo.train INFO: Epoch[2] Iteration[10/65] Loss: 1.972, Acc: 0.373, Base Lr: 1.61e-04
2025-12-09 08:34:44,287 DeMo.train INFO: Epoch[2] Iteration[20/65] Loss: 1.905, Acc: 0.348, Base Lr: 1.61e-04
2025-12-09 08:34:48,764 DeMo.train INFO: Epoch[2] Iteration[30/65] Loss: 1.789, Acc: 0.342, Base Lr: 1.61e-04
2025-12-09 08:34:53,253 DeMo.train INFO: Epoch[2] Iteration[40/65] Loss: 1.739, Acc: 0.354, Base Lr: 1.61e-04
2025-12-09 08:34:57,700 DeMo.train INFO: Epoch[2] Iteration[50/65] Loss: 1.681, Acc: 0.349, Base Lr: 1.61e-04
2025-12-09 08:35:02,159 DeMo.train INFO: Epoch[2] Iteration[60/65] Loss: 1.612, Acc: 0.379, Base Lr: 1.61e-04
2025-12-09 08:35:03,629 DeMo.train INFO: Epoch 2 done. Time per batch: 0.488[s] Speed: 262.4[samples/s]
2025-12-09 08:35:03,631 DeMo.train INFO: ~~~~~~~~~~~~~~~~~~~~~~~~~~~~~~~~~~~~~~~~~~~~~~~~~~
2025-12-09 08:35:03,632 DeMo.train INFO: Current is the [moe,ori] feature testing!
2025-12-09 08:35:03,632 DeMo.train INFO: ~~~~~~~~~~~~~~~~~~~~~~~~~~~~~~~~~~~~~~~~~~~~~~~~~~
The test feature is normalized
=> Computing DistMat with euclidean_distance
2025-12-09 08:35:36,321 DeMo.train INFO: Validation Results - Epoch: 2
2025-12-09 08:35:36,323 DeMo.train INFO: mAP: 60.7%
2025-12-09 08:35:36,324 DeMo.train INFO: CMC curve, Rank-1  :81.2%
2025-12-09 08:35:36,325 DeMo.train INFO: CMC curve, Rank-5  :82.9%
2025-12-09 08:35:36,327 DeMo.train INFO: CMC curve, Rank-10 :84.8%
2025-12-09 08:35:36,327 DeMo.train INFO: ~~~~~~~~~~~~~~~~~~~~~~~~~~~~~~~~~~~~~~~~~~~~~~~~~~
2025-12-09 08:36:08,239 DeMo.train INFO: ~~~~~~~~~~~~~~~~~~~~~~~~~~~~~~~~~~~~~~~~~~~~~~~~~~
2025-12-09 08:36:08,241 DeMo.train INFO: Best mAP: 60.7%
2025-12-09 08:36:08,242 DeMo.train INFO: Best Rank-1: 81.2%
2025-12-09 08:36:08,242 DeMo.train INFO: Best Rank-5: 82.9%
2025-12-09 08:36:08,242 DeMo.train INFO: Best Rank-10: 84.8%
2025-12-09 08:36:08,242 DeMo.train INFO: ~~~~~~~~~~~~~~~~~~~~~~~~~~~~~~~~~~~~~~~~~~~~~~~~~~
2025-12-09 08:36:15,862 DeMo.train INFO: Epoch[3] Iteration[10/65] Loss: 1.486, Acc: 0.583, Base Lr: 2.24e-04
2025-12-09 08:36:20,349 DeMo.train INFO: Epoch[3] Iteration[20/65] Loss: 1.487, Acc: 0.572, Base Lr: 2.24e-04
2025-12-09 08:36:24,829 DeMo.train INFO: Epoch[3] Iteration[30/65] Loss: 1.349, Acc: 0.628, Base Lr: 2.24e-04
2025-12-09 08:36:29,291 DeMo.train INFO: Epoch[3] Iteration[40/65] Loss: 1.375, Acc: 0.640, Base Lr: 2.24e-04
2025-12-09 08:36:33,749 DeMo.train INFO: Epoch[3] Iteration[50/65] Loss: 1.291, Acc: 0.683, Base Lr: 2.24e-04
2025-12-09 08:36:38,259 DeMo.train INFO: Epoch[3] Iteration[60/65] Loss: 1.300, Acc: 0.687, Base Lr: 2.24e-04
2025-12-09 08:36:39,327 DeMo.train INFO: Epoch 3 done. Time per batch: 0.501[s] Speed: 255.3[samples/s]
2025-12-09 08:36:39,340 DeMo.train INFO: ~~~~~~~~~~~~~~~~~~~~~~~~~~~~~~~~~~~~~~~~~~~~~~~~~~
2025-12-09 08:36:39,340 DeMo.train INFO: Current is the [moe,ori] feature testing!
2025-12-09 08:36:39,340 DeMo.train INFO: ~~~~~~~~~~~~~~~~~~~~~~~~~~~~~~~~~~~~~~~~~~~~~~~~~~
The test feature is normalized
=> Computing DistMat with euclidean_distance
2025-12-09 08:37:02,961 DeMo.train INFO: Validation Results - Epoch: 3
2025-12-09 08:37:02,962 DeMo.train INFO: mAP: 50.8%
2025-12-09 08:37:02,962 DeMo.train INFO: CMC curve, Rank-1  :72.0%
2025-12-09 08:37:02,962 DeMo.train INFO: CMC curve, Rank-5  :74.2%
2025-12-09 08:37:02,962 DeMo.train INFO: CMC curve, Rank-10 :76.4%
2025-12-09 08:37:02,962 DeMo.train INFO: ~~~~~~~~~~~~~~~~~~~~~~~~~~~~~~~~~~~~~~~~~~~~~~~~~~
2025-12-09 08:37:03,868 DeMo.train INFO: ~~~~~~~~~~~~~~~~~~~~~~~~~~~~~~~~~~~~~~~~~~~~~~~~~~
2025-12-09 08:37:03,868 DeMo.train INFO: Best mAP: 60.7%
2025-12-09 08:37:03,868 DeMo.train INFO: Best Rank-1: 81.2%
2025-12-09 08:37:03,868 DeMo.train INFO: Best Rank-5: 82.9%
2025-12-09 08:37:03,868 DeMo.train INFO: Best Rank-10: 84.8%
2025-12-09 08:37:03,868 DeMo.train INFO: ~~~~~~~~~~~~~~~~~~~~~~~~~~~~~~~~~~~~~~~~~~~~~~~~~~
2025-12-09 08:37:10,747 DeMo.train INFO: Epoch[4] Iteration[10/65] Loss: 1.301, Acc: 0.623, Base Lr: 2.87e-04
2025-12-09 08:37:15,279 DeMo.train INFO: Epoch[4] Iteration[20/65] Loss: 1.165, Acc: 0.689, Base Lr: 2.87e-04
2025-12-09 08:37:19,789 DeMo.train INFO: Epoch[4] Iteration[30/65] Loss: 1.068, Acc: 0.747, Base Lr: 2.87e-04
2025-12-09 08:37:24,276 DeMo.train INFO: Epoch[4] Iteration[40/65] Loss: 1.033, Acc: 0.752, Base Lr: 2.87e-04
2025-12-09 08:37:28,776 DeMo.train INFO: Epoch[4] Iteration[50/65] Loss: 0.989, Acc: 0.769, Base Lr: 2.87e-04
2025-12-09 08:37:33,261 DeMo.train INFO: Epoch[4] Iteration[60/65] Loss: 0.947, Acc: 0.794, Base Lr: 2.87e-04
2025-12-09 08:37:34,769 DeMo.train INFO: Epoch 4 done. Time per batch: 0.490[s] Speed: 261.0[samples/s]
2025-12-09 08:37:34,776 DeMo.train INFO: ~~~~~~~~~~~~~~~~~~~~~~~~~~~~~~~~~~~~~~~~~~~~~~~~~~
2025-12-09 08:37:34,776 DeMo.train INFO: Current is the [moe,ori] feature testing!
2025-12-09 08:37:34,777 DeMo.train INFO: ~~~~~~~~~~~~~~~~~~~~~~~~~~~~~~~~~~~~~~~~~~~~~~~~~~
The test feature is normalized
=> Computing DistMat with euclidean_distance
2025-12-09 08:38:02,516 DeMo.train INFO: Validation Results - Epoch: 4
2025-12-09 08:38:02,517 DeMo.train INFO: mAP: 59.9%
2025-12-09 08:38:02,517 DeMo.train INFO: CMC curve, Rank-1  :76.7%
2025-12-09 08:38:02,517 DeMo.train INFO: CMC curve, Rank-5  :78.1%
2025-12-09 08:38:02,517 DeMo.train INFO: CMC curve, Rank-10 :79.5%
2025-12-09 08:38:02,517 DeMo.train INFO: ~~~~~~~~~~~~~~~~~~~~~~~~~~~~~~~~~~~~~~~~~~~~~~~~~~
2025-12-09 08:38:03,206 DeMo.train INFO: ~~~~~~~~~~~~~~~~~~~~~~~~~~~~~~~~~~~~~~~~~~~~~~~~~~
2025-12-09 08:38:03,207 DeMo.train INFO: Best mAP: 60.7%
2025-12-09 08:38:03,207 DeMo.train INFO: Best Rank-1: 81.2%
2025-12-09 08:38:03,207 DeMo.train INFO: Best Rank-5: 82.9%
2025-12-09 08:38:03,207 DeMo.train INFO: Best Rank-10: 84.8%
2025-12-09 08:38:03,207 DeMo.train INFO: ~~~~~~~~~~~~~~~~~~~~~~~~~~~~~~~~~~~~~~~~~~~~~~~~~~
2025-12-09 08:38:10,106 DeMo.train INFO: Epoch[5] Iteration[10/65] Loss: 1.487, Acc: 0.664, Base Lr: 3.27e-04
2025-12-09 08:38:14,642 DeMo.train INFO: Epoch[5] Iteration[20/65] Loss: 1.637, Acc: 0.613, Base Lr: 3.27e-04
2025-12-09 08:38:19,165 DeMo.train INFO: Epoch[5] Iteration[30/65] Loss: 1.638, Acc: 0.607, Base Lr: 3.27e-04
2025-12-09 08:38:23,701 DeMo.train INFO: Epoch[5] Iteration[40/65] Loss: 1.616, Acc: 0.617, Base Lr: 3.27e-04
2025-12-09 08:38:28,195 DeMo.train INFO: Epoch[5] Iteration[50/65] Loss: 1.550, Acc: 0.634, Base Lr: 3.27e-04
2025-12-09 08:38:32,695 DeMo.train INFO: Epoch[5] Iteration[60/65] Loss: 1.492, Acc: 0.664, Base Lr: 3.27e-04
2025-12-09 08:38:33,738 DeMo.train INFO: Epoch 5 done. Time per batch: 0.492[s] Speed: 259.9[samples/s]
2025-12-09 08:38:33,740 DeMo.train INFO: ~~~~~~~~~~~~~~~~~~~~~~~~~~~~~~~~~~~~~~~~~~~~~~~~~~
2025-12-09 08:38:33,740 DeMo.train INFO: Current is the [moe,ori] feature testing!
2025-12-09 08:38:33,740 DeMo.train INFO: ~~~~~~~~~~~~~~~~~~~~~~~~~~~~~~~~~~~~~~~~~~~~~~~~~~
The test feature is normalized
=> Computing DistMat with euclidean_distance
2025-12-09 08:38:56,795 DeMo.train INFO: Validation Results - Epoch: 5
2025-12-09 08:38:56,795 DeMo.train INFO: mAP: 49.8%
2025-12-09 08:38:56,796 DeMo.train INFO: CMC curve, Rank-1  :69.8%
2025-12-09 08:38:56,796 DeMo.train INFO: CMC curve, Rank-5  :72.8%
2025-12-09 08:38:56,796 DeMo.train INFO: CMC curve, Rank-10 :75.4%
2025-12-09 08:38:56,796 DeMo.train INFO: ~~~~~~~~~~~~~~~~~~~~~~~~~~~~~~~~~~~~~~~~~~~~~~~~~~
2025-12-09 08:38:57,911 DeMo.train INFO: ~~~~~~~~~~~~~~~~~~~~~~~~~~~~~~~~~~~~~~~~~~~~~~~~~~
2025-12-09 08:38:57,912 DeMo.train INFO: Best mAP: 60.7%
2025-12-09 08:38:57,912 DeMo.train INFO: Best Rank-1: 81.2%
2025-12-09 08:38:57,912 DeMo.train INFO: Best Rank-5: 82.9%
2025-12-09 08:38:57,912 DeMo.train INFO: Best Rank-10: 84.8%
2025-12-09 08:38:57,912 DeMo.train INFO: ~~~~~~~~~~~~~~~~~~~~~~~~~~~~~~~~~~~~~~~~~~~~~~~~~~
2025-12-09 08:39:04,713 DeMo.train INFO: Epoch[6] Iteration[10/65] Loss: 1.417, Acc: 0.623, Base Lr: 3.17e-04
2025-12-09 08:39:09,213 DeMo.train INFO: Epoch[6] Iteration[20/65] Loss: 1.280, Acc: 0.701, Base Lr: 3.17e-04
2025-12-09 08:39:13,690 DeMo.train INFO: Epoch[6] Iteration[30/65] Loss: 1.237, Acc: 0.727, Base Lr: 3.17e-04
2025-12-09 08:39:18,192 DeMo.train INFO: Epoch[6] Iteration[40/65] Loss: 1.230, Acc: 0.747, Base Lr: 3.17e-04
2025-12-09 08:39:22,696 DeMo.train INFO: Epoch[6] Iteration[50/65] Loss: 1.179, Acc: 0.763, Base Lr: 3.17e-04
2025-12-09 08:39:27,150 DeMo.train INFO: Epoch[6] Iteration[60/65] Loss: 1.124, Acc: 0.783, Base Lr: 3.17e-04
2025-12-09 08:39:28,658 DeMo.train INFO: Epoch 6 done. Time per batch: 0.488[s] Speed: 262.3[samples/s]
2025-12-09 08:39:28,668 DeMo.train INFO: ~~~~~~~~~~~~~~~~~~~~~~~~~~~~~~~~~~~~~~~~~~~~~~~~~~
2025-12-09 08:39:28,668 DeMo.train INFO: Current is the [moe,ori] feature testing!
2025-12-09 08:39:28,668 DeMo.train INFO: ~~~~~~~~~~~~~~~~~~~~~~~~~~~~~~~~~~~~~~~~~~~~~~~~~~
The test feature is normalized
=> Computing DistMat with euclidean_distance
2025-12-09 08:39:53,754 DeMo.train INFO: Validation Results - Epoch: 6
2025-12-09 08:39:53,754 DeMo.train INFO: mAP: 50.8%
2025-12-09 08:39:53,754 DeMo.train INFO: CMC curve, Rank-1  :68.1%
2025-12-09 08:39:53,754 DeMo.train INFO: CMC curve, Rank-5  :72.5%
2025-12-09 08:39:53,754 DeMo.train INFO: CMC curve, Rank-10 :75.7%
2025-12-09 08:39:53,754 DeMo.train INFO: ~~~~~~~~~~~~~~~~~~~~~~~~~~~~~~~~~~~~~~~~~~~~~~~~~~
2025-12-09 08:39:55,214 DeMo.train INFO: ~~~~~~~~~~~~~~~~~~~~~~~~~~~~~~~~~~~~~~~~~~~~~~~~~~
2025-12-09 08:39:55,215 DeMo.train INFO: Best mAP: 60.7%
2025-12-09 08:39:55,215 DeMo.train INFO: Best Rank-1: 81.2%
2025-12-09 08:39:55,215 DeMo.train INFO: Best Rank-5: 82.9%
2025-12-09 08:39:55,215 DeMo.train INFO: Best Rank-10: 84.8%
2025-12-09 08:39:55,215 DeMo.train INFO: ~~~~~~~~~~~~~~~~~~~~~~~~~~~~~~~~~~~~~~~~~~~~~~~~~~
2025-12-09 08:40:01,928 DeMo.train INFO: Epoch[7] Iteration[10/65] Loss: 1.262, Acc: 0.751, Base Lr: 3.05e-04
2025-12-09 08:40:06,438 DeMo.train INFO: Epoch[7] Iteration[20/65] Loss: 1.038, Acc: 0.817, Base Lr: 3.05e-04
2025-12-09 08:40:10,923 DeMo.train INFO: Epoch[7] Iteration[30/65] Loss: 1.001, Acc: 0.831, Base Lr: 3.05e-04
2025-12-09 08:40:15,459 DeMo.train INFO: Epoch[7] Iteration[40/65] Loss: 0.941, Acc: 0.848, Base Lr: 3.05e-04
2025-12-09 08:40:19,962 DeMo.train INFO: Epoch[7] Iteration[50/65] Loss: 0.910, Acc: 0.861, Base Lr: 3.05e-04
2025-12-09 08:40:24,460 DeMo.train INFO: Epoch[7] Iteration[60/65] Loss: 0.895, Acc: 0.867, Base Lr: 3.05e-04
2025-12-09 08:40:25,976 DeMo.train INFO: Epoch 7 done. Time per batch: 0.488[s] Speed: 262.2[samples/s]
2025-12-09 08:40:25,980 DeMo.train INFO: ~~~~~~~~~~~~~~~~~~~~~~~~~~~~~~~~~~~~~~~~~~~~~~~~~~
2025-12-09 08:40:25,980 DeMo.train INFO: Current is the [moe,ori] feature testing!
2025-12-09 08:40:25,980 DeMo.train INFO: ~~~~~~~~~~~~~~~~~~~~~~~~~~~~~~~~~~~~~~~~~~~~~~~~~~
The test feature is normalized
=> Computing DistMat with euclidean_distance
2025-12-09 08:40:50,994 DeMo.train INFO: Validation Results - Epoch: 7
2025-12-09 08:40:50,994 DeMo.train INFO: mAP: 54.7%
2025-12-09 08:40:50,994 DeMo.train INFO: CMC curve, Rank-1  :73.4%
2025-12-09 08:40:50,994 DeMo.train INFO: CMC curve, Rank-5  :75.7%
2025-12-09 08:40:50,995 DeMo.train INFO: CMC curve, Rank-10 :77.4%
2025-12-09 08:40:50,995 DeMo.train INFO: ~~~~~~~~~~~~~~~~~~~~~~~~~~~~~~~~~~~~~~~~~~~~~~~~~~
2025-12-09 08:40:52,398 DeMo.train INFO: ~~~~~~~~~~~~~~~~~~~~~~~~~~~~~~~~~~~~~~~~~~~~~~~~~~
2025-12-09 08:40:52,399 DeMo.train INFO: Best mAP: 60.7%
2025-12-09 08:40:52,399 DeMo.train INFO: Best Rank-1: 81.2%
2025-12-09 08:40:52,399 DeMo.train INFO: Best Rank-5: 82.9%
2025-12-09 08:40:52,399 DeMo.train INFO: Best Rank-10: 84.8%
2025-12-09 08:40:52,399 DeMo.train INFO: ~~~~~~~~~~~~~~~~~~~~~~~~~~~~~~~~~~~~~~~~~~~~~~~~~~
2025-12-09 08:40:59,204 DeMo.train INFO: Epoch[8] Iteration[10/65] Loss: 0.713, Acc: 0.905, Base Lr: 2.92e-04
2025-12-09 08:41:03,680 DeMo.train INFO: Epoch[8] Iteration[20/65] Loss: 0.763, Acc: 0.904, Base Lr: 2.92e-04
2025-12-09 08:41:08,260 DeMo.train INFO: Epoch[8] Iteration[30/65] Loss: 0.857, Acc: 0.890, Base Lr: 2.92e-04
2025-12-09 08:41:12,783 DeMo.train INFO: Epoch[8] Iteration[40/65] Loss: 0.849, Acc: 0.896, Base Lr: 2.92e-04
2025-12-09 08:41:17,331 DeMo.train INFO: Epoch[8] Iteration[50/65] Loss: 0.843, Acc: 0.894, Base Lr: 2.92e-04
2025-12-09 08:41:21,857 DeMo.train INFO: Epoch[8] Iteration[60/65] Loss: 0.895, Acc: 0.883, Base Lr: 2.92e-04
2025-12-09 08:41:23,348 DeMo.train INFO: Epoch 8 done. Time per batch: 0.491[s] Speed: 260.6[samples/s]
2025-12-09 08:41:23,354 DeMo.train INFO: ~~~~~~~~~~~~~~~~~~~~~~~~~~~~~~~~~~~~~~~~~~~~~~~~~~
2025-12-09 08:41:23,354 DeMo.train INFO: Current is the [moe,ori] feature testing!
2025-12-09 08:41:23,355 DeMo.train INFO: ~~~~~~~~~~~~~~~~~~~~~~~~~~~~~~~~~~~~~~~~~~~~~~~~~~
The test feature is normalized
=> Computing DistMat with euclidean_distance
2025-12-09 08:41:48,445 DeMo.train INFO: Validation Results - Epoch: 8
2025-12-09 08:41:48,446 DeMo.train INFO: mAP: 47.8%
2025-12-09 08:41:48,446 DeMo.train INFO: CMC curve, Rank-1  :65.3%
2025-12-09 08:41:48,446 DeMo.train INFO: CMC curve, Rank-5  :70.2%
2025-12-09 08:41:48,446 DeMo.train INFO: CMC curve, Rank-10 :72.8%
2025-12-09 08:41:48,446 DeMo.train INFO: ~~~~~~~~~~~~~~~~~~~~~~~~~~~~~~~~~~~~~~~~~~~~~~~~~~
2025-12-09 08:41:49,971 DeMo.train INFO: ~~~~~~~~~~~~~~~~~~~~~~~~~~~~~~~~~~~~~~~~~~~~~~~~~~
2025-12-09 08:41:49,971 DeMo.train INFO: Best mAP: 60.7%
2025-12-09 08:41:49,971 DeMo.train INFO: Best Rank-1: 81.2%
2025-12-09 08:41:49,971 DeMo.train INFO: Best Rank-5: 82.9%
2025-12-09 08:41:49,971 DeMo.train INFO: Best Rank-10: 84.8%
2025-12-09 08:41:49,972 DeMo.train INFO: ~~~~~~~~~~~~~~~~~~~~~~~~~~~~~~~~~~~~~~~~~~~~~~~~~~
2025-12-09 08:41:56,725 DeMo.train INFO: Epoch[9] Iteration[10/65] Loss: 1.008, Acc: 0.746, Base Lr: 2.78e-04
2025-12-09 08:42:01,314 DeMo.train INFO: Epoch[9] Iteration[20/65] Loss: 0.952, Acc: 0.814, Base Lr: 2.78e-04
2025-12-09 08:42:05,880 DeMo.train INFO: Epoch[9] Iteration[30/65] Loss: 0.904, Acc: 0.841, Base Lr: 2.78e-04
2025-12-09 08:42:10,408 DeMo.train INFO: Epoch[9] Iteration[40/65] Loss: 0.856, Acc: 0.858, Base Lr: 2.78e-04
2025-12-09 08:42:14,895 DeMo.train INFO: Epoch[9] Iteration[50/65] Loss: 0.817, Acc: 0.877, Base Lr: 2.78e-04
2025-12-09 08:42:19,425 DeMo.train INFO: Epoch[9] Iteration[60/65] Loss: 0.785, Acc: 0.887, Base Lr: 2.78e-04
2025-12-09 08:42:20,515 DeMo.train INFO: Epoch 9 done. Time per batch: 0.493[s] Speed: 259.8[samples/s]
2025-12-09 08:42:20,524 DeMo.train INFO: ~~~~~~~~~~~~~~~~~~~~~~~~~~~~~~~~~~~~~~~~~~~~~~~~~~
2025-12-09 08:42:20,524 DeMo.train INFO: Current is the [moe,ori] feature testing!
2025-12-09 08:42:20,524 DeMo.train INFO: ~~~~~~~~~~~~~~~~~~~~~~~~~~~~~~~~~~~~~~~~~~~~~~~~~~
The test feature is normalized
=> Computing DistMat with euclidean_distance
2025-12-09 08:42:43,938 DeMo.train INFO: Validation Results - Epoch: 9
2025-12-09 08:42:43,938 DeMo.train INFO: mAP: 56.2%
2025-12-09 08:42:43,938 DeMo.train INFO: CMC curve, Rank-1  :76.3%
2025-12-09 08:42:43,939 DeMo.train INFO: CMC curve, Rank-5  :78.1%
2025-12-09 08:42:43,939 DeMo.train INFO: CMC curve, Rank-10 :79.8%
2025-12-09 08:42:43,939 DeMo.train INFO: ~~~~~~~~~~~~~~~~~~~~~~~~~~~~~~~~~~~~~~~~~~~~~~~~~~
2025-12-09 08:42:44,828 DeMo.train INFO: ~~~~~~~~~~~~~~~~~~~~~~~~~~~~~~~~~~~~~~~~~~~~~~~~~~
2025-12-09 08:42:44,828 DeMo.train INFO: Best mAP: 60.7%
2025-12-09 08:42:44,828 DeMo.train INFO: Best Rank-1: 81.2%
2025-12-09 08:42:44,828 DeMo.train INFO: Best Rank-5: 82.9%
2025-12-09 08:42:44,828 DeMo.train INFO: Best Rank-10: 84.8%
2025-12-09 08:42:44,828 DeMo.train INFO: ~~~~~~~~~~~~~~~~~~~~~~~~~~~~~~~~~~~~~~~~~~~~~~~~~~
2025-12-09 08:42:51,714 DeMo.train INFO: Epoch[10] Iteration[10/65] Loss: 0.524, Acc: 0.952, Base Lr: 2.63e-04
2025-12-09 08:42:56,309 DeMo.train INFO: Epoch[10] Iteration[20/65] Loss: 0.576, Acc: 0.956, Base Lr: 2.63e-04
2025-12-09 08:43:00,798 DeMo.train INFO: Epoch[10] Iteration[30/65] Loss: 0.527, Acc: 0.958, Base Lr: 2.63e-04
2025-12-09 08:43:05,295 DeMo.train INFO: Epoch[10] Iteration[40/65] Loss: 0.515, Acc: 0.963, Base Lr: 2.63e-04
2025-12-09 08:43:09,750 DeMo.train INFO: Epoch[10] Iteration[50/65] Loss: 0.517, Acc: 0.964, Base Lr: 2.63e-04
2025-12-09 08:43:14,274 DeMo.train INFO: Epoch[10] Iteration[60/65] Loss: 0.508, Acc: 0.968, Base Lr: 2.63e-04
2025-12-09 08:43:15,431 DeMo.train INFO: Epoch 10 done. Time per batch: 0.494[s] Speed: 259.3[samples/s]
2025-12-09 08:43:15,439 DeMo.train INFO: ~~~~~~~~~~~~~~~~~~~~~~~~~~~~~~~~~~~~~~~~~~~~~~~~~~
2025-12-09 08:43:15,439 DeMo.train INFO: Current is the [moe,ori] feature testing!
2025-12-09 08:43:15,439 DeMo.train INFO: ~~~~~~~~~~~~~~~~~~~~~~~~~~~~~~~~~~~~~~~~~~~~~~~~~~
The test feature is normalized
=> Computing DistMat with euclidean_distance
2025-12-09 08:43:39,152 DeMo.train INFO: Validation Results - Epoch: 10
2025-12-09 08:43:39,152 DeMo.train INFO: mAP: 59.2%
2025-12-09 08:43:39,152 DeMo.train INFO: CMC curve, Rank-1  :75.6%
2025-12-09 08:43:39,152 DeMo.train INFO: CMC curve, Rank-5  :79.1%
2025-12-09 08:43:39,152 DeMo.train INFO: CMC curve, Rank-10 :80.8%
2025-12-09 08:43:39,152 DeMo.train INFO: ~~~~~~~~~~~~~~~~~~~~~~~~~~~~~~~~~~~~~~~~~~~~~~~~~~
2025-12-09 08:43:39,780 DeMo.train INFO: ~~~~~~~~~~~~~~~~~~~~~~~~~~~~~~~~~~~~~~~~~~~~~~~~~~
2025-12-09 08:43:39,781 DeMo.train INFO: Best mAP: 60.7%
2025-12-09 08:43:39,781 DeMo.train INFO: Best Rank-1: 81.2%
2025-12-09 08:43:39,781 DeMo.train INFO: Best Rank-5: 82.9%
2025-12-09 08:43:39,781 DeMo.train INFO: Best Rank-10: 84.8%
2025-12-09 08:43:39,781 DeMo.train INFO: ~~~~~~~~~~~~~~~~~~~~~~~~~~~~~~~~~~~~~~~~~~~~~~~~~~
2025-12-09 08:43:46,676 DeMo.train INFO: Epoch[11] Iteration[10/65] Loss: 0.423, Acc: 0.978, Base Lr: 2.46e-04
2025-12-09 08:43:51,167 DeMo.train INFO: Epoch[11] Iteration[20/65] Loss: 0.397, Acc: 0.982, Base Lr: 2.46e-04
2025-12-09 08:43:55,977 DeMo.train INFO: Epoch[11] Iteration[30/65] Loss: 0.377, Acc: 0.983, Base Lr: 2.46e-04
2025-12-09 08:44:00,497 DeMo.train INFO: Epoch[11] Iteration[40/65] Loss: 0.355, Acc: 0.985, Base Lr: 2.46e-04
2025-12-09 08:44:04,993 DeMo.train INFO: Epoch[11] Iteration[50/65] Loss: 0.344, Acc: 0.986, Base Lr: 2.46e-04
2025-12-09 08:44:09,498 DeMo.train INFO: Epoch[11] Iteration[60/65] Loss: 0.335, Acc: 0.987, Base Lr: 2.46e-04
2025-12-09 08:44:11,002 DeMo.train INFO: Epoch 11 done. Time per batch: 0.496[s] Speed: 258.3[samples/s]
2025-12-09 08:44:11,009 DeMo.train INFO: ~~~~~~~~~~~~~~~~~~~~~~~~~~~~~~~~~~~~~~~~~~~~~~~~~~
2025-12-09 08:44:11,009 DeMo.train INFO: Current is the [moe,ori] feature testing!
2025-12-09 08:44:11,009 DeMo.train INFO: ~~~~~~~~~~~~~~~~~~~~~~~~~~~~~~~~~~~~~~~~~~~~~~~~~~
The test feature is normalized
=> Computing DistMat with euclidean_distance
2025-12-09 08:44:35,849 DeMo.train INFO: Validation Results - Epoch: 11
2025-12-09 08:44:35,849 DeMo.train INFO: mAP: 63.2%
2025-12-09 08:44:35,849 DeMo.train INFO: CMC curve, Rank-1  :80.6%
2025-12-09 08:44:35,849 DeMo.train INFO: CMC curve, Rank-5  :83.1%
2025-12-09 08:44:35,850 DeMo.train INFO: CMC curve, Rank-10 :84.7%
2025-12-09 08:44:35,850 DeMo.train INFO: ~~~~~~~~~~~~~~~~~~~~~~~~~~~~~~~~~~~~~~~~~~~~~~~~~~
2025-12-09 08:44:54,024 DeMo.train INFO: ~~~~~~~~~~~~~~~~~~~~~~~~~~~~~~~~~~~~~~~~~~~~~~~~~~
2025-12-09 08:44:54,028 DeMo.train INFO: Best mAP: 63.2%
2025-12-09 08:44:54,029 DeMo.train INFO: Best Rank-1: 80.6%
2025-12-09 08:44:54,029 DeMo.train INFO: Best Rank-5: 83.1%
2025-12-09 08:44:54,029 DeMo.train INFO: Best Rank-10: 84.7%
2025-12-09 08:44:54,029 DeMo.train INFO: ~~~~~~~~~~~~~~~~~~~~~~~~~~~~~~~~~~~~~~~~~~~~~~~~~~
2025-12-09 08:45:01,557 DeMo.train INFO: Epoch[12] Iteration[10/65] Loss: 0.304, Acc: 0.996, Base Lr: 2.29e-04
2025-12-09 08:45:06,031 DeMo.train INFO: Epoch[12] Iteration[20/65] Loss: 0.304, Acc: 0.994, Base Lr: 2.29e-04
2025-12-09 08:45:10,489 DeMo.train INFO: Epoch[12] Iteration[30/65] Loss: 0.288, Acc: 0.994, Base Lr: 2.29e-04
2025-12-09 08:45:15,013 DeMo.train INFO: Epoch[12] Iteration[40/65] Loss: 0.279, Acc: 0.995, Base Lr: 2.29e-04
2025-12-09 08:45:19,475 DeMo.train INFO: Epoch[12] Iteration[50/65] Loss: 0.270, Acc: 0.995, Base Lr: 2.29e-04
2025-12-09 08:45:23,949 DeMo.train INFO: Epoch[12] Iteration[60/65] Loss: 0.263, Acc: 0.995, Base Lr: 2.29e-04
2025-12-09 08:45:25,460 DeMo.train INFO: Epoch 12 done. Time per batch: 0.499[s] Speed: 256.6[samples/s]
2025-12-09 08:45:25,469 DeMo.train INFO: ~~~~~~~~~~~~~~~~~~~~~~~~~~~~~~~~~~~~~~~~~~~~~~~~~~
2025-12-09 08:45:25,469 DeMo.train INFO: Current is the [moe,ori] feature testing!
2025-12-09 08:45:25,469 DeMo.train INFO: ~~~~~~~~~~~~~~~~~~~~~~~~~~~~~~~~~~~~~~~~~~~~~~~~~~
The test feature is normalized
=> Computing DistMat with euclidean_distance
2025-12-09 08:45:49,022 DeMo.train INFO: Validation Results - Epoch: 12
2025-12-09 08:45:49,023 DeMo.train INFO: mAP: 65.3%
2025-12-09 08:45:49,023 DeMo.train INFO: CMC curve, Rank-1  :80.9%
2025-12-09 08:45:49,023 DeMo.train INFO: CMC curve, Rank-5  :83.0%
2025-12-09 08:45:49,023 DeMo.train INFO: CMC curve, Rank-10 :84.9%
2025-12-09 08:45:49,023 DeMo.train INFO: ~~~~~~~~~~~~~~~~~~~~~~~~~~~~~~~~~~~~~~~~~~~~~~~~~~
2025-12-09 08:46:22,326 DeMo.train INFO: ~~~~~~~~~~~~~~~~~~~~~~~~~~~~~~~~~~~~~~~~~~~~~~~~~~
2025-12-09 08:46:22,328 DeMo.train INFO: Best mAP: 65.3%
2025-12-09 08:46:22,329 DeMo.train INFO: Best Rank-1: 80.9%
2025-12-09 08:46:22,330 DeMo.train INFO: Best Rank-5: 83.0%
2025-12-09 08:46:22,330 DeMo.train INFO: Best Rank-10: 84.9%
2025-12-09 08:46:22,330 DeMo.train INFO: ~~~~~~~~~~~~~~~~~~~~~~~~~~~~~~~~~~~~~~~~~~~~~~~~~~
2025-12-09 08:46:28,930 DeMo.train INFO: Epoch[13] Iteration[10/65] Loss: 0.248, Acc: 0.998, Base Lr: 2.12e-04
2025-12-09 08:46:33,973 DeMo.train INFO: Epoch[13] Iteration[20/65] Loss: 0.238, Acc: 0.999, Base Lr: 2.12e-04
2025-12-09 08:46:38,433 DeMo.train INFO: Epoch[13] Iteration[30/65] Loss: 0.234, Acc: 0.999, Base Lr: 2.12e-04
2025-12-09 08:46:42,916 DeMo.train INFO: Epoch[13] Iteration[40/65] Loss: 0.232, Acc: 0.999, Base Lr: 2.12e-04
2025-12-09 08:46:47,359 DeMo.train INFO: Epoch[13] Iteration[50/65] Loss: 0.232, Acc: 0.999, Base Lr: 2.12e-04
2025-12-09 08:46:51,873 DeMo.train INFO: Epoch[13] Iteration[60/65] Loss: 0.230, Acc: 0.999, Base Lr: 2.12e-04
2025-12-09 08:46:53,358 DeMo.train INFO: Epoch 13 done. Time per batch: 0.492[s] Speed: 259.9[samples/s]
2025-12-09 08:46:53,366 DeMo.train INFO: ~~~~~~~~~~~~~~~~~~~~~~~~~~~~~~~~~~~~~~~~~~~~~~~~~~
2025-12-09 08:46:53,366 DeMo.train INFO: Current is the [moe,ori] feature testing!
2025-12-09 08:46:53,366 DeMo.train INFO: ~~~~~~~~~~~~~~~~~~~~~~~~~~~~~~~~~~~~~~~~~~~~~~~~~~
The test feature is normalized
=> Computing DistMat with euclidean_distance
2025-12-09 08:47:17,468 DeMo.train INFO: Validation Results - Epoch: 13
2025-12-09 08:47:17,468 DeMo.train INFO: mAP: 65.9%
2025-12-09 08:47:17,468 DeMo.train INFO: CMC curve, Rank-1  :81.2%
2025-12-09 08:47:17,469 DeMo.train INFO: CMC curve, Rank-5  :83.7%
2025-12-09 08:47:17,469 DeMo.train INFO: CMC curve, Rank-10 :85.4%
2025-12-09 08:47:17,469 DeMo.train INFO: ~~~~~~~~~~~~~~~~~~~~~~~~~~~~~~~~~~~~~~~~~~~~~~~~~~
2025-12-09 08:47:36,068 DeMo.train INFO: ~~~~~~~~~~~~~~~~~~~~~~~~~~~~~~~~~~~~~~~~~~~~~~~~~~
2025-12-09 08:47:36,072 DeMo.train INFO: Best mAP: 65.9%
2025-12-09 08:47:36,072 DeMo.train INFO: Best Rank-1: 81.2%
2025-12-09 08:47:36,072 DeMo.train INFO: Best Rank-5: 83.7%
2025-12-09 08:47:36,072 DeMo.train INFO: Best Rank-10: 85.4%
2025-12-09 08:47:36,072 DeMo.train INFO: ~~~~~~~~~~~~~~~~~~~~~~~~~~~~~~~~~~~~~~~~~~~~~~~~~~
2025-12-09 08:47:43,187 DeMo.train INFO: Epoch[14] Iteration[10/65] Loss: 0.222, Acc: 1.000, Base Lr: 1.93e-04
2025-12-09 08:47:47,664 DeMo.train INFO: Epoch[14] Iteration[20/65] Loss: 0.221, Acc: 1.000, Base Lr: 1.93e-04
2025-12-09 08:47:52,138 DeMo.train INFO: Epoch[14] Iteration[30/65] Loss: 0.221, Acc: 0.999, Base Lr: 1.93e-04
2025-12-09 08:47:56,645 DeMo.train INFO: Epoch[14] Iteration[40/65] Loss: 0.220, Acc: 1.000, Base Lr: 1.93e-04
2025-12-09 08:48:01,497 DeMo.train INFO: Epoch[14] Iteration[50/65] Loss: 0.220, Acc: 1.000, Base Lr: 1.93e-04
2025-12-09 08:48:05,955 DeMo.train INFO: Epoch[14] Iteration[60/65] Loss: 0.219, Acc: 1.000, Base Lr: 1.93e-04
2025-12-09 08:48:07,446 DeMo.train INFO: Epoch 14 done. Time per batch: 0.498[s] Speed: 257.0[samples/s]
2025-12-09 08:48:07,453 DeMo.train INFO: ~~~~~~~~~~~~~~~~~~~~~~~~~~~~~~~~~~~~~~~~~~~~~~~~~~
2025-12-09 08:48:07,453 DeMo.train INFO: Current is the [moe,ori] feature testing!
2025-12-09 08:48:07,453 DeMo.train INFO: ~~~~~~~~~~~~~~~~~~~~~~~~~~~~~~~~~~~~~~~~~~~~~~~~~~
The test feature is normalized
=> Computing DistMat with euclidean_distance
2025-12-09 08:48:31,774 DeMo.train INFO: Validation Results - Epoch: 14
2025-12-09 08:48:31,774 DeMo.train INFO: mAP: 66.1%
2025-12-09 08:48:31,774 DeMo.train INFO: CMC curve, Rank-1  :81.0%
2025-12-09 08:48:31,775 DeMo.train INFO: CMC curve, Rank-5  :84.1%
2025-12-09 08:48:31,775 DeMo.train INFO: CMC curve, Rank-10 :85.9%
2025-12-09 08:48:31,775 DeMo.train INFO: ~~~~~~~~~~~~~~~~~~~~~~~~~~~~~~~~~~~~~~~~~~~~~~~~~~
2025-12-09 08:48:50,438 DeMo.train INFO: ~~~~~~~~~~~~~~~~~~~~~~~~~~~~~~~~~~~~~~~~~~~~~~~~~~
2025-12-09 08:48:50,444 DeMo.train INFO: Best mAP: 66.1%
2025-12-09 08:48:50,444 DeMo.train INFO: Best Rank-1: 81.0%
2025-12-09 08:48:50,444 DeMo.train INFO: Best Rank-5: 84.1%
2025-12-09 08:48:50,444 DeMo.train INFO: Best Rank-10: 85.9%
2025-12-09 08:48:50,444 DeMo.train INFO: ~~~~~~~~~~~~~~~~~~~~~~~~~~~~~~~~~~~~~~~~~~~~~~~~~~
2025-12-09 08:48:57,757 DeMo.train INFO: Epoch[15] Iteration[10/65] Loss: 0.218, Acc: 1.000, Base Lr: 1.75e-04
2025-12-09 08:49:02,230 DeMo.train INFO: Epoch[15] Iteration[20/65] Loss: 0.219, Acc: 1.000, Base Lr: 1.75e-04
2025-12-09 08:49:06,704 DeMo.train INFO: Epoch[15] Iteration[30/65] Loss: 0.221, Acc: 1.000, Base Lr: 1.75e-04
2025-12-09 08:49:11,194 DeMo.train INFO: Epoch[15] Iteration[40/65] Loss: 0.223, Acc: 0.999, Base Lr: 1.75e-04
2025-12-09 08:49:15,717 DeMo.train INFO: Epoch[15] Iteration[50/65] Loss: 0.222, Acc: 0.999, Base Lr: 1.75e-04
2025-12-09 08:49:20,179 DeMo.train INFO: Epoch[15] Iteration[60/65] Loss: 0.222, Acc: 0.999, Base Lr: 1.75e-04
2025-12-09 08:49:21,631 DeMo.train INFO: Epoch 15 done. Time per batch: 0.495[s] Speed: 258.6[samples/s]
2025-12-09 08:49:21,632 DeMo.train INFO: ~~~~~~~~~~~~~~~~~~~~~~~~~~~~~~~~~~~~~~~~~~~~~~~~~~
2025-12-09 08:49:21,632 DeMo.train INFO: Current is the [moe,ori] feature testing!
2025-12-09 08:49:21,633 DeMo.train INFO: ~~~~~~~~~~~~~~~~~~~~~~~~~~~~~~~~~~~~~~~~~~~~~~~~~~
The test feature is normalized
=> Computing DistMat with euclidean_distance
2025-12-09 08:49:44,921 DeMo.train INFO: Validation Results - Epoch: 15
2025-12-09 08:49:44,922 DeMo.train INFO: mAP: 65.5%
2025-12-09 08:49:44,922 DeMo.train INFO: CMC curve, Rank-1  :79.5%
2025-12-09 08:49:44,922 DeMo.train INFO: CMC curve, Rank-5  :82.9%
2025-12-09 08:49:44,922 DeMo.train INFO: CMC curve, Rank-10 :84.9%
2025-12-09 08:49:44,922 DeMo.train INFO: ~~~~~~~~~~~~~~~~~~~~~~~~~~~~~~~~~~~~~~~~~~~~~~~~~~
2025-12-09 08:49:45,736 DeMo.train INFO: ~~~~~~~~~~~~~~~~~~~~~~~~~~~~~~~~~~~~~~~~~~~~~~~~~~
2025-12-09 08:49:45,737 DeMo.train INFO: Best mAP: 66.1%
2025-12-09 08:49:45,737 DeMo.train INFO: Best Rank-1: 81.0%
2025-12-09 08:49:45,737 DeMo.train INFO: Best Rank-5: 84.1%
2025-12-09 08:49:45,737 DeMo.train INFO: Best Rank-10: 85.9%
2025-12-09 08:49:45,737 DeMo.train INFO: ~~~~~~~~~~~~~~~~~~~~~~~~~~~~~~~~~~~~~~~~~~~~~~~~~~
2025-12-09 08:49:52,667 DeMo.train INFO: Epoch[16] Iteration[10/65] Loss: 0.219, Acc: 0.999, Base Lr: 1.57e-04
2025-12-09 08:49:57,117 DeMo.train INFO: Epoch[16] Iteration[20/65] Loss: 0.218, Acc: 0.998, Base Lr: 1.57e-04
2025-12-09 08:50:01,563 DeMo.train INFO: Epoch[16] Iteration[30/65] Loss: 0.218, Acc: 0.998, Base Lr: 1.57e-04
2025-12-09 08:50:06,042 DeMo.train INFO: Epoch[16] Iteration[40/65] Loss: 0.217, Acc: 0.998, Base Lr: 1.57e-04
2025-12-09 08:50:10,517 DeMo.train INFO: Epoch[16] Iteration[50/65] Loss: 0.216, Acc: 0.999, Base Lr: 1.57e-04
2025-12-09 08:50:14,998 DeMo.train INFO: Epoch[16] Iteration[60/65] Loss: 0.217, Acc: 0.999, Base Lr: 1.57e-04
2025-12-09 08:50:16,518 DeMo.train INFO: Epoch 16 done. Time per batch: 0.489[s] Speed: 262.0[samples/s]
2025-12-09 08:50:16,529 DeMo.train INFO: ~~~~~~~~~~~~~~~~~~~~~~~~~~~~~~~~~~~~~~~~~~~~~~~~~~
2025-12-09 08:50:16,530 DeMo.train INFO: Current is the [moe,ori] feature testing!
2025-12-09 08:50:16,530 DeMo.train INFO: ~~~~~~~~~~~~~~~~~~~~~~~~~~~~~~~~~~~~~~~~~~~~~~~~~~
The test feature is normalized
=> Computing DistMat with euclidean_distance
2025-12-09 08:50:39,854 DeMo.train INFO: Validation Results - Epoch: 16
2025-12-09 08:50:39,854 DeMo.train INFO: mAP: 66.7%
2025-12-09 08:50:39,854 DeMo.train INFO: CMC curve, Rank-1  :82.2%
2025-12-09 08:50:39,854 DeMo.train INFO: CMC curve, Rank-5  :84.8%
2025-12-09 08:50:39,854 DeMo.train INFO: CMC curve, Rank-10 :86.3%
2025-12-09 08:50:39,854 DeMo.train INFO: ~~~~~~~~~~~~~~~~~~~~~~~~~~~~~~~~~~~~~~~~~~~~~~~~~~
2025-12-09 08:50:57,629 DeMo.train INFO: ~~~~~~~~~~~~~~~~~~~~~~~~~~~~~~~~~~~~~~~~~~~~~~~~~~
2025-12-09 08:50:57,629 DeMo.train INFO: Best mAP: 66.7%
2025-12-09 08:50:57,629 DeMo.train INFO: Best Rank-1: 82.2%
2025-12-09 08:50:57,629 DeMo.train INFO: Best Rank-5: 84.8%
2025-12-09 08:50:57,630 DeMo.train INFO: Best Rank-10: 86.3%
2025-12-09 08:50:57,630 DeMo.train INFO: ~~~~~~~~~~~~~~~~~~~~~~~~~~~~~~~~~~~~~~~~~~~~~~~~~~
2025-12-09 08:51:03,793 DeMo.train INFO: Epoch[17] Iteration[10/65] Loss: 0.216, Acc: 1.000, Base Lr: 1.39e-04
2025-12-09 08:51:08,282 DeMo.train INFO: Epoch[17] Iteration[20/65] Loss: 0.214, Acc: 1.000, Base Lr: 1.39e-04
2025-12-09 08:51:12,737 DeMo.train INFO: Epoch[17] Iteration[30/65] Loss: 0.214, Acc: 1.000, Base Lr: 1.39e-04
2025-12-09 08:51:17,189 DeMo.train INFO: Epoch[17] Iteration[40/65] Loss: 0.214, Acc: 1.000, Base Lr: 1.39e-04
2025-12-09 08:51:21,647 DeMo.train INFO: Epoch[17] Iteration[50/65] Loss: 0.213, Acc: 1.000, Base Lr: 1.39e-04
2025-12-09 08:51:26,100 DeMo.train INFO: Epoch[17] Iteration[60/65] Loss: 0.213, Acc: 1.000, Base Lr: 1.39e-04
2025-12-09 08:51:27,586 DeMo.train INFO: Epoch 17 done. Time per batch: 0.475[s] Speed: 269.2[samples/s]
2025-12-09 08:51:27,590 DeMo.train INFO: ~~~~~~~~~~~~~~~~~~~~~~~~~~~~~~~~~~~~~~~~~~~~~~~~~~
2025-12-09 08:51:27,590 DeMo.train INFO: Current is the [moe,ori] feature testing!
2025-12-09 08:51:27,590 DeMo.train INFO: ~~~~~~~~~~~~~~~~~~~~~~~~~~~~~~~~~~~~~~~~~~~~~~~~~~
The test feature is normalized
=> Computing DistMat with euclidean_distance
2025-12-09 08:51:51,911 DeMo.train INFO: Validation Results - Epoch: 17
2025-12-09 08:51:51,911 DeMo.train INFO: mAP: 66.7%
2025-12-09 08:51:51,912 DeMo.train INFO: CMC curve, Rank-1  :80.6%
2025-12-09 08:51:51,912 DeMo.train INFO: CMC curve, Rank-5  :83.0%
2025-12-09 08:51:51,912 DeMo.train INFO: CMC curve, Rank-10 :85.0%
2025-12-09 08:51:51,912 DeMo.train INFO: ~~~~~~~~~~~~~~~~~~~~~~~~~~~~~~~~~~~~~~~~~~~~~~~~~~
2025-12-09 08:52:09,140 DeMo.train INFO: ~~~~~~~~~~~~~~~~~~~~~~~~~~~~~~~~~~~~~~~~~~~~~~~~~~
2025-12-09 08:52:09,142 DeMo.train INFO: Best mAP: 66.7%
2025-12-09 08:52:09,142 DeMo.train INFO: Best Rank-1: 80.6%
2025-12-09 08:52:09,142 DeMo.train INFO: Best Rank-5: 83.0%
2025-12-09 08:52:09,142 DeMo.train INFO: Best Rank-10: 85.0%
2025-12-09 08:52:09,143 DeMo.train INFO: ~~~~~~~~~~~~~~~~~~~~~~~~~~~~~~~~~~~~~~~~~~~~~~~~~~
2025-12-09 08:52:16,055 DeMo.train INFO: Epoch[18] Iteration[10/65] Loss: 0.212, Acc: 1.000, Base Lr: 1.21e-04
2025-12-09 08:52:20,544 DeMo.train INFO: Epoch[18] Iteration[20/65] Loss: 0.212, Acc: 1.000, Base Lr: 1.21e-04
2025-12-09 08:52:25,025 DeMo.train INFO: Epoch[18] Iteration[30/65] Loss: 0.211, Acc: 0.999, Base Lr: 1.21e-04
2025-12-09 08:52:29,491 DeMo.train INFO: Epoch[18] Iteration[40/65] Loss: 0.211, Acc: 0.999, Base Lr: 1.21e-04
2025-12-09 08:52:33,924 DeMo.train INFO: Epoch[18] Iteration[50/65] Loss: 0.211, Acc: 1.000, Base Lr: 1.21e-04
2025-12-09 08:52:38,370 DeMo.train INFO: Epoch[18] Iteration[60/65] Loss: 0.211, Acc: 1.000, Base Lr: 1.21e-04
2025-12-09 08:52:39,841 DeMo.train INFO: Epoch 18 done. Time per batch: 0.487[s] Speed: 262.7[samples/s]
2025-12-09 08:52:39,845 DeMo.train INFO: ~~~~~~~~~~~~~~~~~~~~~~~~~~~~~~~~~~~~~~~~~~~~~~~~~~
2025-12-09 08:52:39,845 DeMo.train INFO: Current is the [moe,ori] feature testing!
2025-12-09 08:52:39,846 DeMo.train INFO: ~~~~~~~~~~~~~~~~~~~~~~~~~~~~~~~~~~~~~~~~~~~~~~~~~~
The test feature is normalized
=> Computing DistMat with euclidean_distance
2025-12-09 08:53:03,244 DeMo.train INFO: Validation Results - Epoch: 18
2025-12-09 08:53:03,244 DeMo.train INFO: mAP: 67.0%
2025-12-09 08:53:03,244 DeMo.train INFO: CMC curve, Rank-1  :81.7%
2025-12-09 08:53:03,244 DeMo.train INFO: CMC curve, Rank-5  :84.1%
2025-12-09 08:53:03,244 DeMo.train INFO: CMC curve, Rank-10 :85.9%
2025-12-09 08:53:03,245 DeMo.train INFO: ~~~~~~~~~~~~~~~~~~~~~~~~~~~~~~~~~~~~~~~~~~~~~~~~~~
2025-12-09 08:53:20,928 DeMo.train INFO: ~~~~~~~~~~~~~~~~~~~~~~~~~~~~~~~~~~~~~~~~~~~~~~~~~~
2025-12-09 08:53:20,929 DeMo.train INFO: Best mAP: 67.0%
2025-12-09 08:53:20,929 DeMo.train INFO: Best Rank-1: 81.7%
2025-12-09 08:53:20,929 DeMo.train INFO: Best Rank-5: 84.1%
2025-12-09 08:53:20,929 DeMo.train INFO: Best Rank-10: 85.9%
2025-12-09 08:53:20,929 DeMo.train INFO: ~~~~~~~~~~~~~~~~~~~~~~~~~~~~~~~~~~~~~~~~~~~~~~~~~~
2025-12-09 08:53:28,041 DeMo.train INFO: Epoch[19] Iteration[10/65] Loss: 0.207, Acc: 1.000, Base Lr: 1.04e-04
2025-12-09 08:53:32,514 DeMo.train INFO: Epoch[19] Iteration[20/65] Loss: 0.207, Acc: 1.000, Base Lr: 1.04e-04
2025-12-09 08:53:36,993 DeMo.train INFO: Epoch[19] Iteration[30/65] Loss: 0.207, Acc: 1.000, Base Lr: 1.04e-04
2025-12-09 08:53:41,525 DeMo.train INFO: Epoch[19] Iteration[40/65] Loss: 0.207, Acc: 1.000, Base Lr: 1.04e-04
2025-12-09 08:53:46,019 DeMo.train INFO: Epoch[19] Iteration[50/65] Loss: 0.207, Acc: 1.000, Base Lr: 1.04e-04
2025-12-09 08:53:50,516 DeMo.train INFO: Epoch[19] Iteration[60/65] Loss: 0.207, Acc: 1.000, Base Lr: 1.04e-04
2025-12-09 08:53:51,550 DeMo.train INFO: Epoch 19 done. Time per batch: 0.494[s] Speed: 259.2[samples/s]
2025-12-09 08:53:51,562 DeMo.train INFO: ~~~~~~~~~~~~~~~~~~~~~~~~~~~~~~~~~~~~~~~~~~~~~~~~~~
2025-12-09 08:53:51,562 DeMo.train INFO: Current is the [moe,ori] feature testing!
2025-12-09 08:53:51,562 DeMo.train INFO: ~~~~~~~~~~~~~~~~~~~~~~~~~~~~~~~~~~~~~~~~~~~~~~~~~~
The test feature is normalized
=> Computing DistMat with euclidean_distance
2025-12-09 08:54:15,362 DeMo.train INFO: Validation Results - Epoch: 19
2025-12-09 08:54:15,363 DeMo.train INFO: mAP: 67.1%
2025-12-09 08:54:15,364 DeMo.train INFO: CMC curve, Rank-1  :82.0%
2025-12-09 08:54:15,365 DeMo.train INFO: CMC curve, Rank-5  :84.7%
2025-12-09 08:54:15,365 DeMo.train INFO: CMC curve, Rank-10 :86.0%
2025-12-09 08:54:15,366 DeMo.train INFO: ~~~~~~~~~~~~~~~~~~~~~~~~~~~~~~~~~~~~~~~~~~~~~~~~~~
2025-12-09 08:54:51,764 DeMo.train INFO: ~~~~~~~~~~~~~~~~~~~~~~~~~~~~~~~~~~~~~~~~~~~~~~~~~~
2025-12-09 08:54:51,765 DeMo.train INFO: Best mAP: 67.1%
2025-12-09 08:54:51,766 DeMo.train INFO: Best Rank-1: 82.0%
2025-12-09 08:54:51,767 DeMo.train INFO: Best Rank-5: 84.7%
2025-12-09 08:54:51,767 DeMo.train INFO: Best Rank-10: 86.0%
2025-12-09 08:54:51,767 DeMo.train INFO: ~~~~~~~~~~~~~~~~~~~~~~~~~~~~~~~~~~~~~~~~~~~~~~~~~~
2025-12-09 08:54:58,591 DeMo.train INFO: Epoch[20] Iteration[10/65] Loss: 0.209, Acc: 1.000, Base Lr: 8.78e-05
2025-12-09 08:55:03,101 DeMo.train INFO: Epoch[20] Iteration[20/65] Loss: 0.208, Acc: 1.000, Base Lr: 8.78e-05
2025-12-09 08:55:07,604 DeMo.train INFO: Epoch[20] Iteration[30/65] Loss: 0.208, Acc: 1.000, Base Lr: 8.78e-05
2025-12-09 08:55:12,088 DeMo.train INFO: Epoch[20] Iteration[40/65] Loss: 0.207, Acc: 1.000, Base Lr: 8.78e-05
2025-12-09 08:55:16,565 DeMo.train INFO: Epoch[20] Iteration[50/65] Loss: 0.207, Acc: 1.000, Base Lr: 8.78e-05
2025-12-09 08:55:21,016 DeMo.train INFO: Epoch[20] Iteration[60/65] Loss: 0.207, Acc: 1.000, Base Lr: 8.78e-05
2025-12-09 08:55:22,479 DeMo.train INFO: Epoch 20 done. Time per batch: 0.487[s] Speed: 262.6[samples/s]
2025-12-09 08:55:22,481 DeMo.train INFO: ~~~~~~~~~~~~~~~~~~~~~~~~~~~~~~~~~~~~~~~~~~~~~~~~~~
2025-12-09 08:55:22,481 DeMo.train INFO: Current is the [moe,ori] feature testing!
2025-12-09 08:55:22,482 DeMo.train INFO: ~~~~~~~~~~~~~~~~~~~~~~~~~~~~~~~~~~~~~~~~~~~~~~~~~~
The test feature is normalized
=> Computing DistMat with euclidean_distance
2025-12-09 08:55:46,679 DeMo.train INFO: Validation Results - Epoch: 20
2025-12-09 08:55:46,679 DeMo.train INFO: mAP: 67.1%
2025-12-09 08:55:46,679 DeMo.train INFO: CMC curve, Rank-1  :81.5%
2025-12-09 08:55:46,679 DeMo.train INFO: CMC curve, Rank-5  :84.3%
2025-12-09 08:55:46,680 DeMo.train INFO: CMC curve, Rank-10 :86.3%
2025-12-09 08:55:46,680 DeMo.train INFO: ~~~~~~~~~~~~~~~~~~~~~~~~~~~~~~~~~~~~~~~~~~~~~~~~~~
2025-12-09 08:56:03,988 DeMo.train INFO: ~~~~~~~~~~~~~~~~~~~~~~~~~~~~~~~~~~~~~~~~~~~~~~~~~~
2025-12-09 08:56:03,992 DeMo.train INFO: Best mAP: 67.1%
2025-12-09 08:56:03,992 DeMo.train INFO: Best Rank-1: 81.5%
2025-12-09 08:56:03,992 DeMo.train INFO: Best Rank-5: 84.3%
2025-12-09 08:56:03,992 DeMo.train INFO: Best Rank-10: 86.3%
2025-12-09 08:56:03,992 DeMo.train INFO: ~~~~~~~~~~~~~~~~~~~~~~~~~~~~~~~~~~~~~~~~~~~~~~~~~~
2025-12-09 08:56:11,247 DeMo.train INFO: Epoch[21] Iteration[10/65] Loss: 0.206, Acc: 1.000, Base Lr: 7.24e-05
2025-12-09 08:56:15,736 DeMo.train INFO: Epoch[21] Iteration[20/65] Loss: 0.206, Acc: 1.000, Base Lr: 7.24e-05
2025-12-09 08:56:20,233 DeMo.train INFO: Epoch[21] Iteration[30/65] Loss: 0.207, Acc: 1.000, Base Lr: 7.24e-05
2025-12-09 08:56:24,713 DeMo.train INFO: Epoch[21] Iteration[40/65] Loss: 0.207, Acc: 1.000, Base Lr: 7.24e-05
2025-12-09 08:56:29,239 DeMo.train INFO: Epoch[21] Iteration[50/65] Loss: 0.207, Acc: 1.000, Base Lr: 7.24e-05
2025-12-09 08:56:33,721 DeMo.train INFO: Epoch[21] Iteration[60/65] Loss: 0.206, Acc: 1.000, Base Lr: 7.24e-05
2025-12-09 08:56:34,774 DeMo.train INFO: Epoch 21 done. Time per batch: 0.496[s] Speed: 257.8[samples/s]
2025-12-09 08:56:34,784 DeMo.train INFO: ~~~~~~~~~~~~~~~~~~~~~~~~~~~~~~~~~~~~~~~~~~~~~~~~~~
2025-12-09 08:56:34,784 DeMo.train INFO: Current is the [moe,ori] feature testing!
2025-12-09 08:56:34,784 DeMo.train INFO: ~~~~~~~~~~~~~~~~~~~~~~~~~~~~~~~~~~~~~~~~~~~~~~~~~~
The test feature is normalized
=> Computing DistMat with euclidean_distance
2025-12-09 08:56:58,480 DeMo.train INFO: Validation Results - Epoch: 21
2025-12-09 08:56:58,481 DeMo.train INFO: mAP: 67.7%
2025-12-09 08:56:58,481 DeMo.train INFO: CMC curve, Rank-1  :81.7%
2025-12-09 08:56:58,481 DeMo.train INFO: CMC curve, Rank-5  :84.0%
2025-12-09 08:56:58,481 DeMo.train INFO: CMC curve, Rank-10 :86.4%
2025-12-09 08:56:58,481 DeMo.train INFO: ~~~~~~~~~~~~~~~~~~~~~~~~~~~~~~~~~~~~~~~~~~~~~~~~~~
2025-12-09 08:57:16,685 DeMo.train INFO: ~~~~~~~~~~~~~~~~~~~~~~~~~~~~~~~~~~~~~~~~~~~~~~~~~~
2025-12-09 08:57:16,686 DeMo.train INFO: Best mAP: 67.7%
2025-12-09 08:57:16,686 DeMo.train INFO: Best Rank-1: 81.7%
2025-12-09 08:57:16,686 DeMo.train INFO: Best Rank-5: 84.0%
2025-12-09 08:57:16,686 DeMo.train INFO: Best Rank-10: 86.4%
2025-12-09 08:57:16,686 DeMo.train INFO: ~~~~~~~~~~~~~~~~~~~~~~~~~~~~~~~~~~~~~~~~~~~~~~~~~~
2025-12-09 08:57:22,643 DeMo.train INFO: Epoch[22] Iteration[10/65] Loss: 0.204, Acc: 1.000, Base Lr: 5.82e-05
2025-12-09 08:57:27,701 DeMo.train INFO: Epoch[22] Iteration[20/65] Loss: 0.205, Acc: 1.000, Base Lr: 5.82e-05
2025-12-09 08:57:32,155 DeMo.train INFO: Epoch[22] Iteration[30/65] Loss: 0.205, Acc: 1.000, Base Lr: 5.82e-05
2025-12-09 08:57:36,627 DeMo.train INFO: Epoch[22] Iteration[40/65] Loss: 0.205, Acc: 1.000, Base Lr: 5.82e-05
2025-12-09 08:57:41,070 DeMo.train INFO: Epoch[22] Iteration[50/65] Loss: 0.205, Acc: 1.000, Base Lr: 5.82e-05
2025-12-09 08:57:45,522 DeMo.train INFO: Epoch[22] Iteration[60/65] Loss: 0.205, Acc: 1.000, Base Lr: 5.82e-05
2025-12-09 08:57:46,540 DeMo.train INFO: Epoch 22 done. Time per batch: 0.482[s] Speed: 265.8[samples/s]
2025-12-09 08:57:46,542 DeMo.train INFO: ~~~~~~~~~~~~~~~~~~~~~~~~~~~~~~~~~~~~~~~~~~~~~~~~~~
2025-12-09 08:57:46,542 DeMo.train INFO: Current is the [moe,ori] feature testing!
2025-12-09 08:57:46,542 DeMo.train INFO: ~~~~~~~~~~~~~~~~~~~~~~~~~~~~~~~~~~~~~~~~~~~~~~~~~~
The test feature is normalized
=> Computing DistMat with euclidean_distance
2025-12-09 08:58:11,589 DeMo.train INFO: Validation Results - Epoch: 22
2025-12-09 08:58:11,589 DeMo.train INFO: mAP: 67.5%
2025-12-09 08:58:11,589 DeMo.train INFO: CMC curve, Rank-1  :82.2%
2025-12-09 08:58:11,589 DeMo.train INFO: CMC curve, Rank-5  :84.6%
2025-12-09 08:58:11,590 DeMo.train INFO: CMC curve, Rank-10 :86.1%
2025-12-09 08:58:11,590 DeMo.train INFO: ~~~~~~~~~~~~~~~~~~~~~~~~~~~~~~~~~~~~~~~~~~~~~~~~~~
2025-12-09 08:58:12,416 DeMo.train INFO: ~~~~~~~~~~~~~~~~~~~~~~~~~~~~~~~~~~~~~~~~~~~~~~~~~~
2025-12-09 08:58:12,417 DeMo.train INFO: Best mAP: 67.7%
2025-12-09 08:58:12,417 DeMo.train INFO: Best Rank-1: 81.7%
2025-12-09 08:58:12,417 DeMo.train INFO: Best Rank-5: 84.0%
2025-12-09 08:58:12,417 DeMo.train INFO: Best Rank-10: 86.4%
2025-12-09 08:58:12,417 DeMo.train INFO: ~~~~~~~~~~~~~~~~~~~~~~~~~~~~~~~~~~~~~~~~~~~~~~~~~~
2025-12-09 08:58:19,015 DeMo.train INFO: Epoch[23] Iteration[10/65] Loss: 0.213, Acc: 0.999, Base Lr: 4.53e-05
2025-12-09 08:58:23,499 DeMo.train INFO: Epoch[23] Iteration[20/65] Loss: 0.209, Acc: 1.000, Base Lr: 4.53e-05
2025-12-09 08:58:28,035 DeMo.train INFO: Epoch[23] Iteration[30/65] Loss: 0.208, Acc: 1.000, Base Lr: 4.53e-05
2025-12-09 08:58:32,520 DeMo.train INFO: Epoch[23] Iteration[40/65] Loss: 0.207, Acc: 1.000, Base Lr: 4.53e-05
2025-12-09 08:58:36,990 DeMo.train INFO: Epoch[23] Iteration[50/65] Loss: 0.206, Acc: 1.000, Base Lr: 4.53e-05
2025-12-09 08:58:41,453 DeMo.train INFO: Epoch[23] Iteration[60/65] Loss: 0.206, Acc: 1.000, Base Lr: 4.53e-05
2025-12-09 08:58:42,521 DeMo.train INFO: Epoch 23 done. Time per batch: 0.486[s] Speed: 263.6[samples/s]
2025-12-09 08:58:42,531 DeMo.train INFO: ~~~~~~~~~~~~~~~~~~~~~~~~~~~~~~~~~~~~~~~~~~~~~~~~~~
2025-12-09 08:58:42,532 DeMo.train INFO: Current is the [moe,ori] feature testing!
2025-12-09 08:58:42,532 DeMo.train INFO: ~~~~~~~~~~~~~~~~~~~~~~~~~~~~~~~~~~~~~~~~~~~~~~~~~~
The test feature is normalized
=> Computing DistMat with euclidean_distance
2025-12-09 08:59:07,558 DeMo.train INFO: Validation Results - Epoch: 23
2025-12-09 08:59:07,559 DeMo.train INFO: mAP: 67.6%
2025-12-09 08:59:07,559 DeMo.train INFO: CMC curve, Rank-1  :82.6%
2025-12-09 08:59:07,560 DeMo.train INFO: CMC curve, Rank-5  :85.0%
2025-12-09 08:59:07,561 DeMo.train INFO: CMC curve, Rank-10 :86.2%
2025-12-09 08:59:07,562 DeMo.train INFO: ~~~~~~~~~~~~~~~~~~~~~~~~~~~~~~~~~~~~~~~~~~~~~~~~~~
2025-12-09 08:59:08,670 DeMo.train INFO: ~~~~~~~~~~~~~~~~~~~~~~~~~~~~~~~~~~~~~~~~~~~~~~~~~~
2025-12-09 08:59:08,671 DeMo.train INFO: Best mAP: 67.7%
2025-12-09 08:59:08,672 DeMo.train INFO: Best Rank-1: 81.7%
2025-12-09 08:59:08,673 DeMo.train INFO: Best Rank-5: 84.0%
2025-12-09 08:59:08,673 DeMo.train INFO: Best Rank-10: 86.4%
2025-12-09 08:59:08,674 DeMo.train INFO: ~~~~~~~~~~~~~~~~~~~~~~~~~~~~~~~~~~~~~~~~~~~~~~~~~~
2025-12-09 08:59:15,513 DeMo.train INFO: Epoch[24] Iteration[10/65] Loss: 0.205, Acc: 1.000, Base Lr: 3.37e-05
2025-12-09 08:59:20,335 DeMo.train INFO: Epoch[24] Iteration[20/65] Loss: 0.204, Acc: 1.000, Base Lr: 3.37e-05
2025-12-09 08:59:24,792 DeMo.train INFO: Epoch[24] Iteration[30/65] Loss: 0.204, Acc: 1.000, Base Lr: 3.37e-05
2025-12-09 08:59:29,232 DeMo.train INFO: Epoch[24] Iteration[40/65] Loss: 0.205, Acc: 1.000, Base Lr: 3.37e-05
2025-12-09 08:59:33,666 DeMo.train INFO: Epoch[24] Iteration[50/65] Loss: 0.204, Acc: 1.000, Base Lr: 3.37e-05
2025-12-09 08:59:38,154 DeMo.train INFO: Epoch[24] Iteration[60/65] Loss: 0.204, Acc: 1.000, Base Lr: 3.37e-05
2025-12-09 08:59:39,220 DeMo.train INFO: Epoch 24 done. Time per batch: 0.493[s] Speed: 259.8[samples/s]
2025-12-09 08:59:39,224 DeMo.train INFO: ~~~~~~~~~~~~~~~~~~~~~~~~~~~~~~~~~~~~~~~~~~~~~~~~~~
2025-12-09 08:59:39,224 DeMo.train INFO: Current is the [moe,ori] feature testing!
2025-12-09 08:59:39,225 DeMo.train INFO: ~~~~~~~~~~~~~~~~~~~~~~~~~~~~~~~~~~~~~~~~~~~~~~~~~~
The test feature is normalized
=> Computing DistMat with euclidean_distance
2025-12-09 09:00:02,738 DeMo.train INFO: Validation Results - Epoch: 24
2025-12-09 09:00:02,738 DeMo.train INFO: mAP: 67.7%
2025-12-09 09:00:02,739 DeMo.train INFO: CMC curve, Rank-1  :82.6%
2025-12-09 09:00:02,739 DeMo.train INFO: CMC curve, Rank-5  :84.8%
2025-12-09 09:00:02,739 DeMo.train INFO: CMC curve, Rank-10 :86.3%
2025-12-09 09:00:02,739 DeMo.train INFO: ~~~~~~~~~~~~~~~~~~~~~~~~~~~~~~~~~~~~~~~~~~~~~~~~~~
2025-12-09 09:00:20,827 DeMo.train INFO: ~~~~~~~~~~~~~~~~~~~~~~~~~~~~~~~~~~~~~~~~~~~~~~~~~~
2025-12-09 09:00:20,828 DeMo.train INFO: Best mAP: 67.7%
2025-12-09 09:00:20,829 DeMo.train INFO: Best Rank-1: 82.6%
2025-12-09 09:00:20,829 DeMo.train INFO: Best Rank-5: 84.8%
2025-12-09 09:00:20,829 DeMo.train INFO: Best Rank-10: 86.3%
2025-12-09 09:00:20,829 DeMo.train INFO: ~~~~~~~~~~~~~~~~~~~~~~~~~~~~~~~~~~~~~~~~~~~~~~~~~~
2025-12-09 09:00:28,323 DeMo.train INFO: Epoch[25] Iteration[10/65] Loss: 0.203, Acc: 1.000, Base Lr: 2.38e-05
2025-12-09 09:00:32,824 DeMo.train INFO: Epoch[25] Iteration[20/65] Loss: 0.203, Acc: 1.000, Base Lr: 2.38e-05
2025-12-09 09:00:37,263 DeMo.train INFO: Epoch[25] Iteration[30/65] Loss: 0.203, Acc: 1.000, Base Lr: 2.38e-05
2025-12-09 09:00:41,749 DeMo.train INFO: Epoch[25] Iteration[40/65] Loss: 0.203, Acc: 1.000, Base Lr: 2.38e-05
2025-12-09 09:00:46,210 DeMo.train INFO: Epoch[25] Iteration[50/65] Loss: 0.203, Acc: 1.000, Base Lr: 2.38e-05
2025-12-09 09:00:50,634 DeMo.train INFO: Epoch[25] Iteration[60/65] Loss: 0.203, Acc: 1.000, Base Lr: 2.38e-05
2025-12-09 09:00:51,687 DeMo.train INFO: Epoch 25 done. Time per batch: 0.498[s] Speed: 257.2[samples/s]
2025-12-09 09:00:51,691 DeMo.train INFO: ~~~~~~~~~~~~~~~~~~~~~~~~~~~~~~~~~~~~~~~~~~~~~~~~~~
2025-12-09 09:00:51,692 DeMo.train INFO: Current is the [moe,ori] feature testing!
2025-12-09 09:00:51,692 DeMo.train INFO: ~~~~~~~~~~~~~~~~~~~~~~~~~~~~~~~~~~~~~~~~~~~~~~~~~~
The test feature is normalized
=> Computing DistMat with euclidean_distance
2025-12-09 09:01:15,179 DeMo.train INFO: Validation Results - Epoch: 25
2025-12-09 09:01:15,180 DeMo.train INFO: mAP: 67.7%
2025-12-09 09:01:15,180 DeMo.train INFO: CMC curve, Rank-1  :82.2%
2025-12-09 09:01:15,180 DeMo.train INFO: CMC curve, Rank-5  :84.5%
2025-12-09 09:01:15,180 DeMo.train INFO: CMC curve, Rank-10 :86.6%
2025-12-09 09:01:15,180 DeMo.train INFO: ~~~~~~~~~~~~~~~~~~~~~~~~~~~~~~~~~~~~~~~~~~~~~~~~~~
2025-12-09 09:01:33,115 DeMo.train INFO: ~~~~~~~~~~~~~~~~~~~~~~~~~~~~~~~~~~~~~~~~~~~~~~~~~~
2025-12-09 09:01:33,120 DeMo.train INFO: Best mAP: 67.7%
2025-12-09 09:01:33,120 DeMo.train INFO: Best Rank-1: 82.2%
2025-12-09 09:01:33,121 DeMo.train INFO: Best Rank-5: 84.5%
2025-12-09 09:01:33,121 DeMo.train INFO: Best Rank-10: 86.6%
2025-12-09 09:01:33,121 DeMo.train INFO: ~~~~~~~~~~~~~~~~~~~~~~~~~~~~~~~~~~~~~~~~~~~~~~~~~~
2025-12-09 09:01:40,743 DeMo.train INFO: Epoch[26] Iteration[10/65] Loss: 0.204, Acc: 1.000, Base Lr: 1.55e-05
2025-12-09 09:01:45,219 DeMo.train INFO: Epoch[26] Iteration[20/65] Loss: 0.203, Acc: 0.999, Base Lr: 1.55e-05
2025-12-09 09:01:49,706 DeMo.train INFO: Epoch[26] Iteration[30/65] Loss: 0.204, Acc: 0.999, Base Lr: 1.55e-05
2025-12-09 09:01:54,202 DeMo.train INFO: Epoch[26] Iteration[40/65] Loss: 0.204, Acc: 1.000, Base Lr: 1.55e-05
2025-12-09 09:01:58,663 DeMo.train INFO: Epoch[26] Iteration[50/65] Loss: 0.204, Acc: 1.000, Base Lr: 1.55e-05
2025-12-09 09:02:03,123 DeMo.train INFO: Epoch[26] Iteration[60/65] Loss: 0.204, Acc: 1.000, Base Lr: 1.55e-05
2025-12-09 09:02:04,632 DeMo.train INFO: Epoch 26 done. Time per batch: 0.500[s] Speed: 255.9[samples/s]
2025-12-09 09:02:04,635 DeMo.train INFO: ~~~~~~~~~~~~~~~~~~~~~~~~~~~~~~~~~~~~~~~~~~~~~~~~~~
2025-12-09 09:02:04,635 DeMo.train INFO: Current is the [moe,ori] feature testing!
2025-12-09 09:02:04,636 DeMo.train INFO: ~~~~~~~~~~~~~~~~~~~~~~~~~~~~~~~~~~~~~~~~~~~~~~~~~~
The test feature is normalized
=> Computing DistMat with euclidean_distance
2025-12-09 09:02:29,193 DeMo.train INFO: Validation Results - Epoch: 26
2025-12-09 09:02:29,194 DeMo.train INFO: mAP: 67.6%
2025-12-09 09:02:29,194 DeMo.train INFO: CMC curve, Rank-1  :82.2%
2025-12-09 09:02:29,194 DeMo.train INFO: CMC curve, Rank-5  :85.0%
2025-12-09 09:02:29,194 DeMo.train INFO: CMC curve, Rank-10 :86.9%
2025-12-09 09:02:29,194 DeMo.train INFO: ~~~~~~~~~~~~~~~~~~~~~~~~~~~~~~~~~~~~~~~~~~~~~~~~~~
2025-12-09 09:02:29,257 DeMo.train INFO: ~~~~~~~~~~~~~~~~~~~~~~~~~~~~~~~~~~~~~~~~~~~~~~~~~~
2025-12-09 09:02:29,257 DeMo.train INFO: Best mAP: 67.7%
2025-12-09 09:02:29,257 DeMo.train INFO: Best Rank-1: 82.2%
2025-12-09 09:02:29,257 DeMo.train INFO: Best Rank-5: 84.5%
2025-12-09 09:02:29,258 DeMo.train INFO: Best Rank-10: 86.6%
2025-12-09 09:02:29,258 DeMo.train INFO: ~~~~~~~~~~~~~~~~~~~~~~~~~~~~~~~~~~~~~~~~~~~~~~~~~~
2025-12-09 09:02:35,321 DeMo.train INFO: Epoch[27] Iteration[10/65] Loss: 0.203, Acc: 1.000, Base Lr: 8.91e-06
2025-12-09 09:02:39,776 DeMo.train INFO: Epoch[27] Iteration[20/65] Loss: 0.203, Acc: 1.000, Base Lr: 8.91e-06
2025-12-09 09:02:44,233 DeMo.train INFO: Epoch[27] Iteration[30/65] Loss: 0.203, Acc: 1.000, Base Lr: 8.91e-06
2025-12-09 09:02:48,734 DeMo.train INFO: Epoch[27] Iteration[40/65] Loss: 0.203, Acc: 1.000, Base Lr: 8.91e-06
2025-12-09 09:02:53,194 DeMo.train INFO: Epoch[27] Iteration[50/65] Loss: 0.203, Acc: 1.000, Base Lr: 8.91e-06
2025-12-09 09:02:57,684 DeMo.train INFO: Epoch[27] Iteration[60/65] Loss: 0.203, Acc: 1.000, Base Lr: 8.91e-06
2025-12-09 09:02:59,163 DeMo.train INFO: Epoch 27 done. Time per batch: 0.475[s] Speed: 269.7[samples/s]
2025-12-09 09:02:59,167 DeMo.train INFO: ~~~~~~~~~~~~~~~~~~~~~~~~~~~~~~~~~~~~~~~~~~~~~~~~~~
2025-12-09 09:02:59,168 DeMo.train INFO: Current is the [moe,ori] feature testing!
2025-12-09 09:02:59,168 DeMo.train INFO: ~~~~~~~~~~~~~~~~~~~~~~~~~~~~~~~~~~~~~~~~~~~~~~~~~~
The test feature is normalized
=> Computing DistMat with euclidean_distance
2025-12-09 09:03:23,840 DeMo.train INFO: Validation Results - Epoch: 27
2025-12-09 09:03:23,840 DeMo.train INFO: mAP: 67.6%
2025-12-09 09:03:23,840 DeMo.train INFO: CMC curve, Rank-1  :82.2%
2025-12-09 09:03:23,840 DeMo.train INFO: CMC curve, Rank-5  :85.0%
2025-12-09 09:03:23,841 DeMo.train INFO: CMC curve, Rank-10 :86.7%
2025-12-09 09:03:23,841 DeMo.train INFO: ~~~~~~~~~~~~~~~~~~~~~~~~~~~~~~~~~~~~~~~~~~~~~~~~~~
2025-12-09 09:03:25,457 DeMo.train INFO: ~~~~~~~~~~~~~~~~~~~~~~~~~~~~~~~~~~~~~~~~~~~~~~~~~~
2025-12-09 09:03:25,457 DeMo.train INFO: Best mAP: 67.7%
2025-12-09 09:03:25,457 DeMo.train INFO: Best Rank-1: 82.2%
2025-12-09 09:03:25,458 DeMo.train INFO: Best Rank-5: 84.5%
2025-12-09 09:03:25,458 DeMo.train INFO: Best Rank-10: 86.6%
2025-12-09 09:03:25,458 DeMo.train INFO: ~~~~~~~~~~~~~~~~~~~~~~~~~~~~~~~~~~~~~~~~~~~~~~~~~~
2025-12-09 09:03:32,296 DeMo.train INFO: Epoch[28] Iteration[10/65] Loss: 0.205, Acc: 1.000, Base Lr: 4.17e-06
2025-12-09 09:03:36,776 DeMo.train INFO: Epoch[28] Iteration[20/65] Loss: 0.204, Acc: 1.000, Base Lr: 4.17e-06
2025-12-09 09:03:41,309 DeMo.train INFO: Epoch[28] Iteration[30/65] Loss: 0.205, Acc: 1.000, Base Lr: 4.17e-06
2025-12-09 09:03:45,821 DeMo.train INFO: Epoch[28] Iteration[40/65] Loss: 0.204, Acc: 1.000, Base Lr: 4.17e-06
2025-12-09 09:03:50,295 DeMo.train INFO: Epoch[28] Iteration[50/65] Loss: 0.204, Acc: 1.000, Base Lr: 4.17e-06
2025-12-09 09:03:54,736 DeMo.train INFO: Epoch[28] Iteration[60/65] Loss: 0.203, Acc: 1.000, Base Lr: 4.17e-06
2025-12-09 09:03:55,774 DeMo.train INFO: Epoch 28 done. Time per batch: 0.489[s] Speed: 261.8[samples/s]
2025-12-09 09:03:55,779 DeMo.train INFO: ~~~~~~~~~~~~~~~~~~~~~~~~~~~~~~~~~~~~~~~~~~~~~~~~~~
2025-12-09 09:03:55,779 DeMo.train INFO: Current is the [moe,ori] feature testing!
2025-12-09 09:03:55,779 DeMo.train INFO: ~~~~~~~~~~~~~~~~~~~~~~~~~~~~~~~~~~~~~~~~~~~~~~~~~~
The test feature is normalized
=> Computing DistMat with euclidean_distance
2025-12-09 09:04:18,713 DeMo.train INFO: Validation Results - Epoch: 28
2025-12-09 09:04:18,713 DeMo.train INFO: mAP: 67.6%
2025-12-09 09:04:18,713 DeMo.train INFO: CMC curve, Rank-1  :82.1%
2025-12-09 09:04:18,713 DeMo.train INFO: CMC curve, Rank-5  :85.0%
2025-12-09 09:04:18,713 DeMo.train INFO: CMC curve, Rank-10 :86.8%
2025-12-09 09:04:18,714 DeMo.train INFO: ~~~~~~~~~~~~~~~~~~~~~~~~~~~~~~~~~~~~~~~~~~~~~~~~~~
2025-12-09 09:04:20,172 DeMo.train INFO: ~~~~~~~~~~~~~~~~~~~~~~~~~~~~~~~~~~~~~~~~~~~~~~~~~~
2025-12-09 09:04:20,173 DeMo.train INFO: Best mAP: 67.7%
2025-12-09 09:04:20,173 DeMo.train INFO: Best Rank-1: 82.2%
2025-12-09 09:04:20,173 DeMo.train INFO: Best Rank-5: 84.5%
2025-12-09 09:04:20,173 DeMo.train INFO: Best Rank-10: 86.6%
2025-12-09 09:04:20,174 DeMo.train INFO: ~~~~~~~~~~~~~~~~~~~~~~~~~~~~~~~~~~~~~~~~~~~~~~~~~~
2025-12-09 09:04:27,008 DeMo.train INFO: Epoch[29] Iteration[10/65] Loss: 0.204, Acc: 1.000, Base Lr: 1.31e-06
2025-12-09 09:04:31,992 DeMo.train INFO: Epoch[29] Iteration[20/65] Loss: 0.203, Acc: 1.000, Base Lr: 1.31e-06
2025-12-09 09:04:36,490 DeMo.train INFO: Epoch[29] Iteration[30/65] Loss: 0.203, Acc: 1.000, Base Lr: 1.31e-06
2025-12-09 09:04:41,011 DeMo.train INFO: Epoch[29] Iteration[40/65] Loss: 0.203, Acc: 1.000, Base Lr: 1.31e-06
2025-12-09 09:04:45,479 DeMo.train INFO: Epoch[29] Iteration[50/65] Loss: 0.203, Acc: 1.000, Base Lr: 1.31e-06
2025-12-09 09:04:49,921 DeMo.train INFO: Epoch[29] Iteration[60/65] Loss: 0.203, Acc: 1.000, Base Lr: 1.31e-06
2025-12-09 09:04:50,957 DeMo.train INFO: Epoch 29 done. Time per batch: 0.497[s] Speed: 257.8[samples/s]
2025-12-09 09:04:50,970 DeMo.train INFO: ~~~~~~~~~~~~~~~~~~~~~~~~~~~~~~~~~~~~~~~~~~~~~~~~~~
2025-12-09 09:04:50,970 DeMo.train INFO: Current is the [moe,ori] feature testing!
2025-12-09 09:04:50,970 DeMo.train INFO: ~~~~~~~~~~~~~~~~~~~~~~~~~~~~~~~~~~~~~~~~~~~~~~~~~~
The test feature is normalized
=> Computing DistMat with euclidean_distance
2025-12-09 09:05:20,905 DeMo.train INFO: Validation Results - Epoch: 29
2025-12-09 09:05:20,905 DeMo.train INFO: mAP: 67.6%
2025-12-09 09:05:20,905 DeMo.train INFO: CMC curve, Rank-1  :82.2%
2025-12-09 09:05:20,905 DeMo.train INFO: CMC curve, Rank-5  :85.0%
2025-12-09 09:05:20,906 DeMo.train INFO: CMC curve, Rank-10 :86.7%
2025-12-09 09:05:20,906 DeMo.train INFO: ~~~~~~~~~~~~~~~~~~~~~~~~~~~~~~~~~~~~~~~~~~~~~~~~~~
2025-12-09 09:05:21,388 DeMo.train INFO: ~~~~~~~~~~~~~~~~~~~~~~~~~~~~~~~~~~~~~~~~~~~~~~~~~~
2025-12-09 09:05:21,389 DeMo.train INFO: Best mAP: 67.7%
2025-12-09 09:05:21,389 DeMo.train INFO: Best Rank-1: 82.2%
2025-12-09 09:05:21,389 DeMo.train INFO: Best Rank-5: 84.5%
2025-12-09 09:05:21,389 DeMo.train INFO: Best Rank-10: 86.6%
2025-12-09 09:05:21,389 DeMo.train INFO: ~~~~~~~~~~~~~~~~~~~~~~~~~~~~~~~~~~~~~~~~~~~~~~~~~~
2025-12-09 09:05:28,067 DeMo.train INFO: Epoch[30] Iteration[10/65] Loss: 0.203, Acc: 1.000, Base Lr: 3.50e-07
2025-12-09 09:05:32,542 DeMo.train INFO: Epoch[30] Iteration[20/65] Loss: 0.203, Acc: 1.000, Base Lr: 3.50e-07
2025-12-09 09:05:37,013 DeMo.train INFO: Epoch[30] Iteration[30/65] Loss: 0.203, Acc: 1.000, Base Lr: 3.50e-07
2025-12-09 09:05:41,510 DeMo.train INFO: Epoch[30] Iteration[40/65] Loss: 0.203, Acc: 1.000, Base Lr: 3.50e-07
2025-12-09 09:05:45,970 DeMo.train INFO: Epoch[30] Iteration[50/65] Loss: 0.204, Acc: 1.000, Base Lr: 3.50e-07
2025-12-09 09:05:50,428 DeMo.train INFO: Epoch[30] Iteration[60/65] Loss: 0.203, Acc: 1.000, Base Lr: 3.50e-07
2025-12-09 09:05:51,456 DeMo.train INFO: Epoch 30 done. Time per batch: 0.485[s] Speed: 264.0[samples/s]
2025-12-09 09:05:51,457 DeMo.train INFO: ~~~~~~~~~~~~~~~~~~~~~~~~~~~~~~~~~~~~~~~~~~~~~~~~~~
2025-12-09 09:05:51,458 DeMo.train INFO: Current is the [moe,ori] feature testing!
2025-12-09 09:05:51,458 DeMo.train INFO: ~~~~~~~~~~~~~~~~~~~~~~~~~~~~~~~~~~~~~~~~~~~~~~~~~~
The test feature is normalized
=> Computing DistMat with euclidean_distance
2025-12-09 09:06:14,544 DeMo.train INFO: Validation Results - Epoch: 30
2025-12-09 09:06:14,545 DeMo.train INFO: mAP: 67.6%
2025-12-09 09:06:14,545 DeMo.train INFO: CMC curve, Rank-1  :82.1%
2025-12-09 09:06:14,545 DeMo.train INFO: CMC curve, Rank-5  :85.0%
2025-12-09 09:06:14,545 DeMo.train INFO: CMC curve, Rank-10 :86.8%
2025-12-09 09:06:14,545 DeMo.train INFO: ~~~~~~~~~~~~~~~~~~~~~~~~~~~~~~~~~~~~~~~~~~~~~~~~~~
2025-12-09 09:06:15,986 DeMo.train INFO: ~~~~~~~~~~~~~~~~~~~~~~~~~~~~~~~~~~~~~~~~~~~~~~~~~~
2025-12-09 09:06:15,986 DeMo.train INFO: Best mAP: 67.7%
2025-12-09 09:06:15,986 DeMo.train INFO: Best Rank-1: 82.2%
2025-12-09 09:06:15,986 DeMo.train INFO: Best Rank-5: 84.5%
2025-12-09 09:06:15,986 DeMo.train INFO: Best Rank-10: 86.6%
2025-12-09 09:06:15,987 DeMo.train INFO: ~~~~~~~~~~~~~~~~~~~~~~~~~~~~~~~~~~~~~~~~~~~~~~~~~~
