2025-12-07 15:29:23,508 DeMo INFO: Saving model in the path :..
2025-12-07 15:29:23,508 DeMo INFO: Namespace(config_file='configs/RGBNT100/DeMo_SDTPS_DGAF_ablation.yml', exp_name='ablation_baseline', fea_cft=0, local_rank=0, opts=['MODEL.USE_SDTPS', 'False', 'MODEL.USE_DGAF', 'False'])
2025-12-07 15:29:23,508 DeMo INFO: Loaded configuration file configs/RGBNT100/DeMo_SDTPS_DGAF_ablation.yml
2025-12-07 15:29:23,509 DeMo INFO: 
MODEL:
  TRANSFORMER_TYPE: 'ViT-B-16'
  STRIDE_SIZE: [ 16, 16 ]
  SIE_CAMERA: True
  DIRECT: 1
  SIE_COE: 1.0
  ID_LOSS_WEIGHT: 0.25
  TRIPLET_LOSS_WEIGHT: 1.0
  GLOBAL_LOCAL: True
  # Disable HDM and ATM
  HDM: False
  ATM: False
  # SACR disabled for ablation
  USE_SACR: False
  USE_MULTIMODAL_SACR: False
  # SDTPS configuration
  USE_SDTPS: True
  SDTPS_SPARSE_RATIO: 0.7
  SDTPS_AGGR_RATIO: 0.5
  SDTPS_BETA: 0.25
  SDTPS_USE_GUMBEL: False
  SDTPS_GUMBEL_TAU: 5.0
  SDTPS_LOSS_WEIGHT: 2.0
  # LIF disabled
  USE_LIF: False
  # DGAF: Dual-Gated Adaptive Fusion
  USE_DGAF: True
  DGAF_VERSION: 'v3'
  DGAF_TAU: 1.0
  DGAF_INIT_ALPHA: 0.5
  DGAF_NUM_HEADS: 8
  HEAD: 4

INPUT:
  SIZE_TRAIN: [ 128, 256 ]
  SIZE_TEST: [ 128, 256 ]
  PROB: 0.5
  RE_PROB: 0.5
  PADDING: 10

DATALOADER:
  SAMPLER: 'softmax_triplet'
  NUM_INSTANCE: 16
  NUM_WORKERS: 14

DATASETS:
  NAMES: ('RGBNT100')
  ROOT_DIR: '..'

SOLVER:
  BASE_LR: 0.00035
  MAX_EPOCHS: 30
  STEPS: [20, 25]
  GAMMA: 0.1
  WARMUP_ITERS: 5
  WARMUP_FACTOR: 0.01
  WARMUP_METHOD: 'linear'
  OPTIMIZER_NAME: 'Adam'
  IMS_PER_BATCH: 128
  EVAL_PERIOD: 1
  CHECKPOINT_PERIOD: 10

TEST:
  IMS_PER_BATCH: 128
  RE_RANKING: 'no'
  WEIGHT: ''
  NECK_FEAT: 'before'
  FEAT_NORM: 'yes'
  MISS: "nothing"

OUTPUT_DIR: '..'

# ============================================================================
# RGBNT100 SDTPS + DGAF Ablation Config
# ============================================================================
# - Based on original DeMo.yml for RGBNT100
# - SACR: disabled
# - HDM/ATM: disabled, DIRECT: 1
# - SDTPS: configurable via command line
# - DGAF V3: configurable via command line
# - Training: lr=0.00035, epochs=30, warmup=5 (same as original)
# ============================================================================

2025-12-07 15:29:23,509 DeMo INFO: Running with config:
DATALOADER:
  NUM_INSTANCE: 16
  NUM_WORKERS: 14
  SAMPLER: softmax_triplet
DATASETS:
  NAMES: RGBNT100
  ROOT_DIR: ..
INPUT:
  PADDING: 10
  PIXEL_MEAN: [0.5, 0.5, 0.5]
  PIXEL_STD: [0.5, 0.5, 0.5]
  PROB: 0.5
  RE_PROB: 0.5
  SIZE_TEST: [128, 256]
  SIZE_TRAIN: [128, 256]
MODEL:
  ADAPTER: False
  ATM: False
  ATT_DROP_RATE: 0.0
  DEVICE: cuda
  DEVICE_ID: 0
  DGAF_INIT_ALPHA: 0.5
  DGAF_NUM_HEADS: 8
  DGAF_TAU: 1.0
  DGAF_VERSION: v3
  DIRECT: 1
  DIST_TRAIN: False
  DROP_OUT: 0.0
  DROP_PATH: 0.1
  FROZEN: False
  GLOBAL_LOCAL: True
  HDM: False
  HEAD: 4
  ID_LOSS_TYPE: softmax
  ID_LOSS_WEIGHT: 0.25
  IF_LABELSMOOTH: on
  IF_WITH_CENTER: no
  LIF_BETA: 0.4
  LIF_LAYER: 3
  LIF_LOSS_WEIGHT: 0.1
  METRIC_LOSS_TYPE: triplet
  MULTIMODAL_SACR_VERSION: v1
  NAME: DeMo
  NECK: bnneck
  NO_MARGIN: True
  PRETRAIN_PATH_T: /path/to/your/vitb_16_224_21k.pth
  PROMPT: False
  SACR_DILATION_RATES: [2, 3, 4]
  SDTPS_AGGR_RATIO: 0.5
  SDTPS_BETA: 0.25
  SDTPS_GUMBEL_TAU: 5.0
  SDTPS_LOSS_WEIGHT: 2.0
  SDTPS_SPARSE_RATIO: 0.7
  SDTPS_USE_GUMBEL: False
  SIE_CAMERA: True
  SIE_COE: 1.0
  SIE_VIEW: False
  STRIDE_SIZE: [16, 16]
  TRANSFORMER_TYPE: ViT-B-16
  TRIPLET_LOSS_WEIGHT: 1.0
  USE_DGAF: False
  USE_LIF: False
  USE_MULTIMODAL_SACR: False
  USE_SACR: False
  USE_SDTPS: False
OUTPUT_DIR: ..
SOLVER:
  BASE_LR: 0.00035
  BIAS_LR_FACTOR: 2
  CENTER_LOSS_WEIGHT: 0.0005
  CENTER_LR: 0.5
  CHECKPOINT_PERIOD: 10
  CLUSTER_MARGIN: 0.3
  COSINE_MARGIN: 0.5
  COSINE_SCALE: 30
  EVAL_PERIOD: 1
  GAMMA: 0.1
  IMS_PER_BATCH: 128
  LARGE_FC_LR: False
  LOG_PERIOD: 10
  LR_SCHEDULER: cosine
  MARGIN: 0.3
  MAX_EPOCHS: 30
  MOMENTUM: 0.9
  OPTIMIZER_NAME: Adam
  RANGE_ALPHA: 0
  RANGE_BETA: 1
  RANGE_K: 2
  RANGE_LOSS_WEIGHT: 1
  RANGE_MARGIN: 0.3
  SEED: 1111
  STEPS: (20, 25)
  WARMUP_FACTOR: 0.01
  WARMUP_ITERS: 5
  WARMUP_METHOD: linear
  WEIGHT_DECAY: 0.0001
  WEIGHT_DECAY_BIAS: 0.0001
TEST:
  FEAT: 0
  FEAT_NORM: yes
  IMS_PER_BATCH: 128
  MISS: nothing
  NECK_FEAT: before
  RE_RANKING: no
  WEIGHT: 
=> RGB_IR loaded
Dataset statistics:
  ----------------------------------------
  subset   | # ids | # images | # cameras
  ----------------------------------------
  train    |    50 |     8675 |         8
  query    |    50 |     1715 |         8
  gallery  |    50 |     8575 |         8
  ----------------------------------------
data is ready
using Transformer_type: ViT-B-16 as a backbone
Resized position embedding: %s to %s torch.Size([197, 768]) torch.Size([129, 768])
Position embedding resize to height:8 width: 16
Successfully load ckpt!
<All keys matched successfully>
Loading pretrained model from CLIP
camera number is : 8
===========Building DeMo===========
2025-12-07 15:29:35,062 DeMo INFO: DeMo(
  (BACKBONE): build_transformer(
    (base): VisionTransformer(
      (conv1): Conv2d(3, 768, kernel_size=(16, 16), stride=(16, 16), bias=False)
      (ln_pre): LayerNorm((768,), eps=1e-05, elementwise_affine=True)
      (transformer): Transformer(
        (resblocks): Sequential(
          (0): ResidualAttentionBlock(
            (attn): MultiheadAttention(
              (out_proj): NonDynamicallyQuantizableLinear(in_features=768, out_features=768, bias=True)
            )
            (ln_1): LayerNorm((768,), eps=1e-05, elementwise_affine=True)
            (mlp): Sequential(
              (c_fc): Linear(in_features=768, out_features=3072, bias=True)
              (gelu): QuickGELU()
              (c_proj): Linear(in_features=3072, out_features=768, bias=True)
            )
            (ln_2): LayerNorm((768,), eps=1e-05, elementwise_affine=True)
          )
          (1): ResidualAttentionBlock(
            (attn): MultiheadAttention(
              (out_proj): NonDynamicallyQuantizableLinear(in_features=768, out_features=768, bias=True)
            )
            (ln_1): LayerNorm((768,), eps=1e-05, elementwise_affine=True)
            (mlp): Sequential(
              (c_fc): Linear(in_features=768, out_features=3072, bias=True)
              (gelu): QuickGELU()
              (c_proj): Linear(in_features=3072, out_features=768, bias=True)
            )
            (ln_2): LayerNorm((768,), eps=1e-05, elementwise_affine=True)
          )
          (2): ResidualAttentionBlock(
            (attn): MultiheadAttention(
              (out_proj): NonDynamicallyQuantizableLinear(in_features=768, out_features=768, bias=True)
            )
            (ln_1): LayerNorm((768,), eps=1e-05, elementwise_affine=True)
            (mlp): Sequential(
              (c_fc): Linear(in_features=768, out_features=3072, bias=True)
              (gelu): QuickGELU()
              (c_proj): Linear(in_features=3072, out_features=768, bias=True)
            )
            (ln_2): LayerNorm((768,), eps=1e-05, elementwise_affine=True)
          )
          (3): ResidualAttentionBlock(
            (attn): MultiheadAttention(
              (out_proj): NonDynamicallyQuantizableLinear(in_features=768, out_features=768, bias=True)
            )
            (ln_1): LayerNorm((768,), eps=1e-05, elementwise_affine=True)
            (mlp): Sequential(
              (c_fc): Linear(in_features=768, out_features=3072, bias=True)
              (gelu): QuickGELU()
              (c_proj): Linear(in_features=3072, out_features=768, bias=True)
            )
            (ln_2): LayerNorm((768,), eps=1e-05, elementwise_affine=True)
          )
          (4): ResidualAttentionBlock(
            (attn): MultiheadAttention(
              (out_proj): NonDynamicallyQuantizableLinear(in_features=768, out_features=768, bias=True)
            )
            (ln_1): LayerNorm((768,), eps=1e-05, elementwise_affine=True)
            (mlp): Sequential(
              (c_fc): Linear(in_features=768, out_features=3072, bias=True)
              (gelu): QuickGELU()
              (c_proj): Linear(in_features=3072, out_features=768, bias=True)
            )
            (ln_2): LayerNorm((768,), eps=1e-05, elementwise_affine=True)
          )
          (5): ResidualAttentionBlock(
            (attn): MultiheadAttention(
              (out_proj): NonDynamicallyQuantizableLinear(in_features=768, out_features=768, bias=True)
            )
            (ln_1): LayerNorm((768,), eps=1e-05, elementwise_affine=True)
            (mlp): Sequential(
              (c_fc): Linear(in_features=768, out_features=3072, bias=True)
              (gelu): QuickGELU()
              (c_proj): Linear(in_features=3072, out_features=768, bias=True)
            )
            (ln_2): LayerNorm((768,), eps=1e-05, elementwise_affine=True)
          )
          (6): ResidualAttentionBlock(
            (attn): MultiheadAttention(
              (out_proj): NonDynamicallyQuantizableLinear(in_features=768, out_features=768, bias=True)
            )
            (ln_1): LayerNorm((768,), eps=1e-05, elementwise_affine=True)
            (mlp): Sequential(
              (c_fc): Linear(in_features=768, out_features=3072, bias=True)
              (gelu): QuickGELU()
              (c_proj): Linear(in_features=3072, out_features=768, bias=True)
            )
            (ln_2): LayerNorm((768,), eps=1e-05, elementwise_affine=True)
          )
          (7): ResidualAttentionBlock(
            (attn): MultiheadAttention(
              (out_proj): NonDynamicallyQuantizableLinear(in_features=768, out_features=768, bias=True)
            )
            (ln_1): LayerNorm((768,), eps=1e-05, elementwise_affine=True)
            (mlp): Sequential(
              (c_fc): Linear(in_features=768, out_features=3072, bias=True)
              (gelu): QuickGELU()
              (c_proj): Linear(in_features=3072, out_features=768, bias=True)
            )
            (ln_2): LayerNorm((768,), eps=1e-05, elementwise_affine=True)
          )
          (8): ResidualAttentionBlock(
            (attn): MultiheadAttention(
              (out_proj): NonDynamicallyQuantizableLinear(in_features=768, out_features=768, bias=True)
            )
            (ln_1): LayerNorm((768,), eps=1e-05, elementwise_affine=True)
            (mlp): Sequential(
              (c_fc): Linear(in_features=768, out_features=3072, bias=True)
              (gelu): QuickGELU()
              (c_proj): Linear(in_features=3072, out_features=768, bias=True)
            )
            (ln_2): LayerNorm((768,), eps=1e-05, elementwise_affine=True)
          )
          (9): ResidualAttentionBlock(
            (attn): MultiheadAttention(
              (out_proj): NonDynamicallyQuantizableLinear(in_features=768, out_features=768, bias=True)
            )
            (ln_1): LayerNorm((768,), eps=1e-05, elementwise_affine=True)
            (mlp): Sequential(
              (c_fc): Linear(in_features=768, out_features=3072, bias=True)
              (gelu): QuickGELU()
              (c_proj): Linear(in_features=3072, out_features=768, bias=True)
            )
            (ln_2): LayerNorm((768,), eps=1e-05, elementwise_affine=True)
          )
          (10): ResidualAttentionBlock(
            (attn): MultiheadAttention(
              (out_proj): NonDynamicallyQuantizableLinear(in_features=768, out_features=768, bias=True)
            )
            (ln_1): LayerNorm((768,), eps=1e-05, elementwise_affine=True)
            (mlp): Sequential(
              (c_fc): Linear(in_features=768, out_features=3072, bias=True)
              (gelu): QuickGELU()
              (c_proj): Linear(in_features=3072, out_features=768, bias=True)
            )
            (ln_2): LayerNorm((768,), eps=1e-05, elementwise_affine=True)
          )
          (11): ResidualAttentionBlock(
            (attn): MultiheadAttention(
              (out_proj): NonDynamicallyQuantizableLinear(in_features=768, out_features=768, bias=True)
            )
            (ln_1): LayerNorm((768,), eps=1e-05, elementwise_affine=True)
            (mlp): Sequential(
              (c_fc): Linear(in_features=768, out_features=3072, bias=True)
              (gelu): QuickGELU()
              (c_proj): Linear(in_features=3072, out_features=768, bias=True)
            )
            (ln_2): LayerNorm((768,), eps=1e-05, elementwise_affine=True)
          )
        )
      )
      (ln_post): LayerNorm((768,), eps=1e-05, elementwise_affine=True)
    )
  )
  (pool): AdaptiveAvgPool1d(output_size=1)
  (rgb_reduce): Sequential(
    (0): LayerNorm((1024,), eps=1e-05, elementwise_affine=True)
    (1): Linear(in_features=1024, out_features=512, bias=True)
    (2): QuickGELU()
  )
  (nir_reduce): Sequential(
    (0): LayerNorm((1024,), eps=1e-05, elementwise_affine=True)
    (1): Linear(in_features=1024, out_features=512, bias=True)
    (2): QuickGELU()
  )
  (tir_reduce): Sequential(
    (0): LayerNorm((1024,), eps=1e-05, elementwise_affine=True)
    (1): Linear(in_features=1024, out_features=512, bias=True)
    (2): QuickGELU()
  )
  (classifier): Linear(in_features=1536, out_features=50, bias=False)
  (bottleneck): BatchNorm1d(1536, eps=1e-05, momentum=0.1, affine=True, track_running_stats=True)
)
2025-12-07 15:29:35,063 DeMo INFO: number of parameters:87.80544
/home/yij/miniconda3/envs/DeMo/lib/python3.8/site-packages/timm/models/helpers.py:7: FutureWarning: Importing from timm.models.helpers is deprecated, please import via timm.models
  warnings.warn(f"Importing from {__name__} is deprecated, please import via timm.models", FutureWarning)
/home/yij/miniconda3/envs/DeMo/lib/python3.8/site-packages/timm/models/registry.py:4: FutureWarning: Importing from timm.models.registry is deprecated, please import via timm.models
  warnings.warn(f"Importing from {__name__} is deprecated, please import via timm.models", FutureWarning)
/home/yij/miniconda3/envs/DeMo/lib/python3.8/site-packages/timm/models/layers/__init__.py:48: FutureWarning: Importing from timm.models.layers is deprecated, please import via timm.layers
  warnings.warn(f"Importing from {__name__} is deprecated, please import via timm.layers", FutureWarning)
/raid/yij/icme/demo2new/DeMo2/modeling/clip/clip.py:23: UserWarning: PyTorch version 1.7.1 or higher is recommended
  warnings.warn("PyTorch version 1.7.1 or higher is recommended")
/home/yij/miniconda3/envs/DeMo/lib/python3.8/site-packages/torchvision/transforms/transforms.py:329: UserWarning: Argument 'interpolation' of type int is deprecated since 0.13 and will be removed in 0.15. Please use InterpolationMode enum.
  warnings.warn(
The following submodules of the model were never called during the trace of the graph. They may be unused, or they were accessed by direct calls to .forward() or via other python methods. In the latter case they will have zeros for statistics, though their statistics will still contribute to their parent calling module.
BACKBONE.base.transformer.resblocks.0.attn.out_proj, BACKBONE.base.transformer.resblocks.1.attn.out_proj, BACKBONE.base.transformer.resblocks.10.attn.out_proj, BACKBONE.base.transformer.resblocks.11.attn.out_proj, BACKBONE.base.transformer.resblocks.2.attn.out_proj, BACKBONE.base.transformer.resblocks.3.attn.out_proj, BACKBONE.base.transformer.resblocks.4.attn.out_proj, BACKBONE.base.transformer.resblocks.5.attn.out_proj, BACKBONE.base.transformer.resblocks.6.attn.out_proj, BACKBONE.base.transformer.resblocks.7.attn.out_proj, BACKBONE.base.transformer.resblocks.8.attn.out_proj, BACKBONE.base.transformer.resblocks.9.attn.out_proj, bottleneck, classifier
~~~~~~~~~~~~~~~~~~~~~~~~~~~~~~~~~~~~~~~~~~~~~~~~~~~~~~~~~~~~~~~~~~~~~~~~~~~~~~~~~~~~~~~~~~~~~~~~
The out_proj here is called by the nn.MultiheadAttention, which has been calculated in th .forward(), so just ignore it.
~~~~~~~~~~~~~~~~~~~~~~~~~~~~~~~~~~~~~~~~~~~~~~~~~~~~~~~~~~~~~~~~~~~~~~~~~~~~~~~~~~~~~~~~~~~~~~~~
For the bottleneck or classifier, it is not calculated during inference, so just ignore it.
~~~~~~~~~~~~~~~~~~~~~~~~~~~~~~~~~~~~~~~~~~~~~~~~~~~~~~~~~~~~~~~~~~~~~~~~~~~~~~~~~~~~~~~~~~~~~~~~
2025-12-07 15:29:37,819 DeMo INFO: number of GFLOPs: 34.277168148
using soft triplet loss for training
label smooth on, numclasses: 50
2025-12-07 15:29:37,829 DeMo.train INFO: start training
2025-12-07 15:29:44,692 DeMo.train INFO: Epoch[1] Iteration[10/65] Loss: 2.869, Acc: 0.030, Base Lr: 9.80e-05
2025-12-07 15:29:49,070 DeMo.train INFO: Epoch[1] Iteration[20/65] Loss: 2.359, Acc: 0.095, Base Lr: 9.80e-05
2025-12-07 15:29:53,449 DeMo.train INFO: Epoch[1] Iteration[30/65] Loss: 2.151, Acc: 0.182, Base Lr: 9.80e-05
2025-12-07 15:29:57,798 DeMo.train INFO: Epoch[1] Iteration[40/65] Loss: 2.032, Acc: 0.289, Base Lr: 9.80e-05
2025-12-07 15:30:02,126 DeMo.train INFO: Epoch[1] Iteration[50/65] Loss: 1.958, Acc: 0.353, Base Lr: 9.80e-05
2025-12-07 15:30:06,457 DeMo.train INFO: Epoch[1] Iteration[60/65] Loss: 1.900, Acc: 0.413, Base Lr: 9.80e-05
2025-12-07 15:30:07,926 DeMo.train INFO: Epoch 1 done. Time per batch: 0.478[s] Speed: 268.0[samples/s]
2025-12-07 15:30:07,927 DeMo.train INFO: ~~~~~~~~~~~~~~~~~~~~~~~~~~~~~~~~~~~~~~~~~~~~~~~~~~
2025-12-07 15:30:07,927 DeMo.train INFO: Current is the [moe,ori] feature testing!
2025-12-07 15:30:07,927 DeMo.train INFO: ~~~~~~~~~~~~~~~~~~~~~~~~~~~~~~~~~~~~~~~~~~~~~~~~~~
The test feature is normalized
=> Computing DistMat with euclidean_distance
2025-12-07 15:30:31,955 DeMo.train INFO: Validation Results - Epoch: 1
2025-12-07 15:30:31,955 DeMo.train INFO: mAP: 65.9%
2025-12-07 15:30:31,955 DeMo.train INFO: CMC curve, Rank-1  :87.4%
2025-12-07 15:30:31,956 DeMo.train INFO: CMC curve, Rank-5  :90.7%
2025-12-07 15:30:31,956 DeMo.train INFO: CMC curve, Rank-10 :91.9%
2025-12-07 15:30:31,956 DeMo.train INFO: ~~~~~~~~~~~~~~~~~~~~~~~~~~~~~~~~~~~~~~~~~~~~~~~~~~
2025-12-07 15:31:01,035 DeMo.train INFO: ~~~~~~~~~~~~~~~~~~~~~~~~~~~~~~~~~~~~~~~~~~~~~~~~~~
2025-12-07 15:31:01,037 DeMo.train INFO: Best mAP: 65.9%
2025-12-07 15:31:01,038 DeMo.train INFO: Best Rank-1: 87.4%
2025-12-07 15:31:01,039 DeMo.train INFO: Best Rank-5: 90.7%
2025-12-07 15:31:01,041 DeMo.train INFO: Best Rank-10: 91.9%
2025-12-07 15:31:01,041 DeMo.train INFO: ~~~~~~~~~~~~~~~~~~~~~~~~~~~~~~~~~~~~~~~~~~~~~~~~~~
2025-12-07 15:31:11,206 DeMo.train INFO: Epoch[2] Iteration[10/65] Loss: 1.433, Acc: 0.629, Base Lr: 1.61e-04
2025-12-07 15:31:15,630 DeMo.train INFO: Epoch[2] Iteration[20/65] Loss: 1.307, Acc: 0.624, Base Lr: 1.61e-04
2025-12-07 15:31:20,006 DeMo.train INFO: Epoch[2] Iteration[30/65] Loss: 1.213, Acc: 0.636, Base Lr: 1.61e-04
2025-12-07 15:31:24,375 DeMo.train INFO: Epoch[2] Iteration[40/65] Loss: 1.165, Acc: 0.664, Base Lr: 1.61e-04
2025-12-07 15:31:28,713 DeMo.train INFO: Epoch[2] Iteration[50/65] Loss: 1.099, Acc: 0.655, Base Lr: 1.61e-04
2025-12-07 15:31:33,060 DeMo.train INFO: Epoch[2] Iteration[60/65] Loss: 1.025, Acc: 0.669, Base Lr: 1.61e-04
2025-12-07 15:31:34,544 DeMo.train INFO: Epoch 2 done. Time per batch: 0.532[s] Speed: 240.7[samples/s]
2025-12-07 15:31:34,546 DeMo.train INFO: ~~~~~~~~~~~~~~~~~~~~~~~~~~~~~~~~~~~~~~~~~~~~~~~~~~
2025-12-07 15:31:34,546 DeMo.train INFO: Current is the [moe,ori] feature testing!
2025-12-07 15:31:34,546 DeMo.train INFO: ~~~~~~~~~~~~~~~~~~~~~~~~~~~~~~~~~~~~~~~~~~~~~~~~~~
The test feature is normalized
=> Computing DistMat with euclidean_distance
2025-12-07 15:32:03,031 DeMo.train INFO: Validation Results - Epoch: 2
2025-12-07 15:32:03,031 DeMo.train INFO: mAP: 71.1%
2025-12-07 15:32:03,031 DeMo.train INFO: CMC curve, Rank-1  :85.4%
2025-12-07 15:32:03,031 DeMo.train INFO: CMC curve, Rank-5  :87.5%
2025-12-07 15:32:03,031 DeMo.train INFO: CMC curve, Rank-10 :89.0%
2025-12-07 15:32:03,031 DeMo.train INFO: ~~~~~~~~~~~~~~~~~~~~~~~~~~~~~~~~~~~~~~~~~~~~~~~~~~
2025-12-07 15:32:43,903 DeMo.train INFO: ~~~~~~~~~~~~~~~~~~~~~~~~~~~~~~~~~~~~~~~~~~~~~~~~~~
2025-12-07 15:32:43,905 DeMo.train INFO: Best mAP: 71.1%
2025-12-07 15:32:43,908 DeMo.train INFO: Best Rank-1: 85.4%
2025-12-07 15:32:43,909 DeMo.train INFO: Best Rank-5: 87.5%
2025-12-07 15:32:43,910 DeMo.train INFO: Best Rank-10: 89.0%
2025-12-07 15:32:43,912 DeMo.train INFO: ~~~~~~~~~~~~~~~~~~~~~~~~~~~~~~~~~~~~~~~~~~~~~~~~~~
2025-12-07 15:32:54,572 DeMo.train INFO: Epoch[3] Iteration[10/65] Loss: 0.549, Acc: 0.820, Base Lr: 2.24e-04
2025-12-07 15:32:59,060 DeMo.train INFO: Epoch[3] Iteration[20/65] Loss: 0.499, Acc: 0.877, Base Lr: 2.24e-04
2025-12-07 15:33:03,457 DeMo.train INFO: Epoch[3] Iteration[30/65] Loss: 0.476, Acc: 0.873, Base Lr: 2.24e-04
2025-12-07 15:33:07,800 DeMo.train INFO: Epoch[3] Iteration[40/65] Loss: 0.448, Acc: 0.900, Base Lr: 2.24e-04
2025-12-07 15:33:12,129 DeMo.train INFO: Epoch[3] Iteration[50/65] Loss: 0.418, Acc: 0.909, Base Lr: 2.24e-04
2025-12-07 15:33:16,455 DeMo.train INFO: Epoch[3] Iteration[60/65] Loss: 0.400, Acc: 0.919, Base Lr: 2.24e-04
2025-12-07 15:33:17,472 DeMo.train INFO: Epoch 3 done. Time per batch: 0.541[s] Speed: 236.5[samples/s]
2025-12-07 15:33:17,475 DeMo.train INFO: ~~~~~~~~~~~~~~~~~~~~~~~~~~~~~~~~~~~~~~~~~~~~~~~~~~
2025-12-07 15:33:17,475 DeMo.train INFO: Current is the [moe,ori] feature testing!
2025-12-07 15:33:17,475 DeMo.train INFO: ~~~~~~~~~~~~~~~~~~~~~~~~~~~~~~~~~~~~~~~~~~~~~~~~~~
The test feature is normalized
=> Computing DistMat with euclidean_distance
2025-12-07 15:33:40,791 DeMo.train INFO: Validation Results - Epoch: 3
2025-12-07 15:33:40,792 DeMo.train INFO: mAP: 75.6%
2025-12-07 15:33:40,792 DeMo.train INFO: CMC curve, Rank-1  :88.9%
2025-12-07 15:33:40,792 DeMo.train INFO: CMC curve, Rank-5  :90.8%
2025-12-07 15:33:40,792 DeMo.train INFO: CMC curve, Rank-10 :91.7%
2025-12-07 15:33:40,792 DeMo.train INFO: ~~~~~~~~~~~~~~~~~~~~~~~~~~~~~~~~~~~~~~~~~~~~~~~~~~
2025-12-07 15:34:16,293 DeMo.train INFO: ~~~~~~~~~~~~~~~~~~~~~~~~~~~~~~~~~~~~~~~~~~~~~~~~~~
2025-12-07 15:34:16,294 DeMo.train INFO: Best mAP: 75.6%
2025-12-07 15:34:16,295 DeMo.train INFO: Best Rank-1: 88.9%
2025-12-07 15:34:16,297 DeMo.train INFO: Best Rank-5: 90.8%
2025-12-07 15:34:16,298 DeMo.train INFO: Best Rank-10: 91.7%
2025-12-07 15:34:16,299 DeMo.train INFO: ~~~~~~~~~~~~~~~~~~~~~~~~~~~~~~~~~~~~~~~~~~~~~~~~~~
2025-12-07 15:34:26,500 DeMo.train INFO: Epoch[4] Iteration[10/65] Loss: 0.292, Acc: 0.958, Base Lr: 2.87e-04
2025-12-07 15:34:30,929 DeMo.train INFO: Epoch[4] Iteration[20/65] Loss: 0.265, Acc: 0.979, Base Lr: 2.87e-04
2025-12-07 15:34:35,530 DeMo.train INFO: Epoch[4] Iteration[30/65] Loss: 0.257, Acc: 0.984, Base Lr: 2.87e-04
2025-12-07 15:34:39,880 DeMo.train INFO: Epoch[4] Iteration[40/65] Loss: 0.248, Acc: 0.988, Base Lr: 2.87e-04
2025-12-07 15:34:44,215 DeMo.train INFO: Epoch[4] Iteration[50/65] Loss: 0.245, Acc: 0.990, Base Lr: 2.87e-04
2025-12-07 15:34:48,557 DeMo.train INFO: Epoch[4] Iteration[60/65] Loss: 0.240, Acc: 0.992, Base Lr: 2.87e-04
2025-12-07 15:34:49,996 DeMo.train INFO: Epoch 4 done. Time per batch: 0.535[s] Speed: 239.3[samples/s]
2025-12-07 15:34:49,998 DeMo.train INFO: ~~~~~~~~~~~~~~~~~~~~~~~~~~~~~~~~~~~~~~~~~~~~~~~~~~
2025-12-07 15:34:49,998 DeMo.train INFO: Current is the [moe,ori] feature testing!
2025-12-07 15:34:49,998 DeMo.train INFO: ~~~~~~~~~~~~~~~~~~~~~~~~~~~~~~~~~~~~~~~~~~~~~~~~~~
The test feature is normalized
=> Computing DistMat with euclidean_distance
2025-12-07 15:35:13,626 DeMo.train INFO: Validation Results - Epoch: 4
2025-12-07 15:35:13,626 DeMo.train INFO: mAP: 78.6%
2025-12-07 15:35:13,626 DeMo.train INFO: CMC curve, Rank-1  :92.2%
2025-12-07 15:35:13,626 DeMo.train INFO: CMC curve, Rank-5  :93.3%
2025-12-07 15:35:13,626 DeMo.train INFO: CMC curve, Rank-10 :94.3%
2025-12-07 15:35:13,626 DeMo.train INFO: ~~~~~~~~~~~~~~~~~~~~~~~~~~~~~~~~~~~~~~~~~~~~~~~~~~
2025-12-07 15:35:32,925 DeMo.train INFO: ~~~~~~~~~~~~~~~~~~~~~~~~~~~~~~~~~~~~~~~~~~~~~~~~~~
2025-12-07 15:35:32,926 DeMo.train INFO: Best mAP: 78.6%
2025-12-07 15:35:32,927 DeMo.train INFO: Best Rank-1: 92.2%
2025-12-07 15:35:32,928 DeMo.train INFO: Best Rank-5: 93.3%
2025-12-07 15:35:32,929 DeMo.train INFO: Best Rank-10: 94.3%
2025-12-07 15:35:32,930 DeMo.train INFO: ~~~~~~~~~~~~~~~~~~~~~~~~~~~~~~~~~~~~~~~~~~~~~~~~~~
2025-12-07 15:35:43,875 DeMo.train INFO: Epoch[5] Iteration[10/65] Loss: 0.226, Acc: 0.998, Base Lr: 3.27e-04
2025-12-07 15:35:48,382 DeMo.train INFO: Epoch[5] Iteration[20/65] Loss: 0.218, Acc: 0.999, Base Lr: 3.27e-04
2025-12-07 15:35:52,806 DeMo.train INFO: Epoch[5] Iteration[30/65] Loss: 0.215, Acc: 0.999, Base Lr: 3.27e-04
2025-12-07 15:35:57,154 DeMo.train INFO: Epoch[5] Iteration[40/65] Loss: 0.212, Acc: 0.999, Base Lr: 3.27e-04
2025-12-07 15:36:01,479 DeMo.train INFO: Epoch[5] Iteration[50/65] Loss: 0.210, Acc: 0.999, Base Lr: 3.27e-04
2025-12-07 15:36:05,808 DeMo.train INFO: Epoch[5] Iteration[60/65] Loss: 0.209, Acc: 0.999, Base Lr: 3.27e-04
2025-12-07 15:36:07,281 DeMo.train INFO: Epoch 5 done. Time per batch: 0.545[s] Speed: 234.8[samples/s]
2025-12-07 15:36:07,283 DeMo.train INFO: ~~~~~~~~~~~~~~~~~~~~~~~~~~~~~~~~~~~~~~~~~~~~~~~~~~
2025-12-07 15:36:07,283 DeMo.train INFO: Current is the [moe,ori] feature testing!
2025-12-07 15:36:07,284 DeMo.train INFO: ~~~~~~~~~~~~~~~~~~~~~~~~~~~~~~~~~~~~~~~~~~~~~~~~~~
The test feature is normalized
=> Computing DistMat with euclidean_distance
2025-12-07 15:36:31,828 DeMo.train INFO: Validation Results - Epoch: 5
2025-12-07 15:36:31,829 DeMo.train INFO: mAP: 82.4%
2025-12-07 15:36:31,830 DeMo.train INFO: CMC curve, Rank-1  :94.4%
2025-12-07 15:36:31,832 DeMo.train INFO: CMC curve, Rank-5  :95.4%
2025-12-07 15:36:31,833 DeMo.train INFO: CMC curve, Rank-10 :95.8%
2025-12-07 15:36:31,833 DeMo.train INFO: ~~~~~~~~~~~~~~~~~~~~~~~~~~~~~~~~~~~~~~~~~~~~~~~~~~
2025-12-07 15:36:59,411 DeMo.train INFO: ~~~~~~~~~~~~~~~~~~~~~~~~~~~~~~~~~~~~~~~~~~~~~~~~~~
2025-12-07 15:36:59,415 DeMo.train INFO: Best mAP: 82.4%
2025-12-07 15:36:59,415 DeMo.train INFO: Best Rank-1: 94.4%
2025-12-07 15:36:59,415 DeMo.train INFO: Best Rank-5: 95.4%
2025-12-07 15:36:59,415 DeMo.train INFO: Best Rank-10: 95.8%
2025-12-07 15:36:59,415 DeMo.train INFO: ~~~~~~~~~~~~~~~~~~~~~~~~~~~~~~~~~~~~~~~~~~~~~~~~~~
2025-12-07 15:37:05,268 DeMo.train INFO: Epoch[6] Iteration[10/65] Loss: 0.203, Acc: 1.000, Base Lr: 3.17e-04
2025-12-07 15:37:09,689 DeMo.train INFO: Epoch[6] Iteration[20/65] Loss: 0.201, Acc: 1.000, Base Lr: 3.17e-04
2025-12-07 15:37:14,048 DeMo.train INFO: Epoch[6] Iteration[30/65] Loss: 0.200, Acc: 1.000, Base Lr: 3.17e-04
2025-12-07 15:37:18,398 DeMo.train INFO: Epoch[6] Iteration[40/65] Loss: 0.199, Acc: 1.000, Base Lr: 3.17e-04
2025-12-07 15:37:22,776 DeMo.train INFO: Epoch[6] Iteration[50/65] Loss: 0.198, Acc: 1.000, Base Lr: 3.17e-04
2025-12-07 15:37:27,156 DeMo.train INFO: Epoch[6] Iteration[60/65] Loss: 0.198, Acc: 1.000, Base Lr: 3.17e-04
2025-12-07 15:37:28,192 DeMo.train INFO: Epoch 6 done. Time per batch: 0.464[s] Speed: 275.8[samples/s]
2025-12-07 15:37:28,193 DeMo.train INFO: ~~~~~~~~~~~~~~~~~~~~~~~~~~~~~~~~~~~~~~~~~~~~~~~~~~
2025-12-07 15:37:28,194 DeMo.train INFO: Current is the [moe,ori] feature testing!
2025-12-07 15:37:28,194 DeMo.train INFO: ~~~~~~~~~~~~~~~~~~~~~~~~~~~~~~~~~~~~~~~~~~~~~~~~~~
The test feature is normalized
=> Computing DistMat with euclidean_distance
2025-12-07 15:37:53,080 DeMo.train INFO: Validation Results - Epoch: 6
2025-12-07 15:37:53,081 DeMo.train INFO: mAP: 83.0%
2025-12-07 15:37:53,082 DeMo.train INFO: CMC curve, Rank-1  :94.4%
2025-12-07 15:37:53,084 DeMo.train INFO: CMC curve, Rank-5  :95.4%
2025-12-07 15:37:53,084 DeMo.train INFO: CMC curve, Rank-10 :95.8%
2025-12-07 15:37:53,085 DeMo.train INFO: ~~~~~~~~~~~~~~~~~~~~~~~~~~~~~~~~~~~~~~~~~~~~~~~~~~
2025-12-07 15:38:19,442 DeMo.train INFO: ~~~~~~~~~~~~~~~~~~~~~~~~~~~~~~~~~~~~~~~~~~~~~~~~~~
2025-12-07 15:38:19,446 DeMo.train INFO: Best mAP: 83.0%
2025-12-07 15:38:19,446 DeMo.train INFO: Best Rank-1: 94.4%
2025-12-07 15:38:19,446 DeMo.train INFO: Best Rank-5: 95.4%
2025-12-07 15:38:19,446 DeMo.train INFO: Best Rank-10: 95.8%
2025-12-07 15:38:19,446 DeMo.train INFO: ~~~~~~~~~~~~~~~~~~~~~~~~~~~~~~~~~~~~~~~~~~~~~~~~~~
2025-12-07 15:38:26,872 DeMo.train INFO: Epoch[7] Iteration[10/65] Loss: 0.196, Acc: 1.000, Base Lr: 3.05e-04
2025-12-07 15:38:31,226 DeMo.train INFO: Epoch[7] Iteration[20/65] Loss: 0.195, Acc: 1.000, Base Lr: 3.05e-04
2025-12-07 15:38:35,592 DeMo.train INFO: Epoch[7] Iteration[30/65] Loss: 0.195, Acc: 1.000, Base Lr: 3.05e-04
2025-12-07 15:38:39,954 DeMo.train INFO: Epoch[7] Iteration[40/65] Loss: 0.194, Acc: 1.000, Base Lr: 3.05e-04
2025-12-07 15:38:44,270 DeMo.train INFO: Epoch[7] Iteration[50/65] Loss: 0.194, Acc: 1.000, Base Lr: 3.05e-04
2025-12-07 15:38:48,623 DeMo.train INFO: Epoch[7] Iteration[60/65] Loss: 0.193, Acc: 1.000, Base Lr: 3.05e-04
2025-12-07 15:38:49,644 DeMo.train INFO: Epoch 7 done. Time per batch: 0.487[s] Speed: 262.8[samples/s]
2025-12-07 15:38:49,648 DeMo.train INFO: ~~~~~~~~~~~~~~~~~~~~~~~~~~~~~~~~~~~~~~~~~~~~~~~~~~
2025-12-07 15:38:49,648 DeMo.train INFO: Current is the [moe,ori] feature testing!
2025-12-07 15:38:49,648 DeMo.train INFO: ~~~~~~~~~~~~~~~~~~~~~~~~~~~~~~~~~~~~~~~~~~~~~~~~~~
The test feature is normalized
=> Computing DistMat with euclidean_distance
2025-12-07 15:39:15,079 DeMo.train INFO: Validation Results - Epoch: 7
2025-12-07 15:39:15,080 DeMo.train INFO: mAP: 83.3%
2025-12-07 15:39:15,081 DeMo.train INFO: CMC curve, Rank-1  :94.6%
2025-12-07 15:39:15,082 DeMo.train INFO: CMC curve, Rank-5  :95.3%
2025-12-07 15:39:15,084 DeMo.train INFO: CMC curve, Rank-10 :96.0%
2025-12-07 15:39:15,085 DeMo.train INFO: ~~~~~~~~~~~~~~~~~~~~~~~~~~~~~~~~~~~~~~~~~~~~~~~~~~
2025-12-07 15:40:02,195 DeMo.train INFO: ~~~~~~~~~~~~~~~~~~~~~~~~~~~~~~~~~~~~~~~~~~~~~~~~~~
2025-12-07 15:40:02,195 DeMo.train INFO: Best mAP: 83.3%
2025-12-07 15:40:02,195 DeMo.train INFO: Best Rank-1: 94.6%
2025-12-07 15:40:02,196 DeMo.train INFO: Best Rank-5: 95.3%
2025-12-07 15:40:02,196 DeMo.train INFO: Best Rank-10: 96.0%
2025-12-07 15:40:02,196 DeMo.train INFO: ~~~~~~~~~~~~~~~~~~~~~~~~~~~~~~~~~~~~~~~~~~~~~~~~~~
2025-12-07 15:40:08,574 DeMo.train INFO: Epoch[8] Iteration[10/65] Loss: 0.192, Acc: 1.000, Base Lr: 2.92e-04
2025-12-07 15:40:12,932 DeMo.train INFO: Epoch[8] Iteration[20/65] Loss: 0.192, Acc: 1.000, Base Lr: 2.92e-04
2025-12-07 15:40:17,285 DeMo.train INFO: Epoch[8] Iteration[30/65] Loss: 0.192, Acc: 1.000, Base Lr: 2.92e-04
2025-12-07 15:40:21,634 DeMo.train INFO: Epoch[8] Iteration[40/65] Loss: 0.192, Acc: 1.000, Base Lr: 2.92e-04
2025-12-07 15:40:25,958 DeMo.train INFO: Epoch[8] Iteration[50/65] Loss: 0.192, Acc: 1.000, Base Lr: 2.92e-04
2025-12-07 15:40:30,275 DeMo.train INFO: Epoch[8] Iteration[60/65] Loss: 0.191, Acc: 1.000, Base Lr: 2.92e-04
2025-12-07 15:40:31,726 DeMo.train INFO: Epoch 8 done. Time per batch: 0.469[s] Speed: 273.1[samples/s]
2025-12-07 15:40:31,727 DeMo.train INFO: ~~~~~~~~~~~~~~~~~~~~~~~~~~~~~~~~~~~~~~~~~~~~~~~~~~
2025-12-07 15:40:31,728 DeMo.train INFO: Current is the [moe,ori] feature testing!
2025-12-07 15:40:31,728 DeMo.train INFO: ~~~~~~~~~~~~~~~~~~~~~~~~~~~~~~~~~~~~~~~~~~~~~~~~~~
The test feature is normalized
=> Computing DistMat with euclidean_distance
2025-12-07 15:40:54,942 DeMo.train INFO: Validation Results - Epoch: 8
2025-12-07 15:40:54,942 DeMo.train INFO: mAP: 83.6%
2025-12-07 15:40:54,942 DeMo.train INFO: CMC curve, Rank-1  :94.5%
2025-12-07 15:40:54,943 DeMo.train INFO: CMC curve, Rank-5  :95.4%
2025-12-07 15:40:54,943 DeMo.train INFO: CMC curve, Rank-10 :95.8%
2025-12-07 15:40:54,943 DeMo.train INFO: ~~~~~~~~~~~~~~~~~~~~~~~~~~~~~~~~~~~~~~~~~~~~~~~~~~
2025-12-07 15:41:40,184 DeMo.train INFO: ~~~~~~~~~~~~~~~~~~~~~~~~~~~~~~~~~~~~~~~~~~~~~~~~~~
2025-12-07 15:41:40,186 DeMo.train INFO: Best mAP: 83.6%
2025-12-07 15:41:40,187 DeMo.train INFO: Best Rank-1: 94.5%
2025-12-07 15:41:40,189 DeMo.train INFO: Best Rank-5: 95.4%
2025-12-07 15:41:40,189 DeMo.train INFO: Best Rank-10: 95.8%
2025-12-07 15:41:40,191 DeMo.train INFO: ~~~~~~~~~~~~~~~~~~~~~~~~~~~~~~~~~~~~~~~~~~~~~~~~~~
2025-12-07 15:41:50,587 DeMo.train INFO: Epoch[9] Iteration[10/65] Loss: 0.190, Acc: 1.000, Base Lr: 2.78e-04
2025-12-07 15:41:55,328 DeMo.train INFO: Epoch[9] Iteration[20/65] Loss: 0.190, Acc: 1.000, Base Lr: 2.78e-04
2025-12-07 15:41:59,665 DeMo.train INFO: Epoch[9] Iteration[30/65] Loss: 0.189, Acc: 1.000, Base Lr: 2.78e-04
2025-12-07 15:42:04,018 DeMo.train INFO: Epoch[9] Iteration[40/65] Loss: 0.189, Acc: 1.000, Base Lr: 2.78e-04
2025-12-07 15:42:08,346 DeMo.train INFO: Epoch[9] Iteration[50/65] Loss: 0.189, Acc: 1.000, Base Lr: 2.78e-04
2025-12-07 15:42:12,667 DeMo.train INFO: Epoch[9] Iteration[60/65] Loss: 0.189, Acc: 1.000, Base Lr: 2.78e-04
2025-12-07 15:42:14,120 DeMo.train INFO: Epoch 9 done. Time per batch: 0.539[s] Speed: 237.7[samples/s]
2025-12-07 15:42:14,124 DeMo.train INFO: ~~~~~~~~~~~~~~~~~~~~~~~~~~~~~~~~~~~~~~~~~~~~~~~~~~
2025-12-07 15:42:14,124 DeMo.train INFO: Current is the [moe,ori] feature testing!
2025-12-07 15:42:14,126 DeMo.train INFO: ~~~~~~~~~~~~~~~~~~~~~~~~~~~~~~~~~~~~~~~~~~~~~~~~~~
The test feature is normalized
=> Computing DistMat with euclidean_distance
2025-12-07 15:42:41,094 DeMo.train INFO: Validation Results - Epoch: 9
2025-12-07 15:42:41,095 DeMo.train INFO: mAP: 83.7%
2025-12-07 15:42:41,095 DeMo.train INFO: CMC curve, Rank-1  :94.5%
2025-12-07 15:42:41,095 DeMo.train INFO: CMC curve, Rank-5  :95.3%
2025-12-07 15:42:41,095 DeMo.train INFO: CMC curve, Rank-10 :95.5%
2025-12-07 15:42:41,095 DeMo.train INFO: ~~~~~~~~~~~~~~~~~~~~~~~~~~~~~~~~~~~~~~~~~~~~~~~~~~
2025-12-07 15:43:10,142 DeMo.train INFO: ~~~~~~~~~~~~~~~~~~~~~~~~~~~~~~~~~~~~~~~~~~~~~~~~~~
2025-12-07 15:43:10,143 DeMo.train INFO: Best mAP: 83.7%
2025-12-07 15:43:10,144 DeMo.train INFO: Best Rank-1: 94.5%
2025-12-07 15:43:10,144 DeMo.train INFO: Best Rank-5: 95.3%
2025-12-07 15:43:10,145 DeMo.train INFO: Best Rank-10: 95.5%
2025-12-07 15:43:10,147 DeMo.train INFO: ~~~~~~~~~~~~~~~~~~~~~~~~~~~~~~~~~~~~~~~~~~~~~~~~~~
2025-12-07 15:43:21,168 DeMo.train INFO: Epoch[10] Iteration[10/65] Loss: 0.189, Acc: 1.000, Base Lr: 2.63e-04
2025-12-07 15:43:25,524 DeMo.train INFO: Epoch[10] Iteration[20/65] Loss: 0.189, Acc: 1.000, Base Lr: 2.63e-04
2025-12-07 15:43:30,347 DeMo.train INFO: Epoch[10] Iteration[30/65] Loss: 0.188, Acc: 1.000, Base Lr: 2.63e-04
2025-12-07 15:43:34,743 DeMo.train INFO: Epoch[10] Iteration[40/65] Loss: 0.188, Acc: 1.000, Base Lr: 2.63e-04
2025-12-07 15:43:39,113 DeMo.train INFO: Epoch[10] Iteration[50/65] Loss: 0.188, Acc: 1.000, Base Lr: 2.63e-04
2025-12-07 15:43:43,467 DeMo.train INFO: Epoch[10] Iteration[60/65] Loss: 0.187, Acc: 1.000, Base Lr: 2.63e-04
2025-12-07 15:43:44,487 DeMo.train INFO: Epoch 10 done. Time per batch: 0.554[s] Speed: 231.1[samples/s]
2025-12-07 15:43:44,489 DeMo.train INFO: ~~~~~~~~~~~~~~~~~~~~~~~~~~~~~~~~~~~~~~~~~~~~~~~~~~
2025-12-07 15:43:44,489 DeMo.train INFO: Current is the [moe,ori] feature testing!
2025-12-07 15:43:44,490 DeMo.train INFO: ~~~~~~~~~~~~~~~~~~~~~~~~~~~~~~~~~~~~~~~~~~~~~~~~~~
The test feature is normalized
=> Computing DistMat with euclidean_distance
2025-12-07 15:44:09,326 DeMo.train INFO: Validation Results - Epoch: 10
2025-12-07 15:44:09,326 DeMo.train INFO: mAP: 83.8%
2025-12-07 15:44:09,326 DeMo.train INFO: CMC curve, Rank-1  :94.6%
2025-12-07 15:44:09,326 DeMo.train INFO: CMC curve, Rank-5  :95.3%
2025-12-07 15:44:09,326 DeMo.train INFO: CMC curve, Rank-10 :95.5%
2025-12-07 15:44:09,326 DeMo.train INFO: ~~~~~~~~~~~~~~~~~~~~~~~~~~~~~~~~~~~~~~~~~~~~~~~~~~
2025-12-07 15:44:34,042 DeMo.train INFO: ~~~~~~~~~~~~~~~~~~~~~~~~~~~~~~~~~~~~~~~~~~~~~~~~~~
2025-12-07 15:44:34,043 DeMo.train INFO: Best mAP: 83.8%
2025-12-07 15:44:34,044 DeMo.train INFO: Best Rank-1: 94.6%
2025-12-07 15:44:34,046 DeMo.train INFO: Best Rank-5: 95.3%
2025-12-07 15:44:34,048 DeMo.train INFO: Best Rank-10: 95.5%
2025-12-07 15:44:34,048 DeMo.train INFO: ~~~~~~~~~~~~~~~~~~~~~~~~~~~~~~~~~~~~~~~~~~~~~~~~~~
2025-12-07 15:44:44,513 DeMo.train INFO: Epoch[11] Iteration[10/65] Loss: 0.187, Acc: 1.000, Base Lr: 2.46e-04
2025-12-07 15:44:49,005 DeMo.train INFO: Epoch[11] Iteration[20/65] Loss: 0.187, Acc: 1.000, Base Lr: 2.46e-04
2025-12-07 15:44:53,376 DeMo.train INFO: Epoch[11] Iteration[30/65] Loss: 0.187, Acc: 1.000, Base Lr: 2.46e-04
2025-12-07 15:44:57,725 DeMo.train INFO: Epoch[11] Iteration[40/65] Loss: 0.187, Acc: 1.000, Base Lr: 2.46e-04
2025-12-07 15:45:02,064 DeMo.train INFO: Epoch[11] Iteration[50/65] Loss: 0.187, Acc: 1.000, Base Lr: 2.46e-04
2025-12-07 15:45:06,419 DeMo.train INFO: Epoch[11] Iteration[60/65] Loss: 0.187, Acc: 1.000, Base Lr: 2.46e-04
2025-12-07 15:45:07,869 DeMo.train INFO: Epoch 11 done. Time per batch: 0.537[s] Speed: 238.4[samples/s]
2025-12-07 15:45:07,871 DeMo.train INFO: ~~~~~~~~~~~~~~~~~~~~~~~~~~~~~~~~~~~~~~~~~~~~~~~~~~
2025-12-07 15:45:07,871 DeMo.train INFO: Current is the [moe,ori] feature testing!
2025-12-07 15:45:07,871 DeMo.train INFO: ~~~~~~~~~~~~~~~~~~~~~~~~~~~~~~~~~~~~~~~~~~~~~~~~~~
The test feature is normalized
=> Computing DistMat with euclidean_distance
2025-12-07 15:45:30,477 DeMo.train INFO: Validation Results - Epoch: 11
2025-12-07 15:45:30,478 DeMo.train INFO: mAP: 83.8%
2025-12-07 15:45:30,478 DeMo.train INFO: CMC curve, Rank-1  :94.7%
2025-12-07 15:45:30,478 DeMo.train INFO: CMC curve, Rank-5  :95.5%
2025-12-07 15:45:30,478 DeMo.train INFO: CMC curve, Rank-10 :95.6%
2025-12-07 15:45:30,478 DeMo.train INFO: ~~~~~~~~~~~~~~~~~~~~~~~~~~~~~~~~~~~~~~~~~~~~~~~~~~
2025-12-07 15:45:48,603 DeMo.train INFO: ~~~~~~~~~~~~~~~~~~~~~~~~~~~~~~~~~~~~~~~~~~~~~~~~~~
2025-12-07 15:45:48,604 DeMo.train INFO: Best mAP: 83.8%
2025-12-07 15:45:48,604 DeMo.train INFO: Best Rank-1: 94.7%
2025-12-07 15:45:48,604 DeMo.train INFO: Best Rank-5: 95.5%
2025-12-07 15:45:48,604 DeMo.train INFO: Best Rank-10: 95.6%
2025-12-07 15:45:48,605 DeMo.train INFO: ~~~~~~~~~~~~~~~~~~~~~~~~~~~~~~~~~~~~~~~~~~~~~~~~~~
2025-12-07 15:45:58,368 DeMo.train INFO: Epoch[12] Iteration[10/65] Loss: 0.186, Acc: 1.000, Base Lr: 2.29e-04
2025-12-07 15:46:02,788 DeMo.train INFO: Epoch[12] Iteration[20/65] Loss: 0.186, Acc: 1.000, Base Lr: 2.29e-04
2025-12-07 15:46:07,262 DeMo.train INFO: Epoch[12] Iteration[30/65] Loss: 0.186, Acc: 1.000, Base Lr: 2.29e-04
2025-12-07 15:46:11,748 DeMo.train INFO: Epoch[12] Iteration[40/65] Loss: 0.186, Acc: 1.000, Base Lr: 2.29e-04
2025-12-07 15:46:16,247 DeMo.train INFO: Epoch[12] Iteration[50/65] Loss: 0.185, Acc: 1.000, Base Lr: 2.29e-04
2025-12-07 15:46:20,586 DeMo.train INFO: Epoch[12] Iteration[60/65] Loss: 0.185, Acc: 1.000, Base Lr: 2.29e-04
2025-12-07 15:46:22,050 DeMo.train INFO: Epoch 12 done. Time per batch: 0.531[s] Speed: 241.1[samples/s]
2025-12-07 15:46:22,052 DeMo.train INFO: ~~~~~~~~~~~~~~~~~~~~~~~~~~~~~~~~~~~~~~~~~~~~~~~~~~
2025-12-07 15:46:22,052 DeMo.train INFO: Current is the [moe,ori] feature testing!
2025-12-07 15:46:22,052 DeMo.train INFO: ~~~~~~~~~~~~~~~~~~~~~~~~~~~~~~~~~~~~~~~~~~~~~~~~~~
The test feature is normalized
=> Computing DistMat with euclidean_distance
2025-12-07 15:46:45,086 DeMo.train INFO: Validation Results - Epoch: 12
2025-12-07 15:46:45,087 DeMo.train INFO: mAP: 83.8%
2025-12-07 15:46:45,089 DeMo.train INFO: CMC curve, Rank-1  :94.7%
2025-12-07 15:46:45,090 DeMo.train INFO: CMC curve, Rank-5  :95.3%
2025-12-07 15:46:45,091 DeMo.train INFO: CMC curve, Rank-10 :95.5%
2025-12-07 15:46:45,092 DeMo.train INFO: ~~~~~~~~~~~~~~~~~~~~~~~~~~~~~~~~~~~~~~~~~~~~~~~~~~
2025-12-07 15:46:45,154 DeMo.train INFO: ~~~~~~~~~~~~~~~~~~~~~~~~~~~~~~~~~~~~~~~~~~~~~~~~~~
2025-12-07 15:46:45,156 DeMo.train INFO: Best mAP: 83.8%
2025-12-07 15:46:45,157 DeMo.train INFO: Best Rank-1: 94.7%
2025-12-07 15:46:45,159 DeMo.train INFO: Best Rank-5: 95.5%
2025-12-07 15:46:45,159 DeMo.train INFO: Best Rank-10: 95.6%
2025-12-07 15:46:45,160 DeMo.train INFO: ~~~~~~~~~~~~~~~~~~~~~~~~~~~~~~~~~~~~~~~~~~~~~~~~~~
2025-12-07 15:46:56,575 DeMo.train INFO: Epoch[13] Iteration[10/65] Loss: 0.186, Acc: 1.000, Base Lr: 2.12e-04
2025-12-07 15:47:00,959 DeMo.train INFO: Epoch[13] Iteration[20/65] Loss: 0.186, Acc: 1.000, Base Lr: 2.12e-04
2025-12-07 15:47:05,389 DeMo.train INFO: Epoch[13] Iteration[30/65] Loss: 0.186, Acc: 1.000, Base Lr: 2.12e-04
2025-12-07 15:47:09,756 DeMo.train INFO: Epoch[13] Iteration[40/65] Loss: 0.185, Acc: 1.000, Base Lr: 2.12e-04
2025-12-07 15:47:14,078 DeMo.train INFO: Epoch[13] Iteration[50/65] Loss: 0.185, Acc: 1.000, Base Lr: 2.12e-04
2025-12-07 15:47:18,416 DeMo.train INFO: Epoch[13] Iteration[60/65] Loss: 0.185, Acc: 1.000, Base Lr: 2.12e-04
2025-12-07 15:47:19,879 DeMo.train INFO: Epoch 13 done. Time per batch: 0.551[s] Speed: 232.3[samples/s]
2025-12-07 15:47:19,881 DeMo.train INFO: ~~~~~~~~~~~~~~~~~~~~~~~~~~~~~~~~~~~~~~~~~~~~~~~~~~
2025-12-07 15:47:19,881 DeMo.train INFO: Current is the [moe,ori] feature testing!
2025-12-07 15:47:19,881 DeMo.train INFO: ~~~~~~~~~~~~~~~~~~~~~~~~~~~~~~~~~~~~~~~~~~~~~~~~~~
The test feature is normalized
=> Computing DistMat with euclidean_distance
2025-12-07 15:47:42,646 DeMo.train INFO: Validation Results - Epoch: 13
2025-12-07 15:47:42,646 DeMo.train INFO: mAP: 83.9%
2025-12-07 15:47:42,646 DeMo.train INFO: CMC curve, Rank-1  :94.7%
2025-12-07 15:47:42,646 DeMo.train INFO: CMC curve, Rank-5  :95.3%
2025-12-07 15:47:42,646 DeMo.train INFO: CMC curve, Rank-10 :95.6%
2025-12-07 15:47:42,646 DeMo.train INFO: ~~~~~~~~~~~~~~~~~~~~~~~~~~~~~~~~~~~~~~~~~~~~~~~~~~
2025-12-07 15:48:07,022 DeMo.train INFO: ~~~~~~~~~~~~~~~~~~~~~~~~~~~~~~~~~~~~~~~~~~~~~~~~~~
2025-12-07 15:48:07,023 DeMo.train INFO: Best mAP: 83.9%
2025-12-07 15:48:07,024 DeMo.train INFO: Best Rank-1: 94.7%
2025-12-07 15:48:07,024 DeMo.train INFO: Best Rank-5: 95.3%
2025-12-07 15:48:07,026 DeMo.train INFO: Best Rank-10: 95.6%
2025-12-07 15:48:07,027 DeMo.train INFO: ~~~~~~~~~~~~~~~~~~~~~~~~~~~~~~~~~~~~~~~~~~~~~~~~~~
2025-12-07 15:48:17,685 DeMo.train INFO: Epoch[14] Iteration[10/65] Loss: 0.186, Acc: 1.000, Base Lr: 1.93e-04
2025-12-07 15:48:23,099 DeMo.train INFO: Epoch[14] Iteration[20/65] Loss: 0.185, Acc: 1.000, Base Lr: 1.93e-04
2025-12-07 15:48:27,448 DeMo.train INFO: Epoch[14] Iteration[30/65] Loss: 0.185, Acc: 1.000, Base Lr: 1.93e-04
2025-12-07 15:48:31,814 DeMo.train INFO: Epoch[14] Iteration[40/65] Loss: 0.185, Acc: 1.000, Base Lr: 1.93e-04
2025-12-07 15:48:36,197 DeMo.train INFO: Epoch[14] Iteration[50/65] Loss: 0.185, Acc: 1.000, Base Lr: 1.93e-04
2025-12-07 15:48:40,555 DeMo.train INFO: Epoch[14] Iteration[60/65] Loss: 0.185, Acc: 1.000, Base Lr: 1.93e-04
2025-12-07 15:48:42,037 DeMo.train INFO: Epoch 14 done. Time per batch: 0.556[s] Speed: 230.3[samples/s]
2025-12-07 15:48:42,038 DeMo.train INFO: ~~~~~~~~~~~~~~~~~~~~~~~~~~~~~~~~~~~~~~~~~~~~~~~~~~
2025-12-07 15:48:42,038 DeMo.train INFO: Current is the [moe,ori] feature testing!
2025-12-07 15:48:42,039 DeMo.train INFO: ~~~~~~~~~~~~~~~~~~~~~~~~~~~~~~~~~~~~~~~~~~~~~~~~~~
The test feature is normalized
=> Computing DistMat with euclidean_distance
2025-12-07 15:49:05,661 DeMo.train INFO: Validation Results - Epoch: 14
2025-12-07 15:49:05,662 DeMo.train INFO: mAP: 83.9%
2025-12-07 15:49:05,663 DeMo.train INFO: CMC curve, Rank-1  :94.7%
2025-12-07 15:49:05,663 DeMo.train INFO: CMC curve, Rank-5  :95.2%
2025-12-07 15:49:05,664 DeMo.train INFO: CMC curve, Rank-10 :95.6%
2025-12-07 15:49:05,665 DeMo.train INFO: ~~~~~~~~~~~~~~~~~~~~~~~~~~~~~~~~~~~~~~~~~~~~~~~~~~
2025-12-07 15:49:31,412 DeMo.train INFO: ~~~~~~~~~~~~~~~~~~~~~~~~~~~~~~~~~~~~~~~~~~~~~~~~~~
2025-12-07 15:49:31,416 DeMo.train INFO: Best mAP: 83.9%
2025-12-07 15:49:31,416 DeMo.train INFO: Best Rank-1: 94.7%
2025-12-07 15:49:31,416 DeMo.train INFO: Best Rank-5: 95.2%
2025-12-07 15:49:31,416 DeMo.train INFO: Best Rank-10: 95.6%
2025-12-07 15:49:31,416 DeMo.train INFO: ~~~~~~~~~~~~~~~~~~~~~~~~~~~~~~~~~~~~~~~~~~~~~~~~~~
2025-12-07 15:49:39,018 DeMo.train INFO: Epoch[15] Iteration[10/65] Loss: 0.185, Acc: 1.000, Base Lr: 1.75e-04
2025-12-07 15:49:43,379 DeMo.train INFO: Epoch[15] Iteration[20/65] Loss: 0.185, Acc: 1.000, Base Lr: 1.75e-04
2025-12-07 15:49:47,740 DeMo.train INFO: Epoch[15] Iteration[30/65] Loss: 0.185, Acc: 1.000, Base Lr: 1.75e-04
2025-12-07 15:49:52,077 DeMo.train INFO: Epoch[15] Iteration[40/65] Loss: 0.185, Acc: 1.000, Base Lr: 1.75e-04
2025-12-07 15:49:56,411 DeMo.train INFO: Epoch[15] Iteration[50/65] Loss: 0.185, Acc: 1.000, Base Lr: 1.75e-04
2025-12-07 15:50:00,774 DeMo.train INFO: Epoch[15] Iteration[60/65] Loss: 0.185, Acc: 1.000, Base Lr: 1.75e-04
2025-12-07 15:50:02,236 DeMo.train INFO: Epoch 15 done. Time per batch: 0.489[s] Speed: 261.7[samples/s]
2025-12-07 15:50:02,239 DeMo.train INFO: ~~~~~~~~~~~~~~~~~~~~~~~~~~~~~~~~~~~~~~~~~~~~~~~~~~
2025-12-07 15:50:02,240 DeMo.train INFO: Current is the [moe,ori] feature testing!
2025-12-07 15:50:02,240 DeMo.train INFO: ~~~~~~~~~~~~~~~~~~~~~~~~~~~~~~~~~~~~~~~~~~~~~~~~~~
The test feature is normalized
=> Computing DistMat with euclidean_distance
2025-12-07 15:50:28,976 DeMo.train INFO: Validation Results - Epoch: 15
2025-12-07 15:50:28,977 DeMo.train INFO: mAP: 84.0%
2025-12-07 15:50:28,977 DeMo.train INFO: CMC curve, Rank-1  :94.9%
2025-12-07 15:50:28,979 DeMo.train INFO: CMC curve, Rank-5  :95.3%
2025-12-07 15:50:28,980 DeMo.train INFO: CMC curve, Rank-10 :95.7%
2025-12-07 15:50:28,981 DeMo.train INFO: ~~~~~~~~~~~~~~~~~~~~~~~~~~~~~~~~~~~~~~~~~~~~~~~~~~
2025-12-07 15:50:55,900 DeMo.train INFO: ~~~~~~~~~~~~~~~~~~~~~~~~~~~~~~~~~~~~~~~~~~~~~~~~~~
2025-12-07 15:50:55,905 DeMo.train INFO: Best mAP: 84.0%
2025-12-07 15:50:55,905 DeMo.train INFO: Best Rank-1: 94.9%
2025-12-07 15:50:55,905 DeMo.train INFO: Best Rank-5: 95.3%
2025-12-07 15:50:55,905 DeMo.train INFO: Best Rank-10: 95.7%
2025-12-07 15:50:55,905 DeMo.train INFO: ~~~~~~~~~~~~~~~~~~~~~~~~~~~~~~~~~~~~~~~~~~~~~~~~~~
2025-12-07 15:51:02,573 DeMo.train INFO: Epoch[16] Iteration[10/65] Loss: 0.185, Acc: 1.000, Base Lr: 1.57e-04
2025-12-07 15:51:06,985 DeMo.train INFO: Epoch[16] Iteration[20/65] Loss: 0.184, Acc: 1.000, Base Lr: 1.57e-04
2025-12-07 15:51:11,354 DeMo.train INFO: Epoch[16] Iteration[30/65] Loss: 0.185, Acc: 1.000, Base Lr: 1.57e-04
2025-12-07 15:51:15,756 DeMo.train INFO: Epoch[16] Iteration[40/65] Loss: 0.184, Acc: 1.000, Base Lr: 1.57e-04
2025-12-07 15:51:20,116 DeMo.train INFO: Epoch[16] Iteration[50/65] Loss: 0.184, Acc: 1.000, Base Lr: 1.57e-04
2025-12-07 15:51:24,467 DeMo.train INFO: Epoch[16] Iteration[60/65] Loss: 0.184, Acc: 1.000, Base Lr: 1.57e-04
2025-12-07 15:51:25,966 DeMo.train INFO: Epoch 16 done. Time per batch: 0.477[s] Speed: 268.3[samples/s]
2025-12-07 15:51:25,968 DeMo.train INFO: ~~~~~~~~~~~~~~~~~~~~~~~~~~~~~~~~~~~~~~~~~~~~~~~~~~
2025-12-07 15:51:25,969 DeMo.train INFO: Current is the [moe,ori] feature testing!
2025-12-07 15:51:25,970 DeMo.train INFO: ~~~~~~~~~~~~~~~~~~~~~~~~~~~~~~~~~~~~~~~~~~~~~~~~~~
The test feature is normalized
=> Computing DistMat with euclidean_distance
2025-12-07 15:51:50,868 DeMo.train INFO: Validation Results - Epoch: 16
2025-12-07 15:51:50,868 DeMo.train INFO: mAP: 84.0%
2025-12-07 15:51:50,868 DeMo.train INFO: CMC curve, Rank-1  :94.8%
2025-12-07 15:51:50,868 DeMo.train INFO: CMC curve, Rank-5  :95.2%
2025-12-07 15:51:50,868 DeMo.train INFO: CMC curve, Rank-10 :95.4%
2025-12-07 15:51:50,868 DeMo.train INFO: ~~~~~~~~~~~~~~~~~~~~~~~~~~~~~~~~~~~~~~~~~~~~~~~~~~
2025-12-07 15:51:50,930 DeMo.train INFO: ~~~~~~~~~~~~~~~~~~~~~~~~~~~~~~~~~~~~~~~~~~~~~~~~~~
2025-12-07 15:51:50,931 DeMo.train INFO: Best mAP: 84.0%
2025-12-07 15:51:50,931 DeMo.train INFO: Best Rank-1: 94.9%
2025-12-07 15:51:50,931 DeMo.train INFO: Best Rank-5: 95.3%
2025-12-07 15:51:50,931 DeMo.train INFO: Best Rank-10: 95.7%
2025-12-07 15:51:50,931 DeMo.train INFO: ~~~~~~~~~~~~~~~~~~~~~~~~~~~~~~~~~~~~~~~~~~~~~~~~~~
2025-12-07 15:51:57,308 DeMo.train INFO: Epoch[17] Iteration[10/65] Loss: 0.184, Acc: 1.000, Base Lr: 1.39e-04
2025-12-07 15:52:02,462 DeMo.train INFO: Epoch[17] Iteration[20/65] Loss: 0.184, Acc: 1.000, Base Lr: 1.39e-04
2025-12-07 15:52:06,822 DeMo.train INFO: Epoch[17] Iteration[30/65] Loss: 0.184, Acc: 1.000, Base Lr: 1.39e-04
2025-12-07 15:52:11,198 DeMo.train INFO: Epoch[17] Iteration[40/65] Loss: 0.184, Acc: 1.000, Base Lr: 1.39e-04
2025-12-07 15:52:15,565 DeMo.train INFO: Epoch[17] Iteration[50/65] Loss: 0.184, Acc: 1.000, Base Lr: 1.39e-04
2025-12-07 15:52:20,208 DeMo.train INFO: Epoch[17] Iteration[60/65] Loss: 0.184, Acc: 1.000, Base Lr: 1.39e-04
2025-12-07 15:52:21,258 DeMo.train INFO: Epoch 17 done. Time per batch: 0.489[s] Speed: 261.7[samples/s]
2025-12-07 15:52:21,260 DeMo.train INFO: ~~~~~~~~~~~~~~~~~~~~~~~~~~~~~~~~~~~~~~~~~~~~~~~~~~
2025-12-07 15:52:21,260 DeMo.train INFO: Current is the [moe,ori] feature testing!
2025-12-07 15:52:21,260 DeMo.train INFO: ~~~~~~~~~~~~~~~~~~~~~~~~~~~~~~~~~~~~~~~~~~~~~~~~~~
The test feature is normalized
=> Computing DistMat with euclidean_distance
2025-12-07 15:52:44,735 DeMo.train INFO: Validation Results - Epoch: 17
2025-12-07 15:52:44,736 DeMo.train INFO: mAP: 84.1%
2025-12-07 15:52:44,736 DeMo.train INFO: CMC curve, Rank-1  :94.9%
2025-12-07 15:52:44,736 DeMo.train INFO: CMC curve, Rank-5  :95.2%
2025-12-07 15:52:44,736 DeMo.train INFO: CMC curve, Rank-10 :95.5%
2025-12-07 15:52:44,736 DeMo.train INFO: ~~~~~~~~~~~~~~~~~~~~~~~~~~~~~~~~~~~~~~~~~~~~~~~~~~
2025-12-07 15:53:18,394 DeMo.train INFO: ~~~~~~~~~~~~~~~~~~~~~~~~~~~~~~~~~~~~~~~~~~~~~~~~~~
2025-12-07 15:53:18,395 DeMo.train INFO: Best mAP: 84.1%
2025-12-07 15:53:18,396 DeMo.train INFO: Best Rank-1: 94.9%
2025-12-07 15:53:18,397 DeMo.train INFO: Best Rank-5: 95.2%
2025-12-07 15:53:18,398 DeMo.train INFO: Best Rank-10: 95.5%
2025-12-07 15:53:18,399 DeMo.train INFO: ~~~~~~~~~~~~~~~~~~~~~~~~~~~~~~~~~~~~~~~~~~~~~~~~~~
2025-12-07 15:53:25,324 DeMo.train INFO: Epoch[18] Iteration[10/65] Loss: 0.183, Acc: 1.000, Base Lr: 1.21e-04
2025-12-07 15:53:29,684 DeMo.train INFO: Epoch[18] Iteration[20/65] Loss: 0.184, Acc: 1.000, Base Lr: 1.21e-04
2025-12-07 15:53:34,042 DeMo.train INFO: Epoch[18] Iteration[30/65] Loss: 0.183, Acc: 1.000, Base Lr: 1.21e-04
2025-12-07 15:53:38,547 DeMo.train INFO: Epoch[18] Iteration[40/65] Loss: 0.183, Acc: 1.000, Base Lr: 1.21e-04
2025-12-07 15:53:42,886 DeMo.train INFO: Epoch[18] Iteration[50/65] Loss: 0.183, Acc: 1.000, Base Lr: 1.21e-04
2025-12-07 15:53:47,288 DeMo.train INFO: Epoch[18] Iteration[60/65] Loss: 0.183, Acc: 1.000, Base Lr: 1.21e-04
2025-12-07 15:53:48,754 DeMo.train INFO: Epoch 18 done. Time per batch: 0.482[s] Speed: 265.7[samples/s]
2025-12-07 15:53:48,757 DeMo.train INFO: ~~~~~~~~~~~~~~~~~~~~~~~~~~~~~~~~~~~~~~~~~~~~~~~~~~
2025-12-07 15:53:48,757 DeMo.train INFO: Current is the [moe,ori] feature testing!
2025-12-07 15:53:48,757 DeMo.train INFO: ~~~~~~~~~~~~~~~~~~~~~~~~~~~~~~~~~~~~~~~~~~~~~~~~~~
The test feature is normalized
=> Computing DistMat with euclidean_distance
2025-12-07 15:54:11,476 DeMo.train INFO: Validation Results - Epoch: 18
2025-12-07 15:54:11,478 DeMo.train INFO: mAP: 84.2%
2025-12-07 15:54:11,478 DeMo.train INFO: CMC curve, Rank-1  :94.8%
2025-12-07 15:54:11,480 DeMo.train INFO: CMC curve, Rank-5  :95.3%
2025-12-07 15:54:11,481 DeMo.train INFO: CMC curve, Rank-10 :95.6%
2025-12-07 15:54:11,481 DeMo.train INFO: ~~~~~~~~~~~~~~~~~~~~~~~~~~~~~~~~~~~~~~~~~~~~~~~~~~
2025-12-07 15:54:39,783 DeMo.train INFO: ~~~~~~~~~~~~~~~~~~~~~~~~~~~~~~~~~~~~~~~~~~~~~~~~~~
2025-12-07 15:54:39,783 DeMo.train INFO: Best mAP: 84.2%
2025-12-07 15:54:39,783 DeMo.train INFO: Best Rank-1: 94.8%
2025-12-07 15:54:39,783 DeMo.train INFO: Best Rank-5: 95.3%
2025-12-07 15:54:39,784 DeMo.train INFO: Best Rank-10: 95.6%
2025-12-07 15:54:39,784 DeMo.train INFO: ~~~~~~~~~~~~~~~~~~~~~~~~~~~~~~~~~~~~~~~~~~~~~~~~~~
2025-12-07 15:54:46,636 DeMo.train INFO: Epoch[19] Iteration[10/65] Loss: 0.183, Acc: 1.000, Base Lr: 1.04e-04
2025-12-07 15:54:51,020 DeMo.train INFO: Epoch[19] Iteration[20/65] Loss: 0.184, Acc: 1.000, Base Lr: 1.04e-04
2025-12-07 15:54:55,380 DeMo.train INFO: Epoch[19] Iteration[30/65] Loss: 0.183, Acc: 1.000, Base Lr: 1.04e-04
2025-12-07 15:54:59,790 DeMo.train INFO: Epoch[19] Iteration[40/65] Loss: 0.183, Acc: 1.000, Base Lr: 1.04e-04
2025-12-07 15:55:04,182 DeMo.train INFO: Epoch[19] Iteration[50/65] Loss: 0.183, Acc: 1.000, Base Lr: 1.04e-04
2025-12-07 15:55:08,536 DeMo.train INFO: Epoch[19] Iteration[60/65] Loss: 0.184, Acc: 1.000, Base Lr: 1.04e-04
2025-12-07 15:55:10,011 DeMo.train INFO: Epoch 19 done. Time per batch: 0.480[s] Speed: 266.8[samples/s]
2025-12-07 15:55:10,013 DeMo.train INFO: ~~~~~~~~~~~~~~~~~~~~~~~~~~~~~~~~~~~~~~~~~~~~~~~~~~
2025-12-07 15:55:10,013 DeMo.train INFO: Current is the [moe,ori] feature testing!
2025-12-07 15:55:10,013 DeMo.train INFO: ~~~~~~~~~~~~~~~~~~~~~~~~~~~~~~~~~~~~~~~~~~~~~~~~~~
The test feature is normalized
=> Computing DistMat with euclidean_distance
2025-12-07 15:55:33,475 DeMo.train INFO: Validation Results - Epoch: 19
2025-12-07 15:55:33,475 DeMo.train INFO: mAP: 84.1%
2025-12-07 15:55:33,476 DeMo.train INFO: CMC curve, Rank-1  :94.7%
2025-12-07 15:55:33,477 DeMo.train INFO: CMC curve, Rank-5  :95.2%
2025-12-07 15:55:33,478 DeMo.train INFO: CMC curve, Rank-10 :95.5%
2025-12-07 15:55:33,478 DeMo.train INFO: ~~~~~~~~~~~~~~~~~~~~~~~~~~~~~~~~~~~~~~~~~~~~~~~~~~
2025-12-07 15:55:34,033 DeMo.train INFO: ~~~~~~~~~~~~~~~~~~~~~~~~~~~~~~~~~~~~~~~~~~~~~~~~~~
2025-12-07 15:55:34,033 DeMo.train INFO: Best mAP: 84.2%
2025-12-07 15:55:34,034 DeMo.train INFO: Best Rank-1: 94.8%
2025-12-07 15:55:34,035 DeMo.train INFO: Best Rank-5: 95.3%
2025-12-07 15:55:34,036 DeMo.train INFO: Best Rank-10: 95.6%
2025-12-07 15:55:34,036 DeMo.train INFO: ~~~~~~~~~~~~~~~~~~~~~~~~~~~~~~~~~~~~~~~~~~~~~~~~~~
2025-12-07 15:55:41,060 DeMo.train INFO: Epoch[20] Iteration[10/65] Loss: 0.183, Acc: 1.000, Base Lr: 8.78e-05
2025-12-07 15:55:45,472 DeMo.train INFO: Epoch[20] Iteration[20/65] Loss: 0.183, Acc: 1.000, Base Lr: 8.78e-05
2025-12-07 15:55:49,863 DeMo.train INFO: Epoch[20] Iteration[30/65] Loss: 0.183, Acc: 1.000, Base Lr: 8.78e-05
2025-12-07 15:55:54,270 DeMo.train INFO: Epoch[20] Iteration[40/65] Loss: 0.183, Acc: 1.000, Base Lr: 8.78e-05
2025-12-07 15:55:58,615 DeMo.train INFO: Epoch[20] Iteration[50/65] Loss: 0.182, Acc: 1.000, Base Lr: 8.78e-05
2025-12-07 15:56:02,975 DeMo.train INFO: Epoch[20] Iteration[60/65] Loss: 0.183, Acc: 1.000, Base Lr: 8.78e-05
2025-12-07 15:56:04,458 DeMo.train INFO: Epoch 20 done. Time per batch: 0.483[s] Speed: 265.1[samples/s]
2025-12-07 15:56:04,460 DeMo.train INFO: ~~~~~~~~~~~~~~~~~~~~~~~~~~~~~~~~~~~~~~~~~~~~~~~~~~
2025-12-07 15:56:04,460 DeMo.train INFO: Current is the [moe,ori] feature testing!
2025-12-07 15:56:04,460 DeMo.train INFO: ~~~~~~~~~~~~~~~~~~~~~~~~~~~~~~~~~~~~~~~~~~~~~~~~~~
The test feature is normalized
=> Computing DistMat with euclidean_distance
2025-12-07 15:56:28,812 DeMo.train INFO: Validation Results - Epoch: 20
2025-12-07 15:56:28,812 DeMo.train INFO: mAP: 84.0%
2025-12-07 15:56:28,812 DeMo.train INFO: CMC curve, Rank-1  :94.6%
2025-12-07 15:56:28,812 DeMo.train INFO: CMC curve, Rank-5  :95.3%
2025-12-07 15:56:28,813 DeMo.train INFO: CMC curve, Rank-10 :95.6%
2025-12-07 15:56:28,813 DeMo.train INFO: ~~~~~~~~~~~~~~~~~~~~~~~~~~~~~~~~~~~~~~~~~~~~~~~~~~
2025-12-07 15:56:28,875 DeMo.train INFO: ~~~~~~~~~~~~~~~~~~~~~~~~~~~~~~~~~~~~~~~~~~~~~~~~~~
2025-12-07 15:56:28,875 DeMo.train INFO: Best mAP: 84.2%
2025-12-07 15:56:28,875 DeMo.train INFO: Best Rank-1: 94.8%
2025-12-07 15:56:28,875 DeMo.train INFO: Best Rank-5: 95.3%
2025-12-07 15:56:28,875 DeMo.train INFO: Best Rank-10: 95.6%
2025-12-07 15:56:28,875 DeMo.train INFO: ~~~~~~~~~~~~~~~~~~~~~~~~~~~~~~~~~~~~~~~~~~~~~~~~~~
2025-12-07 15:56:34,984 DeMo.train INFO: Epoch[21] Iteration[10/65] Loss: 0.182, Acc: 1.000, Base Lr: 7.24e-05
2025-12-07 15:56:39,362 DeMo.train INFO: Epoch[21] Iteration[20/65] Loss: 0.183, Acc: 1.000, Base Lr: 7.24e-05
2025-12-07 15:56:43,771 DeMo.train INFO: Epoch[21] Iteration[30/65] Loss: 0.183, Acc: 1.000, Base Lr: 7.24e-05
2025-12-07 15:56:48,195 DeMo.train INFO: Epoch[21] Iteration[40/65] Loss: 0.183, Acc: 1.000, Base Lr: 7.24e-05
2025-12-07 15:56:52,610 DeMo.train INFO: Epoch[21] Iteration[50/65] Loss: 0.183, Acc: 1.000, Base Lr: 7.24e-05
2025-12-07 15:56:56,979 DeMo.train INFO: Epoch[21] Iteration[60/65] Loss: 0.183, Acc: 1.000, Base Lr: 7.24e-05
2025-12-07 15:56:58,454 DeMo.train INFO: Epoch 21 done. Time per batch: 0.470[s] Speed: 272.6[samples/s]
2025-12-07 15:56:58,456 DeMo.train INFO: ~~~~~~~~~~~~~~~~~~~~~~~~~~~~~~~~~~~~~~~~~~~~~~~~~~
2025-12-07 15:56:58,456 DeMo.train INFO: Current is the [moe,ori] feature testing!
2025-12-07 15:56:58,456 DeMo.train INFO: ~~~~~~~~~~~~~~~~~~~~~~~~~~~~~~~~~~~~~~~~~~~~~~~~~~
The test feature is normalized
=> Computing DistMat with euclidean_distance
2025-12-07 15:57:22,160 DeMo.train INFO: Validation Results - Epoch: 21
2025-12-07 15:57:22,161 DeMo.train INFO: mAP: 84.1%
2025-12-07 15:57:22,162 DeMo.train INFO: CMC curve, Rank-1  :95.0%
2025-12-07 15:57:22,164 DeMo.train INFO: CMC curve, Rank-5  :95.3%
2025-12-07 15:57:22,164 DeMo.train INFO: CMC curve, Rank-10 :95.5%
2025-12-07 15:57:22,166 DeMo.train INFO: ~~~~~~~~~~~~~~~~~~~~~~~~~~~~~~~~~~~~~~~~~~~~~~~~~~
2025-12-07 15:57:23,303 DeMo.train INFO: ~~~~~~~~~~~~~~~~~~~~~~~~~~~~~~~~~~~~~~~~~~~~~~~~~~
2025-12-07 15:57:23,304 DeMo.train INFO: Best mAP: 84.2%
2025-12-07 15:57:23,305 DeMo.train INFO: Best Rank-1: 94.8%
2025-12-07 15:57:23,306 DeMo.train INFO: Best Rank-5: 95.3%
2025-12-07 15:57:23,306 DeMo.train INFO: Best Rank-10: 95.6%
2025-12-07 15:57:23,307 DeMo.train INFO: ~~~~~~~~~~~~~~~~~~~~~~~~~~~~~~~~~~~~~~~~~~~~~~~~~~
2025-12-07 15:57:32,376 DeMo.train INFO: Epoch[22] Iteration[10/65] Loss: 0.182, Acc: 1.000, Base Lr: 5.82e-05
2025-12-07 15:57:36,769 DeMo.train INFO: Epoch[22] Iteration[20/65] Loss: 0.182, Acc: 1.000, Base Lr: 5.82e-05
2025-12-07 15:57:41,160 DeMo.train INFO: Epoch[22] Iteration[30/65] Loss: 0.183, Acc: 1.000, Base Lr: 5.82e-05
2025-12-07 15:57:45,544 DeMo.train INFO: Epoch[22] Iteration[40/65] Loss: 0.183, Acc: 1.000, Base Lr: 5.82e-05
2025-12-07 15:57:50,189 DeMo.train INFO: Epoch[22] Iteration[50/65] Loss: 0.182, Acc: 1.000, Base Lr: 5.82e-05
2025-12-07 15:57:54,606 DeMo.train INFO: Epoch[22] Iteration[60/65] Loss: 0.182, Acc: 1.000, Base Lr: 5.82e-05
2025-12-07 15:57:55,640 DeMo.train INFO: Epoch 22 done. Time per batch: 0.521[s] Speed: 245.5[samples/s]
2025-12-07 15:57:55,642 DeMo.train INFO: ~~~~~~~~~~~~~~~~~~~~~~~~~~~~~~~~~~~~~~~~~~~~~~~~~~
2025-12-07 15:57:55,642 DeMo.train INFO: Current is the [moe,ori] feature testing!
2025-12-07 15:57:55,642 DeMo.train INFO: ~~~~~~~~~~~~~~~~~~~~~~~~~~~~~~~~~~~~~~~~~~~~~~~~~~
The test feature is normalized
=> Computing DistMat with euclidean_distance
2025-12-07 15:58:18,983 DeMo.train INFO: Validation Results - Epoch: 22
2025-12-07 15:58:18,983 DeMo.train INFO: mAP: 84.2%
2025-12-07 15:58:18,983 DeMo.train INFO: CMC curve, Rank-1  :94.9%
2025-12-07 15:58:18,984 DeMo.train INFO: CMC curve, Rank-5  :95.3%
2025-12-07 15:58:18,984 DeMo.train INFO: CMC curve, Rank-10 :95.5%
2025-12-07 15:58:18,984 DeMo.train INFO: ~~~~~~~~~~~~~~~~~~~~~~~~~~~~~~~~~~~~~~~~~~~~~~~~~~
2025-12-07 15:58:37,662 DeMo.train INFO: ~~~~~~~~~~~~~~~~~~~~~~~~~~~~~~~~~~~~~~~~~~~~~~~~~~
2025-12-07 15:58:37,662 DeMo.train INFO: Best mAP: 84.2%
2025-12-07 15:58:37,662 DeMo.train INFO: Best Rank-1: 94.9%
2025-12-07 15:58:37,663 DeMo.train INFO: Best Rank-5: 95.3%
2025-12-07 15:58:37,663 DeMo.train INFO: Best Rank-10: 95.5%
2025-12-07 15:58:37,663 DeMo.train INFO: ~~~~~~~~~~~~~~~~~~~~~~~~~~~~~~~~~~~~~~~~~~~~~~~~~~
2025-12-07 15:58:44,300 DeMo.train INFO: Epoch[23] Iteration[10/65] Loss: 0.182, Acc: 1.000, Base Lr: 4.53e-05
2025-12-07 15:58:48,654 DeMo.train INFO: Epoch[23] Iteration[20/65] Loss: 0.182, Acc: 1.000, Base Lr: 4.53e-05
2025-12-07 15:58:53,077 DeMo.train INFO: Epoch[23] Iteration[30/65] Loss: 0.182, Acc: 1.000, Base Lr: 4.53e-05
2025-12-07 15:58:57,870 DeMo.train INFO: Epoch[23] Iteration[40/65] Loss: 0.182, Acc: 1.000, Base Lr: 4.53e-05
2025-12-07 15:59:02,294 DeMo.train INFO: Epoch[23] Iteration[50/65] Loss: 0.182, Acc: 1.000, Base Lr: 4.53e-05
2025-12-07 15:59:07,030 DeMo.train INFO: Epoch[23] Iteration[60/65] Loss: 0.182, Acc: 1.000, Base Lr: 4.53e-05
2025-12-07 15:59:08,606 DeMo.train INFO: Epoch 23 done. Time per batch: 0.491[s] Speed: 260.6[samples/s]
2025-12-07 15:59:08,608 DeMo.train INFO: ~~~~~~~~~~~~~~~~~~~~~~~~~~~~~~~~~~~~~~~~~~~~~~~~~~
2025-12-07 15:59:08,608 DeMo.train INFO: Current is the [moe,ori] feature testing!
2025-12-07 15:59:08,609 DeMo.train INFO: ~~~~~~~~~~~~~~~~~~~~~~~~~~~~~~~~~~~~~~~~~~~~~~~~~~
The test feature is normalized
=> Computing DistMat with euclidean_distance
2025-12-07 15:59:31,655 DeMo.train INFO: Validation Results - Epoch: 23
2025-12-07 15:59:31,656 DeMo.train INFO: mAP: 84.2%
2025-12-07 15:59:31,657 DeMo.train INFO: CMC curve, Rank-1  :95.0%
2025-12-07 15:59:31,659 DeMo.train INFO: CMC curve, Rank-5  :95.4%
2025-12-07 15:59:31,659 DeMo.train INFO: CMC curve, Rank-10 :95.5%
2025-12-07 15:59:31,660 DeMo.train INFO: ~~~~~~~~~~~~~~~~~~~~~~~~~~~~~~~~~~~~~~~~~~~~~~~~~~
2025-12-07 15:59:56,171 DeMo.train INFO: ~~~~~~~~~~~~~~~~~~~~~~~~~~~~~~~~~~~~~~~~~~~~~~~~~~
2025-12-07 15:59:56,174 DeMo.train INFO: Best mAP: 84.2%
2025-12-07 15:59:56,174 DeMo.train INFO: Best Rank-1: 95.0%
2025-12-07 15:59:56,174 DeMo.train INFO: Best Rank-5: 95.4%
2025-12-07 15:59:56,174 DeMo.train INFO: Best Rank-10: 95.5%
2025-12-07 15:59:56,174 DeMo.train INFO: ~~~~~~~~~~~~~~~~~~~~~~~~~~~~~~~~~~~~~~~~~~~~~~~~~~
2025-12-07 16:00:03,348 DeMo.train INFO: Epoch[24] Iteration[10/65] Loss: 0.182, Acc: 1.000, Base Lr: 3.37e-05
2025-12-07 16:00:07,687 DeMo.train INFO: Epoch[24] Iteration[20/65] Loss: 0.182, Acc: 1.000, Base Lr: 3.37e-05
2025-12-07 16:00:12,029 DeMo.train INFO: Epoch[24] Iteration[30/65] Loss: 0.182, Acc: 1.000, Base Lr: 3.37e-05
2025-12-07 16:00:16,372 DeMo.train INFO: Epoch[24] Iteration[40/65] Loss: 0.182, Acc: 1.000, Base Lr: 3.37e-05
2025-12-07 16:00:20,799 DeMo.train INFO: Epoch[24] Iteration[50/65] Loss: 0.182, Acc: 1.000, Base Lr: 3.37e-05
2025-12-07 16:00:25,199 DeMo.train INFO: Epoch[24] Iteration[60/65] Loss: 0.182, Acc: 1.000, Base Lr: 3.37e-05
2025-12-07 16:00:26,239 DeMo.train INFO: Epoch 24 done. Time per batch: 0.485[s] Speed: 264.0[samples/s]
2025-12-07 16:00:26,241 DeMo.train INFO: ~~~~~~~~~~~~~~~~~~~~~~~~~~~~~~~~~~~~~~~~~~~~~~~~~~
2025-12-07 16:00:26,241 DeMo.train INFO: Current is the [moe,ori] feature testing!
2025-12-07 16:00:26,242 DeMo.train INFO: ~~~~~~~~~~~~~~~~~~~~~~~~~~~~~~~~~~~~~~~~~~~~~~~~~~
The test feature is normalized
=> Computing DistMat with euclidean_distance
2025-12-07 16:00:49,676 DeMo.train INFO: Validation Results - Epoch: 24
2025-12-07 16:00:49,676 DeMo.train INFO: mAP: 84.3%
2025-12-07 16:00:49,676 DeMo.train INFO: CMC curve, Rank-1  :95.0%
2025-12-07 16:00:49,677 DeMo.train INFO: CMC curve, Rank-5  :95.5%
2025-12-07 16:00:49,677 DeMo.train INFO: CMC curve, Rank-10 :95.5%
2025-12-07 16:00:49,677 DeMo.train INFO: ~~~~~~~~~~~~~~~~~~~~~~~~~~~~~~~~~~~~~~~~~~~~~~~~~~
2025-12-07 16:01:08,160 DeMo.train INFO: ~~~~~~~~~~~~~~~~~~~~~~~~~~~~~~~~~~~~~~~~~~~~~~~~~~
2025-12-07 16:01:08,163 DeMo.train INFO: Best mAP: 84.3%
2025-12-07 16:01:08,163 DeMo.train INFO: Best Rank-1: 95.0%
2025-12-07 16:01:08,163 DeMo.train INFO: Best Rank-5: 95.5%
2025-12-07 16:01:08,164 DeMo.train INFO: Best Rank-10: 95.5%
2025-12-07 16:01:08,164 DeMo.train INFO: ~~~~~~~~~~~~~~~~~~~~~~~~~~~~~~~~~~~~~~~~~~~~~~~~~~
2025-12-07 16:01:15,786 DeMo.train INFO: Epoch[25] Iteration[10/65] Loss: 0.182, Acc: 1.000, Base Lr: 2.38e-05
2025-12-07 16:01:20,206 DeMo.train INFO: Epoch[25] Iteration[20/65] Loss: 0.182, Acc: 1.000, Base Lr: 2.38e-05
2025-12-07 16:01:24,597 DeMo.train INFO: Epoch[25] Iteration[30/65] Loss: 0.182, Acc: 1.000, Base Lr: 2.38e-05
2025-12-07 16:01:28,992 DeMo.train INFO: Epoch[25] Iteration[40/65] Loss: 0.182, Acc: 1.000, Base Lr: 2.38e-05
2025-12-07 16:01:33,394 DeMo.train INFO: Epoch[25] Iteration[50/65] Loss: 0.182, Acc: 1.000, Base Lr: 2.38e-05
2025-12-07 16:01:37,879 DeMo.train INFO: Epoch[25] Iteration[60/65] Loss: 0.182, Acc: 1.000, Base Lr: 2.38e-05
2025-12-07 16:01:38,902 DeMo.train INFO: Epoch 25 done. Time per batch: 0.496[s] Speed: 258.2[samples/s]
2025-12-07 16:01:38,904 DeMo.train INFO: ~~~~~~~~~~~~~~~~~~~~~~~~~~~~~~~~~~~~~~~~~~~~~~~~~~
2025-12-07 16:01:38,904 DeMo.train INFO: Current is the [moe,ori] feature testing!
2025-12-07 16:01:38,904 DeMo.train INFO: ~~~~~~~~~~~~~~~~~~~~~~~~~~~~~~~~~~~~~~~~~~~~~~~~~~
The test feature is normalized
=> Computing DistMat with euclidean_distance
2025-12-07 16:02:01,877 DeMo.train INFO: Validation Results - Epoch: 25
2025-12-07 16:02:01,878 DeMo.train INFO: mAP: 84.3%
2025-12-07 16:02:01,879 DeMo.train INFO: CMC curve, Rank-1  :95.0%
2025-12-07 16:02:01,880 DeMo.train INFO: CMC curve, Rank-5  :95.5%
2025-12-07 16:02:01,881 DeMo.train INFO: CMC curve, Rank-10 :95.5%
2025-12-07 16:02:01,881 DeMo.train INFO: ~~~~~~~~~~~~~~~~~~~~~~~~~~~~~~~~~~~~~~~~~~~~~~~~~~
2025-12-07 16:02:02,939 DeMo.train INFO: ~~~~~~~~~~~~~~~~~~~~~~~~~~~~~~~~~~~~~~~~~~~~~~~~~~
2025-12-07 16:02:02,940 DeMo.train INFO: Best mAP: 84.3%
2025-12-07 16:02:02,942 DeMo.train INFO: Best Rank-1: 95.0%
2025-12-07 16:02:02,943 DeMo.train INFO: Best Rank-5: 95.5%
2025-12-07 16:02:02,945 DeMo.train INFO: Best Rank-10: 95.5%
2025-12-07 16:02:02,945 DeMo.train INFO: ~~~~~~~~~~~~~~~~~~~~~~~~~~~~~~~~~~~~~~~~~~~~~~~~~~
2025-12-07 16:02:14,170 DeMo.train INFO: Epoch[26] Iteration[10/65] Loss: 0.183, Acc: 0.999, Base Lr: 1.55e-05
2025-12-07 16:02:18,730 DeMo.train INFO: Epoch[26] Iteration[20/65] Loss: 0.182, Acc: 1.000, Base Lr: 1.55e-05
2025-12-07 16:02:23,151 DeMo.train INFO: Epoch[26] Iteration[30/65] Loss: 0.182, Acc: 1.000, Base Lr: 1.55e-05
2025-12-07 16:02:27,513 DeMo.train INFO: Epoch[26] Iteration[40/65] Loss: 0.182, Acc: 1.000, Base Lr: 1.55e-05
2025-12-07 16:02:31,851 DeMo.train INFO: Epoch[26] Iteration[50/65] Loss: 0.182, Acc: 1.000, Base Lr: 1.55e-05
2025-12-07 16:02:36,250 DeMo.train INFO: Epoch[26] Iteration[60/65] Loss: 0.182, Acc: 1.000, Base Lr: 1.55e-05
2025-12-07 16:02:37,733 DeMo.train INFO: Epoch 26 done. Time per batch: 0.552[s] Speed: 231.8[samples/s]
2025-12-07 16:02:37,735 DeMo.train INFO: ~~~~~~~~~~~~~~~~~~~~~~~~~~~~~~~~~~~~~~~~~~~~~~~~~~
2025-12-07 16:02:37,735 DeMo.train INFO: Current is the [moe,ori] feature testing!
2025-12-07 16:02:37,735 DeMo.train INFO: ~~~~~~~~~~~~~~~~~~~~~~~~~~~~~~~~~~~~~~~~~~~~~~~~~~
The test feature is normalized
=> Computing DistMat with euclidean_distance
2025-12-07 16:03:01,847 DeMo.train INFO: Validation Results - Epoch: 26
2025-12-07 16:03:01,847 DeMo.train INFO: mAP: 84.3%
2025-12-07 16:03:01,847 DeMo.train INFO: CMC curve, Rank-1  :94.9%
2025-12-07 16:03:01,847 DeMo.train INFO: CMC curve, Rank-5  :95.5%
2025-12-07 16:03:01,847 DeMo.train INFO: CMC curve, Rank-10 :95.5%
2025-12-07 16:03:01,847 DeMo.train INFO: ~~~~~~~~~~~~~~~~~~~~~~~~~~~~~~~~~~~~~~~~~~~~~~~~~~
2025-12-07 16:03:26,454 DeMo.train INFO: ~~~~~~~~~~~~~~~~~~~~~~~~~~~~~~~~~~~~~~~~~~~~~~~~~~
2025-12-07 16:03:26,456 DeMo.train INFO: Best mAP: 84.3%
2025-12-07 16:03:26,458 DeMo.train INFO: Best Rank-1: 94.9%
2025-12-07 16:03:26,460 DeMo.train INFO: Best Rank-5: 95.5%
2025-12-07 16:03:26,461 DeMo.train INFO: Best Rank-10: 95.5%
2025-12-07 16:03:26,463 DeMo.train INFO: ~~~~~~~~~~~~~~~~~~~~~~~~~~~~~~~~~~~~~~~~~~~~~~~~~~
2025-12-07 16:03:37,879 DeMo.train INFO: Epoch[27] Iteration[10/65] Loss: 0.182, Acc: 1.000, Base Lr: 8.91e-06
2025-12-07 16:03:42,268 DeMo.train INFO: Epoch[27] Iteration[20/65] Loss: 0.182, Acc: 1.000, Base Lr: 8.91e-06
2025-12-07 16:03:46,657 DeMo.train INFO: Epoch[27] Iteration[30/65] Loss: 0.182, Acc: 1.000, Base Lr: 8.91e-06
2025-12-07 16:03:51,070 DeMo.train INFO: Epoch[27] Iteration[40/65] Loss: 0.182, Acc: 1.000, Base Lr: 8.91e-06
2025-12-07 16:03:55,534 DeMo.train INFO: Epoch[27] Iteration[50/65] Loss: 0.182, Acc: 1.000, Base Lr: 8.91e-06
2025-12-07 16:04:00,082 DeMo.train INFO: Epoch[27] Iteration[60/65] Loss: 0.182, Acc: 1.000, Base Lr: 8.91e-06
2025-12-07 16:04:01,548 DeMo.train INFO: Epoch 27 done. Time per batch: 0.557[s] Speed: 229.9[samples/s]
2025-12-07 16:04:01,550 DeMo.train INFO: ~~~~~~~~~~~~~~~~~~~~~~~~~~~~~~~~~~~~~~~~~~~~~~~~~~
2025-12-07 16:04:01,550 DeMo.train INFO: Current is the [moe,ori] feature testing!
2025-12-07 16:04:01,550 DeMo.train INFO: ~~~~~~~~~~~~~~~~~~~~~~~~~~~~~~~~~~~~~~~~~~~~~~~~~~
The test feature is normalized
=> Computing DistMat with euclidean_distance
2025-12-07 16:04:24,660 DeMo.train INFO: Validation Results - Epoch: 27
2025-12-07 16:04:24,661 DeMo.train INFO: mAP: 84.3%
2025-12-07 16:04:24,662 DeMo.train INFO: CMC curve, Rank-1  :94.9%
2025-12-07 16:04:24,662 DeMo.train INFO: CMC curve, Rank-5  :95.5%
2025-12-07 16:04:24,663 DeMo.train INFO: CMC curve, Rank-10 :95.5%
2025-12-07 16:04:24,664 DeMo.train INFO: ~~~~~~~~~~~~~~~~~~~~~~~~~~~~~~~~~~~~~~~~~~~~~~~~~~
2025-12-07 16:04:43,363 DeMo.train INFO: ~~~~~~~~~~~~~~~~~~~~~~~~~~~~~~~~~~~~~~~~~~~~~~~~~~
2025-12-07 16:04:43,367 DeMo.train INFO: Best mAP: 84.3%
2025-12-07 16:04:43,367 DeMo.train INFO: Best Rank-1: 94.9%
2025-12-07 16:04:43,367 DeMo.train INFO: Best Rank-5: 95.5%
2025-12-07 16:04:43,368 DeMo.train INFO: Best Rank-10: 95.5%
2025-12-07 16:04:43,368 DeMo.train INFO: ~~~~~~~~~~~~~~~~~~~~~~~~~~~~~~~~~~~~~~~~~~~~~~~~~~
2025-12-07 16:04:50,889 DeMo.train INFO: Epoch[28] Iteration[10/65] Loss: 0.182, Acc: 1.000, Base Lr: 4.17e-06
2025-12-07 16:04:55,279 DeMo.train INFO: Epoch[28] Iteration[20/65] Loss: 0.182, Acc: 1.000, Base Lr: 4.17e-06
2025-12-07 16:04:59,717 DeMo.train INFO: Epoch[28] Iteration[30/65] Loss: 0.182, Acc: 1.000, Base Lr: 4.17e-06
2025-12-07 16:05:04,101 DeMo.train INFO: Epoch[28] Iteration[40/65] Loss: 0.182, Acc: 1.000, Base Lr: 4.17e-06
2025-12-07 16:05:08,550 DeMo.train INFO: Epoch[28] Iteration[50/65] Loss: 0.181, Acc: 1.000, Base Lr: 4.17e-06
2025-12-07 16:05:12,926 DeMo.train INFO: Epoch[28] Iteration[60/65] Loss: 0.181, Acc: 1.000, Base Lr: 4.17e-06
2025-12-07 16:05:14,388 DeMo.train INFO: Epoch 28 done. Time per batch: 0.492[s] Speed: 260.0[samples/s]
2025-12-07 16:05:14,390 DeMo.train INFO: ~~~~~~~~~~~~~~~~~~~~~~~~~~~~~~~~~~~~~~~~~~~~~~~~~~
2025-12-07 16:05:14,390 DeMo.train INFO: Current is the [moe,ori] feature testing!
2025-12-07 16:05:14,390 DeMo.train INFO: ~~~~~~~~~~~~~~~~~~~~~~~~~~~~~~~~~~~~~~~~~~~~~~~~~~
The test feature is normalized
=> Computing DistMat with euclidean_distance
2025-12-07 16:05:37,879 DeMo.train INFO: Validation Results - Epoch: 28
2025-12-07 16:05:37,879 DeMo.train INFO: mAP: 84.3%
2025-12-07 16:05:37,879 DeMo.train INFO: CMC curve, Rank-1  :94.9%
2025-12-07 16:05:37,879 DeMo.train INFO: CMC curve, Rank-5  :95.5%
2025-12-07 16:05:37,879 DeMo.train INFO: CMC curve, Rank-10 :95.5%
2025-12-07 16:05:37,879 DeMo.train INFO: ~~~~~~~~~~~~~~~~~~~~~~~~~~~~~~~~~~~~~~~~~~~~~~~~~~
2025-12-07 16:05:55,973 DeMo.train INFO: ~~~~~~~~~~~~~~~~~~~~~~~~~~~~~~~~~~~~~~~~~~~~~~~~~~
2025-12-07 16:05:55,974 DeMo.train INFO: Best mAP: 84.3%
2025-12-07 16:05:55,974 DeMo.train INFO: Best Rank-1: 94.9%
2025-12-07 16:05:55,974 DeMo.train INFO: Best Rank-5: 95.5%
2025-12-07 16:05:55,974 DeMo.train INFO: Best Rank-10: 95.5%
2025-12-07 16:05:55,975 DeMo.train INFO: ~~~~~~~~~~~~~~~~~~~~~~~~~~~~~~~~~~~~~~~~~~~~~~~~~~
2025-12-07 16:06:02,768 DeMo.train INFO: Epoch[29] Iteration[10/65] Loss: 0.181, Acc: 1.000, Base Lr: 1.31e-06
2025-12-07 16:06:07,177 DeMo.train INFO: Epoch[29] Iteration[20/65] Loss: 0.181, Acc: 1.000, Base Lr: 1.31e-06
2025-12-07 16:06:11,557 DeMo.train INFO: Epoch[29] Iteration[30/65] Loss: 0.181, Acc: 1.000, Base Lr: 1.31e-06
2025-12-07 16:06:15,929 DeMo.train INFO: Epoch[29] Iteration[40/65] Loss: 0.181, Acc: 1.000, Base Lr: 1.31e-06
2025-12-07 16:06:20,271 DeMo.train INFO: Epoch[29] Iteration[50/65] Loss: 0.181, Acc: 1.000, Base Lr: 1.31e-06
2025-12-07 16:06:24,650 DeMo.train INFO: Epoch[29] Iteration[60/65] Loss: 0.181, Acc: 1.000, Base Lr: 1.31e-06
2025-12-07 16:06:25,674 DeMo.train INFO: Epoch 29 done. Time per batch: 0.479[s] Speed: 267.2[samples/s]
2025-12-07 16:06:25,677 DeMo.train INFO: ~~~~~~~~~~~~~~~~~~~~~~~~~~~~~~~~~~~~~~~~~~~~~~~~~~
2025-12-07 16:06:25,678 DeMo.train INFO: Current is the [moe,ori] feature testing!
2025-12-07 16:06:25,679 DeMo.train INFO: ~~~~~~~~~~~~~~~~~~~~~~~~~~~~~~~~~~~~~~~~~~~~~~~~~~
The test feature is normalized
=> Computing DistMat with euclidean_distance
2025-12-07 16:06:53,597 DeMo.train INFO: Validation Results - Epoch: 29
2025-12-07 16:06:53,598 DeMo.train INFO: mAP: 84.3%
2025-12-07 16:06:53,598 DeMo.train INFO: CMC curve, Rank-1  :94.9%
2025-12-07 16:06:53,598 DeMo.train INFO: CMC curve, Rank-5  :95.5%
2025-12-07 16:06:53,598 DeMo.train INFO: CMC curve, Rank-10 :95.5%
2025-12-07 16:06:53,598 DeMo.train INFO: ~~~~~~~~~~~~~~~~~~~~~~~~~~~~~~~~~~~~~~~~~~~~~~~~~~
2025-12-07 16:06:54,811 DeMo.train INFO: ~~~~~~~~~~~~~~~~~~~~~~~~~~~~~~~~~~~~~~~~~~~~~~~~~~
2025-12-07 16:06:54,812 DeMo.train INFO: Best mAP: 84.3%
2025-12-07 16:06:54,812 DeMo.train INFO: Best Rank-1: 94.9%
2025-12-07 16:06:54,812 DeMo.train INFO: Best Rank-5: 95.5%
2025-12-07 16:06:54,812 DeMo.train INFO: Best Rank-10: 95.5%
2025-12-07 16:06:54,813 DeMo.train INFO: ~~~~~~~~~~~~~~~~~~~~~~~~~~~~~~~~~~~~~~~~~~~~~~~~~~
2025-12-07 16:07:01,384 DeMo.train INFO: Epoch[30] Iteration[10/65] Loss: 0.182, Acc: 1.000, Base Lr: 3.50e-07
2025-12-07 16:07:05,746 DeMo.train INFO: Epoch[30] Iteration[20/65] Loss: 0.182, Acc: 1.000, Base Lr: 3.50e-07
2025-12-07 16:07:10,147 DeMo.train INFO: Epoch[30] Iteration[30/65] Loss: 0.182, Acc: 1.000, Base Lr: 3.50e-07
2025-12-07 16:07:14,516 DeMo.train INFO: Epoch[30] Iteration[40/65] Loss: 0.182, Acc: 1.000, Base Lr: 3.50e-07
2025-12-07 16:07:18,893 DeMo.train INFO: Epoch[30] Iteration[50/65] Loss: 0.181, Acc: 1.000, Base Lr: 3.50e-07
2025-12-07 16:07:23,288 DeMo.train INFO: Epoch[30] Iteration[60/65] Loss: 0.181, Acc: 1.000, Base Lr: 3.50e-07
2025-12-07 16:07:24,322 DeMo.train INFO: Epoch 30 done. Time per batch: 0.476[s] Speed: 268.9[samples/s]
2025-12-07 16:07:24,324 DeMo.train INFO: ~~~~~~~~~~~~~~~~~~~~~~~~~~~~~~~~~~~~~~~~~~~~~~~~~~
2025-12-07 16:07:24,324 DeMo.train INFO: Current is the [moe,ori] feature testing!
2025-12-07 16:07:24,324 DeMo.train INFO: ~~~~~~~~~~~~~~~~~~~~~~~~~~~~~~~~~~~~~~~~~~~~~~~~~~
The test feature is normalized
=> Computing DistMat with euclidean_distance
2025-12-07 16:07:47,025 DeMo.train INFO: Validation Results - Epoch: 30
2025-12-07 16:07:47,026 DeMo.train INFO: mAP: 84.3%
2025-12-07 16:07:47,026 DeMo.train INFO: CMC curve, Rank-1  :94.9%
2025-12-07 16:07:47,027 DeMo.train INFO: CMC curve, Rank-5  :95.5%
2025-12-07 16:07:47,029 DeMo.train INFO: CMC curve, Rank-10 :95.5%
2025-12-07 16:07:47,030 DeMo.train INFO: ~~~~~~~~~~~~~~~~~~~~~~~~~~~~~~~~~~~~~~~~~~~~~~~~~~
2025-12-07 16:08:18,235 DeMo.train INFO: ~~~~~~~~~~~~~~~~~~~~~~~~~~~~~~~~~~~~~~~~~~~~~~~~~~
2025-12-07 16:08:18,236 DeMo.train INFO: Best mAP: 84.3%
2025-12-07 16:08:18,236 DeMo.train INFO: Best Rank-1: 94.9%
2025-12-07 16:08:18,236 DeMo.train INFO: Best Rank-5: 95.5%
2025-12-07 16:08:18,236 DeMo.train INFO: Best Rank-10: 95.5%
2025-12-07 16:08:18,236 DeMo.train INFO: ~~~~~~~~~~~~~~~~~~~~~~~~~~~~~~~~~~~~~~~~~~~~~~~~~~
