2025-12-07 15:29:23,502 DeMo INFO: Saving model in the path :..
2025-12-07 15:29:23,502 DeMo INFO: Namespace(config_file='configs/RGBNT100/DeMo_SDTPS_DGAF_ablation.yml', exp_name='ablation_DGAFv3_only', fea_cft=0, local_rank=0, opts=['MODEL.USE_SDTPS', 'False', 'MODEL.USE_DGAF', 'True'])
2025-12-07 15:29:23,502 DeMo INFO: Loaded configuration file configs/RGBNT100/DeMo_SDTPS_DGAF_ablation.yml
2025-12-07 15:29:23,503 DeMo INFO: 
MODEL:
  TRANSFORMER_TYPE: 'ViT-B-16'
  STRIDE_SIZE: [ 16, 16 ]
  SIE_CAMERA: True
  DIRECT: 1
  SIE_COE: 1.0
  ID_LOSS_WEIGHT: 0.25
  TRIPLET_LOSS_WEIGHT: 1.0
  GLOBAL_LOCAL: True
  # Disable HDM and ATM
  HDM: False
  ATM: False
  # SACR disabled for ablation
  USE_SACR: False
  USE_MULTIMODAL_SACR: False
  # SDTPS configuration
  USE_SDTPS: True
  SDTPS_SPARSE_RATIO: 0.7
  SDTPS_AGGR_RATIO: 0.5
  SDTPS_BETA: 0.25
  SDTPS_USE_GUMBEL: False
  SDTPS_GUMBEL_TAU: 5.0
  SDTPS_LOSS_WEIGHT: 2.0
  # LIF disabled
  USE_LIF: False
  # DGAF: Dual-Gated Adaptive Fusion
  USE_DGAF: True
  DGAF_VERSION: 'v3'
  DGAF_TAU: 1.0
  DGAF_INIT_ALPHA: 0.5
  DGAF_NUM_HEADS: 8
  HEAD: 4

INPUT:
  SIZE_TRAIN: [ 128, 256 ]
  SIZE_TEST: [ 128, 256 ]
  PROB: 0.5
  RE_PROB: 0.5
  PADDING: 10

DATALOADER:
  SAMPLER: 'softmax_triplet'
  NUM_INSTANCE: 16
  NUM_WORKERS: 14

DATASETS:
  NAMES: ('RGBNT100')
  ROOT_DIR: '..'

SOLVER:
  BASE_LR: 0.00035
  MAX_EPOCHS: 30
  STEPS: [20, 25]
  GAMMA: 0.1
  WARMUP_ITERS: 5
  WARMUP_FACTOR: 0.01
  WARMUP_METHOD: 'linear'
  OPTIMIZER_NAME: 'Adam'
  IMS_PER_BATCH: 128
  EVAL_PERIOD: 1
  CHECKPOINT_PERIOD: 10

TEST:
  IMS_PER_BATCH: 128
  RE_RANKING: 'no'
  WEIGHT: ''
  NECK_FEAT: 'before'
  FEAT_NORM: 'yes'
  MISS: "nothing"

OUTPUT_DIR: '..'

# ============================================================================
# RGBNT100 SDTPS + DGAF Ablation Config
# ============================================================================
# - Based on original DeMo.yml for RGBNT100
# - SACR: disabled
# - HDM/ATM: disabled, DIRECT: 1
# - SDTPS: configurable via command line
# - DGAF V3: configurable via command line
# - Training: lr=0.00035, epochs=30, warmup=5 (same as original)
# ============================================================================

2025-12-07 15:29:23,503 DeMo INFO: Running with config:
DATALOADER:
  NUM_INSTANCE: 16
  NUM_WORKERS: 14
  SAMPLER: softmax_triplet
DATASETS:
  NAMES: RGBNT100
  ROOT_DIR: ..
INPUT:
  PADDING: 10
  PIXEL_MEAN: [0.5, 0.5, 0.5]
  PIXEL_STD: [0.5, 0.5, 0.5]
  PROB: 0.5
  RE_PROB: 0.5
  SIZE_TEST: [128, 256]
  SIZE_TRAIN: [128, 256]
MODEL:
  ADAPTER: False
  ATM: False
  ATT_DROP_RATE: 0.0
  DEVICE: cuda
  DEVICE_ID: 0
  DGAF_INIT_ALPHA: 0.5
  DGAF_NUM_HEADS: 8
  DGAF_TAU: 1.0
  DGAF_VERSION: v3
  DIRECT: 1
  DIST_TRAIN: False
  DROP_OUT: 0.0
  DROP_PATH: 0.1
  FROZEN: False
  GLOBAL_LOCAL: True
  HDM: False
  HEAD: 4
  ID_LOSS_TYPE: softmax
  ID_LOSS_WEIGHT: 0.25
  IF_LABELSMOOTH: on
  IF_WITH_CENTER: no
  LIF_BETA: 0.4
  LIF_LAYER: 3
  LIF_LOSS_WEIGHT: 0.1
  METRIC_LOSS_TYPE: triplet
  MULTIMODAL_SACR_VERSION: v1
  NAME: DeMo
  NECK: bnneck
  NO_MARGIN: True
  PRETRAIN_PATH_T: /path/to/your/vitb_16_224_21k.pth
  PROMPT: False
  SACR_DILATION_RATES: [2, 3, 4]
  SDTPS_AGGR_RATIO: 0.5
  SDTPS_BETA: 0.25
  SDTPS_GUMBEL_TAU: 5.0
  SDTPS_LOSS_WEIGHT: 2.0
  SDTPS_SPARSE_RATIO: 0.7
  SDTPS_USE_GUMBEL: False
  SIE_CAMERA: True
  SIE_COE: 1.0
  SIE_VIEW: False
  STRIDE_SIZE: [16, 16]
  TRANSFORMER_TYPE: ViT-B-16
  TRIPLET_LOSS_WEIGHT: 1.0
  USE_DGAF: True
  USE_LIF: False
  USE_MULTIMODAL_SACR: False
  USE_SACR: False
  USE_SDTPS: False
OUTPUT_DIR: ..
SOLVER:
  BASE_LR: 0.00035
  BIAS_LR_FACTOR: 2
  CENTER_LOSS_WEIGHT: 0.0005
  CENTER_LR: 0.5
  CHECKPOINT_PERIOD: 10
  CLUSTER_MARGIN: 0.3
  COSINE_MARGIN: 0.5
  COSINE_SCALE: 30
  EVAL_PERIOD: 1
  GAMMA: 0.1
  IMS_PER_BATCH: 128
  LARGE_FC_LR: False
  LOG_PERIOD: 10
  LR_SCHEDULER: cosine
  MARGIN: 0.3
  MAX_EPOCHS: 30
  MOMENTUM: 0.9
  OPTIMIZER_NAME: Adam
  RANGE_ALPHA: 0
  RANGE_BETA: 1
  RANGE_K: 2
  RANGE_LOSS_WEIGHT: 1
  RANGE_MARGIN: 0.3
  SEED: 1111
  STEPS: (20, 25)
  WARMUP_FACTOR: 0.01
  WARMUP_ITERS: 5
  WARMUP_METHOD: linear
  WEIGHT_DECAY: 0.0001
  WEIGHT_DECAY_BIAS: 0.0001
TEST:
  FEAT: 0
  FEAT_NORM: yes
  IMS_PER_BATCH: 128
  MISS: nothing
  NECK_FEAT: before
  RE_RANKING: no
  WEIGHT: 
=> RGB_IR loaded
Dataset statistics:
  ----------------------------------------
  subset   | # ids | # images | # cameras
  ----------------------------------------
  train    |    50 |     8675 |         8
  query    |    50 |     1715 |         8
  gallery  |    50 |     8575 |         8
  ----------------------------------------
data is ready
using Transformer_type: ViT-B-16 as a backbone
Resized position embedding: %s to %s torch.Size([197, 768]) torch.Size([129, 768])
Position embedding resize to height:8 width: 16
Successfully load ckpt!
<All keys matched successfully>
Loading pretrained model from CLIP
camera number is : 8
===========Building DeMo===========
2025-12-07 15:29:35,222 DeMo INFO: DeMo(
  (BACKBONE): build_transformer(
    (base): VisionTransformer(
      (conv1): Conv2d(3, 768, kernel_size=(16, 16), stride=(16, 16), bias=False)
      (ln_pre): LayerNorm((768,), eps=1e-05, elementwise_affine=True)
      (transformer): Transformer(
        (resblocks): Sequential(
          (0): ResidualAttentionBlock(
            (attn): MultiheadAttention(
              (out_proj): NonDynamicallyQuantizableLinear(in_features=768, out_features=768, bias=True)
            )
            (ln_1): LayerNorm((768,), eps=1e-05, elementwise_affine=True)
            (mlp): Sequential(
              (c_fc): Linear(in_features=768, out_features=3072, bias=True)
              (gelu): QuickGELU()
              (c_proj): Linear(in_features=3072, out_features=768, bias=True)
            )
            (ln_2): LayerNorm((768,), eps=1e-05, elementwise_affine=True)
          )
          (1): ResidualAttentionBlock(
            (attn): MultiheadAttention(
              (out_proj): NonDynamicallyQuantizableLinear(in_features=768, out_features=768, bias=True)
            )
            (ln_1): LayerNorm((768,), eps=1e-05, elementwise_affine=True)
            (mlp): Sequential(
              (c_fc): Linear(in_features=768, out_features=3072, bias=True)
              (gelu): QuickGELU()
              (c_proj): Linear(in_features=3072, out_features=768, bias=True)
            )
            (ln_2): LayerNorm((768,), eps=1e-05, elementwise_affine=True)
          )
          (2): ResidualAttentionBlock(
            (attn): MultiheadAttention(
              (out_proj): NonDynamicallyQuantizableLinear(in_features=768, out_features=768, bias=True)
            )
            (ln_1): LayerNorm((768,), eps=1e-05, elementwise_affine=True)
            (mlp): Sequential(
              (c_fc): Linear(in_features=768, out_features=3072, bias=True)
              (gelu): QuickGELU()
              (c_proj): Linear(in_features=3072, out_features=768, bias=True)
            )
            (ln_2): LayerNorm((768,), eps=1e-05, elementwise_affine=True)
          )
          (3): ResidualAttentionBlock(
            (attn): MultiheadAttention(
              (out_proj): NonDynamicallyQuantizableLinear(in_features=768, out_features=768, bias=True)
            )
            (ln_1): LayerNorm((768,), eps=1e-05, elementwise_affine=True)
            (mlp): Sequential(
              (c_fc): Linear(in_features=768, out_features=3072, bias=True)
              (gelu): QuickGELU()
              (c_proj): Linear(in_features=3072, out_features=768, bias=True)
            )
            (ln_2): LayerNorm((768,), eps=1e-05, elementwise_affine=True)
          )
          (4): ResidualAttentionBlock(
            (attn): MultiheadAttention(
              (out_proj): NonDynamicallyQuantizableLinear(in_features=768, out_features=768, bias=True)
            )
            (ln_1): LayerNorm((768,), eps=1e-05, elementwise_affine=True)
            (mlp): Sequential(
              (c_fc): Linear(in_features=768, out_features=3072, bias=True)
              (gelu): QuickGELU()
              (c_proj): Linear(in_features=3072, out_features=768, bias=True)
            )
            (ln_2): LayerNorm((768,), eps=1e-05, elementwise_affine=True)
          )
          (5): ResidualAttentionBlock(
            (attn): MultiheadAttention(
              (out_proj): NonDynamicallyQuantizableLinear(in_features=768, out_features=768, bias=True)
            )
            (ln_1): LayerNorm((768,), eps=1e-05, elementwise_affine=True)
            (mlp): Sequential(
              (c_fc): Linear(in_features=768, out_features=3072, bias=True)
              (gelu): QuickGELU()
              (c_proj): Linear(in_features=3072, out_features=768, bias=True)
            )
            (ln_2): LayerNorm((768,), eps=1e-05, elementwise_affine=True)
          )
          (6): ResidualAttentionBlock(
            (attn): MultiheadAttention(
              (out_proj): NonDynamicallyQuantizableLinear(in_features=768, out_features=768, bias=True)
            )
            (ln_1): LayerNorm((768,), eps=1e-05, elementwise_affine=True)
            (mlp): Sequential(
              (c_fc): Linear(in_features=768, out_features=3072, bias=True)
              (gelu): QuickGELU()
              (c_proj): Linear(in_features=3072, out_features=768, bias=True)
            )
            (ln_2): LayerNorm((768,), eps=1e-05, elementwise_affine=True)
          )
          (7): ResidualAttentionBlock(
            (attn): MultiheadAttention(
              (out_proj): NonDynamicallyQuantizableLinear(in_features=768, out_features=768, bias=True)
            )
            (ln_1): LayerNorm((768,), eps=1e-05, elementwise_affine=True)
            (mlp): Sequential(
              (c_fc): Linear(in_features=768, out_features=3072, bias=True)
              (gelu): QuickGELU()
              (c_proj): Linear(in_features=3072, out_features=768, bias=True)
            )
            (ln_2): LayerNorm((768,), eps=1e-05, elementwise_affine=True)
          )
          (8): ResidualAttentionBlock(
            (attn): MultiheadAttention(
              (out_proj): NonDynamicallyQuantizableLinear(in_features=768, out_features=768, bias=True)
            )
            (ln_1): LayerNorm((768,), eps=1e-05, elementwise_affine=True)
            (mlp): Sequential(
              (c_fc): Linear(in_features=768, out_features=3072, bias=True)
              (gelu): QuickGELU()
              (c_proj): Linear(in_features=3072, out_features=768, bias=True)
            )
            (ln_2): LayerNorm((768,), eps=1e-05, elementwise_affine=True)
          )
          (9): ResidualAttentionBlock(
            (attn): MultiheadAttention(
              (out_proj): NonDynamicallyQuantizableLinear(in_features=768, out_features=768, bias=True)
            )
            (ln_1): LayerNorm((768,), eps=1e-05, elementwise_affine=True)
            (mlp): Sequential(
              (c_fc): Linear(in_features=768, out_features=3072, bias=True)
              (gelu): QuickGELU()
              (c_proj): Linear(in_features=3072, out_features=768, bias=True)
            )
            (ln_2): LayerNorm((768,), eps=1e-05, elementwise_affine=True)
          )
          (10): ResidualAttentionBlock(
            (attn): MultiheadAttention(
              (out_proj): NonDynamicallyQuantizableLinear(in_features=768, out_features=768, bias=True)
            )
            (ln_1): LayerNorm((768,), eps=1e-05, elementwise_affine=True)
            (mlp): Sequential(
              (c_fc): Linear(in_features=768, out_features=3072, bias=True)
              (gelu): QuickGELU()
              (c_proj): Linear(in_features=3072, out_features=768, bias=True)
            )
            (ln_2): LayerNorm((768,), eps=1e-05, elementwise_affine=True)
          )
          (11): ResidualAttentionBlock(
            (attn): MultiheadAttention(
              (out_proj): NonDynamicallyQuantizableLinear(in_features=768, out_features=768, bias=True)
            )
            (ln_1): LayerNorm((768,), eps=1e-05, elementwise_affine=True)
            (mlp): Sequential(
              (c_fc): Linear(in_features=768, out_features=3072, bias=True)
              (gelu): QuickGELU()
              (c_proj): Linear(in_features=3072, out_features=768, bias=True)
            )
            (ln_2): LayerNorm((768,), eps=1e-05, elementwise_affine=True)
          )
        )
      )
      (ln_post): LayerNorm((768,), eps=1e-05, elementwise_affine=True)
    )
  )
  (pool): AdaptiveAvgPool1d(output_size=1)
  (rgb_reduce): Sequential(
    (0): LayerNorm((1024,), eps=1e-05, elementwise_affine=True)
    (1): Linear(in_features=1024, out_features=512, bias=True)
    (2): QuickGELU()
  )
  (nir_reduce): Sequential(
    (0): LayerNorm((1024,), eps=1e-05, elementwise_affine=True)
    (1): Linear(in_features=1024, out_features=512, bias=True)
    (2): QuickGELU()
  )
  (tir_reduce): Sequential(
    (0): LayerNorm((1024,), eps=1e-05, elementwise_affine=True)
    (1): Linear(in_features=1024, out_features=512, bias=True)
    (2): QuickGELU()
  )
  (dgaf): DualGatedAdaptiveFusionV3(
    (attn_pool): MultiheadAttention(
      (out_proj): NonDynamicallyQuantizableLinear(in_features=512, out_features=512, bias=True)
    )
    (attn_norm): LayerNorm((512,), eps=1e-05, elementwise_affine=True)
    (entropy_proj): Linear(in_features=512, out_features=512, bias=True)
    (gate_net): Sequential(
      (0): Linear(in_features=1536, out_features=512, bias=True)
      (1): LayerNorm((512,), eps=1e-05, elementwise_affine=True)
      (2): ReLU(inplace=True)
      (3): Linear(in_features=512, out_features=3, bias=True)
      (4): Sigmoid()
    )
    (modal_enhance): Sequential(
      (0): Linear(in_features=512, out_features=512, bias=True)
      (1): LayerNorm((512,), eps=1e-05, elementwise_affine=True)
    )
  )
  (classifier_dgaf): Linear(in_features=1536, out_features=50, bias=False)
  (bottleneck_dgaf): BatchNorm1d(1536, eps=1e-05, momentum=0.1, affine=True, track_running_stats=True)
  (classifier): Linear(in_features=1536, out_features=50, bias=False)
  (bottleneck): BatchNorm1d(1536, eps=1e-05, momentum=0.1, affine=True, track_running_stats=True)
)
2025-12-07 15:29:35,223 DeMo INFO: number of parameters:90.252804
/home/yij/miniconda3/envs/DeMo/lib/python3.8/site-packages/timm/models/helpers.py:7: FutureWarning: Importing from timm.models.helpers is deprecated, please import via timm.models
  warnings.warn(f"Importing from {__name__} is deprecated, please import via timm.models", FutureWarning)
/home/yij/miniconda3/envs/DeMo/lib/python3.8/site-packages/timm/models/registry.py:4: FutureWarning: Importing from timm.models.registry is deprecated, please import via timm.models
  warnings.warn(f"Importing from {__name__} is deprecated, please import via timm.models", FutureWarning)
/home/yij/miniconda3/envs/DeMo/lib/python3.8/site-packages/timm/models/layers/__init__.py:48: FutureWarning: Importing from timm.models.layers is deprecated, please import via timm.layers
  warnings.warn(f"Importing from {__name__} is deprecated, please import via timm.layers", FutureWarning)
/raid/yij/icme/demo2new/DeMo2/modeling/clip/clip.py:23: UserWarning: PyTorch version 1.7.1 or higher is recommended
  warnings.warn("PyTorch version 1.7.1 or higher is recommended")
/home/yij/miniconda3/envs/DeMo/lib/python3.8/site-packages/torchvision/transforms/transforms.py:329: UserWarning: Argument 'interpolation' of type int is deprecated since 0.13 and will be removed in 0.15. Please use InterpolationMode enum.
  warnings.warn(
Unsupported operator aten::log encountered 3 time(s)
The following submodules of the model were never called during the trace of the graph. They may be unused, or they were accessed by direct calls to .forward() or via other python methods. In the latter case they will have zeros for statistics, though their statistics will still contribute to their parent calling module.
BACKBONE.base.transformer.resblocks.0.attn.out_proj, BACKBONE.base.transformer.resblocks.1.attn.out_proj, BACKBONE.base.transformer.resblocks.10.attn.out_proj, BACKBONE.base.transformer.resblocks.11.attn.out_proj, BACKBONE.base.transformer.resblocks.2.attn.out_proj, BACKBONE.base.transformer.resblocks.3.attn.out_proj, BACKBONE.base.transformer.resblocks.4.attn.out_proj, BACKBONE.base.transformer.resblocks.5.attn.out_proj, BACKBONE.base.transformer.resblocks.6.attn.out_proj, BACKBONE.base.transformer.resblocks.7.attn.out_proj, BACKBONE.base.transformer.resblocks.8.attn.out_proj, BACKBONE.base.transformer.resblocks.9.attn.out_proj, bottleneck, bottleneck_dgaf, classifier, classifier_dgaf, dgaf.attn_pool.out_proj
~~~~~~~~~~~~~~~~~~~~~~~~~~~~~~~~~~~~~~~~~~~~~~~~~~~~~~~~~~~~~~~~~~~~~~~~~~~~~~~~~~~~~~~~~~~~~~~~
The out_proj here is called by the nn.MultiheadAttention, which has been calculated in th .forward(), so just ignore it.
~~~~~~~~~~~~~~~~~~~~~~~~~~~~~~~~~~~~~~~~~~~~~~~~~~~~~~~~~~~~~~~~~~~~~~~~~~~~~~~~~~~~~~~~~~~~~~~~
For the bottleneck or classifier, it is not calculated during inference, so just ignore it.
~~~~~~~~~~~~~~~~~~~~~~~~~~~~~~~~~~~~~~~~~~~~~~~~~~~~~~~~~~~~~~~~~~~~~~~~~~~~~~~~~~~~~~~~~~~~~~~~
2025-12-07 15:29:38,182 DeMo INFO: number of GFLOPs: 34.48233837099999
using soft triplet loss for training
label smooth on, numclasses: 50
2025-12-07 15:29:38,192 DeMo.train INFO: start training
2025-12-07 15:29:47,452 DeMo.train INFO: Epoch[1] Iteration[10/65] Loss: 9.035, Acc: 0.022, Base Lr: 9.80e-05
2025-12-07 15:29:51,972 DeMo.train INFO: Epoch[1] Iteration[20/65] Loss: 6.613, Acc: 0.055, Base Lr: 9.80e-05
2025-12-07 15:29:56,503 DeMo.train INFO: Epoch[1] Iteration[30/65] Loss: 5.665, Acc: 0.139, Base Lr: 9.80e-05
2025-12-07 15:30:01,050 DeMo.train INFO: Epoch[1] Iteration[40/65] Loss: 5.143, Acc: 0.241, Base Lr: 9.80e-05
2025-12-07 15:30:05,588 DeMo.train INFO: Epoch[1] Iteration[50/65] Loss: 4.818, Acc: 0.299, Base Lr: 9.80e-05
2025-12-07 15:30:10,174 DeMo.train INFO: Epoch[1] Iteration[60/65] Loss: 4.574, Acc: 0.352, Base Lr: 9.80e-05
2025-12-07 15:30:11,682 DeMo.train INFO: Epoch 1 done. Time per batch: 0.532[s] Speed: 240.8[samples/s]
2025-12-07 15:30:11,683 DeMo.train INFO: ~~~~~~~~~~~~~~~~~~~~~~~~~~~~~~~~~~~~~~~~~~~~~~~~~~
2025-12-07 15:30:11,683 DeMo.train INFO: Current is the [moe,ori] feature testing!
2025-12-07 15:30:11,683 DeMo.train INFO: ~~~~~~~~~~~~~~~~~~~~~~~~~~~~~~~~~~~~~~~~~~~~~~~~~~
The test feature is normalized
=> Computing DistMat with euclidean_distance
2025-12-07 15:30:37,587 DeMo.train INFO: Validation Results - Epoch: 1
2025-12-07 15:30:37,587 DeMo.train INFO: mAP: 61.2%
2025-12-07 15:30:37,588 DeMo.train INFO: CMC curve, Rank-1  :84.3%
2025-12-07 15:30:37,589 DeMo.train INFO: CMC curve, Rank-5  :88.0%
2025-12-07 15:30:37,589 DeMo.train INFO: CMC curve, Rank-10 :89.7%
2025-12-07 15:30:37,590 DeMo.train INFO: ~~~~~~~~~~~~~~~~~~~~~~~~~~~~~~~~~~~~~~~~~~~~~~~~~~
2025-12-07 15:31:06,872 DeMo.train INFO: ~~~~~~~~~~~~~~~~~~~~~~~~~~~~~~~~~~~~~~~~~~~~~~~~~~
2025-12-07 15:31:06,876 DeMo.train INFO: Best mAP: 61.2%
2025-12-07 15:31:06,876 DeMo.train INFO: Best Rank-1: 84.3%
2025-12-07 15:31:06,876 DeMo.train INFO: Best Rank-5: 88.0%
2025-12-07 15:31:06,876 DeMo.train INFO: Best Rank-10: 89.7%
2025-12-07 15:31:06,876 DeMo.train INFO: ~~~~~~~~~~~~~~~~~~~~~~~~~~~~~~~~~~~~~~~~~~~~~~~~~~
2025-12-07 15:31:14,148 DeMo.train INFO: Epoch[2] Iteration[10/65] Loss: 2.940, Acc: 0.551, Base Lr: 1.61e-04
2025-12-07 15:31:18,768 DeMo.train INFO: Epoch[2] Iteration[20/65] Loss: 2.682, Acc: 0.564, Base Lr: 1.61e-04
2025-12-07 15:31:23,366 DeMo.train INFO: Epoch[2] Iteration[30/65] Loss: 2.421, Acc: 0.578, Base Lr: 1.61e-04
2025-12-07 15:31:27,938 DeMo.train INFO: Epoch[2] Iteration[40/65] Loss: 2.321, Acc: 0.616, Base Lr: 1.61e-04
2025-12-07 15:31:32,455 DeMo.train INFO: Epoch[2] Iteration[50/65] Loss: 2.197, Acc: 0.603, Base Lr: 1.61e-04
2025-12-07 15:31:37,056 DeMo.train INFO: Epoch[2] Iteration[60/65] Loss: 2.043, Acc: 0.618, Base Lr: 1.61e-04
2025-12-07 15:31:38,601 DeMo.train INFO: Epoch 2 done. Time per batch: 0.504[s] Speed: 254.2[samples/s]
2025-12-07 15:31:38,607 DeMo.train INFO: ~~~~~~~~~~~~~~~~~~~~~~~~~~~~~~~~~~~~~~~~~~~~~~~~~~
2025-12-07 15:31:38,607 DeMo.train INFO: Current is the [moe,ori] feature testing!
2025-12-07 15:31:38,608 DeMo.train INFO: ~~~~~~~~~~~~~~~~~~~~~~~~~~~~~~~~~~~~~~~~~~~~~~~~~~
The test feature is normalized
=> Computing DistMat with euclidean_distance
2025-12-07 15:32:06,024 DeMo.train INFO: Validation Results - Epoch: 2
2025-12-07 15:32:06,025 DeMo.train INFO: mAP: 71.9%
2025-12-07 15:32:06,028 DeMo.train INFO: CMC curve, Rank-1  :87.8%
2025-12-07 15:32:06,029 DeMo.train INFO: CMC curve, Rank-5  :89.8%
2025-12-07 15:32:06,029 DeMo.train INFO: CMC curve, Rank-10 :91.4%
2025-12-07 15:32:06,031 DeMo.train INFO: ~~~~~~~~~~~~~~~~~~~~~~~~~~~~~~~~~~~~~~~~~~~~~~~~~~
2025-12-07 15:32:53,366 DeMo.train INFO: ~~~~~~~~~~~~~~~~~~~~~~~~~~~~~~~~~~~~~~~~~~~~~~~~~~
2025-12-07 15:32:53,367 DeMo.train INFO: Best mAP: 71.9%
2025-12-07 15:32:53,368 DeMo.train INFO: Best Rank-1: 87.8%
2025-12-07 15:32:53,369 DeMo.train INFO: Best Rank-5: 89.8%
2025-12-07 15:32:53,370 DeMo.train INFO: Best Rank-10: 91.4%
2025-12-07 15:32:53,370 DeMo.train INFO: ~~~~~~~~~~~~~~~~~~~~~~~~~~~~~~~~~~~~~~~~~~~~~~~~~~
2025-12-07 15:33:00,326 DeMo.train INFO: Epoch[3] Iteration[10/65] Loss: 1.192, Acc: 0.779, Base Lr: 2.24e-04
2025-12-07 15:33:04,991 DeMo.train INFO: Epoch[3] Iteration[20/65] Loss: 1.035, Acc: 0.838, Base Lr: 2.24e-04
2025-12-07 15:33:09,503 DeMo.train INFO: Epoch[3] Iteration[30/65] Loss: 1.011, Acc: 0.840, Base Lr: 2.24e-04
2025-12-07 15:33:14,023 DeMo.train INFO: Epoch[3] Iteration[40/65] Loss: 0.959, Acc: 0.870, Base Lr: 2.24e-04
2025-12-07 15:33:18,538 DeMo.train INFO: Epoch[3] Iteration[50/65] Loss: 0.904, Acc: 0.883, Base Lr: 2.24e-04
2025-12-07 15:33:23,043 DeMo.train INFO: Epoch[3] Iteration[60/65] Loss: 0.868, Acc: 0.899, Base Lr: 2.24e-04
2025-12-07 15:33:24,099 DeMo.train INFO: Epoch 3 done. Time per batch: 0.496[s] Speed: 258.3[samples/s]
2025-12-07 15:33:24,105 DeMo.train INFO: ~~~~~~~~~~~~~~~~~~~~~~~~~~~~~~~~~~~~~~~~~~~~~~~~~~
2025-12-07 15:33:24,105 DeMo.train INFO: Current is the [moe,ori] feature testing!
2025-12-07 15:33:24,105 DeMo.train INFO: ~~~~~~~~~~~~~~~~~~~~~~~~~~~~~~~~~~~~~~~~~~~~~~~~~~
The test feature is normalized
=> Computing DistMat with euclidean_distance
2025-12-07 15:33:48,789 DeMo.train INFO: Validation Results - Epoch: 3
2025-12-07 15:33:48,792 DeMo.train INFO: mAP: 80.5%
2025-12-07 15:33:48,793 DeMo.train INFO: CMC curve, Rank-1  :93.1%
2025-12-07 15:33:48,795 DeMo.train INFO: CMC curve, Rank-5  :94.5%
2025-12-07 15:33:48,797 DeMo.train INFO: CMC curve, Rank-10 :95.2%
2025-12-07 15:33:48,798 DeMo.train INFO: ~~~~~~~~~~~~~~~~~~~~~~~~~~~~~~~~~~~~~~~~~~~~~~~~~~
2025-12-07 15:34:31,275 DeMo.train INFO: ~~~~~~~~~~~~~~~~~~~~~~~~~~~~~~~~~~~~~~~~~~~~~~~~~~
2025-12-07 15:34:31,277 DeMo.train INFO: Best mAP: 80.5%
2025-12-07 15:34:31,278 DeMo.train INFO: Best Rank-1: 93.1%
2025-12-07 15:34:31,278 DeMo.train INFO: Best Rank-5: 94.5%
2025-12-07 15:34:31,278 DeMo.train INFO: Best Rank-10: 95.2%
2025-12-07 15:34:31,278 DeMo.train INFO: ~~~~~~~~~~~~~~~~~~~~~~~~~~~~~~~~~~~~~~~~~~~~~~~~~~
2025-12-07 15:34:38,317 DeMo.train INFO: Epoch[4] Iteration[10/65] Loss: 0.699, Acc: 0.953, Base Lr: 2.87e-04
2025-12-07 15:34:43,737 DeMo.train INFO: Epoch[4] Iteration[20/65] Loss: 0.607, Acc: 0.969, Base Lr: 2.87e-04
2025-12-07 15:34:48,280 DeMo.train INFO: Epoch[4] Iteration[30/65] Loss: 0.571, Acc: 0.977, Base Lr: 2.87e-04
2025-12-07 15:34:52,854 DeMo.train INFO: Epoch[4] Iteration[40/65] Loss: 0.542, Acc: 0.982, Base Lr: 2.87e-04
2025-12-07 15:34:57,351 DeMo.train INFO: Epoch[4] Iteration[50/65] Loss: 0.526, Acc: 0.985, Base Lr: 2.87e-04
2025-12-07 15:35:01,872 DeMo.train INFO: Epoch[4] Iteration[60/65] Loss: 0.515, Acc: 0.988, Base Lr: 2.87e-04
2025-12-07 15:35:03,404 DeMo.train INFO: Epoch 4 done. Time per batch: 0.510[s] Speed: 251.0[samples/s]
2025-12-07 15:35:03,412 DeMo.train INFO: ~~~~~~~~~~~~~~~~~~~~~~~~~~~~~~~~~~~~~~~~~~~~~~~~~~
2025-12-07 15:35:03,412 DeMo.train INFO: Current is the [moe,ori] feature testing!
2025-12-07 15:35:03,412 DeMo.train INFO: ~~~~~~~~~~~~~~~~~~~~~~~~~~~~~~~~~~~~~~~~~~~~~~~~~~
The test feature is normalized
=> Computing DistMat with euclidean_distance
2025-12-07 15:35:28,653 DeMo.train INFO: Validation Results - Epoch: 4
2025-12-07 15:35:28,654 DeMo.train INFO: mAP: 81.8%
2025-12-07 15:35:28,655 DeMo.train INFO: CMC curve, Rank-1  :93.6%
2025-12-07 15:35:28,655 DeMo.train INFO: CMC curve, Rank-5  :94.8%
2025-12-07 15:35:28,657 DeMo.train INFO: CMC curve, Rank-10 :95.4%
2025-12-07 15:35:28,658 DeMo.train INFO: ~~~~~~~~~~~~~~~~~~~~~~~~~~~~~~~~~~~~~~~~~~~~~~~~~~
2025-12-07 15:35:48,870 DeMo.train INFO: ~~~~~~~~~~~~~~~~~~~~~~~~~~~~~~~~~~~~~~~~~~~~~~~~~~
2025-12-07 15:35:48,873 DeMo.train INFO: Best mAP: 81.8%
2025-12-07 15:35:48,873 DeMo.train INFO: Best Rank-1: 93.6%
2025-12-07 15:35:48,874 DeMo.train INFO: Best Rank-5: 94.8%
2025-12-07 15:35:48,874 DeMo.train INFO: Best Rank-10: 95.4%
2025-12-07 15:35:48,874 DeMo.train INFO: ~~~~~~~~~~~~~~~~~~~~~~~~~~~~~~~~~~~~~~~~~~~~~~~~~~
2025-12-07 15:35:56,466 DeMo.train INFO: Epoch[5] Iteration[10/65] Loss: 0.495, Acc: 0.995, Base Lr: 3.27e-04
2025-12-07 15:36:01,021 DeMo.train INFO: Epoch[5] Iteration[20/65] Loss: 0.479, Acc: 0.997, Base Lr: 3.27e-04
2025-12-07 15:36:05,551 DeMo.train INFO: Epoch[5] Iteration[30/65] Loss: 0.464, Acc: 0.997, Base Lr: 3.27e-04
2025-12-07 15:36:10,119 DeMo.train INFO: Epoch[5] Iteration[40/65] Loss: 0.457, Acc: 0.998, Base Lr: 3.27e-04
2025-12-07 15:36:14,729 DeMo.train INFO: Epoch[5] Iteration[50/65] Loss: 0.451, Acc: 0.998, Base Lr: 3.27e-04
2025-12-07 15:36:19,285 DeMo.train INFO: Epoch[5] Iteration[60/65] Loss: 0.447, Acc: 0.999, Base Lr: 3.27e-04
2025-12-07 15:36:20,817 DeMo.train INFO: Epoch 5 done. Time per batch: 0.507[s] Speed: 252.5[samples/s]
2025-12-07 15:36:20,825 DeMo.train INFO: ~~~~~~~~~~~~~~~~~~~~~~~~~~~~~~~~~~~~~~~~~~~~~~~~~~
2025-12-07 15:36:20,825 DeMo.train INFO: Current is the [moe,ori] feature testing!
2025-12-07 15:36:20,825 DeMo.train INFO: ~~~~~~~~~~~~~~~~~~~~~~~~~~~~~~~~~~~~~~~~~~~~~~~~~~
The test feature is normalized
=> Computing DistMat with euclidean_distance
2025-12-07 15:36:45,567 DeMo.train INFO: Validation Results - Epoch: 5
2025-12-07 15:36:45,569 DeMo.train INFO: mAP: 80.8%
2025-12-07 15:36:45,570 DeMo.train INFO: CMC curve, Rank-1  :94.8%
2025-12-07 15:36:45,571 DeMo.train INFO: CMC curve, Rank-5  :95.6%
2025-12-07 15:36:45,573 DeMo.train INFO: CMC curve, Rank-10 :96.0%
2025-12-07 15:36:45,574 DeMo.train INFO: ~~~~~~~~~~~~~~~~~~~~~~~~~~~~~~~~~~~~~~~~~~~~~~~~~~
2025-12-07 15:36:45,641 DeMo.train INFO: ~~~~~~~~~~~~~~~~~~~~~~~~~~~~~~~~~~~~~~~~~~~~~~~~~~
2025-12-07 15:36:45,643 DeMo.train INFO: Best mAP: 81.8%
2025-12-07 15:36:45,645 DeMo.train INFO: Best Rank-1: 93.6%
2025-12-07 15:36:45,645 DeMo.train INFO: Best Rank-5: 94.8%
2025-12-07 15:36:45,647 DeMo.train INFO: Best Rank-10: 95.4%
2025-12-07 15:36:45,647 DeMo.train INFO: ~~~~~~~~~~~~~~~~~~~~~~~~~~~~~~~~~~~~~~~~~~~~~~~~~~
2025-12-07 15:36:57,108 DeMo.train INFO: Epoch[6] Iteration[10/65] Loss: 0.430, Acc: 0.999, Base Lr: 3.17e-04
2025-12-07 15:37:01,701 DeMo.train INFO: Epoch[6] Iteration[20/65] Loss: 0.420, Acc: 1.000, Base Lr: 3.17e-04
2025-12-07 15:37:06,226 DeMo.train INFO: Epoch[6] Iteration[30/65] Loss: 0.416, Acc: 1.000, Base Lr: 3.17e-04
2025-12-07 15:37:10,795 DeMo.train INFO: Epoch[6] Iteration[40/65] Loss: 0.414, Acc: 1.000, Base Lr: 3.17e-04
2025-12-07 15:37:15,292 DeMo.train INFO: Epoch[6] Iteration[50/65] Loss: 0.412, Acc: 1.000, Base Lr: 3.17e-04
2025-12-07 15:37:19,901 DeMo.train INFO: Epoch[6] Iteration[60/65] Loss: 0.410, Acc: 1.000, Base Lr: 3.17e-04
2025-12-07 15:37:20,978 DeMo.train INFO: Epoch 6 done. Time per batch: 0.570[s] Speed: 224.6[samples/s]
2025-12-07 15:37:20,985 DeMo.train INFO: ~~~~~~~~~~~~~~~~~~~~~~~~~~~~~~~~~~~~~~~~~~~~~~~~~~
2025-12-07 15:37:20,985 DeMo.train INFO: Current is the [moe,ori] feature testing!
2025-12-07 15:37:20,985 DeMo.train INFO: ~~~~~~~~~~~~~~~~~~~~~~~~~~~~~~~~~~~~~~~~~~~~~~~~~~
The test feature is normalized
=> Computing DistMat with euclidean_distance
2025-12-07 15:37:45,285 DeMo.train INFO: Validation Results - Epoch: 6
2025-12-07 15:37:45,285 DeMo.train INFO: mAP: 82.7%
2025-12-07 15:37:45,285 DeMo.train INFO: CMC curve, Rank-1  :94.9%
2025-12-07 15:37:45,285 DeMo.train INFO: CMC curve, Rank-5  :95.6%
2025-12-07 15:37:45,285 DeMo.train INFO: CMC curve, Rank-10 :96.1%
2025-12-07 15:37:45,286 DeMo.train INFO: ~~~~~~~~~~~~~~~~~~~~~~~~~~~~~~~~~~~~~~~~~~~~~~~~~~
2025-12-07 15:38:10,781 DeMo.train INFO: ~~~~~~~~~~~~~~~~~~~~~~~~~~~~~~~~~~~~~~~~~~~~~~~~~~
2025-12-07 15:38:10,782 DeMo.train INFO: Best mAP: 82.7%
2025-12-07 15:38:10,783 DeMo.train INFO: Best Rank-1: 94.9%
2025-12-07 15:38:10,785 DeMo.train INFO: Best Rank-5: 95.6%
2025-12-07 15:38:10,785 DeMo.train INFO: Best Rank-10: 96.1%
2025-12-07 15:38:10,786 DeMo.train INFO: ~~~~~~~~~~~~~~~~~~~~~~~~~~~~~~~~~~~~~~~~~~~~~~~~~~
2025-12-07 15:38:22,396 DeMo.train INFO: Epoch[7] Iteration[10/65] Loss: 0.404, Acc: 1.000, Base Lr: 3.05e-04
2025-12-07 15:38:27,085 DeMo.train INFO: Epoch[7] Iteration[20/65] Loss: 0.403, Acc: 1.000, Base Lr: 3.05e-04
2025-12-07 15:38:31,613 DeMo.train INFO: Epoch[7] Iteration[30/65] Loss: 0.402, Acc: 1.000, Base Lr: 3.05e-04
2025-12-07 15:38:36,188 DeMo.train INFO: Epoch[7] Iteration[40/65] Loss: 0.401, Acc: 1.000, Base Lr: 3.05e-04
2025-12-07 15:38:40,740 DeMo.train INFO: Epoch[7] Iteration[50/65] Loss: 0.400, Acc: 1.000, Base Lr: 3.05e-04
2025-12-07 15:38:45,236 DeMo.train INFO: Epoch[7] Iteration[60/65] Loss: 0.399, Acc: 1.000, Base Lr: 3.05e-04
2025-12-07 15:38:46,286 DeMo.train INFO: Epoch 7 done. Time per batch: 0.573[s] Speed: 223.6[samples/s]
2025-12-07 15:38:46,295 DeMo.train INFO: ~~~~~~~~~~~~~~~~~~~~~~~~~~~~~~~~~~~~~~~~~~~~~~~~~~
2025-12-07 15:38:46,295 DeMo.train INFO: Current is the [moe,ori] feature testing!
2025-12-07 15:38:46,295 DeMo.train INFO: ~~~~~~~~~~~~~~~~~~~~~~~~~~~~~~~~~~~~~~~~~~~~~~~~~~
The test feature is normalized
=> Computing DistMat with euclidean_distance
2025-12-07 15:39:10,626 DeMo.train INFO: Validation Results - Epoch: 7
2025-12-07 15:39:10,627 DeMo.train INFO: mAP: 83.1%
2025-12-07 15:39:10,627 DeMo.train INFO: CMC curve, Rank-1  :94.8%
2025-12-07 15:39:10,627 DeMo.train INFO: CMC curve, Rank-5  :95.5%
2025-12-07 15:39:10,627 DeMo.train INFO: CMC curve, Rank-10 :96.0%
2025-12-07 15:39:10,627 DeMo.train INFO: ~~~~~~~~~~~~~~~~~~~~~~~~~~~~~~~~~~~~~~~~~~~~~~~~~~
2025-12-07 15:39:56,329 DeMo.train INFO: ~~~~~~~~~~~~~~~~~~~~~~~~~~~~~~~~~~~~~~~~~~~~~~~~~~
2025-12-07 15:39:56,330 DeMo.train INFO: Best mAP: 83.1%
2025-12-07 15:39:56,332 DeMo.train INFO: Best Rank-1: 94.8%
2025-12-07 15:39:56,333 DeMo.train INFO: Best Rank-5: 95.5%
2025-12-07 15:39:56,335 DeMo.train INFO: Best Rank-10: 96.0%
2025-12-07 15:39:56,336 DeMo.train INFO: ~~~~~~~~~~~~~~~~~~~~~~~~~~~~~~~~~~~~~~~~~~~~~~~~~~
2025-12-07 15:40:07,015 DeMo.train INFO: Epoch[8] Iteration[10/65] Loss: 0.394, Acc: 1.000, Base Lr: 2.92e-04
2025-12-07 15:40:11,737 DeMo.train INFO: Epoch[8] Iteration[20/65] Loss: 0.394, Acc: 1.000, Base Lr: 2.92e-04
2025-12-07 15:40:16,219 DeMo.train INFO: Epoch[8] Iteration[30/65] Loss: 0.393, Acc: 1.000, Base Lr: 2.92e-04
2025-12-07 15:40:20,770 DeMo.train INFO: Epoch[8] Iteration[40/65] Loss: 0.393, Acc: 1.000, Base Lr: 2.92e-04
2025-12-07 15:40:25,250 DeMo.train INFO: Epoch[8] Iteration[50/65] Loss: 0.392, Acc: 1.000, Base Lr: 2.92e-04
2025-12-07 15:40:29,722 DeMo.train INFO: Epoch[8] Iteration[60/65] Loss: 0.392, Acc: 1.000, Base Lr: 2.92e-04
2025-12-07 15:40:31,225 DeMo.train INFO: Epoch 8 done. Time per batch: 0.554[s] Speed: 231.1[samples/s]
2025-12-07 15:40:31,235 DeMo.train INFO: ~~~~~~~~~~~~~~~~~~~~~~~~~~~~~~~~~~~~~~~~~~~~~~~~~~
2025-12-07 15:40:31,235 DeMo.train INFO: Current is the [moe,ori] feature testing!
2025-12-07 15:40:31,235 DeMo.train INFO: ~~~~~~~~~~~~~~~~~~~~~~~~~~~~~~~~~~~~~~~~~~~~~~~~~~
The test feature is normalized
=> Computing DistMat with euclidean_distance
2025-12-07 15:40:56,039 DeMo.train INFO: Validation Results - Epoch: 8
2025-12-07 15:40:56,040 DeMo.train INFO: mAP: 83.5%
2025-12-07 15:40:56,041 DeMo.train INFO: CMC curve, Rank-1  :94.9%
2025-12-07 15:40:56,041 DeMo.train INFO: CMC curve, Rank-5  :95.7%
2025-12-07 15:40:56,042 DeMo.train INFO: CMC curve, Rank-10 :96.4%
2025-12-07 15:40:56,043 DeMo.train INFO: ~~~~~~~~~~~~~~~~~~~~~~~~~~~~~~~~~~~~~~~~~~~~~~~~~~
2025-12-07 15:41:43,351 DeMo.train INFO: ~~~~~~~~~~~~~~~~~~~~~~~~~~~~~~~~~~~~~~~~~~~~~~~~~~
2025-12-07 15:41:43,354 DeMo.train INFO: Best mAP: 83.5%
2025-12-07 15:41:43,354 DeMo.train INFO: Best Rank-1: 94.9%
2025-12-07 15:41:43,354 DeMo.train INFO: Best Rank-5: 95.7%
2025-12-07 15:41:43,354 DeMo.train INFO: Best Rank-10: 96.4%
2025-12-07 15:41:43,356 DeMo.train INFO: ~~~~~~~~~~~~~~~~~~~~~~~~~~~~~~~~~~~~~~~~~~~~~~~~~~
2025-12-07 15:41:52,906 DeMo.train INFO: Epoch[9] Iteration[10/65] Loss: 0.389, Acc: 1.000, Base Lr: 2.78e-04
2025-12-07 15:41:57,420 DeMo.train INFO: Epoch[9] Iteration[20/65] Loss: 0.389, Acc: 1.000, Base Lr: 2.78e-04
2025-12-07 15:42:01,992 DeMo.train INFO: Epoch[9] Iteration[30/65] Loss: 0.388, Acc: 1.000, Base Lr: 2.78e-04
2025-12-07 15:42:06,503 DeMo.train INFO: Epoch[9] Iteration[40/65] Loss: 0.387, Acc: 1.000, Base Lr: 2.78e-04
2025-12-07 15:42:10,992 DeMo.train INFO: Epoch[9] Iteration[50/65] Loss: 0.387, Acc: 1.000, Base Lr: 2.78e-04
2025-12-07 15:42:15,504 DeMo.train INFO: Epoch[9] Iteration[60/65] Loss: 0.386, Acc: 1.000, Base Lr: 2.78e-04
2025-12-07 15:42:17,014 DeMo.train INFO: Epoch 9 done. Time per batch: 0.534[s] Speed: 239.6[samples/s]
2025-12-07 15:42:17,021 DeMo.train INFO: ~~~~~~~~~~~~~~~~~~~~~~~~~~~~~~~~~~~~~~~~~~~~~~~~~~
2025-12-07 15:42:17,022 DeMo.train INFO: Current is the [moe,ori] feature testing!
2025-12-07 15:42:17,023 DeMo.train INFO: ~~~~~~~~~~~~~~~~~~~~~~~~~~~~~~~~~~~~~~~~~~~~~~~~~~
The test feature is normalized
=> Computing DistMat with euclidean_distance
2025-12-07 15:42:44,344 DeMo.train INFO: Validation Results - Epoch: 9
2025-12-07 15:42:44,346 DeMo.train INFO: mAP: 83.7%
2025-12-07 15:42:44,347 DeMo.train INFO: CMC curve, Rank-1  :95.0%
2025-12-07 15:42:44,347 DeMo.train INFO: CMC curve, Rank-5  :95.9%
2025-12-07 15:42:44,348 DeMo.train INFO: CMC curve, Rank-10 :96.4%
2025-12-07 15:42:44,348 DeMo.train INFO: ~~~~~~~~~~~~~~~~~~~~~~~~~~~~~~~~~~~~~~~~~~~~~~~~~~
2025-12-07 15:43:15,144 DeMo.train INFO: ~~~~~~~~~~~~~~~~~~~~~~~~~~~~~~~~~~~~~~~~~~~~~~~~~~
2025-12-07 15:43:15,148 DeMo.train INFO: Best mAP: 83.7%
2025-12-07 15:43:15,148 DeMo.train INFO: Best Rank-1: 95.0%
2025-12-07 15:43:15,148 DeMo.train INFO: Best Rank-5: 95.9%
2025-12-07 15:43:15,148 DeMo.train INFO: Best Rank-10: 96.4%
2025-12-07 15:43:15,148 DeMo.train INFO: ~~~~~~~~~~~~~~~~~~~~~~~~~~~~~~~~~~~~~~~~~~~~~~~~~~
2025-12-07 15:43:22,020 DeMo.train INFO: Epoch[10] Iteration[10/65] Loss: 0.386, Acc: 1.000, Base Lr: 2.63e-04
2025-12-07 15:43:26,871 DeMo.train INFO: Epoch[10] Iteration[20/65] Loss: 0.386, Acc: 1.000, Base Lr: 2.63e-04
2025-12-07 15:43:31,408 DeMo.train INFO: Epoch[10] Iteration[30/65] Loss: 0.385, Acc: 1.000, Base Lr: 2.63e-04
2025-12-07 15:43:35,930 DeMo.train INFO: Epoch[10] Iteration[40/65] Loss: 0.384, Acc: 1.000, Base Lr: 2.63e-04
2025-12-07 15:43:40,481 DeMo.train INFO: Epoch[10] Iteration[50/65] Loss: 0.383, Acc: 1.000, Base Lr: 2.63e-04
2025-12-07 15:43:44,994 DeMo.train INFO: Epoch[10] Iteration[60/65] Loss: 0.383, Acc: 1.000, Base Lr: 2.63e-04
2025-12-07 15:43:46,059 DeMo.train INFO: Epoch 10 done. Time per batch: 0.499[s] Speed: 256.7[samples/s]
2025-12-07 15:43:46,066 DeMo.train INFO: ~~~~~~~~~~~~~~~~~~~~~~~~~~~~~~~~~~~~~~~~~~~~~~~~~~
2025-12-07 15:43:46,067 DeMo.train INFO: Current is the [moe,ori] feature testing!
2025-12-07 15:43:46,067 DeMo.train INFO: ~~~~~~~~~~~~~~~~~~~~~~~~~~~~~~~~~~~~~~~~~~~~~~~~~~
The test feature is normalized
=> Computing DistMat with euclidean_distance
2025-12-07 15:44:12,440 DeMo.train INFO: Validation Results - Epoch: 10
2025-12-07 15:44:12,441 DeMo.train INFO: mAP: 83.7%
2025-12-07 15:44:12,441 DeMo.train INFO: CMC curve, Rank-1  :94.9%
2025-12-07 15:44:12,442 DeMo.train INFO: CMC curve, Rank-5  :95.7%
2025-12-07 15:44:12,443 DeMo.train INFO: CMC curve, Rank-10 :96.4%
2025-12-07 15:44:12,444 DeMo.train INFO: ~~~~~~~~~~~~~~~~~~~~~~~~~~~~~~~~~~~~~~~~~~~~~~~~~~
2025-12-07 15:44:12,908 DeMo.train INFO: ~~~~~~~~~~~~~~~~~~~~~~~~~~~~~~~~~~~~~~~~~~~~~~~~~~
2025-12-07 15:44:12,908 DeMo.train INFO: Best mAP: 83.7%
2025-12-07 15:44:12,910 DeMo.train INFO: Best Rank-1: 95.0%
2025-12-07 15:44:12,910 DeMo.train INFO: Best Rank-5: 95.9%
2025-12-07 15:44:12,910 DeMo.train INFO: Best Rank-10: 96.4%
2025-12-07 15:44:12,911 DeMo.train INFO: ~~~~~~~~~~~~~~~~~~~~~~~~~~~~~~~~~~~~~~~~~~~~~~~~~~
2025-12-07 15:44:22,466 DeMo.train INFO: Epoch[11] Iteration[10/65] Loss: 0.381, Acc: 1.000, Base Lr: 2.46e-04
2025-12-07 15:44:26,975 DeMo.train INFO: Epoch[11] Iteration[20/65] Loss: 0.383, Acc: 1.000, Base Lr: 2.46e-04
2025-12-07 15:44:31,494 DeMo.train INFO: Epoch[11] Iteration[30/65] Loss: 0.383, Acc: 1.000, Base Lr: 2.46e-04
2025-12-07 15:44:36,065 DeMo.train INFO: Epoch[11] Iteration[40/65] Loss: 0.382, Acc: 1.000, Base Lr: 2.46e-04
2025-12-07 15:44:40,607 DeMo.train INFO: Epoch[11] Iteration[50/65] Loss: 0.382, Acc: 1.000, Base Lr: 2.46e-04
2025-12-07 15:44:45,135 DeMo.train INFO: Epoch[11] Iteration[60/65] Loss: 0.382, Acc: 1.000, Base Lr: 2.46e-04
2025-12-07 15:44:46,810 DeMo.train INFO: Epoch 11 done. Time per batch: 0.538[s] Speed: 237.9[samples/s]
2025-12-07 15:44:46,819 DeMo.train INFO: ~~~~~~~~~~~~~~~~~~~~~~~~~~~~~~~~~~~~~~~~~~~~~~~~~~
2025-12-07 15:44:46,819 DeMo.train INFO: Current is the [moe,ori] feature testing!
2025-12-07 15:44:46,819 DeMo.train INFO: ~~~~~~~~~~~~~~~~~~~~~~~~~~~~~~~~~~~~~~~~~~~~~~~~~~
The test feature is normalized
=> Computing DistMat with euclidean_distance
2025-12-07 15:45:10,937 DeMo.train INFO: Validation Results - Epoch: 11
2025-12-07 15:45:10,938 DeMo.train INFO: mAP: 83.9%
2025-12-07 15:45:10,938 DeMo.train INFO: CMC curve, Rank-1  :94.9%
2025-12-07 15:45:10,938 DeMo.train INFO: CMC curve, Rank-5  :95.8%
2025-12-07 15:45:10,938 DeMo.train INFO: CMC curve, Rank-10 :96.3%
2025-12-07 15:45:10,938 DeMo.train INFO: ~~~~~~~~~~~~~~~~~~~~~~~~~~~~~~~~~~~~~~~~~~~~~~~~~~
2025-12-07 15:45:28,932 DeMo.train INFO: ~~~~~~~~~~~~~~~~~~~~~~~~~~~~~~~~~~~~~~~~~~~~~~~~~~
2025-12-07 15:45:28,935 DeMo.train INFO: Best mAP: 83.9%
2025-12-07 15:45:28,935 DeMo.train INFO: Best Rank-1: 94.9%
2025-12-07 15:45:28,936 DeMo.train INFO: Best Rank-5: 95.8%
2025-12-07 15:45:28,936 DeMo.train INFO: Best Rank-10: 96.3%
2025-12-07 15:45:28,936 DeMo.train INFO: ~~~~~~~~~~~~~~~~~~~~~~~~~~~~~~~~~~~~~~~~~~~~~~~~~~
2025-12-07 15:45:36,151 DeMo.train INFO: Epoch[12] Iteration[10/65] Loss: 0.380, Acc: 1.000, Base Lr: 2.29e-04
2025-12-07 15:45:40,692 DeMo.train INFO: Epoch[12] Iteration[20/65] Loss: 0.380, Acc: 1.000, Base Lr: 2.29e-04
2025-12-07 15:45:45,218 DeMo.train INFO: Epoch[12] Iteration[30/65] Loss: 0.380, Acc: 1.000, Base Lr: 2.29e-04
2025-12-07 15:45:49,818 DeMo.train INFO: Epoch[12] Iteration[40/65] Loss: 0.379, Acc: 1.000, Base Lr: 2.29e-04
2025-12-07 15:45:54,465 DeMo.train INFO: Epoch[12] Iteration[50/65] Loss: 0.379, Acc: 1.000, Base Lr: 2.29e-04
2025-12-07 15:45:59,005 DeMo.train INFO: Epoch[12] Iteration[60/65] Loss: 0.379, Acc: 1.000, Base Lr: 2.29e-04
2025-12-07 15:46:00,521 DeMo.train INFO: Epoch 12 done. Time per batch: 0.501[s] Speed: 255.3[samples/s]
2025-12-07 15:46:00,530 DeMo.train INFO: ~~~~~~~~~~~~~~~~~~~~~~~~~~~~~~~~~~~~~~~~~~~~~~~~~~
2025-12-07 15:46:00,530 DeMo.train INFO: Current is the [moe,ori] feature testing!
2025-12-07 15:46:00,530 DeMo.train INFO: ~~~~~~~~~~~~~~~~~~~~~~~~~~~~~~~~~~~~~~~~~~~~~~~~~~
The test feature is normalized
=> Computing DistMat with euclidean_distance
2025-12-07 15:46:28,468 DeMo.train INFO: Validation Results - Epoch: 12
2025-12-07 15:46:28,468 DeMo.train INFO: mAP: 83.9%
2025-12-07 15:46:28,468 DeMo.train INFO: CMC curve, Rank-1  :95.1%
2025-12-07 15:46:28,469 DeMo.train INFO: CMC curve, Rank-5  :95.9%
2025-12-07 15:46:28,469 DeMo.train INFO: CMC curve, Rank-10 :96.3%
2025-12-07 15:46:28,469 DeMo.train INFO: ~~~~~~~~~~~~~~~~~~~~~~~~~~~~~~~~~~~~~~~~~~~~~~~~~~
2025-12-07 15:46:54,669 DeMo.train INFO: ~~~~~~~~~~~~~~~~~~~~~~~~~~~~~~~~~~~~~~~~~~~~~~~~~~
2025-12-07 15:46:54,670 DeMo.train INFO: Best mAP: 83.9%
2025-12-07 15:46:54,672 DeMo.train INFO: Best Rank-1: 95.1%
2025-12-07 15:46:54,672 DeMo.train INFO: Best Rank-5: 95.9%
2025-12-07 15:46:54,673 DeMo.train INFO: Best Rank-10: 96.3%
2025-12-07 15:46:54,674 DeMo.train INFO: ~~~~~~~~~~~~~~~~~~~~~~~~~~~~~~~~~~~~~~~~~~~~~~~~~~
2025-12-07 15:47:05,223 DeMo.train INFO: Epoch[13] Iteration[10/65] Loss: 0.380, Acc: 1.000, Base Lr: 2.12e-04
2025-12-07 15:47:09,810 DeMo.train INFO: Epoch[13] Iteration[20/65] Loss: 0.379, Acc: 1.000, Base Lr: 2.12e-04
2025-12-07 15:47:14,362 DeMo.train INFO: Epoch[13] Iteration[30/65] Loss: 0.379, Acc: 1.000, Base Lr: 2.12e-04
2025-12-07 15:47:18,897 DeMo.train INFO: Epoch[13] Iteration[40/65] Loss: 0.378, Acc: 1.000, Base Lr: 2.12e-04
2025-12-07 15:47:23,425 DeMo.train INFO: Epoch[13] Iteration[50/65] Loss: 0.378, Acc: 1.000, Base Lr: 2.12e-04
2025-12-07 15:47:27,911 DeMo.train INFO: Epoch[13] Iteration[60/65] Loss: 0.378, Acc: 1.000, Base Lr: 2.12e-04
2025-12-07 15:47:29,416 DeMo.train INFO: Epoch 13 done. Time per batch: 0.551[s] Speed: 232.1[samples/s]
2025-12-07 15:47:29,425 DeMo.train INFO: ~~~~~~~~~~~~~~~~~~~~~~~~~~~~~~~~~~~~~~~~~~~~~~~~~~
2025-12-07 15:47:29,425 DeMo.train INFO: Current is the [moe,ori] feature testing!
2025-12-07 15:47:29,425 DeMo.train INFO: ~~~~~~~~~~~~~~~~~~~~~~~~~~~~~~~~~~~~~~~~~~~~~~~~~~
The test feature is normalized
=> Computing DistMat with euclidean_distance
2025-12-07 15:47:52,924 DeMo.train INFO: Validation Results - Epoch: 13
2025-12-07 15:47:52,925 DeMo.train INFO: mAP: 84.0%
2025-12-07 15:47:52,925 DeMo.train INFO: CMC curve, Rank-1  :95.0%
2025-12-07 15:47:52,926 DeMo.train INFO: CMC curve, Rank-5  :95.7%
2025-12-07 15:47:52,927 DeMo.train INFO: CMC curve, Rank-10 :96.3%
2025-12-07 15:47:52,928 DeMo.train INFO: ~~~~~~~~~~~~~~~~~~~~~~~~~~~~~~~~~~~~~~~~~~~~~~~~~~
2025-12-07 15:48:18,112 DeMo.train INFO: ~~~~~~~~~~~~~~~~~~~~~~~~~~~~~~~~~~~~~~~~~~~~~~~~~~
2025-12-07 15:48:18,116 DeMo.train INFO: Best mAP: 84.0%
2025-12-07 15:48:18,116 DeMo.train INFO: Best Rank-1: 95.0%
2025-12-07 15:48:18,116 DeMo.train INFO: Best Rank-5: 95.7%
2025-12-07 15:48:18,116 DeMo.train INFO: Best Rank-10: 96.3%
2025-12-07 15:48:18,116 DeMo.train INFO: ~~~~~~~~~~~~~~~~~~~~~~~~~~~~~~~~~~~~~~~~~~~~~~~~~~
2025-12-07 15:48:25,393 DeMo.train INFO: Epoch[14] Iteration[10/65] Loss: 0.379, Acc: 1.000, Base Lr: 1.93e-04
2025-12-07 15:48:29,926 DeMo.train INFO: Epoch[14] Iteration[20/65] Loss: 0.379, Acc: 1.000, Base Lr: 1.93e-04
2025-12-07 15:48:34,489 DeMo.train INFO: Epoch[14] Iteration[30/65] Loss: 0.378, Acc: 1.000, Base Lr: 1.93e-04
2025-12-07 15:48:39,053 DeMo.train INFO: Epoch[14] Iteration[40/65] Loss: 0.378, Acc: 1.000, Base Lr: 1.93e-04
2025-12-07 15:48:43,609 DeMo.train INFO: Epoch[14] Iteration[50/65] Loss: 0.378, Acc: 1.000, Base Lr: 1.93e-04
2025-12-07 15:48:48,171 DeMo.train INFO: Epoch[14] Iteration[60/65] Loss: 0.378, Acc: 1.000, Base Lr: 1.93e-04
2025-12-07 15:48:49,668 DeMo.train INFO: Epoch 14 done. Time per batch: 0.501[s] Speed: 255.6[samples/s]
2025-12-07 15:48:49,674 DeMo.train INFO: ~~~~~~~~~~~~~~~~~~~~~~~~~~~~~~~~~~~~~~~~~~~~~~~~~~
2025-12-07 15:48:49,674 DeMo.train INFO: Current is the [moe,ori] feature testing!
2025-12-07 15:48:49,674 DeMo.train INFO: ~~~~~~~~~~~~~~~~~~~~~~~~~~~~~~~~~~~~~~~~~~~~~~~~~~
The test feature is normalized
=> Computing DistMat with euclidean_distance
2025-12-07 15:49:15,088 DeMo.train INFO: Validation Results - Epoch: 14
2025-12-07 15:49:15,089 DeMo.train INFO: mAP: 83.9%
2025-12-07 15:49:15,090 DeMo.train INFO: CMC curve, Rank-1  :95.0%
2025-12-07 15:49:15,093 DeMo.train INFO: CMC curve, Rank-5  :95.9%
2025-12-07 15:49:15,093 DeMo.train INFO: CMC curve, Rank-10 :96.4%
2025-12-07 15:49:15,094 DeMo.train INFO: ~~~~~~~~~~~~~~~~~~~~~~~~~~~~~~~~~~~~~~~~~~~~~~~~~~
2025-12-07 15:49:15,159 DeMo.train INFO: ~~~~~~~~~~~~~~~~~~~~~~~~~~~~~~~~~~~~~~~~~~~~~~~~~~
2025-12-07 15:49:15,161 DeMo.train INFO: Best mAP: 84.0%
2025-12-07 15:49:15,162 DeMo.train INFO: Best Rank-1: 95.0%
2025-12-07 15:49:15,164 DeMo.train INFO: Best Rank-5: 95.7%
2025-12-07 15:49:15,165 DeMo.train INFO: Best Rank-10: 96.3%
2025-12-07 15:49:15,167 DeMo.train INFO: ~~~~~~~~~~~~~~~~~~~~~~~~~~~~~~~~~~~~~~~~~~~~~~~~~~
2025-12-07 15:49:26,552 DeMo.train INFO: Epoch[15] Iteration[10/65] Loss: 0.377, Acc: 1.000, Base Lr: 1.75e-04
2025-12-07 15:49:31,133 DeMo.train INFO: Epoch[15] Iteration[20/65] Loss: 0.377, Acc: 1.000, Base Lr: 1.75e-04
2025-12-07 15:49:35,720 DeMo.train INFO: Epoch[15] Iteration[30/65] Loss: 0.377, Acc: 1.000, Base Lr: 1.75e-04
2025-12-07 15:49:40,260 DeMo.train INFO: Epoch[15] Iteration[40/65] Loss: 0.376, Acc: 1.000, Base Lr: 1.75e-04
2025-12-07 15:49:44,765 DeMo.train INFO: Epoch[15] Iteration[50/65] Loss: 0.376, Acc: 1.000, Base Lr: 1.75e-04
2025-12-07 15:49:49,268 DeMo.train INFO: Epoch[15] Iteration[60/65] Loss: 0.376, Acc: 1.000, Base Lr: 1.75e-04
2025-12-07 15:49:50,776 DeMo.train INFO: Epoch 15 done. Time per batch: 0.565[s] Speed: 226.5[samples/s]
2025-12-07 15:49:50,786 DeMo.train INFO: ~~~~~~~~~~~~~~~~~~~~~~~~~~~~~~~~~~~~~~~~~~~~~~~~~~
2025-12-07 15:49:50,787 DeMo.train INFO: Current is the [moe,ori] feature testing!
2025-12-07 15:49:50,788 DeMo.train INFO: ~~~~~~~~~~~~~~~~~~~~~~~~~~~~~~~~~~~~~~~~~~~~~~~~~~
The test feature is normalized
=> Computing DistMat with euclidean_distance
2025-12-07 15:50:21,688 DeMo.train INFO: Validation Results - Epoch: 15
2025-12-07 15:50:21,688 DeMo.train INFO: mAP: 84.2%
2025-12-07 15:50:21,688 DeMo.train INFO: CMC curve, Rank-1  :95.2%
2025-12-07 15:50:21,689 DeMo.train INFO: CMC curve, Rank-5  :96.0%
2025-12-07 15:50:21,689 DeMo.train INFO: CMC curve, Rank-10 :96.6%
2025-12-07 15:50:21,689 DeMo.train INFO: ~~~~~~~~~~~~~~~~~~~~~~~~~~~~~~~~~~~~~~~~~~~~~~~~~~
2025-12-07 15:50:49,246 DeMo.train INFO: ~~~~~~~~~~~~~~~~~~~~~~~~~~~~~~~~~~~~~~~~~~~~~~~~~~
2025-12-07 15:50:49,247 DeMo.train INFO: Best mAP: 84.2%
2025-12-07 15:50:49,247 DeMo.train INFO: Best Rank-1: 95.2%
2025-12-07 15:50:49,248 DeMo.train INFO: Best Rank-5: 96.0%
2025-12-07 15:50:49,248 DeMo.train INFO: Best Rank-10: 96.6%
2025-12-07 15:50:49,249 DeMo.train INFO: ~~~~~~~~~~~~~~~~~~~~~~~~~~~~~~~~~~~~~~~~~~~~~~~~~~
2025-12-07 15:51:00,277 DeMo.train INFO: Epoch[16] Iteration[10/65] Loss: 0.377, Acc: 1.000, Base Lr: 1.57e-04
2025-12-07 15:51:04,883 DeMo.train INFO: Epoch[16] Iteration[20/65] Loss: 0.376, Acc: 1.000, Base Lr: 1.57e-04
2025-12-07 15:51:09,429 DeMo.train INFO: Epoch[16] Iteration[30/65] Loss: 0.376, Acc: 1.000, Base Lr: 1.57e-04
2025-12-07 15:51:13,998 DeMo.train INFO: Epoch[16] Iteration[40/65] Loss: 0.375, Acc: 1.000, Base Lr: 1.57e-04
2025-12-07 15:51:18,529 DeMo.train INFO: Epoch[16] Iteration[50/65] Loss: 0.375, Acc: 1.000, Base Lr: 1.57e-04
2025-12-07 15:51:23,030 DeMo.train INFO: Epoch[16] Iteration[60/65] Loss: 0.375, Acc: 1.000, Base Lr: 1.57e-04
2025-12-07 15:51:24,548 DeMo.train INFO: Epoch 16 done. Time per batch: 0.560[s] Speed: 228.5[samples/s]
2025-12-07 15:51:24,555 DeMo.train INFO: ~~~~~~~~~~~~~~~~~~~~~~~~~~~~~~~~~~~~~~~~~~~~~~~~~~
2025-12-07 15:51:24,555 DeMo.train INFO: Current is the [moe,ori] feature testing!
2025-12-07 15:51:24,555 DeMo.train INFO: ~~~~~~~~~~~~~~~~~~~~~~~~~~~~~~~~~~~~~~~~~~~~~~~~~~
The test feature is normalized
=> Computing DistMat with euclidean_distance
2025-12-07 15:51:49,342 DeMo.train INFO: Validation Results - Epoch: 16
2025-12-07 15:51:49,342 DeMo.train INFO: mAP: 84.1%
2025-12-07 15:51:49,342 DeMo.train INFO: CMC curve, Rank-1  :95.3%
2025-12-07 15:51:49,342 DeMo.train INFO: CMC curve, Rank-5  :96.2%
2025-12-07 15:51:49,342 DeMo.train INFO: CMC curve, Rank-10 :96.4%
2025-12-07 15:51:49,342 DeMo.train INFO: ~~~~~~~~~~~~~~~~~~~~~~~~~~~~~~~~~~~~~~~~~~~~~~~~~~
2025-12-07 15:51:50,117 DeMo.train INFO: ~~~~~~~~~~~~~~~~~~~~~~~~~~~~~~~~~~~~~~~~~~~~~~~~~~
2025-12-07 15:51:50,118 DeMo.train INFO: Best mAP: 84.2%
2025-12-07 15:51:50,118 DeMo.train INFO: Best Rank-1: 95.2%
2025-12-07 15:51:50,118 DeMo.train INFO: Best Rank-5: 96.0%
2025-12-07 15:51:50,118 DeMo.train INFO: Best Rank-10: 96.6%
2025-12-07 15:51:50,118 DeMo.train INFO: ~~~~~~~~~~~~~~~~~~~~~~~~~~~~~~~~~~~~~~~~~~~~~~~~~~
2025-12-07 15:51:56,936 DeMo.train INFO: Epoch[17] Iteration[10/65] Loss: 0.375, Acc: 1.000, Base Lr: 1.39e-04
2025-12-07 15:52:01,466 DeMo.train INFO: Epoch[17] Iteration[20/65] Loss: 0.375, Acc: 1.000, Base Lr: 1.39e-04
2025-12-07 15:52:05,981 DeMo.train INFO: Epoch[17] Iteration[30/65] Loss: 0.374, Acc: 1.000, Base Lr: 1.39e-04
2025-12-07 15:52:10,537 DeMo.train INFO: Epoch[17] Iteration[40/65] Loss: 0.374, Acc: 1.000, Base Lr: 1.39e-04
2025-12-07 15:52:15,071 DeMo.train INFO: Epoch[17] Iteration[50/65] Loss: 0.374, Acc: 1.000, Base Lr: 1.39e-04
2025-12-07 15:52:19,642 DeMo.train INFO: Epoch[17] Iteration[60/65] Loss: 0.374, Acc: 1.000, Base Lr: 1.39e-04
2025-12-07 15:52:20,705 DeMo.train INFO: Epoch 17 done. Time per batch: 0.493[s] Speed: 259.5[samples/s]
2025-12-07 15:52:20,711 DeMo.train INFO: ~~~~~~~~~~~~~~~~~~~~~~~~~~~~~~~~~~~~~~~~~~~~~~~~~~
2025-12-07 15:52:20,711 DeMo.train INFO: Current is the [moe,ori] feature testing!
2025-12-07 15:52:20,711 DeMo.train INFO: ~~~~~~~~~~~~~~~~~~~~~~~~~~~~~~~~~~~~~~~~~~~~~~~~~~
The test feature is normalized
=> Computing DistMat with euclidean_distance
2025-12-07 15:52:45,049 DeMo.train INFO: Validation Results - Epoch: 17
2025-12-07 15:52:45,050 DeMo.train INFO: mAP: 84.2%
2025-12-07 15:52:45,052 DeMo.train INFO: CMC curve, Rank-1  :95.5%
2025-12-07 15:52:45,053 DeMo.train INFO: CMC curve, Rank-5  :96.1%
2025-12-07 15:52:45,053 DeMo.train INFO: CMC curve, Rank-10 :96.4%
2025-12-07 15:52:45,054 DeMo.train INFO: ~~~~~~~~~~~~~~~~~~~~~~~~~~~~~~~~~~~~~~~~~~~~~~~~~~
2025-12-07 15:53:19,537 DeMo.train INFO: ~~~~~~~~~~~~~~~~~~~~~~~~~~~~~~~~~~~~~~~~~~~~~~~~~~
2025-12-07 15:53:19,541 DeMo.train INFO: Best mAP: 84.2%
2025-12-07 15:53:19,541 DeMo.train INFO: Best Rank-1: 95.5%
2025-12-07 15:53:19,541 DeMo.train INFO: Best Rank-5: 96.1%
2025-12-07 15:53:19,541 DeMo.train INFO: Best Rank-10: 96.4%
2025-12-07 15:53:19,542 DeMo.train INFO: ~~~~~~~~~~~~~~~~~~~~~~~~~~~~~~~~~~~~~~~~~~~~~~~~~~
2025-12-07 15:53:27,685 DeMo.train INFO: Epoch[18] Iteration[10/65] Loss: 0.373, Acc: 1.000, Base Lr: 1.21e-04
2025-12-07 15:53:32,202 DeMo.train INFO: Epoch[18] Iteration[20/65] Loss: 0.373, Acc: 1.000, Base Lr: 1.21e-04
2025-12-07 15:53:36,841 DeMo.train INFO: Epoch[18] Iteration[30/65] Loss: 0.373, Acc: 1.000, Base Lr: 1.21e-04
2025-12-07 15:53:41,344 DeMo.train INFO: Epoch[18] Iteration[40/65] Loss: 0.373, Acc: 1.000, Base Lr: 1.21e-04
2025-12-07 15:53:45,885 DeMo.train INFO: Epoch[18] Iteration[50/65] Loss: 0.372, Acc: 1.000, Base Lr: 1.21e-04
2025-12-07 15:53:50,478 DeMo.train INFO: Epoch[18] Iteration[60/65] Loss: 0.372, Acc: 1.000, Base Lr: 1.21e-04
2025-12-07 15:53:52,024 DeMo.train INFO: Epoch 18 done. Time per batch: 0.516[s] Speed: 248.3[samples/s]
2025-12-07 15:53:52,030 DeMo.train INFO: ~~~~~~~~~~~~~~~~~~~~~~~~~~~~~~~~~~~~~~~~~~~~~~~~~~
2025-12-07 15:53:52,030 DeMo.train INFO: Current is the [moe,ori] feature testing!
2025-12-07 15:53:52,030 DeMo.train INFO: ~~~~~~~~~~~~~~~~~~~~~~~~~~~~~~~~~~~~~~~~~~~~~~~~~~
The test feature is normalized
=> Computing DistMat with euclidean_distance
2025-12-07 15:54:16,716 DeMo.train INFO: Validation Results - Epoch: 18
2025-12-07 15:54:16,718 DeMo.train INFO: mAP: 84.1%
2025-12-07 15:54:16,720 DeMo.train INFO: CMC curve, Rank-1  :95.3%
2025-12-07 15:54:16,722 DeMo.train INFO: CMC curve, Rank-5  :96.0%
2025-12-07 15:54:16,723 DeMo.train INFO: CMC curve, Rank-10 :96.4%
2025-12-07 15:54:16,725 DeMo.train INFO: ~~~~~~~~~~~~~~~~~~~~~~~~~~~~~~~~~~~~~~~~~~~~~~~~~~
2025-12-07 15:54:17,797 DeMo.train INFO: ~~~~~~~~~~~~~~~~~~~~~~~~~~~~~~~~~~~~~~~~~~~~~~~~~~
2025-12-07 15:54:17,798 DeMo.train INFO: Best mAP: 84.2%
2025-12-07 15:54:17,801 DeMo.train INFO: Best Rank-1: 95.5%
2025-12-07 15:54:17,802 DeMo.train INFO: Best Rank-5: 96.1%
2025-12-07 15:54:17,803 DeMo.train INFO: Best Rank-10: 96.4%
2025-12-07 15:54:17,804 DeMo.train INFO: ~~~~~~~~~~~~~~~~~~~~~~~~~~~~~~~~~~~~~~~~~~~~~~~~~~
2025-12-07 15:54:29,492 DeMo.train INFO: Epoch[19] Iteration[10/65] Loss: 0.372, Acc: 1.000, Base Lr: 1.04e-04
2025-12-07 15:54:34,045 DeMo.train INFO: Epoch[19] Iteration[20/65] Loss: 0.373, Acc: 1.000, Base Lr: 1.04e-04
2025-12-07 15:54:38,731 DeMo.train INFO: Epoch[19] Iteration[30/65] Loss: 0.373, Acc: 1.000, Base Lr: 1.04e-04
2025-12-07 15:54:43,304 DeMo.train INFO: Epoch[19] Iteration[40/65] Loss: 0.372, Acc: 1.000, Base Lr: 1.04e-04
2025-12-07 15:54:47,832 DeMo.train INFO: Epoch[19] Iteration[50/65] Loss: 0.372, Acc: 1.000, Base Lr: 1.04e-04
2025-12-07 15:54:52,349 DeMo.train INFO: Epoch[19] Iteration[60/65] Loss: 0.372, Acc: 1.000, Base Lr: 1.04e-04
2025-12-07 15:54:53,855 DeMo.train INFO: Epoch 19 done. Time per batch: 0.572[s] Speed: 223.7[samples/s]
2025-12-07 15:54:53,861 DeMo.train INFO: ~~~~~~~~~~~~~~~~~~~~~~~~~~~~~~~~~~~~~~~~~~~~~~~~~~
2025-12-07 15:54:53,861 DeMo.train INFO: Current is the [moe,ori] feature testing!
2025-12-07 15:54:53,861 DeMo.train INFO: ~~~~~~~~~~~~~~~~~~~~~~~~~~~~~~~~~~~~~~~~~~~~~~~~~~
The test feature is normalized
=> Computing DistMat with euclidean_distance
2025-12-07 15:55:17,397 DeMo.train INFO: Validation Results - Epoch: 19
2025-12-07 15:55:17,398 DeMo.train INFO: mAP: 84.1%
2025-12-07 15:55:17,398 DeMo.train INFO: CMC curve, Rank-1  :95.3%
2025-12-07 15:55:17,398 DeMo.train INFO: CMC curve, Rank-5  :96.2%
2025-12-07 15:55:17,398 DeMo.train INFO: CMC curve, Rank-10 :96.5%
2025-12-07 15:55:17,398 DeMo.train INFO: ~~~~~~~~~~~~~~~~~~~~~~~~~~~~~~~~~~~~~~~~~~~~~~~~~~
2025-12-07 15:55:18,864 DeMo.train INFO: ~~~~~~~~~~~~~~~~~~~~~~~~~~~~~~~~~~~~~~~~~~~~~~~~~~
2025-12-07 15:55:18,865 DeMo.train INFO: Best mAP: 84.2%
2025-12-07 15:55:18,865 DeMo.train INFO: Best Rank-1: 95.5%
2025-12-07 15:55:18,865 DeMo.train INFO: Best Rank-5: 96.1%
2025-12-07 15:55:18,865 DeMo.train INFO: Best Rank-10: 96.4%
2025-12-07 15:55:18,865 DeMo.train INFO: ~~~~~~~~~~~~~~~~~~~~~~~~~~~~~~~~~~~~~~~~~~~~~~~~~~
2025-12-07 15:55:25,857 DeMo.train INFO: Epoch[20] Iteration[10/65] Loss: 0.372, Acc: 1.000, Base Lr: 8.78e-05
2025-12-07 15:55:30,365 DeMo.train INFO: Epoch[20] Iteration[20/65] Loss: 0.372, Acc: 1.000, Base Lr: 8.78e-05
2025-12-07 15:55:34,907 DeMo.train INFO: Epoch[20] Iteration[30/65] Loss: 0.371, Acc: 1.000, Base Lr: 8.78e-05
2025-12-07 15:55:39,509 DeMo.train INFO: Epoch[20] Iteration[40/65] Loss: 0.371, Acc: 1.000, Base Lr: 8.78e-05
2025-12-07 15:55:44,116 DeMo.train INFO: Epoch[20] Iteration[50/65] Loss: 0.371, Acc: 1.000, Base Lr: 8.78e-05
2025-12-07 15:55:48,687 DeMo.train INFO: Epoch[20] Iteration[60/65] Loss: 0.371, Acc: 1.000, Base Lr: 8.78e-05
2025-12-07 15:55:50,190 DeMo.train INFO: Epoch 20 done. Time per batch: 0.497[s] Speed: 257.4[samples/s]
2025-12-07 15:55:50,196 DeMo.train INFO: ~~~~~~~~~~~~~~~~~~~~~~~~~~~~~~~~~~~~~~~~~~~~~~~~~~
2025-12-07 15:55:50,196 DeMo.train INFO: Current is the [moe,ori] feature testing!
2025-12-07 15:55:50,196 DeMo.train INFO: ~~~~~~~~~~~~~~~~~~~~~~~~~~~~~~~~~~~~~~~~~~~~~~~~~~
The test feature is normalized
=> Computing DistMat with euclidean_distance
2025-12-07 15:56:13,328 DeMo.train INFO: Validation Results - Epoch: 20
2025-12-07 15:56:13,329 DeMo.train INFO: mAP: 84.2%
2025-12-07 15:56:13,329 DeMo.train INFO: CMC curve, Rank-1  :95.6%
2025-12-07 15:56:13,329 DeMo.train INFO: CMC curve, Rank-5  :96.2%
2025-12-07 15:56:13,329 DeMo.train INFO: CMC curve, Rank-10 :96.5%
2025-12-07 15:56:13,329 DeMo.train INFO: ~~~~~~~~~~~~~~~~~~~~~~~~~~~~~~~~~~~~~~~~~~~~~~~~~~
2025-12-07 15:56:13,395 DeMo.train INFO: ~~~~~~~~~~~~~~~~~~~~~~~~~~~~~~~~~~~~~~~~~~~~~~~~~~
2025-12-07 15:56:13,396 DeMo.train INFO: Best mAP: 84.2%
2025-12-07 15:56:13,396 DeMo.train INFO: Best Rank-1: 95.5%
2025-12-07 15:56:13,396 DeMo.train INFO: Best Rank-5: 96.1%
2025-12-07 15:56:13,396 DeMo.train INFO: Best Rank-10: 96.4%
2025-12-07 15:56:13,396 DeMo.train INFO: ~~~~~~~~~~~~~~~~~~~~~~~~~~~~~~~~~~~~~~~~~~~~~~~~~~
2025-12-07 15:56:19,622 DeMo.train INFO: Epoch[21] Iteration[10/65] Loss: 0.372, Acc: 1.000, Base Lr: 7.24e-05
2025-12-07 15:56:24,171 DeMo.train INFO: Epoch[21] Iteration[20/65] Loss: 0.371, Acc: 1.000, Base Lr: 7.24e-05
2025-12-07 15:56:28,741 DeMo.train INFO: Epoch[21] Iteration[30/65] Loss: 0.371, Acc: 1.000, Base Lr: 7.24e-05
2025-12-07 15:56:33,327 DeMo.train INFO: Epoch[21] Iteration[40/65] Loss: 0.371, Acc: 1.000, Base Lr: 7.24e-05
2025-12-07 15:56:37,850 DeMo.train INFO: Epoch[21] Iteration[50/65] Loss: 0.371, Acc: 1.000, Base Lr: 7.24e-05
2025-12-07 15:56:42,373 DeMo.train INFO: Epoch[21] Iteration[60/65] Loss: 0.370, Acc: 1.000, Base Lr: 7.24e-05
2025-12-07 15:56:43,897 DeMo.train INFO: Epoch 21 done. Time per batch: 0.484[s] Speed: 264.4[samples/s]
2025-12-07 15:56:43,904 DeMo.train INFO: ~~~~~~~~~~~~~~~~~~~~~~~~~~~~~~~~~~~~~~~~~~~~~~~~~~
2025-12-07 15:56:43,904 DeMo.train INFO: Current is the [moe,ori] feature testing!
2025-12-07 15:56:43,904 DeMo.train INFO: ~~~~~~~~~~~~~~~~~~~~~~~~~~~~~~~~~~~~~~~~~~~~~~~~~~
The test feature is normalized
=> Computing DistMat with euclidean_distance
2025-12-07 15:57:08,405 DeMo.train INFO: Validation Results - Epoch: 21
2025-12-07 15:57:08,405 DeMo.train INFO: mAP: 84.2%
2025-12-07 15:57:08,406 DeMo.train INFO: CMC curve, Rank-1  :95.9%
2025-12-07 15:57:08,406 DeMo.train INFO: CMC curve, Rank-5  :96.3%
2025-12-07 15:57:08,406 DeMo.train INFO: CMC curve, Rank-10 :96.5%
2025-12-07 15:57:08,406 DeMo.train INFO: ~~~~~~~~~~~~~~~~~~~~~~~~~~~~~~~~~~~~~~~~~~~~~~~~~~
2025-12-07 15:57:26,498 DeMo.train INFO: ~~~~~~~~~~~~~~~~~~~~~~~~~~~~~~~~~~~~~~~~~~~~~~~~~~
2025-12-07 15:57:26,498 DeMo.train INFO: Best mAP: 84.2%
2025-12-07 15:57:26,499 DeMo.train INFO: Best Rank-1: 95.9%
2025-12-07 15:57:26,499 DeMo.train INFO: Best Rank-5: 96.3%
2025-12-07 15:57:26,499 DeMo.train INFO: Best Rank-10: 96.5%
2025-12-07 15:57:26,499 DeMo.train INFO: ~~~~~~~~~~~~~~~~~~~~~~~~~~~~~~~~~~~~~~~~~~~~~~~~~~
2025-12-07 15:57:34,600 DeMo.train INFO: Epoch[22] Iteration[10/65] Loss: 0.371, Acc: 1.000, Base Lr: 5.82e-05
2025-12-07 15:57:39,144 DeMo.train INFO: Epoch[22] Iteration[20/65] Loss: 0.370, Acc: 1.000, Base Lr: 5.82e-05
2025-12-07 15:57:43,708 DeMo.train INFO: Epoch[22] Iteration[30/65] Loss: 0.372, Acc: 1.000, Base Lr: 5.82e-05
2025-12-07 15:57:48,290 DeMo.train INFO: Epoch[22] Iteration[40/65] Loss: 0.372, Acc: 1.000, Base Lr: 5.82e-05
2025-12-07 15:57:52,843 DeMo.train INFO: Epoch[22] Iteration[50/65] Loss: 0.371, Acc: 1.000, Base Lr: 5.82e-05
2025-12-07 15:57:57,393 DeMo.train INFO: Epoch[22] Iteration[60/65] Loss: 0.371, Acc: 1.000, Base Lr: 5.82e-05
2025-12-07 15:57:58,460 DeMo.train INFO: Epoch 22 done. Time per batch: 0.516[s] Speed: 248.3[samples/s]
2025-12-07 15:57:58,466 DeMo.train INFO: ~~~~~~~~~~~~~~~~~~~~~~~~~~~~~~~~~~~~~~~~~~~~~~~~~~
2025-12-07 15:57:58,466 DeMo.train INFO: Current is the [moe,ori] feature testing!
2025-12-07 15:57:58,466 DeMo.train INFO: ~~~~~~~~~~~~~~~~~~~~~~~~~~~~~~~~~~~~~~~~~~~~~~~~~~
The test feature is normalized
=> Computing DistMat with euclidean_distance
2025-12-07 15:58:21,756 DeMo.train INFO: Validation Results - Epoch: 22
2025-12-07 15:58:21,758 DeMo.train INFO: mAP: 84.2%
2025-12-07 15:58:21,758 DeMo.train INFO: CMC curve, Rank-1  :95.3%
2025-12-07 15:58:21,759 DeMo.train INFO: CMC curve, Rank-5  :96.0%
2025-12-07 15:58:21,760 DeMo.train INFO: CMC curve, Rank-10 :96.4%
2025-12-07 15:58:21,761 DeMo.train INFO: ~~~~~~~~~~~~~~~~~~~~~~~~~~~~~~~~~~~~~~~~~~~~~~~~~~
2025-12-07 15:58:22,616 DeMo.train INFO: ~~~~~~~~~~~~~~~~~~~~~~~~~~~~~~~~~~~~~~~~~~~~~~~~~~
2025-12-07 15:58:22,617 DeMo.train INFO: Best mAP: 84.2%
2025-12-07 15:58:22,617 DeMo.train INFO: Best Rank-1: 95.9%
2025-12-07 15:58:22,619 DeMo.train INFO: Best Rank-5: 96.3%
2025-12-07 15:58:22,620 DeMo.train INFO: Best Rank-10: 96.5%
2025-12-07 15:58:22,620 DeMo.train INFO: ~~~~~~~~~~~~~~~~~~~~~~~~~~~~~~~~~~~~~~~~~~~~~~~~~~
2025-12-07 15:58:32,501 DeMo.train INFO: Epoch[23] Iteration[10/65] Loss: 0.371, Acc: 1.000, Base Lr: 4.53e-05
2025-12-07 15:58:37,058 DeMo.train INFO: Epoch[23] Iteration[20/65] Loss: 0.370, Acc: 1.000, Base Lr: 4.53e-05
2025-12-07 15:58:41,634 DeMo.train INFO: Epoch[23] Iteration[30/65] Loss: 0.370, Acc: 1.000, Base Lr: 4.53e-05
2025-12-07 15:58:46,208 DeMo.train INFO: Epoch[23] Iteration[40/65] Loss: 0.370, Acc: 1.000, Base Lr: 4.53e-05
2025-12-07 15:58:50,753 DeMo.train INFO: Epoch[23] Iteration[50/65] Loss: 0.370, Acc: 1.000, Base Lr: 4.53e-05
2025-12-07 15:58:55,314 DeMo.train INFO: Epoch[23] Iteration[60/65] Loss: 0.369, Acc: 1.000, Base Lr: 4.53e-05
2025-12-07 15:58:56,837 DeMo.train INFO: Epoch 23 done. Time per batch: 0.543[s] Speed: 235.7[samples/s]
2025-12-07 15:58:56,844 DeMo.train INFO: ~~~~~~~~~~~~~~~~~~~~~~~~~~~~~~~~~~~~~~~~~~~~~~~~~~
2025-12-07 15:58:56,844 DeMo.train INFO: Current is the [moe,ori] feature testing!
2025-12-07 15:58:56,844 DeMo.train INFO: ~~~~~~~~~~~~~~~~~~~~~~~~~~~~~~~~~~~~~~~~~~~~~~~~~~
The test feature is normalized
=> Computing DistMat with euclidean_distance
2025-12-07 15:59:20,596 DeMo.train INFO: Validation Results - Epoch: 23
2025-12-07 15:59:20,597 DeMo.train INFO: mAP: 84.3%
2025-12-07 15:59:20,597 DeMo.train INFO: CMC curve, Rank-1  :95.4%
2025-12-07 15:59:20,597 DeMo.train INFO: CMC curve, Rank-5  :96.3%
2025-12-07 15:59:20,597 DeMo.train INFO: CMC curve, Rank-10 :96.5%
2025-12-07 15:59:20,597 DeMo.train INFO: ~~~~~~~~~~~~~~~~~~~~~~~~~~~~~~~~~~~~~~~~~~~~~~~~~~
2025-12-07 15:59:46,370 DeMo.train INFO: ~~~~~~~~~~~~~~~~~~~~~~~~~~~~~~~~~~~~~~~~~~~~~~~~~~
2025-12-07 15:59:46,370 DeMo.train INFO: Best mAP: 84.3%
2025-12-07 15:59:46,372 DeMo.train INFO: Best Rank-1: 95.4%
2025-12-07 15:59:46,372 DeMo.train INFO: Best Rank-5: 96.3%
2025-12-07 15:59:46,373 DeMo.train INFO: Best Rank-10: 96.5%
2025-12-07 15:59:46,375 DeMo.train INFO: ~~~~~~~~~~~~~~~~~~~~~~~~~~~~~~~~~~~~~~~~~~~~~~~~~~
2025-12-07 15:59:56,490 DeMo.train INFO: Epoch[24] Iteration[10/65] Loss: 0.369, Acc: 1.000, Base Lr: 3.37e-05
2025-12-07 16:00:01,696 DeMo.train INFO: Epoch[24] Iteration[20/65] Loss: 0.369, Acc: 1.000, Base Lr: 3.37e-05
2025-12-07 16:00:06,262 DeMo.train INFO: Epoch[24] Iteration[30/65] Loss: 0.369, Acc: 1.000, Base Lr: 3.37e-05
2025-12-07 16:00:10,800 DeMo.train INFO: Epoch[24] Iteration[40/65] Loss: 0.369, Acc: 1.000, Base Lr: 3.37e-05
2025-12-07 16:00:15,358 DeMo.train INFO: Epoch[24] Iteration[50/65] Loss: 0.369, Acc: 1.000, Base Lr: 3.37e-05
2025-12-07 16:00:19,904 DeMo.train INFO: Epoch[24] Iteration[60/65] Loss: 0.369, Acc: 1.000, Base Lr: 3.37e-05
2025-12-07 16:00:20,957 DeMo.train INFO: Epoch 24 done. Time per batch: 0.558[s] Speed: 229.5[samples/s]
2025-12-07 16:00:20,964 DeMo.train INFO: ~~~~~~~~~~~~~~~~~~~~~~~~~~~~~~~~~~~~~~~~~~~~~~~~~~
2025-12-07 16:00:20,964 DeMo.train INFO: Current is the [moe,ori] feature testing!
2025-12-07 16:00:20,964 DeMo.train INFO: ~~~~~~~~~~~~~~~~~~~~~~~~~~~~~~~~~~~~~~~~~~~~~~~~~~
The test feature is normalized
=> Computing DistMat with euclidean_distance
2025-12-07 16:00:44,669 DeMo.train INFO: Validation Results - Epoch: 24
2025-12-07 16:00:44,669 DeMo.train INFO: mAP: 84.3%
2025-12-07 16:00:44,669 DeMo.train INFO: CMC curve, Rank-1  :95.5%
2025-12-07 16:00:44,669 DeMo.train INFO: CMC curve, Rank-5  :96.2%
2025-12-07 16:00:44,670 DeMo.train INFO: CMC curve, Rank-10 :96.6%
2025-12-07 16:00:44,670 DeMo.train INFO: ~~~~~~~~~~~~~~~~~~~~~~~~~~~~~~~~~~~~~~~~~~~~~~~~~~
2025-12-07 16:00:46,229 DeMo.train INFO: ~~~~~~~~~~~~~~~~~~~~~~~~~~~~~~~~~~~~~~~~~~~~~~~~~~
2025-12-07 16:00:46,230 DeMo.train INFO: Best mAP: 84.3%
2025-12-07 16:00:46,230 DeMo.train INFO: Best Rank-1: 95.4%
2025-12-07 16:00:46,230 DeMo.train INFO: Best Rank-5: 96.3%
2025-12-07 16:00:46,230 DeMo.train INFO: Best Rank-10: 96.5%
2025-12-07 16:00:46,230 DeMo.train INFO: ~~~~~~~~~~~~~~~~~~~~~~~~~~~~~~~~~~~~~~~~~~~~~~~~~~
2025-12-07 16:00:53,152 DeMo.train INFO: Epoch[25] Iteration[10/65] Loss: 0.370, Acc: 1.000, Base Lr: 2.38e-05
2025-12-07 16:00:57,690 DeMo.train INFO: Epoch[25] Iteration[20/65] Loss: 0.369, Acc: 1.000, Base Lr: 2.38e-05
2025-12-07 16:01:02,216 DeMo.train INFO: Epoch[25] Iteration[30/65] Loss: 0.369, Acc: 1.000, Base Lr: 2.38e-05
2025-12-07 16:01:06,822 DeMo.train INFO: Epoch[25] Iteration[40/65] Loss: 0.369, Acc: 1.000, Base Lr: 2.38e-05
2025-12-07 16:01:11,469 DeMo.train INFO: Epoch[25] Iteration[50/65] Loss: 0.369, Acc: 1.000, Base Lr: 2.38e-05
2025-12-07 16:01:16,024 DeMo.train INFO: Epoch[25] Iteration[60/65] Loss: 0.369, Acc: 1.000, Base Lr: 2.38e-05
2025-12-07 16:01:17,086 DeMo.train INFO: Epoch 25 done. Time per batch: 0.498[s] Speed: 257.2[samples/s]
2025-12-07 16:01:17,091 DeMo.train INFO: ~~~~~~~~~~~~~~~~~~~~~~~~~~~~~~~~~~~~~~~~~~~~~~~~~~
2025-12-07 16:01:17,092 DeMo.train INFO: Current is the [moe,ori] feature testing!
2025-12-07 16:01:17,092 DeMo.train INFO: ~~~~~~~~~~~~~~~~~~~~~~~~~~~~~~~~~~~~~~~~~~~~~~~~~~
The test feature is normalized
=> Computing DistMat with euclidean_distance
2025-12-07 16:01:41,527 DeMo.train INFO: Validation Results - Epoch: 25
2025-12-07 16:01:41,527 DeMo.train INFO: mAP: 84.3%
2025-12-07 16:01:41,527 DeMo.train INFO: CMC curve, Rank-1  :95.5%
2025-12-07 16:01:41,527 DeMo.train INFO: CMC curve, Rank-5  :96.3%
2025-12-07 16:01:41,527 DeMo.train INFO: CMC curve, Rank-10 :96.6%
2025-12-07 16:01:41,527 DeMo.train INFO: ~~~~~~~~~~~~~~~~~~~~~~~~~~~~~~~~~~~~~~~~~~~~~~~~~~
2025-12-07 16:02:11,995 DeMo.train INFO: ~~~~~~~~~~~~~~~~~~~~~~~~~~~~~~~~~~~~~~~~~~~~~~~~~~
2025-12-07 16:02:11,997 DeMo.train INFO: Best mAP: 84.3%
2025-12-07 16:02:11,997 DeMo.train INFO: Best Rank-1: 95.5%
2025-12-07 16:02:11,998 DeMo.train INFO: Best Rank-5: 96.3%
2025-12-07 16:02:11,999 DeMo.train INFO: Best Rank-10: 96.6%
2025-12-07 16:02:12,000 DeMo.train INFO: ~~~~~~~~~~~~~~~~~~~~~~~~~~~~~~~~~~~~~~~~~~~~~~~~~~
2025-12-07 16:02:22,790 DeMo.train INFO: Epoch[26] Iteration[10/65] Loss: 0.369, Acc: 1.000, Base Lr: 1.55e-05
2025-12-07 16:02:27,339 DeMo.train INFO: Epoch[26] Iteration[20/65] Loss: 0.368, Acc: 1.000, Base Lr: 1.55e-05
2025-12-07 16:02:31,860 DeMo.train INFO: Epoch[26] Iteration[30/65] Loss: 0.368, Acc: 1.000, Base Lr: 1.55e-05
2025-12-07 16:02:36,393 DeMo.train INFO: Epoch[26] Iteration[40/65] Loss: 0.368, Acc: 1.000, Base Lr: 1.55e-05
2025-12-07 16:02:40,930 DeMo.train INFO: Epoch[26] Iteration[50/65] Loss: 0.369, Acc: 1.000, Base Lr: 1.55e-05
2025-12-07 16:02:45,441 DeMo.train INFO: Epoch[26] Iteration[60/65] Loss: 0.369, Acc: 1.000, Base Lr: 1.55e-05
2025-12-07 16:02:46,964 DeMo.train INFO: Epoch 26 done. Time per batch: 0.555[s] Speed: 230.6[samples/s]
2025-12-07 16:02:46,971 DeMo.train INFO: ~~~~~~~~~~~~~~~~~~~~~~~~~~~~~~~~~~~~~~~~~~~~~~~~~~
2025-12-07 16:02:46,971 DeMo.train INFO: Current is the [moe,ori] feature testing!
2025-12-07 16:02:46,971 DeMo.train INFO: ~~~~~~~~~~~~~~~~~~~~~~~~~~~~~~~~~~~~~~~~~~~~~~~~~~
The test feature is normalized
=> Computing DistMat with euclidean_distance
2025-12-07 16:03:10,417 DeMo.train INFO: Validation Results - Epoch: 26
2025-12-07 16:03:10,418 DeMo.train INFO: mAP: 84.5%
2025-12-07 16:03:10,419 DeMo.train INFO: CMC curve, Rank-1  :95.8%
2025-12-07 16:03:10,420 DeMo.train INFO: CMC curve, Rank-5  :96.5%
2025-12-07 16:03:10,421 DeMo.train INFO: CMC curve, Rank-10 :96.8%
2025-12-07 16:03:10,421 DeMo.train INFO: ~~~~~~~~~~~~~~~~~~~~~~~~~~~~~~~~~~~~~~~~~~~~~~~~~~
2025-12-07 16:03:47,758 DeMo.train INFO: ~~~~~~~~~~~~~~~~~~~~~~~~~~~~~~~~~~~~~~~~~~~~~~~~~~
2025-12-07 16:03:47,760 DeMo.train INFO: Best mAP: 84.5%
2025-12-07 16:03:47,760 DeMo.train INFO: Best Rank-1: 95.8%
2025-12-07 16:03:47,761 DeMo.train INFO: Best Rank-5: 96.5%
2025-12-07 16:03:47,762 DeMo.train INFO: Best Rank-10: 96.8%
2025-12-07 16:03:47,763 DeMo.train INFO: ~~~~~~~~~~~~~~~~~~~~~~~~~~~~~~~~~~~~~~~~~~~~~~~~~~
2025-12-07 16:03:58,367 DeMo.train INFO: Epoch[27] Iteration[10/65] Loss: 0.368, Acc: 1.000, Base Lr: 8.91e-06
2025-12-07 16:04:02,992 DeMo.train INFO: Epoch[27] Iteration[20/65] Loss: 0.369, Acc: 1.000, Base Lr: 8.91e-06
2025-12-07 16:04:07,506 DeMo.train INFO: Epoch[27] Iteration[30/65] Loss: 0.369, Acc: 1.000, Base Lr: 8.91e-06
2025-12-07 16:04:12,039 DeMo.train INFO: Epoch[27] Iteration[40/65] Loss: 0.369, Acc: 1.000, Base Lr: 8.91e-06
2025-12-07 16:04:16,546 DeMo.train INFO: Epoch[27] Iteration[50/65] Loss: 0.369, Acc: 1.000, Base Lr: 8.91e-06
2025-12-07 16:04:21,058 DeMo.train INFO: Epoch[27] Iteration[60/65] Loss: 0.369, Acc: 1.000, Base Lr: 8.91e-06
2025-12-07 16:04:22,579 DeMo.train INFO: Epoch 27 done. Time per batch: 0.553[s] Speed: 231.6[samples/s]
2025-12-07 16:04:22,590 DeMo.train INFO: ~~~~~~~~~~~~~~~~~~~~~~~~~~~~~~~~~~~~~~~~~~~~~~~~~~
2025-12-07 16:04:22,591 DeMo.train INFO: Current is the [moe,ori] feature testing!
2025-12-07 16:04:22,592 DeMo.train INFO: ~~~~~~~~~~~~~~~~~~~~~~~~~~~~~~~~~~~~~~~~~~~~~~~~~~
The test feature is normalized
=> Computing DistMat with euclidean_distance
2025-12-07 16:04:53,696 DeMo.train INFO: Validation Results - Epoch: 27
2025-12-07 16:04:53,697 DeMo.train INFO: mAP: 84.4%
2025-12-07 16:04:53,697 DeMo.train INFO: CMC curve, Rank-1  :95.7%
2025-12-07 16:04:53,697 DeMo.train INFO: CMC curve, Rank-5  :96.4%
2025-12-07 16:04:53,697 DeMo.train INFO: CMC curve, Rank-10 :96.7%
2025-12-07 16:04:53,697 DeMo.train INFO: ~~~~~~~~~~~~~~~~~~~~~~~~~~~~~~~~~~~~~~~~~~~~~~~~~~
2025-12-07 16:04:54,450 DeMo.train INFO: ~~~~~~~~~~~~~~~~~~~~~~~~~~~~~~~~~~~~~~~~~~~~~~~~~~
2025-12-07 16:04:54,451 DeMo.train INFO: Best mAP: 84.5%
2025-12-07 16:04:54,451 DeMo.train INFO: Best Rank-1: 95.8%
2025-12-07 16:04:54,451 DeMo.train INFO: Best Rank-5: 96.5%
2025-12-07 16:04:54,451 DeMo.train INFO: Best Rank-10: 96.8%
2025-12-07 16:04:54,451 DeMo.train INFO: ~~~~~~~~~~~~~~~~~~~~~~~~~~~~~~~~~~~~~~~~~~~~~~~~~~
2025-12-07 16:05:01,377 DeMo.train INFO: Epoch[28] Iteration[10/65] Loss: 0.369, Acc: 1.000, Base Lr: 4.17e-06
2025-12-07 16:05:05,938 DeMo.train INFO: Epoch[28] Iteration[20/65] Loss: 0.369, Acc: 1.000, Base Lr: 4.17e-06
2025-12-07 16:05:10,472 DeMo.train INFO: Epoch[28] Iteration[30/65] Loss: 0.369, Acc: 1.000, Base Lr: 4.17e-06
2025-12-07 16:05:14,997 DeMo.train INFO: Epoch[28] Iteration[40/65] Loss: 0.369, Acc: 1.000, Base Lr: 4.17e-06
2025-12-07 16:05:19,591 DeMo.train INFO: Epoch[28] Iteration[50/65] Loss: 0.369, Acc: 1.000, Base Lr: 4.17e-06
2025-12-07 16:05:24,157 DeMo.train INFO: Epoch[28] Iteration[60/65] Loss: 0.368, Acc: 1.000, Base Lr: 4.17e-06
2025-12-07 16:05:25,696 DeMo.train INFO: Epoch 28 done. Time per batch: 0.496[s] Speed: 258.1[samples/s]
2025-12-07 16:05:25,702 DeMo.train INFO: ~~~~~~~~~~~~~~~~~~~~~~~~~~~~~~~~~~~~~~~~~~~~~~~~~~
2025-12-07 16:05:25,703 DeMo.train INFO: Current is the [moe,ori] feature testing!
2025-12-07 16:05:25,703 DeMo.train INFO: ~~~~~~~~~~~~~~~~~~~~~~~~~~~~~~~~~~~~~~~~~~~~~~~~~~
The test feature is normalized
=> Computing DistMat with euclidean_distance
2025-12-07 16:05:49,883 DeMo.train INFO: Validation Results - Epoch: 28
2025-12-07 16:05:49,885 DeMo.train INFO: mAP: 84.4%
2025-12-07 16:05:49,886 DeMo.train INFO: CMC curve, Rank-1  :95.8%
2025-12-07 16:05:49,887 DeMo.train INFO: CMC curve, Rank-5  :96.3%
2025-12-07 16:05:49,888 DeMo.train INFO: CMC curve, Rank-10 :96.6%
2025-12-07 16:05:49,890 DeMo.train INFO: ~~~~~~~~~~~~~~~~~~~~~~~~~~~~~~~~~~~~~~~~~~~~~~~~~~
2025-12-07 16:05:50,921 DeMo.train INFO: ~~~~~~~~~~~~~~~~~~~~~~~~~~~~~~~~~~~~~~~~~~~~~~~~~~
2025-12-07 16:05:50,922 DeMo.train INFO: Best mAP: 84.5%
2025-12-07 16:05:50,923 DeMo.train INFO: Best Rank-1: 95.8%
2025-12-07 16:05:50,924 DeMo.train INFO: Best Rank-5: 96.5%
2025-12-07 16:05:50,925 DeMo.train INFO: Best Rank-10: 96.8%
2025-12-07 16:05:50,926 DeMo.train INFO: ~~~~~~~~~~~~~~~~~~~~~~~~~~~~~~~~~~~~~~~~~~~~~~~~~~
2025-12-07 16:06:00,954 DeMo.train INFO: Epoch[29] Iteration[10/65] Loss: 0.368, Acc: 1.000, Base Lr: 1.31e-06
2025-12-07 16:06:05,494 DeMo.train INFO: Epoch[29] Iteration[20/65] Loss: 0.368, Acc: 1.000, Base Lr: 1.31e-06
2025-12-07 16:06:10,008 DeMo.train INFO: Epoch[29] Iteration[30/65] Loss: 0.368, Acc: 1.000, Base Lr: 1.31e-06
2025-12-07 16:06:14,522 DeMo.train INFO: Epoch[29] Iteration[40/65] Loss: 0.368, Acc: 1.000, Base Lr: 1.31e-06
2025-12-07 16:06:19,016 DeMo.train INFO: Epoch[29] Iteration[50/65] Loss: 0.368, Acc: 1.000, Base Lr: 1.31e-06
2025-12-07 16:06:23,529 DeMo.train INFO: Epoch[29] Iteration[60/65] Loss: 0.368, Acc: 1.000, Base Lr: 1.31e-06
2025-12-07 16:06:24,589 DeMo.train INFO: Epoch 29 done. Time per batch: 0.543[s] Speed: 235.8[samples/s]
2025-12-07 16:06:24,596 DeMo.train INFO: ~~~~~~~~~~~~~~~~~~~~~~~~~~~~~~~~~~~~~~~~~~~~~~~~~~
2025-12-07 16:06:24,597 DeMo.train INFO: Current is the [moe,ori] feature testing!
2025-12-07 16:06:24,597 DeMo.train INFO: ~~~~~~~~~~~~~~~~~~~~~~~~~~~~~~~~~~~~~~~~~~~~~~~~~~
The test feature is normalized
=> Computing DistMat with euclidean_distance
2025-12-07 16:06:53,733 DeMo.train INFO: Validation Results - Epoch: 29
2025-12-07 16:06:53,733 DeMo.train INFO: mAP: 84.3%
2025-12-07 16:06:53,733 DeMo.train INFO: CMC curve, Rank-1  :95.7%
2025-12-07 16:06:53,733 DeMo.train INFO: CMC curve, Rank-5  :96.4%
2025-12-07 16:06:53,733 DeMo.train INFO: CMC curve, Rank-10 :96.6%
2025-12-07 16:06:53,733 DeMo.train INFO: ~~~~~~~~~~~~~~~~~~~~~~~~~~~~~~~~~~~~~~~~~~~~~~~~~~
2025-12-07 16:06:54,814 DeMo.train INFO: ~~~~~~~~~~~~~~~~~~~~~~~~~~~~~~~~~~~~~~~~~~~~~~~~~~
2025-12-07 16:06:54,814 DeMo.train INFO: Best mAP: 84.5%
2025-12-07 16:06:54,814 DeMo.train INFO: Best Rank-1: 95.8%
2025-12-07 16:06:54,814 DeMo.train INFO: Best Rank-5: 96.5%
2025-12-07 16:06:54,814 DeMo.train INFO: Best Rank-10: 96.8%
2025-12-07 16:06:54,814 DeMo.train INFO: ~~~~~~~~~~~~~~~~~~~~~~~~~~~~~~~~~~~~~~~~~~~~~~~~~~
2025-12-07 16:07:01,528 DeMo.train INFO: Epoch[30] Iteration[10/65] Loss: 0.369, Acc: 1.000, Base Lr: 3.50e-07
2025-12-07 16:07:06,071 DeMo.train INFO: Epoch[30] Iteration[20/65] Loss: 0.369, Acc: 1.000, Base Lr: 3.50e-07
2025-12-07 16:07:10,625 DeMo.train INFO: Epoch[30] Iteration[30/65] Loss: 0.368, Acc: 1.000, Base Lr: 3.50e-07
2025-12-07 16:07:15,159 DeMo.train INFO: Epoch[30] Iteration[40/65] Loss: 0.368, Acc: 1.000, Base Lr: 3.50e-07
2025-12-07 16:07:19,679 DeMo.train INFO: Epoch[30] Iteration[50/65] Loss: 0.368, Acc: 1.000, Base Lr: 3.50e-07
2025-12-07 16:07:24,202 DeMo.train INFO: Epoch[30] Iteration[60/65] Loss: 0.368, Acc: 1.000, Base Lr: 3.50e-07
2025-12-07 16:07:25,262 DeMo.train INFO: Epoch 30 done. Time per batch: 0.491[s] Speed: 260.6[samples/s]
2025-12-07 16:07:25,269 DeMo.train INFO: ~~~~~~~~~~~~~~~~~~~~~~~~~~~~~~~~~~~~~~~~~~~~~~~~~~
2025-12-07 16:07:25,269 DeMo.train INFO: Current is the [moe,ori] feature testing!
2025-12-07 16:07:25,269 DeMo.train INFO: ~~~~~~~~~~~~~~~~~~~~~~~~~~~~~~~~~~~~~~~~~~~~~~~~~~
The test feature is normalized
=> Computing DistMat with euclidean_distance
2025-12-07 16:07:48,734 DeMo.train INFO: Validation Results - Epoch: 30
2025-12-07 16:07:48,735 DeMo.train INFO: mAP: 84.3%
2025-12-07 16:07:48,737 DeMo.train INFO: CMC curve, Rank-1  :95.8%
2025-12-07 16:07:48,738 DeMo.train INFO: CMC curve, Rank-5  :96.3%
2025-12-07 16:07:48,739 DeMo.train INFO: CMC curve, Rank-10 :96.6%
2025-12-07 16:07:48,740 DeMo.train INFO: ~~~~~~~~~~~~~~~~~~~~~~~~~~~~~~~~~~~~~~~~~~~~~~~~~~
2025-12-07 16:07:49,347 DeMo.train INFO: ~~~~~~~~~~~~~~~~~~~~~~~~~~~~~~~~~~~~~~~~~~~~~~~~~~
2025-12-07 16:07:49,348 DeMo.train INFO: Best mAP: 84.5%
2025-12-07 16:07:49,350 DeMo.train INFO: Best Rank-1: 95.8%
2025-12-07 16:07:49,351 DeMo.train INFO: Best Rank-5: 96.5%
2025-12-07 16:07:49,351 DeMo.train INFO: Best Rank-10: 96.8%
2025-12-07 16:07:49,352 DeMo.train INFO: ~~~~~~~~~~~~~~~~~~~~~~~~~~~~~~~~~~~~~~~~~~~~~~~~~~
