2025-12-08 03:33:51,957 DeMo INFO: Saving model in the path :..
2025-12-08 03:33:51,957 DeMo INFO: Namespace(config_file='configs/MSVR310/DeMo_SDTPS_DGAF_ablation.yml', exp_name='ablation_baseline', fea_cft=0, local_rank=0, opts=['MODEL.USE_SDTPS', 'False', 'MODEL.USE_DGAF', 'False'])
2025-12-08 03:33:51,957 DeMo INFO: Loaded configuration file configs/MSVR310/DeMo_SDTPS_DGAF_ablation.yml
2025-12-08 03:33:51,958 DeMo INFO: 
MODEL:
  TRANSFORMER_TYPE: 'ViT-B-16'
  STRIDE_SIZE: [ 16, 16 ]
  SIE_CAMERA: True
  DIRECT: 1
  SIE_COE: 1.0
  ID_LOSS_WEIGHT: 0.25
  TRIPLET_LOSS_WEIGHT: 1.0
  GLOBAL_LOCAL: True
  # Disable HDM and ATM
  HDM: False
  ATM: False
  # SACR disabled for ablation
  USE_SACR: False
  USE_MULTIMODAL_SACR: False
  # SDTPS configuration
  USE_SDTPS: True
  SDTPS_SPARSE_RATIO: 0.7
  SDTPS_AGGR_RATIO: 0.5
  SDTPS_BETA: 0.25
  SDTPS_USE_GUMBEL: False
  SDTPS_GUMBEL_TAU: 5.0
  SDTPS_LOSS_WEIGHT: 2.0
  # LIF disabled
  USE_LIF: False
  # DGAF: Dual-Gated Adaptive Fusion
  USE_DGAF: True
  DGAF_VERSION: 'v3'
  DGAF_TAU: 1.0
  DGAF_INIT_ALPHA: 0.5
  DGAF_NUM_HEADS: 8
  HEAD: 4

INPUT:
  SIZE_TRAIN: [ 128, 256 ]
  SIZE_TEST: [ 128, 256 ]
  PROB: 0.5
  RE_PROB: 0.5
  PADDING: 10

DATALOADER:
  SAMPLER: 'softmax_triplet'
  NUM_INSTANCE: 4
  NUM_WORKERS: 14

DATASETS:
  NAMES: ('MSVR310')
  ROOT_DIR: '..'

SOLVER:
  BASE_LR: 0.00035
  MAX_EPOCHS: 50
  STEPS: [30, 40]
  GAMMA: 0.1
  WARMUP_ITERS: 10
  WARMUP_FACTOR: 0.01
  WARMUP_METHOD: 'linear'
  OPTIMIZER_NAME: 'Adam'
  IMS_PER_BATCH: 64
  EVAL_PERIOD: 1
  CHECKPOINT_PERIOD: 10

TEST:
  IMS_PER_BATCH: 64
  RE_RANKING: 'no'
  WEIGHT: ''
  NECK_FEAT: 'before'
  FEAT_NORM: 'yes'
  MISS: "nothing"

OUTPUT_DIR: '..'

# ============================================================================
# MSVR310 SDTPS + DGAF Ablation Config
# ============================================================================
# - Based on original DeMo.yml for MSVR310
# - SACR: disabled
# - HDM/ATM: disabled, DIRECT: 1
# - SDTPS: configurable via command line
# - DGAF V3: configurable via command line
# - Training: lr=0.00035, epochs=50, warmup=10 (same as original)
# ============================================================================

2025-12-08 03:33:51,958 DeMo INFO: Running with config:
DATALOADER:
  NUM_INSTANCE: 4
  NUM_WORKERS: 14
  SAMPLER: softmax_triplet
DATASETS:
  NAMES: MSVR310
  ROOT_DIR: ..
INPUT:
  PADDING: 10
  PIXEL_MEAN: [0.5, 0.5, 0.5]
  PIXEL_STD: [0.5, 0.5, 0.5]
  PROB: 0.5
  RE_PROB: 0.5
  SIZE_TEST: [128, 256]
  SIZE_TRAIN: [128, 256]
MODEL:
  ADAPTER: False
  ATM: False
  ATT_DROP_RATE: 0.0
  DEVICE: cuda
  DEVICE_ID: 0
  DGAF_INIT_ALPHA: 0.5
  DGAF_NUM_HEADS: 8
  DGAF_TAU: 1.0
  DGAF_VERSION: v3
  DIRECT: 1
  DIST_TRAIN: False
  DROP_OUT: 0.0
  DROP_PATH: 0.1
  FROZEN: False
  GLOBAL_LOCAL: True
  HDM: False
  HEAD: 4
  ID_LOSS_TYPE: softmax
  ID_LOSS_WEIGHT: 0.25
  IF_LABELSMOOTH: on
  IF_WITH_CENTER: no
  LIF_BETA: 0.4
  LIF_LAYER: 3
  LIF_LOSS_WEIGHT: 0.1
  METRIC_LOSS_TYPE: triplet
  MULTIMODAL_SACR_VERSION: v1
  NAME: DeMo
  NECK: bnneck
  NO_MARGIN: True
  PRETRAIN_PATH_T: /path/to/your/vitb_16_224_21k.pth
  PROMPT: False
  SACR_DILATION_RATES: [2, 3, 4]
  SDTPS_AGGR_RATIO: 0.5
  SDTPS_BETA: 0.25
  SDTPS_GUMBEL_TAU: 5.0
  SDTPS_LOSS_WEIGHT: 2.0
  SDTPS_SPARSE_RATIO: 0.7
  SDTPS_USE_GUMBEL: False
  SIE_CAMERA: True
  SIE_COE: 1.0
  SIE_VIEW: False
  STRIDE_SIZE: [16, 16]
  TRANSFORMER_TYPE: ViT-B-16
  TRIPLET_LOSS_WEIGHT: 1.0
  USE_DGAF: False
  USE_LIF: False
  USE_MULTIMODAL_SACR: False
  USE_SACR: False
  USE_SDTPS: False
OUTPUT_DIR: ..
SOLVER:
  BASE_LR: 0.00035
  BIAS_LR_FACTOR: 2
  CENTER_LOSS_WEIGHT: 0.0005
  CENTER_LR: 0.5
  CHECKPOINT_PERIOD: 10
  CLUSTER_MARGIN: 0.3
  COSINE_MARGIN: 0.5
  COSINE_SCALE: 30
  EVAL_PERIOD: 1
  GAMMA: 0.1
  IMS_PER_BATCH: 64
  LARGE_FC_LR: False
  LOG_PERIOD: 10
  LR_SCHEDULER: cosine
  MARGIN: 0.3
  MAX_EPOCHS: 50
  MOMENTUM: 0.9
  OPTIMIZER_NAME: Adam
  RANGE_ALPHA: 0
  RANGE_BETA: 1
  RANGE_K: 2
  RANGE_LOSS_WEIGHT: 1
  RANGE_MARGIN: 0.3
  SEED: 1111
  STEPS: (30, 40)
  WARMUP_FACTOR: 0.01
  WARMUP_ITERS: 10
  WARMUP_METHOD: linear
  WEIGHT_DECAY: 0.0001
  WEIGHT_DECAY_BIAS: 0.0001
TEST:
  FEAT: 0
  FEAT_NORM: yes
  IMS_PER_BATCH: 64
  MISS: nothing
  NECK_FEAT: before
  RE_RANKING: no
  WEIGHT: 
=> RGB_IR loaded
Dataset statistics:
  ----------------------------------------
  subset   | # ids | # images | # cameras
  ----------------------------------------
  train    |   155 |     1032 |         8
  query    |    52 |      591 |         8
  gallery  |   155 |     1055 |         8
  ----------------------------------------
data is ready
using Transformer_type: ViT-B-16 as a backbone
Resized position embedding: %s to %s torch.Size([197, 768]) torch.Size([129, 768])
Position embedding resize to height:8 width: 16
Successfully load ckpt!
<All keys matched successfully>
Loading pretrained model from CLIP
camera number is : 8
===========Building DeMo===========
2025-12-08 03:34:03,380 DeMo INFO: DeMo(
  (BACKBONE): build_transformer(
    (base): VisionTransformer(
      (conv1): Conv2d(3, 768, kernel_size=(16, 16), stride=(16, 16), bias=False)
      (ln_pre): LayerNorm((768,), eps=1e-05, elementwise_affine=True)
      (transformer): Transformer(
        (resblocks): Sequential(
          (0): ResidualAttentionBlock(
            (attn): MultiheadAttention(
              (out_proj): NonDynamicallyQuantizableLinear(in_features=768, out_features=768, bias=True)
            )
            (ln_1): LayerNorm((768,), eps=1e-05, elementwise_affine=True)
            (mlp): Sequential(
              (c_fc): Linear(in_features=768, out_features=3072, bias=True)
              (gelu): QuickGELU()
              (c_proj): Linear(in_features=3072, out_features=768, bias=True)
            )
            (ln_2): LayerNorm((768,), eps=1e-05, elementwise_affine=True)
          )
          (1): ResidualAttentionBlock(
            (attn): MultiheadAttention(
              (out_proj): NonDynamicallyQuantizableLinear(in_features=768, out_features=768, bias=True)
            )
            (ln_1): LayerNorm((768,), eps=1e-05, elementwise_affine=True)
            (mlp): Sequential(
              (c_fc): Linear(in_features=768, out_features=3072, bias=True)
              (gelu): QuickGELU()
              (c_proj): Linear(in_features=3072, out_features=768, bias=True)
            )
            (ln_2): LayerNorm((768,), eps=1e-05, elementwise_affine=True)
          )
          (2): ResidualAttentionBlock(
            (attn): MultiheadAttention(
              (out_proj): NonDynamicallyQuantizableLinear(in_features=768, out_features=768, bias=True)
            )
            (ln_1): LayerNorm((768,), eps=1e-05, elementwise_affine=True)
            (mlp): Sequential(
              (c_fc): Linear(in_features=768, out_features=3072, bias=True)
              (gelu): QuickGELU()
              (c_proj): Linear(in_features=3072, out_features=768, bias=True)
            )
            (ln_2): LayerNorm((768,), eps=1e-05, elementwise_affine=True)
          )
          (3): ResidualAttentionBlock(
            (attn): MultiheadAttention(
              (out_proj): NonDynamicallyQuantizableLinear(in_features=768, out_features=768, bias=True)
            )
            (ln_1): LayerNorm((768,), eps=1e-05, elementwise_affine=True)
            (mlp): Sequential(
              (c_fc): Linear(in_features=768, out_features=3072, bias=True)
              (gelu): QuickGELU()
              (c_proj): Linear(in_features=3072, out_features=768, bias=True)
            )
            (ln_2): LayerNorm((768,), eps=1e-05, elementwise_affine=True)
          )
          (4): ResidualAttentionBlock(
            (attn): MultiheadAttention(
              (out_proj): NonDynamicallyQuantizableLinear(in_features=768, out_features=768, bias=True)
            )
            (ln_1): LayerNorm((768,), eps=1e-05, elementwise_affine=True)
            (mlp): Sequential(
              (c_fc): Linear(in_features=768, out_features=3072, bias=True)
              (gelu): QuickGELU()
              (c_proj): Linear(in_features=3072, out_features=768, bias=True)
            )
            (ln_2): LayerNorm((768,), eps=1e-05, elementwise_affine=True)
          )
          (5): ResidualAttentionBlock(
            (attn): MultiheadAttention(
              (out_proj): NonDynamicallyQuantizableLinear(in_features=768, out_features=768, bias=True)
            )
            (ln_1): LayerNorm((768,), eps=1e-05, elementwise_affine=True)
            (mlp): Sequential(
              (c_fc): Linear(in_features=768, out_features=3072, bias=True)
              (gelu): QuickGELU()
              (c_proj): Linear(in_features=3072, out_features=768, bias=True)
            )
            (ln_2): LayerNorm((768,), eps=1e-05, elementwise_affine=True)
          )
          (6): ResidualAttentionBlock(
            (attn): MultiheadAttention(
              (out_proj): NonDynamicallyQuantizableLinear(in_features=768, out_features=768, bias=True)
            )
            (ln_1): LayerNorm((768,), eps=1e-05, elementwise_affine=True)
            (mlp): Sequential(
              (c_fc): Linear(in_features=768, out_features=3072, bias=True)
              (gelu): QuickGELU()
              (c_proj): Linear(in_features=3072, out_features=768, bias=True)
            )
            (ln_2): LayerNorm((768,), eps=1e-05, elementwise_affine=True)
          )
          (7): ResidualAttentionBlock(
            (attn): MultiheadAttention(
              (out_proj): NonDynamicallyQuantizableLinear(in_features=768, out_features=768, bias=True)
            )
            (ln_1): LayerNorm((768,), eps=1e-05, elementwise_affine=True)
            (mlp): Sequential(
              (c_fc): Linear(in_features=768, out_features=3072, bias=True)
              (gelu): QuickGELU()
              (c_proj): Linear(in_features=3072, out_features=768, bias=True)
            )
            (ln_2): LayerNorm((768,), eps=1e-05, elementwise_affine=True)
          )
          (8): ResidualAttentionBlock(
            (attn): MultiheadAttention(
              (out_proj): NonDynamicallyQuantizableLinear(in_features=768, out_features=768, bias=True)
            )
            (ln_1): LayerNorm((768,), eps=1e-05, elementwise_affine=True)
            (mlp): Sequential(
              (c_fc): Linear(in_features=768, out_features=3072, bias=True)
              (gelu): QuickGELU()
              (c_proj): Linear(in_features=3072, out_features=768, bias=True)
            )
            (ln_2): LayerNorm((768,), eps=1e-05, elementwise_affine=True)
          )
          (9): ResidualAttentionBlock(
            (attn): MultiheadAttention(
              (out_proj): NonDynamicallyQuantizableLinear(in_features=768, out_features=768, bias=True)
            )
            (ln_1): LayerNorm((768,), eps=1e-05, elementwise_affine=True)
            (mlp): Sequential(
              (c_fc): Linear(in_features=768, out_features=3072, bias=True)
              (gelu): QuickGELU()
              (c_proj): Linear(in_features=3072, out_features=768, bias=True)
            )
            (ln_2): LayerNorm((768,), eps=1e-05, elementwise_affine=True)
          )
          (10): ResidualAttentionBlock(
            (attn): MultiheadAttention(
              (out_proj): NonDynamicallyQuantizableLinear(in_features=768, out_features=768, bias=True)
            )
            (ln_1): LayerNorm((768,), eps=1e-05, elementwise_affine=True)
            (mlp): Sequential(
              (c_fc): Linear(in_features=768, out_features=3072, bias=True)
              (gelu): QuickGELU()
              (c_proj): Linear(in_features=3072, out_features=768, bias=True)
            )
            (ln_2): LayerNorm((768,), eps=1e-05, elementwise_affine=True)
          )
          (11): ResidualAttentionBlock(
            (attn): MultiheadAttention(
              (out_proj): NonDynamicallyQuantizableLinear(in_features=768, out_features=768, bias=True)
            )
            (ln_1): LayerNorm((768,), eps=1e-05, elementwise_affine=True)
            (mlp): Sequential(
              (c_fc): Linear(in_features=768, out_features=3072, bias=True)
              (gelu): QuickGELU()
              (c_proj): Linear(in_features=3072, out_features=768, bias=True)
            )
            (ln_2): LayerNorm((768,), eps=1e-05, elementwise_affine=True)
          )
        )
      )
      (ln_post): LayerNorm((768,), eps=1e-05, elementwise_affine=True)
    )
  )
  (pool): AdaptiveAvgPool1d(output_size=1)
  (rgb_reduce): Sequential(
    (0): LayerNorm((1024,), eps=1e-05, elementwise_affine=True)
    (1): Linear(in_features=1024, out_features=512, bias=True)
    (2): QuickGELU()
  )
  (nir_reduce): Sequential(
    (0): LayerNorm((1024,), eps=1e-05, elementwise_affine=True)
    (1): Linear(in_features=1024, out_features=512, bias=True)
    (2): QuickGELU()
  )
  (tir_reduce): Sequential(
    (0): LayerNorm((1024,), eps=1e-05, elementwise_affine=True)
    (1): Linear(in_features=1024, out_features=512, bias=True)
    (2): QuickGELU()
  )
  (classifier): Linear(in_features=1536, out_features=155, bias=False)
  (bottleneck): BatchNorm1d(1536, eps=1e-05, momentum=0.1, affine=True, track_running_stats=True)
)
2025-12-08 03:34:03,381 DeMo INFO: number of parameters:87.96672
/home/yij/miniconda3/envs/DeMo/lib/python3.8/site-packages/timm/models/helpers.py:7: FutureWarning: Importing from timm.models.helpers is deprecated, please import via timm.models
  warnings.warn(f"Importing from {__name__} is deprecated, please import via timm.models", FutureWarning)
/home/yij/miniconda3/envs/DeMo/lib/python3.8/site-packages/timm/models/registry.py:4: FutureWarning: Importing from timm.models.registry is deprecated, please import via timm.models
  warnings.warn(f"Importing from {__name__} is deprecated, please import via timm.models", FutureWarning)
/home/yij/miniconda3/envs/DeMo/lib/python3.8/site-packages/timm/models/layers/__init__.py:48: FutureWarning: Importing from timm.models.layers is deprecated, please import via timm.layers
  warnings.warn(f"Importing from {__name__} is deprecated, please import via timm.layers", FutureWarning)
/raid/yij/icme/demo2new/DeMo2/modeling/clip/clip.py:23: UserWarning: PyTorch version 1.7.1 or higher is recommended
  warnings.warn("PyTorch version 1.7.1 or higher is recommended")
/home/yij/miniconda3/envs/DeMo/lib/python3.8/site-packages/torchvision/transforms/transforms.py:329: UserWarning: Argument 'interpolation' of type int is deprecated since 0.13 and will be removed in 0.15. Please use InterpolationMode enum.
  warnings.warn(
The following submodules of the model were never called during the trace of the graph. They may be unused, or they were accessed by direct calls to .forward() or via other python methods. In the latter case they will have zeros for statistics, though their statistics will still contribute to their parent calling module.
BACKBONE.base.transformer.resblocks.0.attn.out_proj, BACKBONE.base.transformer.resblocks.1.attn.out_proj, BACKBONE.base.transformer.resblocks.10.attn.out_proj, BACKBONE.base.transformer.resblocks.11.attn.out_proj, BACKBONE.base.transformer.resblocks.2.attn.out_proj, BACKBONE.base.transformer.resblocks.3.attn.out_proj, BACKBONE.base.transformer.resblocks.4.attn.out_proj, BACKBONE.base.transformer.resblocks.5.attn.out_proj, BACKBONE.base.transformer.resblocks.6.attn.out_proj, BACKBONE.base.transformer.resblocks.7.attn.out_proj, BACKBONE.base.transformer.resblocks.8.attn.out_proj, BACKBONE.base.transformer.resblocks.9.attn.out_proj, bottleneck, classifier
~~~~~~~~~~~~~~~~~~~~~~~~~~~~~~~~~~~~~~~~~~~~~~~~~~~~~~~~~~~~~~~~~~~~~~~~~~~~~~~~~~~~~~~~~~~~~~~~
The out_proj here is called by the nn.MultiheadAttention, which has been calculated in th .forward(), so just ignore it.
~~~~~~~~~~~~~~~~~~~~~~~~~~~~~~~~~~~~~~~~~~~~~~~~~~~~~~~~~~~~~~~~~~~~~~~~~~~~~~~~~~~~~~~~~~~~~~~~
For the bottleneck or classifier, it is not calculated during inference, so just ignore it.
~~~~~~~~~~~~~~~~~~~~~~~~~~~~~~~~~~~~~~~~~~~~~~~~~~~~~~~~~~~~~~~~~~~~~~~~~~~~~~~~~~~~~~~~~~~~~~~~
2025-12-08 03:34:06,235 DeMo INFO: number of GFLOPs: 34.277168148
using soft triplet loss for training
label smooth on, numclasses: 155
2025-12-08 03:34:06,245 DeMo.train INFO: start training
2025-12-08 03:34:11,942 DeMo.train INFO: Epoch[1] Iteration[10/16] Loss: 2.556, Acc: 0.008, Base Lr: 6.65e-05
2025-12-08 03:34:13,030 DeMo.train INFO: Epoch 1 done. Time per batch: 0.483[s] Speed: 132.4[samples/s]
2025-12-08 03:34:13,031 DeMo.train INFO: ~~~~~~~~~~~~~~~~~~~~~~~~~~~~~~~~~~~~~~~~~~~~~~~~~~
2025-12-08 03:34:13,031 DeMo.train INFO: Current is the [moe,ori] feature testing!
2025-12-08 03:34:13,031 DeMo.train INFO: ~~~~~~~~~~~~~~~~~~~~~~~~~~~~~~~~~~~~~~~~~~~~~~~~~~
The test feature is normalized
2025-12-08 03:34:21,840 DeMo.train INFO: Validation Results - Epoch: 1
2025-12-08 03:34:21,840 DeMo.train INFO: mAP: 15.1%
2025-12-08 03:34:21,840 DeMo.train INFO: CMC curve, Rank-1  :35.2%
2025-12-08 03:34:21,840 DeMo.train INFO: CMC curve, Rank-5  :55.8%
2025-12-08 03:34:21,841 DeMo.train INFO: CMC curve, Rank-10 :63.5%
2025-12-08 03:34:21,841 DeMo.train INFO: ~~~~~~~~~~~~~~~~~~~~~~~~~~~~~~~~~~~~~~~~~~~~~~~~~~
2025-12-08 03:34:53,281 DeMo.train INFO: ~~~~~~~~~~~~~~~~~~~~~~~~~~~~~~~~~~~~~~~~~~~~~~~~~~
2025-12-08 03:34:53,282 DeMo.train INFO: Best mAP: 15.1%
2025-12-08 03:34:53,283 DeMo.train INFO: Best Rank-1: 35.2%
2025-12-08 03:34:53,283 DeMo.train INFO: Best Rank-5: 55.8%
2025-12-08 03:34:53,284 DeMo.train INFO: Best Rank-10: 63.5%
2025-12-08 03:34:53,285 DeMo.train INFO: ~~~~~~~~~~~~~~~~~~~~~~~~~~~~~~~~~~~~~~~~~~~~~~~~~~
2025-12-08 03:34:59,545 DeMo.train INFO: Epoch[2] Iteration[10/16] Loss: 2.007, Acc: 0.087, Base Lr: 9.80e-05
2025-12-08 03:35:00,601 DeMo.train INFO: Epoch 2 done. Time per batch: 0.523[s] Speed: 122.5[samples/s]
2025-12-08 03:35:00,602 DeMo.train INFO: ~~~~~~~~~~~~~~~~~~~~~~~~~~~~~~~~~~~~~~~~~~~~~~~~~~
2025-12-08 03:35:00,602 DeMo.train INFO: Current is the [moe,ori] feature testing!
2025-12-08 03:35:00,602 DeMo.train INFO: ~~~~~~~~~~~~~~~~~~~~~~~~~~~~~~~~~~~~~~~~~~~~~~~~~~
The test feature is normalized
2025-12-08 03:35:27,587 DeMo.train INFO: Validation Results - Epoch: 2
2025-12-08 03:35:27,589 DeMo.train INFO: mAP: 20.5%
2025-12-08 03:35:27,590 DeMo.train INFO: CMC curve, Rank-1  :34.9%
2025-12-08 03:35:27,591 DeMo.train INFO: CMC curve, Rank-5  :59.6%
2025-12-08 03:35:27,592 DeMo.train INFO: CMC curve, Rank-10 :68.2%
2025-12-08 03:35:27,594 DeMo.train INFO: ~~~~~~~~~~~~~~~~~~~~~~~~~~~~~~~~~~~~~~~~~~~~~~~~~~
2025-12-08 03:36:07,786 DeMo.train INFO: ~~~~~~~~~~~~~~~~~~~~~~~~~~~~~~~~~~~~~~~~~~~~~~~~~~
2025-12-08 03:36:07,787 DeMo.train INFO: Best mAP: 20.5%
2025-12-08 03:36:07,788 DeMo.train INFO: Best Rank-1: 34.9%
2025-12-08 03:36:07,789 DeMo.train INFO: Best Rank-5: 59.6%
2025-12-08 03:36:07,791 DeMo.train INFO: Best Rank-10: 68.2%
2025-12-08 03:36:07,791 DeMo.train INFO: ~~~~~~~~~~~~~~~~~~~~~~~~~~~~~~~~~~~~~~~~~~~~~~~~~~
2025-12-08 03:36:14,258 DeMo.train INFO: Epoch[3] Iteration[10/16] Loss: 1.914, Acc: 0.384, Base Lr: 1.30e-04
2025-12-08 03:36:15,323 DeMo.train INFO: Epoch 3 done. Time per batch: 0.538[s] Speed: 119.0[samples/s]
2025-12-08 03:36:15,325 DeMo.train INFO: ~~~~~~~~~~~~~~~~~~~~~~~~~~~~~~~~~~~~~~~~~~~~~~~~~~
2025-12-08 03:36:15,325 DeMo.train INFO: Current is the [moe,ori] feature testing!
2025-12-08 03:36:15,325 DeMo.train INFO: ~~~~~~~~~~~~~~~~~~~~~~~~~~~~~~~~~~~~~~~~~~~~~~~~~~
The test feature is normalized
2025-12-08 03:36:22,498 DeMo.train INFO: Validation Results - Epoch: 3
2025-12-08 03:36:22,499 DeMo.train INFO: mAP: 32.0%
2025-12-08 03:36:22,499 DeMo.train INFO: CMC curve, Rank-1  :50.6%
2025-12-08 03:36:22,499 DeMo.train INFO: CMC curve, Rank-5  :70.4%
2025-12-08 03:36:22,499 DeMo.train INFO: CMC curve, Rank-10 :80.5%
2025-12-08 03:36:22,499 DeMo.train INFO: ~~~~~~~~~~~~~~~~~~~~~~~~~~~~~~~~~~~~~~~~~~~~~~~~~~
2025-12-08 03:36:56,381 DeMo.train INFO: ~~~~~~~~~~~~~~~~~~~~~~~~~~~~~~~~~~~~~~~~~~~~~~~~~~
2025-12-08 03:36:56,383 DeMo.train INFO: Best mAP: 32.0%
2025-12-08 03:36:56,385 DeMo.train INFO: Best Rank-1: 50.6%
2025-12-08 03:36:56,387 DeMo.train INFO: Best Rank-5: 70.4%
2025-12-08 03:36:56,387 DeMo.train INFO: Best Rank-10: 80.5%
2025-12-08 03:36:56,389 DeMo.train INFO: ~~~~~~~~~~~~~~~~~~~~~~~~~~~~~~~~~~~~~~~~~~~~~~~~~~
2025-12-08 03:37:08,196 DeMo.train INFO: Epoch[4] Iteration[10/16] Loss: 1.808, Acc: 0.463, Base Lr: 1.61e-04
2025-12-08 03:37:13,129 DeMo.train INFO: Epoch 4 done. Time per batch: 1.116[s] Speed: 57.4[samples/s]
2025-12-08 03:37:13,132 DeMo.train INFO: ~~~~~~~~~~~~~~~~~~~~~~~~~~~~~~~~~~~~~~~~~~~~~~~~~~
2025-12-08 03:37:13,133 DeMo.train INFO: Current is the [moe,ori] feature testing!
2025-12-08 03:37:13,134 DeMo.train INFO: ~~~~~~~~~~~~~~~~~~~~~~~~~~~~~~~~~~~~~~~~~~~~~~~~~~
The test feature is normalized
2025-12-08 03:37:32,585 DeMo.train INFO: Validation Results - Epoch: 4
2025-12-08 03:37:32,585 DeMo.train INFO: mAP: 33.1%
2025-12-08 03:37:32,586 DeMo.train INFO: CMC curve, Rank-1  :50.8%
2025-12-08 03:37:32,586 DeMo.train INFO: CMC curve, Rank-5  :69.2%
2025-12-08 03:37:32,586 DeMo.train INFO: CMC curve, Rank-10 :76.3%
2025-12-08 03:37:32,586 DeMo.train INFO: ~~~~~~~~~~~~~~~~~~~~~~~~~~~~~~~~~~~~~~~~~~~~~~~~~~
2025-12-08 03:37:50,852 DeMo.train INFO: ~~~~~~~~~~~~~~~~~~~~~~~~~~~~~~~~~~~~~~~~~~~~~~~~~~
2025-12-08 03:37:50,853 DeMo.train INFO: Best mAP: 33.1%
2025-12-08 03:37:50,853 DeMo.train INFO: Best Rank-1: 50.8%
2025-12-08 03:37:50,853 DeMo.train INFO: Best Rank-5: 69.2%
2025-12-08 03:37:50,853 DeMo.train INFO: Best Rank-10: 76.3%
2025-12-08 03:37:50,853 DeMo.train INFO: ~~~~~~~~~~~~~~~~~~~~~~~~~~~~~~~~~~~~~~~~~~~~~~~~~~
2025-12-08 03:37:55,142 DeMo.train INFO: Epoch[5] Iteration[10/16] Loss: 1.614, Acc: 0.411, Base Lr: 1.93e-04
2025-12-08 03:37:56,220 DeMo.train INFO: Epoch 5 done. Time per batch: 0.383[s] Speed: 167.0[samples/s]
2025-12-08 03:37:56,221 DeMo.train INFO: ~~~~~~~~~~~~~~~~~~~~~~~~~~~~~~~~~~~~~~~~~~~~~~~~~~
2025-12-08 03:37:56,223 DeMo.train INFO: Current is the [moe,ori] feature testing!
2025-12-08 03:37:56,224 DeMo.train INFO: ~~~~~~~~~~~~~~~~~~~~~~~~~~~~~~~~~~~~~~~~~~~~~~~~~~
The test feature is normalized
2025-12-08 03:38:14,702 DeMo.train INFO: Validation Results - Epoch: 5
2025-12-08 03:38:14,702 DeMo.train INFO: mAP: 38.4%
2025-12-08 03:38:14,702 DeMo.train INFO: CMC curve, Rank-1  :57.7%
2025-12-08 03:38:14,702 DeMo.train INFO: CMC curve, Rank-5  :73.9%
2025-12-08 03:38:14,703 DeMo.train INFO: CMC curve, Rank-10 :80.0%
2025-12-08 03:38:14,703 DeMo.train INFO: ~~~~~~~~~~~~~~~~~~~~~~~~~~~~~~~~~~~~~~~~~~~~~~~~~~
2025-12-08 03:38:31,281 DeMo.train INFO: ~~~~~~~~~~~~~~~~~~~~~~~~~~~~~~~~~~~~~~~~~~~~~~~~~~
2025-12-08 03:38:31,282 DeMo.train INFO: Best mAP: 38.4%
2025-12-08 03:38:31,282 DeMo.train INFO: Best Rank-1: 57.7%
2025-12-08 03:38:31,282 DeMo.train INFO: Best Rank-5: 73.9%
2025-12-08 03:38:31,282 DeMo.train INFO: Best Rank-10: 80.0%
2025-12-08 03:38:31,282 DeMo.train INFO: ~~~~~~~~~~~~~~~~~~~~~~~~~~~~~~~~~~~~~~~~~~~~~~~~~~
2025-12-08 03:38:37,508 DeMo.train INFO: Epoch[6] Iteration[10/16] Loss: 1.413, Acc: 0.444, Base Lr: 2.24e-04
2025-12-08 03:38:38,572 DeMo.train INFO: Epoch 6 done. Time per batch: 0.521[s] Speed: 122.9[samples/s]
2025-12-08 03:38:38,574 DeMo.train INFO: ~~~~~~~~~~~~~~~~~~~~~~~~~~~~~~~~~~~~~~~~~~~~~~~~~~
2025-12-08 03:38:38,576 DeMo.train INFO: Current is the [moe,ori] feature testing!
2025-12-08 03:38:38,577 DeMo.train INFO: ~~~~~~~~~~~~~~~~~~~~~~~~~~~~~~~~~~~~~~~~~~~~~~~~~~
The test feature is normalized
2025-12-08 03:39:22,970 DeMo.train INFO: Validation Results - Epoch: 6
2025-12-08 03:39:22,973 DeMo.train INFO: mAP: 34.5%
2025-12-08 03:39:22,973 DeMo.train INFO: CMC curve, Rank-1  :53.1%
2025-12-08 03:39:22,973 DeMo.train INFO: CMC curve, Rank-5  :73.3%
2025-12-08 03:39:22,974 DeMo.train INFO: CMC curve, Rank-10 :80.7%
2025-12-08 03:39:22,974 DeMo.train INFO: ~~~~~~~~~~~~~~~~~~~~~~~~~~~~~~~~~~~~~~~~~~~~~~~~~~
2025-12-08 03:39:23,040 DeMo.train INFO: ~~~~~~~~~~~~~~~~~~~~~~~~~~~~~~~~~~~~~~~~~~~~~~~~~~
2025-12-08 03:39:23,040 DeMo.train INFO: Best mAP: 38.4%
2025-12-08 03:39:23,041 DeMo.train INFO: Best Rank-1: 57.7%
2025-12-08 03:39:23,041 DeMo.train INFO: Best Rank-5: 73.9%
2025-12-08 03:39:23,041 DeMo.train INFO: Best Rank-10: 80.0%
2025-12-08 03:39:23,041 DeMo.train INFO: ~~~~~~~~~~~~~~~~~~~~~~~~~~~~~~~~~~~~~~~~~~~~~~~~~~
2025-12-08 03:39:27,828 DeMo.train INFO: Epoch[7] Iteration[10/16] Loss: 1.194, Acc: 0.658, Base Lr: 2.55e-04
2025-12-08 03:39:28,893 DeMo.train INFO: Epoch 7 done. Time per batch: 0.418[s] Speed: 153.1[samples/s]
2025-12-08 03:39:28,894 DeMo.train INFO: ~~~~~~~~~~~~~~~~~~~~~~~~~~~~~~~~~~~~~~~~~~~~~~~~~~
2025-12-08 03:39:28,894 DeMo.train INFO: Current is the [moe,ori] feature testing!
2025-12-08 03:39:28,894 DeMo.train INFO: ~~~~~~~~~~~~~~~~~~~~~~~~~~~~~~~~~~~~~~~~~~~~~~~~~~
The test feature is normalized
2025-12-08 03:39:36,004 DeMo.train INFO: Validation Results - Epoch: 7
2025-12-08 03:39:36,004 DeMo.train INFO: mAP: 42.0%
2025-12-08 03:39:36,004 DeMo.train INFO: CMC curve, Rank-1  :60.4%
2025-12-08 03:39:36,004 DeMo.train INFO: CMC curve, Rank-5  :77.2%
2025-12-08 03:39:36,004 DeMo.train INFO: CMC curve, Rank-10 :83.1%
2025-12-08 03:39:36,004 DeMo.train INFO: ~~~~~~~~~~~~~~~~~~~~~~~~~~~~~~~~~~~~~~~~~~~~~~~~~~
2025-12-08 03:39:53,850 DeMo.train INFO: ~~~~~~~~~~~~~~~~~~~~~~~~~~~~~~~~~~~~~~~~~~~~~~~~~~
2025-12-08 03:39:53,850 DeMo.train INFO: Best mAP: 42.0%
2025-12-08 03:39:53,850 DeMo.train INFO: Best Rank-1: 60.4%
2025-12-08 03:39:53,850 DeMo.train INFO: Best Rank-5: 77.2%
2025-12-08 03:39:53,850 DeMo.train INFO: Best Rank-10: 83.1%
2025-12-08 03:39:53,850 DeMo.train INFO: ~~~~~~~~~~~~~~~~~~~~~~~~~~~~~~~~~~~~~~~~~~~~~~~~~~
2025-12-08 03:39:58,210 DeMo.train INFO: Epoch[8] Iteration[10/16] Loss: 0.967, Acc: 0.752, Base Lr: 2.87e-04
2025-12-08 03:39:59,279 DeMo.train INFO: Epoch 8 done. Time per batch: 0.388[s] Speed: 165.0[samples/s]
2025-12-08 03:39:59,281 DeMo.train INFO: ~~~~~~~~~~~~~~~~~~~~~~~~~~~~~~~~~~~~~~~~~~~~~~~~~~
2025-12-08 03:39:59,282 DeMo.train INFO: Current is the [moe,ori] feature testing!
2025-12-08 03:39:59,282 DeMo.train INFO: ~~~~~~~~~~~~~~~~~~~~~~~~~~~~~~~~~~~~~~~~~~~~~~~~~~
The test feature is normalized
2025-12-08 03:40:40,942 DeMo.train INFO: Validation Results - Epoch: 8
2025-12-08 03:40:40,943 DeMo.train INFO: mAP: 40.5%
2025-12-08 03:40:40,944 DeMo.train INFO: CMC curve, Rank-1  :57.9%
2025-12-08 03:40:40,946 DeMo.train INFO: CMC curve, Rank-5  :75.0%
2025-12-08 03:40:40,946 DeMo.train INFO: CMC curve, Rank-10 :80.9%
2025-12-08 03:40:40,948 DeMo.train INFO: ~~~~~~~~~~~~~~~~~~~~~~~~~~~~~~~~~~~~~~~~~~~~~~~~~~
2025-12-08 03:40:41,001 DeMo.train INFO: ~~~~~~~~~~~~~~~~~~~~~~~~~~~~~~~~~~~~~~~~~~~~~~~~~~
2025-12-08 03:40:41,002 DeMo.train INFO: Best mAP: 42.0%
2025-12-08 03:40:41,004 DeMo.train INFO: Best Rank-1: 60.4%
2025-12-08 03:40:41,004 DeMo.train INFO: Best Rank-5: 77.2%
2025-12-08 03:40:41,006 DeMo.train INFO: Best Rank-10: 83.1%
2025-12-08 03:40:41,006 DeMo.train INFO: ~~~~~~~~~~~~~~~~~~~~~~~~~~~~~~~~~~~~~~~~~~~~~~~~~~
2025-12-08 03:40:51,832 DeMo.train INFO: Epoch[9] Iteration[10/16] Loss: 0.792, Acc: 0.863, Base Lr: 3.18e-04
2025-12-08 03:40:52,887 DeMo.train INFO: Epoch 9 done. Time per batch: 0.849[s] Speed: 75.4[samples/s]
2025-12-08 03:40:52,888 DeMo.train INFO: ~~~~~~~~~~~~~~~~~~~~~~~~~~~~~~~~~~~~~~~~~~~~~~~~~~
2025-12-08 03:40:52,888 DeMo.train INFO: Current is the [moe,ori] feature testing!
2025-12-08 03:40:52,888 DeMo.train INFO: ~~~~~~~~~~~~~~~~~~~~~~~~~~~~~~~~~~~~~~~~~~~~~~~~~~
The test feature is normalized
2025-12-08 03:40:59,967 DeMo.train INFO: Validation Results - Epoch: 9
2025-12-08 03:40:59,967 DeMo.train INFO: mAP: 41.4%
2025-12-08 03:40:59,967 DeMo.train INFO: CMC curve, Rank-1  :59.7%
2025-12-08 03:40:59,967 DeMo.train INFO: CMC curve, Rank-5  :75.1%
2025-12-08 03:40:59,968 DeMo.train INFO: CMC curve, Rank-10 :81.9%
2025-12-08 03:40:59,968 DeMo.train INFO: ~~~~~~~~~~~~~~~~~~~~~~~~~~~~~~~~~~~~~~~~~~~~~~~~~~
2025-12-08 03:41:00,030 DeMo.train INFO: ~~~~~~~~~~~~~~~~~~~~~~~~~~~~~~~~~~~~~~~~~~~~~~~~~~
2025-12-08 03:41:00,030 DeMo.train INFO: Best mAP: 42.0%
2025-12-08 03:41:00,030 DeMo.train INFO: Best Rank-1: 60.4%
2025-12-08 03:41:00,030 DeMo.train INFO: Best Rank-5: 77.2%
2025-12-08 03:41:00,030 DeMo.train INFO: Best Rank-10: 83.1%
2025-12-08 03:41:00,030 DeMo.train INFO: ~~~~~~~~~~~~~~~~~~~~~~~~~~~~~~~~~~~~~~~~~~~~~~~~~~
2025-12-08 03:41:04,126 DeMo.train INFO: Epoch[10] Iteration[10/16] Loss: 0.664, Acc: 0.911, Base Lr: 3.17e-04
2025-12-08 03:41:05,418 DeMo.train INFO: Epoch 10 done. Time per batch: 0.359[s] Speed: 178.2[samples/s]
2025-12-08 03:41:05,420 DeMo.train INFO: ~~~~~~~~~~~~~~~~~~~~~~~~~~~~~~~~~~~~~~~~~~~~~~~~~~
2025-12-08 03:41:05,421 DeMo.train INFO: Current is the [moe,ori] feature testing!
2025-12-08 03:41:05,423 DeMo.train INFO: ~~~~~~~~~~~~~~~~~~~~~~~~~~~~~~~~~~~~~~~~~~~~~~~~~~
The test feature is normalized
2025-12-08 03:41:22,224 DeMo.train INFO: Validation Results - Epoch: 10
2025-12-08 03:41:22,224 DeMo.train INFO: mAP: 43.9%
2025-12-08 03:41:22,224 DeMo.train INFO: CMC curve, Rank-1  :59.7%
2025-12-08 03:41:22,224 DeMo.train INFO: CMC curve, Rank-5  :77.5%
2025-12-08 03:41:22,224 DeMo.train INFO: CMC curve, Rank-10 :81.6%
2025-12-08 03:41:22,224 DeMo.train INFO: ~~~~~~~~~~~~~~~~~~~~~~~~~~~~~~~~~~~~~~~~~~~~~~~~~~
2025-12-08 03:41:39,486 DeMo.train INFO: ~~~~~~~~~~~~~~~~~~~~~~~~~~~~~~~~~~~~~~~~~~~~~~~~~~
2025-12-08 03:41:39,486 DeMo.train INFO: Best mAP: 43.9%
2025-12-08 03:41:39,486 DeMo.train INFO: Best Rank-1: 59.7%
2025-12-08 03:41:39,486 DeMo.train INFO: Best Rank-5: 77.5%
2025-12-08 03:41:39,486 DeMo.train INFO: Best Rank-10: 81.6%
2025-12-08 03:41:39,486 DeMo.train INFO: ~~~~~~~~~~~~~~~~~~~~~~~~~~~~~~~~~~~~~~~~~~~~~~~~~~
2025-12-08 03:41:43,590 DeMo.train INFO: Epoch[11] Iteration[10/16] Loss: 0.520, Acc: 0.973, Base Lr: 3.10e-04
2025-12-08 03:41:44,644 DeMo.train INFO: Epoch 11 done. Time per batch: 0.368[s] Speed: 173.7[samples/s]
2025-12-08 03:41:44,647 DeMo.train INFO: ~~~~~~~~~~~~~~~~~~~~~~~~~~~~~~~~~~~~~~~~~~~~~~~~~~
2025-12-08 03:41:44,648 DeMo.train INFO: Current is the [moe,ori] feature testing!
2025-12-08 03:41:44,649 DeMo.train INFO: ~~~~~~~~~~~~~~~~~~~~~~~~~~~~~~~~~~~~~~~~~~~~~~~~~~
The test feature is normalized
2025-12-08 03:42:24,318 DeMo.train INFO: Validation Results - Epoch: 11
2025-12-08 03:42:24,320 DeMo.train INFO: mAP: 42.7%
2025-12-08 03:42:24,320 DeMo.train INFO: CMC curve, Rank-1  :59.2%
2025-12-08 03:42:24,321 DeMo.train INFO: CMC curve, Rank-5  :77.3%
2025-12-08 03:42:24,322 DeMo.train INFO: CMC curve, Rank-10 :80.9%
2025-12-08 03:42:24,322 DeMo.train INFO: ~~~~~~~~~~~~~~~~~~~~~~~~~~~~~~~~~~~~~~~~~~~~~~~~~~
2025-12-08 03:42:24,373 DeMo.train INFO: ~~~~~~~~~~~~~~~~~~~~~~~~~~~~~~~~~~~~~~~~~~~~~~~~~~
2025-12-08 03:42:24,374 DeMo.train INFO: Best mAP: 43.9%
2025-12-08 03:42:24,374 DeMo.train INFO: Best Rank-1: 59.7%
2025-12-08 03:42:24,375 DeMo.train INFO: Best Rank-5: 77.5%
2025-12-08 03:42:24,376 DeMo.train INFO: Best Rank-10: 81.6%
2025-12-08 03:42:24,377 DeMo.train INFO: ~~~~~~~~~~~~~~~~~~~~~~~~~~~~~~~~~~~~~~~~~~~~~~~~~~
2025-12-08 03:42:35,307 DeMo.train INFO: Epoch[12] Iteration[10/16] Loss: 0.485, Acc: 0.981, Base Lr: 3.03e-04
2025-12-08 03:42:36,373 DeMo.train INFO: Epoch 12 done. Time per batch: 0.857[s] Speed: 74.7[samples/s]
2025-12-08 03:42:36,374 DeMo.train INFO: ~~~~~~~~~~~~~~~~~~~~~~~~~~~~~~~~~~~~~~~~~~~~~~~~~~
2025-12-08 03:42:36,374 DeMo.train INFO: Current is the [moe,ori] feature testing!
2025-12-08 03:42:36,374 DeMo.train INFO: ~~~~~~~~~~~~~~~~~~~~~~~~~~~~~~~~~~~~~~~~~~~~~~~~~~
The test feature is normalized
2025-12-08 03:42:42,998 DeMo.train INFO: Validation Results - Epoch: 12
2025-12-08 03:42:42,998 DeMo.train INFO: mAP: 42.9%
2025-12-08 03:42:42,998 DeMo.train INFO: CMC curve, Rank-1  :58.2%
2025-12-08 03:42:42,999 DeMo.train INFO: CMC curve, Rank-5  :76.6%
2025-12-08 03:42:42,999 DeMo.train INFO: CMC curve, Rank-10 :82.1%
2025-12-08 03:42:42,999 DeMo.train INFO: ~~~~~~~~~~~~~~~~~~~~~~~~~~~~~~~~~~~~~~~~~~~~~~~~~~
2025-12-08 03:42:43,048 DeMo.train INFO: ~~~~~~~~~~~~~~~~~~~~~~~~~~~~~~~~~~~~~~~~~~~~~~~~~~
2025-12-08 03:42:43,049 DeMo.train INFO: Best mAP: 43.9%
2025-12-08 03:42:43,049 DeMo.train INFO: Best Rank-1: 59.7%
2025-12-08 03:42:43,049 DeMo.train INFO: Best Rank-5: 77.5%
2025-12-08 03:42:43,049 DeMo.train INFO: Best Rank-10: 81.6%
2025-12-08 03:42:43,049 DeMo.train INFO: ~~~~~~~~~~~~~~~~~~~~~~~~~~~~~~~~~~~~~~~~~~~~~~~~~~
2025-12-08 03:42:47,080 DeMo.train INFO: Epoch[13] Iteration[10/16] Loss: 0.415, Acc: 0.992, Base Lr: 2.95e-04
2025-12-08 03:42:48,147 DeMo.train INFO: Epoch 13 done. Time per batch: 0.364[s] Speed: 175.8[samples/s]
2025-12-08 03:42:48,149 DeMo.train INFO: ~~~~~~~~~~~~~~~~~~~~~~~~~~~~~~~~~~~~~~~~~~~~~~~~~~
2025-12-08 03:42:48,149 DeMo.train INFO: Current is the [moe,ori] feature testing!
2025-12-08 03:42:48,149 DeMo.train INFO: ~~~~~~~~~~~~~~~~~~~~~~~~~~~~~~~~~~~~~~~~~~~~~~~~~~
The test feature is normalized
2025-12-08 03:43:08,535 DeMo.train INFO: Validation Results - Epoch: 13
2025-12-08 03:43:08,537 DeMo.train INFO: mAP: 44.0%
2025-12-08 03:43:08,538 DeMo.train INFO: CMC curve, Rank-1  :58.9%
2025-12-08 03:43:08,539 DeMo.train INFO: CMC curve, Rank-5  :78.7%
2025-12-08 03:43:08,540 DeMo.train INFO: CMC curve, Rank-10 :83.1%
2025-12-08 03:43:08,540 DeMo.train INFO: ~~~~~~~~~~~~~~~~~~~~~~~~~~~~~~~~~~~~~~~~~~~~~~~~~~
2025-12-08 03:43:44,127 DeMo.train INFO: ~~~~~~~~~~~~~~~~~~~~~~~~~~~~~~~~~~~~~~~~~~~~~~~~~~
2025-12-08 03:43:44,130 DeMo.train INFO: Best mAP: 44.0%
2025-12-08 03:43:44,130 DeMo.train INFO: Best Rank-1: 58.9%
2025-12-08 03:43:44,130 DeMo.train INFO: Best Rank-5: 78.7%
2025-12-08 03:43:44,130 DeMo.train INFO: Best Rank-10: 83.1%
2025-12-08 03:43:44,130 DeMo.train INFO: ~~~~~~~~~~~~~~~~~~~~~~~~~~~~~~~~~~~~~~~~~~~~~~~~~~
2025-12-08 03:43:48,533 DeMo.train INFO: Epoch[14] Iteration[10/16] Loss: 0.406, Acc: 0.995, Base Lr: 2.87e-04
2025-12-08 03:43:49,847 DeMo.train INFO: Epoch 14 done. Time per batch: 0.381[s] Speed: 167.9[samples/s]
2025-12-08 03:43:49,848 DeMo.train INFO: ~~~~~~~~~~~~~~~~~~~~~~~~~~~~~~~~~~~~~~~~~~~~~~~~~~
2025-12-08 03:43:49,849 DeMo.train INFO: Current is the [moe,ori] feature testing!
2025-12-08 03:43:49,849 DeMo.train INFO: ~~~~~~~~~~~~~~~~~~~~~~~~~~~~~~~~~~~~~~~~~~~~~~~~~~
The test feature is normalized
2025-12-08 03:43:56,781 DeMo.train INFO: Validation Results - Epoch: 14
2025-12-08 03:43:56,781 DeMo.train INFO: mAP: 44.2%
2025-12-08 03:43:56,781 DeMo.train INFO: CMC curve, Rank-1  :59.4%
2025-12-08 03:43:56,782 DeMo.train INFO: CMC curve, Rank-5  :78.8%
2025-12-08 03:43:56,782 DeMo.train INFO: CMC curve, Rank-10 :84.3%
2025-12-08 03:43:56,782 DeMo.train INFO: ~~~~~~~~~~~~~~~~~~~~~~~~~~~~~~~~~~~~~~~~~~~~~~~~~~
2025-12-08 03:44:14,604 DeMo.train INFO: ~~~~~~~~~~~~~~~~~~~~~~~~~~~~~~~~~~~~~~~~~~~~~~~~~~
2025-12-08 03:44:14,604 DeMo.train INFO: Best mAP: 44.2%
2025-12-08 03:44:14,604 DeMo.train INFO: Best Rank-1: 59.4%
2025-12-08 03:44:14,604 DeMo.train INFO: Best Rank-5: 78.8%
2025-12-08 03:44:14,604 DeMo.train INFO: Best Rank-10: 84.3%
2025-12-08 03:44:14,605 DeMo.train INFO: ~~~~~~~~~~~~~~~~~~~~~~~~~~~~~~~~~~~~~~~~~~~~~~~~~~
2025-12-08 03:44:19,016 DeMo.train INFO: Epoch[15] Iteration[10/16] Loss: 0.366, Acc: 0.997, Base Lr: 2.78e-04
2025-12-08 03:44:20,079 DeMo.train INFO: Epoch 15 done. Time per batch: 0.391[s] Speed: 163.7[samples/s]
2025-12-08 03:44:20,080 DeMo.train INFO: ~~~~~~~~~~~~~~~~~~~~~~~~~~~~~~~~~~~~~~~~~~~~~~~~~~
2025-12-08 03:44:20,081 DeMo.train INFO: Current is the [moe,ori] feature testing!
2025-12-08 03:44:20,082 DeMo.train INFO: ~~~~~~~~~~~~~~~~~~~~~~~~~~~~~~~~~~~~~~~~~~~~~~~~~~
The test feature is normalized
2025-12-08 03:44:53,278 DeMo.train INFO: Validation Results - Epoch: 15
2025-12-08 03:44:53,278 DeMo.train INFO: mAP: 44.6%
2025-12-08 03:44:53,278 DeMo.train INFO: CMC curve, Rank-1  :59.4%
2025-12-08 03:44:53,278 DeMo.train INFO: CMC curve, Rank-5  :78.7%
2025-12-08 03:44:53,278 DeMo.train INFO: CMC curve, Rank-10 :84.3%
2025-12-08 03:44:53,278 DeMo.train INFO: ~~~~~~~~~~~~~~~~~~~~~~~~~~~~~~~~~~~~~~~~~~~~~~~~~~
2025-12-08 03:45:11,453 DeMo.train INFO: ~~~~~~~~~~~~~~~~~~~~~~~~~~~~~~~~~~~~~~~~~~~~~~~~~~
2025-12-08 03:45:11,454 DeMo.train INFO: Best mAP: 44.6%
2025-12-08 03:45:11,454 DeMo.train INFO: Best Rank-1: 59.4%
2025-12-08 03:45:11,454 DeMo.train INFO: Best Rank-5: 78.7%
2025-12-08 03:45:11,454 DeMo.train INFO: Best Rank-10: 84.3%
2025-12-08 03:45:11,454 DeMo.train INFO: ~~~~~~~~~~~~~~~~~~~~~~~~~~~~~~~~~~~~~~~~~~~~~~~~~~
2025-12-08 03:45:15,878 DeMo.train INFO: Epoch[16] Iteration[10/16] Loss: 0.339, Acc: 0.998, Base Lr: 2.69e-04
2025-12-08 03:45:17,185 DeMo.train INFO: Epoch 16 done. Time per batch: 0.382[s] Speed: 167.5[samples/s]
2025-12-08 03:45:17,186 DeMo.train INFO: ~~~~~~~~~~~~~~~~~~~~~~~~~~~~~~~~~~~~~~~~~~~~~~~~~~
2025-12-08 03:45:17,186 DeMo.train INFO: Current is the [moe,ori] feature testing!
2025-12-08 03:45:17,186 DeMo.train INFO: ~~~~~~~~~~~~~~~~~~~~~~~~~~~~~~~~~~~~~~~~~~~~~~~~~~
The test feature is normalized
2025-12-08 03:45:24,367 DeMo.train INFO: Validation Results - Epoch: 16
2025-12-08 03:45:24,367 DeMo.train INFO: mAP: 42.4%
2025-12-08 03:45:24,367 DeMo.train INFO: CMC curve, Rank-1  :56.7%
2025-12-08 03:45:24,367 DeMo.train INFO: CMC curve, Rank-5  :75.0%
2025-12-08 03:45:24,367 DeMo.train INFO: CMC curve, Rank-10 :82.1%
2025-12-08 03:45:24,367 DeMo.train INFO: ~~~~~~~~~~~~~~~~~~~~~~~~~~~~~~~~~~~~~~~~~~~~~~~~~~
2025-12-08 03:45:24,957 DeMo.train INFO: ~~~~~~~~~~~~~~~~~~~~~~~~~~~~~~~~~~~~~~~~~~~~~~~~~~
2025-12-08 03:45:24,958 DeMo.train INFO: Best mAP: 44.6%
2025-12-08 03:45:24,958 DeMo.train INFO: Best Rank-1: 59.4%
2025-12-08 03:45:24,958 DeMo.train INFO: Best Rank-5: 78.7%
2025-12-08 03:45:24,958 DeMo.train INFO: Best Rank-10: 84.3%
2025-12-08 03:45:24,958 DeMo.train INFO: ~~~~~~~~~~~~~~~~~~~~~~~~~~~~~~~~~~~~~~~~~~~~~~~~~~
2025-12-08 03:45:29,829 DeMo.train INFO: Epoch[17] Iteration[10/16] Loss: 0.317, Acc: 0.995, Base Lr: 2.59e-04
2025-12-08 03:45:31,124 DeMo.train INFO: Epoch 17 done. Time per batch: 0.411[s] Speed: 155.7[samples/s]
2025-12-08 03:45:31,126 DeMo.train INFO: ~~~~~~~~~~~~~~~~~~~~~~~~~~~~~~~~~~~~~~~~~~~~~~~~~~
2025-12-08 03:45:31,126 DeMo.train INFO: Current is the [moe,ori] feature testing!
2025-12-08 03:45:31,126 DeMo.train INFO: ~~~~~~~~~~~~~~~~~~~~~~~~~~~~~~~~~~~~~~~~~~~~~~~~~~
The test feature is normalized
2025-12-08 03:45:38,105 DeMo.train INFO: Validation Results - Epoch: 17
2025-12-08 03:45:38,106 DeMo.train INFO: mAP: 44.1%
2025-12-08 03:45:38,106 DeMo.train INFO: CMC curve, Rank-1  :58.0%
2025-12-08 03:45:38,106 DeMo.train INFO: CMC curve, Rank-5  :78.8%
2025-12-08 03:45:38,106 DeMo.train INFO: CMC curve, Rank-10 :83.9%
2025-12-08 03:45:38,106 DeMo.train INFO: ~~~~~~~~~~~~~~~~~~~~~~~~~~~~~~~~~~~~~~~~~~~~~~~~~~
2025-12-08 03:45:39,106 DeMo.train INFO: ~~~~~~~~~~~~~~~~~~~~~~~~~~~~~~~~~~~~~~~~~~~~~~~~~~
2025-12-08 03:45:39,106 DeMo.train INFO: Best mAP: 44.6%
2025-12-08 03:45:39,107 DeMo.train INFO: Best Rank-1: 59.4%
2025-12-08 03:45:39,107 DeMo.train INFO: Best Rank-5: 78.7%
2025-12-08 03:45:39,107 DeMo.train INFO: Best Rank-10: 84.3%
2025-12-08 03:45:39,107 DeMo.train INFO: ~~~~~~~~~~~~~~~~~~~~~~~~~~~~~~~~~~~~~~~~~~~~~~~~~~
2025-12-08 03:45:43,951 DeMo.train INFO: Epoch[18] Iteration[10/16] Loss: 0.343, Acc: 0.997, Base Lr: 2.50e-04
2025-12-08 03:45:45,004 DeMo.train INFO: Epoch 18 done. Time per batch: 0.421[s] Speed: 151.9[samples/s]
2025-12-08 03:45:45,005 DeMo.train INFO: ~~~~~~~~~~~~~~~~~~~~~~~~~~~~~~~~~~~~~~~~~~~~~~~~~~
2025-12-08 03:45:45,005 DeMo.train INFO: Current is the [moe,ori] feature testing!
2025-12-08 03:45:45,005 DeMo.train INFO: ~~~~~~~~~~~~~~~~~~~~~~~~~~~~~~~~~~~~~~~~~~~~~~~~~~
The test feature is normalized
2025-12-08 03:45:51,779 DeMo.train INFO: Validation Results - Epoch: 18
2025-12-08 03:45:51,780 DeMo.train INFO: mAP: 42.2%
2025-12-08 03:45:51,780 DeMo.train INFO: CMC curve, Rank-1  :56.9%
2025-12-08 03:45:51,780 DeMo.train INFO: CMC curve, Rank-5  :77.2%
2025-12-08 03:45:51,780 DeMo.train INFO: CMC curve, Rank-10 :84.1%
2025-12-08 03:45:51,780 DeMo.train INFO: ~~~~~~~~~~~~~~~~~~~~~~~~~~~~~~~~~~~~~~~~~~~~~~~~~~
2025-12-08 03:45:51,830 DeMo.train INFO: ~~~~~~~~~~~~~~~~~~~~~~~~~~~~~~~~~~~~~~~~~~~~~~~~~~
2025-12-08 03:45:51,830 DeMo.train INFO: Best mAP: 44.6%
2025-12-08 03:45:51,831 DeMo.train INFO: Best Rank-1: 59.4%
2025-12-08 03:45:51,831 DeMo.train INFO: Best Rank-5: 78.7%
2025-12-08 03:45:51,831 DeMo.train INFO: Best Rank-10: 84.3%
2025-12-08 03:45:51,831 DeMo.train INFO: ~~~~~~~~~~~~~~~~~~~~~~~~~~~~~~~~~~~~~~~~~~~~~~~~~~
2025-12-08 03:45:55,935 DeMo.train INFO: Epoch[19] Iteration[10/16] Loss: 0.363, Acc: 0.997, Base Lr: 2.40e-04
2025-12-08 03:45:56,987 DeMo.train INFO: Epoch 19 done. Time per batch: 0.368[s] Speed: 173.8[samples/s]
2025-12-08 03:45:56,988 DeMo.train INFO: ~~~~~~~~~~~~~~~~~~~~~~~~~~~~~~~~~~~~~~~~~~~~~~~~~~
2025-12-08 03:45:56,988 DeMo.train INFO: Current is the [moe,ori] feature testing!
2025-12-08 03:45:56,988 DeMo.train INFO: ~~~~~~~~~~~~~~~~~~~~~~~~~~~~~~~~~~~~~~~~~~~~~~~~~~
The test feature is normalized
2025-12-08 03:46:16,134 DeMo.train INFO: Validation Results - Epoch: 19
2025-12-08 03:46:16,134 DeMo.train INFO: mAP: 41.4%
2025-12-08 03:46:16,134 DeMo.train INFO: CMC curve, Rank-1  :56.5%
2025-12-08 03:46:16,135 DeMo.train INFO: CMC curve, Rank-5  :75.6%
2025-12-08 03:46:16,135 DeMo.train INFO: CMC curve, Rank-10 :82.4%
2025-12-08 03:46:16,135 DeMo.train INFO: ~~~~~~~~~~~~~~~~~~~~~~~~~~~~~~~~~~~~~~~~~~~~~~~~~~
2025-12-08 03:46:16,546 DeMo.train INFO: ~~~~~~~~~~~~~~~~~~~~~~~~~~~~~~~~~~~~~~~~~~~~~~~~~~
2025-12-08 03:46:16,546 DeMo.train INFO: Best mAP: 44.6%
2025-12-08 03:46:16,547 DeMo.train INFO: Best Rank-1: 59.4%
2025-12-08 03:46:16,547 DeMo.train INFO: Best Rank-5: 78.7%
2025-12-08 03:46:16,547 DeMo.train INFO: Best Rank-10: 84.3%
2025-12-08 03:46:16,547 DeMo.train INFO: ~~~~~~~~~~~~~~~~~~~~~~~~~~~~~~~~~~~~~~~~~~~~~~~~~~
2025-12-08 03:46:21,188 DeMo.train INFO: Epoch[20] Iteration[10/16] Loss: 0.335, Acc: 1.000, Base Lr: 2.29e-04
2025-12-08 03:46:22,276 DeMo.train INFO: Epoch 20 done. Time per batch: 0.409[s] Speed: 156.4[samples/s]
2025-12-08 03:46:22,278 DeMo.train INFO: ~~~~~~~~~~~~~~~~~~~~~~~~~~~~~~~~~~~~~~~~~~~~~~~~~~
2025-12-08 03:46:22,278 DeMo.train INFO: Current is the [moe,ori] feature testing!
2025-12-08 03:46:22,278 DeMo.train INFO: ~~~~~~~~~~~~~~~~~~~~~~~~~~~~~~~~~~~~~~~~~~~~~~~~~~
The test feature is normalized
2025-12-08 03:46:29,387 DeMo.train INFO: Validation Results - Epoch: 20
2025-12-08 03:46:29,387 DeMo.train INFO: mAP: 43.8%
2025-12-08 03:46:29,387 DeMo.train INFO: CMC curve, Rank-1  :60.6%
2025-12-08 03:46:29,387 DeMo.train INFO: CMC curve, Rank-5  :78.8%
2025-12-08 03:46:29,387 DeMo.train INFO: CMC curve, Rank-10 :84.6%
2025-12-08 03:46:29,388 DeMo.train INFO: ~~~~~~~~~~~~~~~~~~~~~~~~~~~~~~~~~~~~~~~~~~~~~~~~~~
2025-12-08 03:46:30,694 DeMo.train INFO: ~~~~~~~~~~~~~~~~~~~~~~~~~~~~~~~~~~~~~~~~~~~~~~~~~~
2025-12-08 03:46:30,695 DeMo.train INFO: Best mAP: 44.6%
2025-12-08 03:46:30,695 DeMo.train INFO: Best Rank-1: 59.4%
2025-12-08 03:46:30,695 DeMo.train INFO: Best Rank-5: 78.7%
2025-12-08 03:46:30,695 DeMo.train INFO: Best Rank-10: 84.3%
2025-12-08 03:46:30,695 DeMo.train INFO: ~~~~~~~~~~~~~~~~~~~~~~~~~~~~~~~~~~~~~~~~~~~~~~~~~~
2025-12-08 03:46:35,583 DeMo.train INFO: Epoch[21] Iteration[10/16] Loss: 0.314, Acc: 1.000, Base Lr: 2.19e-04
2025-12-08 03:46:36,647 DeMo.train INFO: Epoch 21 done. Time per batch: 0.425[s] Speed: 150.5[samples/s]
2025-12-08 03:46:36,648 DeMo.train INFO: ~~~~~~~~~~~~~~~~~~~~~~~~~~~~~~~~~~~~~~~~~~~~~~~~~~
2025-12-08 03:46:36,648 DeMo.train INFO: Current is the [moe,ori] feature testing!
2025-12-08 03:46:36,648 DeMo.train INFO: ~~~~~~~~~~~~~~~~~~~~~~~~~~~~~~~~~~~~~~~~~~~~~~~~~~
The test feature is normalized
2025-12-08 03:46:45,447 DeMo.train INFO: Validation Results - Epoch: 21
2025-12-08 03:46:45,448 DeMo.train INFO: mAP: 43.4%
2025-12-08 03:46:45,449 DeMo.train INFO: CMC curve, Rank-1  :59.7%
2025-12-08 03:46:45,449 DeMo.train INFO: CMC curve, Rank-5  :77.8%
2025-12-08 03:46:45,450 DeMo.train INFO: CMC curve, Rank-10 :84.4%
2025-12-08 03:46:45,451 DeMo.train INFO: ~~~~~~~~~~~~~~~~~~~~~~~~~~~~~~~~~~~~~~~~~~~~~~~~~~
2025-12-08 03:46:45,501 DeMo.train INFO: ~~~~~~~~~~~~~~~~~~~~~~~~~~~~~~~~~~~~~~~~~~~~~~~~~~
2025-12-08 03:46:45,502 DeMo.train INFO: Best mAP: 44.6%
2025-12-08 03:46:45,503 DeMo.train INFO: Best Rank-1: 59.4%
2025-12-08 03:46:45,504 DeMo.train INFO: Best Rank-5: 78.7%
2025-12-08 03:46:45,504 DeMo.train INFO: Best Rank-10: 84.3%
2025-12-08 03:46:45,506 DeMo.train INFO: ~~~~~~~~~~~~~~~~~~~~~~~~~~~~~~~~~~~~~~~~~~~~~~~~~~
2025-12-08 03:46:51,805 DeMo.train INFO: Epoch[22] Iteration[10/16] Loss: 0.337, Acc: 1.000, Base Lr: 2.08e-04
2025-12-08 03:46:53,105 DeMo.train INFO: Epoch 22 done. Time per batch: 0.507[s] Speed: 126.3[samples/s]
2025-12-08 03:46:53,108 DeMo.train INFO: ~~~~~~~~~~~~~~~~~~~~~~~~~~~~~~~~~~~~~~~~~~~~~~~~~~
2025-12-08 03:46:53,109 DeMo.train INFO: Current is the [moe,ori] feature testing!
2025-12-08 03:46:53,110 DeMo.train INFO: ~~~~~~~~~~~~~~~~~~~~~~~~~~~~~~~~~~~~~~~~~~~~~~~~~~
The test feature is normalized
2025-12-08 03:47:19,142 DeMo.train INFO: Validation Results - Epoch: 22
2025-12-08 03:47:19,142 DeMo.train INFO: mAP: 43.9%
2025-12-08 03:47:19,143 DeMo.train INFO: CMC curve, Rank-1  :59.6%
2025-12-08 03:47:19,143 DeMo.train INFO: CMC curve, Rank-5  :78.3%
2025-12-08 03:47:19,143 DeMo.train INFO: CMC curve, Rank-10 :85.4%
2025-12-08 03:47:19,143 DeMo.train INFO: ~~~~~~~~~~~~~~~~~~~~~~~~~~~~~~~~~~~~~~~~~~~~~~~~~~
2025-12-08 03:47:20,281 DeMo.train INFO: ~~~~~~~~~~~~~~~~~~~~~~~~~~~~~~~~~~~~~~~~~~~~~~~~~~
2025-12-08 03:47:20,282 DeMo.train INFO: Best mAP: 44.6%
2025-12-08 03:47:20,282 DeMo.train INFO: Best Rank-1: 59.4%
2025-12-08 03:47:20,282 DeMo.train INFO: Best Rank-5: 78.7%
2025-12-08 03:47:20,282 DeMo.train INFO: Best Rank-10: 84.3%
2025-12-08 03:47:20,282 DeMo.train INFO: ~~~~~~~~~~~~~~~~~~~~~~~~~~~~~~~~~~~~~~~~~~~~~~~~~~
2025-12-08 03:47:24,822 DeMo.train INFO: Epoch[23] Iteration[10/16] Loss: 0.312, Acc: 1.000, Base Lr: 1.97e-04
2025-12-08 03:47:25,910 DeMo.train INFO: Epoch 23 done. Time per batch: 0.402[s] Speed: 159.2[samples/s]
2025-12-08 03:47:25,911 DeMo.train INFO: ~~~~~~~~~~~~~~~~~~~~~~~~~~~~~~~~~~~~~~~~~~~~~~~~~~
2025-12-08 03:47:25,911 DeMo.train INFO: Current is the [moe,ori] feature testing!
2025-12-08 03:47:25,911 DeMo.train INFO: ~~~~~~~~~~~~~~~~~~~~~~~~~~~~~~~~~~~~~~~~~~~~~~~~~~
The test feature is normalized
2025-12-08 03:47:32,947 DeMo.train INFO: Validation Results - Epoch: 23
2025-12-08 03:47:32,947 DeMo.train INFO: mAP: 43.2%
2025-12-08 03:47:32,947 DeMo.train INFO: CMC curve, Rank-1  :58.9%
2025-12-08 03:47:32,947 DeMo.train INFO: CMC curve, Rank-5  :78.2%
2025-12-08 03:47:32,947 DeMo.train INFO: CMC curve, Rank-10 :84.3%
2025-12-08 03:47:32,947 DeMo.train INFO: ~~~~~~~~~~~~~~~~~~~~~~~~~~~~~~~~~~~~~~~~~~~~~~~~~~
2025-12-08 03:47:34,249 DeMo.train INFO: ~~~~~~~~~~~~~~~~~~~~~~~~~~~~~~~~~~~~~~~~~~~~~~~~~~
2025-12-08 03:47:34,249 DeMo.train INFO: Best mAP: 44.6%
2025-12-08 03:47:34,249 DeMo.train INFO: Best Rank-1: 59.4%
2025-12-08 03:47:34,249 DeMo.train INFO: Best Rank-5: 78.7%
2025-12-08 03:47:34,249 DeMo.train INFO: Best Rank-10: 84.3%
2025-12-08 03:47:34,249 DeMo.train INFO: ~~~~~~~~~~~~~~~~~~~~~~~~~~~~~~~~~~~~~~~~~~~~~~~~~~
2025-12-08 03:47:38,820 DeMo.train INFO: Epoch[24] Iteration[10/16] Loss: 0.300, Acc: 1.000, Base Lr: 1.86e-04
2025-12-08 03:47:39,878 DeMo.train INFO: Epoch 24 done. Time per batch: 0.402[s] Speed: 159.2[samples/s]
2025-12-08 03:47:39,879 DeMo.train INFO: ~~~~~~~~~~~~~~~~~~~~~~~~~~~~~~~~~~~~~~~~~~~~~~~~~~
2025-12-08 03:47:39,879 DeMo.train INFO: Current is the [moe,ori] feature testing!
2025-12-08 03:47:39,879 DeMo.train INFO: ~~~~~~~~~~~~~~~~~~~~~~~~~~~~~~~~~~~~~~~~~~~~~~~~~~
The test feature is normalized
2025-12-08 03:48:01,326 DeMo.train INFO: Validation Results - Epoch: 24
2025-12-08 03:48:01,326 DeMo.train INFO: mAP: 43.5%
2025-12-08 03:48:01,327 DeMo.train INFO: CMC curve, Rank-1  :59.2%
2025-12-08 03:48:01,327 DeMo.train INFO: CMC curve, Rank-5  :77.2%
2025-12-08 03:48:01,327 DeMo.train INFO: CMC curve, Rank-10 :85.1%
2025-12-08 03:48:01,327 DeMo.train INFO: ~~~~~~~~~~~~~~~~~~~~~~~~~~~~~~~~~~~~~~~~~~~~~~~~~~
2025-12-08 03:48:02,263 DeMo.train INFO: ~~~~~~~~~~~~~~~~~~~~~~~~~~~~~~~~~~~~~~~~~~~~~~~~~~
2025-12-08 03:48:02,263 DeMo.train INFO: Best mAP: 44.6%
2025-12-08 03:48:02,263 DeMo.train INFO: Best Rank-1: 59.4%
2025-12-08 03:48:02,263 DeMo.train INFO: Best Rank-5: 78.7%
2025-12-08 03:48:02,263 DeMo.train INFO: Best Rank-10: 84.3%
2025-12-08 03:48:02,263 DeMo.train INFO: ~~~~~~~~~~~~~~~~~~~~~~~~~~~~~~~~~~~~~~~~~~~~~~~~~~
2025-12-08 03:48:10,029 DeMo.train INFO: Epoch[25] Iteration[10/16] Loss: 0.274, Acc: 1.000, Base Lr: 1.75e-04
2025-12-08 03:48:11,091 DeMo.train INFO: Epoch 25 done. Time per batch: 0.631[s] Speed: 101.5[samples/s]
2025-12-08 03:48:11,093 DeMo.train INFO: ~~~~~~~~~~~~~~~~~~~~~~~~~~~~~~~~~~~~~~~~~~~~~~~~~~
2025-12-08 03:48:11,093 DeMo.train INFO: Current is the [moe,ori] feature testing!
2025-12-08 03:48:11,093 DeMo.train INFO: ~~~~~~~~~~~~~~~~~~~~~~~~~~~~~~~~~~~~~~~~~~~~~~~~~~
The test feature is normalized
2025-12-08 03:48:24,101 DeMo.train INFO: Validation Results - Epoch: 25
2025-12-08 03:48:24,101 DeMo.train INFO: mAP: 43.1%
2025-12-08 03:48:24,101 DeMo.train INFO: CMC curve, Rank-1  :57.9%
2025-12-08 03:48:24,101 DeMo.train INFO: CMC curve, Rank-5  :77.0%
2025-12-08 03:48:24,101 DeMo.train INFO: CMC curve, Rank-10 :83.8%
2025-12-08 03:48:24,101 DeMo.train INFO: ~~~~~~~~~~~~~~~~~~~~~~~~~~~~~~~~~~~~~~~~~~~~~~~~~~
2025-12-08 03:48:24,175 DeMo.train INFO: ~~~~~~~~~~~~~~~~~~~~~~~~~~~~~~~~~~~~~~~~~~~~~~~~~~
2025-12-08 03:48:24,175 DeMo.train INFO: Best mAP: 44.6%
2025-12-08 03:48:24,175 DeMo.train INFO: Best Rank-1: 59.4%
2025-12-08 03:48:24,176 DeMo.train INFO: Best Rank-5: 78.7%
2025-12-08 03:48:24,176 DeMo.train INFO: Best Rank-10: 84.3%
2025-12-08 03:48:24,176 DeMo.train INFO: ~~~~~~~~~~~~~~~~~~~~~~~~~~~~~~~~~~~~~~~~~~~~~~~~~~
2025-12-08 03:48:28,305 DeMo.train INFO: Epoch[26] Iteration[10/16] Loss: 0.272, Acc: 1.000, Base Lr: 1.64e-04
2025-12-08 03:48:29,362 DeMo.train INFO: Epoch 26 done. Time per batch: 0.370[s] Speed: 172.8[samples/s]
2025-12-08 03:48:29,363 DeMo.train INFO: ~~~~~~~~~~~~~~~~~~~~~~~~~~~~~~~~~~~~~~~~~~~~~~~~~~
2025-12-08 03:48:29,364 DeMo.train INFO: Current is the [moe,ori] feature testing!
2025-12-08 03:48:29,364 DeMo.train INFO: ~~~~~~~~~~~~~~~~~~~~~~~~~~~~~~~~~~~~~~~~~~~~~~~~~~
The test feature is normalized
2025-12-08 03:48:36,306 DeMo.train INFO: Validation Results - Epoch: 26
2025-12-08 03:48:36,306 DeMo.train INFO: mAP: 42.7%
2025-12-08 03:48:36,306 DeMo.train INFO: CMC curve, Rank-1  :59.4%
2025-12-08 03:48:36,306 DeMo.train INFO: CMC curve, Rank-5  :75.8%
2025-12-08 03:48:36,306 DeMo.train INFO: CMC curve, Rank-10 :83.4%
2025-12-08 03:48:36,306 DeMo.train INFO: ~~~~~~~~~~~~~~~~~~~~~~~~~~~~~~~~~~~~~~~~~~~~~~~~~~
2025-12-08 03:48:37,602 DeMo.train INFO: ~~~~~~~~~~~~~~~~~~~~~~~~~~~~~~~~~~~~~~~~~~~~~~~~~~
2025-12-08 03:48:37,602 DeMo.train INFO: Best mAP: 44.6%
2025-12-08 03:48:37,602 DeMo.train INFO: Best Rank-1: 59.4%
2025-12-08 03:48:37,602 DeMo.train INFO: Best Rank-5: 78.7%
2025-12-08 03:48:37,602 DeMo.train INFO: Best Rank-10: 84.3%
2025-12-08 03:48:37,602 DeMo.train INFO: ~~~~~~~~~~~~~~~~~~~~~~~~~~~~~~~~~~~~~~~~~~~~~~~~~~
2025-12-08 03:48:42,205 DeMo.train INFO: Epoch[27] Iteration[10/16] Loss: 0.258, Acc: 1.000, Base Lr: 1.53e-04
2025-12-08 03:48:43,272 DeMo.train INFO: Epoch 27 done. Time per batch: 0.405[s] Speed: 158.0[samples/s]
2025-12-08 03:48:43,273 DeMo.train INFO: ~~~~~~~~~~~~~~~~~~~~~~~~~~~~~~~~~~~~~~~~~~~~~~~~~~
2025-12-08 03:48:43,273 DeMo.train INFO: Current is the [moe,ori] feature testing!
2025-12-08 03:48:43,273 DeMo.train INFO: ~~~~~~~~~~~~~~~~~~~~~~~~~~~~~~~~~~~~~~~~~~~~~~~~~~
The test feature is normalized
2025-12-08 03:49:05,464 DeMo.train INFO: Validation Results - Epoch: 27
2025-12-08 03:49:05,465 DeMo.train INFO: mAP: 43.2%
2025-12-08 03:49:05,465 DeMo.train INFO: CMC curve, Rank-1  :59.6%
2025-12-08 03:49:05,465 DeMo.train INFO: CMC curve, Rank-5  :76.6%
2025-12-08 03:49:05,465 DeMo.train INFO: CMC curve, Rank-10 :84.3%
2025-12-08 03:49:05,465 DeMo.train INFO: ~~~~~~~~~~~~~~~~~~~~~~~~~~~~~~~~~~~~~~~~~~~~~~~~~~
2025-12-08 03:49:05,668 DeMo.train INFO: ~~~~~~~~~~~~~~~~~~~~~~~~~~~~~~~~~~~~~~~~~~~~~~~~~~
2025-12-08 03:49:05,668 DeMo.train INFO: Best mAP: 44.6%
2025-12-08 03:49:05,668 DeMo.train INFO: Best Rank-1: 59.4%
2025-12-08 03:49:05,668 DeMo.train INFO: Best Rank-5: 78.7%
2025-12-08 03:49:05,668 DeMo.train INFO: Best Rank-10: 84.3%
2025-12-08 03:49:05,669 DeMo.train INFO: ~~~~~~~~~~~~~~~~~~~~~~~~~~~~~~~~~~~~~~~~~~~~~~~~~~
2025-12-08 03:49:10,287 DeMo.train INFO: Epoch[28] Iteration[10/16] Loss: 0.267, Acc: 0.998, Base Lr: 1.42e-04
2025-12-08 03:49:11,588 DeMo.train INFO: Epoch 28 done. Time per batch: 0.395[s] Speed: 162.2[samples/s]
2025-12-08 03:49:11,589 DeMo.train INFO: ~~~~~~~~~~~~~~~~~~~~~~~~~~~~~~~~~~~~~~~~~~~~~~~~~~
2025-12-08 03:49:11,589 DeMo.train INFO: Current is the [moe,ori] feature testing!
2025-12-08 03:49:11,589 DeMo.train INFO: ~~~~~~~~~~~~~~~~~~~~~~~~~~~~~~~~~~~~~~~~~~~~~~~~~~
The test feature is normalized
2025-12-08 03:49:18,467 DeMo.train INFO: Validation Results - Epoch: 28
2025-12-08 03:49:18,467 DeMo.train INFO: mAP: 43.9%
2025-12-08 03:49:18,467 DeMo.train INFO: CMC curve, Rank-1  :60.7%
2025-12-08 03:49:18,467 DeMo.train INFO: CMC curve, Rank-5  :77.5%
2025-12-08 03:49:18,467 DeMo.train INFO: CMC curve, Rank-10 :84.1%
2025-12-08 03:49:18,467 DeMo.train INFO: ~~~~~~~~~~~~~~~~~~~~~~~~~~~~~~~~~~~~~~~~~~~~~~~~~~
2025-12-08 03:49:19,828 DeMo.train INFO: ~~~~~~~~~~~~~~~~~~~~~~~~~~~~~~~~~~~~~~~~~~~~~~~~~~
2025-12-08 03:49:19,828 DeMo.train INFO: Best mAP: 44.6%
2025-12-08 03:49:19,828 DeMo.train INFO: Best Rank-1: 59.4%
2025-12-08 03:49:19,828 DeMo.train INFO: Best Rank-5: 78.7%
2025-12-08 03:49:19,829 DeMo.train INFO: Best Rank-10: 84.3%
2025-12-08 03:49:19,829 DeMo.train INFO: ~~~~~~~~~~~~~~~~~~~~~~~~~~~~~~~~~~~~~~~~~~~~~~~~~~
2025-12-08 03:49:24,259 DeMo.train INFO: Epoch[29] Iteration[10/16] Loss: 0.259, Acc: 1.000, Base Lr: 1.32e-04
2025-12-08 03:49:25,330 DeMo.train INFO: Epoch 29 done. Time per batch: 0.393[s] Speed: 162.9[samples/s]
2025-12-08 03:49:25,331 DeMo.train INFO: ~~~~~~~~~~~~~~~~~~~~~~~~~~~~~~~~~~~~~~~~~~~~~~~~~~
2025-12-08 03:49:25,331 DeMo.train INFO: Current is the [moe,ori] feature testing!
2025-12-08 03:49:25,332 DeMo.train INFO: ~~~~~~~~~~~~~~~~~~~~~~~~~~~~~~~~~~~~~~~~~~~~~~~~~~
The test feature is normalized
2025-12-08 03:49:32,282 DeMo.train INFO: Validation Results - Epoch: 29
2025-12-08 03:49:32,283 DeMo.train INFO: mAP: 44.7%
2025-12-08 03:49:32,283 DeMo.train INFO: CMC curve, Rank-1  :60.4%
2025-12-08 03:49:32,283 DeMo.train INFO: CMC curve, Rank-5  :78.3%
2025-12-08 03:49:32,283 DeMo.train INFO: CMC curve, Rank-10 :83.9%
2025-12-08 03:49:32,283 DeMo.train INFO: ~~~~~~~~~~~~~~~~~~~~~~~~~~~~~~~~~~~~~~~~~~~~~~~~~~
2025-12-08 03:49:48,777 DeMo.train INFO: ~~~~~~~~~~~~~~~~~~~~~~~~~~~~~~~~~~~~~~~~~~~~~~~~~~
2025-12-08 03:49:48,777 DeMo.train INFO: Best mAP: 44.7%
2025-12-08 03:49:48,777 DeMo.train INFO: Best Rank-1: 60.4%
2025-12-08 03:49:48,777 DeMo.train INFO: Best Rank-5: 78.3%
2025-12-08 03:49:48,777 DeMo.train INFO: Best Rank-10: 83.9%
2025-12-08 03:49:48,777 DeMo.train INFO: ~~~~~~~~~~~~~~~~~~~~~~~~~~~~~~~~~~~~~~~~~~~~~~~~~~
2025-12-08 03:49:53,179 DeMo.train INFO: Epoch[30] Iteration[10/16] Loss: 0.264, Acc: 1.000, Base Lr: 1.21e-04
2025-12-08 03:49:54,493 DeMo.train INFO: Epoch 30 done. Time per batch: 0.381[s] Speed: 168.0[samples/s]
2025-12-08 03:49:54,494 DeMo.train INFO: ~~~~~~~~~~~~~~~~~~~~~~~~~~~~~~~~~~~~~~~~~~~~~~~~~~
2025-12-08 03:49:54,494 DeMo.train INFO: Current is the [moe,ori] feature testing!
2025-12-08 03:49:54,494 DeMo.train INFO: ~~~~~~~~~~~~~~~~~~~~~~~~~~~~~~~~~~~~~~~~~~~~~~~~~~
The test feature is normalized
2025-12-08 03:50:01,534 DeMo.train INFO: Validation Results - Epoch: 30
2025-12-08 03:50:01,534 DeMo.train INFO: mAP: 44.6%
2025-12-08 03:50:01,534 DeMo.train INFO: CMC curve, Rank-1  :60.6%
2025-12-08 03:50:01,534 DeMo.train INFO: CMC curve, Rank-5  :78.7%
2025-12-08 03:50:01,534 DeMo.train INFO: CMC curve, Rank-10 :84.1%
2025-12-08 03:50:01,534 DeMo.train INFO: ~~~~~~~~~~~~~~~~~~~~~~~~~~~~~~~~~~~~~~~~~~~~~~~~~~
2025-12-08 03:50:02,471 DeMo.train INFO: ~~~~~~~~~~~~~~~~~~~~~~~~~~~~~~~~~~~~~~~~~~~~~~~~~~
2025-12-08 03:50:02,472 DeMo.train INFO: Best mAP: 44.7%
2025-12-08 03:50:02,472 DeMo.train INFO: Best Rank-1: 60.4%
2025-12-08 03:50:02,472 DeMo.train INFO: Best Rank-5: 78.3%
2025-12-08 03:50:02,472 DeMo.train INFO: Best Rank-10: 83.9%
2025-12-08 03:50:02,472 DeMo.train INFO: ~~~~~~~~~~~~~~~~~~~~~~~~~~~~~~~~~~~~~~~~~~~~~~~~~~
2025-12-08 03:50:07,119 DeMo.train INFO: Epoch[31] Iteration[10/16] Loss: 0.261, Acc: 1.000, Base Lr: 1.11e-04
2025-12-08 03:50:08,185 DeMo.train INFO: Epoch 31 done. Time per batch: 0.408[s] Speed: 156.8[samples/s]
2025-12-08 03:50:08,186 DeMo.train INFO: ~~~~~~~~~~~~~~~~~~~~~~~~~~~~~~~~~~~~~~~~~~~~~~~~~~
2025-12-08 03:50:08,187 DeMo.train INFO: Current is the [moe,ori] feature testing!
2025-12-08 03:50:08,187 DeMo.train INFO: ~~~~~~~~~~~~~~~~~~~~~~~~~~~~~~~~~~~~~~~~~~~~~~~~~~
The test feature is normalized
2025-12-08 03:50:15,117 DeMo.train INFO: Validation Results - Epoch: 31
2025-12-08 03:50:15,117 DeMo.train INFO: mAP: 44.3%
2025-12-08 03:50:15,117 DeMo.train INFO: CMC curve, Rank-1  :60.1%
2025-12-08 03:50:15,117 DeMo.train INFO: CMC curve, Rank-5  :77.5%
2025-12-08 03:50:15,117 DeMo.train INFO: CMC curve, Rank-10 :84.1%
2025-12-08 03:50:15,118 DeMo.train INFO: ~~~~~~~~~~~~~~~~~~~~~~~~~~~~~~~~~~~~~~~~~~~~~~~~~~
2025-12-08 03:50:15,188 DeMo.train INFO: ~~~~~~~~~~~~~~~~~~~~~~~~~~~~~~~~~~~~~~~~~~~~~~~~~~
2025-12-08 03:50:15,188 DeMo.train INFO: Best mAP: 44.7%
2025-12-08 03:50:15,188 DeMo.train INFO: Best Rank-1: 60.4%
2025-12-08 03:50:15,188 DeMo.train INFO: Best Rank-5: 78.3%
2025-12-08 03:50:15,188 DeMo.train INFO: Best Rank-10: 83.9%
2025-12-08 03:50:15,189 DeMo.train INFO: ~~~~~~~~~~~~~~~~~~~~~~~~~~~~~~~~~~~~~~~~~~~~~~~~~~
2025-12-08 03:50:19,673 DeMo.train INFO: Epoch[32] Iteration[10/16] Loss: 0.256, Acc: 1.000, Base Lr: 1.01e-04
2025-12-08 03:50:20,737 DeMo.train INFO: Epoch 32 done. Time per batch: 0.396[s] Speed: 161.5[samples/s]
2025-12-08 03:50:20,738 DeMo.train INFO: ~~~~~~~~~~~~~~~~~~~~~~~~~~~~~~~~~~~~~~~~~~~~~~~~~~
2025-12-08 03:50:20,738 DeMo.train INFO: Current is the [moe,ori] feature testing!
2025-12-08 03:50:20,738 DeMo.train INFO: ~~~~~~~~~~~~~~~~~~~~~~~~~~~~~~~~~~~~~~~~~~~~~~~~~~
The test feature is normalized
2025-12-08 03:50:27,684 DeMo.train INFO: Validation Results - Epoch: 32
2025-12-08 03:50:27,684 DeMo.train INFO: mAP: 44.3%
2025-12-08 03:50:27,684 DeMo.train INFO: CMC curve, Rank-1  :60.9%
2025-12-08 03:50:27,684 DeMo.train INFO: CMC curve, Rank-5  :77.7%
2025-12-08 03:50:27,684 DeMo.train INFO: CMC curve, Rank-10 :84.6%
2025-12-08 03:50:27,684 DeMo.train INFO: ~~~~~~~~~~~~~~~~~~~~~~~~~~~~~~~~~~~~~~~~~~~~~~~~~~
2025-12-08 03:50:28,542 DeMo.train INFO: ~~~~~~~~~~~~~~~~~~~~~~~~~~~~~~~~~~~~~~~~~~~~~~~~~~
2025-12-08 03:50:28,542 DeMo.train INFO: Best mAP: 44.7%
2025-12-08 03:50:28,542 DeMo.train INFO: Best Rank-1: 60.4%
2025-12-08 03:50:28,542 DeMo.train INFO: Best Rank-5: 78.3%
2025-12-08 03:50:28,542 DeMo.train INFO: Best Rank-10: 83.9%
2025-12-08 03:50:28,542 DeMo.train INFO: ~~~~~~~~~~~~~~~~~~~~~~~~~~~~~~~~~~~~~~~~~~~~~~~~~~
2025-12-08 03:50:33,204 DeMo.train INFO: Epoch[33] Iteration[10/16] Loss: 0.256, Acc: 1.000, Base Lr: 9.10e-05
2025-12-08 03:50:34,256 DeMo.train INFO: Epoch 33 done. Time per batch: 0.408[s] Speed: 156.8[samples/s]
2025-12-08 03:50:34,257 DeMo.train INFO: ~~~~~~~~~~~~~~~~~~~~~~~~~~~~~~~~~~~~~~~~~~~~~~~~~~
2025-12-08 03:50:34,257 DeMo.train INFO: Current is the [moe,ori] feature testing!
2025-12-08 03:50:34,258 DeMo.train INFO: ~~~~~~~~~~~~~~~~~~~~~~~~~~~~~~~~~~~~~~~~~~~~~~~~~~
The test feature is normalized
2025-12-08 03:50:41,529 DeMo.train INFO: Validation Results - Epoch: 33
2025-12-08 03:50:41,530 DeMo.train INFO: mAP: 45.0%
2025-12-08 03:50:41,530 DeMo.train INFO: CMC curve, Rank-1  :61.6%
2025-12-08 03:50:41,530 DeMo.train INFO: CMC curve, Rank-5  :78.3%
2025-12-08 03:50:41,530 DeMo.train INFO: CMC curve, Rank-10 :84.4%
2025-12-08 03:50:41,530 DeMo.train INFO: ~~~~~~~~~~~~~~~~~~~~~~~~~~~~~~~~~~~~~~~~~~~~~~~~~~
2025-12-08 03:50:59,625 DeMo.train INFO: ~~~~~~~~~~~~~~~~~~~~~~~~~~~~~~~~~~~~~~~~~~~~~~~~~~
2025-12-08 03:50:59,626 DeMo.train INFO: Best mAP: 45.0%
2025-12-08 03:50:59,626 DeMo.train INFO: Best Rank-1: 61.6%
2025-12-08 03:50:59,626 DeMo.train INFO: Best Rank-5: 78.3%
2025-12-08 03:50:59,626 DeMo.train INFO: Best Rank-10: 84.4%
2025-12-08 03:50:59,626 DeMo.train INFO: ~~~~~~~~~~~~~~~~~~~~~~~~~~~~~~~~~~~~~~~~~~~~~~~~~~
2025-12-08 03:51:04,113 DeMo.train INFO: Epoch[34] Iteration[10/16] Loss: 0.270, Acc: 1.000, Base Lr: 8.15e-05
2025-12-08 03:51:05,175 DeMo.train INFO: Epoch 34 done. Time per batch: 0.396[s] Speed: 161.5[samples/s]
2025-12-08 03:51:05,176 DeMo.train INFO: ~~~~~~~~~~~~~~~~~~~~~~~~~~~~~~~~~~~~~~~~~~~~~~~~~~
2025-12-08 03:51:05,177 DeMo.train INFO: Current is the [moe,ori] feature testing!
2025-12-08 03:51:05,177 DeMo.train INFO: ~~~~~~~~~~~~~~~~~~~~~~~~~~~~~~~~~~~~~~~~~~~~~~~~~~
The test feature is normalized
2025-12-08 03:51:12,197 DeMo.train INFO: Validation Results - Epoch: 34
2025-12-08 03:51:12,198 DeMo.train INFO: mAP: 45.3%
2025-12-08 03:51:12,198 DeMo.train INFO: CMC curve, Rank-1  :61.4%
2025-12-08 03:51:12,198 DeMo.train INFO: CMC curve, Rank-5  :78.3%
2025-12-08 03:51:12,198 DeMo.train INFO: CMC curve, Rank-10 :84.8%
2025-12-08 03:51:12,198 DeMo.train INFO: ~~~~~~~~~~~~~~~~~~~~~~~~~~~~~~~~~~~~~~~~~~~~~~~~~~
2025-12-08 03:51:30,152 DeMo.train INFO: ~~~~~~~~~~~~~~~~~~~~~~~~~~~~~~~~~~~~~~~~~~~~~~~~~~
2025-12-08 03:51:30,152 DeMo.train INFO: Best mAP: 45.3%
2025-12-08 03:51:30,153 DeMo.train INFO: Best Rank-1: 61.4%
2025-12-08 03:51:30,154 DeMo.train INFO: Best Rank-5: 78.3%
2025-12-08 03:51:30,154 DeMo.train INFO: Best Rank-10: 84.8%
2025-12-08 03:51:30,154 DeMo.train INFO: ~~~~~~~~~~~~~~~~~~~~~~~~~~~~~~~~~~~~~~~~~~~~~~~~~~
2025-12-08 03:51:34,679 DeMo.train INFO: Epoch[35] Iteration[10/16] Loss: 0.247, Acc: 1.000, Base Lr: 7.24e-05
2025-12-08 03:51:35,974 DeMo.train INFO: Epoch 35 done. Time per batch: 0.388[s] Speed: 165.0[samples/s]
2025-12-08 03:51:35,975 DeMo.train INFO: ~~~~~~~~~~~~~~~~~~~~~~~~~~~~~~~~~~~~~~~~~~~~~~~~~~
2025-12-08 03:51:35,975 DeMo.train INFO: Current is the [moe,ori] feature testing!
2025-12-08 03:51:35,975 DeMo.train INFO: ~~~~~~~~~~~~~~~~~~~~~~~~~~~~~~~~~~~~~~~~~~~~~~~~~~
The test feature is normalized
2025-12-08 03:51:42,865 DeMo.train INFO: Validation Results - Epoch: 35
2025-12-08 03:51:42,866 DeMo.train INFO: mAP: 45.5%
2025-12-08 03:51:42,866 DeMo.train INFO: CMC curve, Rank-1  :61.6%
2025-12-08 03:51:42,866 DeMo.train INFO: CMC curve, Rank-5  :79.0%
2025-12-08 03:51:42,866 DeMo.train INFO: CMC curve, Rank-10 :84.9%
2025-12-08 03:51:42,866 DeMo.train INFO: ~~~~~~~~~~~~~~~~~~~~~~~~~~~~~~~~~~~~~~~~~~~~~~~~~~
2025-12-08 03:52:00,782 DeMo.train INFO: ~~~~~~~~~~~~~~~~~~~~~~~~~~~~~~~~~~~~~~~~~~~~~~~~~~
2025-12-08 03:52:00,782 DeMo.train INFO: Best mAP: 45.5%
2025-12-08 03:52:00,782 DeMo.train INFO: Best Rank-1: 61.6%
2025-12-08 03:52:00,783 DeMo.train INFO: Best Rank-5: 79.0%
2025-12-08 03:52:00,783 DeMo.train INFO: Best Rank-10: 84.9%
2025-12-08 03:52:00,783 DeMo.train INFO: ~~~~~~~~~~~~~~~~~~~~~~~~~~~~~~~~~~~~~~~~~~~~~~~~~~
2025-12-08 03:52:04,883 DeMo.train INFO: Epoch[36] Iteration[10/16] Loss: 0.247, Acc: 1.000, Base Lr: 6.37e-05
2025-12-08 03:52:05,956 DeMo.train INFO: Epoch 36 done. Time per batch: 0.370[s] Speed: 173.2[samples/s]
2025-12-08 03:52:05,958 DeMo.train INFO: ~~~~~~~~~~~~~~~~~~~~~~~~~~~~~~~~~~~~~~~~~~~~~~~~~~
2025-12-08 03:52:05,958 DeMo.train INFO: Current is the [moe,ori] feature testing!
2025-12-08 03:52:05,958 DeMo.train INFO: ~~~~~~~~~~~~~~~~~~~~~~~~~~~~~~~~~~~~~~~~~~~~~~~~~~
The test feature is normalized
2025-12-08 03:52:12,844 DeMo.train INFO: Validation Results - Epoch: 36
2025-12-08 03:52:12,845 DeMo.train INFO: mAP: 45.5%
2025-12-08 03:52:12,845 DeMo.train INFO: CMC curve, Rank-1  :61.4%
2025-12-08 03:52:12,845 DeMo.train INFO: CMC curve, Rank-5  :78.8%
2025-12-08 03:52:12,845 DeMo.train INFO: CMC curve, Rank-10 :85.3%
2025-12-08 03:52:12,845 DeMo.train INFO: ~~~~~~~~~~~~~~~~~~~~~~~~~~~~~~~~~~~~~~~~~~~~~~~~~~
2025-12-08 03:52:12,895 DeMo.train INFO: ~~~~~~~~~~~~~~~~~~~~~~~~~~~~~~~~~~~~~~~~~~~~~~~~~~
2025-12-08 03:52:12,896 DeMo.train INFO: Best mAP: 45.5%
2025-12-08 03:52:12,896 DeMo.train INFO: Best Rank-1: 61.6%
2025-12-08 03:52:12,896 DeMo.train INFO: Best Rank-5: 79.0%
2025-12-08 03:52:12,896 DeMo.train INFO: Best Rank-10: 84.9%
2025-12-08 03:52:12,896 DeMo.train INFO: ~~~~~~~~~~~~~~~~~~~~~~~~~~~~~~~~~~~~~~~~~~~~~~~~~~
2025-12-08 03:52:16,957 DeMo.train INFO: Epoch[37] Iteration[10/16] Loss: 0.251, Acc: 1.000, Base Lr: 5.55e-05
2025-12-08 03:52:18,062 DeMo.train INFO: Epoch 37 done. Time per batch: 0.369[s] Speed: 173.5[samples/s]
2025-12-08 03:52:18,063 DeMo.train INFO: ~~~~~~~~~~~~~~~~~~~~~~~~~~~~~~~~~~~~~~~~~~~~~~~~~~
2025-12-08 03:52:18,063 DeMo.train INFO: Current is the [moe,ori] feature testing!
2025-12-08 03:52:18,063 DeMo.train INFO: ~~~~~~~~~~~~~~~~~~~~~~~~~~~~~~~~~~~~~~~~~~~~~~~~~~
The test feature is normalized
2025-12-08 03:52:25,280 DeMo.train INFO: Validation Results - Epoch: 37
2025-12-08 03:52:25,281 DeMo.train INFO: mAP: 45.3%
2025-12-08 03:52:25,281 DeMo.train INFO: CMC curve, Rank-1  :61.8%
2025-12-08 03:52:25,281 DeMo.train INFO: CMC curve, Rank-5  :78.8%
2025-12-08 03:52:25,281 DeMo.train INFO: CMC curve, Rank-10 :85.6%
2025-12-08 03:52:25,281 DeMo.train INFO: ~~~~~~~~~~~~~~~~~~~~~~~~~~~~~~~~~~~~~~~~~~~~~~~~~~
2025-12-08 03:52:26,184 DeMo.train INFO: ~~~~~~~~~~~~~~~~~~~~~~~~~~~~~~~~~~~~~~~~~~~~~~~~~~
2025-12-08 03:52:26,184 DeMo.train INFO: Best mAP: 45.5%
2025-12-08 03:52:26,184 DeMo.train INFO: Best Rank-1: 61.6%
2025-12-08 03:52:26,184 DeMo.train INFO: Best Rank-5: 79.0%
2025-12-08 03:52:26,184 DeMo.train INFO: Best Rank-10: 84.9%
2025-12-08 03:52:26,184 DeMo.train INFO: ~~~~~~~~~~~~~~~~~~~~~~~~~~~~~~~~~~~~~~~~~~~~~~~~~~
2025-12-08 03:52:30,922 DeMo.train INFO: Epoch[38] Iteration[10/16] Loss: 0.263, Acc: 1.000, Base Lr: 4.77e-05
2025-12-08 03:52:32,235 DeMo.train INFO: Epoch 38 done. Time per batch: 0.403[s] Speed: 158.7[samples/s]
2025-12-08 03:52:32,236 DeMo.train INFO: ~~~~~~~~~~~~~~~~~~~~~~~~~~~~~~~~~~~~~~~~~~~~~~~~~~
2025-12-08 03:52:32,236 DeMo.train INFO: Current is the [moe,ori] feature testing!
2025-12-08 03:52:32,236 DeMo.train INFO: ~~~~~~~~~~~~~~~~~~~~~~~~~~~~~~~~~~~~~~~~~~~~~~~~~~
The test feature is normalized
2025-12-08 03:52:39,181 DeMo.train INFO: Validation Results - Epoch: 38
2025-12-08 03:52:39,182 DeMo.train INFO: mAP: 45.2%
2025-12-08 03:52:39,182 DeMo.train INFO: CMC curve, Rank-1  :61.4%
2025-12-08 03:52:39,182 DeMo.train INFO: CMC curve, Rank-5  :79.2%
2025-12-08 03:52:39,182 DeMo.train INFO: CMC curve, Rank-10 :85.6%
2025-12-08 03:52:39,182 DeMo.train INFO: ~~~~~~~~~~~~~~~~~~~~~~~~~~~~~~~~~~~~~~~~~~~~~~~~~~
2025-12-08 03:52:40,668 DeMo.train INFO: ~~~~~~~~~~~~~~~~~~~~~~~~~~~~~~~~~~~~~~~~~~~~~~~~~~
2025-12-08 03:52:40,668 DeMo.train INFO: Best mAP: 45.5%
2025-12-08 03:52:40,669 DeMo.train INFO: Best Rank-1: 61.6%
2025-12-08 03:52:40,669 DeMo.train INFO: Best Rank-5: 79.0%
2025-12-08 03:52:40,669 DeMo.train INFO: Best Rank-10: 84.9%
2025-12-08 03:52:40,669 DeMo.train INFO: ~~~~~~~~~~~~~~~~~~~~~~~~~~~~~~~~~~~~~~~~~~~~~~~~~~
2025-12-08 03:52:45,356 DeMo.train INFO: Epoch[39] Iteration[10/16] Loss: 0.258, Acc: 1.000, Base Lr: 4.05e-05
2025-12-08 03:52:46,435 DeMo.train INFO: Epoch 39 done. Time per batch: 0.412[s] Speed: 155.4[samples/s]
2025-12-08 03:52:46,436 DeMo.train INFO: ~~~~~~~~~~~~~~~~~~~~~~~~~~~~~~~~~~~~~~~~~~~~~~~~~~
2025-12-08 03:52:46,436 DeMo.train INFO: Current is the [moe,ori] feature testing!
2025-12-08 03:52:46,436 DeMo.train INFO: ~~~~~~~~~~~~~~~~~~~~~~~~~~~~~~~~~~~~~~~~~~~~~~~~~~
The test feature is normalized
2025-12-08 03:52:53,426 DeMo.train INFO: Validation Results - Epoch: 39
2025-12-08 03:52:53,426 DeMo.train INFO: mAP: 45.4%
2025-12-08 03:52:53,426 DeMo.train INFO: CMC curve, Rank-1  :60.9%
2025-12-08 03:52:53,426 DeMo.train INFO: CMC curve, Rank-5  :79.5%
2025-12-08 03:52:53,426 DeMo.train INFO: CMC curve, Rank-10 :86.1%
2025-12-08 03:52:53,426 DeMo.train INFO: ~~~~~~~~~~~~~~~~~~~~~~~~~~~~~~~~~~~~~~~~~~~~~~~~~~
2025-12-08 03:52:54,611 DeMo.train INFO: ~~~~~~~~~~~~~~~~~~~~~~~~~~~~~~~~~~~~~~~~~~~~~~~~~~
2025-12-08 03:52:54,611 DeMo.train INFO: Best mAP: 45.5%
2025-12-08 03:52:54,611 DeMo.train INFO: Best Rank-1: 61.6%
2025-12-08 03:52:54,611 DeMo.train INFO: Best Rank-5: 79.0%
2025-12-08 03:52:54,611 DeMo.train INFO: Best Rank-10: 84.9%
2025-12-08 03:52:54,611 DeMo.train INFO: ~~~~~~~~~~~~~~~~~~~~~~~~~~~~~~~~~~~~~~~~~~~~~~~~~~
2025-12-08 03:52:59,367 DeMo.train INFO: Epoch[40] Iteration[10/16] Loss: 0.243, Acc: 1.000, Base Lr: 3.37e-05
2025-12-08 03:53:00,430 DeMo.train INFO: Epoch 40 done. Time per batch: 0.416[s] Speed: 154.0[samples/s]
2025-12-08 03:53:00,431 DeMo.train INFO: ~~~~~~~~~~~~~~~~~~~~~~~~~~~~~~~~~~~~~~~~~~~~~~~~~~
2025-12-08 03:53:00,431 DeMo.train INFO: Current is the [moe,ori] feature testing!
2025-12-08 03:53:00,431 DeMo.train INFO: ~~~~~~~~~~~~~~~~~~~~~~~~~~~~~~~~~~~~~~~~~~~~~~~~~~
The test feature is normalized
2025-12-08 03:53:07,613 DeMo.train INFO: Validation Results - Epoch: 40
2025-12-08 03:53:07,613 DeMo.train INFO: mAP: 45.4%
2025-12-08 03:53:07,613 DeMo.train INFO: CMC curve, Rank-1  :60.9%
2025-12-08 03:53:07,614 DeMo.train INFO: CMC curve, Rank-5  :79.0%
2025-12-08 03:53:07,614 DeMo.train INFO: CMC curve, Rank-10 :86.1%
2025-12-08 03:53:07,614 DeMo.train INFO: ~~~~~~~~~~~~~~~~~~~~~~~~~~~~~~~~~~~~~~~~~~~~~~~~~~
2025-12-08 03:53:08,619 DeMo.train INFO: ~~~~~~~~~~~~~~~~~~~~~~~~~~~~~~~~~~~~~~~~~~~~~~~~~~
2025-12-08 03:53:08,620 DeMo.train INFO: Best mAP: 45.5%
2025-12-08 03:53:08,620 DeMo.train INFO: Best Rank-1: 61.6%
2025-12-08 03:53:08,620 DeMo.train INFO: Best Rank-5: 79.0%
2025-12-08 03:53:08,620 DeMo.train INFO: Best Rank-10: 84.9%
2025-12-08 03:53:08,620 DeMo.train INFO: ~~~~~~~~~~~~~~~~~~~~~~~~~~~~~~~~~~~~~~~~~~~~~~~~~~
2025-12-08 03:53:13,555 DeMo.train INFO: Epoch[41] Iteration[10/16] Loss: 0.251, Acc: 1.000, Base Lr: 2.76e-05
2025-12-08 03:53:14,621 DeMo.train INFO: Epoch 41 done. Time per batch: 0.429[s] Speed: 149.3[samples/s]
2025-12-08 03:53:14,623 DeMo.train INFO: ~~~~~~~~~~~~~~~~~~~~~~~~~~~~~~~~~~~~~~~~~~~~~~~~~~
2025-12-08 03:53:14,623 DeMo.train INFO: Current is the [moe,ori] feature testing!
2025-12-08 03:53:14,623 DeMo.train INFO: ~~~~~~~~~~~~~~~~~~~~~~~~~~~~~~~~~~~~~~~~~~~~~~~~~~
The test feature is normalized
2025-12-08 03:53:21,736 DeMo.train INFO: Validation Results - Epoch: 41
2025-12-08 03:53:21,736 DeMo.train INFO: mAP: 45.2%
2025-12-08 03:53:21,736 DeMo.train INFO: CMC curve, Rank-1  :60.1%
2025-12-08 03:53:21,736 DeMo.train INFO: CMC curve, Rank-5  :78.3%
2025-12-08 03:53:21,737 DeMo.train INFO: CMC curve, Rank-10 :85.4%
2025-12-08 03:53:21,737 DeMo.train INFO: ~~~~~~~~~~~~~~~~~~~~~~~~~~~~~~~~~~~~~~~~~~~~~~~~~~
2025-12-08 03:53:22,767 DeMo.train INFO: ~~~~~~~~~~~~~~~~~~~~~~~~~~~~~~~~~~~~~~~~~~~~~~~~~~
2025-12-08 03:53:22,767 DeMo.train INFO: Best mAP: 45.5%
2025-12-08 03:53:22,767 DeMo.train INFO: Best Rank-1: 61.6%
2025-12-08 03:53:22,768 DeMo.train INFO: Best Rank-5: 79.0%
2025-12-08 03:53:22,768 DeMo.train INFO: Best Rank-10: 84.9%
2025-12-08 03:53:22,768 DeMo.train INFO: ~~~~~~~~~~~~~~~~~~~~~~~~~~~~~~~~~~~~~~~~~~~~~~~~~~
2025-12-08 03:53:27,454 DeMo.train INFO: Epoch[42] Iteration[10/16] Loss: 0.250, Acc: 1.000, Base Lr: 2.20e-05
2025-12-08 03:53:28,752 DeMo.train INFO: Epoch 42 done. Time per batch: 0.399[s] Speed: 160.4[samples/s]
2025-12-08 03:53:28,753 DeMo.train INFO: ~~~~~~~~~~~~~~~~~~~~~~~~~~~~~~~~~~~~~~~~~~~~~~~~~~
2025-12-08 03:53:28,753 DeMo.train INFO: Current is the [moe,ori] feature testing!
2025-12-08 03:53:28,753 DeMo.train INFO: ~~~~~~~~~~~~~~~~~~~~~~~~~~~~~~~~~~~~~~~~~~~~~~~~~~
The test feature is normalized
2025-12-08 03:53:49,873 DeMo.train INFO: Validation Results - Epoch: 42
2025-12-08 03:53:49,873 DeMo.train INFO: mAP: 45.3%
2025-12-08 03:53:49,873 DeMo.train INFO: CMC curve, Rank-1  :60.6%
2025-12-08 03:53:49,873 DeMo.train INFO: CMC curve, Rank-5  :78.5%
2025-12-08 03:53:49,874 DeMo.train INFO: CMC curve, Rank-10 :85.6%
2025-12-08 03:53:49,874 DeMo.train INFO: ~~~~~~~~~~~~~~~~~~~~~~~~~~~~~~~~~~~~~~~~~~~~~~~~~~
2025-12-08 03:53:51,098 DeMo.train INFO: ~~~~~~~~~~~~~~~~~~~~~~~~~~~~~~~~~~~~~~~~~~~~~~~~~~
2025-12-08 03:53:51,099 DeMo.train INFO: Best mAP: 45.5%
2025-12-08 03:53:51,099 DeMo.train INFO: Best Rank-1: 61.6%
2025-12-08 03:53:51,099 DeMo.train INFO: Best Rank-5: 79.0%
2025-12-08 03:53:51,099 DeMo.train INFO: Best Rank-10: 84.9%
2025-12-08 03:53:51,099 DeMo.train INFO: ~~~~~~~~~~~~~~~~~~~~~~~~~~~~~~~~~~~~~~~~~~~~~~~~~~
2025-12-08 03:53:55,436 DeMo.train INFO: Epoch[43] Iteration[10/16] Loss: 0.248, Acc: 1.000, Base Lr: 1.70e-05
2025-12-08 03:53:56,507 DeMo.train INFO: Epoch 43 done. Time per batch: 0.386[s] Speed: 165.7[samples/s]
2025-12-08 03:53:56,508 DeMo.train INFO: ~~~~~~~~~~~~~~~~~~~~~~~~~~~~~~~~~~~~~~~~~~~~~~~~~~
2025-12-08 03:53:56,508 DeMo.train INFO: Current is the [moe,ori] feature testing!
2025-12-08 03:53:56,508 DeMo.train INFO: ~~~~~~~~~~~~~~~~~~~~~~~~~~~~~~~~~~~~~~~~~~~~~~~~~~
The test feature is normalized
2025-12-08 03:54:03,425 DeMo.train INFO: Validation Results - Epoch: 43
2025-12-08 03:54:03,425 DeMo.train INFO: mAP: 45.2%
2025-12-08 03:54:03,426 DeMo.train INFO: CMC curve, Rank-1  :60.2%
2025-12-08 03:54:03,426 DeMo.train INFO: CMC curve, Rank-5  :78.8%
2025-12-08 03:54:03,426 DeMo.train INFO: CMC curve, Rank-10 :85.3%
2025-12-08 03:54:03,426 DeMo.train INFO: ~~~~~~~~~~~~~~~~~~~~~~~~~~~~~~~~~~~~~~~~~~~~~~~~~~
2025-12-08 03:54:03,485 DeMo.train INFO: ~~~~~~~~~~~~~~~~~~~~~~~~~~~~~~~~~~~~~~~~~~~~~~~~~~
2025-12-08 03:54:03,485 DeMo.train INFO: Best mAP: 45.5%
2025-12-08 03:54:03,485 DeMo.train INFO: Best Rank-1: 61.6%
2025-12-08 03:54:03,486 DeMo.train INFO: Best Rank-5: 79.0%
2025-12-08 03:54:03,486 DeMo.train INFO: Best Rank-10: 84.9%
2025-12-08 03:54:03,486 DeMo.train INFO: ~~~~~~~~~~~~~~~~~~~~~~~~~~~~~~~~~~~~~~~~~~~~~~~~~~
2025-12-08 03:54:07,786 DeMo.train INFO: Epoch[44] Iteration[10/16] Loss: 0.248, Acc: 1.000, Base Lr: 1.26e-05
2025-12-08 03:54:08,846 DeMo.train INFO: Epoch 44 done. Time per batch: 0.383[s] Speed: 167.2[samples/s]
2025-12-08 03:54:08,847 DeMo.train INFO: ~~~~~~~~~~~~~~~~~~~~~~~~~~~~~~~~~~~~~~~~~~~~~~~~~~
2025-12-08 03:54:08,847 DeMo.train INFO: Current is the [moe,ori] feature testing!
2025-12-08 03:54:08,847 DeMo.train INFO: ~~~~~~~~~~~~~~~~~~~~~~~~~~~~~~~~~~~~~~~~~~~~~~~~~~
The test feature is normalized
2025-12-08 03:54:15,548 DeMo.train INFO: Validation Results - Epoch: 44
2025-12-08 03:54:15,548 DeMo.train INFO: mAP: 45.2%
2025-12-08 03:54:15,548 DeMo.train INFO: CMC curve, Rank-1  :59.9%
2025-12-08 03:54:15,548 DeMo.train INFO: CMC curve, Rank-5  :78.8%
2025-12-08 03:54:15,549 DeMo.train INFO: CMC curve, Rank-10 :84.9%
2025-12-08 03:54:15,549 DeMo.train INFO: ~~~~~~~~~~~~~~~~~~~~~~~~~~~~~~~~~~~~~~~~~~~~~~~~~~
2025-12-08 03:54:16,601 DeMo.train INFO: ~~~~~~~~~~~~~~~~~~~~~~~~~~~~~~~~~~~~~~~~~~~~~~~~~~
2025-12-08 03:54:16,601 DeMo.train INFO: Best mAP: 45.5%
2025-12-08 03:54:16,601 DeMo.train INFO: Best Rank-1: 61.6%
2025-12-08 03:54:16,601 DeMo.train INFO: Best Rank-5: 79.0%
2025-12-08 03:54:16,601 DeMo.train INFO: Best Rank-10: 84.9%
2025-12-08 03:54:16,602 DeMo.train INFO: ~~~~~~~~~~~~~~~~~~~~~~~~~~~~~~~~~~~~~~~~~~~~~~~~~~
2025-12-08 03:54:21,252 DeMo.train INFO: Epoch[45] Iteration[10/16] Loss: 0.247, Acc: 1.000, Base Lr: 8.91e-06
2025-12-08 03:54:22,337 DeMo.train INFO: Epoch 45 done. Time per batch: 0.410[s] Speed: 156.2[samples/s]
2025-12-08 03:54:22,338 DeMo.train INFO: ~~~~~~~~~~~~~~~~~~~~~~~~~~~~~~~~~~~~~~~~~~~~~~~~~~
2025-12-08 03:54:22,338 DeMo.train INFO: Current is the [moe,ori] feature testing!
2025-12-08 03:54:22,338 DeMo.train INFO: ~~~~~~~~~~~~~~~~~~~~~~~~~~~~~~~~~~~~~~~~~~~~~~~~~~
The test feature is normalized
2025-12-08 03:54:29,205 DeMo.train INFO: Validation Results - Epoch: 45
2025-12-08 03:54:29,205 DeMo.train INFO: mAP: 45.3%
2025-12-08 03:54:29,205 DeMo.train INFO: CMC curve, Rank-1  :61.1%
2025-12-08 03:54:29,205 DeMo.train INFO: CMC curve, Rank-5  :79.2%
2025-12-08 03:54:29,205 DeMo.train INFO: CMC curve, Rank-10 :84.9%
2025-12-08 03:54:29,205 DeMo.train INFO: ~~~~~~~~~~~~~~~~~~~~~~~~~~~~~~~~~~~~~~~~~~~~~~~~~~
2025-12-08 03:54:29,256 DeMo.train INFO: ~~~~~~~~~~~~~~~~~~~~~~~~~~~~~~~~~~~~~~~~~~~~~~~~~~
2025-12-08 03:54:29,256 DeMo.train INFO: Best mAP: 45.5%
2025-12-08 03:54:29,256 DeMo.train INFO: Best Rank-1: 61.6%
2025-12-08 03:54:29,256 DeMo.train INFO: Best Rank-5: 79.0%
2025-12-08 03:54:29,256 DeMo.train INFO: Best Rank-10: 84.9%
2025-12-08 03:54:29,256 DeMo.train INFO: ~~~~~~~~~~~~~~~~~~~~~~~~~~~~~~~~~~~~~~~~~~~~~~~~~~
2025-12-08 03:54:33,507 DeMo.train INFO: Epoch[46] Iteration[10/16] Loss: 0.264, Acc: 1.000, Base Lr: 5.84e-06
2025-12-08 03:54:34,612 DeMo.train INFO: Epoch 46 done. Time per batch: 0.383[s] Speed: 167.3[samples/s]
2025-12-08 03:54:34,613 DeMo.train INFO: ~~~~~~~~~~~~~~~~~~~~~~~~~~~~~~~~~~~~~~~~~~~~~~~~~~
2025-12-08 03:54:34,613 DeMo.train INFO: Current is the [moe,ori] feature testing!
2025-12-08 03:54:34,613 DeMo.train INFO: ~~~~~~~~~~~~~~~~~~~~~~~~~~~~~~~~~~~~~~~~~~~~~~~~~~
The test feature is normalized
2025-12-08 03:54:41,572 DeMo.train INFO: Validation Results - Epoch: 46
2025-12-08 03:54:41,573 DeMo.train INFO: mAP: 45.3%
2025-12-08 03:54:41,573 DeMo.train INFO: CMC curve, Rank-1  :60.6%
2025-12-08 03:54:41,573 DeMo.train INFO: CMC curve, Rank-5  :79.4%
2025-12-08 03:54:41,573 DeMo.train INFO: CMC curve, Rank-10 :85.1%
2025-12-08 03:54:41,573 DeMo.train INFO: ~~~~~~~~~~~~~~~~~~~~~~~~~~~~~~~~~~~~~~~~~~~~~~~~~~
2025-12-08 03:54:42,794 DeMo.train INFO: ~~~~~~~~~~~~~~~~~~~~~~~~~~~~~~~~~~~~~~~~~~~~~~~~~~
2025-12-08 03:54:42,794 DeMo.train INFO: Best mAP: 45.5%
2025-12-08 03:54:42,794 DeMo.train INFO: Best Rank-1: 61.6%
2025-12-08 03:54:42,794 DeMo.train INFO: Best Rank-5: 79.0%
2025-12-08 03:54:42,794 DeMo.train INFO: Best Rank-10: 84.9%
2025-12-08 03:54:42,794 DeMo.train INFO: ~~~~~~~~~~~~~~~~~~~~~~~~~~~~~~~~~~~~~~~~~~~~~~~~~~
2025-12-08 03:54:47,219 DeMo.train INFO: Epoch[47] Iteration[10/16] Loss: 0.244, Acc: 1.000, Base Lr: 3.45e-06
2025-12-08 03:54:48,308 DeMo.train INFO: Epoch 47 done. Time per batch: 0.394[s] Speed: 162.5[samples/s]
2025-12-08 03:54:48,310 DeMo.train INFO: ~~~~~~~~~~~~~~~~~~~~~~~~~~~~~~~~~~~~~~~~~~~~~~~~~~
2025-12-08 03:54:48,310 DeMo.train INFO: Current is the [moe,ori] feature testing!
2025-12-08 03:54:48,310 DeMo.train INFO: ~~~~~~~~~~~~~~~~~~~~~~~~~~~~~~~~~~~~~~~~~~~~~~~~~~
The test feature is normalized
2025-12-08 03:54:55,249 DeMo.train INFO: Validation Results - Epoch: 47
2025-12-08 03:54:55,249 DeMo.train INFO: mAP: 45.3%
2025-12-08 03:54:55,250 DeMo.train INFO: CMC curve, Rank-1  :60.6%
2025-12-08 03:54:55,250 DeMo.train INFO: CMC curve, Rank-5  :79.4%
2025-12-08 03:54:55,250 DeMo.train INFO: CMC curve, Rank-10 :85.3%
2025-12-08 03:54:55,250 DeMo.train INFO: ~~~~~~~~~~~~~~~~~~~~~~~~~~~~~~~~~~~~~~~~~~~~~~~~~~
2025-12-08 03:54:56,737 DeMo.train INFO: ~~~~~~~~~~~~~~~~~~~~~~~~~~~~~~~~~~~~~~~~~~~~~~~~~~
2025-12-08 03:54:56,737 DeMo.train INFO: Best mAP: 45.5%
2025-12-08 03:54:56,737 DeMo.train INFO: Best Rank-1: 61.6%
2025-12-08 03:54:56,737 DeMo.train INFO: Best Rank-5: 79.0%
2025-12-08 03:54:56,737 DeMo.train INFO: Best Rank-10: 84.9%
2025-12-08 03:54:56,737 DeMo.train INFO: ~~~~~~~~~~~~~~~~~~~~~~~~~~~~~~~~~~~~~~~~~~~~~~~~~~
2025-12-08 03:55:01,265 DeMo.train INFO: Epoch[48] Iteration[10/16] Loss: 0.245, Acc: 1.000, Base Lr: 1.73e-06
2025-12-08 03:55:02,335 DeMo.train INFO: Epoch 48 done. Time per batch: 0.400[s] Speed: 160.1[samples/s]
2025-12-08 03:55:02,336 DeMo.train INFO: ~~~~~~~~~~~~~~~~~~~~~~~~~~~~~~~~~~~~~~~~~~~~~~~~~~
2025-12-08 03:55:02,337 DeMo.train INFO: Current is the [moe,ori] feature testing!
2025-12-08 03:55:02,337 DeMo.train INFO: ~~~~~~~~~~~~~~~~~~~~~~~~~~~~~~~~~~~~~~~~~~~~~~~~~~
The test feature is normalized
2025-12-08 03:55:09,254 DeMo.train INFO: Validation Results - Epoch: 48
2025-12-08 03:55:09,254 DeMo.train INFO: mAP: 45.3%
2025-12-08 03:55:09,254 DeMo.train INFO: CMC curve, Rank-1  :60.6%
2025-12-08 03:55:09,254 DeMo.train INFO: CMC curve, Rank-5  :79.0%
2025-12-08 03:55:09,255 DeMo.train INFO: CMC curve, Rank-10 :85.4%
2025-12-08 03:55:09,255 DeMo.train INFO: ~~~~~~~~~~~~~~~~~~~~~~~~~~~~~~~~~~~~~~~~~~~~~~~~~~
2025-12-08 03:55:09,306 DeMo.train INFO: ~~~~~~~~~~~~~~~~~~~~~~~~~~~~~~~~~~~~~~~~~~~~~~~~~~
2025-12-08 03:55:09,306 DeMo.train INFO: Best mAP: 45.5%
2025-12-08 03:55:09,306 DeMo.train INFO: Best Rank-1: 61.6%
2025-12-08 03:55:09,306 DeMo.train INFO: Best Rank-5: 79.0%
2025-12-08 03:55:09,306 DeMo.train INFO: Best Rank-10: 84.9%
2025-12-08 03:55:09,306 DeMo.train INFO: ~~~~~~~~~~~~~~~~~~~~~~~~~~~~~~~~~~~~~~~~~~~~~~~~~~
2025-12-08 03:55:13,530 DeMo.train INFO: Epoch[49] Iteration[10/16] Loss: 0.254, Acc: 1.000, Base Lr: 6.95e-07
2025-12-08 03:55:14,602 DeMo.train INFO: Epoch 49 done. Time per batch: 0.378[s] Speed: 169.2[samples/s]
2025-12-08 03:55:14,603 DeMo.train INFO: ~~~~~~~~~~~~~~~~~~~~~~~~~~~~~~~~~~~~~~~~~~~~~~~~~~
2025-12-08 03:55:14,604 DeMo.train INFO: Current is the [moe,ori] feature testing!
2025-12-08 03:55:14,604 DeMo.train INFO: ~~~~~~~~~~~~~~~~~~~~~~~~~~~~~~~~~~~~~~~~~~~~~~~~~~
The test feature is normalized
2025-12-08 03:55:21,615 DeMo.train INFO: Validation Results - Epoch: 49
2025-12-08 03:55:21,615 DeMo.train INFO: mAP: 45.2%
2025-12-08 03:55:21,615 DeMo.train INFO: CMC curve, Rank-1  :60.6%
2025-12-08 03:55:21,615 DeMo.train INFO: CMC curve, Rank-5  :79.0%
2025-12-08 03:55:21,616 DeMo.train INFO: CMC curve, Rank-10 :85.3%
2025-12-08 03:55:21,616 DeMo.train INFO: ~~~~~~~~~~~~~~~~~~~~~~~~~~~~~~~~~~~~~~~~~~~~~~~~~~
2025-12-08 03:55:22,691 DeMo.train INFO: ~~~~~~~~~~~~~~~~~~~~~~~~~~~~~~~~~~~~~~~~~~~~~~~~~~
2025-12-08 03:55:22,692 DeMo.train INFO: Best mAP: 45.5%
2025-12-08 03:55:22,692 DeMo.train INFO: Best Rank-1: 61.6%
2025-12-08 03:55:22,692 DeMo.train INFO: Best Rank-5: 79.0%
2025-12-08 03:55:22,692 DeMo.train INFO: Best Rank-10: 84.9%
2025-12-08 03:55:22,692 DeMo.train INFO: ~~~~~~~~~~~~~~~~~~~~~~~~~~~~~~~~~~~~~~~~~~~~~~~~~~
2025-12-08 03:55:27,371 DeMo.train INFO: Epoch[50] Iteration[10/16] Loss: 0.252, Acc: 1.000, Base Lr: 3.50e-07
2025-12-08 03:55:28,698 DeMo.train INFO: Epoch 50 done. Time per batch: 0.400[s] Speed: 159.8[samples/s]
2025-12-08 03:55:28,699 DeMo.train INFO: ~~~~~~~~~~~~~~~~~~~~~~~~~~~~~~~~~~~~~~~~~~~~~~~~~~
2025-12-08 03:55:28,699 DeMo.train INFO: Current is the [moe,ori] feature testing!
2025-12-08 03:55:28,700 DeMo.train INFO: ~~~~~~~~~~~~~~~~~~~~~~~~~~~~~~~~~~~~~~~~~~~~~~~~~~
The test feature is normalized
2025-12-08 03:55:35,980 DeMo.train INFO: Validation Results - Epoch: 50
2025-12-08 03:55:35,980 DeMo.train INFO: mAP: 45.2%
2025-12-08 03:55:35,980 DeMo.train INFO: CMC curve, Rank-1  :60.2%
2025-12-08 03:55:35,980 DeMo.train INFO: CMC curve, Rank-5  :78.8%
2025-12-08 03:55:35,981 DeMo.train INFO: CMC curve, Rank-10 :85.6%
2025-12-08 03:55:35,981 DeMo.train INFO: ~~~~~~~~~~~~~~~~~~~~~~~~~~~~~~~~~~~~~~~~~~~~~~~~~~
2025-12-08 03:55:37,024 DeMo.train INFO: ~~~~~~~~~~~~~~~~~~~~~~~~~~~~~~~~~~~~~~~~~~~~~~~~~~
2025-12-08 03:55:37,024 DeMo.train INFO: Best mAP: 45.5%
2025-12-08 03:55:37,025 DeMo.train INFO: Best Rank-1: 61.6%
2025-12-08 03:55:37,025 DeMo.train INFO: Best Rank-5: 79.0%
2025-12-08 03:55:37,025 DeMo.train INFO: Best Rank-10: 84.9%
2025-12-08 03:55:37,025 DeMo.train INFO: ~~~~~~~~~~~~~~~~~~~~~~~~~~~~~~~~~~~~~~~~~~~~~~~~~~
