2025-12-08 03:33:51,960 DeMo INFO: Saving model in the path :..
2025-12-08 03:33:51,960 DeMo INFO: Namespace(config_file='configs/MSVR310/DeMo_SDTPS_DGAF_ablation.yml', exp_name='ablation_DGAFv3_only', fea_cft=0, local_rank=0, opts=['MODEL.USE_SDTPS', 'False', 'MODEL.USE_DGAF', 'True'])
2025-12-08 03:33:51,960 DeMo INFO: Loaded configuration file configs/MSVR310/DeMo_SDTPS_DGAF_ablation.yml
2025-12-08 03:33:51,961 DeMo INFO: 
MODEL:
  TRANSFORMER_TYPE: 'ViT-B-16'
  STRIDE_SIZE: [ 16, 16 ]
  SIE_CAMERA: True
  DIRECT: 1
  SIE_COE: 1.0
  ID_LOSS_WEIGHT: 0.25
  TRIPLET_LOSS_WEIGHT: 1.0
  GLOBAL_LOCAL: True
  # Disable HDM and ATM
  HDM: False
  ATM: False
  # SACR disabled for ablation
  USE_SACR: False
  USE_MULTIMODAL_SACR: False
  # SDTPS configuration
  USE_SDTPS: True
  SDTPS_SPARSE_RATIO: 0.7
  SDTPS_AGGR_RATIO: 0.5
  SDTPS_BETA: 0.25
  SDTPS_USE_GUMBEL: False
  SDTPS_GUMBEL_TAU: 5.0
  SDTPS_LOSS_WEIGHT: 2.0
  # LIF disabled
  USE_LIF: False
  # DGAF: Dual-Gated Adaptive Fusion
  USE_DGAF: True
  DGAF_VERSION: 'v3'
  DGAF_TAU: 1.0
  DGAF_INIT_ALPHA: 0.5
  DGAF_NUM_HEADS: 8
  HEAD: 4

INPUT:
  SIZE_TRAIN: [ 128, 256 ]
  SIZE_TEST: [ 128, 256 ]
  PROB: 0.5
  RE_PROB: 0.5
  PADDING: 10

DATALOADER:
  SAMPLER: 'softmax_triplet'
  NUM_INSTANCE: 4
  NUM_WORKERS: 14

DATASETS:
  NAMES: ('MSVR310')
  ROOT_DIR: '..'

SOLVER:
  BASE_LR: 0.00035
  MAX_EPOCHS: 50
  STEPS: [30, 40]
  GAMMA: 0.1
  WARMUP_ITERS: 10
  WARMUP_FACTOR: 0.01
  WARMUP_METHOD: 'linear'
  OPTIMIZER_NAME: 'Adam'
  IMS_PER_BATCH: 64
  EVAL_PERIOD: 1
  CHECKPOINT_PERIOD: 10

TEST:
  IMS_PER_BATCH: 64
  RE_RANKING: 'no'
  WEIGHT: ''
  NECK_FEAT: 'before'
  FEAT_NORM: 'yes'
  MISS: "nothing"

OUTPUT_DIR: '..'

# ============================================================================
# MSVR310 SDTPS + DGAF Ablation Config
# ============================================================================
# - Based on original DeMo.yml for MSVR310
# - SACR: disabled
# - HDM/ATM: disabled, DIRECT: 1
# - SDTPS: configurable via command line
# - DGAF V3: configurable via command line
# - Training: lr=0.00035, epochs=50, warmup=10 (same as original)
# ============================================================================

2025-12-08 03:33:51,961 DeMo INFO: Running with config:
DATALOADER:
  NUM_INSTANCE: 4
  NUM_WORKERS: 14
  SAMPLER: softmax_triplet
DATASETS:
  NAMES: MSVR310
  ROOT_DIR: ..
INPUT:
  PADDING: 10
  PIXEL_MEAN: [0.5, 0.5, 0.5]
  PIXEL_STD: [0.5, 0.5, 0.5]
  PROB: 0.5
  RE_PROB: 0.5
  SIZE_TEST: [128, 256]
  SIZE_TRAIN: [128, 256]
MODEL:
  ADAPTER: False
  ATM: False
  ATT_DROP_RATE: 0.0
  DEVICE: cuda
  DEVICE_ID: 0
  DGAF_INIT_ALPHA: 0.5
  DGAF_NUM_HEADS: 8
  DGAF_TAU: 1.0
  DGAF_VERSION: v3
  DIRECT: 1
  DIST_TRAIN: False
  DROP_OUT: 0.0
  DROP_PATH: 0.1
  FROZEN: False
  GLOBAL_LOCAL: True
  HDM: False
  HEAD: 4
  ID_LOSS_TYPE: softmax
  ID_LOSS_WEIGHT: 0.25
  IF_LABELSMOOTH: on
  IF_WITH_CENTER: no
  LIF_BETA: 0.4
  LIF_LAYER: 3
  LIF_LOSS_WEIGHT: 0.1
  METRIC_LOSS_TYPE: triplet
  MULTIMODAL_SACR_VERSION: v1
  NAME: DeMo
  NECK: bnneck
  NO_MARGIN: True
  PRETRAIN_PATH_T: /path/to/your/vitb_16_224_21k.pth
  PROMPT: False
  SACR_DILATION_RATES: [2, 3, 4]
  SDTPS_AGGR_RATIO: 0.5
  SDTPS_BETA: 0.25
  SDTPS_GUMBEL_TAU: 5.0
  SDTPS_LOSS_WEIGHT: 2.0
  SDTPS_SPARSE_RATIO: 0.7
  SDTPS_USE_GUMBEL: False
  SIE_CAMERA: True
  SIE_COE: 1.0
  SIE_VIEW: False
  STRIDE_SIZE: [16, 16]
  TRANSFORMER_TYPE: ViT-B-16
  TRIPLET_LOSS_WEIGHT: 1.0
  USE_DGAF: True
  USE_LIF: False
  USE_MULTIMODAL_SACR: False
  USE_SACR: False
  USE_SDTPS: False
OUTPUT_DIR: ..
SOLVER:
  BASE_LR: 0.00035
  BIAS_LR_FACTOR: 2
  CENTER_LOSS_WEIGHT: 0.0005
  CENTER_LR: 0.5
  CHECKPOINT_PERIOD: 10
  CLUSTER_MARGIN: 0.3
  COSINE_MARGIN: 0.5
  COSINE_SCALE: 30
  EVAL_PERIOD: 1
  GAMMA: 0.1
  IMS_PER_BATCH: 64
  LARGE_FC_LR: False
  LOG_PERIOD: 10
  LR_SCHEDULER: cosine
  MARGIN: 0.3
  MAX_EPOCHS: 50
  MOMENTUM: 0.9
  OPTIMIZER_NAME: Adam
  RANGE_ALPHA: 0
  RANGE_BETA: 1
  RANGE_K: 2
  RANGE_LOSS_WEIGHT: 1
  RANGE_MARGIN: 0.3
  SEED: 1111
  STEPS: (30, 40)
  WARMUP_FACTOR: 0.01
  WARMUP_ITERS: 10
  WARMUP_METHOD: linear
  WEIGHT_DECAY: 0.0001
  WEIGHT_DECAY_BIAS: 0.0001
TEST:
  FEAT: 0
  FEAT_NORM: yes
  IMS_PER_BATCH: 64
  MISS: nothing
  NECK_FEAT: before
  RE_RANKING: no
  WEIGHT: 
=> RGB_IR loaded
Dataset statistics:
  ----------------------------------------
  subset   | # ids | # images | # cameras
  ----------------------------------------
  train    |   155 |     1032 |         8
  query    |    52 |      591 |         8
  gallery  |   155 |     1055 |         8
  ----------------------------------------
data is ready
using Transformer_type: ViT-B-16 as a backbone
Resized position embedding: %s to %s torch.Size([197, 768]) torch.Size([129, 768])
Position embedding resize to height:8 width: 16
Successfully load ckpt!
<All keys matched successfully>
Loading pretrained model from CLIP
camera number is : 8
===========Building DeMo===========
2025-12-08 03:34:03,167 DeMo INFO: DeMo(
  (BACKBONE): build_transformer(
    (base): VisionTransformer(
      (conv1): Conv2d(3, 768, kernel_size=(16, 16), stride=(16, 16), bias=False)
      (ln_pre): LayerNorm((768,), eps=1e-05, elementwise_affine=True)
      (transformer): Transformer(
        (resblocks): Sequential(
          (0): ResidualAttentionBlock(
            (attn): MultiheadAttention(
              (out_proj): NonDynamicallyQuantizableLinear(in_features=768, out_features=768, bias=True)
            )
            (ln_1): LayerNorm((768,), eps=1e-05, elementwise_affine=True)
            (mlp): Sequential(
              (c_fc): Linear(in_features=768, out_features=3072, bias=True)
              (gelu): QuickGELU()
              (c_proj): Linear(in_features=3072, out_features=768, bias=True)
            )
            (ln_2): LayerNorm((768,), eps=1e-05, elementwise_affine=True)
          )
          (1): ResidualAttentionBlock(
            (attn): MultiheadAttention(
              (out_proj): NonDynamicallyQuantizableLinear(in_features=768, out_features=768, bias=True)
            )
            (ln_1): LayerNorm((768,), eps=1e-05, elementwise_affine=True)
            (mlp): Sequential(
              (c_fc): Linear(in_features=768, out_features=3072, bias=True)
              (gelu): QuickGELU()
              (c_proj): Linear(in_features=3072, out_features=768, bias=True)
            )
            (ln_2): LayerNorm((768,), eps=1e-05, elementwise_affine=True)
          )
          (2): ResidualAttentionBlock(
            (attn): MultiheadAttention(
              (out_proj): NonDynamicallyQuantizableLinear(in_features=768, out_features=768, bias=True)
            )
            (ln_1): LayerNorm((768,), eps=1e-05, elementwise_affine=True)
            (mlp): Sequential(
              (c_fc): Linear(in_features=768, out_features=3072, bias=True)
              (gelu): QuickGELU()
              (c_proj): Linear(in_features=3072, out_features=768, bias=True)
            )
            (ln_2): LayerNorm((768,), eps=1e-05, elementwise_affine=True)
          )
          (3): ResidualAttentionBlock(
            (attn): MultiheadAttention(
              (out_proj): NonDynamicallyQuantizableLinear(in_features=768, out_features=768, bias=True)
            )
            (ln_1): LayerNorm((768,), eps=1e-05, elementwise_affine=True)
            (mlp): Sequential(
              (c_fc): Linear(in_features=768, out_features=3072, bias=True)
              (gelu): QuickGELU()
              (c_proj): Linear(in_features=3072, out_features=768, bias=True)
            )
            (ln_2): LayerNorm((768,), eps=1e-05, elementwise_affine=True)
          )
          (4): ResidualAttentionBlock(
            (attn): MultiheadAttention(
              (out_proj): NonDynamicallyQuantizableLinear(in_features=768, out_features=768, bias=True)
            )
            (ln_1): LayerNorm((768,), eps=1e-05, elementwise_affine=True)
            (mlp): Sequential(
              (c_fc): Linear(in_features=768, out_features=3072, bias=True)
              (gelu): QuickGELU()
              (c_proj): Linear(in_features=3072, out_features=768, bias=True)
            )
            (ln_2): LayerNorm((768,), eps=1e-05, elementwise_affine=True)
          )
          (5): ResidualAttentionBlock(
            (attn): MultiheadAttention(
              (out_proj): NonDynamicallyQuantizableLinear(in_features=768, out_features=768, bias=True)
            )
            (ln_1): LayerNorm((768,), eps=1e-05, elementwise_affine=True)
            (mlp): Sequential(
              (c_fc): Linear(in_features=768, out_features=3072, bias=True)
              (gelu): QuickGELU()
              (c_proj): Linear(in_features=3072, out_features=768, bias=True)
            )
            (ln_2): LayerNorm((768,), eps=1e-05, elementwise_affine=True)
          )
          (6): ResidualAttentionBlock(
            (attn): MultiheadAttention(
              (out_proj): NonDynamicallyQuantizableLinear(in_features=768, out_features=768, bias=True)
            )
            (ln_1): LayerNorm((768,), eps=1e-05, elementwise_affine=True)
            (mlp): Sequential(
              (c_fc): Linear(in_features=768, out_features=3072, bias=True)
              (gelu): QuickGELU()
              (c_proj): Linear(in_features=3072, out_features=768, bias=True)
            )
            (ln_2): LayerNorm((768,), eps=1e-05, elementwise_affine=True)
          )
          (7): ResidualAttentionBlock(
            (attn): MultiheadAttention(
              (out_proj): NonDynamicallyQuantizableLinear(in_features=768, out_features=768, bias=True)
            )
            (ln_1): LayerNorm((768,), eps=1e-05, elementwise_affine=True)
            (mlp): Sequential(
              (c_fc): Linear(in_features=768, out_features=3072, bias=True)
              (gelu): QuickGELU()
              (c_proj): Linear(in_features=3072, out_features=768, bias=True)
            )
            (ln_2): LayerNorm((768,), eps=1e-05, elementwise_affine=True)
          )
          (8): ResidualAttentionBlock(
            (attn): MultiheadAttention(
              (out_proj): NonDynamicallyQuantizableLinear(in_features=768, out_features=768, bias=True)
            )
            (ln_1): LayerNorm((768,), eps=1e-05, elementwise_affine=True)
            (mlp): Sequential(
              (c_fc): Linear(in_features=768, out_features=3072, bias=True)
              (gelu): QuickGELU()
              (c_proj): Linear(in_features=3072, out_features=768, bias=True)
            )
            (ln_2): LayerNorm((768,), eps=1e-05, elementwise_affine=True)
          )
          (9): ResidualAttentionBlock(
            (attn): MultiheadAttention(
              (out_proj): NonDynamicallyQuantizableLinear(in_features=768, out_features=768, bias=True)
            )
            (ln_1): LayerNorm((768,), eps=1e-05, elementwise_affine=True)
            (mlp): Sequential(
              (c_fc): Linear(in_features=768, out_features=3072, bias=True)
              (gelu): QuickGELU()
              (c_proj): Linear(in_features=3072, out_features=768, bias=True)
            )
            (ln_2): LayerNorm((768,), eps=1e-05, elementwise_affine=True)
          )
          (10): ResidualAttentionBlock(
            (attn): MultiheadAttention(
              (out_proj): NonDynamicallyQuantizableLinear(in_features=768, out_features=768, bias=True)
            )
            (ln_1): LayerNorm((768,), eps=1e-05, elementwise_affine=True)
            (mlp): Sequential(
              (c_fc): Linear(in_features=768, out_features=3072, bias=True)
              (gelu): QuickGELU()
              (c_proj): Linear(in_features=3072, out_features=768, bias=True)
            )
            (ln_2): LayerNorm((768,), eps=1e-05, elementwise_affine=True)
          )
          (11): ResidualAttentionBlock(
            (attn): MultiheadAttention(
              (out_proj): NonDynamicallyQuantizableLinear(in_features=768, out_features=768, bias=True)
            )
            (ln_1): LayerNorm((768,), eps=1e-05, elementwise_affine=True)
            (mlp): Sequential(
              (c_fc): Linear(in_features=768, out_features=3072, bias=True)
              (gelu): QuickGELU()
              (c_proj): Linear(in_features=3072, out_features=768, bias=True)
            )
            (ln_2): LayerNorm((768,), eps=1e-05, elementwise_affine=True)
          )
        )
      )
      (ln_post): LayerNorm((768,), eps=1e-05, elementwise_affine=True)
    )
  )
  (pool): AdaptiveAvgPool1d(output_size=1)
  (rgb_reduce): Sequential(
    (0): LayerNorm((1024,), eps=1e-05, elementwise_affine=True)
    (1): Linear(in_features=1024, out_features=512, bias=True)
    (2): QuickGELU()
  )
  (nir_reduce): Sequential(
    (0): LayerNorm((1024,), eps=1e-05, elementwise_affine=True)
    (1): Linear(in_features=1024, out_features=512, bias=True)
    (2): QuickGELU()
  )
  (tir_reduce): Sequential(
    (0): LayerNorm((1024,), eps=1e-05, elementwise_affine=True)
    (1): Linear(in_features=1024, out_features=512, bias=True)
    (2): QuickGELU()
  )
  (dgaf): DualGatedAdaptiveFusionV3(
    (attn_pool): MultiheadAttention(
      (out_proj): NonDynamicallyQuantizableLinear(in_features=512, out_features=512, bias=True)
    )
    (attn_norm): LayerNorm((512,), eps=1e-05, elementwise_affine=True)
    (entropy_proj): Linear(in_features=512, out_features=512, bias=True)
    (gate_net): Sequential(
      (0): Linear(in_features=1536, out_features=512, bias=True)
      (1): LayerNorm((512,), eps=1e-05, elementwise_affine=True)
      (2): ReLU(inplace=True)
      (3): Linear(in_features=512, out_features=3, bias=True)
      (4): Sigmoid()
    )
    (modal_enhance): Sequential(
      (0): Linear(in_features=512, out_features=512, bias=True)
      (1): LayerNorm((512,), eps=1e-05, elementwise_affine=True)
    )
  )
  (classifier_dgaf): Linear(in_features=1536, out_features=155, bias=False)
  (bottleneck_dgaf): BatchNorm1d(1536, eps=1e-05, momentum=0.1, affine=True, track_running_stats=True)
  (classifier): Linear(in_features=1536, out_features=155, bias=False)
  (bottleneck): BatchNorm1d(1536, eps=1e-05, momentum=0.1, affine=True, track_running_stats=True)
)
2025-12-08 03:34:03,169 DeMo INFO: number of parameters:90.575364
/home/yij/miniconda3/envs/DeMo/lib/python3.8/site-packages/timm/models/helpers.py:7: FutureWarning: Importing from timm.models.helpers is deprecated, please import via timm.models
  warnings.warn(f"Importing from {__name__} is deprecated, please import via timm.models", FutureWarning)
/home/yij/miniconda3/envs/DeMo/lib/python3.8/site-packages/timm/models/registry.py:4: FutureWarning: Importing from timm.models.registry is deprecated, please import via timm.models
  warnings.warn(f"Importing from {__name__} is deprecated, please import via timm.models", FutureWarning)
/home/yij/miniconda3/envs/DeMo/lib/python3.8/site-packages/timm/models/layers/__init__.py:48: FutureWarning: Importing from timm.models.layers is deprecated, please import via timm.layers
  warnings.warn(f"Importing from {__name__} is deprecated, please import via timm.layers", FutureWarning)
/raid/yij/icme/demo2new/DeMo2/modeling/clip/clip.py:23: UserWarning: PyTorch version 1.7.1 or higher is recommended
  warnings.warn("PyTorch version 1.7.1 or higher is recommended")
/home/yij/miniconda3/envs/DeMo/lib/python3.8/site-packages/torchvision/transforms/transforms.py:329: UserWarning: Argument 'interpolation' of type int is deprecated since 0.13 and will be removed in 0.15. Please use InterpolationMode enum.
  warnings.warn(
Unsupported operator aten::log encountered 3 time(s)
The following submodules of the model were never called during the trace of the graph. They may be unused, or they were accessed by direct calls to .forward() or via other python methods. In the latter case they will have zeros for statistics, though their statistics will still contribute to their parent calling module.
BACKBONE.base.transformer.resblocks.0.attn.out_proj, BACKBONE.base.transformer.resblocks.1.attn.out_proj, BACKBONE.base.transformer.resblocks.10.attn.out_proj, BACKBONE.base.transformer.resblocks.11.attn.out_proj, BACKBONE.base.transformer.resblocks.2.attn.out_proj, BACKBONE.base.transformer.resblocks.3.attn.out_proj, BACKBONE.base.transformer.resblocks.4.attn.out_proj, BACKBONE.base.transformer.resblocks.5.attn.out_proj, BACKBONE.base.transformer.resblocks.6.attn.out_proj, BACKBONE.base.transformer.resblocks.7.attn.out_proj, BACKBONE.base.transformer.resblocks.8.attn.out_proj, BACKBONE.base.transformer.resblocks.9.attn.out_proj, bottleneck, bottleneck_dgaf, classifier, classifier_dgaf, dgaf.attn_pool.out_proj
~~~~~~~~~~~~~~~~~~~~~~~~~~~~~~~~~~~~~~~~~~~~~~~~~~~~~~~~~~~~~~~~~~~~~~~~~~~~~~~~~~~~~~~~~~~~~~~~
The out_proj here is called by the nn.MultiheadAttention, which has been calculated in th .forward(), so just ignore it.
~~~~~~~~~~~~~~~~~~~~~~~~~~~~~~~~~~~~~~~~~~~~~~~~~~~~~~~~~~~~~~~~~~~~~~~~~~~~~~~~~~~~~~~~~~~~~~~~
For the bottleneck or classifier, it is not calculated during inference, so just ignore it.
~~~~~~~~~~~~~~~~~~~~~~~~~~~~~~~~~~~~~~~~~~~~~~~~~~~~~~~~~~~~~~~~~~~~~~~~~~~~~~~~~~~~~~~~~~~~~~~~
2025-12-08 03:34:05,881 DeMo INFO: number of GFLOPs: 34.48233837099999
using soft triplet loss for training
label smooth on, numclasses: 155
2025-12-08 03:34:05,892 DeMo.train INFO: start training
2025-12-08 03:34:11,151 DeMo.train INFO: Epoch[1] Iteration[10/16] Loss: 7.271, Acc: 0.009, Base Lr: 6.65e-05
2025-12-08 03:34:12,263 DeMo.train INFO: Epoch 1 done. Time per batch: 0.455[s] Speed: 140.8[samples/s]
2025-12-08 03:34:12,264 DeMo.train INFO: ~~~~~~~~~~~~~~~~~~~~~~~~~~~~~~~~~~~~~~~~~~~~~~~~~~
2025-12-08 03:34:12,264 DeMo.train INFO: Current is the [moe,ori] feature testing!
2025-12-08 03:34:12,264 DeMo.train INFO: ~~~~~~~~~~~~~~~~~~~~~~~~~~~~~~~~~~~~~~~~~~~~~~~~~~
The test feature is normalized
2025-12-08 03:34:21,828 DeMo.train INFO: Validation Results - Epoch: 1
2025-12-08 03:34:21,828 DeMo.train INFO: mAP: 16.2%
2025-12-08 03:34:21,829 DeMo.train INFO: CMC curve, Rank-1  :36.7%
2025-12-08 03:34:21,829 DeMo.train INFO: CMC curve, Rank-5  :56.9%
2025-12-08 03:34:21,829 DeMo.train INFO: CMC curve, Rank-10 :65.5%
2025-12-08 03:34:21,829 DeMo.train INFO: ~~~~~~~~~~~~~~~~~~~~~~~~~~~~~~~~~~~~~~~~~~~~~~~~~~
2025-12-08 03:34:55,563 DeMo.train INFO: ~~~~~~~~~~~~~~~~~~~~~~~~~~~~~~~~~~~~~~~~~~~~~~~~~~
2025-12-08 03:34:55,564 DeMo.train INFO: Best mAP: 16.2%
2025-12-08 03:34:55,564 DeMo.train INFO: Best Rank-1: 36.7%
2025-12-08 03:34:55,564 DeMo.train INFO: Best Rank-5: 56.9%
2025-12-08 03:34:55,564 DeMo.train INFO: Best Rank-10: 65.5%
2025-12-08 03:34:55,564 DeMo.train INFO: ~~~~~~~~~~~~~~~~~~~~~~~~~~~~~~~~~~~~~~~~~~~~~~~~~~
2025-12-08 03:35:00,218 DeMo.train INFO: Epoch[2] Iteration[10/16] Loss: 4.280, Acc: 0.087, Base Lr: 9.80e-05
2025-12-08 03:35:01,342 DeMo.train INFO: Epoch 2 done. Time per batch: 0.413[s] Speed: 155.1[samples/s]
2025-12-08 03:35:01,343 DeMo.train INFO: ~~~~~~~~~~~~~~~~~~~~~~~~~~~~~~~~~~~~~~~~~~~~~~~~~~
2025-12-08 03:35:01,343 DeMo.train INFO: Current is the [moe,ori] feature testing!
2025-12-08 03:35:01,344 DeMo.train INFO: ~~~~~~~~~~~~~~~~~~~~~~~~~~~~~~~~~~~~~~~~~~~~~~~~~~
The test feature is normalized
2025-12-08 03:35:30,426 DeMo.train INFO: Validation Results - Epoch: 2
2025-12-08 03:35:30,427 DeMo.train INFO: mAP: 18.9%
2025-12-08 03:35:30,429 DeMo.train INFO: CMC curve, Rank-1  :34.9%
2025-12-08 03:35:30,430 DeMo.train INFO: CMC curve, Rank-5  :57.7%
2025-12-08 03:35:30,431 DeMo.train INFO: CMC curve, Rank-10 :65.1%
2025-12-08 03:35:30,433 DeMo.train INFO: ~~~~~~~~~~~~~~~~~~~~~~~~~~~~~~~~~~~~~~~~~~~~~~~~~~
2025-12-08 03:36:09,362 DeMo.train INFO: ~~~~~~~~~~~~~~~~~~~~~~~~~~~~~~~~~~~~~~~~~~~~~~~~~~
2025-12-08 03:36:09,365 DeMo.train INFO: Best mAP: 18.9%
2025-12-08 03:36:09,365 DeMo.train INFO: Best Rank-1: 34.9%
2025-12-08 03:36:09,365 DeMo.train INFO: Best Rank-5: 57.7%
2025-12-08 03:36:09,365 DeMo.train INFO: Best Rank-10: 65.1%
2025-12-08 03:36:09,365 DeMo.train INFO: ~~~~~~~~~~~~~~~~~~~~~~~~~~~~~~~~~~~~~~~~~~~~~~~~~~
2025-12-08 03:36:14,346 DeMo.train INFO: Epoch[3] Iteration[10/16] Loss: 3.986, Acc: 0.359, Base Lr: 1.30e-04
2025-12-08 03:36:15,480 DeMo.train INFO: Epoch 3 done. Time per batch: 0.437[s] Speed: 146.5[samples/s]
2025-12-08 03:36:15,481 DeMo.train INFO: ~~~~~~~~~~~~~~~~~~~~~~~~~~~~~~~~~~~~~~~~~~~~~~~~~~
2025-12-08 03:36:15,481 DeMo.train INFO: Current is the [moe,ori] feature testing!
2025-12-08 03:36:15,482 DeMo.train INFO: ~~~~~~~~~~~~~~~~~~~~~~~~~~~~~~~~~~~~~~~~~~~~~~~~~~
The test feature is normalized
2025-12-08 03:36:22,440 DeMo.train INFO: Validation Results - Epoch: 3
2025-12-08 03:36:22,440 DeMo.train INFO: mAP: 27.5%
2025-12-08 03:36:22,440 DeMo.train INFO: CMC curve, Rank-1  :46.0%
2025-12-08 03:36:22,440 DeMo.train INFO: CMC curve, Rank-5  :67.3%
2025-12-08 03:36:22,440 DeMo.train INFO: CMC curve, Rank-10 :75.0%
2025-12-08 03:36:22,440 DeMo.train INFO: ~~~~~~~~~~~~~~~~~~~~~~~~~~~~~~~~~~~~~~~~~~~~~~~~~~
2025-12-08 03:37:08,371 DeMo.train INFO: ~~~~~~~~~~~~~~~~~~~~~~~~~~~~~~~~~~~~~~~~~~~~~~~~~~
2025-12-08 03:37:08,374 DeMo.train INFO: Best mAP: 27.5%
2025-12-08 03:37:08,376 DeMo.train INFO: Best Rank-1: 46.0%
2025-12-08 03:37:08,377 DeMo.train INFO: Best Rank-5: 67.3%
2025-12-08 03:37:08,379 DeMo.train INFO: Best Rank-10: 75.0%
2025-12-08 03:37:08,380 DeMo.train INFO: ~~~~~~~~~~~~~~~~~~~~~~~~~~~~~~~~~~~~~~~~~~~~~~~~~~
2025-12-08 03:37:19,983 DeMo.train INFO: Epoch[4] Iteration[10/16] Loss: 3.747, Acc: 0.417, Base Lr: 1.61e-04
2025-12-08 03:37:24,946 DeMo.train INFO: Epoch 4 done. Time per batch: 1.104[s] Speed: 58.0[samples/s]
2025-12-08 03:37:24,949 DeMo.train INFO: ~~~~~~~~~~~~~~~~~~~~~~~~~~~~~~~~~~~~~~~~~~~~~~~~~~
2025-12-08 03:37:24,951 DeMo.train INFO: Current is the [moe,ori] feature testing!
2025-12-08 03:37:24,951 DeMo.train INFO: ~~~~~~~~~~~~~~~~~~~~~~~~~~~~~~~~~~~~~~~~~~~~~~~~~~
The test feature is normalized
2025-12-08 03:37:51,550 DeMo.train INFO: Validation Results - Epoch: 4
2025-12-08 03:37:51,550 DeMo.train INFO: mAP: 30.8%
2025-12-08 03:37:51,550 DeMo.train INFO: CMC curve, Rank-1  :50.1%
2025-12-08 03:37:51,550 DeMo.train INFO: CMC curve, Rank-5  :68.7%
2025-12-08 03:37:51,550 DeMo.train INFO: CMC curve, Rank-10 :74.6%
2025-12-08 03:37:51,550 DeMo.train INFO: ~~~~~~~~~~~~~~~~~~~~~~~~~~~~~~~~~~~~~~~~~~~~~~~~~~
2025-12-08 03:38:10,190 DeMo.train INFO: ~~~~~~~~~~~~~~~~~~~~~~~~~~~~~~~~~~~~~~~~~~~~~~~~~~
2025-12-08 03:38:10,191 DeMo.train INFO: Best mAP: 30.8%
2025-12-08 03:38:10,191 DeMo.train INFO: Best Rank-1: 50.1%
2025-12-08 03:38:10,191 DeMo.train INFO: Best Rank-5: 68.7%
2025-12-08 03:38:10,191 DeMo.train INFO: Best Rank-10: 74.6%
2025-12-08 03:38:10,191 DeMo.train INFO: ~~~~~~~~~~~~~~~~~~~~~~~~~~~~~~~~~~~~~~~~~~~~~~~~~~
2025-12-08 03:38:14,328 DeMo.train INFO: Epoch[5] Iteration[10/16] Loss: 3.268, Acc: 0.406, Base Lr: 1.93e-04
2025-12-08 03:38:15,451 DeMo.train INFO: Epoch 5 done. Time per batch: 0.376[s] Speed: 170.3[samples/s]
2025-12-08 03:38:15,453 DeMo.train INFO: ~~~~~~~~~~~~~~~~~~~~~~~~~~~~~~~~~~~~~~~~~~~~~~~~~~
2025-12-08 03:38:15,454 DeMo.train INFO: Current is the [moe,ori] feature testing!
2025-12-08 03:38:15,455 DeMo.train INFO: ~~~~~~~~~~~~~~~~~~~~~~~~~~~~~~~~~~~~~~~~~~~~~~~~~~
The test feature is normalized
2025-12-08 03:38:32,655 DeMo.train INFO: Validation Results - Epoch: 5
2025-12-08 03:38:32,655 DeMo.train INFO: mAP: 35.4%
2025-12-08 03:38:32,655 DeMo.train INFO: CMC curve, Rank-1  :55.5%
2025-12-08 03:38:32,656 DeMo.train INFO: CMC curve, Rank-5  :74.8%
2025-12-08 03:38:32,656 DeMo.train INFO: CMC curve, Rank-10 :80.4%
2025-12-08 03:38:32,656 DeMo.train INFO: ~~~~~~~~~~~~~~~~~~~~~~~~~~~~~~~~~~~~~~~~~~~~~~~~~~
2025-12-08 03:39:19,855 DeMo.train INFO: ~~~~~~~~~~~~~~~~~~~~~~~~~~~~~~~~~~~~~~~~~~~~~~~~~~
2025-12-08 03:39:19,856 DeMo.train INFO: Best mAP: 35.4%
2025-12-08 03:39:19,858 DeMo.train INFO: Best Rank-1: 55.5%
2025-12-08 03:39:19,859 DeMo.train INFO: Best Rank-5: 74.8%
2025-12-08 03:39:19,860 DeMo.train INFO: Best Rank-10: 80.4%
2025-12-08 03:39:19,862 DeMo.train INFO: ~~~~~~~~~~~~~~~~~~~~~~~~~~~~~~~~~~~~~~~~~~~~~~~~~~
2025-12-08 03:39:27,013 DeMo.train INFO: Epoch[6] Iteration[10/16] Loss: 2.893, Acc: 0.475, Base Lr: 2.24e-04
2025-12-08 03:39:28,125 DeMo.train INFO: Epoch 6 done. Time per batch: 0.590[s] Speed: 108.5[samples/s]
2025-12-08 03:39:28,126 DeMo.train INFO: ~~~~~~~~~~~~~~~~~~~~~~~~~~~~~~~~~~~~~~~~~~~~~~~~~~
2025-12-08 03:39:28,126 DeMo.train INFO: Current is the [moe,ori] feature testing!
2025-12-08 03:39:28,127 DeMo.train INFO: ~~~~~~~~~~~~~~~~~~~~~~~~~~~~~~~~~~~~~~~~~~~~~~~~~~
The test feature is normalized
2025-12-08 03:39:35,263 DeMo.train INFO: Validation Results - Epoch: 6
2025-12-08 03:39:35,263 DeMo.train INFO: mAP: 34.3%
2025-12-08 03:39:35,263 DeMo.train INFO: CMC curve, Rank-1  :54.1%
2025-12-08 03:39:35,263 DeMo.train INFO: CMC curve, Rank-5  :70.4%
2025-12-08 03:39:35,263 DeMo.train INFO: CMC curve, Rank-10 :76.1%
2025-12-08 03:39:35,263 DeMo.train INFO: ~~~~~~~~~~~~~~~~~~~~~~~~~~~~~~~~~~~~~~~~~~~~~~~~~~
2025-12-08 03:39:35,313 DeMo.train INFO: ~~~~~~~~~~~~~~~~~~~~~~~~~~~~~~~~~~~~~~~~~~~~~~~~~~
2025-12-08 03:39:35,313 DeMo.train INFO: Best mAP: 35.4%
2025-12-08 03:39:35,314 DeMo.train INFO: Best Rank-1: 55.5%
2025-12-08 03:39:35,314 DeMo.train INFO: Best Rank-5: 74.8%
2025-12-08 03:39:35,314 DeMo.train INFO: Best Rank-10: 80.4%
2025-12-08 03:39:35,314 DeMo.train INFO: ~~~~~~~~~~~~~~~~~~~~~~~~~~~~~~~~~~~~~~~~~~~~~~~~~~
2025-12-08 03:39:39,546 DeMo.train INFO: Epoch[7] Iteration[10/16] Loss: 2.414, Acc: 0.588, Base Lr: 2.55e-04
2025-12-08 03:39:40,669 DeMo.train INFO: Epoch 7 done. Time per batch: 0.383[s] Speed: 167.3[samples/s]
2025-12-08 03:39:40,670 DeMo.train INFO: ~~~~~~~~~~~~~~~~~~~~~~~~~~~~~~~~~~~~~~~~~~~~~~~~~~
2025-12-08 03:39:40,671 DeMo.train INFO: Current is the [moe,ori] feature testing!
2025-12-08 03:39:40,672 DeMo.train INFO: ~~~~~~~~~~~~~~~~~~~~~~~~~~~~~~~~~~~~~~~~~~~~~~~~~~
The test feature is normalized
2025-12-08 03:39:55,357 DeMo.train INFO: Validation Results - Epoch: 7
2025-12-08 03:39:55,358 DeMo.train INFO: mAP: 37.8%
2025-12-08 03:39:55,358 DeMo.train INFO: CMC curve, Rank-1  :57.9%
2025-12-08 03:39:55,358 DeMo.train INFO: CMC curve, Rank-5  :73.4%
2025-12-08 03:39:55,358 DeMo.train INFO: CMC curve, Rank-10 :81.0%
2025-12-08 03:39:55,358 DeMo.train INFO: ~~~~~~~~~~~~~~~~~~~~~~~~~~~~~~~~~~~~~~~~~~~~~~~~~~
2025-12-08 03:40:13,262 DeMo.train INFO: ~~~~~~~~~~~~~~~~~~~~~~~~~~~~~~~~~~~~~~~~~~~~~~~~~~
2025-12-08 03:40:13,262 DeMo.train INFO: Best mAP: 37.8%
2025-12-08 03:40:13,262 DeMo.train INFO: Best Rank-1: 57.9%
2025-12-08 03:40:13,263 DeMo.train INFO: Best Rank-5: 73.4%
2025-12-08 03:40:13,263 DeMo.train INFO: Best Rank-10: 81.0%
2025-12-08 03:40:13,263 DeMo.train INFO: ~~~~~~~~~~~~~~~~~~~~~~~~~~~~~~~~~~~~~~~~~~~~~~~~~~
2025-12-08 03:40:17,480 DeMo.train INFO: Epoch[8] Iteration[10/16] Loss: 1.870, Acc: 0.703, Base Lr: 2.87e-04
2025-12-08 03:40:18,614 DeMo.train INFO: Epoch 8 done. Time per batch: 0.382[s] Speed: 167.4[samples/s]
2025-12-08 03:40:18,616 DeMo.train INFO: ~~~~~~~~~~~~~~~~~~~~~~~~~~~~~~~~~~~~~~~~~~~~~~~~~~
2025-12-08 03:40:18,618 DeMo.train INFO: Current is the [moe,ori] feature testing!
2025-12-08 03:40:18,619 DeMo.train INFO: ~~~~~~~~~~~~~~~~~~~~~~~~~~~~~~~~~~~~~~~~~~~~~~~~~~
The test feature is normalized
2025-12-08 03:40:49,630 DeMo.train INFO: Validation Results - Epoch: 8
2025-12-08 03:40:49,630 DeMo.train INFO: mAP: 37.5%
2025-12-08 03:40:49,630 DeMo.train INFO: CMC curve, Rank-1  :56.2%
2025-12-08 03:40:49,630 DeMo.train INFO: CMC curve, Rank-5  :73.4%
2025-12-08 03:40:49,630 DeMo.train INFO: CMC curve, Rank-10 :79.9%
2025-12-08 03:40:49,630 DeMo.train INFO: ~~~~~~~~~~~~~~~~~~~~~~~~~~~~~~~~~~~~~~~~~~~~~~~~~~
2025-12-08 03:40:49,682 DeMo.train INFO: ~~~~~~~~~~~~~~~~~~~~~~~~~~~~~~~~~~~~~~~~~~~~~~~~~~
2025-12-08 03:40:49,682 DeMo.train INFO: Best mAP: 37.8%
2025-12-08 03:40:49,682 DeMo.train INFO: Best Rank-1: 57.9%
2025-12-08 03:40:49,682 DeMo.train INFO: Best Rank-5: 73.4%
2025-12-08 03:40:49,682 DeMo.train INFO: Best Rank-10: 81.0%
2025-12-08 03:40:49,682 DeMo.train INFO: ~~~~~~~~~~~~~~~~~~~~~~~~~~~~~~~~~~~~~~~~~~~~~~~~~~
2025-12-08 03:40:54,364 DeMo.train INFO: Epoch[9] Iteration[10/16] Loss: 1.630, Acc: 0.817, Base Lr: 3.18e-04
2025-12-08 03:40:55,513 DeMo.train INFO: Epoch 9 done. Time per batch: 0.417[s] Speed: 153.7[samples/s]
2025-12-08 03:40:55,515 DeMo.train INFO: ~~~~~~~~~~~~~~~~~~~~~~~~~~~~~~~~~~~~~~~~~~~~~~~~~~
2025-12-08 03:40:55,515 DeMo.train INFO: Current is the [moe,ori] feature testing!
2025-12-08 03:40:55,515 DeMo.train INFO: ~~~~~~~~~~~~~~~~~~~~~~~~~~~~~~~~~~~~~~~~~~~~~~~~~~
The test feature is normalized
2025-12-08 03:41:02,696 DeMo.train INFO: Validation Results - Epoch: 9
2025-12-08 03:41:02,696 DeMo.train INFO: mAP: 42.7%
2025-12-08 03:41:02,697 DeMo.train INFO: CMC curve, Rank-1  :59.4%
2025-12-08 03:41:02,697 DeMo.train INFO: CMC curve, Rank-5  :78.5%
2025-12-08 03:41:02,697 DeMo.train INFO: CMC curve, Rank-10 :84.9%
2025-12-08 03:41:02,697 DeMo.train INFO: ~~~~~~~~~~~~~~~~~~~~~~~~~~~~~~~~~~~~~~~~~~~~~~~~~~
2025-12-08 03:41:20,846 DeMo.train INFO: ~~~~~~~~~~~~~~~~~~~~~~~~~~~~~~~~~~~~~~~~~~~~~~~~~~
2025-12-08 03:41:20,846 DeMo.train INFO: Best mAP: 42.7%
2025-12-08 03:41:20,846 DeMo.train INFO: Best Rank-1: 59.4%
2025-12-08 03:41:20,846 DeMo.train INFO: Best Rank-5: 78.5%
2025-12-08 03:41:20,846 DeMo.train INFO: Best Rank-10: 84.9%
2025-12-08 03:41:20,846 DeMo.train INFO: ~~~~~~~~~~~~~~~~~~~~~~~~~~~~~~~~~~~~~~~~~~~~~~~~~~
2025-12-08 03:41:25,034 DeMo.train INFO: Epoch[10] Iteration[10/16] Loss: 1.353, Acc: 0.908, Base Lr: 3.17e-04
2025-12-08 03:41:29,062 DeMo.train INFO: Epoch 10 done. Time per batch: 0.548[s] Speed: 116.8[samples/s]
2025-12-08 03:41:29,063 DeMo.train INFO: ~~~~~~~~~~~~~~~~~~~~~~~~~~~~~~~~~~~~~~~~~~~~~~~~~~
2025-12-08 03:41:29,064 DeMo.train INFO: Current is the [moe,ori] feature testing!
2025-12-08 03:41:29,065 DeMo.train INFO: ~~~~~~~~~~~~~~~~~~~~~~~~~~~~~~~~~~~~~~~~~~~~~~~~~~
The test feature is normalized
2025-12-08 03:42:06,868 DeMo.train INFO: Validation Results - Epoch: 10
2025-12-08 03:42:06,870 DeMo.train INFO: mAP: 44.1%
2025-12-08 03:42:06,871 DeMo.train INFO: CMC curve, Rank-1  :61.6%
2025-12-08 03:42:06,872 DeMo.train INFO: CMC curve, Rank-5  :78.7%
2025-12-08 03:42:06,873 DeMo.train INFO: CMC curve, Rank-10 :84.8%
2025-12-08 03:42:06,874 DeMo.train INFO: ~~~~~~~~~~~~~~~~~~~~~~~~~~~~~~~~~~~~~~~~~~~~~~~~~~
2025-12-08 03:42:32,000 DeMo.train INFO: ~~~~~~~~~~~~~~~~~~~~~~~~~~~~~~~~~~~~~~~~~~~~~~~~~~
2025-12-08 03:42:32,003 DeMo.train INFO: Best mAP: 44.1%
2025-12-08 03:42:32,003 DeMo.train INFO: Best Rank-1: 61.6%
2025-12-08 03:42:32,003 DeMo.train INFO: Best Rank-5: 78.7%
2025-12-08 03:42:32,003 DeMo.train INFO: Best Rank-10: 84.8%
2025-12-08 03:42:32,003 DeMo.train INFO: ~~~~~~~~~~~~~~~~~~~~~~~~~~~~~~~~~~~~~~~~~~~~~~~~~~
2025-12-08 03:42:38,064 DeMo.train INFO: Epoch[11] Iteration[10/16] Loss: 1.009, Acc: 0.963, Base Lr: 3.10e-04
2025-12-08 03:42:39,184 DeMo.train INFO: Epoch 11 done. Time per batch: 0.513[s] Speed: 124.8[samples/s]
2025-12-08 03:42:39,185 DeMo.train INFO: ~~~~~~~~~~~~~~~~~~~~~~~~~~~~~~~~~~~~~~~~~~~~~~~~~~
2025-12-08 03:42:39,185 DeMo.train INFO: Current is the [moe,ori] feature testing!
2025-12-08 03:42:39,185 DeMo.train INFO: ~~~~~~~~~~~~~~~~~~~~~~~~~~~~~~~~~~~~~~~~~~~~~~~~~~
The test feature is normalized
2025-12-08 03:42:46,417 DeMo.train INFO: Validation Results - Epoch: 11
2025-12-08 03:42:46,417 DeMo.train INFO: mAP: 43.1%
2025-12-08 03:42:46,417 DeMo.train INFO: CMC curve, Rank-1  :61.8%
2025-12-08 03:42:46,417 DeMo.train INFO: CMC curve, Rank-5  :77.8%
2025-12-08 03:42:46,417 DeMo.train INFO: CMC curve, Rank-10 :83.4%
2025-12-08 03:42:46,418 DeMo.train INFO: ~~~~~~~~~~~~~~~~~~~~~~~~~~~~~~~~~~~~~~~~~~~~~~~~~~
2025-12-08 03:42:47,029 DeMo.train INFO: ~~~~~~~~~~~~~~~~~~~~~~~~~~~~~~~~~~~~~~~~~~~~~~~~~~
2025-12-08 03:42:47,029 DeMo.train INFO: Best mAP: 44.1%
2025-12-08 03:42:47,029 DeMo.train INFO: Best Rank-1: 61.6%
2025-12-08 03:42:47,030 DeMo.train INFO: Best Rank-5: 78.7%
2025-12-08 03:42:47,030 DeMo.train INFO: Best Rank-10: 84.8%
2025-12-08 03:42:47,030 DeMo.train INFO: ~~~~~~~~~~~~~~~~~~~~~~~~~~~~~~~~~~~~~~~~~~~~~~~~~~
2025-12-08 03:42:51,579 DeMo.train INFO: Epoch[12] Iteration[10/16] Loss: 0.936, Acc: 0.989, Base Lr: 3.03e-04
2025-12-08 03:42:52,688 DeMo.train INFO: Epoch 12 done. Time per batch: 0.404[s] Speed: 158.4[samples/s]
2025-12-08 03:42:52,689 DeMo.train INFO: ~~~~~~~~~~~~~~~~~~~~~~~~~~~~~~~~~~~~~~~~~~~~~~~~~~
2025-12-08 03:42:52,689 DeMo.train INFO: Current is the [moe,ori] feature testing!
2025-12-08 03:42:52,689 DeMo.train INFO: ~~~~~~~~~~~~~~~~~~~~~~~~~~~~~~~~~~~~~~~~~~~~~~~~~~
The test feature is normalized
2025-12-08 03:43:25,872 DeMo.train INFO: Validation Results - Epoch: 12
2025-12-08 03:43:25,873 DeMo.train INFO: mAP: 43.8%
2025-12-08 03:43:25,875 DeMo.train INFO: CMC curve, Rank-1  :61.8%
2025-12-08 03:43:25,876 DeMo.train INFO: CMC curve, Rank-5  :79.7%
2025-12-08 03:43:25,877 DeMo.train INFO: CMC curve, Rank-10 :84.4%
2025-12-08 03:43:25,879 DeMo.train INFO: ~~~~~~~~~~~~~~~~~~~~~~~~~~~~~~~~~~~~~~~~~~~~~~~~~~
2025-12-08 03:43:27,131 DeMo.train INFO: ~~~~~~~~~~~~~~~~~~~~~~~~~~~~~~~~~~~~~~~~~~~~~~~~~~
2025-12-08 03:43:27,132 DeMo.train INFO: Best mAP: 44.1%
2025-12-08 03:43:27,134 DeMo.train INFO: Best Rank-1: 61.6%
2025-12-08 03:43:27,135 DeMo.train INFO: Best Rank-5: 78.7%
2025-12-08 03:43:27,136 DeMo.train INFO: Best Rank-10: 84.8%
2025-12-08 03:43:27,137 DeMo.train INFO: ~~~~~~~~~~~~~~~~~~~~~~~~~~~~~~~~~~~~~~~~~~~~~~~~~~
2025-12-08 03:43:38,978 DeMo.train INFO: Epoch[13] Iteration[10/16] Loss: 0.852, Acc: 0.995, Base Lr: 2.95e-04
2025-12-08 03:43:40,115 DeMo.train INFO: Epoch 13 done. Time per batch: 0.927[s] Speed: 69.0[samples/s]
2025-12-08 03:43:40,117 DeMo.train INFO: ~~~~~~~~~~~~~~~~~~~~~~~~~~~~~~~~~~~~~~~~~~~~~~~~~~
2025-12-08 03:43:40,118 DeMo.train INFO: Current is the [moe,ori] feature testing!
2025-12-08 03:43:40,120 DeMo.train INFO: ~~~~~~~~~~~~~~~~~~~~~~~~~~~~~~~~~~~~~~~~~~~~~~~~~~
The test feature is normalized
2025-12-08 03:43:50,125 DeMo.train INFO: Validation Results - Epoch: 13
2025-12-08 03:43:50,125 DeMo.train INFO: mAP: 43.2%
2025-12-08 03:43:50,125 DeMo.train INFO: CMC curve, Rank-1  :59.2%
2025-12-08 03:43:50,125 DeMo.train INFO: CMC curve, Rank-5  :78.5%
2025-12-08 03:43:50,125 DeMo.train INFO: CMC curve, Rank-10 :84.1%
2025-12-08 03:43:50,125 DeMo.train INFO: ~~~~~~~~~~~~~~~~~~~~~~~~~~~~~~~~~~~~~~~~~~~~~~~~~~
2025-12-08 03:43:50,777 DeMo.train INFO: ~~~~~~~~~~~~~~~~~~~~~~~~~~~~~~~~~~~~~~~~~~~~~~~~~~
2025-12-08 03:43:50,777 DeMo.train INFO: Best mAP: 44.1%
2025-12-08 03:43:50,777 DeMo.train INFO: Best Rank-1: 61.6%
2025-12-08 03:43:50,777 DeMo.train INFO: Best Rank-5: 78.7%
2025-12-08 03:43:50,777 DeMo.train INFO: Best Rank-10: 84.8%
2025-12-08 03:43:50,777 DeMo.train INFO: ~~~~~~~~~~~~~~~~~~~~~~~~~~~~~~~~~~~~~~~~~~~~~~~~~~
2025-12-08 03:43:55,835 DeMo.train INFO: Epoch[14] Iteration[10/16] Loss: 0.851, Acc: 0.989, Base Lr: 2.87e-04
2025-12-08 03:43:57,202 DeMo.train INFO: Epoch 14 done. Time per batch: 0.428[s] Speed: 149.4[samples/s]
2025-12-08 03:43:57,203 DeMo.train INFO: ~~~~~~~~~~~~~~~~~~~~~~~~~~~~~~~~~~~~~~~~~~~~~~~~~~
2025-12-08 03:43:57,203 DeMo.train INFO: Current is the [moe,ori] feature testing!
2025-12-08 03:43:57,203 DeMo.train INFO: ~~~~~~~~~~~~~~~~~~~~~~~~~~~~~~~~~~~~~~~~~~~~~~~~~~
The test feature is normalized
2025-12-08 03:44:15,774 DeMo.train INFO: Validation Results - Epoch: 14
2025-12-08 03:44:15,775 DeMo.train INFO: mAP: 42.3%
2025-12-08 03:44:15,775 DeMo.train INFO: CMC curve, Rank-1  :60.9%
2025-12-08 03:44:15,775 DeMo.train INFO: CMC curve, Rank-5  :77.0%
2025-12-08 03:44:15,775 DeMo.train INFO: CMC curve, Rank-10 :83.6%
2025-12-08 03:44:15,775 DeMo.train INFO: ~~~~~~~~~~~~~~~~~~~~~~~~~~~~~~~~~~~~~~~~~~~~~~~~~~
2025-12-08 03:44:16,674 DeMo.train INFO: ~~~~~~~~~~~~~~~~~~~~~~~~~~~~~~~~~~~~~~~~~~~~~~~~~~
2025-12-08 03:44:16,674 DeMo.train INFO: Best mAP: 44.1%
2025-12-08 03:44:16,674 DeMo.train INFO: Best Rank-1: 61.6%
2025-12-08 03:44:16,674 DeMo.train INFO: Best Rank-5: 78.7%
2025-12-08 03:44:16,674 DeMo.train INFO: Best Rank-10: 84.8%
2025-12-08 03:44:16,674 DeMo.train INFO: ~~~~~~~~~~~~~~~~~~~~~~~~~~~~~~~~~~~~~~~~~~~~~~~~~~
2025-12-08 03:44:23,745 DeMo.train INFO: Epoch[15] Iteration[10/16] Loss: 0.858, Acc: 0.994, Base Lr: 2.78e-04
2025-12-08 03:44:24,883 DeMo.train INFO: Epoch 15 done. Time per batch: 0.586[s] Speed: 109.2[samples/s]
2025-12-08 03:44:24,886 DeMo.train INFO: ~~~~~~~~~~~~~~~~~~~~~~~~~~~~~~~~~~~~~~~~~~~~~~~~~~
2025-12-08 03:44:24,887 DeMo.train INFO: Current is the [moe,ori] feature testing!
2025-12-08 03:44:24,888 DeMo.train INFO: ~~~~~~~~~~~~~~~~~~~~~~~~~~~~~~~~~~~~~~~~~~~~~~~~~~
The test feature is normalized
2025-12-08 03:44:53,324 DeMo.train INFO: Validation Results - Epoch: 15
2025-12-08 03:44:53,324 DeMo.train INFO: mAP: 41.5%
2025-12-08 03:44:53,324 DeMo.train INFO: CMC curve, Rank-1  :58.4%
2025-12-08 03:44:53,325 DeMo.train INFO: CMC curve, Rank-5  :78.0%
2025-12-08 03:44:53,325 DeMo.train INFO: CMC curve, Rank-10 :84.1%
2025-12-08 03:44:53,325 DeMo.train INFO: ~~~~~~~~~~~~~~~~~~~~~~~~~~~~~~~~~~~~~~~~~~~~~~~~~~
2025-12-08 03:44:54,416 DeMo.train INFO: ~~~~~~~~~~~~~~~~~~~~~~~~~~~~~~~~~~~~~~~~~~~~~~~~~~
2025-12-08 03:44:54,417 DeMo.train INFO: Best mAP: 44.1%
2025-12-08 03:44:54,417 DeMo.train INFO: Best Rank-1: 61.6%
2025-12-08 03:44:54,417 DeMo.train INFO: Best Rank-5: 78.7%
2025-12-08 03:44:54,417 DeMo.train INFO: Best Rank-10: 84.8%
2025-12-08 03:44:54,417 DeMo.train INFO: ~~~~~~~~~~~~~~~~~~~~~~~~~~~~~~~~~~~~~~~~~~~~~~~~~~
2025-12-08 03:45:02,093 DeMo.train INFO: Epoch[16] Iteration[10/16] Loss: 0.758, Acc: 0.995, Base Lr: 2.69e-04
2025-12-08 03:45:04,302 DeMo.train INFO: Epoch 16 done. Time per batch: 0.659[s] Speed: 97.1[samples/s]
2025-12-08 03:45:04,308 DeMo.train INFO: ~~~~~~~~~~~~~~~~~~~~~~~~~~~~~~~~~~~~~~~~~~~~~~~~~~
2025-12-08 03:45:04,309 DeMo.train INFO: Current is the [moe,ori] feature testing!
2025-12-08 03:45:04,311 DeMo.train INFO: ~~~~~~~~~~~~~~~~~~~~~~~~~~~~~~~~~~~~~~~~~~~~~~~~~~
The test feature is normalized
2025-12-08 03:45:17,024 DeMo.train INFO: Validation Results - Epoch: 16
2025-12-08 03:45:17,024 DeMo.train INFO: mAP: 42.7%
2025-12-08 03:45:17,024 DeMo.train INFO: CMC curve, Rank-1  :58.7%
2025-12-08 03:45:17,024 DeMo.train INFO: CMC curve, Rank-5  :77.7%
2025-12-08 03:45:17,024 DeMo.train INFO: CMC curve, Rank-10 :83.8%
2025-12-08 03:45:17,024 DeMo.train INFO: ~~~~~~~~~~~~~~~~~~~~~~~~~~~~~~~~~~~~~~~~~~~~~~~~~~
2025-12-08 03:45:17,846 DeMo.train INFO: ~~~~~~~~~~~~~~~~~~~~~~~~~~~~~~~~~~~~~~~~~~~~~~~~~~
2025-12-08 03:45:17,846 DeMo.train INFO: Best mAP: 44.1%
2025-12-08 03:45:17,846 DeMo.train INFO: Best Rank-1: 61.6%
2025-12-08 03:45:17,846 DeMo.train INFO: Best Rank-5: 78.7%
2025-12-08 03:45:17,846 DeMo.train INFO: Best Rank-10: 84.8%
2025-12-08 03:45:17,846 DeMo.train INFO: ~~~~~~~~~~~~~~~~~~~~~~~~~~~~~~~~~~~~~~~~~~~~~~~~~~
2025-12-08 03:45:22,837 DeMo.train INFO: Epoch[17] Iteration[10/16] Loss: 0.700, Acc: 0.994, Base Lr: 2.59e-04
2025-12-08 03:45:24,440 DeMo.train INFO: Epoch 17 done. Time per batch: 0.440[s] Speed: 145.6[samples/s]
2025-12-08 03:45:24,441 DeMo.train INFO: ~~~~~~~~~~~~~~~~~~~~~~~~~~~~~~~~~~~~~~~~~~~~~~~~~~
2025-12-08 03:45:24,441 DeMo.train INFO: Current is the [moe,ori] feature testing!
2025-12-08 03:45:24,441 DeMo.train INFO: ~~~~~~~~~~~~~~~~~~~~~~~~~~~~~~~~~~~~~~~~~~~~~~~~~~
The test feature is normalized
2025-12-08 03:45:31,627 DeMo.train INFO: Validation Results - Epoch: 17
2025-12-08 03:45:31,628 DeMo.train INFO: mAP: 42.3%
2025-12-08 03:45:31,628 DeMo.train INFO: CMC curve, Rank-1  :57.7%
2025-12-08 03:45:31,628 DeMo.train INFO: CMC curve, Rank-5  :78.3%
2025-12-08 03:45:31,628 DeMo.train INFO: CMC curve, Rank-10 :83.6%
2025-12-08 03:45:31,628 DeMo.train INFO: ~~~~~~~~~~~~~~~~~~~~~~~~~~~~~~~~~~~~~~~~~~~~~~~~~~
2025-12-08 03:45:32,251 DeMo.train INFO: ~~~~~~~~~~~~~~~~~~~~~~~~~~~~~~~~~~~~~~~~~~~~~~~~~~
2025-12-08 03:45:32,252 DeMo.train INFO: Best mAP: 44.1%
2025-12-08 03:45:32,252 DeMo.train INFO: Best Rank-1: 61.6%
2025-12-08 03:45:32,252 DeMo.train INFO: Best Rank-5: 78.7%
2025-12-08 03:45:32,252 DeMo.train INFO: Best Rank-10: 84.8%
2025-12-08 03:45:32,252 DeMo.train INFO: ~~~~~~~~~~~~~~~~~~~~~~~~~~~~~~~~~~~~~~~~~~~~~~~~~~
2025-12-08 03:45:37,002 DeMo.train INFO: Epoch[18] Iteration[10/16] Loss: 0.770, Acc: 0.997, Base Lr: 2.50e-04
2025-12-08 03:45:38,110 DeMo.train INFO: Epoch 18 done. Time per batch: 0.418[s] Speed: 153.0[samples/s]
2025-12-08 03:45:38,112 DeMo.train INFO: ~~~~~~~~~~~~~~~~~~~~~~~~~~~~~~~~~~~~~~~~~~~~~~~~~~
2025-12-08 03:45:38,112 DeMo.train INFO: Current is the [moe,ori] feature testing!
2025-12-08 03:45:38,112 DeMo.train INFO: ~~~~~~~~~~~~~~~~~~~~~~~~~~~~~~~~~~~~~~~~~~~~~~~~~~
The test feature is normalized
2025-12-08 03:45:45,503 DeMo.train INFO: Validation Results - Epoch: 18
2025-12-08 03:45:45,504 DeMo.train INFO: mAP: 40.8%
2025-12-08 03:45:45,504 DeMo.train INFO: CMC curve, Rank-1  :57.7%
2025-12-08 03:45:45,504 DeMo.train INFO: CMC curve, Rank-5  :76.3%
2025-12-08 03:45:45,504 DeMo.train INFO: CMC curve, Rank-10 :82.9%
2025-12-08 03:45:45,504 DeMo.train INFO: ~~~~~~~~~~~~~~~~~~~~~~~~~~~~~~~~~~~~~~~~~~~~~~~~~~
2025-12-08 03:45:46,305 DeMo.train INFO: ~~~~~~~~~~~~~~~~~~~~~~~~~~~~~~~~~~~~~~~~~~~~~~~~~~
2025-12-08 03:45:46,305 DeMo.train INFO: Best mAP: 44.1%
2025-12-08 03:45:46,305 DeMo.train INFO: Best Rank-1: 61.6%
2025-12-08 03:45:46,305 DeMo.train INFO: Best Rank-5: 78.7%
2025-12-08 03:45:46,306 DeMo.train INFO: Best Rank-10: 84.8%
2025-12-08 03:45:46,306 DeMo.train INFO: ~~~~~~~~~~~~~~~~~~~~~~~~~~~~~~~~~~~~~~~~~~~~~~~~~~
2025-12-08 03:45:50,912 DeMo.train INFO: Epoch[19] Iteration[10/16] Loss: 0.701, Acc: 1.000, Base Lr: 2.40e-04
2025-12-08 03:45:52,056 DeMo.train INFO: Epoch 19 done. Time per batch: 0.411[s] Speed: 155.8[samples/s]
2025-12-08 03:45:52,057 DeMo.train INFO: ~~~~~~~~~~~~~~~~~~~~~~~~~~~~~~~~~~~~~~~~~~~~~~~~~~
2025-12-08 03:45:52,057 DeMo.train INFO: Current is the [moe,ori] feature testing!
2025-12-08 03:45:52,057 DeMo.train INFO: ~~~~~~~~~~~~~~~~~~~~~~~~~~~~~~~~~~~~~~~~~~~~~~~~~~
The test feature is normalized
2025-12-08 03:46:14,884 DeMo.train INFO: Validation Results - Epoch: 19
2025-12-08 03:46:14,886 DeMo.train INFO: mAP: 42.9%
2025-12-08 03:46:14,886 DeMo.train INFO: CMC curve, Rank-1  :59.4%
2025-12-08 03:46:14,887 DeMo.train INFO: CMC curve, Rank-5  :77.0%
2025-12-08 03:46:14,889 DeMo.train INFO: CMC curve, Rank-10 :82.7%
2025-12-08 03:46:14,889 DeMo.train INFO: ~~~~~~~~~~~~~~~~~~~~~~~~~~~~~~~~~~~~~~~~~~~~~~~~~~
2025-12-08 03:46:14,941 DeMo.train INFO: ~~~~~~~~~~~~~~~~~~~~~~~~~~~~~~~~~~~~~~~~~~~~~~~~~~
2025-12-08 03:46:14,941 DeMo.train INFO: Best mAP: 44.1%
2025-12-08 03:46:14,941 DeMo.train INFO: Best Rank-1: 61.6%
2025-12-08 03:46:14,941 DeMo.train INFO: Best Rank-5: 78.7%
2025-12-08 03:46:14,941 DeMo.train INFO: Best Rank-10: 84.8%
2025-12-08 03:46:14,941 DeMo.train INFO: ~~~~~~~~~~~~~~~~~~~~~~~~~~~~~~~~~~~~~~~~~~~~~~~~~~
2025-12-08 03:46:19,391 DeMo.train INFO: Epoch[20] Iteration[10/16] Loss: 0.705, Acc: 0.998, Base Lr: 2.29e-04
2025-12-08 03:46:20,512 DeMo.train INFO: Epoch 20 done. Time per batch: 0.398[s] Speed: 160.8[samples/s]
2025-12-08 03:46:20,514 DeMo.train INFO: ~~~~~~~~~~~~~~~~~~~~~~~~~~~~~~~~~~~~~~~~~~~~~~~~~~
2025-12-08 03:46:20,514 DeMo.train INFO: Current is the [moe,ori] feature testing!
2025-12-08 03:46:20,514 DeMo.train INFO: ~~~~~~~~~~~~~~~~~~~~~~~~~~~~~~~~~~~~~~~~~~~~~~~~~~
The test feature is normalized
2025-12-08 03:46:27,765 DeMo.train INFO: Validation Results - Epoch: 20
2025-12-08 03:46:27,765 DeMo.train INFO: mAP: 42.7%
2025-12-08 03:46:27,765 DeMo.train INFO: CMC curve, Rank-1  :59.4%
2025-12-08 03:46:27,765 DeMo.train INFO: CMC curve, Rank-5  :76.5%
2025-12-08 03:46:27,765 DeMo.train INFO: CMC curve, Rank-10 :82.1%
2025-12-08 03:46:27,765 DeMo.train INFO: ~~~~~~~~~~~~~~~~~~~~~~~~~~~~~~~~~~~~~~~~~~~~~~~~~~
2025-12-08 03:46:28,492 DeMo.train INFO: ~~~~~~~~~~~~~~~~~~~~~~~~~~~~~~~~~~~~~~~~~~~~~~~~~~
2025-12-08 03:46:28,492 DeMo.train INFO: Best mAP: 44.1%
2025-12-08 03:46:28,492 DeMo.train INFO: Best Rank-1: 61.6%
2025-12-08 03:46:28,492 DeMo.train INFO: Best Rank-5: 78.7%
2025-12-08 03:46:28,492 DeMo.train INFO: Best Rank-10: 84.8%
2025-12-08 03:46:28,492 DeMo.train INFO: ~~~~~~~~~~~~~~~~~~~~~~~~~~~~~~~~~~~~~~~~~~~~~~~~~~
2025-12-08 03:46:33,263 DeMo.train INFO: Epoch[21] Iteration[10/16] Loss: 0.617, Acc: 1.000, Base Lr: 2.19e-04
2025-12-08 03:46:34,389 DeMo.train INFO: Epoch 21 done. Time per batch: 0.421[s] Speed: 152.0[samples/s]
2025-12-08 03:46:34,390 DeMo.train INFO: ~~~~~~~~~~~~~~~~~~~~~~~~~~~~~~~~~~~~~~~~~~~~~~~~~~
2025-12-08 03:46:34,390 DeMo.train INFO: Current is the [moe,ori] feature testing!
2025-12-08 03:46:34,390 DeMo.train INFO: ~~~~~~~~~~~~~~~~~~~~~~~~~~~~~~~~~~~~~~~~~~~~~~~~~~
The test feature is normalized
2025-12-08 03:46:41,105 DeMo.train INFO: Validation Results - Epoch: 21
2025-12-08 03:46:41,106 DeMo.train INFO: mAP: 42.4%
2025-12-08 03:46:41,106 DeMo.train INFO: CMC curve, Rank-1  :58.0%
2025-12-08 03:46:41,106 DeMo.train INFO: CMC curve, Rank-5  :77.7%
2025-12-08 03:46:41,106 DeMo.train INFO: CMC curve, Rank-10 :83.2%
2025-12-08 03:46:41,106 DeMo.train INFO: ~~~~~~~~~~~~~~~~~~~~~~~~~~~~~~~~~~~~~~~~~~~~~~~~~~
2025-12-08 03:46:41,159 DeMo.train INFO: ~~~~~~~~~~~~~~~~~~~~~~~~~~~~~~~~~~~~~~~~~~~~~~~~~~
2025-12-08 03:46:41,159 DeMo.train INFO: Best mAP: 44.1%
2025-12-08 03:46:41,159 DeMo.train INFO: Best Rank-1: 61.6%
2025-12-08 03:46:41,160 DeMo.train INFO: Best Rank-5: 78.7%
2025-12-08 03:46:41,160 DeMo.train INFO: Best Rank-10: 84.8%
2025-12-08 03:46:41,160 DeMo.train INFO: ~~~~~~~~~~~~~~~~~~~~~~~~~~~~~~~~~~~~~~~~~~~~~~~~~~
2025-12-08 03:46:45,314 DeMo.train INFO: Epoch[22] Iteration[10/16] Loss: 0.613, Acc: 0.998, Base Lr: 2.08e-04
2025-12-08 03:46:46,716 DeMo.train INFO: Epoch 22 done. Time per batch: 0.370[s] Speed: 172.8[samples/s]
2025-12-08 03:46:46,718 DeMo.train INFO: ~~~~~~~~~~~~~~~~~~~~~~~~~~~~~~~~~~~~~~~~~~~~~~~~~~
2025-12-08 03:46:46,718 DeMo.train INFO: Current is the [moe,ori] feature testing!
2025-12-08 03:46:46,719 DeMo.train INFO: ~~~~~~~~~~~~~~~~~~~~~~~~~~~~~~~~~~~~~~~~~~~~~~~~~~
The test feature is normalized
2025-12-08 03:47:09,026 DeMo.train INFO: Validation Results - Epoch: 22
2025-12-08 03:47:09,027 DeMo.train INFO: mAP: 43.2%
2025-12-08 03:47:09,028 DeMo.train INFO: CMC curve, Rank-1  :60.2%
2025-12-08 03:47:09,029 DeMo.train INFO: CMC curve, Rank-5  :79.4%
2025-12-08 03:47:09,029 DeMo.train INFO: CMC curve, Rank-10 :84.9%
2025-12-08 03:47:09,029 DeMo.train INFO: ~~~~~~~~~~~~~~~~~~~~~~~~~~~~~~~~~~~~~~~~~~~~~~~~~~
2025-12-08 03:47:09,080 DeMo.train INFO: ~~~~~~~~~~~~~~~~~~~~~~~~~~~~~~~~~~~~~~~~~~~~~~~~~~
2025-12-08 03:47:09,080 DeMo.train INFO: Best mAP: 44.1%
2025-12-08 03:47:09,081 DeMo.train INFO: Best Rank-1: 61.6%
2025-12-08 03:47:09,082 DeMo.train INFO: Best Rank-5: 78.7%
2025-12-08 03:47:09,082 DeMo.train INFO: Best Rank-10: 84.8%
2025-12-08 03:47:09,083 DeMo.train INFO: ~~~~~~~~~~~~~~~~~~~~~~~~~~~~~~~~~~~~~~~~~~~~~~~~~~
2025-12-08 03:47:20,259 DeMo.train INFO: Epoch[23] Iteration[10/16] Loss: 0.608, Acc: 1.000, Base Lr: 1.97e-04
2025-12-08 03:47:21,392 DeMo.train INFO: Epoch 23 done. Time per batch: 0.879[s] Speed: 72.8[samples/s]
2025-12-08 03:47:21,394 DeMo.train INFO: ~~~~~~~~~~~~~~~~~~~~~~~~~~~~~~~~~~~~~~~~~~~~~~~~~~
2025-12-08 03:47:21,394 DeMo.train INFO: Current is the [moe,ori] feature testing!
2025-12-08 03:47:21,394 DeMo.train INFO: ~~~~~~~~~~~~~~~~~~~~~~~~~~~~~~~~~~~~~~~~~~~~~~~~~~
The test feature is normalized
2025-12-08 03:47:28,242 DeMo.train INFO: Validation Results - Epoch: 23
2025-12-08 03:47:28,242 DeMo.train INFO: mAP: 43.5%
2025-12-08 03:47:28,242 DeMo.train INFO: CMC curve, Rank-1  :60.9%
2025-12-08 03:47:28,242 DeMo.train INFO: CMC curve, Rank-5  :78.3%
2025-12-08 03:47:28,242 DeMo.train INFO: CMC curve, Rank-10 :85.1%
2025-12-08 03:47:28,242 DeMo.train INFO: ~~~~~~~~~~~~~~~~~~~~~~~~~~~~~~~~~~~~~~~~~~~~~~~~~~
2025-12-08 03:47:29,773 DeMo.train INFO: ~~~~~~~~~~~~~~~~~~~~~~~~~~~~~~~~~~~~~~~~~~~~~~~~~~
2025-12-08 03:47:29,774 DeMo.train INFO: Best mAP: 44.1%
2025-12-08 03:47:29,774 DeMo.train INFO: Best Rank-1: 61.6%
2025-12-08 03:47:29,774 DeMo.train INFO: Best Rank-5: 78.7%
2025-12-08 03:47:29,774 DeMo.train INFO: Best Rank-10: 84.8%
2025-12-08 03:47:29,774 DeMo.train INFO: ~~~~~~~~~~~~~~~~~~~~~~~~~~~~~~~~~~~~~~~~~~~~~~~~~~
2025-12-08 03:47:34,405 DeMo.train INFO: Epoch[24] Iteration[10/16] Loss: 0.617, Acc: 1.000, Base Lr: 1.86e-04
2025-12-08 03:47:35,538 DeMo.train INFO: Epoch 24 done. Time per batch: 0.412[s] Speed: 155.5[samples/s]
2025-12-08 03:47:35,539 DeMo.train INFO: ~~~~~~~~~~~~~~~~~~~~~~~~~~~~~~~~~~~~~~~~~~~~~~~~~~
2025-12-08 03:47:35,539 DeMo.train INFO: Current is the [moe,ori] feature testing!
2025-12-08 03:47:35,539 DeMo.train INFO: ~~~~~~~~~~~~~~~~~~~~~~~~~~~~~~~~~~~~~~~~~~~~~~~~~~
The test feature is normalized
2025-12-08 03:47:42,639 DeMo.train INFO: Validation Results - Epoch: 24
2025-12-08 03:47:42,639 DeMo.train INFO: mAP: 44.4%
2025-12-08 03:47:42,639 DeMo.train INFO: CMC curve, Rank-1  :60.9%
2025-12-08 03:47:42,639 DeMo.train INFO: CMC curve, Rank-5  :79.2%
2025-12-08 03:47:42,639 DeMo.train INFO: CMC curve, Rank-10 :85.3%
2025-12-08 03:47:42,639 DeMo.train INFO: ~~~~~~~~~~~~~~~~~~~~~~~~~~~~~~~~~~~~~~~~~~~~~~~~~~
2025-12-08 03:48:00,779 DeMo.train INFO: ~~~~~~~~~~~~~~~~~~~~~~~~~~~~~~~~~~~~~~~~~~~~~~~~~~
2025-12-08 03:48:00,780 DeMo.train INFO: Best mAP: 44.4%
2025-12-08 03:48:00,780 DeMo.train INFO: Best Rank-1: 60.9%
2025-12-08 03:48:00,780 DeMo.train INFO: Best Rank-5: 79.2%
2025-12-08 03:48:00,780 DeMo.train INFO: Best Rank-10: 85.3%
2025-12-08 03:48:00,780 DeMo.train INFO: ~~~~~~~~~~~~~~~~~~~~~~~~~~~~~~~~~~~~~~~~~~~~~~~~~~
2025-12-08 03:48:06,922 DeMo.train INFO: Epoch[25] Iteration[10/16] Loss: 0.556, Acc: 1.000, Base Lr: 1.75e-04
2025-12-08 03:48:08,025 DeMo.train INFO: Epoch 25 done. Time per batch: 0.518[s] Speed: 123.7[samples/s]
2025-12-08 03:48:08,027 DeMo.train INFO: ~~~~~~~~~~~~~~~~~~~~~~~~~~~~~~~~~~~~~~~~~~~~~~~~~~
2025-12-08 03:48:08,027 DeMo.train INFO: Current is the [moe,ori] feature testing!
2025-12-08 03:48:08,028 DeMo.train INFO: ~~~~~~~~~~~~~~~~~~~~~~~~~~~~~~~~~~~~~~~~~~~~~~~~~~
The test feature is normalized
2025-12-08 03:48:23,718 DeMo.train INFO: Validation Results - Epoch: 25
2025-12-08 03:48:23,718 DeMo.train INFO: mAP: 42.9%
2025-12-08 03:48:23,718 DeMo.train INFO: CMC curve, Rank-1  :60.1%
2025-12-08 03:48:23,718 DeMo.train INFO: CMC curve, Rank-5  :79.0%
2025-12-08 03:48:23,718 DeMo.train INFO: CMC curve, Rank-10 :84.6%
2025-12-08 03:48:23,718 DeMo.train INFO: ~~~~~~~~~~~~~~~~~~~~~~~~~~~~~~~~~~~~~~~~~~~~~~~~~~
2025-12-08 03:48:23,770 DeMo.train INFO: ~~~~~~~~~~~~~~~~~~~~~~~~~~~~~~~~~~~~~~~~~~~~~~~~~~
2025-12-08 03:48:23,771 DeMo.train INFO: Best mAP: 44.4%
2025-12-08 03:48:23,771 DeMo.train INFO: Best Rank-1: 60.9%
2025-12-08 03:48:23,771 DeMo.train INFO: Best Rank-5: 79.2%
2025-12-08 03:48:23,771 DeMo.train INFO: Best Rank-10: 85.3%
2025-12-08 03:48:23,771 DeMo.train INFO: ~~~~~~~~~~~~~~~~~~~~~~~~~~~~~~~~~~~~~~~~~~~~~~~~~~
2025-12-08 03:48:28,170 DeMo.train INFO: Epoch[26] Iteration[10/16] Loss: 0.557, Acc: 1.000, Base Lr: 1.64e-04
2025-12-08 03:48:29,292 DeMo.train INFO: Epoch 26 done. Time per batch: 0.394[s] Speed: 162.3[samples/s]
2025-12-08 03:48:29,293 DeMo.train INFO: ~~~~~~~~~~~~~~~~~~~~~~~~~~~~~~~~~~~~~~~~~~~~~~~~~~
2025-12-08 03:48:29,293 DeMo.train INFO: Current is the [moe,ori] feature testing!
2025-12-08 03:48:29,293 DeMo.train INFO: ~~~~~~~~~~~~~~~~~~~~~~~~~~~~~~~~~~~~~~~~~~~~~~~~~~
The test feature is normalized
2025-12-08 03:48:36,451 DeMo.train INFO: Validation Results - Epoch: 26
2025-12-08 03:48:36,451 DeMo.train INFO: mAP: 42.5%
2025-12-08 03:48:36,451 DeMo.train INFO: CMC curve, Rank-1  :60.1%
2025-12-08 03:48:36,451 DeMo.train INFO: CMC curve, Rank-5  :78.8%
2025-12-08 03:48:36,452 DeMo.train INFO: CMC curve, Rank-10 :84.3%
2025-12-08 03:48:36,452 DeMo.train INFO: ~~~~~~~~~~~~~~~~~~~~~~~~~~~~~~~~~~~~~~~~~~~~~~~~~~
2025-12-08 03:48:37,601 DeMo.train INFO: ~~~~~~~~~~~~~~~~~~~~~~~~~~~~~~~~~~~~~~~~~~~~~~~~~~
2025-12-08 03:48:37,601 DeMo.train INFO: Best mAP: 44.4%
2025-12-08 03:48:37,602 DeMo.train INFO: Best Rank-1: 60.9%
2025-12-08 03:48:37,602 DeMo.train INFO: Best Rank-5: 79.2%
2025-12-08 03:48:37,602 DeMo.train INFO: Best Rank-10: 85.3%
2025-12-08 03:48:37,602 DeMo.train INFO: ~~~~~~~~~~~~~~~~~~~~~~~~~~~~~~~~~~~~~~~~~~~~~~~~~~
2025-12-08 03:48:42,330 DeMo.train INFO: Epoch[27] Iteration[10/16] Loss: 0.535, Acc: 1.000, Base Lr: 1.53e-04
2025-12-08 03:48:43,446 DeMo.train INFO: Epoch 27 done. Time per batch: 0.417[s] Speed: 153.3[samples/s]
2025-12-08 03:48:43,447 DeMo.train INFO: ~~~~~~~~~~~~~~~~~~~~~~~~~~~~~~~~~~~~~~~~~~~~~~~~~~
2025-12-08 03:48:43,447 DeMo.train INFO: Current is the [moe,ori] feature testing!
2025-12-08 03:48:43,447 DeMo.train INFO: ~~~~~~~~~~~~~~~~~~~~~~~~~~~~~~~~~~~~~~~~~~~~~~~~~~
The test feature is normalized
2025-12-08 03:49:05,489 DeMo.train INFO: Validation Results - Epoch: 27
2025-12-08 03:49:05,490 DeMo.train INFO: mAP: 42.8%
2025-12-08 03:49:05,490 DeMo.train INFO: CMC curve, Rank-1  :59.9%
2025-12-08 03:49:05,490 DeMo.train INFO: CMC curve, Rank-5  :78.7%
2025-12-08 03:49:05,490 DeMo.train INFO: CMC curve, Rank-10 :84.1%
2025-12-08 03:49:05,490 DeMo.train INFO: ~~~~~~~~~~~~~~~~~~~~~~~~~~~~~~~~~~~~~~~~~~~~~~~~~~
2025-12-08 03:49:05,681 DeMo.train INFO: ~~~~~~~~~~~~~~~~~~~~~~~~~~~~~~~~~~~~~~~~~~~~~~~~~~
2025-12-08 03:49:05,681 DeMo.train INFO: Best mAP: 44.4%
2025-12-08 03:49:05,681 DeMo.train INFO: Best Rank-1: 60.9%
2025-12-08 03:49:05,681 DeMo.train INFO: Best Rank-5: 79.2%
2025-12-08 03:49:05,682 DeMo.train INFO: Best Rank-10: 85.3%
2025-12-08 03:49:05,682 DeMo.train INFO: ~~~~~~~~~~~~~~~~~~~~~~~~~~~~~~~~~~~~~~~~~~~~~~~~~~
2025-12-08 03:49:10,402 DeMo.train INFO: Epoch[28] Iteration[10/16] Loss: 0.528, Acc: 1.000, Base Lr: 1.42e-04
2025-12-08 03:49:11,810 DeMo.train INFO: Epoch 28 done. Time per batch: 0.409[s] Speed: 156.7[samples/s]
2025-12-08 03:49:11,811 DeMo.train INFO: ~~~~~~~~~~~~~~~~~~~~~~~~~~~~~~~~~~~~~~~~~~~~~~~~~~
2025-12-08 03:49:11,812 DeMo.train INFO: Current is the [moe,ori] feature testing!
2025-12-08 03:49:11,812 DeMo.train INFO: ~~~~~~~~~~~~~~~~~~~~~~~~~~~~~~~~~~~~~~~~~~~~~~~~~~
The test feature is normalized
2025-12-08 03:49:18,991 DeMo.train INFO: Validation Results - Epoch: 28
2025-12-08 03:49:18,992 DeMo.train INFO: mAP: 43.2%
2025-12-08 03:49:18,992 DeMo.train INFO: CMC curve, Rank-1  :59.1%
2025-12-08 03:49:18,992 DeMo.train INFO: CMC curve, Rank-5  :80.4%
2025-12-08 03:49:18,993 DeMo.train INFO: CMC curve, Rank-10 :84.8%
2025-12-08 03:49:18,993 DeMo.train INFO: ~~~~~~~~~~~~~~~~~~~~~~~~~~~~~~~~~~~~~~~~~~~~~~~~~~
2025-12-08 03:49:19,827 DeMo.train INFO: ~~~~~~~~~~~~~~~~~~~~~~~~~~~~~~~~~~~~~~~~~~~~~~~~~~
2025-12-08 03:49:19,828 DeMo.train INFO: Best mAP: 44.4%
2025-12-08 03:49:19,828 DeMo.train INFO: Best Rank-1: 60.9%
2025-12-08 03:49:19,828 DeMo.train INFO: Best Rank-5: 79.2%
2025-12-08 03:49:19,828 DeMo.train INFO: Best Rank-10: 85.3%
2025-12-08 03:49:19,829 DeMo.train INFO: ~~~~~~~~~~~~~~~~~~~~~~~~~~~~~~~~~~~~~~~~~~~~~~~~~~
2025-12-08 03:49:24,390 DeMo.train INFO: Epoch[29] Iteration[10/16] Loss: 0.531, Acc: 1.000, Base Lr: 1.32e-04
2025-12-08 03:49:25,517 DeMo.train INFO: Epoch 29 done. Time per batch: 0.406[s] Speed: 157.5[samples/s]
2025-12-08 03:49:25,519 DeMo.train INFO: ~~~~~~~~~~~~~~~~~~~~~~~~~~~~~~~~~~~~~~~~~~~~~~~~~~
2025-12-08 03:49:25,519 DeMo.train INFO: Current is the [moe,ori] feature testing!
2025-12-08 03:49:25,519 DeMo.train INFO: ~~~~~~~~~~~~~~~~~~~~~~~~~~~~~~~~~~~~~~~~~~~~~~~~~~
The test feature is normalized
2025-12-08 03:49:32,581 DeMo.train INFO: Validation Results - Epoch: 29
2025-12-08 03:49:32,582 DeMo.train INFO: mAP: 43.1%
2025-12-08 03:49:32,582 DeMo.train INFO: CMC curve, Rank-1  :59.9%
2025-12-08 03:49:32,583 DeMo.train INFO: CMC curve, Rank-5  :79.9%
2025-12-08 03:49:32,584 DeMo.train INFO: CMC curve, Rank-10 :85.8%
2025-12-08 03:49:32,584 DeMo.train INFO: ~~~~~~~~~~~~~~~~~~~~~~~~~~~~~~~~~~~~~~~~~~~~~~~~~~
2025-12-08 03:49:33,862 DeMo.train INFO: ~~~~~~~~~~~~~~~~~~~~~~~~~~~~~~~~~~~~~~~~~~~~~~~~~~
2025-12-08 03:49:33,863 DeMo.train INFO: Best mAP: 44.4%
2025-12-08 03:49:33,864 DeMo.train INFO: Best Rank-1: 60.9%
2025-12-08 03:49:33,865 DeMo.train INFO: Best Rank-5: 79.2%
2025-12-08 03:49:33,866 DeMo.train INFO: Best Rank-10: 85.3%
2025-12-08 03:49:33,867 DeMo.train INFO: ~~~~~~~~~~~~~~~~~~~~~~~~~~~~~~~~~~~~~~~~~~~~~~~~~~
2025-12-08 03:49:41,543 DeMo.train INFO: Epoch[30] Iteration[10/16] Loss: 0.559, Acc: 1.000, Base Lr: 1.21e-04
2025-12-08 03:49:45,015 DeMo.train INFO: Epoch 30 done. Time per batch: 0.743[s] Speed: 86.1[samples/s]
2025-12-08 03:49:45,017 DeMo.train INFO: ~~~~~~~~~~~~~~~~~~~~~~~~~~~~~~~~~~~~~~~~~~~~~~~~~~
2025-12-08 03:49:45,017 DeMo.train INFO: Current is the [moe,ori] feature testing!
2025-12-08 03:49:45,017 DeMo.train INFO: ~~~~~~~~~~~~~~~~~~~~~~~~~~~~~~~~~~~~~~~~~~~~~~~~~~
The test feature is normalized
2025-12-08 03:49:53,964 DeMo.train INFO: Validation Results - Epoch: 30
2025-12-08 03:49:53,964 DeMo.train INFO: mAP: 43.1%
2025-12-08 03:49:53,964 DeMo.train INFO: CMC curve, Rank-1  :60.1%
2025-12-08 03:49:53,964 DeMo.train INFO: CMC curve, Rank-5  :79.5%
2025-12-08 03:49:53,964 DeMo.train INFO: CMC curve, Rank-10 :85.4%
2025-12-08 03:49:53,965 DeMo.train INFO: ~~~~~~~~~~~~~~~~~~~~~~~~~~~~~~~~~~~~~~~~~~~~~~~~~~
2025-12-08 03:49:55,241 DeMo.train INFO: ~~~~~~~~~~~~~~~~~~~~~~~~~~~~~~~~~~~~~~~~~~~~~~~~~~
2025-12-08 03:49:55,241 DeMo.train INFO: Best mAP: 44.4%
2025-12-08 03:49:55,241 DeMo.train INFO: Best Rank-1: 60.9%
2025-12-08 03:49:55,242 DeMo.train INFO: Best Rank-5: 79.2%
2025-12-08 03:49:55,242 DeMo.train INFO: Best Rank-10: 85.3%
2025-12-08 03:49:55,242 DeMo.train INFO: ~~~~~~~~~~~~~~~~~~~~~~~~~~~~~~~~~~~~~~~~~~~~~~~~~~
2025-12-08 03:49:59,927 DeMo.train INFO: Epoch[31] Iteration[10/16] Loss: 0.543, Acc: 1.000, Base Lr: 1.11e-04
2025-12-08 03:50:01,054 DeMo.train INFO: Epoch 31 done. Time per batch: 0.415[s] Speed: 154.2[samples/s]
2025-12-08 03:50:01,055 DeMo.train INFO: ~~~~~~~~~~~~~~~~~~~~~~~~~~~~~~~~~~~~~~~~~~~~~~~~~~
2025-12-08 03:50:01,056 DeMo.train INFO: Current is the [moe,ori] feature testing!
2025-12-08 03:50:01,056 DeMo.train INFO: ~~~~~~~~~~~~~~~~~~~~~~~~~~~~~~~~~~~~~~~~~~~~~~~~~~
The test feature is normalized
2025-12-08 03:50:08,342 DeMo.train INFO: Validation Results - Epoch: 31
2025-12-08 03:50:08,342 DeMo.train INFO: mAP: 43.1%
2025-12-08 03:50:08,342 DeMo.train INFO: CMC curve, Rank-1  :58.9%
2025-12-08 03:50:08,342 DeMo.train INFO: CMC curve, Rank-5  :80.2%
2025-12-08 03:50:08,342 DeMo.train INFO: CMC curve, Rank-10 :85.3%
2025-12-08 03:50:08,342 DeMo.train INFO: ~~~~~~~~~~~~~~~~~~~~~~~~~~~~~~~~~~~~~~~~~~~~~~~~~~
2025-12-08 03:50:09,512 DeMo.train INFO: ~~~~~~~~~~~~~~~~~~~~~~~~~~~~~~~~~~~~~~~~~~~~~~~~~~
2025-12-08 03:50:09,513 DeMo.train INFO: Best mAP: 44.4%
2025-12-08 03:50:09,513 DeMo.train INFO: Best Rank-1: 60.9%
2025-12-08 03:50:09,513 DeMo.train INFO: Best Rank-5: 79.2%
2025-12-08 03:50:09,513 DeMo.train INFO: Best Rank-10: 85.3%
2025-12-08 03:50:09,513 DeMo.train INFO: ~~~~~~~~~~~~~~~~~~~~~~~~~~~~~~~~~~~~~~~~~~~~~~~~~~
2025-12-08 03:50:14,283 DeMo.train INFO: Epoch[32] Iteration[10/16] Loss: 0.507, Acc: 1.000, Base Lr: 1.01e-04
2025-12-08 03:50:15,422 DeMo.train INFO: Epoch 32 done. Time per batch: 0.422[s] Speed: 151.6[samples/s]
2025-12-08 03:50:15,423 DeMo.train INFO: ~~~~~~~~~~~~~~~~~~~~~~~~~~~~~~~~~~~~~~~~~~~~~~~~~~
2025-12-08 03:50:15,423 DeMo.train INFO: Current is the [moe,ori] feature testing!
2025-12-08 03:50:15,423 DeMo.train INFO: ~~~~~~~~~~~~~~~~~~~~~~~~~~~~~~~~~~~~~~~~~~~~~~~~~~
The test feature is normalized
2025-12-08 03:50:22,744 DeMo.train INFO: Validation Results - Epoch: 32
2025-12-08 03:50:22,745 DeMo.train INFO: mAP: 42.7%
2025-12-08 03:50:22,745 DeMo.train INFO: CMC curve, Rank-1  :57.5%
2025-12-08 03:50:22,745 DeMo.train INFO: CMC curve, Rank-5  :80.2%
2025-12-08 03:50:22,745 DeMo.train INFO: CMC curve, Rank-10 :85.1%
2025-12-08 03:50:22,745 DeMo.train INFO: ~~~~~~~~~~~~~~~~~~~~~~~~~~~~~~~~~~~~~~~~~~~~~~~~~~
2025-12-08 03:50:23,840 DeMo.train INFO: ~~~~~~~~~~~~~~~~~~~~~~~~~~~~~~~~~~~~~~~~~~~~~~~~~~
2025-12-08 03:50:23,840 DeMo.train INFO: Best mAP: 44.4%
2025-12-08 03:50:23,840 DeMo.train INFO: Best Rank-1: 60.9%
2025-12-08 03:50:23,841 DeMo.train INFO: Best Rank-5: 79.2%
2025-12-08 03:50:23,841 DeMo.train INFO: Best Rank-10: 85.3%
2025-12-08 03:50:23,841 DeMo.train INFO: ~~~~~~~~~~~~~~~~~~~~~~~~~~~~~~~~~~~~~~~~~~~~~~~~~~
2025-12-08 03:50:28,686 DeMo.train INFO: Epoch[33] Iteration[10/16] Loss: 0.517, Acc: 1.000, Base Lr: 9.10e-05
2025-12-08 03:50:29,838 DeMo.train INFO: Epoch 33 done. Time per batch: 0.428[s] Speed: 149.4[samples/s]
2025-12-08 03:50:29,840 DeMo.train INFO: ~~~~~~~~~~~~~~~~~~~~~~~~~~~~~~~~~~~~~~~~~~~~~~~~~~
2025-12-08 03:50:29,840 DeMo.train INFO: Current is the [moe,ori] feature testing!
2025-12-08 03:50:29,840 DeMo.train INFO: ~~~~~~~~~~~~~~~~~~~~~~~~~~~~~~~~~~~~~~~~~~~~~~~~~~
The test feature is normalized
2025-12-08 03:50:36,985 DeMo.train INFO: Validation Results - Epoch: 33
2025-12-08 03:50:36,986 DeMo.train INFO: mAP: 43.2%
2025-12-08 03:50:36,986 DeMo.train INFO: CMC curve, Rank-1  :58.2%
2025-12-08 03:50:36,986 DeMo.train INFO: CMC curve, Rank-5  :80.4%
2025-12-08 03:50:36,986 DeMo.train INFO: CMC curve, Rank-10 :85.4%
2025-12-08 03:50:36,986 DeMo.train INFO: ~~~~~~~~~~~~~~~~~~~~~~~~~~~~~~~~~~~~~~~~~~~~~~~~~~
2025-12-08 03:50:38,068 DeMo.train INFO: ~~~~~~~~~~~~~~~~~~~~~~~~~~~~~~~~~~~~~~~~~~~~~~~~~~
2025-12-08 03:50:38,069 DeMo.train INFO: Best mAP: 44.4%
2025-12-08 03:50:38,069 DeMo.train INFO: Best Rank-1: 60.9%
2025-12-08 03:50:38,069 DeMo.train INFO: Best Rank-5: 79.2%
2025-12-08 03:50:38,069 DeMo.train INFO: Best Rank-10: 85.3%
2025-12-08 03:50:38,069 DeMo.train INFO: ~~~~~~~~~~~~~~~~~~~~~~~~~~~~~~~~~~~~~~~~~~~~~~~~~~
2025-12-08 03:50:42,902 DeMo.train INFO: Epoch[34] Iteration[10/16] Loss: 0.544, Acc: 1.000, Base Lr: 8.15e-05
2025-12-08 03:50:44,040 DeMo.train INFO: Epoch 34 done. Time per batch: 0.426[s] Speed: 150.1[samples/s]
2025-12-08 03:50:44,042 DeMo.train INFO: ~~~~~~~~~~~~~~~~~~~~~~~~~~~~~~~~~~~~~~~~~~~~~~~~~~
2025-12-08 03:50:44,043 DeMo.train INFO: Current is the [moe,ori] feature testing!
2025-12-08 03:50:44,043 DeMo.train INFO: ~~~~~~~~~~~~~~~~~~~~~~~~~~~~~~~~~~~~~~~~~~~~~~~~~~
The test feature is normalized
2025-12-08 03:51:00,820 DeMo.train INFO: Validation Results - Epoch: 34
2025-12-08 03:51:00,820 DeMo.train INFO: mAP: 43.2%
2025-12-08 03:51:00,820 DeMo.train INFO: CMC curve, Rank-1  :58.4%
2025-12-08 03:51:00,820 DeMo.train INFO: CMC curve, Rank-5  :80.0%
2025-12-08 03:51:00,820 DeMo.train INFO: CMC curve, Rank-10 :85.6%
2025-12-08 03:51:00,820 DeMo.train INFO: ~~~~~~~~~~~~~~~~~~~~~~~~~~~~~~~~~~~~~~~~~~~~~~~~~~
2025-12-08 03:51:01,279 DeMo.train INFO: ~~~~~~~~~~~~~~~~~~~~~~~~~~~~~~~~~~~~~~~~~~~~~~~~~~
2025-12-08 03:51:01,280 DeMo.train INFO: Best mAP: 44.4%
2025-12-08 03:51:01,280 DeMo.train INFO: Best Rank-1: 60.9%
2025-12-08 03:51:01,280 DeMo.train INFO: Best Rank-5: 79.2%
2025-12-08 03:51:01,280 DeMo.train INFO: Best Rank-10: 85.3%
2025-12-08 03:51:01,280 DeMo.train INFO: ~~~~~~~~~~~~~~~~~~~~~~~~~~~~~~~~~~~~~~~~~~~~~~~~~~
2025-12-08 03:51:06,066 DeMo.train INFO: Epoch[35] Iteration[10/16] Loss: 0.510, Acc: 1.000, Base Lr: 7.24e-05
2025-12-08 03:51:07,438 DeMo.train INFO: Epoch 35 done. Time per batch: 0.411[s] Speed: 155.9[samples/s]
2025-12-08 03:51:07,440 DeMo.train INFO: ~~~~~~~~~~~~~~~~~~~~~~~~~~~~~~~~~~~~~~~~~~~~~~~~~~
2025-12-08 03:51:07,440 DeMo.train INFO: Current is the [moe,ori] feature testing!
2025-12-08 03:51:07,440 DeMo.train INFO: ~~~~~~~~~~~~~~~~~~~~~~~~~~~~~~~~~~~~~~~~~~~~~~~~~~
The test feature is normalized
2025-12-08 03:51:27,031 DeMo.train INFO: Validation Results - Epoch: 35
2025-12-08 03:51:27,032 DeMo.train INFO: mAP: 43.5%
2025-12-08 03:51:27,033 DeMo.train INFO: CMC curve, Rank-1  :58.2%
2025-12-08 03:51:27,034 DeMo.train INFO: CMC curve, Rank-5  :79.5%
2025-12-08 03:51:27,035 DeMo.train INFO: CMC curve, Rank-10 :86.0%
2025-12-08 03:51:27,036 DeMo.train INFO: ~~~~~~~~~~~~~~~~~~~~~~~~~~~~~~~~~~~~~~~~~~~~~~~~~~
2025-12-08 03:51:27,486 DeMo.train INFO: ~~~~~~~~~~~~~~~~~~~~~~~~~~~~~~~~~~~~~~~~~~~~~~~~~~
2025-12-08 03:51:27,487 DeMo.train INFO: Best mAP: 44.4%
2025-12-08 03:51:27,487 DeMo.train INFO: Best Rank-1: 60.9%
2025-12-08 03:51:27,489 DeMo.train INFO: Best Rank-5: 79.2%
2025-12-08 03:51:27,489 DeMo.train INFO: Best Rank-10: 85.3%
2025-12-08 03:51:27,490 DeMo.train INFO: ~~~~~~~~~~~~~~~~~~~~~~~~~~~~~~~~~~~~~~~~~~~~~~~~~~
2025-12-08 03:51:34,585 DeMo.train INFO: Epoch[36] Iteration[10/16] Loss: 0.501, Acc: 1.000, Base Lr: 6.37e-05
2025-12-08 03:51:35,693 DeMo.train INFO: Epoch 36 done. Time per batch: 0.586[s] Speed: 109.2[samples/s]
2025-12-08 03:51:35,694 DeMo.train INFO: ~~~~~~~~~~~~~~~~~~~~~~~~~~~~~~~~~~~~~~~~~~~~~~~~~~
2025-12-08 03:51:35,694 DeMo.train INFO: Current is the [moe,ori] feature testing!
2025-12-08 03:51:35,694 DeMo.train INFO: ~~~~~~~~~~~~~~~~~~~~~~~~~~~~~~~~~~~~~~~~~~~~~~~~~~
The test feature is normalized
2025-12-08 03:51:42,703 DeMo.train INFO: Validation Results - Epoch: 36
2025-12-08 03:51:42,703 DeMo.train INFO: mAP: 43.6%
2025-12-08 03:51:42,704 DeMo.train INFO: CMC curve, Rank-1  :57.9%
2025-12-08 03:51:42,704 DeMo.train INFO: CMC curve, Rank-5  :79.5%
2025-12-08 03:51:42,704 DeMo.train INFO: CMC curve, Rank-10 :86.1%
2025-12-08 03:51:42,704 DeMo.train INFO: ~~~~~~~~~~~~~~~~~~~~~~~~~~~~~~~~~~~~~~~~~~~~~~~~~~
2025-12-08 03:51:44,112 DeMo.train INFO: ~~~~~~~~~~~~~~~~~~~~~~~~~~~~~~~~~~~~~~~~~~~~~~~~~~
2025-12-08 03:51:44,112 DeMo.train INFO: Best mAP: 44.4%
2025-12-08 03:51:44,112 DeMo.train INFO: Best Rank-1: 60.9%
2025-12-08 03:51:44,112 DeMo.train INFO: Best Rank-5: 79.2%
2025-12-08 03:51:44,112 DeMo.train INFO: Best Rank-10: 85.3%
2025-12-08 03:51:44,112 DeMo.train INFO: ~~~~~~~~~~~~~~~~~~~~~~~~~~~~~~~~~~~~~~~~~~~~~~~~~~
2025-12-08 03:51:50,815 DeMo.train INFO: Epoch[37] Iteration[10/16] Loss: 0.520, Acc: 1.000, Base Lr: 5.55e-05
2025-12-08 03:51:51,939 DeMo.train INFO: Epoch 37 done. Time per batch: 0.559[s] Speed: 114.5[samples/s]
2025-12-08 03:51:51,941 DeMo.train INFO: ~~~~~~~~~~~~~~~~~~~~~~~~~~~~~~~~~~~~~~~~~~~~~~~~~~
2025-12-08 03:51:51,942 DeMo.train INFO: Current is the [moe,ori] feature testing!
2025-12-08 03:51:51,944 DeMo.train INFO: ~~~~~~~~~~~~~~~~~~~~~~~~~~~~~~~~~~~~~~~~~~~~~~~~~~
The test feature is normalized
2025-12-08 03:52:02,589 DeMo.train INFO: Validation Results - Epoch: 37
2025-12-08 03:52:02,590 DeMo.train INFO: mAP: 43.5%
2025-12-08 03:52:02,590 DeMo.train INFO: CMC curve, Rank-1  :58.4%
2025-12-08 03:52:02,590 DeMo.train INFO: CMC curve, Rank-5  :80.0%
2025-12-08 03:52:02,590 DeMo.train INFO: CMC curve, Rank-10 :86.0%
2025-12-08 03:52:02,590 DeMo.train INFO: ~~~~~~~~~~~~~~~~~~~~~~~~~~~~~~~~~~~~~~~~~~~~~~~~~~
2025-12-08 03:52:02,640 DeMo.train INFO: ~~~~~~~~~~~~~~~~~~~~~~~~~~~~~~~~~~~~~~~~~~~~~~~~~~
2025-12-08 03:52:02,640 DeMo.train INFO: Best mAP: 44.4%
2025-12-08 03:52:02,640 DeMo.train INFO: Best Rank-1: 60.9%
2025-12-08 03:52:02,640 DeMo.train INFO: Best Rank-5: 79.2%
2025-12-08 03:52:02,640 DeMo.train INFO: Best Rank-10: 85.3%
2025-12-08 03:52:02,641 DeMo.train INFO: ~~~~~~~~~~~~~~~~~~~~~~~~~~~~~~~~~~~~~~~~~~~~~~~~~~
2025-12-08 03:52:07,412 DeMo.train INFO: Epoch[38] Iteration[10/16] Loss: 0.508, Acc: 1.000, Base Lr: 4.77e-05
2025-12-08 03:52:08,799 DeMo.train INFO: Epoch 38 done. Time per batch: 0.411[s] Speed: 155.9[samples/s]
2025-12-08 03:52:08,800 DeMo.train INFO: ~~~~~~~~~~~~~~~~~~~~~~~~~~~~~~~~~~~~~~~~~~~~~~~~~~
2025-12-08 03:52:08,800 DeMo.train INFO: Current is the [moe,ori] feature testing!
2025-12-08 03:52:08,800 DeMo.train INFO: ~~~~~~~~~~~~~~~~~~~~~~~~~~~~~~~~~~~~~~~~~~~~~~~~~~
The test feature is normalized
2025-12-08 03:52:15,984 DeMo.train INFO: Validation Results - Epoch: 38
2025-12-08 03:52:15,985 DeMo.train INFO: mAP: 43.4%
2025-12-08 03:52:15,985 DeMo.train INFO: CMC curve, Rank-1  :58.2%
2025-12-08 03:52:15,985 DeMo.train INFO: CMC curve, Rank-5  :80.0%
2025-12-08 03:52:15,985 DeMo.train INFO: CMC curve, Rank-10 :85.8%
2025-12-08 03:52:15,985 DeMo.train INFO: ~~~~~~~~~~~~~~~~~~~~~~~~~~~~~~~~~~~~~~~~~~~~~~~~~~
2025-12-08 03:52:16,828 DeMo.train INFO: ~~~~~~~~~~~~~~~~~~~~~~~~~~~~~~~~~~~~~~~~~~~~~~~~~~
2025-12-08 03:52:16,829 DeMo.train INFO: Best mAP: 44.4%
2025-12-08 03:52:16,829 DeMo.train INFO: Best Rank-1: 60.9%
2025-12-08 03:52:16,829 DeMo.train INFO: Best Rank-5: 79.2%
2025-12-08 03:52:16,829 DeMo.train INFO: Best Rank-10: 85.3%
2025-12-08 03:52:16,829 DeMo.train INFO: ~~~~~~~~~~~~~~~~~~~~~~~~~~~~~~~~~~~~~~~~~~~~~~~~~~
2025-12-08 03:52:21,440 DeMo.train INFO: Epoch[39] Iteration[10/16] Loss: 0.525, Acc: 1.000, Base Lr: 4.05e-05
2025-12-08 03:52:22,569 DeMo.train INFO: Epoch 39 done. Time per batch: 0.410[s] Speed: 156.1[samples/s]
2025-12-08 03:52:22,570 DeMo.train INFO: ~~~~~~~~~~~~~~~~~~~~~~~~~~~~~~~~~~~~~~~~~~~~~~~~~~
2025-12-08 03:52:22,570 DeMo.train INFO: Current is the [moe,ori] feature testing!
2025-12-08 03:52:22,570 DeMo.train INFO: ~~~~~~~~~~~~~~~~~~~~~~~~~~~~~~~~~~~~~~~~~~~~~~~~~~
The test feature is normalized
2025-12-08 03:52:29,493 DeMo.train INFO: Validation Results - Epoch: 39
2025-12-08 03:52:29,493 DeMo.train INFO: mAP: 43.9%
2025-12-08 03:52:29,493 DeMo.train INFO: CMC curve, Rank-1  :59.2%
2025-12-08 03:52:29,493 DeMo.train INFO: CMC curve, Rank-5  :79.7%
2025-12-08 03:52:29,494 DeMo.train INFO: CMC curve, Rank-10 :86.0%
2025-12-08 03:52:29,494 DeMo.train INFO: ~~~~~~~~~~~~~~~~~~~~~~~~~~~~~~~~~~~~~~~~~~~~~~~~~~
2025-12-08 03:52:29,579 DeMo.train INFO: ~~~~~~~~~~~~~~~~~~~~~~~~~~~~~~~~~~~~~~~~~~~~~~~~~~
2025-12-08 03:52:29,579 DeMo.train INFO: Best mAP: 44.4%
2025-12-08 03:52:29,579 DeMo.train INFO: Best Rank-1: 60.9%
2025-12-08 03:52:29,580 DeMo.train INFO: Best Rank-5: 79.2%
2025-12-08 03:52:29,580 DeMo.train INFO: Best Rank-10: 85.3%
2025-12-08 03:52:29,580 DeMo.train INFO: ~~~~~~~~~~~~~~~~~~~~~~~~~~~~~~~~~~~~~~~~~~~~~~~~~~
2025-12-08 03:52:33,712 DeMo.train INFO: Epoch[40] Iteration[10/16] Loss: 0.504, Acc: 1.000, Base Lr: 3.37e-05
2025-12-08 03:52:34,840 DeMo.train INFO: Epoch 40 done. Time per batch: 0.376[s] Speed: 170.4[samples/s]
2025-12-08 03:52:34,841 DeMo.train INFO: ~~~~~~~~~~~~~~~~~~~~~~~~~~~~~~~~~~~~~~~~~~~~~~~~~~
2025-12-08 03:52:34,841 DeMo.train INFO: Current is the [moe,ori] feature testing!
2025-12-08 03:52:34,841 DeMo.train INFO: ~~~~~~~~~~~~~~~~~~~~~~~~~~~~~~~~~~~~~~~~~~~~~~~~~~
The test feature is normalized
2025-12-08 03:52:41,725 DeMo.train INFO: Validation Results - Epoch: 40
2025-12-08 03:52:41,725 DeMo.train INFO: mAP: 43.9%
2025-12-08 03:52:41,725 DeMo.train INFO: CMC curve, Rank-1  :59.1%
2025-12-08 03:52:41,725 DeMo.train INFO: CMC curve, Rank-5  :80.2%
2025-12-08 03:52:41,725 DeMo.train INFO: CMC curve, Rank-10 :86.1%
2025-12-08 03:52:41,726 DeMo.train INFO: ~~~~~~~~~~~~~~~~~~~~~~~~~~~~~~~~~~~~~~~~~~~~~~~~~~
2025-12-08 03:52:42,990 DeMo.train INFO: ~~~~~~~~~~~~~~~~~~~~~~~~~~~~~~~~~~~~~~~~~~~~~~~~~~
2025-12-08 03:52:42,990 DeMo.train INFO: Best mAP: 44.4%
2025-12-08 03:52:42,990 DeMo.train INFO: Best Rank-1: 60.9%
2025-12-08 03:52:42,990 DeMo.train INFO: Best Rank-5: 79.2%
2025-12-08 03:52:42,991 DeMo.train INFO: Best Rank-10: 85.3%
2025-12-08 03:52:42,991 DeMo.train INFO: ~~~~~~~~~~~~~~~~~~~~~~~~~~~~~~~~~~~~~~~~~~~~~~~~~~
2025-12-08 03:52:47,905 DeMo.train INFO: Epoch[41] Iteration[10/16] Loss: 0.501, Acc: 1.000, Base Lr: 2.76e-05
2025-12-08 03:52:49,039 DeMo.train INFO: Epoch 41 done. Time per batch: 0.432[s] Speed: 148.1[samples/s]
2025-12-08 03:52:49,041 DeMo.train INFO: ~~~~~~~~~~~~~~~~~~~~~~~~~~~~~~~~~~~~~~~~~~~~~~~~~~
2025-12-08 03:52:49,041 DeMo.train INFO: Current is the [moe,ori] feature testing!
2025-12-08 03:52:49,041 DeMo.train INFO: ~~~~~~~~~~~~~~~~~~~~~~~~~~~~~~~~~~~~~~~~~~~~~~~~~~
The test feature is normalized
2025-12-08 03:52:56,011 DeMo.train INFO: Validation Results - Epoch: 41
2025-12-08 03:52:56,011 DeMo.train INFO: mAP: 43.8%
2025-12-08 03:52:56,011 DeMo.train INFO: CMC curve, Rank-1  :58.9%
2025-12-08 03:52:56,011 DeMo.train INFO: CMC curve, Rank-5  :79.7%
2025-12-08 03:52:56,011 DeMo.train INFO: CMC curve, Rank-10 :86.1%
2025-12-08 03:52:56,011 DeMo.train INFO: ~~~~~~~~~~~~~~~~~~~~~~~~~~~~~~~~~~~~~~~~~~~~~~~~~~
2025-12-08 03:52:56,990 DeMo.train INFO: ~~~~~~~~~~~~~~~~~~~~~~~~~~~~~~~~~~~~~~~~~~~~~~~~~~
2025-12-08 03:52:56,990 DeMo.train INFO: Best mAP: 44.4%
2025-12-08 03:52:56,990 DeMo.train INFO: Best Rank-1: 60.9%
2025-12-08 03:52:56,990 DeMo.train INFO: Best Rank-5: 79.2%
2025-12-08 03:52:56,990 DeMo.train INFO: Best Rank-10: 85.3%
2025-12-08 03:52:56,990 DeMo.train INFO: ~~~~~~~~~~~~~~~~~~~~~~~~~~~~~~~~~~~~~~~~~~~~~~~~~~
2025-12-08 03:53:01,615 DeMo.train INFO: Epoch[42] Iteration[10/16] Loss: 0.524, Acc: 1.000, Base Lr: 2.20e-05
2025-12-08 03:53:03,043 DeMo.train INFO: Epoch 42 done. Time per batch: 0.403[s] Speed: 158.6[samples/s]
2025-12-08 03:53:03,044 DeMo.train INFO: ~~~~~~~~~~~~~~~~~~~~~~~~~~~~~~~~~~~~~~~~~~~~~~~~~~
2025-12-08 03:53:03,044 DeMo.train INFO: Current is the [moe,ori] feature testing!
2025-12-08 03:53:03,044 DeMo.train INFO: ~~~~~~~~~~~~~~~~~~~~~~~~~~~~~~~~~~~~~~~~~~~~~~~~~~
The test feature is normalized
2025-12-08 03:53:10,305 DeMo.train INFO: Validation Results - Epoch: 42
2025-12-08 03:53:10,305 DeMo.train INFO: mAP: 43.8%
2025-12-08 03:53:10,305 DeMo.train INFO: CMC curve, Rank-1  :59.2%
2025-12-08 03:53:10,306 DeMo.train INFO: CMC curve, Rank-5  :79.7%
2025-12-08 03:53:10,306 DeMo.train INFO: CMC curve, Rank-10 :85.6%
2025-12-08 03:53:10,306 DeMo.train INFO: ~~~~~~~~~~~~~~~~~~~~~~~~~~~~~~~~~~~~~~~~~~~~~~~~~~
2025-12-08 03:53:11,190 DeMo.train INFO: ~~~~~~~~~~~~~~~~~~~~~~~~~~~~~~~~~~~~~~~~~~~~~~~~~~
2025-12-08 03:53:11,190 DeMo.train INFO: Best mAP: 44.4%
2025-12-08 03:53:11,190 DeMo.train INFO: Best Rank-1: 60.9%
2025-12-08 03:53:11,191 DeMo.train INFO: Best Rank-5: 79.2%
2025-12-08 03:53:11,191 DeMo.train INFO: Best Rank-10: 85.3%
2025-12-08 03:53:11,191 DeMo.train INFO: ~~~~~~~~~~~~~~~~~~~~~~~~~~~~~~~~~~~~~~~~~~~~~~~~~~
2025-12-08 03:53:15,832 DeMo.train INFO: Epoch[43] Iteration[10/16] Loss: 0.501, Acc: 1.000, Base Lr: 1.70e-05
2025-12-08 03:53:17,007 DeMo.train INFO: Epoch 43 done. Time per batch: 0.415[s] Speed: 154.1[samples/s]
2025-12-08 03:53:17,009 DeMo.train INFO: ~~~~~~~~~~~~~~~~~~~~~~~~~~~~~~~~~~~~~~~~~~~~~~~~~~
2025-12-08 03:53:17,009 DeMo.train INFO: Current is the [moe,ori] feature testing!
2025-12-08 03:53:17,009 DeMo.train INFO: ~~~~~~~~~~~~~~~~~~~~~~~~~~~~~~~~~~~~~~~~~~~~~~~~~~
The test feature is normalized
2025-12-08 03:53:24,423 DeMo.train INFO: Validation Results - Epoch: 43
2025-12-08 03:53:24,423 DeMo.train INFO: mAP: 43.8%
2025-12-08 03:53:24,423 DeMo.train INFO: CMC curve, Rank-1  :59.2%
2025-12-08 03:53:24,423 DeMo.train INFO: CMC curve, Rank-5  :79.7%
2025-12-08 03:53:24,423 DeMo.train INFO: CMC curve, Rank-10 :85.6%
2025-12-08 03:53:24,424 DeMo.train INFO: ~~~~~~~~~~~~~~~~~~~~~~~~~~~~~~~~~~~~~~~~~~~~~~~~~~
2025-12-08 03:53:25,084 DeMo.train INFO: ~~~~~~~~~~~~~~~~~~~~~~~~~~~~~~~~~~~~~~~~~~~~~~~~~~
2025-12-08 03:53:25,084 DeMo.train INFO: Best mAP: 44.4%
2025-12-08 03:53:25,085 DeMo.train INFO: Best Rank-1: 60.9%
2025-12-08 03:53:25,085 DeMo.train INFO: Best Rank-5: 79.2%
2025-12-08 03:53:25,085 DeMo.train INFO: Best Rank-10: 85.3%
2025-12-08 03:53:25,085 DeMo.train INFO: ~~~~~~~~~~~~~~~~~~~~~~~~~~~~~~~~~~~~~~~~~~~~~~~~~~
2025-12-08 03:53:29,959 DeMo.train INFO: Epoch[44] Iteration[10/16] Loss: 0.495, Acc: 1.000, Base Lr: 1.26e-05
2025-12-08 03:53:31,098 DeMo.train INFO: Epoch 44 done. Time per batch: 0.429[s] Speed: 149.0[samples/s]
2025-12-08 03:53:31,099 DeMo.train INFO: ~~~~~~~~~~~~~~~~~~~~~~~~~~~~~~~~~~~~~~~~~~~~~~~~~~
2025-12-08 03:53:31,099 DeMo.train INFO: Current is the [moe,ori] feature testing!
2025-12-08 03:53:31,099 DeMo.train INFO: ~~~~~~~~~~~~~~~~~~~~~~~~~~~~~~~~~~~~~~~~~~~~~~~~~~
The test feature is normalized
2025-12-08 03:53:50,212 DeMo.train INFO: Validation Results - Epoch: 44
2025-12-08 03:53:50,212 DeMo.train INFO: mAP: 43.7%
2025-12-08 03:53:50,213 DeMo.train INFO: CMC curve, Rank-1  :58.7%
2025-12-08 03:53:50,213 DeMo.train INFO: CMC curve, Rank-5  :79.7%
2025-12-08 03:53:50,213 DeMo.train INFO: CMC curve, Rank-10 :85.3%
2025-12-08 03:53:50,213 DeMo.train INFO: ~~~~~~~~~~~~~~~~~~~~~~~~~~~~~~~~~~~~~~~~~~~~~~~~~~
2025-12-08 03:53:51,060 DeMo.train INFO: ~~~~~~~~~~~~~~~~~~~~~~~~~~~~~~~~~~~~~~~~~~~~~~~~~~
2025-12-08 03:53:51,060 DeMo.train INFO: Best mAP: 44.4%
2025-12-08 03:53:51,060 DeMo.train INFO: Best Rank-1: 60.9%
2025-12-08 03:53:51,061 DeMo.train INFO: Best Rank-5: 79.2%
2025-12-08 03:53:51,061 DeMo.train INFO: Best Rank-10: 85.3%
2025-12-08 03:53:51,061 DeMo.train INFO: ~~~~~~~~~~~~~~~~~~~~~~~~~~~~~~~~~~~~~~~~~~~~~~~~~~
2025-12-08 03:53:55,565 DeMo.train INFO: Epoch[45] Iteration[10/16] Loss: 0.529, Acc: 1.000, Base Lr: 8.91e-06
2025-12-08 03:53:56,707 DeMo.train INFO: Epoch 45 done. Time per batch: 0.403[s] Speed: 158.7[samples/s]
2025-12-08 03:53:56,709 DeMo.train INFO: ~~~~~~~~~~~~~~~~~~~~~~~~~~~~~~~~~~~~~~~~~~~~~~~~~~
2025-12-08 03:53:56,709 DeMo.train INFO: Current is the [moe,ori] feature testing!
2025-12-08 03:53:56,709 DeMo.train INFO: ~~~~~~~~~~~~~~~~~~~~~~~~~~~~~~~~~~~~~~~~~~~~~~~~~~
The test feature is normalized
2025-12-08 03:54:04,466 DeMo.train INFO: Validation Results - Epoch: 45
2025-12-08 03:54:04,467 DeMo.train INFO: mAP: 43.6%
2025-12-08 03:54:04,467 DeMo.train INFO: CMC curve, Rank-1  :58.7%
2025-12-08 03:54:04,467 DeMo.train INFO: CMC curve, Rank-5  :79.4%
2025-12-08 03:54:04,467 DeMo.train INFO: CMC curve, Rank-10 :85.3%
2025-12-08 03:54:04,467 DeMo.train INFO: ~~~~~~~~~~~~~~~~~~~~~~~~~~~~~~~~~~~~~~~~~~~~~~~~~~
2025-12-08 03:54:04,715 DeMo.train INFO: ~~~~~~~~~~~~~~~~~~~~~~~~~~~~~~~~~~~~~~~~~~~~~~~~~~
2025-12-08 03:54:04,716 DeMo.train INFO: Best mAP: 44.4%
2025-12-08 03:54:04,716 DeMo.train INFO: Best Rank-1: 60.9%
2025-12-08 03:54:04,716 DeMo.train INFO: Best Rank-5: 79.2%
2025-12-08 03:54:04,716 DeMo.train INFO: Best Rank-10: 85.3%
2025-12-08 03:54:04,716 DeMo.train INFO: ~~~~~~~~~~~~~~~~~~~~~~~~~~~~~~~~~~~~~~~~~~~~~~~~~~
2025-12-08 03:54:09,647 DeMo.train INFO: Epoch[46] Iteration[10/16] Loss: 0.505, Acc: 1.000, Base Lr: 5.84e-06
2025-12-08 03:54:10,779 DeMo.train INFO: Epoch 46 done. Time per batch: 0.433[s] Speed: 147.8[samples/s]
2025-12-08 03:54:10,780 DeMo.train INFO: ~~~~~~~~~~~~~~~~~~~~~~~~~~~~~~~~~~~~~~~~~~~~~~~~~~
2025-12-08 03:54:10,780 DeMo.train INFO: Current is the [moe,ori] feature testing!
2025-12-08 03:54:10,780 DeMo.train INFO: ~~~~~~~~~~~~~~~~~~~~~~~~~~~~~~~~~~~~~~~~~~~~~~~~~~
The test feature is normalized
2025-12-08 03:54:17,909 DeMo.train INFO: Validation Results - Epoch: 46
2025-12-08 03:54:17,909 DeMo.train INFO: mAP: 43.6%
2025-12-08 03:54:17,909 DeMo.train INFO: CMC curve, Rank-1  :58.2%
2025-12-08 03:54:17,910 DeMo.train INFO: CMC curve, Rank-5  :80.0%
2025-12-08 03:54:17,910 DeMo.train INFO: CMC curve, Rank-10 :85.3%
2025-12-08 03:54:17,910 DeMo.train INFO: ~~~~~~~~~~~~~~~~~~~~~~~~~~~~~~~~~~~~~~~~~~~~~~~~~~
2025-12-08 03:54:18,876 DeMo.train INFO: ~~~~~~~~~~~~~~~~~~~~~~~~~~~~~~~~~~~~~~~~~~~~~~~~~~
2025-12-08 03:54:18,877 DeMo.train INFO: Best mAP: 44.4%
2025-12-08 03:54:18,877 DeMo.train INFO: Best Rank-1: 60.9%
2025-12-08 03:54:18,877 DeMo.train INFO: Best Rank-5: 79.2%
2025-12-08 03:54:18,877 DeMo.train INFO: Best Rank-10: 85.3%
2025-12-08 03:54:18,877 DeMo.train INFO: ~~~~~~~~~~~~~~~~~~~~~~~~~~~~~~~~~~~~~~~~~~~~~~~~~~
2025-12-08 03:54:23,737 DeMo.train INFO: Epoch[47] Iteration[10/16] Loss: 0.501, Acc: 1.000, Base Lr: 3.45e-06
2025-12-08 03:54:24,873 DeMo.train INFO: Epoch 47 done. Time per batch: 0.428[s] Speed: 149.4[samples/s]
2025-12-08 03:54:24,874 DeMo.train INFO: ~~~~~~~~~~~~~~~~~~~~~~~~~~~~~~~~~~~~~~~~~~~~~~~~~~
2025-12-08 03:54:24,874 DeMo.train INFO: Current is the [moe,ori] feature testing!
2025-12-08 03:54:24,874 DeMo.train INFO: ~~~~~~~~~~~~~~~~~~~~~~~~~~~~~~~~~~~~~~~~~~~~~~~~~~
The test feature is normalized
2025-12-08 03:54:32,091 DeMo.train INFO: Validation Results - Epoch: 47
2025-12-08 03:54:32,091 DeMo.train INFO: mAP: 43.6%
2025-12-08 03:54:32,092 DeMo.train INFO: CMC curve, Rank-1  :58.7%
2025-12-08 03:54:32,092 DeMo.train INFO: CMC curve, Rank-5  :79.9%
2025-12-08 03:54:32,092 DeMo.train INFO: CMC curve, Rank-10 :85.3%
2025-12-08 03:54:32,092 DeMo.train INFO: ~~~~~~~~~~~~~~~~~~~~~~~~~~~~~~~~~~~~~~~~~~~~~~~~~~
2025-12-08 03:54:33,193 DeMo.train INFO: ~~~~~~~~~~~~~~~~~~~~~~~~~~~~~~~~~~~~~~~~~~~~~~~~~~
2025-12-08 03:54:33,193 DeMo.train INFO: Best mAP: 44.4%
2025-12-08 03:54:33,193 DeMo.train INFO: Best Rank-1: 60.9%
2025-12-08 03:54:33,194 DeMo.train INFO: Best Rank-5: 79.2%
2025-12-08 03:54:33,194 DeMo.train INFO: Best Rank-10: 85.3%
2025-12-08 03:54:33,194 DeMo.train INFO: ~~~~~~~~~~~~~~~~~~~~~~~~~~~~~~~~~~~~~~~~~~~~~~~~~~
2025-12-08 03:54:37,767 DeMo.train INFO: Epoch[48] Iteration[10/16] Loss: 0.498, Acc: 1.000, Base Lr: 1.73e-06
2025-12-08 03:54:38,890 DeMo.train INFO: Epoch 48 done. Time per batch: 0.407[s] Speed: 157.3[samples/s]
2025-12-08 03:54:38,891 DeMo.train INFO: ~~~~~~~~~~~~~~~~~~~~~~~~~~~~~~~~~~~~~~~~~~~~~~~~~~
2025-12-08 03:54:38,891 DeMo.train INFO: Current is the [moe,ori] feature testing!
2025-12-08 03:54:38,891 DeMo.train INFO: ~~~~~~~~~~~~~~~~~~~~~~~~~~~~~~~~~~~~~~~~~~~~~~~~~~
The test feature is normalized
2025-12-08 03:54:45,839 DeMo.train INFO: Validation Results - Epoch: 48
2025-12-08 03:54:45,839 DeMo.train INFO: mAP: 43.5%
2025-12-08 03:54:45,839 DeMo.train INFO: CMC curve, Rank-1  :58.4%
2025-12-08 03:54:45,839 DeMo.train INFO: CMC curve, Rank-5  :79.7%
2025-12-08 03:54:45,839 DeMo.train INFO: CMC curve, Rank-10 :85.1%
2025-12-08 03:54:45,839 DeMo.train INFO: ~~~~~~~~~~~~~~~~~~~~~~~~~~~~~~~~~~~~~~~~~~~~~~~~~~
2025-12-08 03:54:47,328 DeMo.train INFO: ~~~~~~~~~~~~~~~~~~~~~~~~~~~~~~~~~~~~~~~~~~~~~~~~~~
2025-12-08 03:54:47,329 DeMo.train INFO: Best mAP: 44.4%
2025-12-08 03:54:47,329 DeMo.train INFO: Best Rank-1: 60.9%
2025-12-08 03:54:47,329 DeMo.train INFO: Best Rank-5: 79.2%
2025-12-08 03:54:47,329 DeMo.train INFO: Best Rank-10: 85.3%
2025-12-08 03:54:47,329 DeMo.train INFO: ~~~~~~~~~~~~~~~~~~~~~~~~~~~~~~~~~~~~~~~~~~~~~~~~~~
2025-12-08 03:54:52,050 DeMo.train INFO: Epoch[49] Iteration[10/16] Loss: 0.495, Acc: 1.000, Base Lr: 6.95e-07
2025-12-08 03:54:53,173 DeMo.train INFO: Epoch 49 done. Time per batch: 0.417[s] Speed: 153.3[samples/s]
2025-12-08 03:54:53,174 DeMo.train INFO: ~~~~~~~~~~~~~~~~~~~~~~~~~~~~~~~~~~~~~~~~~~~~~~~~~~
2025-12-08 03:54:53,174 DeMo.train INFO: Current is the [moe,ori] feature testing!
2025-12-08 03:54:53,174 DeMo.train INFO: ~~~~~~~~~~~~~~~~~~~~~~~~~~~~~~~~~~~~~~~~~~~~~~~~~~
The test feature is normalized
2025-12-08 03:55:00,152 DeMo.train INFO: Validation Results - Epoch: 49
2025-12-08 03:55:00,152 DeMo.train INFO: mAP: 43.5%
2025-12-08 03:55:00,152 DeMo.train INFO: CMC curve, Rank-1  :58.2%
2025-12-08 03:55:00,152 DeMo.train INFO: CMC curve, Rank-5  :79.7%
2025-12-08 03:55:00,152 DeMo.train INFO: CMC curve, Rank-10 :85.3%
2025-12-08 03:55:00,152 DeMo.train INFO: ~~~~~~~~~~~~~~~~~~~~~~~~~~~~~~~~~~~~~~~~~~~~~~~~~~
2025-12-08 03:55:01,310 DeMo.train INFO: ~~~~~~~~~~~~~~~~~~~~~~~~~~~~~~~~~~~~~~~~~~~~~~~~~~
2025-12-08 03:55:01,310 DeMo.train INFO: Best mAP: 44.4%
2025-12-08 03:55:01,310 DeMo.train INFO: Best Rank-1: 60.9%
2025-12-08 03:55:01,310 DeMo.train INFO: Best Rank-5: 79.2%
2025-12-08 03:55:01,310 DeMo.train INFO: Best Rank-10: 85.3%
2025-12-08 03:55:01,311 DeMo.train INFO: ~~~~~~~~~~~~~~~~~~~~~~~~~~~~~~~~~~~~~~~~~~~~~~~~~~
2025-12-08 03:55:06,162 DeMo.train INFO: Epoch[50] Iteration[10/16] Loss: 0.493, Acc: 1.000, Base Lr: 3.50e-07
2025-12-08 03:55:07,529 DeMo.train INFO: Epoch 50 done. Time per batch: 0.415[s] Speed: 154.4[samples/s]
2025-12-08 03:55:07,530 DeMo.train INFO: ~~~~~~~~~~~~~~~~~~~~~~~~~~~~~~~~~~~~~~~~~~~~~~~~~~
2025-12-08 03:55:07,530 DeMo.train INFO: Current is the [moe,ori] feature testing!
2025-12-08 03:55:07,531 DeMo.train INFO: ~~~~~~~~~~~~~~~~~~~~~~~~~~~~~~~~~~~~~~~~~~~~~~~~~~
The test feature is normalized
2025-12-08 03:55:14,534 DeMo.train INFO: Validation Results - Epoch: 50
2025-12-08 03:55:14,534 DeMo.train INFO: mAP: 43.6%
2025-12-08 03:55:14,534 DeMo.train INFO: CMC curve, Rank-1  :58.2%
2025-12-08 03:55:14,534 DeMo.train INFO: CMC curve, Rank-5  :79.7%
2025-12-08 03:55:14,534 DeMo.train INFO: CMC curve, Rank-10 :85.3%
2025-12-08 03:55:14,534 DeMo.train INFO: ~~~~~~~~~~~~~~~~~~~~~~~~~~~~~~~~~~~~~~~~~~~~~~~~~~
2025-12-08 03:55:15,595 DeMo.train INFO: ~~~~~~~~~~~~~~~~~~~~~~~~~~~~~~~~~~~~~~~~~~~~~~~~~~
2025-12-08 03:55:15,595 DeMo.train INFO: Best mAP: 44.4%
2025-12-08 03:55:15,595 DeMo.train INFO: Best Rank-1: 60.9%
2025-12-08 03:55:15,595 DeMo.train INFO: Best Rank-5: 79.2%
2025-12-08 03:55:15,595 DeMo.train INFO: Best Rank-10: 85.3%
2025-12-08 03:55:15,595 DeMo.train INFO: ~~~~~~~~~~~~~~~~~~~~~~~~~~~~~~~~~~~~~~~~~~~~~~~~~~
